GlobalTracer.FirstPowerUp_Info: Fri Mar 30 18:59:17 PDT 2018[0.520]: ***** Starting autonomous *****
GlobalTracer.FirstPowerUp_Info: WAAMV_Qualification_ 51 (Blue2) [FMSConnected=true]
GlobalTracer.CmdAutoSwitch_Info: [0.547] delay=0.0, fwdDistance=235.0, startPos=MID_POS, fastDelivery=true, getSecondCube=false
GlobalTracer.CmdAutoSwitch_Info: alliance=Blue, gameSpecificMsg=LRL, delay=0.000, fwdDistance=235, startPosition=MID_POS, flipInFlight=false
GlobalTracer.Vision_Info: Pixy is enabled!
GlobalTracer.FrcAuto.startMode_Info: [0.601] startMode done!
GlobalTracer.Robot_Info: [0.601]   DO_DELAY: xPos=  0.00,yPos=  0.00,heading=  -0.5/   0.0,volts=12.8(12.8)
GlobalTracer.startCompetition_Warn: AUTO_MODE.periodic takes too long (0.162s)

GlobalTracer.startCompetition_Warn: AUTO_MODE.updates takes too long (0.031s)

GlobalTracer.startCompetition_Warn: AUTO_MODE takes too long (0.828s)

GlobalTracer.Robot_Info: [0.822] DRIVE_DIAGONAL_TO_SWITCH: xPos=  0.00,yPos=  0.00,heading=   0.0/ -27.5,volts=12.8(12.8)
GlobalTracer.printPidInfo_Info: [0.822] elevatorPidController: Target=  34.8, Input=   0.0, Error=  26.8, PIDTerms= 0.000/ 0.000/ 0.000/ 0.000, Output= 0.000(-1.000/1.000), Volt=12.8(12.8)
GlobalTracer.printPidInfo_Info: encoderXPidCtrl: Target=   0.0, Input=   0.0, Error=   0.0, PIDTerms= 0.000/ 0.000/ 0.000/ 0.000, Output= 0.000(-0.700/0.700), Volt=12.8(12.8)
GlobalTracer.printPidInfo_Info: encoderYPidCtrl: Target= 110.0, Input=   0.0, Error= 110.0, PIDTerms= 2.200/ 0.000/ 0.000/ 0.000, Output= 0.600(-0.600/0.600), Volt=11.4(12.8)
GlobalTracer.printPidInfo_Info: gyroTurnPidCtrl: Target= -27.5, Input=   0.0, Error= -27.5, PIDTerms=-0.550/ 0.000/ 0.000/-0.000, Output=-0.550(-0.700/0.700), Volt=11.4(12.8)
GlobalTracer.startCompetition_Warn: AUTO_MODE.postContinuousTasks takes too long (0.037s)

GlobalTracer.startCompetition_Warn: AUTO_MODE.updates takes too long (0.028s)

GlobalTracer.startCompetition_Warn: AUTO_MODE takes too long (0.112s)

GlobalTracer.printPidInfo_Info: [0.935] elevatorPidController: Target=  34.8, Input=   8.0, Error=  26.8, PIDTerms= 5.350/ 0.002/ 0.000/ 0.000, Output= 1.000(-1.000/1.000), Volt=9.4(9.4)
GlobalTracer.printPidInfo_Info: encoderXPidCtrl: Target=   0.0, Input=  -0.0, Error=   0.0, PIDTerms= 0.007/ 0.000/ 0.004/ 0.000, Output= 0.010(-0.700/0.700), Volt=9.6(9.4)
GlobalTracer.printPidInfo_Info: encoderYPidCtrl: Target= 110.0, Input=   0.6, Error= 109.4, PIDTerms= 2.188/ 0.000/-0.008/ 0.000, Output= 0.600(-0.600/0.600), Volt=9.6(9.4)
GlobalTracer.printPidInfo_Info: gyroTurnPidCtrl: Target= -27.5, Input=  -0.5, Error= -27.0, PIDTerms=-0.539/ 0.000/ 0.008/-0.000, Output=-0.531(-0.700/0.700), Volt=9.9(9.4)
GlobalTracer.startCompetition_Warn: AUTO_MODE.updates takes too long (0.033s)

GlobalTracer.printPidInfo_Info: [1.031] elevatorPidController: Target=  34.8, Input=  10.2, Error=  24.6, PIDTerms= 4.914/ 0.004/-0.000/ 0.000, Output= 1.000(-1.000/1.000), Volt=10.3(9.4)
GlobalTracer.printPidInfo_Info: encoderXPidCtrl: Target=   0.0, Input=  -0.5, Error=   0.5, PIDTerms= 0.121/ 0.000/ 0.090/ 0.000, Output= 0.211(-0.700/0.700), Volt=10.3(9.4)
GlobalTracer.printPidInfo_Info: encoderYPidCtrl: Target= 110.0, Input=   3.0, Error= 107.0, PIDTerms= 2.140/ 0.000/-0.048/ 0.000, Output= 0.600(-0.600/0.600), Volt=10.3(9.4)
GlobalTracer.printPidInfo_Info: gyroTurnPidCtrl: Target= -27.5, Input=  -4.4, Error= -23.1, PIDTerms=-0.462/ 0.000/ 0.089/-0.000, Output=-0.372(-0.700/0.700), Volt=10.1(9.4)
GlobalTracer.startCompetition_Warn: AUTO_MODE.updates takes too long (0.028s)

GlobalTracer.printPidInfo_Info: [1.100] elevatorPidController: Target=  34.8, Input=   9.4, Error=  25.3, PIDTerms= 5.066/ 0.006/ 0.000/ 0.000, Output= 1.000(-1.000/1.000), Volt=10.4(9.4)
GlobalTracer.printPidInfo_Info: encoderXPidCtrl: Target=   0.0, Input=  -0.7, Error=   0.7, PIDTerms= 0.180/ 0.000/ 0.042/ 0.000, Output= 0.222(-0.700/0.700), Volt=10.4(9.4)
GlobalTracer.printPidInfo_Info: encoderYPidCtrl: Target= 110.0, Input=   4.9, Error= 105.1, PIDTerms= 2.102/ 0.000/-0.034/ 0.000, Output= 0.600(-0.600/0.600), Volt=10.6(9.4)
GlobalTracer.printPidInfo_Info: gyroTurnPidCtrl: Target= -27.5, Input=  -9.0, Error= -18.5, PIDTerms=-0.370/ 0.000/ 0.095/-0.000, Output=-0.275(-0.700/0.700), Volt=10.6(9.4)
GlobalTracer.startCompetition_Warn: AUTO_MODE.updates takes too long (0.037s)

GlobalTracer.printPidInfo_Info: [1.182] elevatorPidController: Target=  34.8, Input=  11.7, Error=  23.1, PIDTerms= 4.616/ 0.008/-0.000/ 0.000, Output= 1.000(-1.000/1.000), Volt=10.5(9.4)
GlobalTracer.printPidInfo_Info: encoderXPidCtrl: Target=   0.0, Input=  -0.8, Error=   0.8, PIDTerms= 0.189/ 0.000/ 0.009/ 0.000, Output= 0.198(-0.700/0.700), Volt=10.5(9.4)
GlobalTracer.printPidInfo_Info: encoderYPidCtrl: Target= 110.0, Input=   7.7, Error= 102.3, PIDTerms= 2.046/ 0.000/-0.065/ 0.000, Output= 0.600(-0.600/0.600), Volt=10.5(9.4)
GlobalTracer.printPidInfo_Info: gyroTurnPidCtrl: Target= -27.5, Input= -13.8, Error= -13.7, PIDTerms=-0.274/ 0.000/ 0.131/-0.000, Output=-0.143(-0.700/0.700), Volt=10.5(9.4)
GlobalTracer.startCompetition_Warn: AUTO_MODE.updates takes too long (0.031s)

GlobalTracer.printPidInfo_Info: [1.240] elevatorPidController: Target=  34.8, Input=  14.0, Error=  20.7, PIDTerms= 4.148/ 0.009/-0.000/ 0.000, Output= 1.000(-1.000/1.000), Volt=10.6(9.4)
GlobalTracer.printPidInfo_Info: encoderXPidCtrl: Target=   0.0, Input=  -0.6, Error=   0.6, PIDTerms= 0.162/ 0.000/-0.026/ 0.000, Output= 0.137(-0.700/0.700), Volt=10.6(9.4)
GlobalTracer.printPidInfo_Info: encoderYPidCtrl: Target= 110.0, Input=  10.2, Error=  99.8, PIDTerms= 1.996/ 0.000/-0.060/ 0.000, Output= 0.600(-0.600/0.600), Volt=10.6(9.4)
GlobalTracer.printPidInfo_Info: gyroTurnPidCtrl: Target= -27.5, Input= -17.2, Error= -10.3, PIDTerms=-0.206/ 0.000/ 0.095/-0.000, Output=-0.110(-0.700/0.700), Volt=10.6(9.4)
GlobalTracer.startCompetition_Warn: AUTO_MODE.updates takes too long (0.032s)

GlobalTracer.printPidInfo_Info: [1.303] elevatorPidController: Target=  34.8, Input=  17.1, Error=  17.7, PIDTerms= 3.537/ 0.010/-0.000/ 0.000, Output= 1.000(-1.000/1.000), Volt=10.8(9.4)
GlobalTracer.printPidInfo_Info: encoderXPidCtrl: Target=   0.0, Input=  -0.5, Error=   0.5, PIDTerms= 0.122/ 0.000/-0.038/ 0.000, Output= 0.084(-0.700/0.700), Volt=10.8(9.4)
GlobalTracer.printPidInfo_Info: encoderYPidCtrl: Target= 110.0, Input=  13.0, Error=  97.0, PIDTerms= 1.939/ 0.000/-0.068/ 0.000, Output= 0.600(-0.600/0.600), Volt=10.8(9.4)
GlobalTracer.printPidInfo_Info: gyroTurnPidCtrl: Target= -27.5, Input= -20.4, Error=  -7.1, PIDTerms=-0.143/ 0.000/ 0.088/-0.000, Output=-0.055(-0.700/0.700), Volt=10.8(9.4)
GlobalTracer.startCompetition_Warn: AUTO_MODE.updates takes too long (0.025s)

GlobalTracer.printPidInfo_Info: [1.366] elevatorPidController: Target=  34.8, Input=  19.5, Error=  15.3, PIDTerms= 3.059/ 0.011/-0.000/ 0.000, Output= 1.000(-1.000/1.000), Volt=10.9(9.4)
GlobalTracer.startCompetition_Warn: AUTO_MODE.periodic takes too long (0.026s)

GlobalTracer.printPidInfo_Info: encoderXPidCtrl: Target=   0.0, Input=  -0.3, Error=   0.3, PIDTerms= 0.081/ 0.000/-0.030/ 0.000, Output= 0.051(-0.700/0.700), Volt=10.8(9.4)
GlobalTracer.printPidInfo_Info: encoderYPidCtrl: Target= 110.0, Input=  16.0, Error=  94.0, PIDTerms= 1.880/ 0.000/-0.055/ 0.000, Output= 0.600(-0.600/0.600), Volt=10.8(9.4)
GlobalTracer.printPidInfo_Info: gyroTurnPidCtrl: Target= -27.5, Input= -22.9, Error=  -4.6, PIDTerms=-0.092/ 0.000/ 0.055/-0.000, Output=-0.036(-0.700/0.700), Volt=10.8(9.4)
GlobalTracer.startCompetition_Warn: AUTO_MODE.postContinuousTasks takes too long (0.022s)

GlobalTracer.startCompetition_Warn: AUTO_MODE.updates takes too long (0.057s)

GlobalTracer.startCompetition_Warn: AUTO_MODE takes too long (0.123s)

GlobalTracer.startCompetition_Warn: AUTO_MODE.preContinuousTasks takes too long (0.026s)

GlobalTracer.printPidInfo_Info: [1.489] elevatorPidController: Target=  34.8, Input=  22.7, Error=  12.1, PIDTerms= 2.418/ 0.012/-0.000/ 0.000, Output= 1.000(-1.000/1.000), Volt=11.0(9.4)
GlobalTracer.startCompetition_Warn: AUTO_MODE.periodic takes too long (0.024s)

GlobalTracer.printPidInfo_Info: encoderXPidCtrl: Target=   0.0, Input=  -0.2, Error=   0.2, PIDTerms= 0.055/ 0.000/-0.012/ 0.000, Output= 0.043(-0.700/0.700), Volt=11.0(9.4)
GlobalTracer.printPidInfo_Info: encoderYPidCtrl: Target= 110.0, Input=  23.2, Error=  86.8, PIDTerms= 1.735/ 0.000/-0.078/ 0.000, Output= 0.600(-0.600/0.600), Volt=11.0(9.4)
GlobalTracer.printPidInfo_Info: gyroTurnPidCtrl: Target= -27.5, Input= -26.4, Error=  -1.1, PIDTerms=-0.021/ 0.000/ 0.044/-0.000, Output= 0.023(-0.700/0.700), Volt=11.1(9.4)
GlobalTracer.startCompetition_Warn: AUTO_MODE.postContinuousTasks takes too long (0.058s)

GlobalTracer.startCompetition_Warn: AUTO_MODE.updates takes too long (0.041s)

GlobalTracer.startCompetition_Warn: AUTO_MODE takes too long (0.157s)

GlobalTracer.startCompetition_Warn: AUTO_MODE.preContinuousTasks takes too long (0.022s)

GlobalTracer.printPidInfo_Info: [1.647] elevatorPidController: Target=  34.8, Input=  30.0, Error=   4.8, PIDTerms= 0.960/ 0.013/-0.000/ 0.000, Output= 0.973(-1.000/1.000), Volt=11.0(9.4)
GlobalTracer.printPidInfo_Info: encoderXPidCtrl: Target=   0.0, Input=   0.3, Error=  -0.3, PIDTerms=-0.081/ 0.000/-0.053/ 0.000, Output=-0.134(-0.700/0.700), Volt=11.1(9.4)
GlobalTracer.printPidInfo_Info: encoderYPidCtrl: Target= 110.0, Input=  32.6, Error=  77.4, PIDTerms= 1.548/ 0.000/-0.090/ 0.000, Output= 0.600(-0.600/0.600), Volt=11.1(9.4)
GlobalTracer.printPidInfo_Info: gyroTurnPidCtrl: Target= -27.5, Input= -27.8, Error=   0.3, PIDTerms= 0.007/ 0.000/ 0.016/-0.000, Output= 0.023(-0.700/0.700), Volt=11.1(9.4)
GlobalTracer.startCompetition_Warn: AUTO_MODE.postContinuousTasks takes too long (0.034s)

GlobalTracer.startCompetition_Warn: AUTO_MODE.updates takes too long (0.057s)

GlobalTracer.startCompetition_Warn: AUTO_MODE takes too long (0.138s)

GlobalTracer.printPidInfo_Info: [1.785] elevatorPidController: Target=  34.8, Input=  34.7, Error=   0.0, PIDTerms= 0.010/ 0.013/-0.000/ 0.000, Output= 0.023(-1.000/1.000), Volt=11.6(9.4)
GlobalTracer.startCompetition_Warn: AUTO_MODE.periodic takes too long (0.023s)

GlobalTracer.printPidInfo_Info: encoderXPidCtrl: Target=   0.0, Input=   0.2, Error=  -0.2, PIDTerms=-0.044/ 0.000/ 0.019/ 0.000, Output=-0.025(-0.700/0.700), Volt=11.6(9.4)
GlobalTracer.printPidInfo_Info: encoderYPidCtrl: Target= 110.0, Input=  41.8, Error=  68.2, PIDTerms= 1.364/ 0.000/-0.113/ 0.000, Output= 0.600(-0.600/0.600), Volt=11.7(9.4)
GlobalTracer.printPidInfo_Info: gyroTurnPidCtrl: Target= -27.5, Input= -27.6, Error=   0.1, PIDTerms= 0.002/ 0.000/-0.004/-0.000, Output=-0.002(-0.700/0.700), Volt=11.7(9.4)
GlobalTracer.startCompetition_Warn: AUTO_MODE.postContinuousTasks takes too long (0.044s)

GlobalTracer.startCompetition_Warn: AUTO_MODE.updates takes too long (0.081s)

GlobalTracer.startCompetition_Warn: AUTO_MODE takes too long (0.167s)

GlobalTracer.startCompetition_Warn: AUTO_MODE.preContinuousTasks takes too long (0.033s)

GlobalTracer.printPidInfo_Info: [1.955] elevatorPidController: Target=  34.8, Input=  36.7, Error=  -1.9, PIDTerms=-0.387/ 0.013/-0.000/ 0.000, Output=-0.375(-1.000/1.000), Volt=11.8(9.4)
GlobalTracer.startCompetition_Warn: AUTO_MODE.periodic takes too long (0.052s)

GlobalTracer.printPidInfo_Info: encoderXPidCtrl: Target=   0.0, Input=  -0.1, Error=   0.1, PIDTerms= 0.036/ 0.000/ 0.021/ 0.000, Output= 0.057(-0.700/0.700), Volt=11.8(9.4)
GlobalTracer.printPidInfo_Info: encoderYPidCtrl: Target= 110.0, Input=  55.6, Error=  54.4, PIDTerms= 1.088/ 0.000/-0.091/ 0.000, Output= 0.600(-0.600/0.600), Volt=11.8(9.4)
GlobalTracer.printPidInfo_Info: gyroTurnPidCtrl: Target= -27.5, Input= -26.9, Error=  -0.6, PIDTerms=-0.013/ 0.000/-0.006/-0.000, Output=-0.018(-0.700/0.700), Volt=11.8(9.4)
GlobalTracer.startCompetition_Warn: AUTO_MODE.postContinuousTasks takes too long (0.033s)

GlobalTracer.startCompetition_Warn: AUTO_MODE.updates takes too long (0.037s)

GlobalTracer.startCompetition_Warn: AUTO_MODE takes too long (0.168s)

GlobalTracer.printPidInfo_Info: [2.125] elevatorPidController: Target=  34.8, Input=  32.3, Error=   2.4, PIDTerms= 0.482/ 0.013/ 0.000/ 0.000, Output= 0.496(-1.000/1.000), Volt=11.4(9.4)
GlobalTracer.printPidInfo_Info: encoderXPidCtrl: Target=   0.0, Input=  -0.4, Error=   0.4, PIDTerms= 0.095/ 0.000/ 0.036/ 0.000, Output= 0.131(-0.700/0.700), Volt=11.4(9.4)
GlobalTracer.printPidInfo_Info: encoderYPidCtrl: Target= 110.0, Input=  68.4, Error=  41.6, PIDTerms= 0.832/ 0.000/-0.202/ 0.000, Output= 0.600(-0.600/0.600), Volt=11.4(9.4)
GlobalTracer.printPidInfo_Info: gyroTurnPidCtrl: Target= -27.5, Input= -26.8, Error=  -0.7, PIDTerms=-0.015/ 0.000/-0.002/-0.000, Output=-0.017(-0.700/0.700), Volt=11.4(9.4)
GlobalTracer.startCompetition_Warn: AUTO_MODE.updates takes too long (0.040s)

GlobalTracer.printPidInfo_Info: [2.203] elevatorPidController: Target=  34.8, Input=  31.5, Error=   3.3, PIDTerms= 0.659/ 0.013/ 0.000/ 0.000, Output= 0.672(-1.000/1.000), Volt=11.3(9.4)
GlobalTracer.startCompetition_Warn: AUTO_MODE.periodic takes too long (0.021s)

GlobalTracer.printPidInfo_Info: encoderXPidCtrl: Target=   0.0, Input=  -0.2, Error=   0.2, PIDTerms= 0.062/ 0.000/-0.023/ 0.000, Output= 0.039(-0.700/0.700), Volt=11.5(9.4)
GlobalTracer.printPidInfo_Info: encoderYPidCtrl: Target= 110.0, Input=  74.9, Error=  35.1, PIDTerms= 0.702/ 0.000/-0.114/ 0.000, Output= 0.588(-0.600/0.600), Volt=11.5(9.4)
GlobalTracer.printPidInfo_Info: gyroTurnPidCtrl: Target= -27.5, Input= -26.8, Error=  -0.7, PIDTerms=-0.013/ 0.000/ 0.001/-0.000, Output=-0.012(-0.700/0.700), Volt=11.5(9.4)
GlobalTracer.startCompetition_Warn: AUTO_MODE.updates takes too long (0.036s)

GlobalTracer.printPidInfo_Info: [2.287] elevatorPidController: Target=  34.8, Input=  32.8, Error=   1.9, PIDTerms= 0.382/ 0.014/-0.000/ 0.000, Output= 0.396(-1.000/1.000), Volt=11.9(9.4)
GlobalTracer.startCompetition_Warn: AUTO_MODE.periodic takes too long (0.021s)

GlobalTracer.printPidInfo_Info: encoderXPidCtrl: Target=   0.0, Input=  -0.1, Error=   0.1, PIDTerms= 0.016/ 0.000/-0.028/ 0.000, Output=-0.012(-0.700/0.700), Volt=11.9(9.4)
GlobalTracer.printPidInfo_Info: encoderYPidCtrl: Target= 110.0, Input=  81.7, Error=  28.3, PIDTerms= 0.566/ 0.000/-0.105/ 0.000, Output= 0.461(-0.600/0.600), Volt=11.9(9.4)
GlobalTracer.printPidInfo_Info: gyroTurnPidCtrl: Target= -27.5, Input= -27.1, Error=  -0.4, PIDTerms=-0.008/ 0.000/ 0.005/-0.000, Output=-0.002(-0.700/0.700), Volt=11.9(9.4)
GlobalTracer.startCompetition_Warn: AUTO_MODE.updates takes too long (0.038s)

GlobalTracer.startCompetition_Warn: AUTO_MODE takes too long (0.101s)

GlobalTracer.printPidInfo_Info: [2.388] elevatorPidController: Target=  34.8, Input=  34.1, Error=   0.6, PIDTerms= 0.129/ 0.014/-0.000/ 0.000, Output= 0.142(-1.000/1.000), Volt=12.3(9.4)
GlobalTracer.startCompetition_Warn: AUTO_MODE.periodic takes too long (0.023s)

GlobalTracer.printPidInfo_Info: encoderXPidCtrl: Target=   0.0, Input=   0.3, Error=  -0.3, PIDTerms=-0.065/ 0.000/-0.044/ 0.000, Output=-0.109(-0.700/0.700), Volt=12.3(9.4)
GlobalTracer.printPidInfo_Info: encoderYPidCtrl: Target= 110.0, Input=  90.7, Error=  19.3, PIDTerms= 0.387/ 0.000/-0.123/ 0.000, Output= 0.264(-0.600/0.600), Volt=12.3(9.4)
GlobalTracer.printPidInfo_Info: gyroTurnPidCtrl: Target= -27.5, Input= -27.3, Error=  -0.2, PIDTerms=-0.004/ 0.000/ 0.003/-0.000, Output=-0.000(-0.700/0.700), Volt=12.3(9.4)
GlobalTracer.startCompetition_Warn: AUTO_MODE.postContinuousTasks takes too long (0.025s)

GlobalTracer.startCompetition_Warn: AUTO_MODE.updates takes too long (0.039s)

GlobalTracer.startCompetition_Warn: AUTO_MODE takes too long (0.116s)

GlobalTracer.startCompetition_Warn: AUTO_MODE.preContinuousTasks takes too long (0.023s)

GlobalTracer.printPidInfo_Info: [2.505] elevatorPidController: Target=  34.8, Input=  34.7, Error=   0.1, PIDTerms= 0.015/ 0.014/-0.000/ 0.000, Output= 0.029(-1.000/1.000), Volt=12.6(9.4)
GlobalTracer.startCompetition_Warn: AUTO_MODE.periodic takes too long (0.021s)

GlobalTracer.printPidInfo_Info: encoderXPidCtrl: Target=   0.0, Input=   0.1, Error=  -0.1, PIDTerms=-0.019/ 0.000/ 0.023/ 0.000, Output= 0.004(-0.700/0.700), Volt=12.6(9.4)
GlobalTracer.printPidInfo_Info: encoderYPidCtrl: Target= 110.0, Input= 100.1, Error=   9.9, PIDTerms= 0.197/ 0.000/-0.121/ 0.000, Output= 0.076(-0.600/0.600), Volt=12.6(9.4)
GlobalTracer.printPidInfo_Info: gyroTurnPidCtrl: Target= -27.5, Input= -27.4, Error=  -0.1, PIDTerms=-0.002/ 0.000/ 0.001/-0.000, Output=-0.002(-0.700/0.700), Volt=12.7(9.4)
GlobalTracer.startCompetition_Warn: AUTO_MODE.updates takes too long (0.039s)

GlobalTracer.startCompetition_Warn: AUTO_MODE takes too long (0.102s)

GlobalTracer.printPidInfo_Info: [2.607] elevatorPidController: Target=  34.8, Input=  34.5, Error=   0.2, PIDTerms= 0.043/ 0.014/ 0.000/ 0.000, Output= 0.056(-1.000/1.000), Volt=12.7(9.4)
GlobalTracer.printPidInfo_Info: encoderXPidCtrl: Target=   0.0, Input=  -0.3, Error=   0.0, PIDTerms= 0.087/ 0.000/ 0.069/ 0.000, Output= 0.000(-0.700/0.700), Volt=12.6(9.4)
GlobalTracer.printPidInfo_Info: encoderYPidCtrl: Target=   0.0, Input= 106.8, Error=   0.0, PIDTerms= 0.064/ 0.000/-0.108/ 0.000, Output= 0.000(-0.600/0.600), Volt=12.6(9.4)
GlobalTracer.printPidInfo_Info: gyroTurnPidCtrl: Target=   0.0, Input= -27.7, Error=   0.0, PIDTerms= 0.005/ 0.000/ 0.007/-0.000, Output= 0.000(-0.700/0.700), Volt=12.6(9.4)
GlobalTracer.startCompetition_Warn: AUTO_MODE.updates takes too long (0.038s)

GlobalTracer.Robot_Info: [2.706] THROW_CUBE: xPos= -0.28,yPos=112.73,heading= -27.7/ -27.5,volts=12.5(9.4)
GlobalTracer.printPidInfo_Info: [2.706] elevatorPidController: Target=  34.8, Input=  34.5, Error=   0.3, PIDTerms= 0.054/ 0.014/ 0.000/ 0.000, Output= 0.068(-1.000/1.000), Volt=12.5(9.4)
GlobalTracer.startCompetition_Warn: AUTO_MODE.periodic takes too long (0.030s)

GlobalTracer.startCompetition_Warn: AUTO_MODE.updates takes too long (0.046s)

GlobalTracer.startCompetition_Warn: AUTO_MODE takes too long (0.113s)

GlobalTracer.startCompetition_Warn: AUTO_MODE.preContinuousTasks takes too long (0.023s)

GlobalTracer.printPidInfo_Info: [2.820] elevatorPidController: Target=  34.8, Input=  34.5, Error=   0.3, PIDTerms= 0.060/ 0.014/ 0.000/ 0.000, Output= 0.074(-1.000/1.000), Volt=10.9(9.4)
GlobalTracer.startCompetition_Warn: AUTO_MODE.updates takes too long (0.027s)

GlobalTracer.printPidInfo_Info: [2.893] elevatorPidController: Target=  34.8, Input=  34.4, Error=   0.3, PIDTerms= 0.068/ 0.014/ 0.000/ 0.000, Output= 0.082(-1.000/1.000), Volt=10.9(9.4)
GlobalTracer.startCompetition_Warn: AUTO_MODE.periodic takes too long (0.031s)

GlobalTracer.startCompetition_Warn: AUTO_MODE.updates takes too long (0.040s)

GlobalTracer.startCompetition_Warn: AUTO_MODE.preContinuousTasks takes too long (0.020s)

GlobalTracer.printPidInfo_Info: [2.988] elevatorPidController: Target=  34.8, Input=  34.4, Error=   0.3, PIDTerms= 0.068/ 0.014/ 0.000/ 0.000, Output= 0.082(-1.000/1.000), Volt=11.4(9.4)
GlobalTracer.startCompetition_Warn: AUTO_MODE.periodic takes too long (0.027s)

GlobalTracer.startCompetition_Warn: AUTO_MODE.updates takes too long (0.067s)

GlobalTracer.startCompetition_Warn: AUTO_MODE takes too long (0.127s)

GlobalTracer.printPidInfo_Info: [3.118] elevatorPidController: Target=  34.8, Input=  34.4, Error=   0.3, PIDTerms= 0.068/ 0.014/ 0.000/ 0.000, Output= 0.082(-1.000/1.000), Volt=11.7(9.4)
GlobalTracer.startCompetition_Warn: AUTO_MODE.periodic takes too long (0.027s)

GlobalTracer.startCompetition_Warn: AUTO_MODE.updates takes too long (0.072s)

GlobalTracer.startCompetition_Warn: AUTO_MODE takes too long (0.125s)

GlobalTracer.printPidInfo_Info: [3.245] elevatorPidController: Target=  34.8, Input=  34.4, Error=   0.3, PIDTerms= 0.068/ 0.014/ 0.000/ 0.000, Output= 0.082(-1.000/1.000), Volt=11.9(9.4)
GlobalTracer.startCompetition_Warn: AUTO_MODE.periodic takes too long (0.028s)

GlobalTracer.startCompetition_Warn: AUTO_MODE.updates takes too long (0.083s)

GlobalTracer.startCompetition_Warn: AUTO_MODE takes too long (0.146s)

GlobalTracer.startCompetition_Warn: AUTO_MODE.preContinuousTasks takes too long (0.025s)

GlobalTracer.printPidInfo_Info: [3.394] elevatorPidController: Target=  34.8, Input=  34.4, Error=   0.3, PIDTerms= 0.070/ 0.014/ 0.000/ 0.000, Output= 0.084(-1.000/1.000), Volt=12.0(9.4)
GlobalTracer.startCompetition_Warn: AUTO_MODE.updates takes too long (0.060s)

GlobalTracer.startCompetition_Warn: AUTO_MODE takes too long (0.114s)

GlobalTracer.printPidInfo_Info: [3.509] elevatorPidController: Target=  34.8, Input=  34.4, Error=   0.4, PIDTerms= 0.074/ 0.014/ 0.000/ 0.000, Output= 0.088(-1.000/1.000), Volt=12.1(9.4)
GlobalTracer.startCompetition_Warn: AUTO_MODE.periodic takes too long (0.023s)

GlobalTracer.startCompetition_Warn: AUTO_MODE.updates takes too long (0.059s)

GlobalTracer.startCompetition_Warn: AUTO_MODE takes too long (0.122s)

GlobalTracer.printPidInfo_Info: [3.634] elevatorPidController: Target=  34.8, Input=  34.4, Error=   0.4, PIDTerms= 0.074/ 0.014/ 0.000/ 0.000, Output= 0.088(-1.000/1.000), Volt=12.0(9.4)
GlobalTracer.startCompetition_Warn: AUTO_MODE.periodic takes too long (0.032s)

GlobalTracer.startCompetition_Warn: AUTO_MODE.updates takes too long (0.060s)

GlobalTracer.startCompetition_Warn: AUTO_MODE takes too long (0.118s)

GlobalTracer.Robot_Info: [3.754]       DONE: xPos=  1.51,yPos=113.95,heading=  20.0/ -27.5,volts=12.1(9.4)
GlobalTracer.printPidInfo_Info: [3.754] elevatorPidController: Target=   8.0, Input=  34.4, Error= -26.4, PIDTerms= 0.074/ 0.014/ 0.000/ 0.000, Output= 0.000(-1.000/1.000), Volt=12.1(9.4)
GlobalTracer.startCompetition_Warn: AUTO_MODE.continuous takes too long (0.020s)

GlobalTracer.startCompetition_Warn: AUTO_MODE.periodic takes too long (0.023s)

GlobalTracer.startCompetition_Warn: AUTO_MODE.updates takes too long (0.061s)

GlobalTracer.startCompetition_Warn: AUTO_MODE takes too long (0.135s)

GlobalTracer.printPidInfo_Info: [3.891] elevatorPidController: Target=   8.0, Input=  34.4, Error= -26.4, PIDTerms=-5.276/-0.001/ 0.000/ 0.000, Output=-1.000(-1.000/1.000), Volt=12.0(9.4)
GlobalTracer.startCompetition_Warn: AUTO_MODE.periodic takes too long (0.030s)

GlobalTracer.startCompetition_Warn: AUTO_MODE.updates takes too long (0.063s)

GlobalTracer.startCompetition_Warn: AUTO_MODE takes too long (0.125s)

GlobalTracer.printPidInfo_Info: [4.018] elevatorPidController: Target=   8.0, Input=  28.4, Error= -20.4, PIDTerms=-4.085/-0.004/ 0.000/ 0.000, Output=-1.000(-1.000/1.000), Volt=12.3(9.4)
GlobalTracer.startCompetition_Warn: AUTO_MODE.periodic takes too long (0.043s)

GlobalTracer.startCompetition_Warn: AUTO_MODE.updates takes too long (0.056s)

GlobalTracer.startCompetition_Warn: AUTO_MODE takes too long (0.129s)

GlobalTracer.printPidInfo_Info: [4.147] elevatorPidController: Target=   8.0, Input=  20.2, Error= -12.2, PIDTerms=-2.449/-0.005/ 0.000/ 0.000, Output=-1.000(-1.000/1.000), Volt=12.4(9.4)
GlobalTracer.startCompetition_Warn: AUTO_MODE.periodic takes too long (0.026s)

GlobalTracer.startCompetition_Warn: AUTO_MODE.updates takes too long (0.061s)

GlobalTracer.startCompetition_Warn: AUTO_MODE takes too long (0.122s)

GlobalTracer.printPidInfo_Info: [4.271] elevatorPidController: Target=   8.0, Input=  11.8, Error=  -3.8, PIDTerms=-0.757/-0.006/ 0.000/ 0.000, Output=-0.762(-1.000/1.000), Volt=12.7(9.4)
GlobalTracer.startCompetition_Warn: AUTO_MODE.periodic takes too long (0.039s)

GlobalTracer.startCompetition_Warn: AUTO_MODE.updates takes too long (0.083s)

GlobalTracer.startCompetition_Warn: AUTO_MODE takes too long (0.144s)

GlobalTracer.startCompetition_Warn: AUTO_MODE.preContinuousTasks takes too long (0.022s)

GlobalTracer.printPidInfo_Info: [4.416] elevatorPidController: Target=   8.0, Input=   3.4, Error=   4.6, PIDTerms= 0.913/-0.005/ 0.000/ 0.000, Output= 0.907(-1.000/1.000), Volt=12.3(9.4)
GlobalTracer.startCompetition_Warn: AUTO_MODE.periodic takes too long (0.030s)

GlobalTracer.startCompetition_Warn: AUTO_MODE.updates takes too long (0.056s)

GlobalTracer.startCompetition_Warn: AUTO_MODE takes too long (0.119s)

GlobalTracer.startCompetition_Warn: AUTO_MODE.preContinuousTasks takes too long (0.029s)

GlobalTracer.printPidInfo_Info: [4.537] elevatorPidController: Target=   8.0, Input=   8.4, Error=  -0.4, PIDTerms=-0.082/-0.005/-0.000/ 0.000, Output=-0.087(-1.000/1.000), Volt=12.5(9.4)
GlobalTracer.startCompetition_Warn: AUTO_MODE.periodic takes too long (0.024s)

GlobalTracer.startCompetition_Warn: AUTO_MODE.updates takes too long (0.055s)

GlobalTracer.startCompetition_Warn: AUTO_MODE takes too long (0.117s)

GlobalTracer.printPidInfo_Info: [4.654] elevatorPidController: Target=   8.0, Input=   9.5, Error=  -1.5, PIDTerms=-0.310/-0.006/-0.000/ 0.000, Output=-0.315(-1.000/1.000), Volt=12.5(9.4)
GlobalTracer.startCompetition_Warn: AUTO_MODE.periodic takes too long (0.021s)

GlobalTracer.startCompetition_Warn: AUTO_MODE.updates takes too long (0.071s)

GlobalTracer.startCompetition_Warn: AUTO_MODE takes too long (0.127s)

GlobalTracer.printPidInfo_Info: [4.782] elevatorPidController: Target=   8.0, Input=   8.1, Error=  -0.1, PIDTerms=-0.010/-0.006/ 0.000/ 0.000, Output=-0.016(-1.000/1.000), Volt=12.5(9.4)
GlobalTracer.startCompetition_Warn: AUTO_MODE.periodic takes too long (0.023s)

GlobalTracer.startCompetition_Warn: AUTO_MODE.updates takes too long (0.055s)

GlobalTracer.startCompetition_Warn: AUTO_MODE.preContinuousTasks takes too long (0.028s)

GlobalTracer.printPidInfo_Info: [4.880] elevatorPidController: Target=   8.0, Input=   7.0, Error=   1.0, PIDTerms= 0.209/-0.005/ 0.000/ 0.000, Output= 0.204(-1.000/1.000), Volt=12.5(9.4)
GlobalTracer.startCompetition_Warn: AUTO_MODE.periodic takes too long (0.020s)

GlobalTracer.startCompetition_Warn: AUTO_MODE.updates takes too long (0.045s)

GlobalTracer.startCompetition_Warn: AUTO_MODE takes too long (0.105s)

GlobalTracer.printPidInfo_Info: [4.986] elevatorPidController: Target=   8.0, Input=   7.2, Error=   0.8, PIDTerms= 0.162/-0.005/-0.000/ 0.000, Output= 0.157(-1.000/1.000), Volt=12.5(9.4)
GlobalTracer.startCompetition_Warn: AUTO_MODE.periodic takes too long (0.026s)

GlobalTracer.startCompetition_Warn: AUTO_MODE.updates takes too long (0.052s)

GlobalTracer.startCompetition_Warn: AUTO_MODE takes too long (0.110s)

GlobalTracer.startCompetition_Warn: AUTO_MODE.preContinuousTasks takes too long (0.025s)

GlobalTracer.printPidInfo_Info: [5.098] elevatorPidController: Target=   8.0, Input=   7.4, Error=   0.6, PIDTerms= 0.113/-0.005/-0.000/ 0.000, Output= 0.108(-1.000/1.000), Volt=12.6(9.4)
GlobalTracer.startCompetition_Warn: AUTO_MODE.periodic takes too long (0.024s)

GlobalTracer.startCompetition_Warn: AUTO_MODE.updates takes too long (0.059s)

GlobalTracer.startCompetition_Warn: AUTO_MODE takes too long (0.131s)

GlobalTracer.printPidInfo_Info: [5.232] elevatorPidController: Target=   8.0, Input=   7.5, Error=   0.5, PIDTerms= 0.106/-0.005/-0.000/ 0.000, Output= 0.101(-1.000/1.000), Volt=12.6(9.4)
GlobalTracer.startCompetition_Warn: AUTO_MODE.updates takes too long (0.055s)

GlobalTracer.startCompetition_Warn: AUTO_MODE.preContinuousTasks takes too long (0.021s)

GlobalTracer.printPidInfo_Info: [5.330] elevatorPidController: Target=   8.0, Input=   7.5, Error=   0.5, PIDTerms= 0.106/-0.005/ 0.000/ 0.000, Output= 0.101(-1.000/1.000), Volt=12.5(9.4)
GlobalTracer.startCompetition_Warn: AUTO_MODE.periodic takes too long (0.024s)

GlobalTracer.startCompetition_Warn: AUTO_MODE.updates takes too long (0.038s)

GlobalTracer.startCompetition_Warn: AUTO_MODE takes too long (0.101s)

GlobalTracer.printPidInfo_Info: [5.432] elevatorPidController: Target=   8.0, Input=   7.5, Error=   0.5, PIDTerms= 0.105/-0.005/-0.000/ 0.000, Output= 0.099(-1.000/1.000), Volt=12.6(9.4)
GlobalTracer.startCompetition_Warn: AUTO_MODE.updates takes too long (0.025s)

GlobalTracer.printPidInfo_Info: [5.494] elevatorPidController: Target=   8.0, Input=   7.5, Error=   0.5, PIDTerms= 0.105/-0.005/ 0.000/ 0.000, Output= 0.100(-1.000/1.000), Volt=12.6(9.4)
GlobalTracer.startCompetition_Warn: AUTO_MODE.updates takes too long (0.026s)

GlobalTracer.printPidInfo_Info: [5.560] elevatorPidController: Target=   8.0, Input=   7.5, Error=   0.5, PIDTerms= 0.105/-0.005/ 0.000/ 0.000, Output= 0.100(-1.000/1.000), Volt=12.6(9.4)
GlobalTracer.startCompetition_Warn: AUTO_MODE.periodic takes too long (0.021s)

GlobalTracer.startCompetition_Warn: AUTO_MODE.updates takes too long (0.029s)

GlobalTracer.printPidInfo_Info: [5.631] elevatorPidController: Target=   8.0, Input=   7.5, Error=   0.5, PIDTerms= 0.105/-0.005/ 0.000/ 0.000, Output= 0.100(-1.000/1.000), Volt=12.6(9.4)
GlobalTracer.startCompetition_Warn: AUTO_MODE.periodic takes too long (0.021s)

GlobalTracer.startCompetition_Warn: AUTO_MODE.updates takes too long (0.031s)

GlobalTracer.printPidInfo_Info: [5.714] elevatorPidController: Target=   8.0, Input=   7.5, Error=   0.5, PIDTerms= 0.105/-0.005/ 0.000/ 0.000, Output= 0.100(-1.000/1.000), Volt=12.6(9.4)
GlobalTracer.startCompetition_Warn: AUTO_MODE.updates takes too long (0.035s)

GlobalTracer.printPidInfo_Info: [5.789] elevatorPidController: Target=   8.0, Input=   7.5, Error=   0.5, PIDTerms= 0.105/-0.005/ 0.000/ 0.000, Output= 0.100(-1.000/1.000), Volt=12.6(9.4)
GlobalTracer.startCompetition_Warn: AUTO_MODE.updates takes too long (0.028s)

GlobalTracer.startCompetition_Warn: AUTO_MODE.preContinuousTasks takes too long (0.020s)

GlobalTracer.printPidInfo_Info: [5.856] elevatorPidController: Target=   8.0, Input=   7.5, Error=   0.5, PIDTerms= 0.105/-0.005/ 0.000/ 0.000, Output= 0.100(-1.000/1.000), Volt=12.5(9.4)
GlobalTracer.startCompetition_Warn: AUTO_MODE.updates takes too long (0.022s)

GlobalTracer.printPidInfo_Info: [5.928] elevatorPidController: Target=   8.0, Input=   7.5, Error=   0.5, PIDTerms= 0.105/-0.005/ 0.000/ 0.000, Output= 0.100(-1.000/1.000), Volt=12.6(9.4)
GlobalTracer.startCompetition_Warn: AUTO_MODE.updates takes too long (0.029s)

GlobalTracer.printPidInfo_Info: [5.996] elevatorPidController: Target=   8.0, Input=   7.5, Error=   0.5, PIDTerms= 0.105/-0.005/ 0.000/ 0.000, Output= 0.100(-1.000/1.000), Volt=12.6(9.4)
GlobalTracer.startCompetition_Warn: AUTO_MODE.periodic takes too long (0.020s)

GlobalTracer.startCompetition_Warn: AUTO_MODE.updates takes too long (0.029s)

GlobalTracer.printPidInfo_Info: [6.072] elevatorPidController: Target=   8.0, Input=   7.5, Error=   0.5, PIDTerms= 0.105/-0.005/ 0.000/ 0.000, Output= 0.100(-1.000/1.000), Volt=12.6(9.4)
GlobalTracer.startCompetition_Warn: AUTO_MODE.updates takes too long (0.029s)

GlobalTracer.printPidInfo_Info: [6.128] elevatorPidController: Target=   8.0, Input=   7.5, Error=   0.5, PIDTerms= 0.105/-0.005/ 0.000/ 0.000, Output= 0.100(-1.000/1.000), Volt=12.6(9.4)
GlobalTracer.startCompetition_Warn: AUTO_MODE.updates takes too long (0.036s)

GlobalTracer.printPidInfo_Info: [6.196] elevatorPidController: Target=   8.0, Input=   7.5, Error=   0.5, PIDTerms= 0.105/-0.005/ 0.000/ 0.000, Output= 0.100(-1.000/1.000), Volt=12.6(9.4)
GlobalTracer.startCompetition_Warn: AUTO_MODE.updates takes too long (0.024s)

GlobalTracer.printPidInfo_Info: [6.257] elevatorPidController: Target=   8.0, Input=   7.5, Error=   0.5, PIDTerms= 0.105/-0.005/ 0.000/ 0.000, Output= 0.100(-1.000/1.000), Volt=12.6(9.4)
GlobalTracer.startCompetition_Warn: AUTO_MODE.updates takes too long (0.027s)

GlobalTracer.printPidInfo_Info: [6.310] elevatorPidController: Target=   8.0, Input=   7.5, Error=   0.5, PIDTerms= 0.105/-0.005/ 0.000/ 0.000, Output= 0.100(-1.000/1.000), Volt=12.6(9.4)
GlobalTracer.startCompetition_Warn: AUTO_MODE.updates takes too long (0.022s)

GlobalTracer.printPidInfo_Info: [6.364] elevatorPidController: Target=   8.0, Input=   7.5, Error=   0.5, PIDTerms= 0.105/-0.005/ 0.000/ 0.000, Output= 0.100(-1.000/1.000), Volt=12.6(9.4)
GlobalTracer.printPidInfo_Info: [6.410] elevatorPidController: Target=   8.0, Input=   7.5, Error=   0.5, PIDTerms= 0.105/-0.005/ 0.000/ 0.000, Output= 0.100(-1.000/1.000), Volt=12.6(9.4)
GlobalTracer.startCompetition_Warn: AUTO_MODE.updates takes too long (0.029s)

GlobalTracer.printPidInfo_Info: [6.469] elevatorPidController: Target=   8.0, Input=   7.5, Error=   0.5, PIDTerms= 0.105/-0.005/ 0.000/ 0.000, Output= 0.100(-1.000/1.000), Volt=12.6(9.4)
GlobalTracer.startCompetition_Warn: AUTO_MODE.periodic takes too long (0.025s)

GlobalTracer.startCompetition_Warn: AUTO_MODE.updates takes too long (0.034s)

GlobalTracer.printPidInfo_Info: [6.551] elevatorPidController: Target=   8.0, Input=   7.5, Error=   0.5, PIDTerms= 0.105/-0.005/ 0.000/ 0.000, Output= 0.100(-1.000/1.000), Volt=12.6(9.4)
GlobalTracer.startCompetition_Warn: AUTO_MODE.updates takes too long (0.022s)

GlobalTracer.printPidInfo_Info: [6.609] elevatorPidController: Target=   8.0, Input=   7.5, Error=   0.5, PIDTerms= 0.105/-0.004/ 0.000/ 0.000, Output= 0.100(-1.000/1.000), Volt=12.6(9.4)
GlobalTracer.startCompetition_Warn: AUTO_MODE.updates takes too long (0.026s)

GlobalTracer.printPidInfo_Info: [6.670] elevatorPidController: Target=   8.0, Input=   7.5, Error=   0.5, PIDTerms= 0.105/-0.004/ 0.000/ 0.000, Output= 0.100(-1.000/1.000), Volt=12.6(9.4)
GlobalTracer.startCompetition_Warn: AUTO_MODE.updates takes too long (0.032s)

GlobalTracer.printPidInfo_Info: [6.735] elevatorPidController: Target=   8.0, Input=   7.5, Error=   0.5, PIDTerms= 0.105/-0.004/ 0.000/ 0.000, Output= 0.100(-1.000/1.000), Volt=12.6(9.4)
GlobalTracer.startCompetition_Warn: AUTO_MODE.updates takes too long (0.035s)

GlobalTracer.printPidInfo_Info: [6.811] elevatorPidController: Target=   8.0, Input=   7.5, Error=   0.5, PIDTerms= 0.105/-0.004/ 0.000/ 0.000, Output= 0.100(-1.000/1.000), Volt=12.6(9.4)
GlobalTracer.startCompetition_Warn: AUTO_MODE.updates takes too long (0.024s)

GlobalTracer.printPidInfo_Info: [6.872] elevatorPidController: Target=   8.0, Input=   7.5, Error=   0.5, PIDTerms= 0.105/-0.004/ 0.000/ 0.000, Output= 0.100(-1.000/1.000), Volt=12.5(9.4)
GlobalTracer.startCompetition_Warn: AUTO_MODE.updates takes too long (0.037s)

GlobalTracer.printPidInfo_Info: [6.949] elevatorPidController: Target=   8.0, Input=   7.5, Error=   0.5, PIDTerms= 0.105/-0.004/ 0.000/ 0.000, Output= 0.100(-1.000/1.000), Volt=12.6(9.4)
GlobalTracer.startCompetition_Warn: AUTO_MODE.updates takes too long (0.021s)

GlobalTracer.printPidInfo_Info: [7.001] elevatorPidController: Target=   8.0, Input=   7.5, Error=   0.5, PIDTerms= 0.105/-0.004/ 0.000/ 0.000, Output= 0.100(-1.000/1.000), Volt=12.6(9.4)
GlobalTracer.startCompetition_Warn: AUTO_MODE.updates takes too long (0.020s)

GlobalTracer.printPidInfo_Info: [7.052] elevatorPidController: Target=   8.0, Input=   7.5, Error=   0.5, PIDTerms= 0.105/-0.004/ 0.000/ 0.000, Output= 0.100(-1.000/1.000), Volt=12.6(9.4)
GlobalTracer.startCompetition_Warn: AUTO_MODE.periodic takes too long (0.025s)

GlobalTracer.startCompetition_Warn: AUTO_MODE.updates takes too long (0.034s)

GlobalTracer.printPidInfo_Info: [7.130] elevatorPidController: Target=   8.0, Input=   7.5, Error=   0.5, PIDTerms= 0.105/-0.004/ 0.000/ 0.000, Output= 0.100(-1.000/1.000), Volt=12.6(9.4)
GlobalTracer.startCompetition_Warn: AUTO_MODE.updates takes too long (0.025s)

GlobalTracer.printPidInfo_Info: [7.184] elevatorPidController: Target=   8.0, Input=   7.5, Error=   0.5, PIDTerms= 0.105/-0.004/ 0.000/ 0.000, Output= 0.100(-1.000/1.000), Volt=12.6(9.4)
GlobalTracer.startCompetition_Warn: AUTO_MODE.periodic takes too long (0.028s)

GlobalTracer.startCompetition_Warn: AUTO_MODE.updates takes too long (0.029s)

GlobalTracer.printPidInfo_Info: [7.250] elevatorPidController: Target=   8.0, Input=   7.5, Error=   0.5, PIDTerms= 0.105/-0.004/ 0.000/ 0.000, Output= 0.100(-1.000/1.000), Volt=12.6(9.4)
GlobalTracer.startCompetition_Warn: AUTO_MODE.updates takes too long (0.024s)

GlobalTracer.printPidInfo_Info: [7.305] elevatorPidController: Target=   8.0, Input=   7.5, Error=   0.5, PIDTerms= 0.105/-0.004/ 0.000/ 0.000, Output= 0.100(-1.000/1.000), Volt=12.7(9.4)
GlobalTracer.startCompetition_Warn: AUTO_MODE.periodic takes too long (0.039s)

GlobalTracer.startCompetition_Warn: AUTO_MODE.updates takes too long (0.045s)

GlobalTracer.printPidInfo_Info: [7.404] elevatorPidController: Target=   8.0, Input=   7.5, Error=   0.5, PIDTerms= 0.105/-0.004/ 0.000/ 0.000, Output= 0.101(-1.000/1.000), Volt=12.6(9.4)
GlobalTracer.startCompetition_Warn: AUTO_MODE.periodic takes too long (0.026s)

GlobalTracer.startCompetition_Warn: AUTO_MODE.updates takes too long (0.041s)

GlobalTracer.printPidInfo_Info: [7.487] elevatorPidController: Target=   8.0, Input=   7.5, Error=   0.5, PIDTerms= 0.105/-0.004/ 0.000/ 0.000, Output= 0.101(-1.000/1.000), Volt=12.6(9.4)
GlobalTracer.startCompetition_Warn: AUTO_MODE.updates takes too long (0.024s)

GlobalTracer.printPidInfo_Info: [7.538] elevatorPidController: Target=   8.0, Input=   7.5, Error=   0.5, PIDTerms= 0.105/-0.004/ 0.000/ 0.000, Output= 0.101(-1.000/1.000), Volt=12.6(9.4)
GlobalTracer.startCompetition_Warn: AUTO_MODE.updates takes too long (0.028s)

GlobalTracer.printPidInfo_Info: [7.598] elevatorPidController: Target=   8.0, Input=   7.5, Error=   0.5, PIDTerms= 0.105/-0.004/ 0.000/ 0.000, Output= 0.101(-1.000/1.000), Volt=12.6(9.4)
GlobalTracer.startCompetition_Warn: AUTO_MODE.updates takes too long (0.024s)

GlobalTracer.printPidInfo_Info: [7.655] elevatorPidController: Target=   8.0, Input=   7.5, Error=   0.5, PIDTerms= 0.105/-0.004/ 0.000/ 0.000, Output= 0.101(-1.000/1.000), Volt=12.6(9.4)
GlobalTracer.startCompetition_Warn: AUTO_MODE.updates takes too long (0.024s)

GlobalTracer.printPidInfo_Info: [7.712] elevatorPidController: Target=   8.0, Input=   7.5, Error=   0.5, PIDTerms= 0.105/-0.004/ 0.000/ 0.000, Output= 0.101(-1.000/1.000), Volt=12.6(9.4)
GlobalTracer.startCompetition_Warn: AUTO_MODE.updates takes too long (0.026s)

GlobalTracer.printPidInfo_Info: [7.770] elevatorPidController: Target=   8.0, Input=   7.5, Error=   0.5, PIDTerms= 0.105/-0.004/ 0.000/ 0.000, Output= 0.101(-1.000/1.000), Volt=12.6(9.4)
GlobalTracer.startCompetition_Warn: AUTO_MODE.updates takes too long (0.028s)

GlobalTracer.printPidInfo_Info: [7.828] elevatorPidController: Target=   8.0, Input=   7.5, Error=   0.5, PIDTerms= 0.105/-0.004/ 0.000/ 0.000, Output= 0.101(-1.000/1.000), Volt=12.6(9.4)
GlobalTracer.startCompetition_Warn: AUTO_MODE.updates takes too long (0.029s)

GlobalTracer.printPidInfo_Info: [7.882] elevatorPidController: Target=   8.0, Input=   7.5, Error=   0.5, PIDTerms= 0.105/-0.004/ 0.000/ 0.000, Output= 0.101(-1.000/1.000), Volt=12.6(9.4)
GlobalTracer.startCompetition_Warn: AUTO_MODE.updates takes too long (0.027s)

GlobalTracer.printPidInfo_Info: [7.938] elevatorPidController: Target=   8.0, Input=   7.5, Error=   0.5, PIDTerms= 0.105/-0.004/ 0.000/ 0.000, Output= 0.101(-1.000/1.000), Volt=12.6(9.4)
GlobalTracer.startCompetition_Warn: AUTO_MODE.updates takes too long (0.023s)

GlobalTracer.printPidInfo_Info: [7.992] elevatorPidController: Target=   8.0, Input=   7.5, Error=   0.5, PIDTerms= 0.105/-0.004/ 0.000/ 0.000, Output= 0.101(-1.000/1.000), Volt=12.6(9.4)
GlobalTracer.startCompetition_Warn: AUTO_MODE.updates takes too long (0.027s)

GlobalTracer.printPidInfo_Info: [8.052] elevatorPidController: Target=   8.0, Input=   7.5, Error=   0.5, PIDTerms= 0.105/-0.004/ 0.000/ 0.000, Output= 0.101(-1.000/1.000), Volt=12.6(9.4)
GlobalTracer.startCompetition_Warn: AUTO_MODE.updates takes too long (0.028s)

GlobalTracer.printPidInfo_Info: [8.113] elevatorPidController: Target=   8.0, Input=   7.5, Error=   0.5, PIDTerms= 0.105/-0.004/ 0.000/ 0.000, Output= 0.101(-1.000/1.000), Volt=12.6(9.4)
GlobalTracer.startCompetition_Warn: AUTO_MODE.updates takes too long (0.029s)

GlobalTracer.printPidInfo_Info: [8.174] elevatorPidController: Target=   8.0, Input=   7.5, Error=   0.5, PIDTerms= 0.105/-0.004/ 0.000/ 0.000, Output= 0.101(-1.000/1.000), Volt=12.6(9.4)
GlobalTracer.startCompetition_Warn: AUTO_MODE.updates takes too long (0.028s)

GlobalTracer.printPidInfo_Info: [8.238] elevatorPidController: Target=   8.0, Input=   7.5, Error=   0.5, PIDTerms= 0.105/-0.004/ 0.000/ 0.000, Output= 0.101(-1.000/1.000), Volt=12.7(9.4)
GlobalTracer.printPidInfo_Info: [8.288] elevatorPidController: Target=   8.0, Input=   7.5, Error=   0.5, PIDTerms= 0.105/-0.004/ 0.000/ 0.000, Output= 0.101(-1.000/1.000), Volt=12.6(9.4)
GlobalTracer.startCompetition_Warn: AUTO_MODE.periodic takes too long (0.021s)

GlobalTracer.startCompetition_Warn: AUTO_MODE.updates takes too long (0.024s)

GlobalTracer.printPidInfo_Info: [8.349] elevatorPidController: Target=   8.0, Input=   7.5, Error=   0.5, PIDTerms= 0.105/-0.004/ 0.000/ 0.000, Output= 0.101(-1.000/1.000), Volt=12.6(9.4)
GlobalTracer.startCompetition_Warn: AUTO_MODE.updates takes too long (0.023s)

GlobalTracer.printPidInfo_Info: [8.405] elevatorPidController: Target=   8.0, Input=   7.5, Error=   0.5, PIDTerms= 0.105/-0.004/ 0.000/ 0.000, Output= 0.101(-1.000/1.000), Volt=12.6(9.4)
GlobalTracer.startCompetition_Warn: AUTO_MODE.updates takes too long (0.024s)

GlobalTracer.printPidInfo_Info: [8.455] elevatorPidController: Target=   8.0, Input=   7.5, Error=   0.5, PIDTerms= 0.105/-0.004/ 0.000/ 0.000, Output= 0.101(-1.000/1.000), Volt=12.6(9.4)
GlobalTracer.startCompetition_Warn: AUTO_MODE.updates takes too long (0.025s)

GlobalTracer.printPidInfo_Info: [8.509] elevatorPidController: Target=   8.0, Input=   7.5, Error=   0.5, PIDTerms= 0.105/-0.003/ 0.000/ 0.000, Output= 0.101(-1.000/1.000), Volt=12.6(9.4)
GlobalTracer.startCompetition_Warn: AUTO_MODE.updates takes too long (0.031s)

GlobalTracer.printPidInfo_Info: [8.563] elevatorPidController: Target=   8.0, Input=   7.5, Error=   0.5, PIDTerms= 0.105/-0.003/ 0.000/ 0.000, Output= 0.101(-1.000/1.000), Volt=12.6(9.4)
GlobalTracer.startCompetition_Warn: AUTO_MODE.updates takes too long (0.022s)

GlobalTracer.printPidInfo_Info: [8.615] elevatorPidController: Target=   8.0, Input=   7.5, Error=   0.5, PIDTerms= 0.105/-0.003/ 0.000/ 0.000, Output= 0.101(-1.000/1.000), Volt=12.6(9.4)
GlobalTracer.startCompetition_Warn: AUTO_MODE.updates takes too long (0.023s)

GlobalTracer.printPidInfo_Info: [8.668] elevatorPidController: Target=   8.0, Input=   7.5, Error=   0.5, PIDTerms= 0.105/-0.003/ 0.000/ 0.000, Output= 0.101(-1.000/1.000), Volt=12.6(9.4)
GlobalTracer.startCompetition_Warn: AUTO_MODE.updates takes too long (0.023s)

GlobalTracer.printPidInfo_Info: [8.717] elevatorPidController: Target=   8.0, Input=   7.5, Error=   0.5, PIDTerms= 0.105/-0.003/ 0.000/ 0.000, Output= 0.101(-1.000/1.000), Volt=12.6(9.4)
GlobalTracer.startCompetition_Warn: AUTO_MODE.updates takes too long (0.024s)

GlobalTracer.printPidInfo_Info: [8.770] elevatorPidController: Target=   8.0, Input=   7.5, Error=   0.5, PIDTerms= 0.105/-0.003/ 0.000/ 0.000, Output= 0.101(-1.000/1.000), Volt=12.6(9.4)
GlobalTracer.startCompetition_Warn: AUTO_MODE.updates takes too long (0.054s)

GlobalTracer.printPidInfo_Info: [8.859] elevatorPidController: Target=   8.0, Input=   7.5, Error=   0.5, PIDTerms= 0.105/-0.003/ 0.000/ 0.000, Output= 0.101(-1.000/1.000), Volt=12.6(9.4)
GlobalTracer.startCompetition_Warn: AUTO_MODE.periodic takes too long (0.021s)

GlobalTracer.startCompetition_Warn: AUTO_MODE.updates takes too long (0.039s)

GlobalTracer.startCompetition_Warn: AUTO_MODE.preContinuousTasks takes too long (0.024s)

GlobalTracer.printPidInfo_Info: [8.932] elevatorPidController: Target=   8.0, Input=   7.5, Error=   0.5, PIDTerms= 0.105/-0.003/ 0.000/ 0.000, Output= 0.101(-1.000/1.000), Volt=12.5(9.4)
GlobalTracer.startCompetition_Warn: AUTO_MODE.updates takes too long (0.052s)

GlobalTracer.printPidInfo_Info: [9.021] elevatorPidController: Target=   8.0, Input=   7.5, Error=   0.5, PIDTerms= 0.105/-0.003/ 0.000/ 0.000, Output= 0.101(-1.000/1.000), Volt=12.6(9.4)
GlobalTracer.startCompetition_Warn: AUTO_MODE.periodic takes too long (0.021s)

GlobalTracer.startCompetition_Warn: AUTO_MODE.updates takes too long (0.058s)

GlobalTracer.printPidInfo_Info: [9.118] elevatorPidController: Target=   8.0, Input=   7.5, Error=   0.5, PIDTerms= 0.105/-0.003/ 0.000/ 0.000, Output= 0.101(-1.000/1.000), Volt=12.5(9.4)
GlobalTracer.startCompetition_Warn: AUTO_MODE.updates takes too long (0.041s)

GlobalTracer.startCompetition_Warn: AUTO_MODE.preContinuousTasks takes too long (0.027s)

GlobalTracer.printPidInfo_Info: [9.192] elevatorPidController: Target=   8.0, Input=   7.5, Error=   0.5, PIDTerms= 0.105/-0.003/ 0.000/ 0.000, Output= 0.101(-1.000/1.000), Volt=12.7(9.4)
GlobalTracer.startCompetition_Warn: AUTO_MODE.periodic takes too long (0.035s)

GlobalTracer.startCompetition_Warn: AUTO_MODE.updates takes too long (0.052s)

GlobalTracer.startCompetition_Warn: AUTO_MODE takes too long (0.127s)

GlobalTracer.printPidInfo_Info: [9.319] elevatorPidController: Target=   8.0, Input=   7.5, Error=   0.5, PIDTerms= 0.105/-0.003/ 0.000/ 0.000, Output= 0.102(-1.000/1.000), Volt=12.6(9.4)
GlobalTracer.startCompetition_Warn: AUTO_MODE.updates takes too long (0.058s)

GlobalTracer.printPidInfo_Info: [9.405] elevatorPidController: Target=   8.0, Input=   7.5, Error=   0.5, PIDTerms= 0.105/-0.003/ 0.000/ 0.000, Output= 0.102(-1.000/1.000), Volt=12.7(9.4)
GlobalTracer.startCompetition_Warn: AUTO_MODE.updates takes too long (0.034s)

GlobalTracer.startCompetition_Warn: AUTO_MODE.preContinuousTasks takes too long (0.021s)

GlobalTracer.printPidInfo_Info: [9.474] elevatorPidController: Target=   8.0, Input=   7.5, Error=   0.5, PIDTerms= 0.105/-0.003/ 0.000/ 0.000, Output= 0.102(-1.000/1.000), Volt=12.6(9.4)
GlobalTracer.startCompetition_Warn: AUTO_MODE.updates takes too long (0.052s)

GlobalTracer.printPidInfo_Info: [9.561] elevatorPidController: Target=   8.0, Input=   7.5, Error=   0.5, PIDTerms= 0.105/-0.003/ 0.000/ 0.000, Output= 0.102(-1.000/1.000), Volt=12.7(9.4)
GlobalTracer.startCompetition_Warn: AUTO_MODE.periodic takes too long (0.025s)

GlobalTracer.startCompetition_Warn: AUTO_MODE.updates takes too long (0.038s)

GlobalTracer.printPidInfo_Info: [9.651] elevatorPidController: Target=   8.0, Input=   7.5, Error=   0.5, PIDTerms= 0.105/-0.003/ 0.000/ 0.000, Output= 0.102(-1.000/1.000), Volt=12.6(9.4)
GlobalTracer.startCompetition_Warn: AUTO_MODE.periodic takes too long (0.022s)

GlobalTracer.startCompetition_Warn: AUTO_MODE.updates takes too long (0.044s)

GlobalTracer.printPidInfo_Info: [9.747] elevatorPidController: Target=   8.0, Input=   7.5, Error=   0.5, PIDTerms= 0.105/-0.003/ 0.000/ 0.000, Output= 0.102(-1.000/1.000), Volt=12.6(9.4)
GlobalTracer.startCompetition_Warn: AUTO_MODE.updates takes too long (0.037s)

GlobalTracer.printPidInfo_Info: [9.812] elevatorPidController: Target=   8.0, Input=   7.5, Error=   0.5, PIDTerms= 0.105/-0.003/ 0.000/ 0.000, Output= 0.102(-1.000/1.000), Volt=12.6(9.4)
GlobalTracer.startCompetition_Warn: AUTO_MODE.updates takes too long (0.031s)

GlobalTracer.printPidInfo_Info: [9.882] elevatorPidController: Target=   8.0, Input=   7.5, Error=   0.5, PIDTerms= 0.105/-0.003/ 0.000/ 0.000, Output= 0.102(-1.000/1.000), Volt=12.6(9.4)
GlobalTracer.startCompetition_Warn: AUTO_MODE.updates takes too long (0.029s)

GlobalTracer.printPidInfo_Info: [9.934] elevatorPidController: Target=   8.0, Input=   7.5, Error=   0.5, PIDTerms= 0.105/-0.003/ 0.000/ 0.000, Output= 0.102(-1.000/1.000), Volt=12.5(9.4)
GlobalTracer.startCompetition_Warn: AUTO_MODE.updates takes too long (0.022s)

GlobalTracer.printPidInfo_Info: [9.991] elevatorPidController: Target=   8.0, Input=   7.5, Error=   0.5, PIDTerms= 0.105/-0.003/ 0.000/ 0.000, Output= 0.102(-1.000/1.000), Volt=12.6(9.4)
GlobalTracer.startCompetition_Warn: AUTO_MODE.updates takes too long (0.037s)

GlobalTracer.printPidInfo_Info: [10.065] elevatorPidController: Target=   8.0, Input=   7.5, Error=   0.5, PIDTerms= 0.105/-0.003/ 0.000/ 0.000, Output= 0.102(-1.000/1.000), Volt=12.6(9.4)
GlobalTracer.startCompetition_Warn: AUTO_MODE.updates takes too long (0.029s)

GlobalTracer.printPidInfo_Info: [10.128] elevatorPidController: Target=   8.0, Input=   7.5, Error=   0.5, PIDTerms= 0.105/-0.003/ 0.000/ 0.000, Output= 0.102(-1.000/1.000), Volt=12.6(9.4)
GlobalTracer.startCompetition_Warn: AUTO_MODE.updates takes too long (0.035s)

GlobalTracer.printPidInfo_Info: [10.205] elevatorPidController: Target=   8.0, Input=   7.5, Error=   0.5, PIDTerms= 0.105/-0.003/ 0.000/ 0.000, Output= 0.102(-1.000/1.000), Volt=12.6(9.4)
GlobalTracer.startCompetition_Warn: AUTO_MODE.updates takes too long (0.035s)

GlobalTracer.printPidInfo_Info: [10.267] elevatorPidController: Target=   8.0, Input=   7.5, Error=   0.5, PIDTerms= 0.105/-0.003/ 0.000/ 0.000, Output= 0.102(-1.000/1.000), Volt=12.6(9.4)
GlobalTracer.startCompetition_Warn: AUTO_MODE.updates takes too long (0.033s)

GlobalTracer.printPidInfo_Info: [10.345] elevatorPidController: Target=   8.0, Input=   7.5, Error=   0.5, PIDTerms= 0.105/-0.003/ 0.000/ 0.000, Output= 0.102(-1.000/1.000), Volt=12.7(9.4)
GlobalTracer.startCompetition_Warn: AUTO_MODE.updates takes too long (0.032s)

GlobalTracer.printPidInfo_Info: [10.412] elevatorPidController: Target=   8.0, Input=   7.5, Error=   0.5, PIDTerms= 0.105/-0.002/ 0.000/ 0.000, Output= 0.102(-1.000/1.000), Volt=12.5(9.4)
GlobalTracer.startCompetition_Warn: AUTO_MODE.updates takes too long (0.042s)

GlobalTracer.printPidInfo_Info: [10.497] elevatorPidController: Target=   8.0, Input=   7.5, Error=   0.5, PIDTerms= 0.105/-0.002/ 0.000/ 0.000, Output= 0.102(-1.000/1.000), Volt=12.6(9.4)
GlobalTracer.startCompetition_Warn: AUTO_MODE.updates takes too long (0.032s)

GlobalTracer.printPidInfo_Info: [10.556] elevatorPidController: Target=   8.0, Input=   7.5, Error=   0.5, PIDTerms= 0.105/-0.002/ 0.000/ 0.000, Output= 0.102(-1.000/1.000), Volt=12.6(9.4)
GlobalTracer.startCompetition_Warn: AUTO_MODE.updates takes too long (0.032s)

GlobalTracer.printPidInfo_Info: [10.624] elevatorPidController: Target=   8.0, Input=   7.5, Error=   0.5, PIDTerms= 0.105/-0.002/ 0.000/ 0.000, Output= 0.102(-1.000/1.000), Volt=12.6(9.4)
GlobalTracer.startCompetition_Warn: AUTO_MODE.updates takes too long (0.030s)

GlobalTracer.printPidInfo_Info: [10.683] elevatorPidController: Target=   8.0, Input=   7.5, Error=   0.5, PIDTerms= 0.105/-0.002/ 0.000/ 0.000, Output= 0.102(-1.000/1.000), Volt=12.6(9.4)
GlobalTracer.startCompetition_Warn: AUTO_MODE.updates takes too long (0.036s)

GlobalTracer.printPidInfo_Info: [10.749] elevatorPidController: Target=   8.0, Input=   7.5, Error=   0.5, PIDTerms= 0.105/-0.002/ 0.000/ 0.000, Output= 0.102(-1.000/1.000), Volt=12.6(9.4)
GlobalTracer.startCompetition_Warn: AUTO_MODE.updates takes too long (0.025s)

GlobalTracer.printPidInfo_Info: [10.798] elevatorPidController: Target=   8.0, Input=   7.5, Error=   0.5, PIDTerms= 0.105/-0.002/ 0.000/ 0.000, Output= 0.102(-1.000/1.000), Volt=12.6(9.4)
GlobalTracer.startCompetition_Warn: AUTO_MODE.updates takes too long (0.027s)

GlobalTracer.printPidInfo_Info: [10.856] elevatorPidController: Target=   8.0, Input=   7.5, Error=   0.5, PIDTerms= 0.105/-0.002/ 0.000/ 0.000, Output= 0.102(-1.000/1.000), Volt=12.6(9.4)
GlobalTracer.startCompetition_Warn: AUTO_MODE.updates takes too long (0.036s)

GlobalTracer.printPidInfo_Info: [10.935] elevatorPidController: Target=   8.0, Input=   7.5, Error=   0.5, PIDTerms= 0.105/-0.002/ 0.000/ 0.000, Output= 0.102(-1.000/1.000), Volt=12.6(9.4)
GlobalTracer.startCompetition_Warn: AUTO_MODE.continuous takes too long (0.020s)

GlobalTracer.startCompetition_Warn: AUTO_MODE.updates takes too long (0.028s)

GlobalTracer.printPidInfo_Info: [11.012] elevatorPidController: Target=   8.0, Input=   7.5, Error=   0.5, PIDTerms= 0.105/-0.002/ 0.000/ 0.000, Output= 0.102(-1.000/1.000), Volt=12.6(9.4)
GlobalTracer.printPidInfo_Info: [11.071] elevatorPidController: Target=   8.0, Input=   7.5, Error=   0.5, PIDTerms= 0.105/-0.002/ 0.000/ 0.000, Output= 0.102(-1.000/1.000), Volt=12.6(9.4)
GlobalTracer.startCompetition_Warn: AUTO_MODE.updates takes too long (0.036s)

GlobalTracer.printPidInfo_Info: [11.148] elevatorPidController: Target=   8.0, Input=   7.5, Error=   0.5, PIDTerms= 0.105/-0.002/ 0.000/ 0.000, Output= 0.102(-1.000/1.000), Volt=12.6(9.4)
GlobalTracer.startCompetition_Warn: AUTO_MODE.updates takes too long (0.034s)

GlobalTracer.printPidInfo_Info: [11.216] elevatorPidController: Target=   8.0, Input=   7.5, Error=   0.5, PIDTerms= 0.105/-0.002/ 0.000/ 0.000, Output= 0.103(-1.000/1.000), Volt=12.6(9.4)
GlobalTracer.startCompetition_Warn: AUTO_MODE.updates takes too long (0.041s)

GlobalTracer.printPidInfo_Info: [11.293] elevatorPidController: Target=   8.0, Input=   7.5, Error=   0.5, PIDTerms= 0.105/-0.002/ 0.000/ 0.000, Output= 0.103(-1.000/1.000), Volt=12.7(9.4)
GlobalTracer.startCompetition_Warn: AUTO_MODE.updates takes too long (0.033s)

GlobalTracer.printPidInfo_Info: [11.361] elevatorPidController: Target=   8.0, Input=   7.5, Error=   0.5, PIDTerms= 0.105/-0.002/ 0.000/ 0.000, Output= 0.103(-1.000/1.000), Volt=12.6(9.4)
GlobalTracer.startCompetition_Warn: AUTO_MODE.updates takes too long (0.037s)

GlobalTracer.printPidInfo_Info: [11.432] elevatorPidController: Target=   8.0, Input=   7.5, Error=   0.5, PIDTerms= 0.105/-0.002/ 0.000/ 0.000, Output= 0.103(-1.000/1.000), Volt=12.6(9.4)
GlobalTracer.startCompetition_Warn: AUTO_MODE.updates takes too long (0.027s)

GlobalTracer.printPidInfo_Info: [11.491] elevatorPidController: Target=   8.0, Input=   7.5, Error=   0.5, PIDTerms= 0.105/-0.002/ 0.000/ 0.000, Output= 0.103(-1.000/1.000), Volt=12.7(9.4)
GlobalTracer.startCompetition_Warn: AUTO_MODE.updates takes too long (0.024s)

GlobalTracer.printPidInfo_Info: [11.551] elevatorPidController: Target=   8.0, Input=   7.5, Error=   0.5, PIDTerms= 0.105/-0.002/ 0.000/ 0.000, Output= 0.103(-1.000/1.000), Volt=12.6(9.4)
GlobalTracer.startCompetition_Warn: AUTO_MODE.updates takes too long (0.035s)

GlobalTracer.printPidInfo_Info: [11.629] elevatorPidController: Target=   8.0, Input=   7.5, Error=   0.5, PIDTerms= 0.105/-0.002/ 0.000/ 0.000, Output= 0.103(-1.000/1.000), Volt=12.6(9.4)
GlobalTracer.startCompetition_Warn: AUTO_MODE.updates takes too long (0.032s)

GlobalTracer.printPidInfo_Info: [11.695] elevatorPidController: Target=   8.0, Input=   7.5, Error=   0.5, PIDTerms= 0.105/-0.002/ 0.000/ 0.000, Output= 0.103(-1.000/1.000), Volt=12.6(9.4)
GlobalTracer.startCompetition_Warn: AUTO_MODE.updates takes too long (0.031s)

GlobalTracer.printPidInfo_Info: [11.761] elevatorPidController: Target=   8.0, Input=   7.5, Error=   0.5, PIDTerms= 0.105/-0.002/ 0.000/ 0.000, Output= 0.103(-1.000/1.000), Volt=12.6(9.4)
GlobalTracer.startCompetition_Warn: AUTO_MODE.updates takes too long (0.035s)

GlobalTracer.printPidInfo_Info: [11.829] elevatorPidController: Target=   8.0, Input=   7.5, Error=   0.5, PIDTerms= 0.105/-0.002/ 0.000/ 0.000, Output= 0.103(-1.000/1.000), Volt=12.6(9.4)
GlobalTracer.startCompetition_Warn: AUTO_MODE.updates takes too long (0.029s)

GlobalTracer.printPidInfo_Info: [11.897] elevatorPidController: Target=   8.0, Input=   7.5, Error=   0.5, PIDTerms= 0.105/-0.002/ 0.000/ 0.000, Output= 0.103(-1.000/1.000), Volt=12.6(9.4)
GlobalTracer.startCompetition_Warn: AUTO_MODE.updates takes too long (0.021s)

GlobalTracer.printPidInfo_Info: [11.956] elevatorPidController: Target=   8.0, Input=   7.5, Error=   0.5, PIDTerms= 0.105/-0.002/ 0.000/ 0.000, Output= 0.103(-1.000/1.000), Volt=12.6(9.4)
GlobalTracer.startCompetition_Warn: AUTO_MODE.updates takes too long (0.035s)

GlobalTracer.printPidInfo_Info: [12.029] elevatorPidController: Target=   8.0, Input=   7.5, Error=   0.5, PIDTerms= 0.105/-0.002/ 0.000/ 0.000, Output= 0.103(-1.000/1.000), Volt=12.6(9.4)
GlobalTracer.startCompetition_Warn: AUTO_MODE.updates takes too long (0.035s)

GlobalTracer.printPidInfo_Info: [12.105] elevatorPidController: Target=   8.0, Input=   7.5, Error=   0.5, PIDTerms= 0.105/-0.002/ 0.000/ 0.000, Output= 0.103(-1.000/1.000), Volt=12.6(9.4)
GlobalTracer.startCompetition_Warn: AUTO_MODE.updates takes too long (0.037s)

GlobalTracer.printPidInfo_Info: [12.171] elevatorPidController: Target=   8.0, Input=   7.5, Error=   0.5, PIDTerms= 0.105/-0.002/ 0.000/ 0.000, Output= 0.103(-1.000/1.000), Volt=12.6(9.4)
GlobalTracer.startCompetition_Warn: AUTO_MODE.updates takes too long (0.038s)

GlobalTracer.printPidInfo_Info: [12.248] elevatorPidController: Target=   8.0, Input=   7.5, Error=   0.5, PIDTerms= 0.105/-0.002/ 0.000/ 0.000, Output= 0.103(-1.000/1.000), Volt=12.6(9.4)
GlobalTracer.startCompetition_Warn: AUTO_MODE.updates takes too long (0.030s)

GlobalTracer.printPidInfo_Info: [12.320] elevatorPidController: Target=   8.0, Input=   7.5, Error=   0.5, PIDTerms= 0.105/-0.001/ 0.000/ 0.000, Output= 0.103(-1.000/1.000), Volt=12.7(9.4)
GlobalTracer.startCompetition_Warn: AUTO_MODE.updates takes too long (0.035s)

GlobalTracer.printPidInfo_Info: [12.393] elevatorPidController: Target=   8.0, Input=   7.5, Error=   0.5, PIDTerms= 0.105/-0.001/ 0.000/ 0.000, Output= 0.103(-1.000/1.000), Volt=12.6(9.4)
GlobalTracer.startCompetition_Warn: AUTO_MODE.updates takes too long (0.030s)

GlobalTracer.printPidInfo_Info: [12.450] elevatorPidController: Target=   8.0, Input=   7.5, Error=   0.5, PIDTerms= 0.105/-0.001/ 0.000/ 0.000, Output= 0.103(-1.000/1.000), Volt=12.7(9.4)
GlobalTracer.startCompetition_Warn: AUTO_MODE.updates takes too long (0.030s)

GlobalTracer.printPidInfo_Info: [12.522] elevatorPidController: Target=   8.0, Input=   7.5, Error=   0.5, PIDTerms= 0.105/-0.001/ 0.000/ 0.000, Output= 0.103(-1.000/1.000), Volt=12.6(9.4)
GlobalTracer.startCompetition_Warn: AUTO_MODE.updates takes too long (0.031s)

GlobalTracer.printPidInfo_Info: [12.592] elevatorPidController: Target=   8.0, Input=   7.5, Error=   0.5, PIDTerms= 0.105/-0.001/ 0.000/ 0.000, Output= 0.103(-1.000/1.000), Volt=12.7(9.4)
GlobalTracer.startCompetition_Warn: AUTO_MODE.periodic takes too long (0.021s)

GlobalTracer.startCompetition_Warn: AUTO_MODE.updates takes too long (0.030s)

GlobalTracer.printPidInfo_Info: [12.673] elevatorPidController: Target=   8.0, Input=   7.5, Error=   0.5, PIDTerms= 0.105/-0.001/ 0.000/ 0.000, Output= 0.103(-1.000/1.000), Volt=12.5(9.4)
GlobalTracer.startCompetition_Warn: AUTO_MODE.updates takes too long (0.038s)

GlobalTracer.printPidInfo_Info: [12.752] elevatorPidController: Target=   8.0, Input=   7.5, Error=   0.5, PIDTerms= 0.105/-0.001/ 0.000/ 0.000, Output= 0.103(-1.000/1.000), Volt=12.6(9.4)
GlobalTracer.startCompetition_Warn: AUTO_MODE.updates takes too long (0.034s)

GlobalTracer.printPidInfo_Info: [12.826] elevatorPidController: Target=   8.0, Input=   7.5, Error=   0.5, PIDTerms= 0.105/-0.001/ 0.000/ 0.000, Output= 0.103(-1.000/1.000), Volt=12.6(9.4)
GlobalTracer.startCompetition_Warn: AUTO_MODE.updates takes too long (0.025s)

GlobalTracer.printPidInfo_Info: [12.890] elevatorPidController: Target=   8.0, Input=   7.5, Error=   0.5, PIDTerms= 0.105/-0.001/ 0.000/ 0.000, Output= 0.103(-1.000/1.000), Volt=12.6(9.4)
GlobalTracer.printPidInfo_Info: [12.933] elevatorPidController: Target=   8.0, Input=   7.5, Error=   0.5, PIDTerms= 0.105/-0.001/ 0.000/ 0.000, Output= 0.103(-1.000/1.000), Volt=12.6(9.4)
GlobalTracer.startCompetition_Warn: AUTO_MODE.updates takes too long (0.031s)

GlobalTracer.printPidInfo_Info: [13.001] elevatorPidController: Target=   8.0, Input=   7.5, Error=   0.5, PIDTerms= 0.105/-0.001/ 0.000/ 0.000, Output= 0.103(-1.000/1.000), Volt=12.6(9.4)
GlobalTracer.startCompetition_Warn: AUTO_MODE.updates takes too long (0.028s)

GlobalTracer.printPidInfo_Info: [13.063] elevatorPidController: Target=   8.0, Input=   7.5, Error=   0.5, PIDTerms= 0.105/-0.001/ 0.000/ 0.000, Output= 0.103(-1.000/1.000), Volt=12.6(9.4)
GlobalTracer.startCompetition_Warn: AUTO_MODE.updates takes too long (0.032s)

GlobalTracer.printPidInfo_Info: [13.132] elevatorPidController: Target=   8.0, Input=   7.5, Error=   0.5, PIDTerms= 0.105/-0.001/ 0.000/ 0.000, Output= 0.104(-1.000/1.000), Volt=12.6(9.4)
GlobalTracer.startCompetition_Warn: AUTO_MODE.updates takes too long (0.030s)

GlobalTracer.printPidInfo_Info: [13.200] elevatorPidController: Target=   8.0, Input=   7.5, Error=   0.5, PIDTerms= 0.105/-0.001/ 0.000/ 0.000, Output= 0.104(-1.000/1.000), Volt=12.6(9.4)
GlobalTracer.startCompetition_Warn: AUTO_MODE.updates takes too long (0.034s)

GlobalTracer.printPidInfo_Info: [13.269] elevatorPidController: Target=   8.0, Input=   7.5, Error=   0.5, PIDTerms= 0.105/-0.001/ 0.000/ 0.000, Output= 0.104(-1.000/1.000), Volt=12.6(9.4)
GlobalTracer.startCompetition_Warn: AUTO_MODE.updates takes too long (0.028s)

GlobalTracer.printPidInfo_Info: [13.332] elevatorPidController: Target=   8.0, Input=   7.5, Error=   0.5, PIDTerms= 0.105/-0.001/ 0.000/ 0.000, Output= 0.104(-1.000/1.000), Volt=12.6(9.4)
GlobalTracer.startCompetition_Warn: AUTO_MODE.updates takes too long (0.033s)

GlobalTracer.printPidInfo_Info: [13.412] elevatorPidController: Target=   8.0, Input=   7.5, Error=   0.5, PIDTerms= 0.105/-0.001/ 0.000/ 0.000, Output= 0.104(-1.000/1.000), Volt=12.7(9.4)
GlobalTracer.startCompetition_Warn: AUTO_MODE.periodic takes too long (0.022s)

GlobalTracer.startCompetition_Warn: AUTO_MODE.updates takes too long (0.040s)

GlobalTracer.printPidInfo_Info: [13.504] elevatorPidController: Target=   8.0, Input=   7.5, Error=   0.5, PIDTerms= 0.105/-0.001/ 0.000/ 0.000, Output= 0.104(-1.000/1.000), Volt=12.6(9.4)
GlobalTracer.startCompetition_Warn: AUTO_MODE.updates takes too long (0.040s)

GlobalTracer.printPidInfo_Info: [13.578] elevatorPidController: Target=   8.0, Input=   7.5, Error=   0.5, PIDTerms= 0.105/-0.001/ 0.000/ 0.000, Output= 0.104(-1.000/1.000), Volt=12.7(9.4)
GlobalTracer.startCompetition_Warn: AUTO_MODE.updates takes too long (0.035s)

GlobalTracer.printPidInfo_Info: [13.647] elevatorPidController: Target=   8.0, Input=   7.5, Error=   0.5, PIDTerms= 0.105/-0.001/ 0.000/ 0.000, Output= 0.104(-1.000/1.000), Volt=12.6(9.4)
GlobalTracer.startCompetition_Warn: AUTO_MODE.updates takes too long (0.032s)

GlobalTracer.printPidInfo_Info: [13.715] elevatorPidController: Target=   8.0, Input=   7.5, Error=   0.5, PIDTerms= 0.105/-0.001/ 0.000/ 0.000, Output= 0.104(-1.000/1.000), Volt=12.6(9.4)
GlobalTracer.startCompetition_Warn: AUTO_MODE.updates takes too long (0.039s)

GlobalTracer.printPidInfo_Info: [13.792] elevatorPidController: Target=   8.0, Input=   7.5, Error=   0.5, PIDTerms= 0.105/-0.001/ 0.000/ 0.000, Output= 0.104(-1.000/1.000), Volt=12.6(9.4)
GlobalTracer.startCompetition_Warn: AUTO_MODE.updates takes too long (0.027s)

GlobalTracer.printPidInfo_Info: [13.850] elevatorPidController: Target=   8.0, Input=   7.5, Error=   0.5, PIDTerms= 0.105/-0.001/ 0.000/ 0.000, Output= 0.104(-1.000/1.000), Volt=12.6(9.4)
GlobalTracer.startCompetition_Warn: AUTO_MODE.updates takes too long (0.030s)

GlobalTracer.printPidInfo_Info: [13.917] elevatorPidController: Target=   8.0, Input=   7.5, Error=   0.5, PIDTerms= 0.105/-0.001/ 0.000/ 0.000, Output= 0.104(-1.000/1.000), Volt=12.6(9.4)
GlobalTracer.startCompetition_Warn: AUTO_MODE.updates takes too long (0.035s)

GlobalTracer.printPidInfo_Info: [13.991] elevatorPidController: Target=   8.0, Input=   7.5, Error=   0.5, PIDTerms= 0.105/-0.001/ 0.000/ 0.000, Output= 0.104(-1.000/1.000), Volt=12.6(9.4)
GlobalTracer.startCompetition_Warn: AUTO_MODE.updates takes too long (0.035s)

GlobalTracer.printPidInfo_Info: [14.067] elevatorPidController: Target=   8.0, Input=   7.5, Error=   0.5, PIDTerms= 0.105/-0.001/ 0.000/ 0.000, Output= 0.104(-1.000/1.000), Volt=12.6(9.4)
GlobalTracer.startCompetition_Warn: AUTO_MODE.updates takes too long (0.028s)

GlobalTracer.printPidInfo_Info: [14.137] elevatorPidController: Target=   8.0, Input=   7.5, Error=   0.5, PIDTerms= 0.105/-0.001/ 0.000/ 0.000, Output= 0.104(-1.000/1.000), Volt=12.6(9.4)
GlobalTracer.startCompetition_Warn: AUTO_MODE.updates takes too long (0.024s)

GlobalTracer.printPidInfo_Info: [14.203] elevatorPidController: Target=   8.0, Input=   7.5, Error=   0.5, PIDTerms= 0.105/-0.001/ 0.000/ 0.000, Output= 0.104(-1.000/1.000), Volt=12.7(9.4)
GlobalTracer.startCompetition_Warn: AUTO_MODE.updates takes too long (0.031s)

GlobalTracer.printPidInfo_Info: [14.268] elevatorPidController: Target=   8.0, Input=   7.5, Error=   0.5, PIDTerms= 0.105/-0.000/ 0.000/ 0.000, Output= 0.104(-1.000/1.000), Volt=12.6(9.4)
GlobalTracer.startCompetition_Warn: AUTO_MODE.updates takes too long (0.026s)

GlobalTracer.printPidInfo_Info: [14.328] elevatorPidController: Target=   8.0, Input=   7.5, Error=   0.5, PIDTerms= 0.105/-0.000/ 0.000/ 0.000, Output= 0.104(-1.000/1.000), Volt=12.6(9.4)
GlobalTracer.startCompetition_Warn: AUTO_MODE.updates takes too long (0.026s)

GlobalTracer.printPidInfo_Info: [14.391] elevatorPidController: Target=   8.0, Input=   7.5, Error=   0.5, PIDTerms= 0.105/-0.000/ 0.000/ 0.000, Output= 0.104(-1.000/1.000), Volt=12.7(9.4)
GlobalTracer.startCompetition_Warn: AUTO_MODE.updates takes too long (0.027s)

GlobalTracer.printPidInfo_Info: [14.451] elevatorPidController: Target=   8.0, Input=   7.5, Error=   0.5, PIDTerms= 0.105/-0.000/ 0.000/ 0.000, Output= 0.104(-1.000/1.000), Volt=12.7(9.4)
GlobalTracer.startCompetition_Warn: AUTO_MODE.updates takes too long (0.027s)

GlobalTracer.printPidInfo_Info: [14.517] elevatorPidController: Target=   8.0, Input=   7.5, Error=   0.5, PIDTerms= 0.105/-0.000/ 0.000/ 0.000, Output= 0.104(-1.000/1.000), Volt=12.6(9.4)
GlobalTracer.startCompetition_Warn: AUTO_MODE.updates takes too long (0.033s)

GlobalTracer.printPidInfo_Info: [14.586] elevatorPidController: Target=   8.0, Input=   7.5, Error=   0.5, PIDTerms= 0.105/-0.000/ 0.000/ 0.000, Output= 0.104(-1.000/1.000), Volt=12.6(9.4)
GlobalTracer.startCompetition_Warn: AUTO_MODE.updates takes too long (0.040s)

GlobalTracer.printPidInfo_Info: [14.659] elevatorPidController: Target=   8.0, Input=   7.5, Error=   0.5, PIDTerms= 0.105/-0.000/ 0.000/ 0.000, Output= 0.104(-1.000/1.000), Volt=12.6(9.4)
GlobalTracer.startCompetition_Warn: AUTO_MODE.updates takes too long (0.033s)

GlobalTracer.printPidInfo_Info: [14.731] elevatorPidController: Target=   8.0, Input=   7.5, Error=   0.5, PIDTerms= 0.105/-0.000/ 0.000/ 0.000, Output= 0.104(-1.000/1.000), Volt=12.6(9.4)
GlobalTracer.startCompetition_Warn: AUTO_MODE.updates takes too long (0.027s)

GlobalTracer.printPidInfo_Info: [14.795] elevatorPidController: Target=   8.0, Input=   7.5, Error=   0.5, PIDTerms= 0.105/-0.000/ 0.000/ 0.000, Output= 0.104(-1.000/1.000), Volt=12.6(9.4)
GlobalTracer.startCompetition_Warn: AUTO_MODE.updates takes too long (0.040s)

GlobalTracer.printPidInfo_Info: [14.878] elevatorPidController: Target=   8.0, Input=   7.5, Error=   0.5, PIDTerms= 0.105/-0.000/ 0.000/ 0.000, Output= 0.104(-1.000/1.000), Volt=12.6(9.4)
GlobalTracer.startCompetition_Warn: AUTO_MODE.updates takes too long (0.030s)

GlobalTracer.printPidInfo_Info: [14.944] elevatorPidController: Target=   8.0, Input=   7.5, Error=   0.5, PIDTerms= 0.105/-0.000/ 0.000/ 0.000, Output= 0.104(-1.000/1.000), Volt=12.6(9.4)
GlobalTracer.startCompetition_Warn: AUTO_MODE.updates takes too long (0.022s)

GlobalTracer.printPidInfo_Info: [15.002] elevatorPidController: Target=   8.0, Input=   7.5, Error=   0.5, PIDTerms= 0.105/-0.000/ 0.000/ 0.000, Output= 0.105(-1.000/1.000), Volt=12.6(9.4)
GlobalTracer.startCompetition_Warn: AUTO_MODE.updates takes too long (0.032s)

GlobalTracer.printPidInfo_Info: [15.074] elevatorPidController: Target=   8.0, Input=   7.5, Error=   0.5, PIDTerms= 0.105/-0.000/ 0.000/ 0.000, Output= 0.105(-1.000/1.000), Volt=12.6(9.4)
GlobalTracer.startCompetition_Warn: AUTO_MODE.updates takes too long (0.034s)

GlobalTracer.printPidInfo_Info: [15.145] elevatorPidController: Target=   8.0, Input=   7.5, Error=   0.5, PIDTerms= 0.105/-0.000/ 0.000/ 0.000, Output= 0.105(-1.000/1.000), Volt=12.6(9.4)
GlobalTracer.startCompetition_Warn: AUTO_MODE.updates takes too long (0.027s)

GlobalTracer.printPidInfo_Info: [15.208] elevatorPidController: Target=   8.0, Input=   7.5, Error=   0.5, PIDTerms= 0.105/ 0.000/ 0.000/ 0.000, Output= 0.105(-1.000/1.000), Volt=12.7(9.4)
GlobalTracer.startCompetition_Warn: AUTO_MODE.updates takes too long (0.029s)

GlobalTracer.printPidInfo_Info: [15.273] elevatorPidController: Target=   8.0, Input=   7.5, Error=   0.5, PIDTerms= 0.105/ 0.000/ 0.000/ 0.000, Output= 0.105(-1.000/1.000), Volt=12.6(9.4)
GlobalTracer.startCompetition_Warn: AUTO_MODE.updates takes too long (0.034s)

GlobalTracer.Vision_Info: Pixy is disabled!
GlobalTracer.TaskPerformance_Info: leftDriveStick.prePeriodic: PrePeriodic=0.000014, PostPeriodic=NaN, PreContinuous=NaN, PostContinous=NaN
GlobalTracer.TaskPerformance_Info: rightDriveStick.prePeriodic: PrePeriodic=0.000006, PostPeriodic=NaN, PreContinuous=NaN, PostContinous=NaN
GlobalTracer.TaskPerformance_Info: operatorStick.prePeriodic: PrePeriodic=0.000006, PostPeriodic=NaN, PreContinuous=NaN, PostContinous=NaN
GlobalTracer.TaskPerformance_Info: TrcRobotBattery.preContinuous: PrePeriodic=NaN, PostPeriodic=NaN, PreContinuous=0.002747, PostContinous=NaN
GlobalTracer.TaskPerformance_Info: LeftSonar.preContinuous: PrePeriodic=NaN, PostPeriodic=NaN, PreContinuous=NaN, PostContinous=NaN
GlobalTracer.TaskPerformance_Info: LeftSonar.preContinuous: PrePeriodic=NaN, PostPeriodic=NaN, PreContinuous=NaN, PostContinous=NaN
GlobalTracer.TaskPerformance_Info: RightSonar.preContinuous: PrePeriodic=NaN, PostPeriodic=NaN, PreContinuous=NaN, PostContinous=NaN
GlobalTracer.TaskPerformance_Info: RightSonar.preContinuous: PrePeriodic=NaN, PostPeriodic=NaN, PreContinuous=NaN, PostContinous=NaN
GlobalTracer.TaskPerformance_Info: LeftFrontWheel.stop: PrePeriodic=NaN, PostPeriodic=NaN, PreContinuous=NaN, PostContinous=NaN
GlobalTracer.TaskPerformance_Info: LeftFrontWheel.preContinuousTask: PrePeriodic=NaN, PostPeriodic=NaN, PreContinuous=NaN, PostContinous=NaN
GlobalTracer.TaskPerformance_Info: LeftRearWheel.stop: PrePeriodic=NaN, PostPeriodic=NaN, PreContinuous=NaN, PostContinous=NaN
GlobalTracer.TaskPerformance_Info: LeftRearWheel.preContinuousTask: PrePeriodic=NaN, PostPeriodic=NaN, PreContinuous=NaN, PostContinous=NaN
GlobalTracer.TaskPerformance_Info: RightFrontWheel.stop: PrePeriodic=NaN, PostPeriodic=NaN, PreContinuous=NaN, PostContinous=NaN
GlobalTracer.TaskPerformance_Info: RightFrontWheel.preContinuousTask: PrePeriodic=NaN, PostPeriodic=NaN, PreContinuous=NaN, PostContinous=NaN
GlobalTracer.TaskPerformance_Info: RightRearWheel.stop: PrePeriodic=NaN, PostPeriodic=NaN, PreContinuous=NaN, PostContinous=NaN
GlobalTracer.TaskPerformance_Info: RightRearWheel.preContinuousTask: PrePeriodic=NaN, PostPeriodic=NaN, PreContinuous=NaN, PostContinous=NaN
GlobalTracer.TaskPerformance_Info: TrcDriveBase.stop: PrePeriodic=NaN, PostPeriodic=NaN, PreContinuous=NaN, PostContinous=NaN
GlobalTracer.TaskPerformance_Info: TrcDriveBase.preContinuous: PrePeriodic=NaN, PostPeriodic=NaN, PreContinuous=0.007585, PostContinous=NaN
GlobalTracer.TaskPerformance_Info:    pidDrive.stop: PrePeriodic=NaN, PostPeriodic=NaN, PreContinuous=NaN, PostContinous=NaN
GlobalTracer.TaskPerformance_Info: pidDrive.postContinuous: PrePeriodic=NaN, PostPeriodic=NaN, PreContinuous=NaN, PostContinous=0.019821
GlobalTracer.TaskPerformance_Info: elevatorMotor.stop: PrePeriodic=NaN, PostPeriodic=NaN, PreContinuous=NaN, PostContinous=NaN
GlobalTracer.TaskPerformance_Info: elevatorMotor.preContinuousTask: PrePeriodic=NaN, PostPeriodic=NaN, PreContinuous=NaN, PostContinous=NaN
GlobalTracer.TaskPerformance_Info:    elevator.stop: PrePeriodic=NaN, PostPeriodic=NaN, PreContinuous=NaN, PostContinous=NaN
GlobalTracer.TaskPerformance_Info: elevator.postContinuous: PrePeriodic=NaN, PostPeriodic=NaN, PreContinuous=NaN, PostContinous=0.001466
GlobalTracer.TaskPerformance_Info: elevatorMotor.preContinuous: PrePeriodic=NaN, PostPeriodic=NaN, PreContinuous=0.000560, PostContinous=NaN
GlobalTracer.TaskPerformance_Info: LeftPickupMotor.stop: PrePeriodic=NaN, PostPeriodic=NaN, PreContinuous=NaN, PostContinous=NaN
GlobalTracer.TaskPerformance_Info: LeftPickupMotor.preContinuousTask: PrePeriodic=NaN, PostPeriodic=NaN, PreContinuous=NaN, PostContinous=NaN
GlobalTracer.TaskPerformance_Info: RightPickupMotor.stop: PrePeriodic=NaN, PostPeriodic=NaN, PreContinuous=NaN, PostContinous=NaN
GlobalTracer.TaskPerformance_Info: RightPickupMotor.preContinuousTask: PrePeriodic=NaN, PostPeriodic=NaN, PreContinuous=NaN, PostContinous=NaN
GlobalTracer.TaskPerformance_Info: CubePickupClaw.stop: PrePeriodic=NaN, PostPeriodic=NaN, PreContinuous=NaN, PostContinous=NaN
GlobalTracer.TaskPerformance_Info: CubePickupClaw.postContinuous: PrePeriodic=NaN, PostPeriodic=NaN, PreContinuous=NaN, PostContinous=NaN
GlobalTracer.TaskPerformance_Info: CubePickupClaw.preContinuous: PrePeriodic=NaN, PostPeriodic=NaN, PreContinuous=NaN, PostContinous=NaN
GlobalTracer.TaskPerformance_Info: CubePickupDeploy.stop: PrePeriodic=NaN, PostPeriodic=NaN, PreContinuous=NaN, PostContinous=NaN
GlobalTracer.TaskPerformance_Info: CubePickupDeploy.postContinuous: PrePeriodic=NaN, PostPeriodic=NaN, PreContinuous=NaN, PostContinous=NaN
GlobalTracer.TaskPerformance_Info: CubePickupDeploy.preContinuous: PrePeriodic=NaN, PostPeriodic=NaN, PreContinuous=NaN, PostContinous=NaN
GlobalTracer.TaskPerformance_Info: CubeProximityTrigger.preContinuous: PrePeriodic=NaN, PostPeriodic=NaN, PreContinuous=NaN, PostContinous=NaN
GlobalTracer.TaskPerformance_Info: PickupCurrentTrigger.preContinuous: PrePeriodic=NaN, PostPeriodic=NaN, PreContinuous=NaN, PostContinous=NaN
GlobalTracer.TaskPerformance_Info:       pickupTask: PrePeriodic=NaN, PostPeriodic=NaN, PreContinuous=NaN, PostContinous=NaN
GlobalTracer.TaskPerformance_Info: pickupTimer.preContinuous: PrePeriodic=NaN, PostPeriodic=NaN, PreContinuous=NaN, PostContinous=NaN
GlobalTracer.TaskPerformance_Info: WinchMaster.stop: PrePeriodic=NaN, PostPeriodic=NaN, PreContinuous=NaN, PostContinous=NaN
GlobalTracer.TaskPerformance_Info: WinchMaster.preContinuousTask: PrePeriodic=NaN, PostPeriodic=NaN, PreContinuous=NaN, PostContinous=NaN
GlobalTracer.TaskPerformance_Info:  WinchSlave.stop: PrePeriodic=NaN, PostPeriodic=NaN, PreContinuous=NaN, PostContinous=NaN
GlobalTracer.TaskPerformance_Info: WinchSlave.preContinuousTask: PrePeriodic=NaN, PostPeriodic=NaN, PreContinuous=NaN, PostContinous=NaN
GlobalTracer.TaskPerformance_Info: leftFlipper.stop: PrePeriodic=NaN, PostPeriodic=NaN, PreContinuous=NaN, PostContinous=NaN
GlobalTracer.TaskPerformance_Info: leftFlipper.postContinuous: PrePeriodic=NaN, PostPeriodic=NaN, PreContinuous=NaN, PostContinous=NaN
GlobalTracer.TaskPerformance_Info: leftFlipper.preContinuous: PrePeriodic=NaN, PostPeriodic=NaN, PreContinuous=NaN, PostContinous=NaN
GlobalTracer.TaskPerformance_Info: rightFlipper.stop: PrePeriodic=NaN, PostPeriodic=NaN, PreContinuous=NaN, PostContinous=NaN
GlobalTracer.TaskPerformance_Info: rightFlipper.postContinuous: PrePeriodic=NaN, PostPeriodic=NaN, PreContinuous=NaN, PostContinous=NaN
GlobalTracer.TaskPerformance_Info: rightFlipper.preContinuous: PrePeriodic=NaN, PostPeriodic=NaN, PreContinuous=NaN, PostContinous=NaN
GlobalTracer.TaskPerformance_Info: VisionTrigger.preContinuous: PrePeriodic=NaN, PostPeriodic=NaN, PreContinuous=NaN, PostContinous=NaN
GlobalTracer.TaskPerformance_Info: ExchangeTrigger.preContinuous: PrePeriodic=NaN, PostPeriodic=NaN, PreContinuous=NaN, PostContinous=NaN
GlobalTracer.TaskPerformance_Info: FrcTest.preContinuous: PrePeriodic=NaN, PostPeriodic=NaN, PreContinuous=NaN, PostContinous=NaN
GlobalTracer.TaskPerformance_Info: CmdAutoSwitch.preContinuous: PrePeriodic=NaN, PostPeriodic=NaN, PreContinuous=0.000113, PostContinous=NaN
GlobalTracer.TaskPerformance_Info: LeftSonarTrigger.preContinuous: PrePeriodic=NaN, PostPeriodic=NaN, PreContinuous=NaN, PostContinous=NaN
GlobalTracer.TaskPerformance_Info: RightSonarTrigger.preContinuous: PrePeriodic=NaN, PostPeriodic=NaN, PreContinuous=NaN, PostContinous=NaN
GlobalTracer.Robot_Info: TotalEnergy=0.567Wh
