GlobalTracer.FirstPowerUp_Info: Fri Mar 30 10:41:32 PDT 2018[0.451]: ***** Starting autonomous *****
GlobalTracer.FirstPowerUp_Info: WAAMV_Practice_  6 (Blue2) [FMSConnected=true]
GlobalTracer.CmdAutoScale_Info: [0.505] delay=0.0, startPos=RIGHT_POS, fwdDistance=235.0
GlobalTracer.CmdAutoScale_Info: alliance=Blue, gameSpecificMsg=RRR, delay=0.000, startPosition=RIGHT_POS, fwdDistance=235
GlobalTracer.Vision_Info: Pixy is enabled!
GlobalTracer.FrcAuto.startMode_Info: [0.528] startMode done!
GlobalTracer.Robot_Info: [0.528]      START: xPos=  0.00,yPos=  0.00,heading=   0.0/   0.0,volts=12.5(12.3)
GlobalTracer.startCompetition_Warn: AUTO_MODE.periodic takes too long (0.139s)

GlobalTracer.startCompetition_Warn: AUTO_MODE.updates takes too long (0.024s)

GlobalTracer.startCompetition_Warn: AUTO_MODE takes too long (0.720s)

GlobalTracer.CmdAutoScale_Info: setRangingEnabled(true)
GlobalTracer.CmdAutoScale_Info: setSonarTriggerEnabled(true)
GlobalTracer.Robot_Info: [0.713] DRIVE_TO_SWITCH: xPos=  0.00,yPos=  0.00,heading=   0.0/   0.0,volts=12.4(12.3)
GlobalTracer.printPidInfo_Info: encoderXPidCtrl: Target=   0.0, Input=   0.0, Error=   0.0, PIDTerms= 0.000/ 0.000/ 0.000/ 0.000, Output= 0.000(-0.700/0.700), Volt=12.4(12.3)
GlobalTracer.printPidInfo_Info: encoderYPidCtrl: Target= 169.0, Input=   0.0, Error= 169.0, PIDTerms= 3.380/ 0.000/ 0.000/ 0.000, Output= 0.600(-0.600/0.600), Volt=12.4(12.3)
GlobalTracer.printPidInfo_Info: gyroTurnPidCtrl: Target=   0.0, Input=   0.0, Error=   0.0, PIDTerms= 0.000/ 0.000/ 0.000/ 0.000, Output= 0.000(-0.700/0.700), Volt=12.4(12.3)
GlobalTracer.startCompetition_Warn: AUTO_MODE.postContinuousTasks takes too long (0.039s)

GlobalTracer.startCompetition_Warn: AUTO_MODE.updates takes too long (0.042s)

GlobalTracer.startCompetition_Warn: AUTO_MODE takes too long (0.117s)

GlobalTracer.CmdAutoScale_Info: SonarTriggerEvent: prevZone=-1, currZone=1, value:69.3
GlobalTracer.printPidInfo_Info: encoderXPidCtrl: Target=   0.0, Input=  -0.0, Error=   0.0, PIDTerms= 0.002/ 0.000/ 0.001/ 0.000, Output= 0.003(-0.700/0.700), Volt=10.3(10.0)
GlobalTracer.printPidInfo_Info: encoderYPidCtrl: Target= 169.0, Input=   0.5, Error= 168.5, PIDTerms= 3.370/ 0.000/-0.007/ 0.000, Output= 0.600(-0.600/0.600), Volt=10.3(10.0)
GlobalTracer.printPidInfo_Info: gyroTurnPidCtrl: Target=   0.0, Input=   0.0, Error=  -0.0, PIDTerms=-0.001/ 0.000/-0.001/ 0.000, Output=-0.001(-0.700/0.700), Volt=10.3(10.0)
GlobalTracer.startCompetition_Warn: AUTO_MODE.updates takes too long (0.023s)

GlobalTracer.printPidInfo_Info: encoderXPidCtrl: Target=   0.0, Input=   0.1, Error=  -0.1, PIDTerms=-0.014/ 0.000/-0.017/ 0.000, Output=-0.030(-0.700/0.700), Volt=10.5(10.0)
GlobalTracer.printPidInfo_Info: encoderYPidCtrl: Target= 169.0, Input=   1.7, Error= 167.3, PIDTerms= 3.346/ 0.000/-0.032/ 0.000, Output= 0.600(-0.600/0.600), Volt=10.6(10.0)
GlobalTracer.printPidInfo_Info: gyroTurnPidCtrl: Target=   0.0, Input=   0.2, Error=  -0.2, PIDTerms=-0.003/ 0.000/-0.004/ 0.000, Output=-0.007(-0.700/0.700), Volt=10.6(10.0)
GlobalTracer.startCompetition_Warn: AUTO_MODE.updates takes too long (0.050s)

GlobalTracer.startCompetition_Warn: AUTO_MODE.preContinuousTasks takes too long (0.025s)

GlobalTracer.startCompetition_Warn: AUTO_MODE.periodic takes too long (0.030s)

GlobalTracer.printPidInfo_Info: encoderXPidCtrl: Target=   0.0, Input=  -0.2, Error=   0.2, PIDTerms= 0.054/ 0.000/ 0.033/ 0.000, Output= 0.087(-0.700/0.700), Volt=10.7(10.0)
GlobalTracer.printPidInfo_Info: encoderYPidCtrl: Target= 169.0, Input=   5.0, Error= 164.0, PIDTerms= 3.280/ 0.000/-0.041/ 0.000, Output= 0.600(-0.600/0.600), Volt=10.7(10.0)
GlobalTracer.printPidInfo_Info: gyroTurnPidCtrl: Target=   0.0, Input=   0.8, Error=  -0.8, PIDTerms=-0.016/ 0.000/-0.009/ 0.000, Output=-0.025(-0.700/0.700), Volt=10.7(10.0)
GlobalTracer.startCompetition_Warn: AUTO_MODE.postContinuousTasks takes too long (0.029s)

GlobalTracer.startCompetition_Warn: AUTO_MODE.updates takes too long (0.073s)

GlobalTracer.startCompetition_Warn: AUTO_MODE takes too long (0.163s)

GlobalTracer.startCompetition_Warn: AUTO_MODE.preContinuousTasks takes too long (0.027s)

GlobalTracer.startCompetition_Warn: AUTO_MODE.periodic takes too long (0.029s)

GlobalTracer.printPidInfo_Info: encoderXPidCtrl: Target=   0.0, Input=  -0.1, Error=   0.1, PIDTerms= 0.021/ 0.000/-0.012/ 0.000, Output= 0.009(-0.700/0.700), Volt=10.9(10.0)
GlobalTracer.printPidInfo_Info: encoderYPidCtrl: Target= 169.0, Input=  11.2, Error= 157.8, PIDTerms= 3.156/ 0.000/-0.057/ 0.000, Output= 0.600(-0.600/0.600), Volt=10.9(10.0)
GlobalTracer.printPidInfo_Info: gyroTurnPidCtrl: Target=   0.0, Input=   1.1, Error=  -1.1, PIDTerms=-0.023/ 0.000/-0.004/ 0.000, Output=-0.027(-0.700/0.700), Volt=10.9(10.0)
GlobalTracer.startCompetition_Warn: AUTO_MODE.updates takes too long (0.075s)

GlobalTracer.startCompetition_Warn: AUTO_MODE takes too long (0.148s)

GlobalTracer.startCompetition_Warn: AUTO_MODE.periodic takes too long (0.051s)

GlobalTracer.printPidInfo_Info: encoderXPidCtrl: Target=   0.0, Input=   0.0, Error=  -0.0, PIDTerms=-0.010/ 0.000/-0.011/ 0.000, Output=-0.022(-0.700/0.700), Volt=11.1(10.0)
GlobalTracer.printPidInfo_Info: encoderYPidCtrl: Target= 169.0, Input=  18.4, Error= 150.6, PIDTerms= 3.013/ 0.000/-0.065/ 0.000, Output= 0.600(-0.600/0.600), Volt=11.1(10.0)
GlobalTracer.printPidInfo_Info: gyroTurnPidCtrl: Target=   0.0, Input=   0.6, Error=  -0.6, PIDTerms=-0.012/ 0.000/ 0.006/ 0.000, Output=-0.006(-0.700/0.700), Volt=11.1(10.0)
GlobalTracer.startCompetition_Warn: AUTO_MODE.postContinuousTasks takes too long (0.031s)

GlobalTracer.startCompetition_Warn: AUTO_MODE.updates takes too long (0.055s)

GlobalTracer.startCompetition_Warn: AUTO_MODE takes too long (0.162s)

GlobalTracer.startCompetition_Warn: AUTO_MODE.preContinuousTasks takes too long (0.026s)

GlobalTracer.startCompetition_Warn: AUTO_MODE.periodic takes too long (0.036s)

GlobalTracer.printPidInfo_Info: encoderXPidCtrl: Target=   0.0, Input=   0.1, Error=  -0.1, PIDTerms=-0.028/ 0.000/-0.007/ 0.000, Output=-0.035(-0.700/0.700), Volt=11.3(10.0)
GlobalTracer.printPidInfo_Info: encoderYPidCtrl: Target= 169.0, Input=  28.6, Error= 140.4, PIDTerms= 2.808/ 0.000/-0.102/ 0.000, Output= 0.600(-0.600/0.600), Volt=11.3(10.0)
GlobalTracer.printPidInfo_Info: gyroTurnPidCtrl: Target=   0.0, Input=  -0.3, Error=   0.3, PIDTerms= 0.007/ 0.000/ 0.011/ 0.000, Output= 0.018(-0.700/0.700), Volt=11.3(10.0)
GlobalTracer.startCompetition_Warn: AUTO_MODE.postContinuousTasks takes too long (0.032s)

GlobalTracer.startCompetition_Warn: AUTO_MODE.updates takes too long (0.074s)

GlobalTracer.startCompetition_Warn: AUTO_MODE takes too long (0.172s)

GlobalTracer.startCompetition_Warn: AUTO_MODE.preContinuousTasks takes too long (0.039s)

GlobalTracer.startCompetition_Warn: AUTO_MODE.periodic takes too long (0.047s)

GlobalTracer.printPidInfo_Info: encoderXPidCtrl: Target=   0.0, Input=   0.1, Error=  -0.1, PIDTerms=-0.021/ 0.000/ 0.002/ 0.000, Output=-0.019(-0.700/0.700), Volt=11.3(10.0)
GlobalTracer.printPidInfo_Info: encoderYPidCtrl: Target= 169.0, Input=  40.9, Error= 128.1, PIDTerms= 2.563/ 0.000/-0.091/ 0.000, Output= 0.600(-0.600/0.600), Volt=11.3(10.0)
GlobalTracer.printPidInfo_Info: gyroTurnPidCtrl: Target=   0.0, Input=  -0.6, Error=   0.6, PIDTerms= 0.013/ 0.000/ 0.003/ 0.000, Output= 0.016(-0.700/0.700), Volt=11.3(10.0)
GlobalTracer.startCompetition_Warn: AUTO_MODE.updates takes too long (0.118s)

GlobalTracer.startCompetition_Warn: AUTO_MODE takes too long (0.230s)

GlobalTracer.startCompetition_Warn: AUTO_MODE.preContinuousTasks takes too long (0.022s)

GlobalTracer.startCompetition_Warn: AUTO_MODE.periodic takes too long (0.029s)

GlobalTracer.printPidInfo_Info: encoderXPidCtrl: Target=   0.0, Input=  -0.3, Error=   0.3, PIDTerms= 0.068/ 0.000/ 0.028/ 0.000, Output= 0.096(-0.700/0.700), Volt=11.5(10.0)
GlobalTracer.printPidInfo_Info: encoderYPidCtrl: Target= 169.0, Input=  57.8, Error= 111.2, PIDTerms= 2.224/ 0.000/-0.131/ 0.000, Output= 0.600(-0.600/0.600), Volt=11.5(10.0)
GlobalTracer.printPidInfo_Info: gyroTurnPidCtrl: Target=   0.0, Input=   0.0, Error=   0.0, PIDTerms= 0.000/ 0.000/-0.006/ 0.000, Output=-0.006(-0.700/0.700), Volt=11.5(10.0)
GlobalTracer.startCompetition_Warn: AUTO_MODE.postContinuousTasks takes too long (0.037s)

GlobalTracer.startCompetition_Warn: AUTO_MODE.updates takes too long (0.044s)

GlobalTracer.startCompetition_Warn: AUTO_MODE takes too long (0.143s)

GlobalTracer.printPidInfo_Info: encoderXPidCtrl: Target=   0.0, Input=   0.1, Error=  -0.1, PIDTerms=-0.018/ 0.000/-0.042/ 0.000, Output=-0.060(-0.700/0.700), Volt=11.4(10.0)
GlobalTracer.printPidInfo_Info: encoderYPidCtrl: Target= 169.0, Input=  69.5, Error=  99.5, PIDTerms= 1.990/ 0.000/-0.143/ 0.000, Output= 0.600(-0.600/0.600), Volt=11.4(10.0)
GlobalTracer.printPidInfo_Info: gyroTurnPidCtrl: Target=   0.0, Input=   0.5, Error=  -0.5, PIDTerms=-0.011/ 0.000/-0.008/ 0.000, Output=-0.019(-0.700/0.700), Volt=11.5(10.0)
GlobalTracer.startCompetition_Warn: AUTO_MODE.updates takes too long (0.045s)

GlobalTracer.printPidInfo_Info: encoderXPidCtrl: Target=   0.0, Input=   0.4, Error=  -0.4, PIDTerms=-0.089/ 0.000/-0.045/ 0.000, Output=-0.134(-0.700/0.700), Volt=11.6(10.0)
GlobalTracer.printPidInfo_Info: encoderYPidCtrl: Target= 169.0, Input=  76.5, Error=  92.5, PIDTerms= 1.850/ 0.000/-0.112/ 0.000, Output= 0.600(-0.600/0.600), Volt=11.6(10.0)
GlobalTracer.printPidInfo_Info: gyroTurnPidCtrl: Target=   0.0, Input=   0.6, Error=  -0.6, PIDTerms=-0.011/ 0.000/-0.001/ 0.000, Output=-0.012(-0.700/0.700), Volt=11.6(10.0)
GlobalTracer.startCompetition_Warn: AUTO_MODE.updates takes too long (0.046s)

GlobalTracer.startCompetition_Warn: AUTO_MODE.preContinuousTasks takes too long (0.024s)

GlobalTracer.printPidInfo_Info: encoderXPidCtrl: Target=   0.0, Input=  -0.0, Error=   0.0, PIDTerms= 0.004/ 0.000/ 0.056/ 0.000, Output= 0.060(-0.700/0.700), Volt=11.5(10.0)
GlobalTracer.printPidInfo_Info: encoderYPidCtrl: Target= 169.0, Input=  84.5, Error=  84.5, PIDTerms= 1.689/ 0.000/-0.122/ 0.000, Output= 0.600(-0.600/0.600), Volt=11.5(10.0)
GlobalTracer.printPidInfo_Info: gyroTurnPidCtrl: Target=   0.0, Input=   0.5, Error=  -0.5, PIDTerms=-0.011/ 0.000/ 0.001/ 0.000, Output=-0.010(-0.700/0.700), Volt=11.5(10.0)
GlobalTracer.startCompetition_Warn: AUTO_MODE.postContinuousTasks takes too long (0.021s)

GlobalTracer.startCompetition_Warn: AUTO_MODE.updates takes too long (0.029s)

GlobalTracer.printPidInfo_Info: encoderXPidCtrl: Target=   0.0, Input=  -0.1, Error=   0.1, PIDTerms= 0.027/ 0.000/ 0.015/ 0.000, Output= 0.042(-0.700/0.700), Volt=11.6(10.0)
GlobalTracer.printPidInfo_Info: encoderYPidCtrl: Target= 169.0, Input=  92.2, Error=  76.8, PIDTerms= 1.536/ 0.000/-0.127/ 0.000, Output= 0.600(-0.600/0.600), Volt=11.6(10.0)
GlobalTracer.printPidInfo_Info: gyroTurnPidCtrl: Target=   0.0, Input=   0.4, Error=  -0.4, PIDTerms=-0.009/ 0.000/ 0.002/ 0.000, Output=-0.007(-0.700/0.700), Volt=11.6(10.0)
GlobalTracer.startCompetition_Warn: AUTO_MODE.postContinuousTasks takes too long (0.021s)

GlobalTracer.startCompetition_Warn: AUTO_MODE.updates takes too long (0.040s)

GlobalTracer.startCompetition_Warn: AUTO_MODE takes too long (0.100s)

GlobalTracer.printPidInfo_Info: encoderXPidCtrl: Target=   0.0, Input=  -0.2, Error=   0.2, PIDTerms= 0.056/ 0.000/ 0.017/ 0.000, Output= 0.073(-0.700/0.700), Volt=11.6(10.0)
GlobalTracer.printPidInfo_Info: encoderYPidCtrl: Target= 169.0, Input= 101.2, Error=  67.8, PIDTerms= 1.355/ 0.000/-0.133/ 0.000, Output= 0.600(-0.600/0.600), Volt=11.6(10.0)
GlobalTracer.printPidInfo_Info: gyroTurnPidCtrl: Target=   0.0, Input=   0.2, Error=  -0.2, PIDTerms=-0.004/ 0.000/ 0.004/ 0.000, Output= 0.001(-0.700/0.700), Volt=11.6(10.0)
GlobalTracer.startCompetition_Warn: AUTO_MODE.updates takes too long (0.031s)

GlobalTracer.printPidInfo_Info: encoderXPidCtrl: Target=   0.0, Input=   0.1, Error=  -0.1, PIDTerms=-0.031/ 0.000/-0.063/ 0.000, Output=-0.094(-0.700/0.700), Volt=11.6(10.0)
GlobalTracer.printPidInfo_Info: encoderYPidCtrl: Target= 169.0, Input= 108.7, Error=  60.3, PIDTerms= 1.205/ 0.000/-0.136/ 0.000, Output= 0.600(-0.600/0.600), Volt=11.6(10.0)
GlobalTracer.printPidInfo_Info: gyroTurnPidCtrl: Target=   0.0, Input=   0.0, Error=  -0.0, PIDTerms=-0.001/ 0.000/ 0.003/ 0.000, Output= 0.003(-0.700/0.700), Volt=11.6(10.0)
GlobalTracer.startCompetition_Warn: AUTO_MODE.postContinuousTasks takes too long (0.022s)

GlobalTracer.startCompetition_Warn: AUTO_MODE.updates takes too long (0.038s)

GlobalTracer.CmdAutoScale_Info: SonarTriggerEvent: prevZone=1, currZone=0, value:22.3
GlobalTracer.startCompetition_Warn: AUTO_MODE.preContinuousTasks takes too long (0.020s)

GlobalTracer.CmdAutoScale_Info: setSonarTriggerEnabled(false)
GlobalTracer.CmdAutoScale_Info: sonarDistance=22.0, distanceFromWall=43.7, xDistance=8.1, yDistance=188.9
GlobalTracer.Robot_Info: [2.561] CHECK_SONAR_DISTANCE: xPos=  0.10,yPos=117.57,heading=  -0.0/   0.0,volts=11.7(10.0)
GlobalTracer.printPidInfo_Info: [2.561] elevatorPidController: Target=  35.0, Input=   0.0, Error=  27.0, PIDTerms= 0.000/ 0.000/ 0.000/ 0.000, Output= 0.000(-1.000/1.000), Volt=11.7(10.0)
GlobalTracer.startCompetition_Warn: AUTO_MODE.continuous takes too long (0.022s)

GlobalTracer.printPidInfo_Info: encoderXPidCtrl: Target=   8.3, Input=   0.1, Error=   8.1, PIDTerms= 2.037/ 0.000/ 0.000/ 0.000, Output= 0.700(-0.700/0.700), Volt=12.1(10.0)
GlobalTracer.printPidInfo_Info: encoderYPidCtrl: Target= 306.5, Input= 117.6, Error= 188.9, PIDTerms= 3.779/ 0.000/ 0.000/ 0.000, Output= 0.600(-0.600/0.600), Volt=12.1(10.0)
GlobalTracer.printPidInfo_Info: gyroTurnPidCtrl: Target=   0.0, Input=  -0.0, Error=   0.0, PIDTerms= 0.001/ 0.000/ 0.000/ 0.000, Output= 0.001(-0.700/0.700), Volt=12.1(10.0)
GlobalTracer.startCompetition_Warn: AUTO_MODE.updates takes too long (0.035s)

GlobalTracer.startCompetition_Warn: AUTO_MODE takes too long (0.108s)

GlobalTracer.printPidInfo_Info: [2.669] elevatorPidController: Target=  35.0, Input=   8.0, Error=  27.0, PIDTerms= 5.406/ 0.001/ 0.000/ 0.000, Output= 1.000(-1.000/1.000), Volt=10.1(10.0)
GlobalTracer.startCompetition_Warn: AUTO_MODE.periodic takes too long (0.020s)

GlobalTracer.printPidInfo_Info: encoderXPidCtrl: Target=   8.3, Input=   0.5, Error=   7.8, PIDTerms= 1.945/ 0.000/-0.056/ 0.000, Output= 0.700(-0.700/0.700), Volt=10.0(10.0)
GlobalTracer.printPidInfo_Info: encoderYPidCtrl: Target= 306.5, Input= 125.4, Error= 181.1, PIDTerms= 3.623/ 0.000/-0.120/ 0.000, Output= 0.600(-0.600/0.600), Volt=10.0(10.0)
GlobalTracer.printPidInfo_Info: gyroTurnPidCtrl: Target=   0.0, Input=   0.4, Error=  -0.4, PIDTerms=-0.009/ 0.000/-0.009/ 0.000, Output=-0.018(-0.700/0.700), Volt=10.0(10.0)
GlobalTracer.startCompetition_Warn: AUTO_MODE.updates takes too long (0.042s)

GlobalTracer.startCompetition_Warn: AUTO_MODE takes too long (0.102s)

GlobalTracer.printPidInfo_Info: [2.779] elevatorPidController: Target=  35.0, Input=   9.3, Error=  25.7, PIDTerms= 5.131/ 0.004/-0.000/ 0.000, Output= 1.000(-1.000/1.000), Volt=10.2(10.0)
GlobalTracer.printPidInfo_Info: encoderXPidCtrl: Target=   8.3, Input=   2.2, Error=   6.0, PIDTerms= 1.504/ 0.000/-0.255/ 0.000, Output= 0.700(-0.700/0.700), Volt=10.2(10.0)
GlobalTracer.printPidInfo_Info: encoderYPidCtrl: Target= 306.5, Input= 135.1, Error= 171.4, PIDTerms= 3.429/ 0.000/-0.140/ 0.000, Output= 0.600(-0.600/0.600), Volt=10.2(10.0)
GlobalTracer.printPidInfo_Info: gyroTurnPidCtrl: Target=   0.0, Input=   2.2, Error=  -2.2, PIDTerms=-0.045/ 0.000/-0.030/ 0.000, Output=-0.075(-0.700/0.700), Volt=10.2(10.0)
GlobalTracer.startCompetition_Warn: AUTO_MODE.updates takes too long (0.041s)

GlobalTracer.printPidInfo_Info: [2.868] elevatorPidController: Target=  35.0, Input=  13.0, Error=  22.0, PIDTerms= 4.393/ 0.006/-0.000/ 0.000, Output= 1.000(-1.000/1.000), Volt=10.2(10.0)
GlobalTracer.printPidInfo_Info: encoderXPidCtrl: Target=   8.3, Input=   3.4, Error=   4.8, PIDTerms= 1.208/ 0.000/-0.202/ 0.000, Output= 0.700(-0.700/0.700), Volt=10.3(10.0)
GlobalTracer.printPidInfo_Info: encoderYPidCtrl: Target= 306.5, Input= 141.3, Error= 165.2, PIDTerms= 3.304/ 0.000/-0.107/ 0.000, Output= 0.600(-0.600/0.600), Volt=10.3(10.0)
GlobalTracer.printPidInfo_Info: gyroTurnPidCtrl: Target=   0.0, Input=   3.8, Error=  -3.8, PIDTerms=-0.076/ 0.000/-0.031/ 0.000, Output=-0.107(-0.700/0.700), Volt=10.3(10.0)
GlobalTracer.startCompetition_Warn: AUTO_MODE.postContinuousTasks takes too long (0.028s)

GlobalTracer.startCompetition_Warn: AUTO_MODE.updates takes too long (0.040s)

GlobalTracer.startCompetition_Warn: AUTO_MODE takes too long (0.105s)

GlobalTracer.printPidInfo_Info: [2.973] elevatorPidController: Target=  35.0, Input=  16.7, Error=  18.3, PIDTerms= 3.653/ 0.008/-0.000/ 0.000, Output= 1.000(-1.000/1.000), Volt=10.3(10.0)
GlobalTracer.printPidInfo_Info: encoderXPidCtrl: Target=   8.3, Input=   5.2, Error=   3.1, PIDTerms= 0.769/ 0.000/-0.237/ 0.000, Output= 0.533(-0.700/0.700), Volt=10.6(10.0)
GlobalTracer.printPidInfo_Info: encoderYPidCtrl: Target= 306.5, Input= 148.8, Error= 157.7, PIDTerms= 3.153/ 0.000/-0.102/ 0.000, Output= 0.600(-0.600/0.600), Volt=10.6(10.0)
GlobalTracer.printPidInfo_Info: gyroTurnPidCtrl: Target=   0.0, Input=   4.6, Error=  -4.6, PIDTerms=-0.092/ 0.000/-0.013/ 0.000, Output=-0.105(-0.700/0.700), Volt=10.6(10.0)
GlobalTracer.startCompetition_Warn: AUTO_MODE.updates takes too long (0.035s)

GlobalTracer.printPidInfo_Info: [3.063] elevatorPidController: Target=  35.0, Input=  20.4, Error=  14.6, PIDTerms= 2.915/ 0.009/-0.000/ 0.000, Output= 1.000(-1.000/1.000), Volt=10.5(10.0)
GlobalTracer.startCompetition_Warn: AUTO_MODE.periodic takes too long (0.022s)

GlobalTracer.printPidInfo_Info: encoderXPidCtrl: Target=   8.3, Input=   6.5, Error=   1.8, PIDTerms= 0.444/ 0.000/-0.224/ 0.000, Output= 0.220(-0.700/0.700), Volt=10.5(10.0)
GlobalTracer.printPidInfo_Info: encoderYPidCtrl: Target= 306.5, Input= 155.3, Error= 151.2, PIDTerms= 3.024/ 0.000/-0.111/ 0.000, Output= 0.600(-0.600/0.600), Volt=10.5(10.0)
GlobalTracer.printPidInfo_Info: gyroTurnPidCtrl: Target=   0.0, Input=   4.5, Error=  -4.5, PIDTerms=-0.089/ 0.000/ 0.003/ 0.000, Output=-0.086(-0.700/0.700), Volt=10.5(10.0)
GlobalTracer.startCompetition_Warn: AUTO_MODE.updates takes too long (0.038s)

GlobalTracer.printPidInfo_Info: [3.155] elevatorPidController: Target=  35.0, Input=  24.3, Error=  10.7, PIDTerms= 2.134/ 0.010/-0.000/ 0.000, Output= 1.000(-1.000/1.000), Volt=10.6(10.0)
GlobalTracer.startCompetition_Warn: AUTO_MODE.periodic takes too long (0.023s)

GlobalTracer.printPidInfo_Info: encoderXPidCtrl: Target=   8.3, Input=   7.6, Error=   0.6, PIDTerms= 0.157/ 0.000/-0.175/ 0.000, Output=-0.018(-0.700/0.700), Volt=10.6(10.0)
GlobalTracer.printPidInfo_Info: encoderYPidCtrl: Target= 306.5, Input= 161.6, Error= 144.9, PIDTerms= 2.899/ 0.000/-0.096/ 0.000, Output= 0.600(-0.600/0.600), Volt=10.6(10.0)
GlobalTracer.printPidInfo_Info: gyroTurnPidCtrl: Target=   0.0, Input=   3.3, Error=  -3.3, PIDTerms=-0.067/ 0.000/ 0.020/ 0.000, Output=-0.047(-0.700/0.700), Volt=10.6(10.0)
GlobalTracer.startCompetition_Warn: AUTO_MODE.updates takes too long (0.039s)

GlobalTracer.printPidInfo_Info: [3.248] elevatorPidController: Target=  35.0, Input=  27.5, Error=   7.5, PIDTerms= 1.491/ 0.011/-0.000/ 0.000, Output= 1.000(-1.000/1.000), Volt=10.7(10.0)
GlobalTracer.startCompetition_Warn: AUTO_MODE.periodic takes too long (0.021s)

GlobalTracer.printPidInfo_Info: encoderXPidCtrl: Target=   8.3, Input=   8.4, Error=  -0.1, PIDTerms=-0.027/ 0.000/-0.132/ 0.000, Output=-0.159(-0.700/0.700), Volt=10.6(10.0)
GlobalTracer.printPidInfo_Info: encoderYPidCtrl: Target= 306.5, Input= 167.8, Error= 138.7, PIDTerms= 2.775/ 0.000/-0.111/ 0.000, Output= 0.600(-0.600/0.600), Volt=10.6(10.0)
GlobalTracer.printPidInfo_Info: gyroTurnPidCtrl: Target=   0.0, Input=   2.2, Error=  -2.2, PIDTerms=-0.044/ 0.000/ 0.024/ 0.000, Output=-0.020(-0.700/0.700), Volt=10.6(10.0)
GlobalTracer.startCompetition_Warn: AUTO_MODE.postContinuousTasks takes too long (0.020s)

GlobalTracer.startCompetition_Warn: AUTO_MODE.updates takes too long (0.029s)

GlobalTracer.printPidInfo_Info: [3.334] elevatorPidController: Target=  35.0, Input=  30.7, Error=   4.3, PIDTerms= 0.868/ 0.011/-0.000/ 0.000, Output= 0.879(-1.000/1.000), Volt=10.6(10.0)
GlobalTracer.printPidInfo_Info: encoderXPidCtrl: Target=   8.3, Input=   8.6, Error=  -0.4, PIDTerms=-0.093/ 0.000/-0.044/ 0.000, Output=-0.138(-0.700/0.700), Volt=10.8(10.0)
GlobalTracer.printPidInfo_Info: encoderYPidCtrl: Target= 306.5, Input= 174.2, Error= 132.3, PIDTerms= 2.646/ 0.000/-0.107/ 0.000, Output= 0.600(-0.600/0.600), Volt=10.8(10.0)
GlobalTracer.printPidInfo_Info: gyroTurnPidCtrl: Target=   0.0, Input=   1.1, Error=  -1.1, PIDTerms=-0.022/ 0.000/ 0.021/ 0.000, Output=-0.001(-0.700/0.700), Volt=10.8(10.0)
GlobalTracer.printPidInfo_Info: [3.413] elevatorPidController: Target=  35.0, Input=  34.4, Error=   0.6, PIDTerms= 0.128/ 0.011/-0.000/ 0.000, Output= 0.139(-1.000/1.000), Volt=11.2(10.0)
GlobalTracer.printPidInfo_Info: encoderXPidCtrl: Target=   8.3, Input=   8.6, Error=  -0.4, PIDTerms=-0.093/ 0.000/ 0.000/ 0.000, Output=-0.093(-0.700/0.700), Volt=11.2(10.0)
GlobalTracer.printPidInfo_Info: encoderYPidCtrl: Target= 306.5, Input= 179.3, Error= 127.2, PIDTerms= 2.545/ 0.000/-0.131/ 0.000, Output= 0.600(-0.600/0.600), Volt=11.2(10.0)
GlobalTracer.printPidInfo_Info: gyroTurnPidCtrl: Target=   0.0, Input=   0.8, Error=  -0.8, PIDTerms=-0.016/ 0.000/ 0.010/ 0.000, Output=-0.006(-0.700/0.700), Volt=11.2(10.0)
GlobalTracer.startCompetition_Warn: AUTO_MODE.updates takes too long (0.020s)

GlobalTracer.printPidInfo_Info: [3.458] elevatorPidController: Target=  35.0, Input=  36.0, Error=  -1.0, PIDTerms=-0.200/ 0.011/-0.000/ 0.000, Output=-0.189(-1.000/1.000), Volt=11.3(10.0)
GlobalTracer.printPidInfo_Info: encoderXPidCtrl: Target=   8.3, Input=   8.5, Error=  -0.3, PIDTerms=-0.065/ 0.000/ 0.034/ 0.000, Output=-0.031(-0.700/0.700), Volt=11.3(10.0)
GlobalTracer.printPidInfo_Info: encoderYPidCtrl: Target= 306.5, Input= 183.9, Error= 122.6, PIDTerms= 2.452/ 0.000/-0.142/ 0.000, Output= 0.600(-0.600/0.600), Volt=11.3(10.0)
GlobalTracer.printPidInfo_Info: gyroTurnPidCtrl: Target=   0.0, Input=   0.7, Error=  -0.7, PIDTerms=-0.014/ 0.000/ 0.003/ 0.000, Output=-0.011(-0.700/0.700), Volt=11.3(10.0)
GlobalTracer.startCompetition_Warn: AUTO_MODE.updates takes too long (0.020s)

GlobalTracer.printPidInfo_Info: [3.508] elevatorPidController: Target=  35.0, Input=  36.3, Error=  -1.3, PIDTerms=-0.256/ 0.011/-0.000/ 0.000, Output=-0.245(-1.000/1.000), Volt=11.4(10.0)
GlobalTracer.printPidInfo_Info: encoderXPidCtrl: Target=   8.3, Input=   8.5, Error=  -0.2, PIDTerms=-0.052/ 0.000/ 0.018/ 0.000, Output=-0.034(-0.700/0.700), Volt=11.4(10.0)
GlobalTracer.printPidInfo_Info: encoderYPidCtrl: Target= 306.5, Input= 187.0, Error= 119.5, PIDTerms= 2.390/ 0.000/-0.103/ 0.000, Output= 0.600(-0.600/0.600), Volt=11.4(10.0)
GlobalTracer.printPidInfo_Info: gyroTurnPidCtrl: Target=   0.0, Input=   0.7, Error=  -0.7, PIDTerms=-0.014/ 0.000/-0.000/ 0.000, Output=-0.015(-0.700/0.700), Volt=11.4(10.0)
GlobalTracer.startCompetition_Warn: AUTO_MODE.updates takes too long (0.037s)

GlobalTracer.printPidInfo_Info: [3.572] elevatorPidController: Target=  35.0, Input=  36.0, Error=  -1.0, PIDTerms=-0.195/ 0.011/ 0.000/ 0.000, Output=-0.185(-1.000/1.000), Volt=11.4(10.0)
GlobalTracer.startCompetition_Warn: AUTO_MODE.periodic takes too long (0.022s)

GlobalTracer.printPidInfo_Info: encoderXPidCtrl: Target=   8.3, Input=   8.5, Error=  -0.2, PIDTerms=-0.050/ 0.000/ 0.001/ 0.000, Output=-0.048(-0.700/0.700), Volt=11.4(10.0)
GlobalTracer.printPidInfo_Info: encoderYPidCtrl: Target= 306.5, Input= 192.5, Error= 114.0, PIDTerms= 2.279/ 0.000/-0.081/ 0.000, Output= 0.600(-0.600/0.600), Volt=11.4(10.0)
GlobalTracer.printPidInfo_Info: gyroTurnPidCtrl: Target=   0.0, Input=   0.6, Error=  -0.6, PIDTerms=-0.012/ 0.000/ 0.002/ 0.000, Output=-0.011(-0.700/0.700), Volt=11.4(10.0)
GlobalTracer.startCompetition_Warn: AUTO_MODE.postContinuousTasks takes too long (0.027s)

GlobalTracer.startCompetition_Warn: AUTO_MODE.updates takes too long (0.055s)

GlobalTracer.startCompetition_Warn: AUTO_MODE takes too long (0.148s)

GlobalTracer.printPidInfo_Info: [3.720] elevatorPidController: Target=  35.0, Input=  34.6, Error=   0.4, PIDTerms= 0.088/ 0.011/ 0.000/ 0.000, Output= 0.099(-1.000/1.000), Volt=11.3(10.0)
GlobalTracer.startCompetition_Warn: AUTO_MODE.periodic takes too long (0.022s)

GlobalTracer.printPidInfo_Info: encoderXPidCtrl: Target=   8.3, Input=   8.4, Error=  -0.1, PIDTerms=-0.033/ 0.000/ 0.008/ 0.000, Output=-0.025(-0.700/0.700), Volt=11.3(10.0)
GlobalTracer.printPidInfo_Info: encoderYPidCtrl: Target= 306.5, Input= 203.7, Error= 102.8, PIDTerms= 2.055/ 0.000/-0.133/ 0.000, Output= 0.600(-0.600/0.600), Volt=11.4(10.0)
GlobalTracer.printPidInfo_Info: gyroTurnPidCtrl: Target=   0.0, Input=   0.1, Error=  -0.1, PIDTerms=-0.003/ 0.000/ 0.007/ 0.000, Output= 0.004(-0.700/0.700), Volt=11.4(10.0)
GlobalTracer.startCompetition_Warn: AUTO_MODE.postContinuousTasks takes too long (0.033s)

GlobalTracer.startCompetition_Warn: AUTO_MODE.updates takes too long (0.060s)

GlobalTracer.startCompetition_Warn: AUTO_MODE takes too long (0.130s)

GlobalTracer.printPidInfo_Info: [3.851] elevatorPidController: Target=  35.0, Input=  33.6, Error=   1.4, PIDTerms= 0.289/ 0.011/ 0.000/ 0.000, Output= 0.300(-1.000/1.000), Volt=11.3(10.0)
GlobalTracer.startCompetition_Warn: AUTO_MODE.periodic takes too long (0.029s)

GlobalTracer.printPidInfo_Info: encoderXPidCtrl: Target=   8.3, Input=   8.5, Error=  -0.3, PIDTerms=-0.068/ 0.000/-0.015/ 0.000, Output=-0.083(-0.700/0.700), Volt=11.4(10.0)
GlobalTracer.printPidInfo_Info: encoderYPidCtrl: Target= 306.5, Input= 214.7, Error=  91.8, PIDTerms= 1.835/ 0.000/-0.112/ 0.000, Output= 0.600(-0.600/0.600), Volt=11.4(10.0)
GlobalTracer.printPidInfo_Info: gyroTurnPidCtrl: Target=   0.0, Input=  -0.1, Error=   0.1, PIDTerms= 0.002/ 0.000/ 0.003/ 0.000, Output= 0.005(-0.700/0.700), Volt=11.4(10.0)
GlobalTracer.startCompetition_Warn: AUTO_MODE.updates takes too long (0.042s)

GlobalTracer.startCompetition_Warn: AUTO_MODE takes too long (0.109s)

GlobalTracer.printPidInfo_Info: [3.962] elevatorPidController: Target=  35.0, Input=  33.8, Error=   1.2, PIDTerms= 0.234/ 0.011/-0.000/ 0.000, Output= 0.246(-1.000/1.000), Volt=11.4(10.0)
GlobalTracer.startCompetition_Warn: AUTO_MODE.periodic takes too long (0.036s)

GlobalTracer.printPidInfo_Info: encoderXPidCtrl: Target=   8.3, Input=   8.2, Error=   0.0, PIDTerms= 0.009/ 0.000/ 0.038/ 0.000, Output= 0.048(-0.700/0.700), Volt=11.4(10.0)
GlobalTracer.printPidInfo_Info: encoderYPidCtrl: Target= 306.5, Input= 224.4, Error=  82.1, PIDTerms= 1.641/ 0.000/-0.119/ 0.000, Output= 0.600(-0.600/0.600), Volt=11.4(10.0)
GlobalTracer.printPidInfo_Info: gyroTurnPidCtrl: Target=   0.0, Input=   0.1, Error=  -0.1, PIDTerms=-0.001/ 0.000/-0.002/ 0.000, Output=-0.003(-0.700/0.700), Volt=11.4(10.0)
GlobalTracer.startCompetition_Warn: AUTO_MODE.updates takes too long (0.043s)

GlobalTracer.startCompetition_Warn: AUTO_MODE takes too long (0.121s)

GlobalTracer.startCompetition_Warn: AUTO_MODE.preContinuousTasks takes too long (0.021s)

GlobalTracer.printPidInfo_Info: [4.085] elevatorPidController: Target=  35.0, Input=  34.1, Error=   0.9, PIDTerms= 0.186/ 0.011/-0.000/ 0.000, Output= 0.197(-1.000/1.000), Volt=11.5(10.0)
GlobalTracer.printPidInfo_Info: encoderXPidCtrl: Target=   8.3, Input=   8.2, Error=   0.1, PIDTerms= 0.019/ 0.000/ 0.005/ 0.000, Output= 0.024(-0.700/0.700), Volt=11.6(10.0)
GlobalTracer.printPidInfo_Info: encoderYPidCtrl: Target= 306.5, Input= 235.0, Error=  71.5, PIDTerms= 1.430/ 0.000/-0.152/ 0.000, Output= 0.600(-0.600/0.600), Volt=11.6(10.0)
GlobalTracer.printPidInfo_Info: gyroTurnPidCtrl: Target=   0.0, Input=   0.3, Error=  -0.3, PIDTerms=-0.006/ 0.000/-0.004/ 0.000, Output=-0.010(-0.700/0.700), Volt=11.6(10.0)
GlobalTracer.startCompetition_Warn: AUTO_MODE.updates takes too long (0.032s)

GlobalTracer.printPidInfo_Info: [4.179] elevatorPidController: Target=  35.0, Input=  34.3, Error=   0.7, PIDTerms= 0.141/ 0.012/-0.000/ 0.000, Output= 0.153(-1.000/1.000), Volt=11.6(10.0)
GlobalTracer.startCompetition_Warn: AUTO_MODE.periodic takes too long (0.022s)

GlobalTracer.printPidInfo_Info: encoderXPidCtrl: Target=   8.3, Input=   8.2, Error=   0.0, PIDTerms= 0.006/ 0.000/-0.007/ 0.000, Output=-0.001(-0.700/0.700), Volt=11.6(10.0)
GlobalTracer.printPidInfo_Info: encoderYPidCtrl: Target= 306.5, Input= 243.7, Error=  62.8, PIDTerms= 1.256/ 0.000/-0.123/ 0.000, Output= 0.600(-0.600/0.600), Volt=11.6(10.0)
GlobalTracer.printPidInfo_Info: gyroTurnPidCtrl: Target=   0.0, Input=   0.5, Error=  -0.5, PIDTerms=-0.010/ 0.000/-0.003/ 0.000, Output=-0.013(-0.700/0.700), Volt=11.6(10.0)
GlobalTracer.startCompetition_Warn: AUTO_MODE.postContinuousTasks takes too long (0.036s)

GlobalTracer.startCompetition_Warn: AUTO_MODE.updates takes too long (0.056s)

GlobalTracer.startCompetition_Warn: AUTO_MODE takes too long (0.148s)

GlobalTracer.printPidInfo_Info: [4.329] elevatorPidController: Target=  35.0, Input=  34.3, Error=   0.7, PIDTerms= 0.136/ 0.012/-0.000/ 0.000, Output= 0.147(-1.000/1.000), Volt=11.6(10.0)
GlobalTracer.startCompetition_Warn: AUTO_MODE.periodic takes too long (0.022s)

GlobalTracer.printPidInfo_Info: encoderXPidCtrl: Target=   8.3, Input=   8.6, Error=  -0.3, PIDTerms=-0.077/ 0.000/-0.036/ 0.000, Output=-0.113(-0.700/0.700), Volt=11.6(10.0)
GlobalTracer.printPidInfo_Info: encoderYPidCtrl: Target= 306.5, Input= 256.6, Error=  49.9, PIDTerms= 0.999/ 0.000/-0.138/ 0.000, Output= 0.600(-0.600/0.600), Volt=11.6(10.0)
GlobalTracer.printPidInfo_Info: gyroTurnPidCtrl: Target=   0.0, Input=   0.4, Error=  -0.4, PIDTerms=-0.008/ 0.000/ 0.001/ 0.000, Output=-0.006(-0.700/0.700), Volt=11.5(10.0)
GlobalTracer.startCompetition_Warn: AUTO_MODE.postContinuousTasks takes too long (0.028s)

GlobalTracer.startCompetition_Warn: AUTO_MODE.updates takes too long (0.057s)

GlobalTracer.startCompetition_Warn: AUTO_MODE takes too long (0.132s)

GlobalTracer.printPidInfo_Info: [4.462] elevatorPidController: Target=  35.0, Input=  34.3, Error=   0.7, PIDTerms= 0.136/ 0.012/ 0.000/ 0.000, Output= 0.147(-1.000/1.000), Volt=11.5(10.0)
GlobalTracer.startCompetition_Warn: AUTO_MODE.periodic takes too long (0.025s)

GlobalTracer.printPidInfo_Info: encoderXPidCtrl: Target=   8.3, Input=   8.2, Error=   0.0, PIDTerms= 0.009/ 0.000/ 0.041/ 0.000, Output= 0.050(-0.700/0.700), Volt=11.5(10.0)
GlobalTracer.printPidInfo_Info: encoderYPidCtrl: Target= 306.5, Input= 268.7, Error=  37.8, PIDTerms= 0.756/ 0.000/-0.143/ 0.000, Output= 0.600(-0.600/0.600), Volt=11.5(10.0)
GlobalTracer.printPidInfo_Info: gyroTurnPidCtrl: Target=   0.0, Input=   0.2, Error=  -0.2, PIDTerms=-0.005/ 0.000/ 0.002/ 0.000, Output=-0.003(-0.700/0.700), Volt=11.5(10.0)
GlobalTracer.startCompetition_Warn: AUTO_MODE.updates takes too long (0.041s)

GlobalTracer.printPidInfo_Info: [4.554] elevatorPidController: Target=  35.0, Input=  34.3, Error=   0.7, PIDTerms= 0.134/ 0.012/-0.000/ 0.000, Output= 0.146(-1.000/1.000), Volt=11.6(10.0)
GlobalTracer.startCompetition_Warn: AUTO_MODE.periodic takes too long (0.033s)

GlobalTracer.printPidInfo_Info: encoderXPidCtrl: Target=   8.3, Input=   8.2, Error=   0.1, PIDTerms= 0.022/ 0.000/ 0.007/ 0.000, Output= 0.029(-0.700/0.700), Volt=11.6(10.0)
GlobalTracer.printPidInfo_Info: encoderYPidCtrl: Target= 306.5, Input= 277.7, Error=  28.8, PIDTerms= 0.575/ 0.000/-0.122/ 0.000, Output= 0.453(-0.600/0.600), Volt=11.6(10.0)
GlobalTracer.printPidInfo_Info: gyroTurnPidCtrl: Target=   0.0, Input=   0.2, Error=  -0.2, PIDTerms=-0.004/ 0.000/ 0.001/ 0.000, Output=-0.003(-0.700/0.700), Volt=11.6(10.0)
GlobalTracer.startCompetition_Warn: AUTO_MODE.postContinuousTasks takes too long (0.024s)

GlobalTracer.startCompetition_Warn: AUTO_MODE.updates takes too long (0.049s)

GlobalTracer.startCompetition_Warn: AUTO_MODE takes too long (0.133s)

GlobalTracer.printPidInfo_Info: [4.688] elevatorPidController: Target=  35.0, Input=  34.3, Error=   0.7, PIDTerms= 0.134/ 0.012/ 0.000/ 0.000, Output= 0.146(-1.000/1.000), Volt=11.9(10.0)
GlobalTracer.startCompetition_Warn: AUTO_MODE.periodic takes too long (0.037s)

GlobalTracer.printPidInfo_Info: encoderXPidCtrl: Target=   8.3, Input=   8.2, Error=   0.0, PIDTerms= 0.001/ 0.000/-0.010/ 0.000, Output=-0.009(-0.700/0.700), Volt=11.9(10.0)
GlobalTracer.printPidInfo_Info: encoderYPidCtrl: Target= 306.5, Input= 288.2, Error=  18.3, PIDTerms= 0.366/ 0.000/-0.127/ 0.000, Output= 0.239(-0.600/0.600), Volt=11.9(10.0)
GlobalTracer.printPidInfo_Info: gyroTurnPidCtrl: Target=   0.0, Input=   0.2, Error=  -0.2, PIDTerms=-0.004/ 0.000/-0.000/ 0.000, Output=-0.005(-0.700/0.700), Volt=11.9(10.0)
GlobalTracer.startCompetition_Warn: AUTO_MODE.postContinuousTasks takes too long (0.038s)

GlobalTracer.startCompetition_Warn: AUTO_MODE.updates takes too long (0.052s)

GlobalTracer.startCompetition_Warn: AUTO_MODE takes too long (0.140s)

GlobalTracer.printPidInfo_Info: [4.828] elevatorPidController: Target=  35.0, Input=  34.3, Error=   0.7, PIDTerms= 0.134/ 0.012/ 0.000/ 0.000, Output= 0.146(-1.000/1.000), Volt=12.3(10.0)
GlobalTracer.startCompetition_Warn: AUTO_MODE.periodic takes too long (0.028s)

GlobalTracer.printPidInfo_Info: encoderXPidCtrl: Target=   8.3, Input=   8.3, Error=   0.0, PIDTerms= 0.000/ 0.000/-0.000/ 0.000, Output=-0.000(-0.700/0.700), Volt=12.2(10.0)
GlobalTracer.printPidInfo_Info: encoderYPidCtrl: Target= 306.5, Input= 299.6, Error=   6.9, PIDTerms= 0.137/ 0.000/-0.118/ 0.000, Output= 0.019(-0.600/0.600), Volt=12.1(10.0)
GlobalTracer.printPidInfo_Info: gyroTurnPidCtrl: Target=   0.0, Input=  -0.1, Error=   0.1, PIDTerms= 0.001/ 0.000/ 0.003/ 0.000, Output= 0.004(-0.700/0.700), Volt=12.1(10.0)
GlobalTracer.startCompetition_Warn: AUTO_MODE.postContinuousTasks takes too long (0.033s)

GlobalTracer.startCompetition_Warn: AUTO_MODE.updates takes too long (0.047s)

GlobalTracer.startCompetition_Warn: AUTO_MODE takes too long (0.134s)

GlobalTracer.startCompetition_Warn: AUTO_MODE.preContinuousTasks takes too long (0.022s)

GlobalTracer.printPidInfo_Info: [4.962] elevatorPidController: Target=  35.0, Input=  34.5, Error=   0.5, PIDTerms= 0.095/ 0.012/-0.000/ 0.000, Output= 0.107(-1.000/1.000), Volt=12.1(10.0)
GlobalTracer.startCompetition_Warn: AUTO_MODE.periodic takes too long (0.021s)

GlobalTracer.printPidInfo_Info: encoderXPidCtrl: Target=   8.3, Input=   8.2, Error=   0.1, PIDTerms= 0.023/ 0.000/ 0.010/ 0.000, Output= 0.033(-0.700/0.700), Volt=12.1(10.0)
GlobalTracer.printPidInfo_Info: encoderYPidCtrl: Target= 306.5, Input= 308.1, Error=  -1.6, PIDTerms=-0.031/ 0.000/-0.095/ 0.000, Output=-0.126(-0.600/0.600), Volt=12.1(10.0)
GlobalTracer.printPidInfo_Info: gyroTurnPidCtrl: Target=   0.0, Input=  -0.1, Error=   0.1, PIDTerms= 0.002/ 0.000/ 0.001/ 0.000, Output= 0.003(-0.700/0.700), Volt=12.1(10.0)
GlobalTracer.startCompetition_Warn: AUTO_MODE.postContinuousTasks takes too long (0.034s)

GlobalTracer.startCompetition_Warn: AUTO_MODE.updates takes too long (0.048s)

GlobalTracer.startCompetition_Warn: AUTO_MODE takes too long (0.135s)

GlobalTracer.startCompetition_Warn: AUTO_MODE.preContinuousTasks takes too long (0.021s)

GlobalTracer.printPidInfo_Info: [5.098] elevatorPidController: Target=  35.0, Input=  34.7, Error=   0.3, PIDTerms= 0.068/ 0.012/-0.000/ 0.000, Output= 0.080(-1.000/1.000), Volt=11.9(10.0)
GlobalTracer.printPidInfo_Info: encoderXPidCtrl: Target=   8.3, Input=   7.9, Error=   0.4, PIDTerms= 0.088/ 0.000/ 0.032/ 0.000, Output= 0.121(-0.700/0.700), Volt=12.0(10.0)
GlobalTracer.printPidInfo_Info: encoderYPidCtrl: Target= 306.5, Input= 312.9, Error=  -6.4, PIDTerms=-0.128/ 0.000/-0.060/ 0.000, Output=-0.188(-0.600/0.600), Volt=12.0(10.0)
GlobalTracer.printPidInfo_Info: gyroTurnPidCtrl: Target=   0.0, Input=  -1.0, Error=   1.0, PIDTerms= 0.019/ 0.000/ 0.013/ 0.000, Output= 0.032(-0.700/0.700), Volt=12.0(10.0)
GlobalTracer.startCompetition_Warn: AUTO_MODE.postContinuousTasks takes too long (0.020s)

GlobalTracer.startCompetition_Warn: AUTO_MODE.updates takes too long (0.047s)

GlobalTracer.startCompetition_Warn: AUTO_MODE takes too long (0.107s)

GlobalTracer.printPidInfo_Info: [5.207] elevatorPidController: Target=  35.0, Input=  34.6, Error=   0.4, PIDTerms= 0.071/ 0.012/ 0.000/ 0.000, Output= 0.083(-1.000/1.000), Volt=11.7(10.0)
GlobalTracer.startCompetition_Warn: AUTO_MODE.periodic takes too long (0.028s)

GlobalTracer.printPidInfo_Info: encoderXPidCtrl: Target=   8.3, Input=   8.2, Error=   0.1, PIDTerms= 0.019/ 0.000/-0.035/ 0.000, Output=-0.016(-0.700/0.700), Volt=11.8(10.0)
GlobalTracer.printPidInfo_Info: encoderYPidCtrl: Target= 306.5, Input= 314.1, Error=  -7.6, PIDTerms=-0.151/ 0.000/-0.014/ 0.000, Output=-0.165(-0.600/0.600), Volt=11.8(10.0)
GlobalTracer.printPidInfo_Info: gyroTurnPidCtrl: Target=   0.0, Input=  -1.4, Error=   1.4, PIDTerms= 0.027/ 0.000/ 0.005/ 0.000, Output= 0.032(-0.700/0.700), Volt=11.8(10.0)
GlobalTracer.startCompetition_Warn: AUTO_MODE.postContinuousTasks takes too long (0.025s)

GlobalTracer.startCompetition_Warn: AUTO_MODE.updates takes too long (0.048s)

GlobalTracer.startCompetition_Warn: AUTO_MODE takes too long (0.123s)

GlobalTracer.printPidInfo_Info: [5.331] elevatorPidController: Target=  35.0, Input=  34.6, Error=   0.4, PIDTerms= 0.071/ 0.012/ 0.000/ 0.000, Output= 0.083(-1.000/1.000), Volt=11.8(10.0)
GlobalTracer.startCompetition_Warn: AUTO_MODE.periodic takes too long (0.031s)

GlobalTracer.printPidInfo_Info: encoderXPidCtrl: Target=   8.3, Input=   8.7, Error=  -0.5, PIDTerms=-0.125/ 0.000/-0.065/ 0.000, Output=-0.190(-0.700/0.700), Volt=11.9(10.0)
GlobalTracer.printPidInfo_Info: encoderYPidCtrl: Target= 306.5, Input= 313.8, Error=  -7.3, PIDTerms=-0.146/ 0.000/ 0.003/ 0.000, Output=-0.144(-0.600/0.600), Volt=12.0(10.0)
GlobalTracer.printPidInfo_Info: gyroTurnPidCtrl: Target=   0.0, Input=   0.3, Error=  -0.3, PIDTerms=-0.006/ 0.000/-0.023/ 0.000, Output=-0.029(-0.700/0.700), Volt=12.0(10.0)
GlobalTracer.startCompetition_Warn: AUTO_MODE.postContinuousTasks takes too long (0.021s)

GlobalTracer.startCompetition_Warn: AUTO_MODE.updates takes too long (0.047s)

GlobalTracer.startCompetition_Warn: AUTO_MODE takes too long (0.129s)

GlobalTracer.startCompetition_Warn: AUTO_MODE.preContinuousTasks takes too long (0.021s)

GlobalTracer.printPidInfo_Info: [5.462] elevatorPidController: Target=  35.0, Input=  34.6, Error=   0.4, PIDTerms= 0.071/ 0.012/ 0.000/ 0.000, Output= 0.083(-1.000/1.000), Volt=11.7(10.0)
GlobalTracer.startCompetition_Warn: AUTO_MODE.periodic takes too long (0.036s)

GlobalTracer.printPidInfo_Info: encoderXPidCtrl: Target=   8.3, Input=   8.4, Error=  -0.2, PIDTerms=-0.046/ 0.000/ 0.033/ 0.000, Output=-0.012(-0.700/0.700), Volt=11.6(10.0)
GlobalTracer.printPidInfo_Info: encoderYPidCtrl: Target= 306.5, Input= 313.4, Error=  -6.9, PIDTerms=-0.137/ 0.000/ 0.005/ 0.000, Output=-0.133(-0.600/0.600), Volt=11.7(10.0)
GlobalTracer.printPidInfo_Info: gyroTurnPidCtrl: Target=   0.0, Input=   1.7, Error=  -1.7, PIDTerms=-0.034/ 0.000/-0.017/ 0.000, Output=-0.051(-0.700/0.700), Volt=11.7(10.0)
GlobalTracer.startCompetition_Warn: AUTO_MODE.postContinuousTasks takes too long (0.035s)

GlobalTracer.startCompetition_Warn: AUTO_MODE.updates takes too long (0.064s)

GlobalTracer.startCompetition_Warn: AUTO_MODE takes too long (0.168s)

GlobalTracer.printPidInfo_Info: [5.631] elevatorPidController: Target=  35.0, Input=  34.6, Error=   0.4, PIDTerms= 0.072/ 0.012/ 0.000/ 0.000, Output= 0.085(-1.000/1.000), Volt=12.0(10.0)
GlobalTracer.startCompetition_Warn: AUTO_MODE.periodic takes too long (0.033s)

GlobalTracer.printPidInfo_Info: encoderXPidCtrl: Target=   8.3, Input=   8.2, Error=   0.1, PIDTerms= 0.014/ 0.000/ 0.023/ 0.000, Output= 0.037(-0.700/0.700), Volt=12.2(10.0)
GlobalTracer.printPidInfo_Info: encoderYPidCtrl: Target= 306.5, Input= 313.8, Error=  -7.3, PIDTerms=-0.147/ 0.000/-0.005/ 0.000, Output=-0.151(-0.600/0.600), Volt=12.2(10.0)
GlobalTracer.printPidInfo_Info: gyroTurnPidCtrl: Target=   0.0, Input=   1.3, Error=  -1.3, PIDTerms=-0.026/ 0.000/ 0.005/ 0.000, Output=-0.021(-0.700/0.700), Volt=12.2(10.0)
GlobalTracer.startCompetition_Warn: AUTO_MODE.postContinuousTasks takes too long (0.034s)

GlobalTracer.startCompetition_Warn: AUTO_MODE.updates takes too long (0.045s)

GlobalTracer.startCompetition_Warn: AUTO_MODE takes too long (0.136s)

GlobalTracer.printPidInfo_Info: [5.768] elevatorPidController: Target=  35.0, Input=  34.6, Error=   0.4, PIDTerms= 0.072/ 0.012/ 0.000/ 0.000, Output= 0.085(-1.000/1.000), Volt=12.2(10.0)
GlobalTracer.printPidInfo_Info: encoderXPidCtrl: Target=   8.3, Input=   8.2, Error=   0.0, PIDTerms= 0.009/ 0.000/-0.003/ 0.000, Output= 0.007(-0.700/0.700), Volt=12.2(10.0)
GlobalTracer.printPidInfo_Info: encoderYPidCtrl: Target= 306.5, Input= 313.2, Error=  -6.7, PIDTerms=-0.133/ 0.000/ 0.009/ 0.000, Output=-0.124(-0.600/0.600), Volt=12.2(10.0)
GlobalTracer.printPidInfo_Info: gyroTurnPidCtrl: Target=   0.0, Input=   0.6, Error=  -0.6, PIDTerms=-0.012/ 0.000/ 0.010/ 0.000, Output=-0.002(-0.700/0.700), Volt=12.2(10.0)
GlobalTracer.startCompetition_Warn: AUTO_MODE.updates takes too long (0.064s)

GlobalTracer.startCompetition_Warn: AUTO_MODE takes too long (0.113s)

GlobalTracer.printPidInfo_Info: [5.882] elevatorPidController: Target=  35.0, Input=  34.6, Error=   0.4, PIDTerms= 0.072/ 0.012/ 0.000/ 0.000, Output= 0.085(-1.000/1.000), Volt=12.3(10.0)
GlobalTracer.startCompetition_Warn: AUTO_MODE.periodic takes too long (0.028s)

GlobalTracer.printPidInfo_Info: encoderXPidCtrl: Target=   8.3, Input=   8.2, Error=   0.0, PIDTerms= 0.010/ 0.000/ 0.000/ 0.000, Output= 0.010(-0.700/0.700), Volt=12.3(10.0)
GlobalTracer.printPidInfo_Info: encoderYPidCtrl: Target= 306.5, Input= 312.4, Error=  -5.9, PIDTerms=-0.118/ 0.000/ 0.008/ 0.000, Output=-0.109(-0.600/0.600), Volt=12.3(10.0)
GlobalTracer.printPidInfo_Info: gyroTurnPidCtrl: Target=   0.0, Input=   0.4, Error=  -0.4, PIDTerms=-0.007/ 0.000/ 0.003/ 0.000, Output=-0.004(-0.700/0.700), Volt=12.3(10.0)
GlobalTracer.startCompetition_Warn: AUTO_MODE.postContinuousTasks takes too long (0.032s)

GlobalTracer.startCompetition_Warn: AUTO_MODE.updates takes too long (0.041s)

GlobalTracer.startCompetition_Warn: AUTO_MODE takes too long (0.128s)

GlobalTracer.printPidInfo_Info: [6.011] elevatorPidController: Target=  35.0, Input=  34.6, Error=   0.4, PIDTerms= 0.072/ 0.012/ 0.000/ 0.000, Output= 0.085(-1.000/1.000), Volt=12.4(10.0)
GlobalTracer.startCompetition_Warn: AUTO_MODE.periodic takes too long (0.032s)

GlobalTracer.printPidInfo_Info: encoderXPidCtrl: Target=   8.3, Input=   8.2, Error=   0.0, PIDTerms= 0.012/ 0.000/ 0.001/ 0.000, Output= 0.012(-0.700/0.700), Volt=12.4(10.0)
GlobalTracer.printPidInfo_Info: encoderYPidCtrl: Target= 306.5, Input= 311.5, Error=  -5.0, PIDTerms=-0.099/ 0.000/ 0.011/ 0.000, Output=-0.088(-0.600/0.600), Volt=12.4(10.0)
GlobalTracer.printPidInfo_Info: gyroTurnPidCtrl: Target=   0.0, Input=   0.5, Error=  -0.5, PIDTerms=-0.011/ 0.000/-0.002/ 0.000, Output=-0.013(-0.700/0.700), Volt=12.4(10.0)
GlobalTracer.startCompetition_Warn: AUTO_MODE.postContinuousTasks takes too long (0.022s)

GlobalTracer.startCompetition_Warn: AUTO_MODE.updates takes too long (0.051s)

GlobalTracer.startCompetition_Warn: AUTO_MODE takes too long (0.132s)

GlobalTracer.printPidInfo_Info: [6.144] elevatorPidController: Target=  35.0, Input=  34.6, Error=   0.4, PIDTerms= 0.072/ 0.012/ 0.000/ 0.000, Output= 0.085(-1.000/1.000), Volt=12.4(10.0)
GlobalTracer.startCompetition_Warn: AUTO_MODE.periodic takes too long (0.022s)

GlobalTracer.printPidInfo_Info: encoderXPidCtrl: Target=   8.3, Input=   8.2, Error=   0.0, PIDTerms= 0.006/ 0.000/-0.003/ 0.000, Output= 0.003(-0.700/0.700), Volt=12.4(10.0)
GlobalTracer.printPidInfo_Info: encoderYPidCtrl: Target= 306.5, Input= 310.5, Error=  -4.0, PIDTerms=-0.081/ 0.000/ 0.012/ 0.000, Output=-0.069(-0.600/0.600), Volt=12.4(10.0)
GlobalTracer.printPidInfo_Info: gyroTurnPidCtrl: Target=   0.0, Input=   0.4, Error=  -0.4, PIDTerms=-0.009/ 0.000/ 0.002/ 0.000, Output=-0.007(-0.700/0.700), Volt=12.5(10.0)
GlobalTracer.startCompetition_Warn: AUTO_MODE.updates takes too long (0.044s)

GlobalTracer.startCompetition_Warn: AUTO_MODE takes too long (0.100s)

GlobalTracer.printPidInfo_Info: [6.245] elevatorPidController: Target=  35.0, Input=  34.6, Error=   0.4, PIDTerms= 0.072/ 0.012/ 0.000/ 0.000, Output= 0.085(-1.000/1.000), Volt=12.5(10.0)
GlobalTracer.startCompetition_Warn: AUTO_MODE.periodic takes too long (0.031s)

GlobalTracer.printPidInfo_Info: encoderXPidCtrl: Target=   8.3, Input=   8.2, Error=   0.0, PIDTerms= 0.006/ 0.000/ 0.000/ 0.000, Output= 0.006(-0.700/0.700), Volt=12.5(10.0)
GlobalTracer.printPidInfo_Info: encoderYPidCtrl: Target= 306.5, Input= 309.8, Error=  -3.3, PIDTerms=-0.066/ 0.000/ 0.010/ 0.000, Output=-0.056(-0.600/0.600), Volt=12.5(10.0)
GlobalTracer.printPidInfo_Info: gyroTurnPidCtrl: Target=   0.0, Input=   0.5, Error=  -0.5, PIDTerms=-0.009/ 0.000/-0.001/ 0.000, Output=-0.010(-0.700/0.700), Volt=12.5(10.0)
GlobalTracer.startCompetition_Warn: AUTO_MODE.postContinuousTasks takes too long (0.036s)

GlobalTracer.startCompetition_Warn: AUTO_MODE.updates takes too long (0.058s)

GlobalTracer.startCompetition_Warn: AUTO_MODE takes too long (0.144s)

GlobalTracer.printPidInfo_Info: [6.389] elevatorPidController: Target=  35.0, Input=  34.6, Error=   0.4, PIDTerms= 0.072/ 0.013/ 0.000/ 0.000, Output= 0.085(-1.000/1.000), Volt=12.5(10.0)
GlobalTracer.startCompetition_Warn: AUTO_MODE.periodic takes too long (0.028s)

GlobalTracer.printPidInfo_Info: encoderXPidCtrl: Target=   8.3, Input=   8.2, Error=   0.0, PIDTerms= 0.001/ 0.000/-0.002/ 0.000, Output=-0.001(-0.700/0.700), Volt=12.5(10.0)
GlobalTracer.printPidInfo_Info: encoderYPidCtrl: Target= 306.5, Input= 308.7, Error=  -2.2, PIDTerms=-0.044/ 0.000/ 0.012/ 0.000, Output=-0.032(-0.600/0.600), Volt=12.5(10.0)
GlobalTracer.printPidInfo_Info: gyroTurnPidCtrl: Target=   0.0, Input=   0.5, Error=  -0.5, PIDTerms=-0.011/ 0.000/-0.001/ 0.000, Output=-0.012(-0.700/0.700), Volt=12.5(10.0)
GlobalTracer.startCompetition_Warn: AUTO_MODE.postContinuousTasks takes too long (0.041s)

GlobalTracer.startCompetition_Warn: AUTO_MODE.updates takes too long (0.072s)

GlobalTracer.startCompetition_Warn: AUTO_MODE takes too long (0.158s)

GlobalTracer.printPidInfo_Info: [6.548] elevatorPidController: Target=  35.0, Input=  34.6, Error=   0.4, PIDTerms= 0.072/ 0.013/ 0.000/ 0.000, Output= 0.085(-1.000/1.000), Volt=12.5(10.0)
GlobalTracer.startCompetition_Warn: AUTO_MODE.periodic takes too long (0.028s)

GlobalTracer.printPidInfo_Info: encoderXPidCtrl: Target=   8.3, Input=   8.3, Error=  -0.0, PIDTerms=-0.005/ 0.000/-0.002/ 0.000, Output=-0.007(-0.700/0.700), Volt=12.5(10.0)
GlobalTracer.printPidInfo_Info: encoderYPidCtrl: Target= 306.5, Input= 308.1, Error=  -1.6, PIDTerms=-0.032/ 0.000/ 0.006/ 0.000, Output=-0.026(-0.600/0.600), Volt=12.5(10.0)
GlobalTracer.printPidInfo_Info: gyroTurnPidCtrl: Target=   0.0, Input=   0.0, Error=  -0.0, PIDTerms=-0.001/ 0.000/ 0.005/ 0.000, Output= 0.005(-0.700/0.700), Volt=12.5(10.0)
GlobalTracer.startCompetition_Warn: AUTO_MODE.postContinuousTasks takes too long (0.031s)

GlobalTracer.startCompetition_Warn: AUTO_MODE.updates takes too long (0.065s)

GlobalTracer.startCompetition_Warn: AUTO_MODE takes too long (0.147s)

GlobalTracer.startCompetition_Warn: AUTO_MODE.preContinuousTasks takes too long (0.023s)

GlobalTracer.printPidInfo_Info: [6.695] elevatorPidController: Target=  35.0, Input=  34.6, Error=   0.4, PIDTerms= 0.072/ 0.013/ 0.000/ 0.000, Output= 0.085(-1.000/1.000), Volt=12.5(10.0)
GlobalTracer.startCompetition_Warn: AUTO_MODE.periodic takes too long (0.020s)

GlobalTracer.printPidInfo_Info: encoderXPidCtrl: Target=   0.0, Input=   8.3, Error=   0.0, PIDTerms=-0.003/ 0.000/ 0.001/ 0.000, Output= 0.000(-0.700/0.700), Volt=12.5(10.0)
GlobalTracer.printPidInfo_Info: encoderYPidCtrl: Target=   0.0, Input= 307.9, Error=   0.0, PIDTerms=-0.028/ 0.000/ 0.002/ 0.000, Output= 0.000(-0.600/0.600), Volt=12.5(10.0)
GlobalTracer.printPidInfo_Info: gyroTurnPidCtrl: Target=   0.0, Input=   0.1, Error=   0.0, PIDTerms=-0.001/ 0.000/-0.000/ 0.000, Output= 0.000(-0.700/0.700), Volt=12.5(10.0)
GlobalTracer.startCompetition_Warn: AUTO_MODE.postContinuousTasks takes too long (0.029s)

GlobalTracer.startCompetition_Warn: AUTO_MODE.updates takes too long (0.058s)

GlobalTracer.startCompetition_Warn: AUTO_MODE takes too long (0.147s)

GlobalTracer.Robot_Info: [6.844] TURN_TO_FACE_SCALE: xPos=  8.25,yPos=308.15,heading=   0.0/ -90.0,volts=12.5(10.0)
GlobalTracer.printPidInfo_Info: [6.844] elevatorPidController: Target=  35.0, Input=  34.6, Error=   0.4, PIDTerms= 0.072/ 0.013/ 0.000/ 0.000, Output= 0.085(-1.000/1.000), Volt=12.5(10.0)
GlobalTracer.startCompetition_Warn: AUTO_MODE.periodic takes too long (0.023s)

GlobalTracer.printPidInfo_Info: encoderXPidCtrl: Target=   8.2, Input=   8.3, Error=   0.0, PIDTerms=-0.003/ 0.000/ 0.001/ 0.000, Output= 0.000(-0.700/0.700), Volt=12.5(10.0)
GlobalTracer.printPidInfo_Info: encoderYPidCtrl: Target= 308.2, Input= 307.9, Error=   0.0, PIDTerms=-0.028/ 0.000/ 0.002/ 0.000, Output= 0.000(-0.600/0.600), Volt=12.5(10.0)
GlobalTracer.printPidInfo_Info: gyroTurnPidCtrl: Target= -90.0, Input=   0.0, Error= -90.0, PIDTerms=-1.800/ 0.000/ 0.000/-0.000, Output=-0.700(-0.700/0.700), Volt=12.5(10.0)
GlobalTracer.startCompetition_Warn: AUTO_MODE.postContinuousTasks takes too long (0.043s)

GlobalTracer.startCompetition_Warn: AUTO_MODE.updates takes too long (0.058s)

GlobalTracer.startCompetition_Warn: AUTO_MODE takes too long (0.158s)

GlobalTracer.startCompetition_Warn: AUTO_MODE.preContinuousTasks takes too long (0.023s)

GlobalTracer.printPidInfo_Info: [7.004] elevatorPidController: Target=  35.0, Input=  34.6, Error=   0.4, PIDTerms= 0.072/ 0.013/ 0.000/ 0.000, Output= 0.085(-1.000/1.000), Volt=10.0(10.0)
GlobalTracer.startCompetition_Warn: AUTO_MODE.periodic takes too long (0.028s)

GlobalTracer.printPidInfo_Info: encoderXPidCtrl: Target=   8.2, Input=   8.3, Error=   0.0, PIDTerms=-0.003/ 0.000/ 0.001/ 0.000, Output= 0.000(-0.700/0.700), Volt=10.3(10.0)
GlobalTracer.printPidInfo_Info: encoderYPidCtrl: Target= 308.2, Input= 307.9, Error=   0.0, PIDTerms=-0.028/ 0.000/ 0.002/ 0.000, Output= 0.000(-0.600/0.600), Volt=10.6(10.0)
GlobalTracer.printPidInfo_Info: gyroTurnPidCtrl: Target= -90.0, Input=  -2.4, Error= -87.6, PIDTerms=-1.753/ 0.000/ 0.024/-0.000, Output=-0.700(-0.700/0.700), Volt=10.6(10.0)
GlobalTracer.startCompetition_Warn: AUTO_MODE.postContinuousTasks takes too long (0.024s)

GlobalTracer.startCompetition_Warn: AUTO_MODE.updates takes too long (0.045s)

GlobalTracer.startCompetition_Warn: AUTO_MODE takes too long (0.141s)

GlobalTracer.startCompetition_Warn: AUTO_MODE.preContinuousTasks takes too long (0.022s)

GlobalTracer.printPidInfo_Info: [7.145] elevatorPidController: Target=  35.0, Input=  34.6, Error=   0.4, PIDTerms= 0.081/ 0.013/ 0.000/ 0.000, Output= 0.094(-1.000/1.000), Volt=10.9(10.0)
GlobalTracer.printPidInfo_Info: encoderXPidCtrl: Target=   8.2, Input=   8.3, Error=   0.0, PIDTerms=-0.003/ 0.000/ 0.001/ 0.000, Output= 0.000(-0.700/0.700), Volt=10.9(10.0)
GlobalTracer.printPidInfo_Info: encoderYPidCtrl: Target= 308.2, Input= 307.9, Error=   0.0, PIDTerms=-0.028/ 0.000/ 0.002/ 0.000, Output= 0.000(-0.600/0.600), Volt=10.9(10.0)
GlobalTracer.printPidInfo_Info: gyroTurnPidCtrl: Target= -90.0, Input= -15.6, Error= -74.4, PIDTerms=-1.488/ 0.000/ 0.181/-0.000, Output=-0.700(-0.700/0.700), Volt=10.9(10.0)
GlobalTracer.startCompetition_Warn: AUTO_MODE.postContinuousTasks takes too long (0.021s)

GlobalTracer.startCompetition_Warn: AUTO_MODE.updates takes too long (0.053s)

GlobalTracer.startCompetition_Warn: AUTO_MODE takes too long (0.123s)

GlobalTracer.printPidInfo_Info: [7.270] elevatorPidController: Target=  35.0, Input=  34.6, Error=   0.4, PIDTerms= 0.081/ 0.013/ 0.000/ 0.000, Output= 0.094(-1.000/1.000), Volt=10.7(10.0)
GlobalTracer.printPidInfo_Info: encoderXPidCtrl: Target=   8.2, Input=   8.3, Error=   0.0, PIDTerms=-0.003/ 0.000/ 0.001/ 0.000, Output= 0.000(-0.700/0.700), Volt=10.7(10.0)
GlobalTracer.printPidInfo_Info: encoderYPidCtrl: Target= 308.2, Input= 307.9, Error=   0.0, PIDTerms=-0.028/ 0.000/ 0.002/ 0.000, Output= 0.000(-0.600/0.600), Volt=10.8(10.0)
GlobalTracer.printPidInfo_Info: gyroTurnPidCtrl: Target= -90.0, Input= -34.4, Error= -55.6, PIDTerms=-1.112/ 0.000/ 0.270/-0.000, Output=-0.700(-0.700/0.700), Volt=10.8(10.0)
GlobalTracer.startCompetition_Warn: AUTO_MODE.postContinuousTasks takes too long (0.023s)

GlobalTracer.startCompetition_Warn: AUTO_MODE.updates takes too long (0.064s)

GlobalTracer.startCompetition_Warn: AUTO_MODE takes too long (0.139s)

GlobalTracer.printPidInfo_Info: [7.410] elevatorPidController: Target=  35.0, Input=  34.6, Error=   0.4, PIDTerms= 0.080/ 0.013/-0.000/ 0.000, Output= 0.093(-1.000/1.000), Volt=11.2(10.0)
GlobalTracer.startCompetition_Warn: AUTO_MODE.periodic takes too long (0.021s)

GlobalTracer.printPidInfo_Info: encoderXPidCtrl: Target=   8.2, Input=   8.3, Error=   0.0, PIDTerms=-0.003/ 0.000/ 0.001/ 0.000, Output= 0.000(-0.700/0.700), Volt=11.3(10.0)
GlobalTracer.printPidInfo_Info: encoderYPidCtrl: Target= 308.2, Input= 307.9, Error=   0.0, PIDTerms=-0.028/ 0.000/ 0.002/ 0.000, Output= 0.000(-0.600/0.600), Volt=12.0(10.0)
GlobalTracer.printPidInfo_Info: gyroTurnPidCtrl: Target= -90.0, Input= -57.7, Error= -32.3, PIDTerms=-0.646/ 0.000/ 0.293/-0.000, Output=-0.353(-0.700/0.700), Volt=12.0(10.0)
GlobalTracer.startCompetition_Warn: AUTO_MODE.postContinuousTasks takes too long (0.030s)

GlobalTracer.startCompetition_Warn: AUTO_MODE.updates takes too long (0.046s)

GlobalTracer.startCompetition_Warn: AUTO_MODE takes too long (0.123s)

GlobalTracer.printPidInfo_Info: [7.534] elevatorPidController: Target=  35.0, Input=  34.6, Error=   0.4, PIDTerms= 0.080/ 0.013/ 0.000/ 0.000, Output= 0.093(-1.000/1.000), Volt=12.2(10.0)
GlobalTracer.startCompetition_Warn: AUTO_MODE.periodic takes too long (0.024s)

GlobalTracer.printPidInfo_Info: encoderXPidCtrl: Target=   8.2, Input=   8.3, Error=   0.0, PIDTerms=-0.003/ 0.000/ 0.001/ 0.000, Output= 0.000(-0.700/0.700), Volt=12.2(10.0)
GlobalTracer.printPidInfo_Info: encoderYPidCtrl: Target= 308.2, Input= 307.9, Error=   0.0, PIDTerms=-0.028/ 0.000/ 0.002/ 0.000, Output= 0.000(-0.600/0.600), Volt=12.2(10.0)
GlobalTracer.printPidInfo_Info: gyroTurnPidCtrl: Target= -90.0, Input= -83.9, Error=  -6.1, PIDTerms=-0.121/ 0.000/ 0.360/-0.000, Output= 0.238(-0.700/0.700), Volt=12.2(10.0)
GlobalTracer.startCompetition_Warn: AUTO_MODE.postContinuousTasks takes too long (0.040s)

GlobalTracer.startCompetition_Warn: AUTO_MODE.updates takes too long (0.069s)

GlobalTracer.startCompetition_Warn: AUTO_MODE takes too long (0.160s)

GlobalTracer.printPidInfo_Info: [7.695] elevatorPidController: Target=  35.0, Input=  34.6, Error=   0.4, PIDTerms= 0.081/ 0.013/ 0.000/ 0.000, Output= 0.094(-1.000/1.000), Volt=11.5(10.0)
GlobalTracer.printPidInfo_Info: encoderXPidCtrl: Target=   8.2, Input=   8.3, Error=   0.0, PIDTerms=-0.003/ 0.000/ 0.001/ 0.000, Output= 0.000(-0.700/0.700), Volt=11.6(10.0)
GlobalTracer.printPidInfo_Info: encoderYPidCtrl: Target= 308.2, Input= 307.9, Error=   0.0, PIDTerms=-0.028/ 0.000/ 0.002/ 0.000, Output= 0.000(-0.600/0.600), Volt=11.6(10.0)
GlobalTracer.printPidInfo_Info: gyroTurnPidCtrl: Target= -90.0, Input=-103.1, Error=  13.1, PIDTerms= 0.262/ 0.000/ 0.224/-0.000, Output= 0.486(-0.700/0.700), Volt=10.9(10.0)
GlobalTracer.startCompetition_Warn: AUTO_MODE.postContinuousTasks takes too long (0.028s)

GlobalTracer.startCompetition_Warn: AUTO_MODE.updates takes too long (0.057s)

GlobalTracer.startCompetition_Warn: AUTO_MODE takes too long (0.118s)

GlobalTracer.printPidInfo_Info: [7.818] elevatorPidController: Target=  35.0, Input=  34.6, Error=   0.4, PIDTerms= 0.081/ 0.013/ 0.000/ 0.000, Output= 0.094(-1.000/1.000), Volt=10.8(10.0)
GlobalTracer.printPidInfo_Info: encoderXPidCtrl: Target=   8.2, Input=   8.3, Error=   0.0, PIDTerms=-0.003/ 0.000/ 0.001/ 0.000, Output= 0.000(-0.700/0.700), Volt=11.0(10.0)
GlobalTracer.printPidInfo_Info: encoderYPidCtrl: Target= 308.2, Input= 307.9, Error=   0.0, PIDTerms=-0.028/ 0.000/ 0.002/ 0.000, Output= 0.000(-0.600/0.600), Volt=11.7(10.0)
GlobalTracer.printPidInfo_Info: gyroTurnPidCtrl: Target= -90.0, Input=-101.4, Error=  11.4, PIDTerms= 0.228/ 0.000/-0.028/-0.000, Output= 0.200(-0.700/0.700), Volt=11.7(10.0)
GlobalTracer.startCompetition_Warn: AUTO_MODE.postContinuousTasks takes too long (0.032s)

GlobalTracer.startCompetition_Warn: AUTO_MODE.updates takes too long (0.040s)

GlobalTracer.startCompetition_Warn: AUTO_MODE takes too long (0.102s)

GlobalTracer.printPidInfo_Info: [7.918] elevatorPidController: Target=  35.0, Input=  34.6, Error=   0.4, PIDTerms= 0.081/ 0.013/ 0.000/ 0.000, Output= 0.094(-1.000/1.000), Volt=12.0(10.0)
GlobalTracer.printPidInfo_Info: encoderXPidCtrl: Target=   8.2, Input=   8.3, Error=   0.0, PIDTerms=-0.003/ 0.000/ 0.001/ 0.000, Output= 0.000(-0.700/0.700), Volt=12.0(10.0)
GlobalTracer.printPidInfo_Info: encoderYPidCtrl: Target= 308.2, Input= 307.9, Error=   0.0, PIDTerms=-0.028/ 0.000/ 0.002/ 0.000, Output= 0.000(-0.600/0.600), Volt=12.0(10.0)
GlobalTracer.printPidInfo_Info: gyroTurnPidCtrl: Target= -90.0, Input= -96.3, Error=   6.3, PIDTerms= 0.125/ 0.000/-0.076/-0.000, Output= 0.050(-0.700/0.700), Volt=12.0(10.0)
GlobalTracer.startCompetition_Warn: AUTO_MODE.postContinuousTasks takes too long (0.024s)

GlobalTracer.startCompetition_Warn: AUTO_MODE.updates takes too long (0.028s)

GlobalTracer.printPidInfo_Info: [8.015] elevatorPidController: Target=  35.0, Input=  34.6, Error=   0.4, PIDTerms= 0.081/ 0.013/ 0.000/ 0.000, Output= 0.094(-1.000/1.000), Volt=12.1(10.0)
GlobalTracer.printPidInfo_Info: encoderXPidCtrl: Target=   8.2, Input=   8.3, Error=   0.0, PIDTerms=-0.003/ 0.000/ 0.001/ 0.000, Output= 0.000(-0.700/0.700), Volt=12.1(10.0)
GlobalTracer.printPidInfo_Info: encoderYPidCtrl: Target= 308.2, Input= 307.9, Error=   0.0, PIDTerms=-0.028/ 0.000/ 0.002/ 0.000, Output= 0.000(-0.600/0.600), Volt=12.1(10.0)
GlobalTracer.printPidInfo_Info: gyroTurnPidCtrl: Target= -90.0, Input= -91.5, Error=   1.5, PIDTerms= 0.031/ 0.000/-0.087/-0.000, Output=-0.057(-0.700/0.700), Volt=12.1(10.0)
GlobalTracer.startCompetition_Warn: AUTO_MODE.postContinuousTasks takes too long (0.026s)

GlobalTracer.startCompetition_Warn: AUTO_MODE.updates takes too long (0.031s)

GlobalTracer.printPidInfo_Info: [8.115] elevatorPidController: Target=  35.0, Input=  34.6, Error=   0.4, PIDTerms= 0.081/ 0.013/ 0.000/ 0.000, Output= 0.094(-1.000/1.000), Volt=12.1(10.0)
GlobalTracer.printPidInfo_Info: encoderXPidCtrl: Target=   8.2, Input=   8.3, Error=   0.0, PIDTerms=-0.003/ 0.000/ 0.001/ 0.000, Output= 0.000(-0.700/0.700), Volt=12.1(10.0)
GlobalTracer.printPidInfo_Info: encoderYPidCtrl: Target= 308.2, Input= 307.9, Error=   0.0, PIDTerms=-0.028/ 0.000/ 0.002/ 0.000, Output= 0.000(-0.600/0.600), Volt=12.1(10.0)
GlobalTracer.printPidInfo_Info: gyroTurnPidCtrl: Target= -90.0, Input= -88.3, Error=  -1.7, PIDTerms=-0.034/ 0.000/-0.062/-0.000, Output=-0.096(-0.700/0.700), Volt=12.1(10.0)
GlobalTracer.startCompetition_Warn: AUTO_MODE.postContinuousTasks takes too long (0.024s)

GlobalTracer.startCompetition_Warn: AUTO_MODE.updates takes too long (0.040s)

GlobalTracer.printPidInfo_Info: [8.211] elevatorPidController: Target=  35.0, Input=  34.6, Error=   0.4, PIDTerms= 0.081/ 0.013/ 0.000/ 0.000, Output= 0.094(-1.000/1.000), Volt=12.1(10.0)
GlobalTracer.printPidInfo_Info: encoderXPidCtrl: Target=   0.0, Input=   8.3, Error=   0.0, PIDTerms=-0.003/ 0.000/ 0.001/ 0.000, Output= 0.000(-0.700/0.700), Volt=12.1(10.0)
GlobalTracer.printPidInfo_Info: encoderYPidCtrl: Target=   0.0, Input= 307.9, Error=   0.0, PIDTerms=-0.028/ 0.000/ 0.002/ 0.000, Output= 0.000(-0.600/0.600), Volt=12.1(10.0)
GlobalTracer.printPidInfo_Info: gyroTurnPidCtrl: Target=   0.0, Input= -88.9, Error=   0.0, PIDTerms=-0.023/ 0.000/ 0.010/-0.000, Output= 0.000(-0.700/0.700), Volt=12.1(10.0)
GlobalTracer.startCompetition_Warn: AUTO_MODE.updates takes too long (0.041s)

GlobalTracer.Robot_Info: [8.292] RAISE_ELEVATOR: xPos=  6.65,yPos=309.96,heading= -89.5/ -90.0,volts=12.2(10.0)
GlobalTracer.printPidInfo_Info: [8.292] elevatorPidController: Target=  70.0, Input=  34.6, Error=  35.4, PIDTerms= 0.081/ 0.013/ 0.000/ 0.000, Output= 0.000(-1.000/1.000), Volt=12.2(10.0)
GlobalTracer.startCompetition_Warn: AUTO_MODE.updates takes too long (0.033s)

GlobalTracer.printPidInfo_Info: [8.376] elevatorPidController: Target=  70.0, Input=  34.6, Error=  35.4, PIDTerms= 7.081/ 0.001/ 0.000/ 0.000, Output= 1.000(-1.000/1.000), Volt=10.7(10.0)
GlobalTracer.startCompetition_Warn: AUTO_MODE.updates takes too long (0.023s)

GlobalTracer.printPidInfo_Info: [8.434] elevatorPidController: Target=  70.0, Input=  35.6, Error=  34.4, PIDTerms= 6.880/ 0.003/-0.000/ 0.000, Output= 1.000(-1.000/1.000), Volt=10.4(10.0)
GlobalTracer.printPidInfo_Info: [8.480] elevatorPidController: Target=  70.0, Input=  37.0, Error=  33.0, PIDTerms= 6.601/ 0.005/-0.000/ 0.000, Output= 1.000(-1.000/1.000), Volt=11.1(10.0)
GlobalTracer.startCompetition_Warn: AUTO_MODE.periodic takes too long (0.020s)

GlobalTracer.startCompetition_Warn: AUTO_MODE.updates takes too long (0.034s)

GlobalTracer.printPidInfo_Info: [8.557] elevatorPidController: Target=  70.0, Input=  39.3, Error=  30.7, PIDTerms= 6.150/ 0.007/-0.000/ 0.000, Output= 1.000(-1.000/1.000), Volt=11.2(10.0)
GlobalTracer.startCompetition_Warn: AUTO_MODE.updates takes too long (0.040s)

GlobalTracer.printPidInfo_Info: [8.633] elevatorPidController: Target=  70.0, Input=  41.4, Error=  28.6, PIDTerms= 5.726/ 0.009/-0.000/ 0.000, Output= 1.000(-1.000/1.000), Volt=11.1(10.0)
GlobalTracer.startCompetition_Warn: AUTO_MODE.updates takes too long (0.028s)

GlobalTracer.printPidInfo_Info: [8.705] elevatorPidController: Target=  70.0, Input=  44.5, Error=  25.5, PIDTerms= 5.091/ 0.011/-0.000/ 0.000, Output= 1.000(-1.000/1.000), Volt=11.2(10.0)
GlobalTracer.startCompetition_Warn: AUTO_MODE.updates takes too long (0.030s)

GlobalTracer.printPidInfo_Info: [8.764] elevatorPidController: Target=  70.0, Input=  46.9, Error=  23.1, PIDTerms= 4.622/ 0.012/-0.000/ 0.000, Output= 1.000(-1.000/1.000), Volt=11.4(10.0)
GlobalTracer.startCompetition_Warn: AUTO_MODE.periodic takes too long (0.024s)

GlobalTracer.startCompetition_Warn: AUTO_MODE.updates takes too long (0.045s)

GlobalTracer.printPidInfo_Info: [8.855] elevatorPidController: Target=  70.0, Input=  50.2, Error=  19.8, PIDTerms= 3.952/ 0.014/-0.000/ 0.000, Output= 1.000(-1.000/1.000), Volt=11.1(10.0)
GlobalTracer.startCompetition_Warn: AUTO_MODE.updates takes too long (0.025s)

GlobalTracer.printPidInfo_Info: [8.915] elevatorPidController: Target=  70.0, Input=  53.4, Error=  16.6, PIDTerms= 3.321/ 0.015/-0.000/ 0.000, Output= 1.000(-1.000/1.000), Volt=11.4(10.0)
GlobalTracer.startCompetition_Warn: AUTO_MODE.updates takes too long (0.051s)

GlobalTracer.startCompetition_Warn: AUTO_MODE takes too long (0.114s)

GlobalTracer.printPidInfo_Info: [9.030] elevatorPidController: Target=  70.0, Input=  56.7, Error=  13.3, PIDTerms= 2.668/ 0.016/-0.000/ 0.000, Output= 1.000(-1.000/1.000), Volt=11.3(10.0)
GlobalTracer.startCompetition_Warn: AUTO_MODE.updates takes too long (0.027s)

GlobalTracer.printPidInfo_Info: [9.095] elevatorPidController: Target=  70.0, Input=  60.5, Error=   9.5, PIDTerms= 1.900/ 0.017/-0.000/ 0.000, Output= 1.000(-1.000/1.000), Volt=11.2(10.0)
GlobalTracer.startCompetition_Warn: AUTO_MODE.updates takes too long (0.024s)

GlobalTracer.printPidInfo_Info: [9.159] elevatorPidController: Target=  70.0, Input=  62.9, Error=   7.1, PIDTerms= 1.423/ 0.018/-0.000/ 0.000, Output= 1.000(-1.000/1.000), Volt=11.7(10.0)
GlobalTracer.startCompetition_Warn: AUTO_MODE.updates takes too long (0.040s)

GlobalTracer.printPidInfo_Info: [9.239] elevatorPidController: Target=  70.0, Input=  65.2, Error=   4.8, PIDTerms= 0.958/ 0.018/-0.000/ 0.000, Output= 0.976(-1.000/1.000), Volt=11.3(10.0)
GlobalTracer.startCompetition_Warn: AUTO_MODE.updates takes too long (0.028s)

GlobalTracer.printPidInfo_Info: [9.305] elevatorPidController: Target=  70.0, Input=  68.3, Error=   1.7, PIDTerms= 0.341/ 0.018/-0.000/ 0.000, Output= 0.359(-1.000/1.000), Volt=12.0(10.0)
GlobalTracer.startCompetition_Warn: AUTO_MODE.updates takes too long (0.039s)

GlobalTracer.printPidInfo_Info: [9.378] elevatorPidController: Target=  70.0, Input=  70.5, Error=  -0.5, PIDTerms=-0.095/ 0.018/-0.000/ 0.000, Output=-0.077(-1.000/1.000), Volt=12.1(10.0)
GlobalTracer.startCompetition_Warn: AUTO_MODE.updates takes too long (0.041s)

GlobalTracer.printPidInfo_Info: [9.462] elevatorPidController: Target=  70.0, Input=  70.9, Error=  -0.9, PIDTerms=-0.175/ 0.018/-0.000/ 0.000, Output=-0.157(-1.000/1.000), Volt=12.1(10.0)
GlobalTracer.startCompetition_Warn: AUTO_MODE.updates takes too long (0.033s)

GlobalTracer.printPidInfo_Info: [9.528] elevatorPidController: Target=  70.0, Input=  70.4, Error=  -0.4, PIDTerms=-0.072/ 0.018/ 0.000/ 0.000, Output=-0.054(-1.000/1.000), Volt=12.1(10.0)
GlobalTracer.startCompetition_Warn: AUTO_MODE.updates takes too long (0.035s)

GlobalTracer.Robot_Info: [9.597] THROW_CUBE: xPos=  6.65,yPos=309.97,heading= -89.3/ -90.0,volts=12.2(10.0)
GlobalTracer.printPidInfo_Info: [9.597] elevatorPidController: Target=  70.0, Input=  70.4, Error=   0.6, PIDTerms=-0.072/ 0.018/ 0.000/ 0.000, Output= 0.000(-1.000/1.000), Volt=12.2(10.0)
GlobalTracer.startCompetition_Warn: AUTO_MODE.updates takes too long (0.029s)

GlobalTracer.printPidInfo_Info: [9.677] elevatorPidController: Target=  70.0, Input=  69.3, Error=   0.7, PIDTerms= 0.140/ 0.000/ 0.000/ 0.000, Output= 0.140(-1.000/1.000), Volt=9.4(9.4)
GlobalTracer.startCompetition_Warn: AUTO_MODE.updates takes too long (0.040s)

GlobalTracer.printPidInfo_Info: [9.761] elevatorPidController: Target=  70.0, Input=  69.3, Error=   0.7, PIDTerms= 0.144/ 0.000/ 0.000/ 0.000, Output= 0.145(-1.000/1.000), Volt=9.6(9.4)
GlobalTracer.startCompetition_Warn: AUTO_MODE.updates takes too long (0.025s)

GlobalTracer.printPidInfo_Info: [9.828] elevatorPidController: Target=  70.0, Input=  69.3, Error=   0.7, PIDTerms= 0.142/ 0.000/-0.000/ 0.000, Output= 0.142(-1.000/1.000), Volt=9.8(9.4)
GlobalTracer.startCompetition_Warn: AUTO_MODE.updates takes too long (0.033s)

GlobalTracer.printPidInfo_Info: [9.899] elevatorPidController: Target=  70.0, Input=  69.4, Error=   0.6, PIDTerms= 0.117/ 0.000/-0.000/ 0.000, Output= 0.117(-1.000/1.000), Volt=10.2(9.4)
GlobalTracer.startCompetition_Warn: AUTO_MODE.updates takes too long (0.035s)

GlobalTracer.printPidInfo_Info: [9.985] elevatorPidController: Target=  70.0, Input=  69.1, Error=   0.9, PIDTerms= 0.173/ 0.000/ 0.000/ 0.000, Output= 0.173(-1.000/1.000), Volt=10.6(9.4)
GlobalTracer.startCompetition_Warn: AUTO_MODE.updates takes too long (0.020s)

GlobalTracer.printPidInfo_Info: [10.044] elevatorPidController: Target=  70.0, Input=  69.2, Error=   0.8, PIDTerms= 0.154/ 0.000/-0.000/ 0.000, Output= 0.155(-1.000/1.000), Volt=10.8(9.4)
GlobalTracer.startCompetition_Warn: AUTO_MODE.updates takes too long (0.032s)

GlobalTracer.CmdAutoScale_Info: setSonarTriggerEnabled(false)
GlobalTracer.CmdAutoScale_Info: setRangingEnabled(false)
GlobalTracer.Robot_Info: [10.108]       DONE: xPos=  6.64,yPos=309.85,heading= -89.2/ -90.0,volts=10.9(9.4)
GlobalTracer.printPidInfo_Info: [10.108] elevatorPidController: Target=   8.0, Input=  69.2, Error= -61.2, PIDTerms= 0.154/ 0.000/ 0.000/ 0.000, Output= 0.000(-1.000/1.000), Volt=10.9(9.4)
GlobalTracer.startCompetition_Warn: AUTO_MODE.updates takes too long (0.026s)

GlobalTracer.printPidInfo_Info: [10.180] elevatorPidController: Target=   8.0, Input=  69.2, Error= -61.2, PIDTerms=-12.246/-0.002/ 0.000/ 0.000, Output=-1.000(-1.000/1.000), Volt=10.9(9.4)
GlobalTracer.startCompetition_Warn: AUTO_MODE.updates takes too long (0.020s)

GlobalTracer.printPidInfo_Info: [10.244] elevatorPidController: Target=   8.0, Input=  67.1, Error= -59.1, PIDTerms=-11.819/-0.006/ 0.000/ 0.000, Output=-1.000(-1.000/1.000), Volt=11.7(9.4)
GlobalTracer.startCompetition_Warn: AUTO_MODE.updates takes too long (0.038s)

GlobalTracer.printPidInfo_Info: [10.321] elevatorPidController: Target=   8.0, Input=  63.6, Error= -55.6, PIDTerms=-11.126/-0.009/ 0.000/ 0.000, Output=-1.000(-1.000/1.000), Volt=11.8(9.4)
GlobalTracer.startCompetition_Warn: AUTO_MODE.updates takes too long (0.030s)

GlobalTracer.printPidInfo_Info: [10.386] elevatorPidController: Target=   8.0, Input=  60.0, Error= -52.0, PIDTerms=-10.397/-0.013/ 0.000/ 0.000, Output=-1.000(-1.000/1.000), Volt=11.8(9.4)
GlobalTracer.startCompetition_Warn: AUTO_MODE.updates takes too long (0.036s)

GlobalTracer.printPidInfo_Info: [10.452] elevatorPidController: Target=   8.0, Input=  56.3, Error= -48.3, PIDTerms=-9.662/-0.016/ 0.000/ 0.000, Output=-1.000(-1.000/1.000), Volt=11.9(9.4)
GlobalTracer.printPidInfo_Info: [10.503] elevatorPidController: Target=   8.0, Input=  51.1, Error= -43.1, PIDTerms=-8.623/-0.019/ 0.000/ 0.000, Output=-1.000(-1.000/1.000), Volt=11.9(9.4)
GlobalTracer.startCompetition_Warn: AUTO_MODE.periodic takes too long (0.021s)

GlobalTracer.startCompetition_Warn: AUTO_MODE.updates takes too long (0.036s)

GlobalTracer.printPidInfo_Info: [10.581] elevatorPidController: Target=   8.0, Input=  47.0, Error= -39.0, PIDTerms=-7.795/-0.021/ 0.000/ 0.000, Output=-1.000(-1.000/1.000), Volt=12.2(9.4)
GlobalTracer.startCompetition_Warn: AUTO_MODE.updates takes too long (0.043s)

GlobalTracer.printPidInfo_Info: [10.661] elevatorPidController: Target=   8.0, Input=  40.7, Error= -32.7, PIDTerms=-6.540/-0.023/ 0.000/ 0.000, Output=-1.000(-1.000/1.000), Volt=12.2(9.4)
GlobalTracer.startCompetition_Warn: AUTO_MODE.updates takes too long (0.030s)

GlobalTracer.printPidInfo_Info: [10.718] elevatorPidController: Target=   8.0, Input=  36.3, Error= -28.3, PIDTerms=-5.657/-0.025/ 0.000/ 0.000, Output=-1.000(-1.000/1.000), Volt=12.1(9.4)
GlobalTracer.startCompetition_Warn: AUTO_MODE.updates takes too long (0.038s)

GlobalTracer.printPidInfo_Info: [10.796] elevatorPidController: Target=   8.0, Input=  30.3, Error= -22.3, PIDTerms=-4.459/-0.027/ 0.000/ 0.000, Output=-1.000(-1.000/1.000), Volt=12.2(9.4)
GlobalTracer.startCompetition_Warn: AUTO_MODE.updates takes too long (0.029s)

GlobalTracer.printPidInfo_Info: [10.859] elevatorPidController: Target=   8.0, Input=  25.7, Error= -17.7, PIDTerms=-3.544/-0.028/ 0.000/ 0.000, Output=-1.000(-1.000/1.000), Volt=12.2(9.4)
GlobalTracer.startCompetition_Warn: AUTO_MODE.updates takes too long (0.021s)

GlobalTracer.printPidInfo_Info: [10.917] elevatorPidController: Target=   8.0, Input=  21.3, Error= -13.3, PIDTerms=-2.652/-0.029/ 0.000/ 0.000, Output=-1.000(-1.000/1.000), Volt=12.1(9.4)
GlobalTracer.startCompetition_Warn: AUTO_MODE.updates takes too long (0.039s)

GlobalTracer.printPidInfo_Info: [10.995] elevatorPidController: Target=   8.0, Input=  16.7, Error=  -8.7, PIDTerms=-1.741/-0.030/ 0.000/ 0.000, Output=-1.000(-1.000/1.000), Volt=12.2(9.4)
GlobalTracer.startCompetition_Warn: AUTO_MODE.updates takes too long (0.034s)

GlobalTracer.printPidInfo_Info: [11.065] elevatorPidController: Target=   8.0, Input=  10.7, Error=  -2.7, PIDTerms=-0.539/-0.030/ 0.000/ 0.000, Output=-0.569(-1.000/1.000), Volt=12.2(9.4)
GlobalTracer.startCompetition_Warn: AUTO_MODE.updates takes too long (0.023s)

GlobalTracer.printPidInfo_Info: [11.124] elevatorPidController: Target=   8.0, Input=   7.8, Error=   0.2, PIDTerms= 0.030/-0.030/ 0.000/ 0.000, Output= 0.000(-1.000/1.000), Volt=12.2(9.4)
GlobalTracer.startCompetition_Warn: AUTO_MODE.updates takes too long (0.027s)

GlobalTracer.printPidInfo_Info: [11.185] elevatorPidController: Target=   8.0, Input=   7.9, Error=   0.1, PIDTerms= 0.020/-0.030/-0.000/ 0.000, Output=-0.010(-1.000/1.000), Volt=12.2(9.4)
GlobalTracer.startCompetition_Warn: AUTO_MODE.updates takes too long (0.026s)

GlobalTracer.printPidInfo_Info: [11.247] elevatorPidController: Target=   8.0, Input=   8.0, Error=   0.0, PIDTerms= 0.009/-0.030/-0.000/ 0.000, Output=-0.021(-1.000/1.000), Volt=12.2(9.4)
GlobalTracer.startCompetition_Warn: AUTO_MODE.updates takes too long (0.031s)

GlobalTracer.printPidInfo_Info: [11.314] elevatorPidController: Target=   8.0, Input=   8.0, Error=  -0.0, PIDTerms=-0.003/-0.030/-0.000/ 0.000, Output=-0.033(-1.000/1.000), Volt=12.2(9.4)
GlobalTracer.startCompetition_Warn: AUTO_MODE.updates takes too long (0.035s)

GlobalTracer.printPidInfo_Info: [11.391] elevatorPidController: Target=   8.0, Input=   8.0, Error=  -0.0, PIDTerms=-0.004/-0.030/-0.000/ 0.000, Output=-0.034(-1.000/1.000), Volt=12.2(9.4)
GlobalTracer.startCompetition_Warn: AUTO_MODE.updates takes too long (0.039s)

GlobalTracer.printPidInfo_Info: [11.456] elevatorPidController: Target=   8.0, Input=   8.0, Error=  -0.0, PIDTerms=-0.006/-0.030/-0.000/ 0.000, Output=-0.035(-1.000/1.000), Volt=12.2(9.4)
GlobalTracer.startCompetition_Warn: AUTO_MODE.updates takes too long (0.041s)

GlobalTracer.printPidInfo_Info: [11.533] elevatorPidController: Target=   8.0, Input=   8.0, Error=  -0.0, PIDTerms=-0.009/-0.030/-0.000/ 0.000, Output=-0.038(-1.000/1.000), Volt=12.2(9.4)
GlobalTracer.startCompetition_Warn: AUTO_MODE.updates takes too long (0.027s)

GlobalTracer.printPidInfo_Info: [11.593] elevatorPidController: Target=   8.0, Input=   8.1, Error=  -0.1, PIDTerms=-0.010/-0.030/-0.000/ 0.000, Output=-0.040(-1.000/1.000), Volt=12.2(9.4)
GlobalTracer.startCompetition_Warn: AUTO_MODE.updates takes too long (0.035s)

GlobalTracer.printPidInfo_Info: [11.662] elevatorPidController: Target=   8.0, Input=   8.1, Error=  -0.1, PIDTerms=-0.010/-0.030/ 0.000/ 0.000, Output=-0.040(-1.000/1.000), Volt=12.2(9.4)
GlobalTracer.startCompetition_Warn: AUTO_MODE.periodic takes too long (0.021s)

GlobalTracer.startCompetition_Warn: AUTO_MODE.updates takes too long (0.033s)

GlobalTracer.printPidInfo_Info: [11.733] elevatorPidController: Target=   8.0, Input=   8.1, Error=  -0.1, PIDTerms=-0.010/-0.030/ 0.000/ 0.000, Output=-0.040(-1.000/1.000), Volt=12.1(9.4)
GlobalTracer.startCompetition_Warn: AUTO_MODE.updates takes too long (0.028s)

GlobalTracer.printPidInfo_Info: [11.797] elevatorPidController: Target=   8.0, Input=   8.1, Error=  -0.1, PIDTerms=-0.010/-0.030/ 0.000/ 0.000, Output=-0.040(-1.000/1.000), Volt=12.1(9.4)
GlobalTracer.startCompetition_Warn: AUTO_MODE.periodic takes too long (0.020s)

GlobalTracer.startCompetition_Warn: AUTO_MODE.updates takes too long (0.039s)

GlobalTracer.printPidInfo_Info: [11.882] elevatorPidController: Target=   8.0, Input=   8.1, Error=  -0.1, PIDTerms=-0.010/-0.030/ 0.000/ 0.000, Output=-0.040(-1.000/1.000), Volt=12.2(9.4)
GlobalTracer.startCompetition_Warn: AUTO_MODE.updates takes too long (0.037s)

GlobalTracer.printPidInfo_Info: [11.952] elevatorPidController: Target=   8.0, Input=   8.1, Error=  -0.1, PIDTerms=-0.010/-0.030/ 0.000/ 0.000, Output=-0.040(-1.000/1.000), Volt=12.2(9.4)
GlobalTracer.startCompetition_Warn: AUTO_MODE.updates takes too long (0.026s)

GlobalTracer.printPidInfo_Info: [12.004] elevatorPidController: Target=   8.0, Input=   8.1, Error=  -0.1, PIDTerms=-0.010/-0.030/ 0.000/ 0.000, Output=-0.040(-1.000/1.000), Volt=12.1(9.4)
GlobalTracer.startCompetition_Warn: AUTO_MODE.updates takes too long (0.038s)

GlobalTracer.printPidInfo_Info: [12.075] elevatorPidController: Target=   8.0, Input=   8.1, Error=  -0.1, PIDTerms=-0.010/-0.030/ 0.000/ 0.000, Output=-0.040(-1.000/1.000), Volt=12.1(9.4)
GlobalTracer.startCompetition_Warn: AUTO_MODE.updates takes too long (0.026s)

GlobalTracer.printPidInfo_Info: [12.131] elevatorPidController: Target=   8.0, Input=   8.1, Error=  -0.1, PIDTerms=-0.010/-0.030/ 0.000/ 0.000, Output=-0.040(-1.000/1.000), Volt=12.2(9.4)
GlobalTracer.startCompetition_Warn: AUTO_MODE.updates takes too long (0.032s)

GlobalTracer.printPidInfo_Info: [12.202] elevatorPidController: Target=   8.0, Input=   8.1, Error=  -0.1, PIDTerms=-0.010/-0.030/ 0.000/ 0.000, Output=-0.040(-1.000/1.000), Volt=12.3(9.4)
GlobalTracer.startCompetition_Warn: AUTO_MODE.updates takes too long (0.037s)

GlobalTracer.printPidInfo_Info: [12.270] elevatorPidController: Target=   8.0, Input=   8.1, Error=  -0.1, PIDTerms=-0.010/-0.030/ 0.000/ 0.000, Output=-0.040(-1.000/1.000), Volt=12.2(9.4)
GlobalTracer.startCompetition_Warn: AUTO_MODE.updates takes too long (0.033s)

GlobalTracer.printPidInfo_Info: [12.338] elevatorPidController: Target=   8.0, Input=   8.1, Error=  -0.1, PIDTerms=-0.010/-0.030/ 0.000/ 0.000, Output=-0.040(-1.000/1.000), Volt=12.2(9.4)
GlobalTracer.startCompetition_Warn: AUTO_MODE.updates takes too long (0.031s)

GlobalTracer.printPidInfo_Info: [12.412] elevatorPidController: Target=   8.0, Input=   8.1, Error=  -0.1, PIDTerms=-0.010/-0.030/ 0.000/ 0.000, Output=-0.040(-1.000/1.000), Volt=12.2(9.4)
GlobalTracer.startCompetition_Warn: AUTO_MODE.updates takes too long (0.038s)

GlobalTracer.printPidInfo_Info: [12.496] elevatorPidController: Target=   8.0, Input=   8.1, Error=  -0.1, PIDTerms=-0.010/-0.030/ 0.000/ 0.000, Output=-0.040(-1.000/1.000), Volt=12.2(9.4)
GlobalTracer.startCompetition_Warn: AUTO_MODE.updates takes too long (0.033s)

GlobalTracer.printPidInfo_Info: [12.566] elevatorPidController: Target=   8.0, Input=   8.1, Error=  -0.1, PIDTerms=-0.010/-0.030/ 0.000/ 0.000, Output=-0.040(-1.000/1.000), Volt=12.2(9.4)
GlobalTracer.startCompetition_Warn: AUTO_MODE.updates takes too long (0.032s)

GlobalTracer.printPidInfo_Info: [12.630] elevatorPidController: Target=   8.0, Input=   8.1, Error=  -0.1, PIDTerms=-0.010/-0.030/ 0.000/ 0.000, Output=-0.040(-1.000/1.000), Volt=12.2(9.4)
GlobalTracer.startCompetition_Warn: AUTO_MODE.updates takes too long (0.029s)

GlobalTracer.printPidInfo_Info: [12.688] elevatorPidController: Target=   8.0, Input=   8.1, Error=  -0.1, PIDTerms=-0.010/-0.030/ 0.000/ 0.000, Output=-0.040(-1.000/1.000), Volt=12.2(9.4)
GlobalTracer.startCompetition_Warn: AUTO_MODE.updates takes too long (0.029s)

GlobalTracer.printPidInfo_Info: [12.751] elevatorPidController: Target=   8.0, Input=   8.1, Error=  -0.1, PIDTerms=-0.010/-0.030/ 0.000/ 0.000, Output=-0.040(-1.000/1.000), Volt=12.2(9.4)
GlobalTracer.startCompetition_Warn: AUTO_MODE.updates takes too long (0.033s)

GlobalTracer.printPidInfo_Info: [12.815] elevatorPidController: Target=   8.0, Input=   8.1, Error=  -0.1, PIDTerms=-0.010/-0.030/ 0.000/ 0.000, Output=-0.040(-1.000/1.000), Volt=12.2(9.4)
GlobalTracer.startCompetition_Warn: AUTO_MODE.updates takes too long (0.033s)

GlobalTracer.printPidInfo_Info: [12.888] elevatorPidController: Target=   8.0, Input=   8.1, Error=  -0.1, PIDTerms=-0.010/-0.030/ 0.000/ 0.000, Output=-0.040(-1.000/1.000), Volt=12.1(9.4)
GlobalTracer.startCompetition_Warn: AUTO_MODE.updates takes too long (0.028s)

GlobalTracer.printPidInfo_Info: [12.953] elevatorPidController: Target=   8.0, Input=   8.1, Error=  -0.1, PIDTerms=-0.010/-0.030/ 0.000/ 0.000, Output=-0.040(-1.000/1.000), Volt=12.2(9.4)
GlobalTracer.startCompetition_Warn: AUTO_MODE.updates takes too long (0.028s)

GlobalTracer.printPidInfo_Info: [13.016] elevatorPidController: Target=   8.0, Input=   8.1, Error=  -0.1, PIDTerms=-0.010/-0.030/ 0.000/ 0.000, Output=-0.040(-1.000/1.000), Volt=12.2(9.4)
GlobalTracer.startCompetition_Warn: AUTO_MODE.updates takes too long (0.032s)

GlobalTracer.printPidInfo_Info: [13.086] elevatorPidController: Target=   8.0, Input=   8.1, Error=  -0.1, PIDTerms=-0.010/-0.030/ 0.000/ 0.000, Output=-0.040(-1.000/1.000), Volt=12.2(9.4)
GlobalTracer.printPidInfo_Info: [13.138] elevatorPidController: Target=   8.0, Input=   8.1, Error=  -0.1, PIDTerms=-0.010/-0.030/ 0.000/ 0.000, Output=-0.040(-1.000/1.000), Volt=12.1(9.4)
GlobalTracer.startCompetition_Warn: AUTO_MODE.updates takes too long (0.027s)

GlobalTracer.printPidInfo_Info: [13.203] elevatorPidController: Target=   8.0, Input=   8.1, Error=  -0.1, PIDTerms=-0.010/-0.030/ 0.000/ 0.000, Output=-0.040(-1.000/1.000), Volt=12.2(9.4)
GlobalTracer.startCompetition_Warn: AUTO_MODE.updates takes too long (0.039s)

GlobalTracer.printPidInfo_Info: [13.274] elevatorPidController: Target=   8.0, Input=   8.1, Error=  -0.1, PIDTerms=-0.010/-0.030/ 0.000/ 0.000, Output=-0.040(-1.000/1.000), Volt=12.2(9.4)
GlobalTracer.startCompetition_Warn: AUTO_MODE.updates takes too long (0.028s)

GlobalTracer.printPidInfo_Info: [13.335] elevatorPidController: Target=   8.0, Input=   8.1, Error=  -0.1, PIDTerms=-0.010/-0.030/ 0.000/ 0.000, Output=-0.040(-1.000/1.000), Volt=12.3(9.4)
GlobalTracer.startCompetition_Warn: AUTO_MODE.updates takes too long (0.024s)

GlobalTracer.printPidInfo_Info: [13.395] elevatorPidController: Target=   8.0, Input=   8.1, Error=  -0.1, PIDTerms=-0.010/-0.030/ 0.000/ 0.000, Output=-0.040(-1.000/1.000), Volt=12.2(9.4)
GlobalTracer.startCompetition_Warn: AUTO_MODE.updates takes too long (0.032s)

GlobalTracer.printPidInfo_Info: [13.470] elevatorPidController: Target=   8.0, Input=   8.1, Error=  -0.1, PIDTerms=-0.010/-0.030/ 0.000/ 0.000, Output=-0.040(-1.000/1.000), Volt=12.2(9.4)
GlobalTracer.printPidInfo_Info: [13.520] elevatorPidController: Target=   8.0, Input=   8.1, Error=  -0.1, PIDTerms=-0.010/-0.030/ 0.000/ 0.000, Output=-0.040(-1.000/1.000), Volt=12.3(9.4)
GlobalTracer.startCompetition_Warn: AUTO_MODE.updates takes too long (0.028s)

GlobalTracer.printPidInfo_Info: [13.588] elevatorPidController: Target=   8.0, Input=   8.1, Error=  -0.1, PIDTerms=-0.010/-0.030/ 0.000/ 0.000, Output=-0.040(-1.000/1.000), Volt=12.3(9.4)
GlobalTracer.startCompetition_Warn: AUTO_MODE.updates takes too long (0.030s)

GlobalTracer.printPidInfo_Info: [13.655] elevatorPidController: Target=   8.0, Input=   8.1, Error=  -0.1, PIDTerms=-0.010/-0.030/ 0.000/ 0.000, Output=-0.040(-1.000/1.000), Volt=12.2(9.4)
GlobalTracer.startCompetition_Warn: AUTO_MODE.updates takes too long (0.031s)

GlobalTracer.printPidInfo_Info: [13.726] elevatorPidController: Target=   8.0, Input=   8.1, Error=  -0.1, PIDTerms=-0.010/-0.030/ 0.000/ 0.000, Output=-0.040(-1.000/1.000), Volt=12.2(9.4)
GlobalTracer.startCompetition_Warn: AUTO_MODE.periodic takes too long (0.026s)

GlobalTracer.startCompetition_Warn: AUTO_MODE.updates takes too long (0.032s)

GlobalTracer.printPidInfo_Info: [13.805] elevatorPidController: Target=   8.0, Input=   8.1, Error=  -0.1, PIDTerms=-0.010/-0.030/ 0.000/ 0.000, Output=-0.040(-1.000/1.000), Volt=12.2(9.4)
GlobalTracer.startCompetition_Warn: AUTO_MODE.updates takes too long (0.033s)

GlobalTracer.printPidInfo_Info: [13.878] elevatorPidController: Target=   8.0, Input=   8.1, Error=  -0.1, PIDTerms=-0.010/-0.030/ 0.000/ 0.000, Output=-0.040(-1.000/1.000), Volt=12.2(9.4)
GlobalTracer.startCompetition_Warn: AUTO_MODE.updates takes too long (0.031s)

GlobalTracer.printPidInfo_Info: [13.950] elevatorPidController: Target=   8.0, Input=   8.1, Error=  -0.1, PIDTerms=-0.010/-0.030/ 0.000/ 0.000, Output=-0.040(-1.000/1.000), Volt=12.2(9.4)
GlobalTracer.startCompetition_Warn: AUTO_MODE.updates takes too long (0.035s)

GlobalTracer.printPidInfo_Info: [14.018] elevatorPidController: Target=   8.0, Input=   8.1, Error=  -0.1, PIDTerms=-0.010/-0.030/ 0.000/ 0.000, Output=-0.040(-1.000/1.000), Volt=12.2(9.4)
GlobalTracer.startCompetition_Warn: AUTO_MODE.updates takes too long (0.040s)

GlobalTracer.printPidInfo_Info: [14.094] elevatorPidController: Target=   8.0, Input=   8.1, Error=  -0.1, PIDTerms=-0.010/-0.030/ 0.000/ 0.000, Output=-0.040(-1.000/1.000), Volt=12.2(9.4)
GlobalTracer.printPidInfo_Info: [14.151] elevatorPidController: Target=   8.0, Input=   8.1, Error=  -0.1, PIDTerms=-0.010/-0.030/ 0.000/ 0.000, Output=-0.040(-1.000/1.000), Volt=12.2(9.4)
GlobalTracer.startCompetition_Warn: AUTO_MODE.updates takes too long (0.027s)

GlobalTracer.printPidInfo_Info: [14.208] elevatorPidController: Target=   8.0, Input=   8.1, Error=  -0.1, PIDTerms=-0.010/-0.030/ 0.000/ 0.000, Output=-0.040(-1.000/1.000), Volt=12.2(9.4)
GlobalTracer.startCompetition_Warn: AUTO_MODE.updates takes too long (0.035s)

GlobalTracer.printPidInfo_Info: [14.275] elevatorPidController: Target=   8.0, Input=   8.1, Error=  -0.1, PIDTerms=-0.010/-0.030/ 0.000/ 0.000, Output=-0.040(-1.000/1.000), Volt=12.2(9.4)
GlobalTracer.startCompetition_Warn: AUTO_MODE.updates takes too long (0.031s)

GlobalTracer.printPidInfo_Info: [14.338] elevatorPidController: Target=   8.0, Input=   8.1, Error=  -0.1, PIDTerms=-0.010/-0.030/ 0.000/ 0.000, Output=-0.040(-1.000/1.000), Volt=12.2(9.4)
GlobalTracer.startCompetition_Warn: AUTO_MODE.updates takes too long (0.024s)

GlobalTracer.printPidInfo_Info: [14.398] elevatorPidController: Target=   8.0, Input=   8.1, Error=  -0.1, PIDTerms=-0.010/-0.030/ 0.000/ 0.000, Output=-0.040(-1.000/1.000), Volt=12.2(9.4)
GlobalTracer.startCompetition_Warn: AUTO_MODE.updates takes too long (0.029s)

GlobalTracer.printPidInfo_Info: [14.463] elevatorPidController: Target=   8.0, Input=   8.1, Error=  -0.1, PIDTerms=-0.010/-0.030/ 0.000/ 0.000, Output=-0.040(-1.000/1.000), Volt=12.2(9.4)
GlobalTracer.startCompetition_Warn: AUTO_MODE.updates takes too long (0.028s)

GlobalTracer.printPidInfo_Info: [14.530] elevatorPidController: Target=   8.0, Input=   8.1, Error=  -0.1, PIDTerms=-0.010/-0.030/ 0.000/ 0.000, Output=-0.040(-1.000/1.000), Volt=12.3(9.4)
GlobalTracer.startCompetition_Warn: AUTO_MODE.updates takes too long (0.029s)

GlobalTracer.printPidInfo_Info: [14.595] elevatorPidController: Target=   8.0, Input=   8.1, Error=  -0.1, PIDTerms=-0.010/-0.030/ 0.000/ 0.000, Output=-0.040(-1.000/1.000), Volt=12.2(9.4)
GlobalTracer.startCompetition_Warn: AUTO_MODE.updates takes too long (0.025s)

GlobalTracer.printPidInfo_Info: [14.665] elevatorPidController: Target=   8.0, Input=   8.1, Error=  -0.1, PIDTerms=-0.010/-0.030/ 0.000/ 0.000, Output=-0.040(-1.000/1.000), Volt=12.2(9.4)
GlobalTracer.startCompetition_Warn: AUTO_MODE.updates takes too long (0.024s)

GlobalTracer.printPidInfo_Info: [14.726] elevatorPidController: Target=   8.0, Input=   8.1, Error=  -0.1, PIDTerms=-0.010/-0.030/ 0.000/ 0.000, Output=-0.040(-1.000/1.000), Volt=12.2(9.4)
GlobalTracer.startCompetition_Warn: AUTO_MODE.updates takes too long (0.029s)

GlobalTracer.printPidInfo_Info: [14.791] elevatorPidController: Target=   8.0, Input=   8.1, Error=  -0.1, PIDTerms=-0.010/-0.030/ 0.000/ 0.000, Output=-0.040(-1.000/1.000), Volt=12.2(9.4)
GlobalTracer.startCompetition_Warn: AUTO_MODE.updates takes too long (0.028s)

GlobalTracer.printPidInfo_Info: [14.864] elevatorPidController: Target=   8.0, Input=   8.1, Error=  -0.1, PIDTerms=-0.010/-0.030/ 0.000/ 0.000, Output=-0.040(-1.000/1.000), Volt=12.3(9.4)
GlobalTracer.startCompetition_Warn: AUTO_MODE.updates takes too long (0.032s)

GlobalTracer.printPidInfo_Info: [14.939] elevatorPidController: Target=   8.0, Input=   8.1, Error=  -0.1, PIDTerms=-0.010/-0.030/ 0.000/ 0.000, Output=-0.040(-1.000/1.000), Volt=12.2(9.4)
GlobalTracer.startCompetition_Warn: AUTO_MODE.updates takes too long (0.040s)

GlobalTracer.printPidInfo_Info: [15.015] elevatorPidController: Target=   8.0, Input=   8.1, Error=  -0.1, PIDTerms=-0.010/-0.030/ 0.000/ 0.000, Output=-0.040(-1.000/1.000), Volt=12.2(9.4)
GlobalTracer.startCompetition_Warn: AUTO_MODE.updates takes too long (0.034s)

GlobalTracer.printPidInfo_Info: [15.077] elevatorPidController: Target=   8.0, Input=   8.1, Error=  -0.1, PIDTerms=-0.010/-0.030/ 0.000/ 0.000, Output=-0.040(-1.000/1.000), Volt=12.2(9.4)
GlobalTracer.startCompetition_Warn: AUTO_MODE.updates takes too long (0.032s)

GlobalTracer.printPidInfo_Info: [15.134] elevatorPidController: Target=   8.0, Input=   8.1, Error=  -0.1, PIDTerms=-0.010/-0.030/ 0.000/ 0.000, Output=-0.040(-1.000/1.000), Volt=12.2(9.4)
GlobalTracer.startCompetition_Warn: AUTO_MODE.updates takes too long (0.029s)

GlobalTracer.printPidInfo_Info: [15.202] elevatorPidController: Target=   8.0, Input=   8.1, Error=  -0.1, PIDTerms=-0.010/-0.030/ 0.000/ 0.000, Output=-0.040(-1.000/1.000), Volt=12.2(9.4)
GlobalTracer.startCompetition_Warn: AUTO_MODE.updates takes too long (0.020s)

GlobalTracer.printPidInfo_Info: [15.253] elevatorPidController: Target=   8.0, Input=   8.1, Error=  -0.1, PIDTerms=-0.010/-0.030/ 0.000/ 0.000, Output=-0.040(-1.000/1.000), Volt=12.2(9.4)
GlobalTracer.startCompetition_Warn: AUTO_MODE.periodic takes too long (0.021s)

GlobalTracer.startCompetition_Warn: AUTO_MODE.updates takes too long (0.036s)

GlobalTracer.Vision_Info: Pixy is disabled!
GlobalTracer.TaskPerformance_Info: leftDriveStick.prePeriodic: PrePeriodic=0.000010, PostPeriodic=NaN, PreContinuous=NaN, PostContinous=NaN
GlobalTracer.TaskPerformance_Info: rightDriveStick.prePeriodic: PrePeriodic=0.000005, PostPeriodic=NaN, PreContinuous=NaN, PostContinous=NaN
GlobalTracer.TaskPerformance_Info: operatorStick.prePeriodic: PrePeriodic=0.000005, PostPeriodic=NaN, PreContinuous=NaN, PostContinous=NaN
GlobalTracer.TaskPerformance_Info: TrcRobotBattery.preContinuous: PrePeriodic=NaN, PostPeriodic=NaN, PreContinuous=0.002929, PostContinous=NaN
GlobalTracer.TaskPerformance_Info: LeftSonar.preContinuous: PrePeriodic=NaN, PostPeriodic=NaN, PreContinuous=0.000260, PostContinous=NaN
GlobalTracer.TaskPerformance_Info: LeftSonar.preContinuous: PrePeriodic=NaN, PostPeriodic=NaN, PreContinuous=0.000064, PostContinous=NaN
GlobalTracer.TaskPerformance_Info: RightSonar.preContinuous: PrePeriodic=NaN, PostPeriodic=NaN, PreContinuous=NaN, PostContinous=NaN
GlobalTracer.TaskPerformance_Info: RightSonar.preContinuous: PrePeriodic=NaN, PostPeriodic=NaN, PreContinuous=NaN, PostContinous=NaN
GlobalTracer.TaskPerformance_Info: LeftFrontWheel.stop: PrePeriodic=NaN, PostPeriodic=NaN, PreContinuous=NaN, PostContinous=NaN
GlobalTracer.TaskPerformance_Info: LeftFrontWheel.preContinuousTask: PrePeriodic=NaN, PostPeriodic=NaN, PreContinuous=NaN, PostContinous=NaN
GlobalTracer.TaskPerformance_Info: LeftRearWheel.stop: PrePeriodic=NaN, PostPeriodic=NaN, PreContinuous=NaN, PostContinous=NaN
GlobalTracer.TaskPerformance_Info: LeftRearWheel.preContinuousTask: PrePeriodic=NaN, PostPeriodic=NaN, PreContinuous=NaN, PostContinous=NaN
GlobalTracer.TaskPerformance_Info: RightFrontWheel.stop: PrePeriodic=NaN, PostPeriodic=NaN, PreContinuous=NaN, PostContinous=NaN
GlobalTracer.TaskPerformance_Info: RightFrontWheel.preContinuousTask: PrePeriodic=NaN, PostPeriodic=NaN, PreContinuous=NaN, PostContinous=NaN
GlobalTracer.TaskPerformance_Info: RightRearWheel.stop: PrePeriodic=NaN, PostPeriodic=NaN, PreContinuous=NaN, PostContinous=NaN
GlobalTracer.TaskPerformance_Info: RightRearWheel.preContinuousTask: PrePeriodic=NaN, PostPeriodic=NaN, PreContinuous=NaN, PostContinous=NaN
GlobalTracer.TaskPerformance_Info: TrcDriveBase.stop: PrePeriodic=NaN, PostPeriodic=NaN, PreContinuous=NaN, PostContinous=NaN
GlobalTracer.TaskPerformance_Info: TrcDriveBase.preContinuous: PrePeriodic=NaN, PostPeriodic=NaN, PreContinuous=0.007464, PostContinous=NaN
GlobalTracer.TaskPerformance_Info:    pidDrive.stop: PrePeriodic=NaN, PostPeriodic=NaN, PreContinuous=NaN, PostContinous=NaN
GlobalTracer.TaskPerformance_Info: pidDrive.postContinuous: PrePeriodic=NaN, PostPeriodic=NaN, PreContinuous=NaN, PostContinous=0.020880
GlobalTracer.TaskPerformance_Info: elevatorMotor.stop: PrePeriodic=NaN, PostPeriodic=NaN, PreContinuous=NaN, PostContinous=NaN
GlobalTracer.TaskPerformance_Info: elevatorMotor.preContinuousTask: PrePeriodic=NaN, PostPeriodic=NaN, PreContinuous=NaN, PostContinous=NaN
GlobalTracer.TaskPerformance_Info:    elevator.stop: PrePeriodic=NaN, PostPeriodic=NaN, PreContinuous=NaN, PostContinous=NaN
GlobalTracer.TaskPerformance_Info: elevator.postContinuous: PrePeriodic=NaN, PostPeriodic=NaN, PreContinuous=NaN, PostContinous=0.001764
GlobalTracer.TaskPerformance_Info: elevatorMotor.preContinuous: PrePeriodic=NaN, PostPeriodic=NaN, PreContinuous=0.000561, PostContinous=NaN
GlobalTracer.TaskPerformance_Info: LeftPickupMotor.stop: PrePeriodic=NaN, PostPeriodic=NaN, PreContinuous=NaN, PostContinous=NaN
GlobalTracer.TaskPerformance_Info: LeftPickupMotor.preContinuousTask: PrePeriodic=NaN, PostPeriodic=NaN, PreContinuous=NaN, PostContinous=NaN
GlobalTracer.TaskPerformance_Info: RightPickupMotor.stop: PrePeriodic=NaN, PostPeriodic=NaN, PreContinuous=NaN, PostContinous=NaN
GlobalTracer.TaskPerformance_Info: RightPickupMotor.preContinuousTask: PrePeriodic=NaN, PostPeriodic=NaN, PreContinuous=NaN, PostContinous=NaN
GlobalTracer.TaskPerformance_Info: CubePickupClaw.stop: PrePeriodic=NaN, PostPeriodic=NaN, PreContinuous=NaN, PostContinous=NaN
GlobalTracer.TaskPerformance_Info: CubePickupClaw.postContinuous: PrePeriodic=NaN, PostPeriodic=NaN, PreContinuous=NaN, PostContinous=NaN
GlobalTracer.TaskPerformance_Info: CubePickupClaw.preContinuous: PrePeriodic=NaN, PostPeriodic=NaN, PreContinuous=NaN, PostContinous=NaN
GlobalTracer.TaskPerformance_Info: CubePickupDeploy.stop: PrePeriodic=NaN, PostPeriodic=NaN, PreContinuous=NaN, PostContinous=NaN
GlobalTracer.TaskPerformance_Info: CubePickupDeploy.postContinuous: PrePeriodic=NaN, PostPeriodic=NaN, PreContinuous=NaN, PostContinous=NaN
GlobalTracer.TaskPerformance_Info: CubePickupDeploy.preContinuous: PrePeriodic=NaN, PostPeriodic=NaN, PreContinuous=NaN, PostContinous=NaN
GlobalTracer.TaskPerformance_Info: CubeProximityTrigger.preContinuous: PrePeriodic=NaN, PostPeriodic=NaN, PreContinuous=NaN, PostContinous=NaN
GlobalTracer.TaskPerformance_Info: PickupCurrentTrigger.preContinuous: PrePeriodic=NaN, PostPeriodic=NaN, PreContinuous=NaN, PostContinous=NaN
GlobalTracer.TaskPerformance_Info:       pickupTask: PrePeriodic=NaN, PostPeriodic=NaN, PreContinuous=NaN, PostContinous=NaN
GlobalTracer.TaskPerformance_Info: pickupTimer.preContinuous: PrePeriodic=NaN, PostPeriodic=NaN, PreContinuous=NaN, PostContinous=NaN
GlobalTracer.TaskPerformance_Info: WinchMaster.stop: PrePeriodic=NaN, PostPeriodic=NaN, PreContinuous=NaN, PostContinous=NaN
GlobalTracer.TaskPerformance_Info: WinchMaster.preContinuousTask: PrePeriodic=NaN, PostPeriodic=NaN, PreContinuous=NaN, PostContinous=NaN
GlobalTracer.TaskPerformance_Info:  WinchSlave.stop: PrePeriodic=NaN, PostPeriodic=NaN, PreContinuous=NaN, PostContinous=NaN
GlobalTracer.TaskPerformance_Info: WinchSlave.preContinuousTask: PrePeriodic=NaN, PostPeriodic=NaN, PreContinuous=NaN, PostContinous=NaN
GlobalTracer.TaskPerformance_Info: leftFlipper.stop: PrePeriodic=NaN, PostPeriodic=NaN, PreContinuous=NaN, PostContinous=NaN
GlobalTracer.TaskPerformance_Info: leftFlipper.postContinuous: PrePeriodic=NaN, PostPeriodic=NaN, PreContinuous=NaN, PostContinous=NaN
GlobalTracer.TaskPerformance_Info: leftFlipper.preContinuous: PrePeriodic=NaN, PostPeriodic=NaN, PreContinuous=NaN, PostContinous=NaN
GlobalTracer.TaskPerformance_Info: rightFlipper.stop: PrePeriodic=NaN, PostPeriodic=NaN, PreContinuous=NaN, PostContinous=NaN
GlobalTracer.TaskPerformance_Info: rightFlipper.postContinuous: PrePeriodic=NaN, PostPeriodic=NaN, PreContinuous=NaN, PostContinous=NaN
GlobalTracer.TaskPerformance_Info: rightFlipper.preContinuous: PrePeriodic=NaN, PostPeriodic=NaN, PreContinuous=NaN, PostContinous=NaN
GlobalTracer.TaskPerformance_Info: VisionTrigger.preContinuous: PrePeriodic=NaN, PostPeriodic=NaN, PreContinuous=NaN, PostContinous=NaN
GlobalTracer.TaskPerformance_Info: ExchangeTrigger.preContinuous: PrePeriodic=NaN, PostPeriodic=NaN, PreContinuous=NaN, PostContinous=NaN
GlobalTracer.TaskPerformance_Info: FrcTest.preContinuous: PrePeriodic=NaN, PostPeriodic=NaN, PreContinuous=NaN, PostContinous=NaN
GlobalTracer.TaskPerformance_Info: CmdAutoScale.preContinuous: PrePeriodic=NaN, PostPeriodic=NaN, PreContinuous=0.000059, PostContinous=NaN
GlobalTracer.TaskPerformance_Info: SwitchDistanceTrigger.preContinuous: PrePeriodic=NaN, PostPeriodic=NaN, PreContinuous=0.000230, PostContinous=NaN
GlobalTracer.Robot_Info: TotalEnergy=1.020Wh
