GlobalTracer.FirstPowerUp_Info: Sat Mar 31 14:28:23 PDT 2018[0.843]: ***** Starting autonomous *****
GlobalTracer.FirstPowerUp_Info: WAAMV_Elimination_ 13 (Blue1) [FMSConnected=true]
GlobalTracer.CmdAutoScale_Info: [0.883] delay=0.0, startPos=LEFT_POS, fwdDistance=235.0, useSonar=true
GlobalTracer.CmdAutoScale_Info: alliance=Blue, gameSpecificMsg=LLL, delay=0.000, startPosition=LEFT_POS, fwdDistance=235
GlobalTracer.Vision_Info: Pixy is enabled!
GlobalTracer.FrcAuto.startMode_Info: [0.921] startMode done!
GlobalTracer.startCompetition_Warn: AUTO_MODE.startMode takes too long (0.922s)
GlobalTracer.Robot_Info: [0.933]      START: xPos=  0.00,yPos=  0.00,heading=   0.0/   0.0,volts=12.7(12.6)
GlobalTracer.startCompetition_Warn: AUTO_MODE.runPeriodic takes too long (0.188s)
GlobalTracer.startCompetition_Warn: AUTO_MODE.updates takes too long (0.024s)
GlobalTracer.startCompetition_Warn: AUTO_MODE takes too long (1.171s)
GlobalTracer.CmdAutoScale_Info: setRangingEnabled(true)
GlobalTracer.CmdAutoScale_Info: setSonarTriggerEnabled(true)
GlobalTracer.Robot_Info: [1.165] DRIVE_TO_SWITCH: xPos=  0.00,yPos=  0.00,heading=   0.0/   0.0,volts=12.7(12.6)
GlobalTracer.printPidInfo_Info: encoderXPidCtrl: Target=   0.0, Input=   0.0, Error=   0.0, PIDTerms= 0.000/ 0.000/ 0.000/ 0.000, Output= 0.000(-0.700/0.700), Volt=12.7(12.6)
GlobalTracer.printPidInfo_Info: encoderYPidCtrl: Target= 169.0, Input=   0.0, Error= 169.0, PIDTerms= 3.380/ 0.000/ 0.000/ 0.000, Output= 0.600(-0.600/0.600), Volt=12.7(12.6)
GlobalTracer.printPidInfo_Info: gyroTurnPidCtrl: Target=   0.0, Input=   0.0, Error=   0.0, PIDTerms= 0.000/ 0.000/ 0.000/ 0.000, Output= 0.000(-0.700/0.700), Volt=12.7(12.6)
GlobalTracer.startCompetition_Warn: AUTO_MODE.postContinuousTasks takes too long (0.032s)
GlobalTracer.startCompetition_Warn: AUTO_MODE.updates takes too long (0.024s)
GlobalTracer.startCompetition_Warn: AUTO_MODE takes too long (0.107s)
GlobalTracer.CmdAutoScale_Info: SonarTriggerEvent: prevZone=-1, currZone=1, value:123.0
GlobalTracer.startCompetition_Warn: AUTO_MODE.preContinuousTasks takes too long (0.023s)
GlobalTracer.printPidInfo_Info: encoderXPidCtrl: Target=   0.0, Input=   0.0, Error=  -0.0, PIDTerms=-0.007/ 0.000/-0.004/ 0.000, Output=-0.011(-0.700/0.700), Volt=10.7(10.8)
GlobalTracer.printPidInfo_Info: encoderYPidCtrl: Target= 169.0, Input=   0.6, Error= 168.4, PIDTerms= 3.369/ 0.000/-0.009/ 0.000, Output= 0.600(-0.600/0.600), Volt=10.7(10.8)
GlobalTracer.printPidInfo_Info: gyroTurnPidCtrl: Target=   0.0, Input=   0.1, Error=  -0.1, PIDTerms=-0.002/ 0.000/-0.002/ 0.000, Output=-0.003(-0.700/0.700), Volt=10.8(10.8)
GlobalTracer.startCompetition_Warn: AUTO_MODE.postContinuousTasks takes too long (0.027s)
GlobalTracer.startCompetition_Warn: AUTO_MODE.updates takes too long (0.044s)
GlobalTracer.startCompetition_Warn: AUTO_MODE takes too long (0.107s)
GlobalTracer.printPidInfo_Info: encoderXPidCtrl: Target=   0.0, Input=   0.2, Error=  -0.2, PIDTerms=-0.056/ 0.000/-0.030/ 0.000, Output=-0.086(-0.700/0.700), Volt=11.0(10.8)
GlobalTracer.printPidInfo_Info: encoderYPidCtrl: Target= 169.0, Input=   3.3, Error= 165.7, PIDTerms= 3.315/ 0.000/-0.040/ 0.000, Output= 0.600(-0.600/0.600), Volt=11.0(10.8)
GlobalTracer.printPidInfo_Info: gyroTurnPidCtrl: Target=   0.0, Input=   0.1, Error=  -0.1, PIDTerms=-0.001/ 0.000/ 0.000/ 0.000, Output=-0.001(-0.700/0.700), Volt=10.8(10.8)
GlobalTracer.startCompetition_Warn: AUTO_MODE.postContinuousTasks takes too long (0.022s)
GlobalTracer.startCompetition_Warn: AUTO_MODE.updates takes too long (0.050s)
GlobalTracer.startCompetition_Warn: AUTO_MODE takes too long (0.104s)
GlobalTracer.printPidInfo_Info: encoderXPidCtrl: Target=   0.0, Input=   0.3, Error=  -0.3, PIDTerms=-0.066/ 0.000/-0.005/ 0.000, Output=-0.072(-0.700/0.700), Volt=11.1(10.8)
GlobalTracer.printPidInfo_Info: encoderYPidCtrl: Target= 169.0, Input=   6.6, Error= 162.4, PIDTerms= 3.248/ 0.000/-0.047/ 0.000, Output= 0.600(-0.600/0.600), Volt=11.1(10.8)
GlobalTracer.printPidInfo_Info: gyroTurnPidCtrl: Target=   0.0, Input=  -0.0, Error=   0.0, PIDTerms= 0.001/ 0.000/ 0.002/ 0.000, Output= 0.002(-0.700/0.700), Volt=11.1(10.8)
GlobalTracer.startCompetition_Warn: AUTO_MODE.updates takes too long (0.045s)
GlobalTracer.printPidInfo_Info: encoderXPidCtrl: Target=   0.0, Input=   0.2, Error=  -0.2, PIDTerms=-0.048/ 0.000/ 0.012/ 0.000, Output=-0.036(-0.700/0.700), Volt=11.1(10.8)
GlobalTracer.printPidInfo_Info: encoderYPidCtrl: Target= 169.0, Input=  10.8, Error= 158.2, PIDTerms= 3.164/ 0.000/-0.068/ 0.000, Output= 0.600(-0.600/0.600), Volt=11.1(10.8)
GlobalTracer.printPidInfo_Info: gyroTurnPidCtrl: Target=   0.0, Input=   0.4, Error=  -0.4, PIDTerms=-0.009/ 0.000/-0.009/ 0.000, Output=-0.017(-0.700/0.700), Volt=11.2(10.8)
GlobalTracer.startCompetition_Warn: AUTO_MODE.updates takes too long (0.065s)
GlobalTracer.startCompetition_Warn: AUTO_MODE takes too long (0.116s)
GlobalTracer.startCompetition_Warn: AUTO_MODE.preContinuousTasks takes too long (0.025s)
GlobalTracer.startCompetition_Warn: AUTO_MODE.runPeriodic takes too long (0.030s)
GlobalTracer.printPidInfo_Info: encoderXPidCtrl: Target=   0.0, Input=   0.1, Error=  -0.1, PIDTerms=-0.031/ 0.000/ 0.007/ 0.000, Output=-0.025(-0.700/0.700), Volt=11.4(10.8)
GlobalTracer.printPidInfo_Info: encoderYPidCtrl: Target= 169.0, Input=  16.8, Error= 152.2, PIDTerms= 3.043/ 0.000/-0.058/ 0.000, Output= 0.600(-0.600/0.600), Volt=11.5(10.8)
GlobalTracer.printPidInfo_Info: gyroTurnPidCtrl: Target=   0.0, Input=   1.3, Error=  -1.3, PIDTerms=-0.027/ 0.000/-0.010/ 0.000, Output=-0.037(-0.700/0.700), Volt=11.5(10.8)
GlobalTracer.startCompetition_Warn: AUTO_MODE.postContinuousTasks takes too long (0.051s)
GlobalTracer.startCompetition_Warn: AUTO_MODE.updates takes too long (0.054s)
GlobalTracer.startCompetition_Warn: AUTO_MODE takes too long (0.174s)
GlobalTracer.printPidInfo_Info: encoderXPidCtrl: Target=   0.0, Input=  -0.1, Error=   0.1, PIDTerms= 0.017/ 0.000/ 0.020/ 0.000, Output= 0.037(-0.700/0.700), Volt=11.5(10.8)
GlobalTracer.printPidInfo_Info: encoderYPidCtrl: Target= 169.0, Input=  27.7, Error= 141.3, PIDTerms= 2.827/ 0.000/-0.114/ 0.000, Output= 0.600(-0.600/0.600), Volt=11.5(10.8)
GlobalTracer.printPidInfo_Info: gyroTurnPidCtrl: Target=   0.0, Input=   2.2, Error=  -2.2, PIDTerms=-0.044/ 0.000/-0.011/ 0.000, Output=-0.055(-0.700/0.700), Volt=11.5(10.8)
GlobalTracer.startCompetition_Warn: AUTO_MODE.postContinuousTasks takes too long (0.026s)
GlobalTracer.startCompetition_Warn: AUTO_MODE.updates takes too long (0.043s)
GlobalTracer.startCompetition_Warn: AUTO_MODE takes too long (0.104s)
GlobalTracer.CmdAutoScale_Info: SonarTriggerEvent: prevZone=1, currZone=0, value:10.5
GlobalTracer.CmdAutoScale_Info: setSonarTriggerEnabled(false)
GlobalTracer.CmdAutoScale_Info: sonarDistance=10.5, distanceFromWall=55.2, useSonar=true, xDistance=-19.6, yDistance=264.0
GlobalTracer.Robot_Info: [1.981] CHECK_SONAR_DISTANCE: xPos= -0.10,yPos= 34.47,heading=   2.3/   0.0,volts=11.6(10.8)
GlobalTracer.printPidInfo_Info: [1.981] elevatorPidController: Target=  35.0, Input=   0.0, Error=  27.0, PIDTerms= 0.000/ 0.000/ 0.000/ 0.000, Output= 0.000(-1.000/1.000), Volt=11.9(10.8)
GlobalTracer.startCompetition_Warn: AUTO_MODE.runContinuous takes too long (0.029s)
GlobalTracer.startCompetition_Warn: AUTO_MODE.runPeriodic takes too long (0.025s)
GlobalTracer.printPidInfo_Info: encoderXPidCtrl: Target= -19.7, Input=  -0.1, Error= -19.6, PIDTerms=-4.909/ 0.000/ 0.000/-0.000, Output=-0.700(-0.700/0.700), Volt=12.4(10.8)
GlobalTracer.printPidInfo_Info: encoderYPidCtrl: Target= 298.5, Input=  34.5, Error= 264.0, PIDTerms= 5.281/ 0.000/ 0.000/ 0.000, Output= 0.600(-0.600/0.600), Volt=12.4(10.8)
GlobalTracer.printPidInfo_Info: gyroTurnPidCtrl: Target=   0.0, Input=   2.3, Error=  -2.3, PIDTerms=-0.047/ 0.000/ 0.000/ 0.000, Output=-0.047(-0.700/0.700), Volt=10.8(10.8)
GlobalTracer.startCompetition_Warn: AUTO_MODE.postContinuousTasks takes too long (0.029s)
GlobalTracer.startCompetition_Warn: AUTO_MODE.updates takes too long (0.085s)
GlobalTracer.startCompetition_Warn: AUTO_MODE takes too long (0.201s)
GlobalTracer.startCompetition_Warn: AUTO_MODE.preContinuousTasks takes too long (0.024s)
GlobalTracer.printPidInfo_Info: [2.182] elevatorPidController: Target=  35.0, Input=   8.0, Error=  27.0, PIDTerms= 5.394/ 0.002/-0.000/ 0.000, Output= 1.000(-1.000/1.000), Volt=10.4(10.3)
GlobalTracer.startCompetition_Warn: AUTO_MODE.runPeriodic takes too long (0.029s)
GlobalTracer.printPidInfo_Info: encoderXPidCtrl: Target= -19.7, Input=  -1.1, Error= -18.6, PIDTerms=-4.656/ 0.000/ 0.082/-0.000, Output=-0.700(-0.700/0.700), Volt=10.2(10.3)
GlobalTracer.printPidInfo_Info: encoderYPidCtrl: Target= 298.5, Input=  47.1, Error= 251.4, PIDTerms= 5.027/ 0.000/-0.102/ 0.000, Output= 0.600(-0.600/0.600), Volt=10.2(10.3)
GlobalTracer.printPidInfo_Info: gyroTurnPidCtrl: Target=   0.0, Input=   0.4, Error=  -0.4, PIDTerms=-0.008/ 0.000/ 0.018/ 0.000, Output= 0.010(-0.700/0.700), Volt=10.2(10.3)
GlobalTracer.startCompetition_Warn: AUTO_MODE.postContinuousTasks takes too long (0.020s)
GlobalTracer.startCompetition_Warn: AUTO_MODE.updates takes too long (0.061s)
GlobalTracer.startCompetition_Warn: AUTO_MODE takes too long (0.146s)
GlobalTracer.printPidInfo_Info: [2.330] elevatorPidController: Target=  35.0, Input=  10.2, Error=  24.8, PIDTerms= 4.950/ 0.007/-0.000/ 0.000, Output= 1.000(-1.000/1.000), Volt=10.2(10.1)
GlobalTracer.startCompetition_Warn: AUTO_MODE.runPeriodic takes too long (0.040s)
GlobalTracer.printPidInfo_Info: encoderXPidCtrl: Target= -19.7, Input=  -2.5, Error= -17.3, PIDTerms=-4.314/ 0.000/ 0.131/-0.000, Output=-0.700(-0.700/0.700), Volt=10.3(10.1)
GlobalTracer.printPidInfo_Info: encoderYPidCtrl: Target= 298.5, Input=  54.9, Error= 243.6, PIDTerms= 4.872/ 0.000/-0.075/ 0.000, Output= 0.600(-0.600/0.600), Volt=10.2(10.1)
GlobalTracer.printPidInfo_Info: gyroTurnPidCtrl: Target=   0.0, Input=  -1.7, Error=   1.7, PIDTerms= 0.034/ 0.000/ 0.024/ 0.000, Output= 0.058(-0.700/0.700), Volt=10.2(10.1)
GlobalTracer.startCompetition_Warn: AUTO_MODE.postContinuousTasks takes too long (0.048s)
GlobalTracer.startCompetition_Warn: AUTO_MODE.updates takes too long (0.055s)
GlobalTracer.startCompetition_Warn: AUTO_MODE takes too long (0.173s)
GlobalTracer.startCompetition_Warn: AUTO_MODE.preContinuousTasks takes too long (0.020s)
GlobalTracer.printPidInfo_Info: [2.504] elevatorPidController: Target=  35.0, Input=  16.9, Error=  18.1, PIDTerms= 3.612/ 0.010/-0.000/ 0.000, Output= 1.000(-1.000/1.000), Volt=10.3(10.1)
GlobalTracer.startCompetition_Warn: AUTO_MODE.runPeriodic takes too long (0.021s)
GlobalTracer.printPidInfo_Info: encoderXPidCtrl: Target= -19.7, Input=  -5.0, Error= -14.7, PIDTerms=-3.683/ 0.000/ 0.241/-0.000, Output=-0.700(-0.700/0.700), Volt=10.6(10.1)
GlobalTracer.printPidInfo_Info: encoderYPidCtrl: Target= 298.5, Input=  65.7, Error= 232.8, PIDTerms= 4.657/ 0.000/-0.103/ 0.000, Output= 0.600(-0.600/0.600), Volt=10.6(10.1)
GlobalTracer.printPidInfo_Info: gyroTurnPidCtrl: Target=   0.0, Input=  -2.9, Error=   2.9, PIDTerms= 0.057/ 0.000/ 0.013/ 0.000, Output= 0.070(-0.700/0.700), Volt=10.6(10.1)
GlobalTracer.startCompetition_Warn: AUTO_MODE.updates takes too long (0.054s)
GlobalTracer.startCompetition_Warn: AUTO_MODE takes too long (0.114s)
GlobalTracer.startCompetition_Warn: AUTO_MODE.preContinuousTasks takes too long (0.022s)
GlobalTracer.printPidInfo_Info: [2.619] elevatorPidController: Target=  35.0, Input=  21.6, Error=  13.4, PIDTerms= 2.673/ 0.011/-0.000/ 0.000, Output= 1.000(-1.000/1.000), Volt=10.5(10.1)
GlobalTracer.startCompetition_Warn: AUTO_MODE.runPeriodic takes too long (0.026s)
GlobalTracer.printPidInfo_Info: encoderXPidCtrl: Target= -19.7, Input=  -6.8, Error= -12.9, PIDTerms=-3.225/ 0.000/ 0.227/-0.000, Output=-0.700(-0.700/0.700), Volt=10.4(10.1)
GlobalTracer.printPidInfo_Info: encoderYPidCtrl: Target= 298.5, Input=  72.9, Error= 225.6, PIDTerms= 4.513/ 0.000/-0.090/ 0.000, Output= 0.600(-0.600/0.600), Volt=10.4(10.1)
GlobalTracer.printPidInfo_Info: gyroTurnPidCtrl: Target=   0.0, Input=  -2.7, Error=   2.7, PIDTerms= 0.053/ 0.000/-0.003/ 0.000, Output= 0.051(-0.700/0.700), Volt=10.4(10.1)
GlobalTracer.startCompetition_Warn: AUTO_MODE.postContinuousTasks takes too long (0.022s)
GlobalTracer.startCompetition_Warn: AUTO_MODE.updates takes too long (0.061s)
GlobalTracer.startCompetition_Warn: AUTO_MODE takes too long (0.142s)
GlobalTracer.printPidInfo_Info: [2.763] elevatorPidController: Target=  35.0, Input=  27.0, Error=   8.0, PIDTerms= 1.604/ 0.012/-0.000/ 0.000, Output= 1.000(-1.000/1.000), Volt=10.5(10.1)
GlobalTracer.printPidInfo_Info: encoderXPidCtrl: Target= -19.7, Input=  -9.1, Error= -10.6, PIDTerms=-2.662/ 0.000/ 0.255/-0.000, Output=-0.700(-0.700/0.700), Volt=10.4(10.1)
GlobalTracer.printPidInfo_Info: encoderYPidCtrl: Target= 298.5, Input=  81.4, Error= 217.1, PIDTerms= 4.341/ 0.000/-0.097/ 0.000, Output= 0.600(-0.600/0.600), Volt=10.4(10.1)
GlobalTracer.printPidInfo_Info: gyroTurnPidCtrl: Target=   0.0, Input=  -1.8, Error=   1.8, PIDTerms= 0.035/ 0.000/-0.012/ 0.000, Output= 0.023(-0.700/0.700), Volt=10.4(10.1)
GlobalTracer.startCompetition_Warn: AUTO_MODE.updates takes too long (0.052s)
GlobalTracer.startCompetition_Warn: AUTO_MODE takes too long (0.120s)
GlobalTracer.printPidInfo_Info: [2.886] elevatorPidController: Target=  35.0, Input=  31.7, Error=   3.3, PIDTerms= 0.666/ 0.013/-0.000/ 0.000, Output= 0.679(-1.000/1.000), Volt=10.7(10.1)
GlobalTracer.startCompetition_Warn: AUTO_MODE.runPeriodic takes too long (0.026s)
GlobalTracer.printPidInfo_Info: encoderXPidCtrl: Target= -19.7, Input= -11.3, Error=  -8.4, PIDTerms=-2.112/ 0.000/ 0.273/-0.000, Output=-0.700(-0.700/0.700), Volt=10.7(10.1)
GlobalTracer.printPidInfo_Info: encoderYPidCtrl: Target= 298.5, Input=  88.6, Error= 209.9, PIDTerms= 4.198/ 0.000/-0.089/ 0.000, Output= 0.600(-0.600/0.600), Volt=10.7(10.1)
GlobalTracer.printPidInfo_Info: gyroTurnPidCtrl: Target=   0.0, Input=  -0.8, Error=   0.8, PIDTerms= 0.015/ 0.000/-0.014/ 0.000, Output= 0.001(-0.700/0.700), Volt=10.7(10.1)
GlobalTracer.startCompetition_Warn: AUTO_MODE.postContinuousTasks takes too long (0.026s)
GlobalTracer.startCompetition_Warn: AUTO_MODE.updates takes too long (0.026s)
GlobalTracer.printPidInfo_Info: [2.985] elevatorPidController: Target=  35.0, Input=  36.2, Error=  -1.2, PIDTerms=-0.250/ 0.013/-0.000/ 0.000, Output=-0.237(-1.000/1.000), Volt=10.9(10.1)
GlobalTracer.startCompetition_Warn: AUTO_MODE.runPeriodic takes too long (0.022s)
GlobalTracer.printPidInfo_Info: encoderXPidCtrl: Target= -19.7, Input= -13.3, Error=  -6.5, PIDTerms=-1.613/ 0.000/ 0.322/-0.000, Output=-0.700(-0.700/0.700), Volt=10.9(10.1)
GlobalTracer.printPidInfo_Info: encoderYPidCtrl: Target= 298.5, Input=  94.9, Error= 203.6, PIDTerms= 4.073/ 0.000/-0.101/ 0.000, Output= 0.600(-0.600/0.600), Volt=10.9(10.1)
GlobalTracer.printPidInfo_Info: gyroTurnPidCtrl: Target=   0.0, Input=  -0.2, Error=   0.2, PIDTerms= 0.005/ 0.000/-0.010/ 0.000, Output=-0.006(-0.700/0.700), Volt=10.9(10.1)
GlobalTracer.startCompetition_Warn: AUTO_MODE.postContinuousTasks takes too long (0.025s)
GlobalTracer.startCompetition_Warn: AUTO_MODE.updates takes too long (0.045s)
GlobalTracer.startCompetition_Warn: AUTO_MODE takes too long (0.112s)
GlobalTracer.printPidInfo_Info: [3.096] elevatorPidController: Target=  35.0, Input=  36.6, Error=  -1.6, PIDTerms=-0.314/ 0.013/-0.000/ 0.000, Output=-0.302(-1.000/1.000), Volt=10.9(10.1)
GlobalTracer.printPidInfo_Info: encoderXPidCtrl: Target= -19.7, Input= -15.8, Error=  -3.9, PIDTerms=-0.977/ 0.000/ 0.374/-0.000, Output=-0.603(-0.700/0.700), Volt=10.9(10.1)
GlobalTracer.printPidInfo_Info: encoderYPidCtrl: Target= 298.5, Input= 102.7, Error= 195.8, PIDTerms= 3.916/ 0.000/-0.116/ 0.000, Output= 0.600(-0.600/0.600), Volt=10.9(10.1)
GlobalTracer.printPidInfo_Info: gyroTurnPidCtrl: Target=   0.0, Input=  -0.1, Error=   0.1, PIDTerms= 0.001/ 0.000/-0.003/ 0.000, Output=-0.002(-0.700/0.700), Volt=10.9(10.1)
GlobalTracer.startCompetition_Warn: AUTO_MODE.postContinuousTasks takes too long (0.023s)
GlobalTracer.startCompetition_Warn: AUTO_MODE.updates takes too long (0.031s)
GlobalTracer.printPidInfo_Info: [3.182] elevatorPidController: Target=  35.0, Input=  35.2, Error=  -0.2, PIDTerms=-0.049/ 0.013/ 0.000/ 0.000, Output=-0.037(-1.000/1.000), Volt=11.0(10.1)
GlobalTracer.printPidInfo_Info: encoderXPidCtrl: Target= -19.7, Input= -17.6, Error=  -2.2, PIDTerms=-0.539/ 0.000/ 0.313/-0.000, Output=-0.225(-0.700/0.700), Volt=11.0(10.1)
GlobalTracer.printPidInfo_Info: encoderYPidCtrl: Target= 298.5, Input= 108.0, Error= 190.5, PIDTerms= 3.810/ 0.000/-0.095/ 0.000, Output= 0.600(-0.600/0.600), Volt=10.9(10.1)
GlobalTracer.printPidInfo_Info: gyroTurnPidCtrl: Target=   0.0, Input=  -0.3, Error=   0.3, PIDTerms= 0.006/ 0.000/ 0.005/ 0.000, Output= 0.010(-0.700/0.700), Volt=10.9(10.1)
GlobalTracer.startCompetition_Warn: AUTO_MODE.postContinuousTasks takes too long (0.030s)
GlobalTracer.startCompetition_Warn: AUTO_MODE.updates takes too long (0.022s)
GlobalTracer.printPidInfo_Info: [3.264] elevatorPidController: Target=  35.0, Input=  33.8, Error=   1.2, PIDTerms= 0.242/ 0.013/ 0.000/ 0.000, Output= 0.254(-1.000/1.000), Volt=11.2(10.1)
GlobalTracer.printPidInfo_Info: encoderXPidCtrl: Target= -19.7, Input= -18.8, Error=  -0.9, PIDTerms=-0.223/ 0.000/ 0.204/-0.000, Output=-0.019(-0.700/0.700), Volt=11.3(10.1)
GlobalTracer.printPidInfo_Info: encoderYPidCtrl: Target= 298.5, Input= 113.4, Error= 185.1, PIDTerms= 3.701/ 0.000/-0.087/ 0.000, Output= 0.600(-0.600/0.600), Volt=11.3(10.1)
GlobalTracer.printPidInfo_Info: gyroTurnPidCtrl: Target=   0.0, Input=  -1.1, Error=   1.1, PIDTerms= 0.021/ 0.000/ 0.015/ 0.000, Output= 0.036(-0.700/0.700), Volt=11.3(10.1)
GlobalTracer.startCompetition_Warn: AUTO_MODE.postContinuousTasks takes too long (0.022s)
GlobalTracer.startCompetition_Warn: AUTO_MODE.updates takes too long (0.040s)
GlobalTracer.startCompetition_Warn: AUTO_MODE takes too long (0.102s)
GlobalTracer.printPidInfo_Info: [3.370] elevatorPidController: Target=  35.0, Input=  33.8, Error=   1.2, PIDTerms= 0.243/ 0.013/ 0.000/ 0.000, Output= 0.256(-1.000/1.000), Volt=11.6(10.1)
GlobalTracer.startCompetition_Warn: AUTO_MODE.runPeriodic takes too long (0.022s)
GlobalTracer.printPidInfo_Info: encoderXPidCtrl: Target= -19.7, Input= -19.5, Error=  -0.2, PIDTerms=-0.061/ 0.000/ 0.090/-0.000, Output= 0.028(-0.700/0.700), Volt=11.6(10.1)
GlobalTracer.printPidInfo_Info: encoderYPidCtrl: Target= 298.5, Input= 121.1, Error= 177.4, PIDTerms= 3.549/ 0.000/-0.106/ 0.000, Output= 0.600(-0.600/0.600), Volt=11.6(10.1)
GlobalTracer.printPidInfo_Info: gyroTurnPidCtrl: Target=   0.0, Input=  -1.5, Error=   1.5, PIDTerms= 0.030/ 0.000/ 0.007/ 0.000, Output= 0.037(-0.700/0.700), Volt=11.6(10.1)
GlobalTracer.startCompetition_Warn: AUTO_MODE.postContinuousTasks takes too long (0.032s)
GlobalTracer.startCompetition_Warn: AUTO_MODE.updates takes too long (0.043s)
GlobalTracer.startCompetition_Warn: AUTO_MODE takes too long (0.118s)
GlobalTracer.printPidInfo_Info: [3.490] elevatorPidController: Target=  35.0, Input=  33.9, Error=   1.1, PIDTerms= 0.229/ 0.013/-0.000/ 0.000, Output= 0.242(-1.000/1.000), Volt=11.6(10.1)
GlobalTracer.printPidInfo_Info: encoderXPidCtrl: Target= -19.7, Input= -20.1, Error=   0.3, PIDTerms= 0.082/ 0.000/ 0.075/-0.000, Output= 0.157(-0.700/0.700), Volt=11.6(10.1)
GlobalTracer.printPidInfo_Info: encoderYPidCtrl: Target= 298.5, Input= 130.9, Error= 167.6, PIDTerms= 3.351/ 0.000/-0.130/ 0.000, Output= 0.600(-0.600/0.600), Volt=11.6(10.1)
GlobalTracer.printPidInfo_Info: gyroTurnPidCtrl: Target=   0.0, Input=  -0.7, Error=   0.7, PIDTerms= 0.015/ 0.000/-0.012/ 0.000, Output= 0.003(-0.700/0.700), Volt=11.6(10.1)
GlobalTracer.startCompetition_Warn: AUTO_MODE.postContinuousTasks takes too long (0.034s)
GlobalTracer.startCompetition_Warn: AUTO_MODE.updates takes too long (0.044s)
GlobalTracer.startCompetition_Warn: AUTO_MODE takes too long (0.114s)
GlobalTracer.printPidInfo_Info: [3.606] elevatorPidController: Target=  35.0, Input=  34.0, Error=   1.0, PIDTerms= 0.201/ 0.013/-0.000/ 0.000, Output= 0.214(-1.000/1.000), Volt=11.6(10.1)
GlobalTracer.startCompetition_Warn: AUTO_MODE.runPeriodic takes too long (0.028s)
GlobalTracer.printPidInfo_Info: encoderXPidCtrl: Target= -19.7, Input= -20.0, Error=   0.2, PIDTerms= 0.061/ 0.000/-0.010/-0.000, Output= 0.051(-0.700/0.700), Volt=11.7(10.1)
GlobalTracer.printPidInfo_Info: encoderYPidCtrl: Target= 298.5, Input= 139.9, Error= 158.6, PIDTerms= 3.173/ 0.000/-0.101/ 0.000, Output= 0.600(-0.600/0.600), Volt=11.7(10.1)
GlobalTracer.printPidInfo_Info: gyroTurnPidCtrl: Target=   0.0, Input=  -0.0, Error=   0.0, PIDTerms= 0.001/ 0.000/-0.009/ 0.000, Output=-0.008(-0.700/0.700), Volt=11.7(10.1)
GlobalTracer.startCompetition_Warn: AUTO_MODE.postContinuousTasks takes too long (0.024s)
GlobalTracer.startCompetition_Warn: AUTO_MODE.updates takes too long (0.031s)
GlobalTracer.startCompetition_Warn: AUTO_MODE takes too long (0.106s)
GlobalTracer.printPidInfo_Info: [3.714] elevatorPidController: Target=  35.0, Input=  34.1, Error=   0.9, PIDTerms= 0.173/ 0.013/-0.000/ 0.000, Output= 0.186(-1.000/1.000), Volt=11.8(10.1)
GlobalTracer.printPidInfo_Info: encoderXPidCtrl: Target= -19.7, Input= -19.7, Error=  -0.0, PIDTerms=-0.003/ 0.000/-0.043/-0.000, Output=-0.047(-0.700/0.700), Volt=11.8(10.1)
GlobalTracer.printPidInfo_Info: encoderYPidCtrl: Target= 298.5, Input= 148.9, Error= 149.6, PIDTerms= 2.992/ 0.000/-0.153/ 0.000, Output= 0.600(-0.600/0.600), Volt=11.9(10.1)
GlobalTracer.printPidInfo_Info: gyroTurnPidCtrl: Target=   0.0, Input=   0.5, Error=  -0.5, PIDTerms=-0.011/ 0.000/-0.011/ 0.000, Output=-0.022(-0.700/0.700), Volt=11.9(10.1)
GlobalTracer.startCompetition_Warn: AUTO_MODE.postContinuousTasks takes too long (0.023s)
GlobalTracer.startCompetition_Warn: AUTO_MODE.updates takes too long (0.039s)
GlobalTracer.printPidInfo_Info: [3.814] elevatorPidController: Target=  35.0, Input=  34.2, Error=   0.8, PIDTerms= 0.168/ 0.013/-0.000/ 0.000, Output= 0.182(-1.000/1.000), Volt=11.8(10.1)
GlobalTracer.startCompetition_Warn: AUTO_MODE.runPeriodic takes too long (0.021s)
GlobalTracer.printPidInfo_Info: encoderXPidCtrl: Target= -19.7, Input= -19.7, Error=  -0.0, PIDTerms=-0.003/ 0.000/ 0.000/-0.000, Output=-0.003(-0.700/0.700), Volt=11.8(10.1)
GlobalTracer.printPidInfo_Info: encoderYPidCtrl: Target= 298.5, Input= 157.3, Error= 141.2, PIDTerms= 2.823/ 0.000/-0.120/ 0.000, Output= 0.600(-0.600/0.600), Volt=11.8(10.1)
GlobalTracer.printPidInfo_Info: gyroTurnPidCtrl: Target=   0.0, Input=   1.0, Error=  -1.0, PIDTerms=-0.020/ 0.000/-0.008/ 0.000, Output=-0.028(-0.700/0.700), Volt=11.8(10.1)
GlobalTracer.startCompetition_Warn: AUTO_MODE.postContinuousTasks takes too long (0.031s)
GlobalTracer.startCompetition_Warn: AUTO_MODE.updates takes too long (0.036s)
GlobalTracer.startCompetition_Warn: AUTO_MODE takes too long (0.108s)
GlobalTracer.printPidInfo_Info: [3.922] elevatorPidController: Target=  35.0, Input=  34.2, Error=   0.8, PIDTerms= 0.166/ 0.013/-0.000/ 0.000, Output= 0.179(-1.000/1.000), Volt=11.8(10.1)
GlobalTracer.printPidInfo_Info: encoderXPidCtrl: Target= -19.7, Input= -19.7, Error=   0.0, PIDTerms= 0.002/ 0.000/ 0.003/-0.000, Output= 0.004(-0.700/0.700), Volt=11.8(10.1)
GlobalTracer.printPidInfo_Info: encoderYPidCtrl: Target= 298.5, Input= 167.0, Error= 131.5, PIDTerms= 2.631/ 0.000/-0.131/ 0.000, Output= 0.600(-0.600/0.600), Volt=11.8(10.1)
GlobalTracer.printPidInfo_Info: gyroTurnPidCtrl: Target=   0.0, Input=   1.3, Error=  -1.3, PIDTerms=-0.027/ 0.000/-0.005/ 0.000, Output=-0.032(-0.700/0.700), Volt=11.8(10.1)
GlobalTracer.startCompetition_Warn: AUTO_MODE.postContinuousTasks takes too long (0.021s)
GlobalTracer.startCompetition_Warn: AUTO_MODE.updates takes too long (0.037s)
GlobalTracer.startCompetition_Warn: AUTO_MODE takes too long (0.102s)
GlobalTracer.printPidInfo_Info: [4.025] elevatorPidController: Target=  35.0, Input=  34.2, Error=   0.8, PIDTerms= 0.161/ 0.013/-0.000/ 0.000, Output= 0.175(-1.000/1.000), Volt=11.9(10.1)
GlobalTracer.startCompetition_Warn: AUTO_MODE.runPeriodic takes too long (0.022s)
GlobalTracer.printPidInfo_Info: encoderXPidCtrl: Target= -19.7, Input= -19.8, Error=   0.1, PIDTerms= 0.017/ 0.000/ 0.008/-0.000, Output= 0.025(-0.700/0.700), Volt=11.9(10.1)
GlobalTracer.printPidInfo_Info: encoderYPidCtrl: Target= 298.5, Input= 175.7, Error= 122.8, PIDTerms= 2.455/ 0.000/-0.120/ 0.000, Output= 0.600(-0.600/0.600), Volt=12.0(10.1)
GlobalTracer.printPidInfo_Info: gyroTurnPidCtrl: Target=   0.0, Input=   1.4, Error=  -1.4, PIDTerms=-0.028/ 0.000/-0.001/ 0.000, Output=-0.028(-0.700/0.700), Volt=12.0(10.1)
GlobalTracer.startCompetition_Warn: AUTO_MODE.postContinuousTasks takes too long (0.022s)
GlobalTracer.startCompetition_Warn: AUTO_MODE.updates takes too long (0.044s)
GlobalTracer.startCompetition_Warn: AUTO_MODE takes too long (0.114s)
GlobalTracer.printPidInfo_Info: [4.141] elevatorPidController: Target=  35.0, Input=  34.2, Error=   0.8, PIDTerms= 0.161/ 0.013/ 0.000/ 0.000, Output= 0.175(-1.000/1.000), Volt=11.9(10.1)
GlobalTracer.printPidInfo_Info: encoderXPidCtrl: Target= -19.7, Input= -19.7, Error=  -0.0, PIDTerms=-0.001/ 0.000/-0.010/-0.000, Output=-0.010(-0.700/0.700), Volt=11.8(10.1)
GlobalTracer.printPidInfo_Info: encoderYPidCtrl: Target= 298.5, Input= 186.5, Error= 112.0, PIDTerms= 2.240/ 0.000/-0.150/ 0.000, Output= 0.600(-0.600/0.600), Volt=11.8(10.1)
GlobalTracer.printPidInfo_Info: gyroTurnPidCtrl: Target=   0.0, Input=   1.1, Error=  -1.1, PIDTerms=-0.023/ 0.000/ 0.004/ 0.000, Output=-0.019(-0.700/0.700), Volt=11.8(10.1)
GlobalTracer.startCompetition_Warn: AUTO_MODE.postContinuousTasks takes too long (0.022s)
GlobalTracer.startCompetition_Warn: AUTO_MODE.updates takes too long (0.040s)
GlobalTracer.startCompetition_Warn: AUTO_MODE takes too long (0.106s)
GlobalTracer.printPidInfo_Info: [4.249] elevatorPidController: Target=  35.0, Input=  34.2, Error=   0.8, PIDTerms= 0.160/ 0.014/-0.000/ 0.000, Output= 0.173(-1.000/1.000), Volt=11.9(10.1)
GlobalTracer.printPidInfo_Info: encoderXPidCtrl: Target= -19.7, Input= -19.5, Error=  -0.3, PIDTerms=-0.064/ 0.000/-0.036/-0.000, Output=-0.100(-0.700/0.700), Volt=11.9(10.1)
GlobalTracer.printPidInfo_Info: encoderYPidCtrl: Target= 298.5, Input= 196.2, Error= 102.3, PIDTerms= 2.045/ 0.000/-0.140/ 0.000, Output= 0.600(-0.600/0.600), Volt=11.9(10.1)
GlobalTracer.printPidInfo_Info: gyroTurnPidCtrl: Target=   0.0, Input=   0.8, Error=  -0.8, PIDTerms=-0.015/ 0.000/ 0.006/ 0.000, Output=-0.009(-0.700/0.700), Volt=11.7(10.1)
GlobalTracer.startCompetition_Warn: AUTO_MODE.postContinuousTasks takes too long (0.031s)
GlobalTracer.startCompetition_Warn: AUTO_MODE.updates takes too long (0.029s)
GlobalTracer.printPidInfo_Info: [4.348] elevatorPidController: Target=  35.0, Input=  34.2, Error=   0.8, PIDTerms= 0.158/ 0.014/-0.000/ 0.000, Output= 0.172(-1.000/1.000), Volt=11.8(10.1)
GlobalTracer.startCompetition_Warn: AUTO_MODE.runPeriodic takes too long (0.020s)
GlobalTracer.printPidInfo_Info: encoderXPidCtrl: Target= -19.7, Input= -19.8, Error=   0.1, PIDTerms= 0.027/ 0.000/ 0.053/-0.000, Output= 0.080(-0.700/0.700), Volt=11.8(10.1)
GlobalTracer.printPidInfo_Info: encoderYPidCtrl: Target= 298.5, Input= 204.9, Error=  93.6, PIDTerms= 1.871/ 0.000/-0.128/ 0.000, Output= 0.600(-0.600/0.600), Volt=11.8(10.1)
GlobalTracer.printPidInfo_Info: gyroTurnPidCtrl: Target=   0.0, Input=   0.6, Error=  -0.6, PIDTerms=-0.012/ 0.000/ 0.003/ 0.000, Output=-0.009(-0.700/0.700), Volt=11.9(10.1)
GlobalTracer.startCompetition_Warn: AUTO_MODE.postContinuousTasks takes too long (0.026s)
GlobalTracer.startCompetition_Warn: AUTO_MODE.updates takes too long (0.047s)
GlobalTracer.startCompetition_Warn: AUTO_MODE takes too long (0.115s)
GlobalTracer.printPidInfo_Info: [4.464] elevatorPidController: Target=  35.0, Input=  34.2, Error=   0.8, PIDTerms= 0.158/ 0.014/ 0.000/ 0.000, Output= 0.172(-1.000/1.000), Volt=12.0(10.1)
GlobalTracer.printPidInfo_Info: encoderXPidCtrl: Target= -19.7, Input= -19.8, Error=   0.1, PIDTerms= 0.027/ 0.000/ 0.000/-0.000, Output= 0.027(-0.700/0.700), Volt=12.0(10.1)
GlobalTracer.printPidInfo_Info: encoderYPidCtrl: Target= 298.5, Input= 216.0, Error=  82.5, PIDTerms= 1.649/ 0.000/-0.143/ 0.000, Output= 0.600(-0.600/0.600), Volt=12.0(10.1)
GlobalTracer.printPidInfo_Info: gyroTurnPidCtrl: Target=   0.0, Input=   0.5, Error=  -0.5, PIDTerms=-0.011/ 0.000/ 0.001/ 0.000, Output=-0.010(-0.700/0.700), Volt=12.0(10.1)
GlobalTracer.startCompetition_Warn: AUTO_MODE.postContinuousTasks takes too long (0.025s)
GlobalTracer.startCompetition_Warn: AUTO_MODE.updates takes too long (0.036s)
GlobalTracer.startCompetition_Warn: AUTO_MODE takes too long (0.102s)
GlobalTracer.printPidInfo_Info: [4.566] elevatorPidController: Target=  35.0, Input=  34.2, Error=   0.8, PIDTerms= 0.158/ 0.014/ 0.000/ 0.000, Output= 0.172(-1.000/1.000), Volt=12.0(10.1)
GlobalTracer.printPidInfo_Info: encoderXPidCtrl: Target= -19.7, Input= -19.7, Error=  -0.0, PIDTerms=-0.004/ 0.000/-0.017/-0.000, Output=-0.021(-0.700/0.700), Volt=12.0(10.1)
GlobalTracer.printPidInfo_Info: encoderYPidCtrl: Target= 298.5, Input= 225.5, Error=  73.0, PIDTerms= 1.460/ 0.000/-0.128/ 0.000, Output= 0.600(-0.600/0.600), Volt=12.0(10.1)
GlobalTracer.printPidInfo_Info: gyroTurnPidCtrl: Target=   0.0, Input=   0.6, Error=  -0.6, PIDTerms=-0.012/ 0.000/-0.001/ 0.000, Output=-0.013(-0.700/0.700), Volt=12.0(10.1)
GlobalTracer.startCompetition_Warn: AUTO_MODE.postContinuousTasks takes too long (0.039s)
GlobalTracer.startCompetition_Warn: AUTO_MODE.updates takes too long (0.031s)
GlobalTracer.startCompetition_Warn: AUTO_MODE takes too long (0.123s)
GlobalTracer.printPidInfo_Info: [4.690] elevatorPidController: Target=  35.0, Input=  34.2, Error=   0.8, PIDTerms= 0.157/ 0.014/-0.000/ 0.000, Output= 0.171(-1.000/1.000), Volt=12.0(10.1)
GlobalTracer.printPidInfo_Info: encoderXPidCtrl: Target= -19.7, Input= -19.7, Error=  -0.0, PIDTerms=-0.007/ 0.000/-0.002/-0.000, Output=-0.009(-0.700/0.700), Volt=12.0(10.1)
GlobalTracer.printPidInfo_Info: encoderYPidCtrl: Target= 298.5, Input= 237.8, Error=  60.7, PIDTerms= 1.213/ 0.000/-0.164/ 0.000, Output= 0.600(-0.600/0.600), Volt=12.0(10.1)
GlobalTracer.printPidInfo_Info: gyroTurnPidCtrl: Target=   0.0, Input=   0.6, Error=  -0.6, PIDTerms=-0.012/ 0.000/-0.000/ 0.000, Output=-0.012(-0.700/0.700), Volt=12.0(10.1)
GlobalTracer.startCompetition_Warn: AUTO_MODE.postContinuousTasks takes too long (0.022s)
GlobalTracer.startCompetition_Warn: AUTO_MODE.updates takes too long (0.027s)
GlobalTracer.printPidInfo_Info: [4.776] elevatorPidController: Target=  35.0, Input=  34.2, Error=   0.8, PIDTerms= 0.157/ 0.014/ 0.000/ 0.000, Output= 0.171(-1.000/1.000), Volt=12.0(10.1)
GlobalTracer.startCompetition_Warn: AUTO_MODE.runPeriodic takes too long (0.026s)
GlobalTracer.printPidInfo_Info: encoderXPidCtrl: Target= -19.7, Input= -19.7, Error=  -0.0, PIDTerms=-0.001/ 0.000/ 0.005/-0.000, Output= 0.004(-0.700/0.700), Volt=12.0(10.1)
GlobalTracer.printPidInfo_Info: encoderYPidCtrl: Target= 298.5, Input= 246.4, Error=  52.1, PIDTerms= 1.042/ 0.000/-0.147/ 0.000, Output= 0.600(-0.600/0.600), Volt=12.0(10.1)
GlobalTracer.printPidInfo_Info: gyroTurnPidCtrl: Target=   0.0, Input=   0.6, Error=  -0.6, PIDTerms=-0.013/ 0.000/-0.001/ 0.000, Output=-0.014(-0.700/0.700), Volt=12.0(10.1)
GlobalTracer.startCompetition_Warn: AUTO_MODE.postContinuousTasks takes too long (0.027s)
GlobalTracer.startCompetition_Warn: AUTO_MODE.updates takes too long (0.032s)
GlobalTracer.printPidInfo_Info: [4.875] elevatorPidController: Target=  35.0, Input=  34.2, Error=   0.8, PIDTerms= 0.157/ 0.014/ 0.000/ 0.000, Output= 0.171(-1.000/1.000), Volt=12.1(10.1)
GlobalTracer.startCompetition_Warn: AUTO_MODE.runPeriodic takes too long (0.021s)
GlobalTracer.printPidInfo_Info: encoderXPidCtrl: Target= -19.7, Input= -19.7, Error=  -0.0, PIDTerms=-0.003/ 0.000/-0.001/-0.000, Output=-0.004(-0.700/0.700), Volt=12.0(10.1)
GlobalTracer.printPidInfo_Info: encoderYPidCtrl: Target= 298.5, Input= 254.1, Error=  44.4, PIDTerms= 0.887/ 0.000/-0.123/ 0.000, Output= 0.600(-0.600/0.600), Volt=12.0(10.1)
GlobalTracer.printPidInfo_Info: gyroTurnPidCtrl: Target=   0.0, Input=   0.7, Error=  -0.7, PIDTerms=-0.014/ 0.000/-0.001/ 0.000, Output=-0.015(-0.700/0.700), Volt=12.0(10.1)
GlobalTracer.startCompetition_Warn: AUTO_MODE.postContinuousTasks takes too long (0.027s)
GlobalTracer.startCompetition_Warn: AUTO_MODE.updates takes too long (0.028s)
GlobalTracer.printPidInfo_Info: [4.964] elevatorPidController: Target=  35.0, Input=  34.2, Error=   0.8, PIDTerms= 0.157/ 0.014/ 0.000/ 0.000, Output= 0.171(-1.000/1.000), Volt=12.0(10.1)
GlobalTracer.startCompetition_Warn: AUTO_MODE.runPeriodic takes too long (0.020s)
GlobalTracer.printPidInfo_Info: encoderXPidCtrl: Target= -19.7, Input= -19.7, Error=  -0.0, PIDTerms=-0.003/ 0.000/ 0.000/-0.000, Output=-0.003(-0.700/0.700), Volt=12.0(10.1)
GlobalTracer.printPidInfo_Info: encoderYPidCtrl: Target= 298.5, Input= 263.8, Error=  34.7, PIDTerms= 0.693/ 0.000/-0.151/ 0.000, Output= 0.543(-0.600/0.600), Volt=12.0(10.1)
GlobalTracer.printPidInfo_Info: gyroTurnPidCtrl: Target=   0.0, Input=   0.7, Error=  -0.7, PIDTerms=-0.013/ 0.000/ 0.001/ 0.000, Output=-0.013(-0.700/0.700), Volt=12.0(10.1)
GlobalTracer.startCompetition_Warn: AUTO_MODE.postContinuousTasks takes too long (0.029s)
GlobalTracer.startCompetition_Warn: AUTO_MODE.updates takes too long (0.030s)
GlobalTracer.startCompetition_Warn: AUTO_MODE takes too long (0.101s)
GlobalTracer.printPidInfo_Info: [5.063] elevatorPidController: Target=  35.0, Input=  34.2, Error=   0.8, PIDTerms= 0.157/ 0.014/ 0.000/ 0.000, Output= 0.171(-1.000/1.000), Volt=12.1(10.1)
GlobalTracer.printPidInfo_Info: encoderXPidCtrl: Target= -19.7, Input= -19.7, Error=   0.0, PIDTerms= 0.000/ 0.000/ 0.002/-0.000, Output= 0.003(-0.700/0.700), Volt=12.1(10.1)
GlobalTracer.printPidInfo_Info: encoderYPidCtrl: Target= 298.5, Input= 273.5, Error=  25.0, PIDTerms= 0.500/ 0.000/-0.157/ 0.000, Output= 0.343(-0.600/0.600), Volt=12.1(10.1)
GlobalTracer.printPidInfo_Info: gyroTurnPidCtrl: Target=   0.0, Input=   0.6, Error=  -0.6, PIDTerms=-0.012/ 0.000/ 0.001/ 0.000, Output=-0.011(-0.700/0.700), Volt=12.1(10.1)
GlobalTracer.startCompetition_Warn: AUTO_MODE.updates takes too long (0.040s)
GlobalTracer.printPidInfo_Info: [5.149] elevatorPidController: Target=  35.0, Input=  34.2, Error=   0.8, PIDTerms= 0.157/ 0.014/ 0.000/ 0.000, Output= 0.171(-1.000/1.000), Volt=12.5(10.1)
GlobalTracer.printPidInfo_Info: encoderXPidCtrl: Target= -19.7, Input= -19.5, Error=  -0.2, PIDTerms=-0.060/ 0.000/-0.036/-0.000, Output=-0.097(-0.700/0.700), Volt=12.6(10.1)
GlobalTracer.printPidInfo_Info: encoderYPidCtrl: Target= 298.5, Input= 281.4, Error=  17.1, PIDTerms= 0.343/ 0.000/-0.118/ 0.000, Output= 0.225(-0.600/0.600), Volt=12.6(10.1)
GlobalTracer.printPidInfo_Info: gyroTurnPidCtrl: Target=   0.0, Input=   0.5, Error=  -0.5, PIDTerms=-0.011/ 0.000/ 0.001/ 0.000, Output=-0.009(-0.700/0.700), Volt=12.6(10.1)
GlobalTracer.startCompetition_Warn: AUTO_MODE.postContinuousTasks takes too long (0.027s)
GlobalTracer.startCompetition_Warn: AUTO_MODE.updates takes too long (0.038s)
GlobalTracer.startCompetition_Warn: AUTO_MODE takes too long (0.116s)
GlobalTracer.printPidInfo_Info: [5.266] elevatorPidController: Target=  35.0, Input=  34.2, Error=   0.8, PIDTerms= 0.157/ 0.014/ 0.000/ 0.000, Output= 0.171(-1.000/1.000), Volt=12.5(10.1)
GlobalTracer.startCompetition_Warn: AUTO_MODE.runPeriodic takes too long (0.024s)
GlobalTracer.printPidInfo_Info: encoderXPidCtrl: Target= -19.7, Input= -20.0, Error=   0.2, PIDTerms= 0.057/ 0.000/ 0.060/-0.000, Output= 0.118(-0.700/0.700), Volt=12.6(10.1)
GlobalTracer.printPidInfo_Info: encoderYPidCtrl: Target= 298.5, Input= 290.7, Error=   7.8, PIDTerms= 0.156/ 0.000/-0.119/ 0.000, Output= 0.037(-0.600/0.600), Volt=12.6(10.1)
GlobalTracer.printPidInfo_Info: gyroTurnPidCtrl: Target=   0.0, Input=  -0.1, Error=   0.1, PIDTerms= 0.002/ 0.000/ 0.010/ 0.000, Output= 0.012(-0.700/0.700), Volt=12.5(10.1)
GlobalTracer.startCompetition_Warn: AUTO_MODE.postContinuousTasks takes too long (0.029s)
GlobalTracer.startCompetition_Warn: AUTO_MODE.updates takes too long (0.056s)
GlobalTracer.startCompetition_Warn: AUTO_MODE takes too long (0.135s)
GlobalTracer.printPidInfo_Info: [5.403] elevatorPidController: Target=  35.0, Input=  34.2, Error=   0.8, PIDTerms= 0.156/ 0.014/-0.000/ 0.000, Output= 0.170(-1.000/1.000), Volt=12.5(10.1)
GlobalTracer.startCompetition_Warn: AUTO_MODE.runPeriodic takes too long (0.023s)
GlobalTracer.printPidInfo_Info: encoderXPidCtrl: Target= -19.7, Input= -20.1, Error=   0.3, PIDTerms= 0.079/ 0.000/ 0.010/-0.000, Output= 0.089(-0.700/0.700), Volt=12.5(10.1)
GlobalTracer.printPidInfo_Info: encoderYPidCtrl: Target= 298.5, Input= 299.7, Error=  -1.2, PIDTerms=-0.025/ 0.000/-0.099/ 0.000, Output=-0.124(-0.600/0.600), Volt=12.5(10.1)
GlobalTracer.printPidInfo_Info: gyroTurnPidCtrl: Target=   0.0, Input=  -1.7, Error=   1.7, PIDTerms= 0.034/ 0.000/ 0.020/ 0.000, Output= 0.054(-0.700/0.700), Volt=12.5(10.1)
GlobalTracer.startCompetition_Warn: AUTO_MODE.postContinuousTasks takes too long (0.027s)
GlobalTracer.startCompetition_Warn: AUTO_MODE.updates takes too long (0.061s)
GlobalTracer.startCompetition_Warn: AUTO_MODE takes too long (0.137s)
GlobalTracer.printPidInfo_Info: [5.540] elevatorPidController: Target=  35.0, Input=  34.7, Error=   0.3, PIDTerms= 0.058/ 0.014/-0.000/ 0.000, Output= 0.073(-1.000/1.000), Volt=12.2(10.1)
GlobalTracer.printPidInfo_Info: encoderXPidCtrl: Target= -19.7, Input= -19.3, Error=  -0.4, PIDTerms=-0.106/ 0.000/-0.093/-0.000, Output=-0.199(-0.700/0.700), Volt=12.3(10.1)
GlobalTracer.printPidInfo_Info: encoderYPidCtrl: Target= 298.5, Input= 304.5, Error=  -6.0, PIDTerms=-0.120/ 0.000/-0.060/ 0.000, Output=-0.181(-0.600/0.600), Volt=12.3(10.1)
GlobalTracer.printPidInfo_Info: gyroTurnPidCtrl: Target=   0.0, Input=  -3.5, Error=   3.5, PIDTerms= 0.071/ 0.000/ 0.027/ 0.000, Output= 0.098(-0.700/0.700), Volt=12.3(10.1)
GlobalTracer.startCompetition_Warn: AUTO_MODE.postContinuousTasks takes too long (0.024s)
GlobalTracer.startCompetition_Warn: AUTO_MODE.updates takes too long (0.031s)
GlobalTracer.printPidInfo_Info: [5.629] elevatorPidController: Target=  35.0, Input=  34.6, Error=   0.4, PIDTerms= 0.071/ 0.015/ 0.000/ 0.000, Output= 0.086(-1.000/1.000), Volt=11.6(10.1)
GlobalTracer.startCompetition_Warn: AUTO_MODE.runPeriodic takes too long (0.022s)
GlobalTracer.printPidInfo_Info: encoderXPidCtrl: Target= -19.7, Input= -19.3, Error=  -0.4, PIDTerms=-0.111/ 0.000/-0.003/-0.000, Output=-0.114(-0.700/0.700), Volt=11.7(10.1)
GlobalTracer.printPidInfo_Info: encoderYPidCtrl: Target= 298.5, Input= 305.7, Error=  -7.2, PIDTerms=-0.144/ 0.000/-0.018/ 0.000, Output=-0.161(-0.600/0.600), Volt=11.7(10.1)
GlobalTracer.printPidInfo_Info: gyroTurnPidCtrl: Target=   0.0, Input=  -4.8, Error=   4.8, PIDTerms= 0.096/ 0.000/ 0.022/ 0.000, Output= 0.118(-0.700/0.700), Volt=11.7(10.1)
GlobalTracer.startCompetition_Warn: AUTO_MODE.postContinuousTasks takes too long (0.038s)
GlobalTracer.startCompetition_Warn: AUTO_MODE.updates takes too long (0.033s)
GlobalTracer.startCompetition_Warn: AUTO_MODE takes too long (0.112s)
GlobalTracer.printPidInfo_Info: [5.741] elevatorPidController: Target=  35.0, Input=  34.6, Error=   0.4, PIDTerms= 0.077/ 0.015/ 0.000/ 0.000, Output= 0.091(-1.000/1.000), Volt=12.1(10.1)
GlobalTracer.printPidInfo_Info: encoderXPidCtrl: Target= -19.7, Input= -19.7, Error=  -0.1, PIDTerms=-0.015/ 0.000/ 0.054/-0.000, Output= 0.040(-0.700/0.700), Volt=12.2(10.1)
GlobalTracer.printPidInfo_Info: encoderYPidCtrl: Target= 298.5, Input= 307.6, Error=  -9.1, PIDTerms=-0.182/ 0.000/-0.027/ 0.000, Output=-0.209(-0.600/0.600), Volt=12.3(10.1)
GlobalTracer.printPidInfo_Info: gyroTurnPidCtrl: Target=   0.0, Input=  -3.9, Error=   3.9, PIDTerms= 0.078/ 0.000/-0.015/ 0.000, Output= 0.064(-0.700/0.700), Volt=12.3(10.1)
GlobalTracer.startCompetition_Warn: AUTO_MODE.postContinuousTasks takes too long (0.024s)
GlobalTracer.startCompetition_Warn: AUTO_MODE.updates takes too long (0.038s)
GlobalTracer.printPidInfo_Info: [5.839] elevatorPidController: Target=  35.0, Input=  34.6, Error=   0.4, PIDTerms= 0.077/ 0.015/ 0.000/ 0.000, Output= 0.091(-1.000/1.000), Volt=12.2(10.1)
GlobalTracer.printPidInfo_Info: encoderXPidCtrl: Target= -19.7, Input= -20.4, Error=   0.7, PIDTerms= 0.166/ 0.000/ 0.113/-0.000, Output= 0.279(-0.700/0.700), Volt=12.3(10.1)
GlobalTracer.printPidInfo_Info: encoderYPidCtrl: Target= 298.5, Input= 307.1, Error=  -8.6, PIDTerms=-0.171/ 0.000/ 0.008/ 0.000, Output=-0.163(-0.600/0.600), Volt=11.9(10.1)
GlobalTracer.printPidInfo_Info: gyroTurnPidCtrl: Target=   0.0, Input=  -3.3, Error=   3.3, PIDTerms= 0.066/ 0.000/-0.011/ 0.000, Output= 0.055(-0.700/0.700), Volt=11.9(10.1)
GlobalTracer.startCompetition_Warn: AUTO_MODE.postContinuousTasks takes too long (0.024s)
GlobalTracer.startCompetition_Warn: AUTO_MODE.updates takes too long (0.040s)
GlobalTracer.printPidInfo_Info: [5.934] elevatorPidController: Target=  35.0, Input=  34.6, Error=   0.4, PIDTerms= 0.077/ 0.015/ 0.000/ 0.000, Output= 0.091(-1.000/1.000), Volt=11.8(10.1)
GlobalTracer.printPidInfo_Info: encoderXPidCtrl: Target= -19.7, Input= -20.3, Error=   0.6, PIDTerms= 0.138/ 0.000/-0.018/-0.000, Output= 0.121(-0.700/0.700), Volt=11.8(10.1)
GlobalTracer.printPidInfo_Info: encoderYPidCtrl: Target= 298.5, Input= 306.2, Error=  -7.7, PIDTerms=-0.153/ 0.000/ 0.014/ 0.000, Output=-0.139(-0.600/0.600), Volt=11.8(10.1)
GlobalTracer.printPidInfo_Info: gyroTurnPidCtrl: Target=   0.0, Input=  -1.8, Error=   1.8, PIDTerms= 0.037/ 0.000/-0.027/ 0.000, Output= 0.009(-0.700/0.700), Volt=11.8(10.1)
GlobalTracer.startCompetition_Warn: AUTO_MODE.updates takes too long (0.037s)
GlobalTracer.startCompetition_Warn: AUTO_MODE.preContinuousTasks takes too long (0.027s)
GlobalTracer.printPidInfo_Info: [6.021] elevatorPidController: Target=  35.0, Input=  34.6, Error=   0.4, PIDTerms= 0.077/ 0.015/ 0.000/ 0.000, Output= 0.091(-1.000/1.000), Volt=12.2(10.1)
GlobalTracer.startCompetition_Warn: AUTO_MODE.runPeriodic takes too long (0.031s)
GlobalTracer.printPidInfo_Info: encoderXPidCtrl: Target= -19.7, Input= -19.8, Error=   0.1, PIDTerms= 0.016/ 0.000/-0.058/-0.000, Output=-0.042(-0.700/0.700), Volt=12.2(10.1)
GlobalTracer.printPidInfo_Info: encoderYPidCtrl: Target= 298.5, Input= 306.1, Error=  -7.6, PIDTerms=-0.151/ 0.000/ 0.001/ 0.000, Output=-0.150(-0.600/0.600), Volt=12.2(10.1)
GlobalTracer.printPidInfo_Info: gyroTurnPidCtrl: Target=   0.0, Input=   0.8, Error=  -0.8, PIDTerms=-0.016/ 0.000/-0.036/ 0.000, Output=-0.052(-0.700/0.700), Volt=12.2(10.1)
GlobalTracer.startCompetition_Warn: AUTO_MODE.postContinuousTasks takes too long (0.028s)
GlobalTracer.startCompetition_Warn: AUTO_MODE.updates takes too long (0.039s)
GlobalTracer.startCompetition_Warn: AUTO_MODE takes too long (0.138s)
GlobalTracer.printPidInfo_Info: [6.161] elevatorPidController: Target=  35.0, Input=  34.6, Error=   0.4, PIDTerms= 0.077/ 0.015/ 0.000/ 0.000, Output= 0.092(-1.000/1.000), Volt=12.4(10.1)
GlobalTracer.printPidInfo_Info: encoderXPidCtrl: Target= -19.7, Input= -19.8, Error=   0.0, PIDTerms= 0.008/ 0.000/-0.005/-0.000, Output= 0.003(-0.700/0.700), Volt=12.4(10.1)
GlobalTracer.printPidInfo_Info: encoderYPidCtrl: Target= 298.5, Input= 305.4, Error=  -6.9, PIDTerms=-0.138/ 0.000/ 0.009/ 0.000, Output=-0.129(-0.600/0.600), Volt=12.4(10.1)
GlobalTracer.printPidInfo_Info: gyroTurnPidCtrl: Target=   0.0, Input=   0.8, Error=  -0.8, PIDTerms=-0.015/ 0.000/ 0.001/ 0.000, Output=-0.015(-0.700/0.700), Volt=12.4(10.1)
GlobalTracer.startCompetition_Warn: AUTO_MODE.postContinuousTasks takes too long (0.030s)
GlobalTracer.startCompetition_Warn: AUTO_MODE.updates takes too long (0.032s)
GlobalTracer.printPidInfo_Info: [6.256] elevatorPidController: Target=  35.0, Input=  34.6, Error=   0.4, PIDTerms= 0.077/ 0.015/ 0.000/ 0.000, Output= 0.092(-1.000/1.000), Volt=12.3(10.1)
GlobalTracer.startCompetition_Warn: AUTO_MODE.runPeriodic takes too long (0.023s)
GlobalTracer.printPidInfo_Info: encoderXPidCtrl: Target= -19.7, Input= -19.7, Error=  -0.0, PIDTerms=-0.001/ 0.000/-0.005/-0.000, Output=-0.006(-0.700/0.700), Volt=12.4(10.1)
GlobalTracer.printPidInfo_Info: encoderYPidCtrl: Target= 298.5, Input= 304.7, Error=  -6.2, PIDTerms=-0.123/ 0.000/ 0.011/ 0.000, Output=-0.112(-0.600/0.600), Volt=12.4(10.1)
GlobalTracer.printPidInfo_Info: gyroTurnPidCtrl: Target=   0.0, Input=   0.1, Error=  -0.1, PIDTerms=-0.003/ 0.000/ 0.011/ 0.000, Output= 0.008(-0.700/0.700), Volt=12.4(10.1)
GlobalTracer.startCompetition_Warn: AUTO_MODE.updates takes too long (0.034s)
GlobalTracer.printPidInfo_Info: [6.349] elevatorPidController: Target=  35.0, Input=  34.6, Error=   0.4, PIDTerms= 0.077/ 0.015/ 0.000/ 0.000, Output= 0.092(-1.000/1.000), Volt=12.4(10.1)
GlobalTracer.startCompetition_Warn: AUTO_MODE.runPeriodic takes too long (0.022s)
GlobalTracer.printPidInfo_Info: encoderXPidCtrl: Target= -19.7, Input= -19.8, Error=   0.0, PIDTerms= 0.012/ 0.000/ 0.008/-0.000, Output= 0.020(-0.700/0.700), Volt=12.4(10.1)
GlobalTracer.printPidInfo_Info: encoderYPidCtrl: Target= 298.5, Input= 303.9, Error=  -5.4, PIDTerms=-0.109/ 0.000/ 0.011/ 0.000, Output=-0.097(-0.600/0.600), Volt=12.4(10.1)
GlobalTracer.printPidInfo_Info: gyroTurnPidCtrl: Target=   0.0, Input=  -0.3, Error=   0.3, PIDTerms= 0.006/ 0.000/ 0.007/ 0.000, Output= 0.013(-0.700/0.700), Volt=12.4(10.1)
GlobalTracer.startCompetition_Warn: AUTO_MODE.updates takes too long (0.051s)
GlobalTracer.startCompetition_Warn: AUTO_MODE takes too long (0.106s)
GlobalTracer.printPidInfo_Info: [6.456] elevatorPidController: Target=  35.0, Input=  34.6, Error=   0.4, PIDTerms= 0.077/ 0.015/ 0.000/ 0.000, Output= 0.092(-1.000/1.000), Volt=12.4(10.1)
GlobalTracer.startCompetition_Warn: AUTO_MODE.runPeriodic takes too long (0.021s)
GlobalTracer.printPidInfo_Info: encoderXPidCtrl: Target= -19.7, Input= -19.8, Error=   0.0, PIDTerms= 0.011/ 0.000/-0.000/-0.000, Output= 0.011(-0.700/0.700), Volt=12.4(10.1)
GlobalTracer.printPidInfo_Info: encoderYPidCtrl: Target= 298.5, Input= 303.6, Error=  -5.1, PIDTerms=-0.103/ 0.000/ 0.004/ 0.000, Output=-0.098(-0.600/0.600), Volt=12.4(10.1)
GlobalTracer.printPidInfo_Info: gyroTurnPidCtrl: Target=   0.0, Input=  -0.2, Error=   0.2, PIDTerms= 0.004/ 0.000/-0.001/ 0.000, Output= 0.002(-0.700/0.700), Volt=12.4(10.1)
GlobalTracer.startCompetition_Warn: AUTO_MODE.postContinuousTasks takes too long (0.030s)
GlobalTracer.startCompetition_Warn: AUTO_MODE.updates takes too long (0.036s)
GlobalTracer.startCompetition_Warn: AUTO_MODE takes too long (0.110s)
GlobalTracer.printPidInfo_Info: [6.570] elevatorPidController: Target=  35.0, Input=  34.6, Error=   0.4, PIDTerms= 0.077/ 0.015/ 0.000/ 0.000, Output= 0.092(-1.000/1.000), Volt=12.5(10.1)
GlobalTracer.startCompetition_Warn: AUTO_MODE.runPeriodic takes too long (0.024s)
GlobalTracer.printPidInfo_Info: encoderXPidCtrl: Target= -19.7, Input= -19.8, Error=   0.0, PIDTerms= 0.011/ 0.000/-0.000/-0.000, Output= 0.011(-0.700/0.700), Volt=12.5(10.1)
GlobalTracer.printPidInfo_Info: encoderYPidCtrl: Target= 298.5, Input= 303.7, Error=  -5.2, PIDTerms=-0.104/ 0.000/-0.001/ 0.000, Output=-0.106(-0.600/0.600), Volt=12.4(10.1)
GlobalTracer.printPidInfo_Info: gyroTurnPidCtrl: Target=   0.0, Input=  -0.2, Error=   0.2, PIDTerms= 0.004/ 0.000/ 0.000/ 0.000, Output= 0.004(-0.700/0.700), Volt=12.4(10.1)
GlobalTracer.startCompetition_Warn: AUTO_MODE.postContinuousTasks takes too long (0.032s)
GlobalTracer.startCompetition_Warn: AUTO_MODE.updates takes too long (0.021s)
GlobalTracer.printPidInfo_Info: [6.667] elevatorPidController: Target=  35.0, Input=  34.6, Error=   0.4, PIDTerms= 0.077/ 0.015/ 0.000/ 0.000, Output= 0.092(-1.000/1.000), Volt=12.4(10.1)
GlobalTracer.startCompetition_Warn: AUTO_MODE.runPeriodic takes too long (0.030s)
GlobalTracer.printPidInfo_Info: encoderXPidCtrl: Target= -19.7, Input= -19.8, Error=   0.0, PIDTerms= 0.010/ 0.000/-0.000/-0.000, Output= 0.010(-0.700/0.700), Volt=12.4(10.1)
GlobalTracer.printPidInfo_Info: encoderYPidCtrl: Target= 298.5, Input= 303.7, Error=  -5.2, PIDTerms=-0.104/ 0.000/-0.000/ 0.000, Output=-0.105(-0.600/0.600), Volt=12.4(10.1)
GlobalTracer.printPidInfo_Info: gyroTurnPidCtrl: Target=   0.0, Input=  -0.2, Error=   0.2, PIDTerms= 0.004/ 0.000/ 0.000/ 0.000, Output= 0.005(-0.700/0.700), Volt=12.4(10.1)
GlobalTracer.startCompetition_Warn: AUTO_MODE.postContinuousTasks takes too long (0.029s)
GlobalTracer.startCompetition_Warn: AUTO_MODE.updates takes too long (0.065s)
GlobalTracer.startCompetition_Warn: AUTO_MODE takes too long (0.158s)
GlobalTracer.startCompetition_Warn: AUTO_MODE.preContinuousTasks takes too long (0.022s)
GlobalTracer.printPidInfo_Info: [6.827] elevatorPidController: Target=  35.0, Input=  34.6, Error=   0.4, PIDTerms= 0.077/ 0.015/ 0.000/ 0.000, Output= 0.092(-1.000/1.000), Volt=12.5(10.1)
GlobalTracer.printPidInfo_Info: encoderXPidCtrl: Target= -19.7, Input= -19.8, Error=   0.0, PIDTerms= 0.011/ 0.000/ 0.000/-0.000, Output= 0.011(-0.700/0.700), Volt=12.5(10.1)
GlobalTracer.printPidInfo_Info: encoderYPidCtrl: Target= 298.5, Input= 303.8, Error=  -5.3, PIDTerms=-0.105/ 0.000/-0.000/ 0.000, Output=-0.106(-0.600/0.600), Volt=12.5(10.1)
GlobalTracer.printPidInfo_Info: gyroTurnPidCtrl: Target=   0.0, Input=  -0.3, Error=   0.3, PIDTerms= 0.005/ 0.000/ 0.000/ 0.000, Output= 0.005(-0.700/0.700), Volt=12.5(10.1)
GlobalTracer.startCompetition_Warn: AUTO_MODE.updates takes too long (0.055s)
GlobalTracer.startCompetition_Warn: AUTO_MODE takes too long (0.119s)
GlobalTracer.printPidInfo_Info: [6.949] elevatorPidController: Target=  35.0, Input=  34.6, Error=   0.4, PIDTerms= 0.077/ 0.015/ 0.000/ 0.000, Output= 0.092(-1.000/1.000), Volt=12.4(10.1)
GlobalTracer.startCompetition_Warn: AUTO_MODE.runPeriodic takes too long (0.034s)
GlobalTracer.printPidInfo_Info: encoderXPidCtrl: Target= -19.7, Input= -19.8, Error=   0.0, PIDTerms= 0.011/ 0.000/ 0.000/-0.000, Output= 0.011(-0.700/0.700), Volt=12.4(10.1)
GlobalTracer.printPidInfo_Info: encoderYPidCtrl: Target= 298.5, Input= 303.8, Error=  -5.3, PIDTerms=-0.105/ 0.000/ 0.000/ 0.000, Output=-0.105(-0.600/0.600), Volt=12.4(10.1)
GlobalTracer.printPidInfo_Info: gyroTurnPidCtrl: Target=   0.0, Input=  -0.3, Error=   0.3, PIDTerms= 0.005/ 0.000/ 0.000/ 0.000, Output= 0.005(-0.700/0.700), Volt=12.4(10.1)
GlobalTracer.startCompetition_Warn: AUTO_MODE.postContinuousTasks takes too long (0.024s)
GlobalTracer.startCompetition_Warn: AUTO_MODE.updates takes too long (0.051s)
GlobalTracer.startCompetition_Warn: AUTO_MODE takes too long (0.143s)
GlobalTracer.printPidInfo_Info: [7.094] elevatorPidController: Target=  35.0, Input=  34.6, Error=   0.4, PIDTerms= 0.077/ 0.015/ 0.000/ 0.000, Output= 0.092(-1.000/1.000), Volt=12.4(10.1)
GlobalTracer.startCompetition_Warn: AUTO_MODE.runPeriodic takes too long (0.030s)
GlobalTracer.postContinuousTask_Info: Stalled=false, Expired=true
GlobalTracer.printPidInfo_Info: encoderXPidCtrl: Target=   0.0, Input= -19.8, Error=   0.0, PIDTerms= 0.011/ 0.000/ 0.000/-0.000, Output= 0.000(-0.700/0.700), Volt=12.4(10.1)
GlobalTracer.printPidInfo_Info: encoderYPidCtrl: Target=   0.0, Input= 303.8, Error=   0.0, PIDTerms=-0.105/ 0.000/ 0.000/ 0.000, Output= 0.000(-0.600/0.600), Volt=12.4(10.1)
GlobalTracer.printPidInfo_Info: gyroTurnPidCtrl: Target=   0.0, Input=  -0.3, Error=   0.0, PIDTerms= 0.006/ 0.000/ 0.000/ 0.000, Output= 0.000(-0.700/0.700), Volt=12.4(10.1)
GlobalTracer.startCompetition_Warn: AUTO_MODE.postContinuousTasks takes too long (0.029s)
GlobalTracer.startCompetition_Warn: AUTO_MODE.updates takes too long (0.059s)
GlobalTracer.startCompetition_Warn: AUTO_MODE takes too long (0.149s)
GlobalTracer.startCompetition_Warn: AUTO_MODE.preContinuousTasks takes too long (0.027s)
GlobalTracer.Robot_Info: [7.244] TURN_TO_FACE_SCALE: xPos=-19.79,yPos=303.93,heading=  -0.3/  90.0,volts=12.5(10.1)
GlobalTracer.printPidInfo_Info: [7.244] elevatorPidController: Target=  35.0, Input=  34.6, Error=   0.4, PIDTerms= 0.077/ 0.015/ 0.000/ 0.000, Output= 0.092(-1.000/1.000), Volt=12.5(10.1)
GlobalTracer.startCompetition_Warn: AUTO_MODE.runPeriodic takes too long (0.042s)
GlobalTracer.printPidInfo_Info: encoderXPidCtrl: Target= -19.8, Input= -19.8, Error=   0.0, PIDTerms= 0.011/ 0.000/ 0.000/-0.000, Output= 0.000(-0.700/0.700), Volt=12.0(10.1)
GlobalTracer.printPidInfo_Info: encoderYPidCtrl: Target= 303.9, Input= 303.8, Error=   0.0, PIDTerms=-0.105/ 0.000/ 0.000/ 0.000, Output= 0.000(-0.600/0.600), Volt=12.0(10.1)
GlobalTracer.printPidInfo_Info: gyroTurnPidCtrl: Target=  90.0, Input=  -0.3, Error=  90.3, PIDTerms= 1.807/ 0.000/ 0.000/ 0.000, Output= 0.700(-0.700/0.700), Volt=12.0(10.1)
GlobalTracer.startCompetition_Warn: AUTO_MODE.postContinuousTasks takes too long (0.051s)
GlobalTracer.startCompetition_Warn: AUTO_MODE.updates takes too long (0.067s)
GlobalTracer.startCompetition_Warn: AUTO_MODE takes too long (0.200s)
GlobalTracer.printPidInfo_Info: [7.444] elevatorPidController: Target=  35.0, Input=  34.6, Error=   0.4, PIDTerms= 0.077/ 0.015/ 0.000/ 0.000, Output= 0.092(-1.000/1.000), Volt=10.4(10.1)
GlobalTracer.startCompetition_Warn: AUTO_MODE.runPeriodic takes too long (0.030s)
GlobalTracer.printPidInfo_Info: encoderXPidCtrl: Target= -19.8, Input= -19.8, Error=   0.0, PIDTerms= 0.011/ 0.000/ 0.000/-0.000, Output= 0.000(-0.700/0.700), Volt=10.5(10.1)
GlobalTracer.printPidInfo_Info: encoderYPidCtrl: Target= 303.9, Input= 303.8, Error=   0.0, PIDTerms=-0.105/ 0.000/ 0.000/ 0.000, Output= 0.000(-0.600/0.600), Volt=10.4(10.1)
GlobalTracer.printPidInfo_Info: gyroTurnPidCtrl: Target=  90.0, Input=   2.0, Error=  88.0, PIDTerms= 1.759/ 0.000/-0.025/ 0.000, Output= 0.700(-0.700/0.700), Volt=10.4(10.1)
GlobalTracer.startCompetition_Warn: AUTO_MODE.postContinuousTasks takes too long (0.024s)
GlobalTracer.startCompetition_Warn: AUTO_MODE.updates takes too long (0.054s)
GlobalTracer.startCompetition_Warn: AUTO_MODE takes too long (0.131s)
GlobalTracer.printPidInfo_Info: [7.575] elevatorPidController: Target=  35.0, Input=  34.6, Error=   0.4, PIDTerms= 0.078/ 0.015/ 0.000/ 0.000, Output= 0.093(-1.000/1.000), Volt=10.9(10.1)
GlobalTracer.printPidInfo_Info: encoderXPidCtrl: Target= -19.8, Input= -19.8, Error=   0.0, PIDTerms= 0.011/ 0.000/ 0.000/-0.000, Output= 0.000(-0.700/0.700), Volt=11.0(10.1)
GlobalTracer.printPidInfo_Info: encoderYPidCtrl: Target= 303.9, Input= 303.8, Error=   0.0, PIDTerms=-0.105/ 0.000/ 0.000/ 0.000, Output= 0.000(-0.600/0.600), Volt=11.0(10.1)
GlobalTracer.printPidInfo_Info: gyroTurnPidCtrl: Target=  90.0, Input=  14.4, Error=  75.6, PIDTerms= 1.512/ 0.000/-0.198/ 0.000, Output= 0.700(-0.700/0.700), Volt=11.0(10.1)
GlobalTracer.startCompetition_Warn: AUTO_MODE.updates takes too long (0.043s)
GlobalTracer.printPidInfo_Info: [7.666] elevatorPidController: Target=  35.0, Input=  34.6, Error=   0.4, PIDTerms= 0.078/ 0.015/ 0.000/ 0.000, Output= 0.094(-1.000/1.000), Volt=10.9(10.1)
GlobalTracer.startCompetition_Warn: AUTO_MODE.runPeriodic takes too long (0.021s)
GlobalTracer.printPidInfo_Info: encoderXPidCtrl: Target= -19.8, Input= -19.8, Error=   0.0, PIDTerms= 0.011/ 0.000/ 0.000/-0.000, Output= 0.000(-0.700/0.700), Volt=11.1(10.1)
GlobalTracer.printPidInfo_Info: encoderYPidCtrl: Target= 303.9, Input= 303.8, Error=   0.0, PIDTerms=-0.105/ 0.000/ 0.000/ 0.000, Output= 0.000(-0.600/0.600), Volt=11.1(10.1)
GlobalTracer.printPidInfo_Info: gyroTurnPidCtrl: Target=  90.0, Input=  25.9, Error=  64.1, PIDTerms= 1.281/ 0.000/-0.186/ 0.000, Output= 0.700(-0.700/0.700), Volt=11.1(10.1)
GlobalTracer.startCompetition_Warn: AUTO_MODE.updates takes too long (0.025s)
GlobalTracer.printPidInfo_Info: [7.757] elevatorPidController: Target=  35.0, Input=  34.6, Error=   0.4, PIDTerms= 0.080/ 0.015/ 0.000/ 0.000, Output= 0.095(-1.000/1.000), Volt=11.2(10.1)
GlobalTracer.startCompetition_Warn: AUTO_MODE.runPeriodic takes too long (0.021s)
GlobalTracer.printPidInfo_Info: encoderXPidCtrl: Target= -19.8, Input= -19.8, Error=   0.0, PIDTerms= 0.011/ 0.000/ 0.000/-0.000, Output= 0.000(-0.700/0.700), Volt=11.2(10.1)
GlobalTracer.printPidInfo_Info: encoderYPidCtrl: Target= 303.9, Input= 303.8, Error=   0.0, PIDTerms=-0.105/ 0.000/ 0.000/ 0.000, Output= 0.000(-0.600/0.600), Volt=11.2(10.1)
GlobalTracer.printPidInfo_Info: gyroTurnPidCtrl: Target=  90.0, Input=  40.0, Error=  50.0, PIDTerms= 0.999/ 0.000/-0.298/ 0.000, Output= 0.700(-0.700/0.700), Volt=11.2(10.1)
GlobalTracer.startCompetition_Warn: AUTO_MODE.postContinuousTasks takes too long (0.025s)
GlobalTracer.startCompetition_Warn: AUTO_MODE.updates takes too long (0.048s)
GlobalTracer.startCompetition_Warn: AUTO_MODE takes too long (0.112s)
GlobalTracer.startCompetition_Warn: AUTO_MODE.preContinuousTasks takes too long (0.023s)
GlobalTracer.printPidInfo_Info: [7.870] elevatorPidController: Target=  35.0, Input=  34.6, Error=   0.4, PIDTerms= 0.080/ 0.015/ 0.000/ 0.000, Output= 0.095(-1.000/1.000), Volt=11.3(10.1)
GlobalTracer.startCompetition_Warn: AUTO_MODE.runPeriodic takes too long (0.030s)
GlobalTracer.printPidInfo_Info: encoderXPidCtrl: Target= -19.8, Input= -19.8, Error=   0.0, PIDTerms= 0.011/ 0.000/ 0.000/-0.000, Output= 0.000(-0.700/0.700), Volt=11.2(10.1)
GlobalTracer.printPidInfo_Info: encoderYPidCtrl: Target= 303.9, Input= 303.8, Error=   0.0, PIDTerms=-0.105/ 0.000/ 0.000/ 0.000, Output= 0.000(-0.600/0.600), Volt=11.2(10.1)
GlobalTracer.printPidInfo_Info: gyroTurnPidCtrl: Target=  90.0, Input=  62.2, Error=  27.8, PIDTerms= 0.556/ 0.000/-0.289/ 0.000, Output= 0.267(-0.700/0.700), Volt=11.2(10.1)
GlobalTracer.startCompetition_Warn: AUTO_MODE.postContinuousTasks takes too long (0.028s)
GlobalTracer.startCompetition_Warn: AUTO_MODE.updates takes too long (0.073s)
GlobalTracer.startCompetition_Warn: AUTO_MODE takes too long (0.165s)
GlobalTracer.printPidInfo_Info: [8.034] elevatorPidController: Target=  35.0, Input=  34.6, Error=   0.4, PIDTerms= 0.080/ 0.015/ 0.000/ 0.000, Output= 0.095(-1.000/1.000), Volt=12.4(10.1)
GlobalTracer.startCompetition_Warn: AUTO_MODE.runPeriodic takes too long (0.034s)
GlobalTracer.printPidInfo_Info: encoderXPidCtrl: Target= -19.8, Input= -19.8, Error=   0.0, PIDTerms= 0.011/ 0.000/ 0.000/-0.000, Output= 0.000(-0.700/0.700), Volt=12.4(10.1)
GlobalTracer.printPidInfo_Info: encoderYPidCtrl: Target= 303.9, Input= 303.8, Error=   0.0, PIDTerms=-0.105/ 0.000/ 0.000/ 0.000, Output= 0.000(-0.600/0.600), Volt=12.4(10.1)
GlobalTracer.printPidInfo_Info: gyroTurnPidCtrl: Target=  90.0, Input=  90.6, Error=  -0.6, PIDTerms=-0.012/ 0.000/-0.329/ 0.000, Output=-0.341(-0.700/0.700), Volt=12.4(10.1)
GlobalTracer.startCompetition_Warn: AUTO_MODE.postContinuousTasks takes too long (0.021s)
GlobalTracer.startCompetition_Warn: AUTO_MODE.updates takes too long (0.051s)
GlobalTracer.startCompetition_Warn: AUTO_MODE takes too long (0.118s)
GlobalTracer.startCompetition_Warn: AUTO_MODE.preContinuousTasks takes too long (0.022s)
GlobalTracer.printPidInfo_Info: [8.153] elevatorPidController: Target=  35.0, Input=  34.7, Error=   0.3, PIDTerms= 0.070/ 0.015/-0.000/ 0.000, Output= 0.085(-1.000/1.000), Volt=11.5(10.1)
GlobalTracer.printPidInfo_Info: encoderXPidCtrl: Target= -19.8, Input= -19.8, Error=   0.0, PIDTerms= 0.011/ 0.000/ 0.000/-0.000, Output= 0.000(-0.700/0.700), Volt=11.7(10.1)
GlobalTracer.printPidInfo_Info: encoderYPidCtrl: Target= 303.9, Input= 303.8, Error=   0.0, PIDTerms=-0.105/ 0.000/ 0.000/ 0.000, Output= 0.000(-0.600/0.600), Volt=11.6(10.1)
GlobalTracer.printPidInfo_Info: gyroTurnPidCtrl: Target=  90.0, Input= 106.8, Error= -16.8, PIDTerms=-0.337/ 0.000/-0.247/ 0.000, Output=-0.583(-0.700/0.700), Volt=11.6(10.1)
GlobalTracer.startCompetition_Warn: AUTO_MODE.postContinuousTasks takes too long (0.034s)
GlobalTracer.startCompetition_Warn: AUTO_MODE.updates takes too long (0.063s)
GlobalTracer.startCompetition_Warn: AUTO_MODE takes too long (0.141s)
GlobalTracer.startCompetition_Warn: AUTO_MODE.preContinuousTasks takes too long (0.025s)
GlobalTracer.printPidInfo_Info: [8.295] elevatorPidController: Target=  35.0, Input=  34.6, Error=   0.4, PIDTerms= 0.071/ 0.016/ 0.000/ 0.000, Output= 0.087(-1.000/1.000), Volt=10.9(10.1)
GlobalTracer.startCompetition_Warn: AUTO_MODE.runPeriodic takes too long (0.031s)
GlobalTracer.printPidInfo_Info: encoderXPidCtrl: Target= -19.8, Input= -19.8, Error=   0.0, PIDTerms= 0.011/ 0.000/ 0.000/-0.000, Output= 0.000(-0.700/0.700), Volt=11.1(10.1)
GlobalTracer.printPidInfo_Info: encoderYPidCtrl: Target= 303.9, Input= 303.8, Error=   0.0, PIDTerms=-0.105/ 0.000/ 0.000/ 0.000, Output= 0.000(-0.600/0.600), Volt=11.1(10.1)
GlobalTracer.printPidInfo_Info: gyroTurnPidCtrl: Target=  90.0, Input= 106.6, Error= -16.6, PIDTerms=-0.331/ 0.000/ 0.003/ 0.000, Output=-0.329(-0.700/0.700), Volt=11.9(10.1)
GlobalTracer.startCompetition_Warn: AUTO_MODE.postContinuousTasks takes too long (0.036s)
GlobalTracer.startCompetition_Warn: AUTO_MODE.updates takes too long (0.070s)
GlobalTracer.startCompetition_Warn: AUTO_MODE takes too long (0.172s)
GlobalTracer.startCompetition_Warn: AUTO_MODE.preContinuousTasks takes too long (0.031s)
GlobalTracer.printPidInfo_Info: [8.467] elevatorPidController: Target=  35.0, Input=  34.6, Error=   0.4, PIDTerms= 0.071/ 0.016/ 0.000/ 0.000, Output= 0.087(-1.000/1.000), Volt=11.9(10.1)
GlobalTracer.startCompetition_Warn: AUTO_MODE.runPeriodic takes too long (0.036s)
GlobalTracer.printPidInfo_Info: encoderXPidCtrl: Target= -19.8, Input= -19.8, Error=   0.0, PIDTerms= 0.011/ 0.000/ 0.000/-0.000, Output= 0.000(-0.700/0.700), Volt=11.9(10.1)
GlobalTracer.printPidInfo_Info: encoderYPidCtrl: Target= 303.9, Input= 303.8, Error=   0.0, PIDTerms=-0.105/ 0.000/ 0.000/ 0.000, Output= 0.000(-0.600/0.600), Volt=11.9(10.1)
GlobalTracer.printPidInfo_Info: gyroTurnPidCtrl: Target=  90.0, Input=  95.6, Error=  -5.6, PIDTerms=-0.112/ 0.000/ 0.104/ 0.000, Output=-0.007(-0.700/0.700), Volt=12.0(10.1)
GlobalTracer.startCompetition_Warn: AUTO_MODE.updates takes too long (0.061s)
GlobalTracer.startCompetition_Warn: AUTO_MODE takes too long (0.152s)
GlobalTracer.printPidInfo_Info: [8.619] elevatorPidController: Target=  35.0, Input=  34.6, Error=   0.4, PIDTerms= 0.071/ 0.016/ 0.000/ 0.000, Output= 0.087(-1.000/1.000), Volt=12.5(10.1)
GlobalTracer.startCompetition_Warn: AUTO_MODE.runPeriodic takes too long (0.021s)
GlobalTracer.printPidInfo_Info: encoderXPidCtrl: Target= -19.8, Input= -19.8, Error=   0.0, PIDTerms= 0.011/ 0.000/ 0.000/-0.000, Output= 0.000(-0.700/0.700), Volt=12.5(10.1)
GlobalTracer.printPidInfo_Info: encoderYPidCtrl: Target= 303.9, Input= 303.8, Error=   0.0, PIDTerms=-0.105/ 0.000/ 0.000/ 0.000, Output= 0.000(-0.600/0.600), Volt=12.5(10.1)
GlobalTracer.printPidInfo_Info: gyroTurnPidCtrl: Target=  90.0, Input=  89.3, Error=   0.8, PIDTerms= 0.015/ 0.000/ 0.092/ 0.000, Output= 0.107(-0.700/0.700), Volt=12.5(10.1)
GlobalTracer.startCompetition_Warn: AUTO_MODE.updates takes too long (0.043s)
GlobalTracer.startCompetition_Warn: AUTO_MODE takes too long (0.105s)
GlobalTracer.printPidInfo_Info: [8.725] elevatorPidController: Target=  35.0, Input=  34.6, Error=   0.4, PIDTerms= 0.071/ 0.016/ 0.000/ 0.000, Output= 0.087(-1.000/1.000), Volt=12.4(10.1)
GlobalTracer.startCompetition_Warn: AUTO_MODE.runPeriodic takes too long (0.023s)
GlobalTracer.printPidInfo_Info: encoderXPidCtrl: Target=   0.0, Input= -19.8, Error=   0.0, PIDTerms= 0.011/ 0.000/ 0.000/-0.000, Output= 0.000(-0.700/0.700), Volt=12.4(10.1)
GlobalTracer.printPidInfo_Info: encoderYPidCtrl: Target=   0.0, Input= 303.8, Error=   0.0, PIDTerms=-0.105/ 0.000/ 0.000/ 0.000, Output= 0.000(-0.600/0.600), Volt=12.4(10.1)
GlobalTracer.printPidInfo_Info: gyroTurnPidCtrl: Target=   0.0, Input=  87.5, Error=   0.0, PIDTerms= 0.050/ 0.000/ 0.031/ 0.000, Output= 0.000(-0.700/0.700), Volt=12.4(10.1)
GlobalTracer.startCompetition_Warn: AUTO_MODE.postContinuousTasks takes too long (0.021s)
GlobalTracer.startCompetition_Warn: AUTO_MODE.updates takes too long (0.046s)
GlobalTracer.startCompetition_Warn: AUTO_MODE takes too long (0.105s)
GlobalTracer.Robot_Info: [8.830] RAISE_ELEVATOR: xPos=-19.83,yPos=306.10,heading=  88.6/  90.0,volts=12.5(10.1)
GlobalTracer.printPidInfo_Info: [8.830] elevatorPidController: Target=  78.0, Input=  34.6, Error=  43.4, PIDTerms= 0.071/ 0.016/ 0.000/ 0.000, Output= 0.000(-1.000/1.000), Volt=12.5(10.1)
GlobalTracer.startCompetition_Warn: AUTO_MODE.updates takes too long (0.051s)
GlobalTracer.printPidInfo_Info: [8.927] elevatorPidController: Target=  78.0, Input=  34.6, Error=  43.4, PIDTerms= 8.671/ 0.001/ 0.000/ 0.000, Output= 1.000(-1.000/1.000), Volt=11.0(10.1)
GlobalTracer.startCompetition_Warn: AUTO_MODE.runPeriodic takes too long (0.033s)
GlobalTracer.startCompetition_Warn: AUTO_MODE.updates takes too long (0.091s)
GlobalTracer.startCompetition_Warn: AUTO_MODE takes too long (0.156s)
GlobalTracer.startCompetition_Warn: AUTO_MODE.preContinuousTasks takes too long (0.027s)
GlobalTracer.printPidInfo_Info: [9.083] elevatorPidController: Target=  78.0, Input=  36.3, Error=  41.7, PIDTerms= 8.331/ 0.006/-0.000/ 0.000, Output= 1.000(-1.000/1.000), Volt=11.6(10.1)
GlobalTracer.startCompetition_Warn: AUTO_MODE.updates takes too long (0.077s)
GlobalTracer.startCompetition_Warn: AUTO_MODE takes too long (0.130s)
GlobalTracer.startCompetition_Warn: AUTO_MODE.preContinuousTasks takes too long (0.023s)
GlobalTracer.printPidInfo_Info: [9.213] elevatorPidController: Target=  78.0, Input=  42.3, Error=  35.7, PIDTerms= 7.136/ 0.011/-0.000/ 0.000, Output= 1.000(-1.000/1.000), Volt=11.6(10.1)
GlobalTracer.startCompetition_Warn: AUTO_MODE.updates takes too long (0.078s)
GlobalTracer.startCompetition_Warn: AUTO_MODE takes too long (0.126s)
GlobalTracer.printPidInfo_Info: [9.340] elevatorPidController: Target=  78.0, Input=  47.2, Error=  30.8, PIDTerms= 6.158/ 0.015/-0.000/ 0.000, Output= 1.000(-1.000/1.000), Volt=11.5(10.1)
GlobalTracer.startCompetition_Warn: AUTO_MODE.runPeriodic takes too long (0.024s)
GlobalTracer.startCompetition_Warn: AUTO_MODE.updates takes too long (0.085s)
GlobalTracer.startCompetition_Warn: AUTO_MODE takes too long (0.129s)
GlobalTracer.startCompetition_Warn: AUTO_MODE.preContinuousTasks takes too long (0.029s)
GlobalTracer.printPidInfo_Info: [9.470] elevatorPidController: Target=  78.0, Input=  52.3, Error=  25.7, PIDTerms= 5.143/ 0.018/-0.000/ 0.000, Output= 1.000(-1.000/1.000), Volt=11.8(10.1)
GlobalTracer.startCompetition_Warn: AUTO_MODE.updates takes too long (0.073s)
GlobalTracer.startCompetition_Warn: AUTO_MODE takes too long (0.126s)
GlobalTracer.printPidInfo_Info: [9.596] elevatorPidController: Target=  78.0, Input=  58.1, Error=  19.9, PIDTerms= 3.987/ 0.021/-0.000/ 0.000, Output= 1.000(-1.000/1.000), Volt=11.7(10.1)
GlobalTracer.printPidInfo_Info: [9.648] elevatorPidController: Target=  78.0, Input=  62.8, Error=  15.2, PIDTerms= 3.031/ 0.022/-0.000/ 0.000, Output= 1.000(-1.000/1.000), Volt=12.0(10.1)
GlobalTracer.startCompetition_Warn: AUTO_MODE.updates takes too long (0.024s)
GlobalTracer.printPidInfo_Info: [9.705] elevatorPidController: Target=  78.0, Input=  64.5, Error=  13.5, PIDTerms= 2.707/ 0.023/-0.000/ 0.000, Output= 1.000(-1.000/1.000), Volt=11.6(10.1)
GlobalTracer.startCompetition_Warn: AUTO_MODE.updates takes too long (0.025s)
GlobalTracer.printPidInfo_Info: [9.764] elevatorPidController: Target=  78.0, Input=  66.8, Error=  11.2, PIDTerms= 2.230/ 0.024/-0.000/ 0.000, Output= 1.000(-1.000/1.000), Volt=11.6(10.1)
GlobalTracer.startCompetition_Warn: AUTO_MODE.updates takes too long (0.032s)
GlobalTracer.printPidInfo_Info: [9.840] elevatorPidController: Target=  78.0, Input=  69.2, Error=   8.8, PIDTerms= 1.766/ 0.024/-0.000/ 0.000, Output= 1.000(-1.000/1.000), Volt=11.6(10.1)
GlobalTracer.startCompetition_Warn: AUTO_MODE.runPeriodic takes too long (0.021s)
GlobalTracer.startCompetition_Warn: AUTO_MODE.updates takes too long (0.021s)
GlobalTracer.printPidInfo_Info: [9.899] elevatorPidController: Target=  78.0, Input=  72.3, Error=   5.7, PIDTerms= 1.148/ 0.025/-0.000/ 0.000, Output= 1.000(-1.000/1.000), Volt=11.5(10.1)
GlobalTracer.startCompetition_Warn: AUTO_MODE.updates takes too long (0.033s)
GlobalTracer.printPidInfo_Info: [9.967] elevatorPidController: Target=  78.0, Input=  74.6, Error=   3.4, PIDTerms= 0.686/ 0.025/-0.000/ 0.000, Output= 0.710(-1.000/1.000), Volt=12.1(10.1)
GlobalTracer.startCompetition_Warn: AUTO_MODE.updates takes too long (0.034s)
GlobalTracer.printPidInfo_Info: [10.038] elevatorPidController: Target=  78.0, Input=  76.6, Error=   1.4, PIDTerms= 0.279/ 0.025/-0.000/ 0.000, Output= 0.304(-1.000/1.000), Volt=12.4(10.1)
GlobalTracer.startCompetition_Warn: AUTO_MODE.updates takes too long (0.033s)
GlobalTracer.printPidInfo_Info: [10.106] elevatorPidController: Target=  78.0, Input=  78.1, Error=  -0.1, PIDTerms=-0.012/ 0.025/-0.000/ 0.000, Output= 0.013(-1.000/1.000), Volt=12.5(10.1)
GlobalTracer.startCompetition_Warn: AUTO_MODE.runPeriodic takes too long (0.022s)
GlobalTracer.startCompetition_Warn: AUTO_MODE.updates takes too long (0.038s)
GlobalTracer.printPidInfo_Info: [10.197] elevatorPidController: Target=  78.0, Input=  78.5, Error=  -0.5, PIDTerms=-0.094/ 0.025/-0.000/ 0.000, Output=-0.069(-1.000/1.000), Volt=12.5(10.1)
GlobalTracer.startCompetition_Warn: AUTO_MODE.runPeriodic takes too long (0.022s)
GlobalTracer.startCompetition_Warn: AUTO_MODE.updates takes too long (0.033s)
GlobalTracer.printPidInfo_Info: [10.274] elevatorPidController: Target=  78.0, Input=  78.1, Error=  -0.1, PIDTerms=-0.015/ 0.025/ 0.000/ 0.000, Output= 0.010(-1.000/1.000), Volt=12.5(10.1)
GlobalTracer.startCompetition_Warn: AUTO_MODE.runPeriodic takes too long (0.023s)
GlobalTracer.startCompetition_Warn: AUTO_MODE.updates takes too long (0.031s)
GlobalTracer.Robot_Info: [10.352] THROW_CUBE: xPos=-19.81,yPos=305.87,heading=  88.4/  90.0,volts=12.5(10.1)
GlobalTracer.printPidInfo_Info: [10.352] elevatorPidController: Target=  78.0, Input=  78.1, Error=   0.1, PIDTerms=-0.015/ 0.025/ 0.000/ 0.000, Output= 0.000(-1.000/1.000), Volt=12.5(10.1)
GlobalTracer.startCompetition_Warn: AUTO_MODE.updates takes too long (0.027s)
GlobalTracer.printPidInfo_Info: [10.428] elevatorPidController: Target=  78.0, Input=  77.8, Error=   0.2, PIDTerms= 0.031/ 0.000/ 0.000/ 0.000, Output= 0.031(-1.000/1.000), Volt=9.9(9.9)
GlobalTracer.startCompetition_Warn: AUTO_MODE.updates takes too long (0.026s)
GlobalTracer.printPidInfo_Info: [10.486] elevatorPidController: Target=  78.0, Input=  77.8, Error=   0.2, PIDTerms= 0.034/ 0.000/ 0.000/ 0.000, Output= 0.034(-1.000/1.000), Volt=9.9(9.9)
GlobalTracer.startCompetition_Warn: AUTO_MODE.updates takes too long (0.029s)
GlobalTracer.printPidInfo_Info: [10.548] elevatorPidController: Target=  78.0, Input=  77.8, Error=   0.2, PIDTerms= 0.035/ 0.000/ 0.000/ 0.000, Output= 0.035(-1.000/1.000), Volt=10.2(9.9)
GlobalTracer.startCompetition_Warn: AUTO_MODE.updates takes too long (0.023s)
GlobalTracer.startCompetition_Warn: AUTO_MODE.preContinuousTasks takes too long (0.023s)
GlobalTracer.printPidInfo_Info: [10.607] elevatorPidController: Target=  78.0, Input=  77.8, Error=   0.2, PIDTerms= 0.035/ 0.000/ 0.000/ 0.000, Output= 0.035(-1.000/1.000), Volt=10.6(9.9)
GlobalTracer.startCompetition_Warn: AUTO_MODE.updates takes too long (0.027s)
GlobalTracer.printPidInfo_Info: [10.695] elevatorPidController: Target=  78.0, Input=  77.7, Error=   0.3, PIDTerms= 0.052/ 0.000/ 0.000/ 0.000, Output= 0.052(-1.000/1.000), Volt=10.8(9.9)
GlobalTracer.startCompetition_Warn: AUTO_MODE.updates takes too long (0.026s)
GlobalTracer.printPidInfo_Info: [10.755] elevatorPidController: Target=  78.0, Input=  77.3, Error=   0.7, PIDTerms= 0.145/ 0.000/ 0.000/ 0.000, Output= 0.145(-1.000/1.000), Volt=11.0(9.9)
GlobalTracer.startCompetition_Warn: AUTO_MODE.updates takes too long (0.034s)
GlobalTracer.printPidInfo_Info: [10.820] elevatorPidController: Target=  78.0, Input=  77.3, Error=   0.7, PIDTerms= 0.135/ 0.000/-0.000/ 0.000, Output= 0.135(-1.000/1.000), Volt=11.3(9.9)
GlobalTracer.startCompetition_Warn: AUTO_MODE.runPeriodic takes too long (0.021s)
GlobalTracer.startCompetition_Warn: AUTO_MODE.updates takes too long (0.038s)
GlobalTracer.CmdAutoScale_Info: setSonarTriggerEnabled(false)
GlobalTracer.CmdAutoScale_Info: setRangingEnabled(false)
GlobalTracer.Robot_Info: [10.901]       DONE: xPos=-19.81,yPos=305.79,heading=  88.4/  90.0,volts=11.4(9.9)
GlobalTracer.printPidInfo_Info: [10.901] elevatorPidController: Target=   8.0, Input=  77.4, Error= -69.4, PIDTerms= 0.130/ 0.000/-0.000/ 0.000, Output= 0.000(-1.000/1.000), Volt=11.4(9.9)
GlobalTracer.startCompetition_Warn: AUTO_MODE.updates takes too long (0.027s)
GlobalTracer.printPidInfo_Info: [10.982] elevatorPidController: Target=   8.0, Input=  77.4, Error= -69.4, PIDTerms=-13.870/-0.002/ 0.000/ 0.000, Output=-1.000(-1.000/1.000), Volt=11.4(9.9)
GlobalTracer.startCompetition_Warn: AUTO_MODE.updates takes too long (0.026s)
GlobalTracer.printPidInfo_Info: [11.047] elevatorPidController: Target=   8.0, Input=  75.9, Error= -67.9, PIDTerms=-13.571/-0.007/ 0.000/ 0.000, Output=-1.000(-1.000/1.000), Volt=11.7(9.9)
GlobalTracer.startCompetition_Warn: AUTO_MODE.runPeriodic takes too long (0.021s)
GlobalTracer.startCompetition_Warn: AUTO_MODE.updates takes too long (0.038s)
GlobalTracer.printPidInfo_Info: [11.130] elevatorPidController: Target=   8.0, Input=  73.0, Error= -65.0, PIDTerms=-12.994/-0.011/ 0.000/ 0.000, Output=-1.000(-1.000/1.000), Volt=12.0(9.9)
GlobalTracer.startCompetition_Warn: AUTO_MODE.updates takes too long (0.021s)
GlobalTracer.printPidInfo_Info: [11.181] elevatorPidController: Target=   8.0, Input=  68.4, Error= -60.4, PIDTerms=-12.075/-0.016/ 0.000/ 0.000, Output=-1.000(-1.000/1.000), Volt=12.0(9.9)
GlobalTracer.startCompetition_Warn: AUTO_MODE.updates takes too long (0.038s)
GlobalTracer.printPidInfo_Info: [11.260] elevatorPidController: Target=   8.0, Input=  64.8, Error= -56.8, PIDTerms=-11.353/-0.019/ 0.000/ 0.000, Output=-1.000(-1.000/1.000), Volt=12.2(9.9)
GlobalTracer.startCompetition_Warn: AUTO_MODE.updates takes too long (0.026s)
GlobalTracer.printPidInfo_Info: [11.314] elevatorPidController: Target=   8.0, Input=  61.0, Error= -53.0, PIDTerms=-10.592/-0.023/ 0.000/ 0.000, Output=-1.000(-1.000/1.000), Volt=12.2(9.9)
GlobalTracer.startCompetition_Warn: AUTO_MODE.updates takes too long (0.034s)
GlobalTracer.printPidInfo_Info: [11.388] elevatorPidController: Target=   8.0, Input=  55.7, Error= -47.7, PIDTerms=-9.532/-0.026/ 0.000/ 0.000, Output=-1.000(-1.000/1.000), Volt=12.1(9.9)
GlobalTracer.startCompetition_Warn: AUTO_MODE.updates takes too long (0.026s)
GlobalTracer.printPidInfo_Info: [11.438] elevatorPidController: Target=   8.0, Input=  51.4, Error= -43.4, PIDTerms=-8.689/-0.028/ 0.000/ 0.000, Output=-1.000(-1.000/1.000), Volt=12.5(9.9)
GlobalTracer.startCompetition_Warn: AUTO_MODE.updates takes too long (0.039s)
GlobalTracer.printPidInfo_Info: [11.492] elevatorPidController: Target=   8.0, Input=  50.0, Error= -42.0, PIDTerms=-8.397/-0.030/ 0.000/ 0.000, Output=-1.000(-1.000/1.000), Volt=12.4(9.9)
GlobalTracer.startCompetition_Warn: AUTO_MODE.updates takes too long (0.038s)
GlobalTracer.printPidInfo_Info: [11.571] elevatorPidController: Target=   8.0, Input=  42.7, Error= -34.7, PIDTerms=-6.950/-0.033/ 0.000/ 0.000, Output=-1.000(-1.000/1.000), Volt=12.4(9.9)
GlobalTracer.startCompetition_Warn: AUTO_MODE.updates takes too long (0.030s)
GlobalTracer.printPidInfo_Info: [11.632] elevatorPidController: Target=   8.0, Input=  38.2, Error= -30.2, PIDTerms=-6.043/-0.035/ 0.000/ 0.000, Output=-1.000(-1.000/1.000), Volt=12.5(9.9)
GlobalTracer.startCompetition_Warn: AUTO_MODE.runPeriodic takes too long (0.020s)
GlobalTracer.startCompetition_Warn: AUTO_MODE.updates takes too long (0.039s)
GlobalTracer.printPidInfo_Info: [11.717] elevatorPidController: Target=   8.0, Input=  32.0, Error= -24.0, PIDTerms=-4.797/-0.036/ 0.000/ 0.000, Output=-1.000(-1.000/1.000), Volt=12.5(9.9)
GlobalTracer.startCompetition_Warn: AUTO_MODE.updates takes too long (0.037s)
GlobalTracer.printPidInfo_Info: [11.786] elevatorPidController: Target=   8.0, Input=  27.3, Error= -19.3, PIDTerms=-3.867/-0.038/ 0.000/ 0.000, Output=-1.000(-1.000/1.000), Volt=12.5(9.9)
GlobalTracer.startCompetition_Warn: AUTO_MODE.updates takes too long (0.026s)
GlobalTracer.printPidInfo_Info: [11.849] elevatorPidController: Target=   8.0, Input=  21.1, Error= -13.1, PIDTerms=-2.614/-0.039/ 0.000/ 0.000, Output=-1.000(-1.000/1.000), Volt=12.6(9.9)
GlobalTracer.startCompetition_Warn: AUTO_MODE.updates takes too long (0.031s)
GlobalTracer.printPidInfo_Info: [11.928] elevatorPidController: Target=   8.0, Input=  14.8, Error=  -6.8, PIDTerms=-1.368/-0.039/ 0.000/ 0.000, Output=-1.000(-1.000/1.000), Volt=12.6(9.9)
GlobalTracer.startCompetition_Warn: AUTO_MODE.updates takes too long (0.039s)
GlobalTracer.printPidInfo_Info: [12.008] elevatorPidController: Target=   8.0, Input=  10.1, Error=  -2.1, PIDTerms=-0.414/-0.040/ 0.000/ 0.000, Output=-0.454(-1.000/1.000), Volt=12.8(9.9)
GlobalTracer.startCompetition_Warn: AUTO_MODE.updates takes too long (0.033s)
GlobalTracer.printPidInfo_Info: [12.071] elevatorPidController: Target=   8.0, Input=   5.0, Error=   3.0, PIDTerms= 0.608/-0.039/ 0.000/ 0.000, Output= 0.568(-1.000/1.000), Volt=12.2(9.9)
GlobalTracer.startCompetition_Warn: AUTO_MODE.updates takes too long (0.027s)
GlobalTracer.printPidInfo_Info: [12.142] elevatorPidController: Target=   8.0, Input=   8.5, Error=  -0.5, PIDTerms=-0.093/-0.039/-0.000/ 0.000, Output=-0.133(-1.000/1.000), Volt=12.4(9.9)
GlobalTracer.startCompetition_Warn: AUTO_MODE.runPeriodic takes too long (0.021s)
GlobalTracer.startCompetition_Warn: AUTO_MODE.updates takes too long (0.031s)
GlobalTracer.printPidInfo_Info: [12.213] elevatorPidController: Target=   8.0, Input=   8.2, Error=  -0.2, PIDTerms=-0.032/-0.039/ 0.000/ 0.000, Output=-0.071(-1.000/1.000), Volt=12.5(9.9)
GlobalTracer.startCompetition_Warn: AUTO_MODE.updates takes too long (0.027s)
GlobalTracer.printPidInfo_Info: [12.281] elevatorPidController: Target=   8.0, Input=   7.8, Error=   0.2, PIDTerms= 0.044/-0.039/ 0.000/ 0.000, Output= 0.005(-1.000/1.000), Volt=12.6(9.9)
GlobalTracer.startCompetition_Warn: AUTO_MODE.updates takes too long (0.027s)
GlobalTracer.printPidInfo_Info: [12.350] elevatorPidController: Target=   8.0, Input=   7.5, Error=   0.5, PIDTerms= 0.095/-0.039/ 0.000/ 0.000, Output= 0.055(-1.000/1.000), Volt=12.6(9.9)
GlobalTracer.startCompetition_Warn: AUTO_MODE.updates takes too long (0.031s)
GlobalTracer.printPidInfo_Info: [12.408] elevatorPidController: Target=   8.0, Input=   7.5, Error=   0.5, PIDTerms= 0.100/-0.039/ 0.000/ 0.000, Output= 0.061(-1.000/1.000), Volt=12.5(9.9)
GlobalTracer.startCompetition_Warn: AUTO_MODE.updates takes too long (0.032s)
GlobalTracer.printPidInfo_Info: [12.479] elevatorPidController: Target=   8.0, Input=   7.5, Error=   0.5, PIDTerms= 0.100/-0.039/ 0.000/ 0.000, Output= 0.061(-1.000/1.000), Volt=12.6(9.9)
GlobalTracer.startCompetition_Warn: AUTO_MODE.updates takes too long (0.031s)
GlobalTracer.printPidInfo_Info: [12.539] elevatorPidController: Target=   8.0, Input=   7.5, Error=   0.5, PIDTerms= 0.099/-0.039/-0.000/ 0.000, Output= 0.060(-1.000/1.000), Volt=12.5(9.9)
GlobalTracer.startCompetition_Warn: AUTO_MODE.updates takes too long (0.034s)
GlobalTracer.printPidInfo_Info: [12.603] elevatorPidController: Target=   8.0, Input=   7.5, Error=   0.5, PIDTerms= 0.099/-0.039/ 0.000/ 0.000, Output= 0.060(-1.000/1.000), Volt=12.5(9.9)
GlobalTracer.startCompetition_Warn: AUTO_MODE.runPeriodic takes too long (0.023s)
GlobalTracer.startCompetition_Warn: AUTO_MODE.updates takes too long (0.033s)
GlobalTracer.printPidInfo_Info: [12.681] elevatorPidController: Target=   8.0, Input=   7.5, Error=   0.5, PIDTerms= 0.097/-0.039/-0.000/ 0.000, Output= 0.058(-1.000/1.000), Volt=12.6(9.9)
GlobalTracer.startCompetition_Warn: AUTO_MODE.updates takes too long (0.034s)
GlobalTracer.printPidInfo_Info: [12.751] elevatorPidController: Target=   8.0, Input=   7.5, Error=   0.5, PIDTerms= 0.097/-0.039/ 0.000/ 0.000, Output= 0.058(-1.000/1.000), Volt=12.6(9.9)
GlobalTracer.startCompetition_Warn: AUTO_MODE.updates takes too long (0.040s)
GlobalTracer.printPidInfo_Info: [12.830] elevatorPidController: Target=   8.0, Input=   7.5, Error=   0.5, PIDTerms= 0.097/-0.039/ 0.000/ 0.000, Output= 0.058(-1.000/1.000), Volt=12.6(9.9)
GlobalTracer.startCompetition_Warn: AUTO_MODE.updates takes too long (0.043s)
GlobalTracer.printPidInfo_Info: [12.904] elevatorPidController: Target=   8.0, Input=   7.5, Error=   0.5, PIDTerms= 0.097/-0.039/ 0.000/ 0.000, Output= 0.058(-1.000/1.000), Volt=12.5(9.9)
GlobalTracer.startCompetition_Warn: AUTO_MODE.updates takes too long (0.020s)
GlobalTracer.printPidInfo_Info: [12.962] elevatorPidController: Target=   8.0, Input=   7.5, Error=   0.5, PIDTerms= 0.097/-0.039/ 0.000/ 0.000, Output= 0.058(-1.000/1.000), Volt=12.6(9.9)
GlobalTracer.startCompetition_Warn: AUTO_MODE.runPeriodic takes too long (0.021s)
GlobalTracer.startCompetition_Warn: AUTO_MODE.updates takes too long (0.035s)
GlobalTracer.printPidInfo_Info: [13.034] elevatorPidController: Target=   8.0, Input=   7.5, Error=   0.5, PIDTerms= 0.097/-0.039/ 0.000/ 0.000, Output= 0.058(-1.000/1.000), Volt=12.6(9.9)
GlobalTracer.startCompetition_Warn: AUTO_MODE.updates takes too long (0.034s)
GlobalTracer.printPidInfo_Info: [13.102] elevatorPidController: Target=   8.0, Input=   7.5, Error=   0.5, PIDTerms= 0.097/-0.039/ 0.000/ 0.000, Output= 0.058(-1.000/1.000), Volt=12.5(9.9)
GlobalTracer.startCompetition_Warn: AUTO_MODE.updates takes too long (0.030s)
GlobalTracer.printPidInfo_Info: [13.170] elevatorPidController: Target=   8.0, Input=   7.5, Error=   0.5, PIDTerms= 0.097/-0.039/ 0.000/ 0.000, Output= 0.059(-1.000/1.000), Volt=12.6(9.9)
GlobalTracer.startCompetition_Warn: AUTO_MODE.updates takes too long (0.025s)
GlobalTracer.printPidInfo_Info: [13.242] elevatorPidController: Target=   8.0, Input=   7.5, Error=   0.5, PIDTerms= 0.097/-0.039/ 0.000/ 0.000, Output= 0.059(-1.000/1.000), Volt=12.5(9.9)
GlobalTracer.startCompetition_Warn: AUTO_MODE.updates takes too long (0.032s)
GlobalTracer.printPidInfo_Info: [13.303] elevatorPidController: Target=   8.0, Input=   7.5, Error=   0.5, PIDTerms= 0.097/-0.039/ 0.000/ 0.000, Output= 0.059(-1.000/1.000), Volt=12.5(9.9)
GlobalTracer.startCompetition_Warn: AUTO_MODE.updates takes too long (0.029s)
GlobalTracer.printPidInfo_Info: [13.368] elevatorPidController: Target=   8.0, Input=   7.5, Error=   0.5, PIDTerms= 0.097/-0.039/ 0.000/ 0.000, Output= 0.059(-1.000/1.000), Volt=12.6(9.9)
GlobalTracer.startCompetition_Warn: AUTO_MODE.runPeriodic takes too long (0.024s)
GlobalTracer.startCompetition_Warn: AUTO_MODE.updates takes too long (0.028s)
GlobalTracer.printPidInfo_Info: [13.441] elevatorPidController: Target=   8.0, Input=   7.5, Error=   0.5, PIDTerms= 0.097/-0.039/ 0.000/ 0.000, Output= 0.059(-1.000/1.000), Volt=12.6(9.9)
GlobalTracer.startCompetition_Warn: AUTO_MODE.updates takes too long (0.026s)
GlobalTracer.printPidInfo_Info: [13.504] elevatorPidController: Target=   8.0, Input=   7.5, Error=   0.5, PIDTerms= 0.097/-0.039/ 0.000/ 0.000, Output= 0.059(-1.000/1.000), Volt=12.6(9.9)
GlobalTracer.startCompetition_Warn: AUTO_MODE.updates takes too long (0.031s)
GlobalTracer.printPidInfo_Info: [13.567] elevatorPidController: Target=   8.0, Input=   7.5, Error=   0.5, PIDTerms= 0.097/-0.039/ 0.000/ 0.000, Output= 0.059(-1.000/1.000), Volt=12.6(9.9)
GlobalTracer.startCompetition_Warn: AUTO_MODE.updates takes too long (0.032s)
GlobalTracer.printPidInfo_Info: [13.640] elevatorPidController: Target=   8.0, Input=   7.5, Error=   0.5, PIDTerms= 0.097/-0.039/ 0.000/ 0.000, Output= 0.059(-1.000/1.000), Volt=12.6(9.9)
GlobalTracer.startCompetition_Warn: AUTO_MODE.updates takes too long (0.030s)
GlobalTracer.printPidInfo_Info: [13.703] elevatorPidController: Target=   8.0, Input=   7.5, Error=   0.5, PIDTerms= 0.097/-0.039/ 0.000/ 0.000, Output= 0.059(-1.000/1.000), Volt=12.6(9.9)
GlobalTracer.startCompetition_Warn: AUTO_MODE.runPeriodic takes too long (0.022s)
GlobalTracer.startCompetition_Warn: AUTO_MODE.updates takes too long (0.035s)
GlobalTracer.printPidInfo_Info: [13.787] elevatorPidController: Target=   8.0, Input=   7.5, Error=   0.5, PIDTerms= 0.097/-0.039/ 0.000/ 0.000, Output= 0.059(-1.000/1.000), Volt=12.6(9.9)
GlobalTracer.startCompetition_Warn: AUTO_MODE.updates takes too long (0.027s)
GlobalTracer.printPidInfo_Info: [13.847] elevatorPidController: Target=   8.0, Input=   7.5, Error=   0.5, PIDTerms= 0.097/-0.039/ 0.000/ 0.000, Output= 0.059(-1.000/1.000), Volt=12.6(9.9)
GlobalTracer.startCompetition_Warn: AUTO_MODE.runPeriodic takes too long (0.021s)
GlobalTracer.startCompetition_Warn: AUTO_MODE.updates takes too long (0.033s)
GlobalTracer.printPidInfo_Info: [13.929] elevatorPidController: Target=   8.0, Input=   7.5, Error=   0.5, PIDTerms= 0.097/-0.039/ 0.000/ 0.000, Output= 0.059(-1.000/1.000), Volt=12.6(9.9)
GlobalTracer.startCompetition_Warn: AUTO_MODE.runPeriodic takes too long (0.024s)
GlobalTracer.startCompetition_Warn: AUTO_MODE.updates takes too long (0.032s)
GlobalTracer.printPidInfo_Info: [14.009] elevatorPidController: Target=   8.0, Input=   7.5, Error=   0.5, PIDTerms= 0.097/-0.039/ 0.000/ 0.000, Output= 0.059(-1.000/1.000), Volt=12.5(9.9)
GlobalTracer.printPidInfo_Info: [14.064] elevatorPidController: Target=   8.0, Input=   7.5, Error=   0.5, PIDTerms= 0.097/-0.038/ 0.000/ 0.000, Output= 0.059(-1.000/1.000), Volt=12.6(9.9)
GlobalTracer.startCompetition_Warn: AUTO_MODE.updates takes too long (0.038s)
GlobalTracer.printPidInfo_Info: [14.145] elevatorPidController: Target=   8.0, Input=   7.5, Error=   0.5, PIDTerms= 0.097/-0.038/ 0.000/ 0.000, Output= 0.059(-1.000/1.000), Volt=12.6(9.9)
GlobalTracer.startCompetition_Warn: AUTO_MODE.updates takes too long (0.031s)
GlobalTracer.printPidInfo_Info: [14.215] elevatorPidController: Target=   8.0, Input=   7.5, Error=   0.5, PIDTerms= 0.097/-0.038/ 0.000/ 0.000, Output= 0.059(-1.000/1.000), Volt=12.5(9.9)
GlobalTracer.startCompetition_Warn: AUTO_MODE.updates takes too long (0.026s)
GlobalTracer.printPidInfo_Info: [14.277] elevatorPidController: Target=   8.0, Input=   7.5, Error=   0.5, PIDTerms= 0.097/-0.038/ 0.000/ 0.000, Output= 0.059(-1.000/1.000), Volt=12.6(9.9)
GlobalTracer.startCompetition_Warn: AUTO_MODE.updates takes too long (0.030s)
GlobalTracer.printPidInfo_Info: [14.345] elevatorPidController: Target=   8.0, Input=   7.5, Error=   0.5, PIDTerms= 0.097/-0.038/ 0.000/ 0.000, Output= 0.059(-1.000/1.000), Volt=12.5(9.9)
GlobalTracer.startCompetition_Warn: AUTO_MODE.updates takes too long (0.030s)
GlobalTracer.printPidInfo_Info: [14.416] elevatorPidController: Target=   8.0, Input=   7.5, Error=   0.5, PIDTerms= 0.097/-0.038/ 0.000/ 0.000, Output= 0.059(-1.000/1.000), Volt=12.6(9.9)
GlobalTracer.startCompetition_Warn: AUTO_MODE.updates takes too long (0.032s)
GlobalTracer.printPidInfo_Info: [14.478] elevatorPidController: Target=   8.0, Input=   7.5, Error=   0.5, PIDTerms= 0.097/-0.038/ 0.000/ 0.000, Output= 0.059(-1.000/1.000), Volt=12.6(9.9)
GlobalTracer.startCompetition_Warn: AUTO_MODE.updates takes too long (0.035s)
GlobalTracer.printPidInfo_Info: [14.552] elevatorPidController: Target=   8.0, Input=   7.5, Error=   0.5, PIDTerms= 0.097/-0.038/ 0.000/ 0.000, Output= 0.059(-1.000/1.000), Volt=12.6(9.9)
GlobalTracer.startCompetition_Warn: AUTO_MODE.updates takes too long (0.024s)
GlobalTracer.printPidInfo_Info: [14.607] elevatorPidController: Target=   8.0, Input=   7.5, Error=   0.5, PIDTerms= 0.097/-0.038/ 0.000/ 0.000, Output= 0.059(-1.000/1.000), Volt=12.6(9.9)
GlobalTracer.startCompetition_Warn: AUTO_MODE.updates takes too long (0.029s)
GlobalTracer.printPidInfo_Info: [14.670] elevatorPidController: Target=   8.0, Input=   7.5, Error=   0.5, PIDTerms= 0.097/-0.038/ 0.000/ 0.000, Output= 0.059(-1.000/1.000), Volt=12.6(9.9)
GlobalTracer.startCompetition_Warn: AUTO_MODE.updates takes too long (0.026s)
GlobalTracer.printPidInfo_Info: [14.746] elevatorPidController: Target=   8.0, Input=   7.5, Error=   0.5, PIDTerms= 0.097/-0.038/ 0.000/ 0.000, Output= 0.059(-1.000/1.000), Volt=12.6(9.9)
GlobalTracer.startCompetition_Warn: AUTO_MODE.updates takes too long (0.025s)
GlobalTracer.printPidInfo_Info: [14.804] elevatorPidController: Target=   8.0, Input=   7.5, Error=   0.5, PIDTerms= 0.097/-0.038/ 0.000/ 0.000, Output= 0.059(-1.000/1.000), Volt=12.6(9.9)
GlobalTracer.startCompetition_Warn: AUTO_MODE.runPeriodic takes too long (0.023s)
GlobalTracer.startCompetition_Warn: AUTO_MODE.updates takes too long (0.038s)
GlobalTracer.printPidInfo_Info: [14.882] elevatorPidController: Target=   8.0, Input=   7.5, Error=   0.5, PIDTerms= 0.097/-0.038/ 0.000/ 0.000, Output= 0.059(-1.000/1.000), Volt=12.6(9.9)
GlobalTracer.startCompetition_Warn: AUTO_MODE.updates takes too long (0.024s)
GlobalTracer.printPidInfo_Info: [14.942] elevatorPidController: Target=   8.0, Input=   7.5, Error=   0.5, PIDTerms= 0.097/-0.038/ 0.000/ 0.000, Output= 0.059(-1.000/1.000), Volt=12.6(9.9)
GlobalTracer.startCompetition_Warn: AUTO_MODE.updates takes too long (0.029s)
GlobalTracer.printPidInfo_Info: [15.011] elevatorPidController: Target=   8.0, Input=   7.5, Error=   0.5, PIDTerms= 0.097/-0.038/ 0.000/ 0.000, Output= 0.059(-1.000/1.000), Volt=12.6(9.9)
GlobalTracer.startCompetition_Warn: AUTO_MODE.updates takes too long (0.029s)
GlobalTracer.printPidInfo_Info: [15.084] elevatorPidController: Target=   8.0, Input=   7.5, Error=   0.5, PIDTerms= 0.097/-0.038/ 0.000/ 0.000, Output= 0.059(-1.000/1.000), Volt=12.6(9.9)
GlobalTracer.startCompetition_Warn: AUTO_MODE.updates takes too long (0.028s)
GlobalTracer.printPidInfo_Info: [15.144] elevatorPidController: Target=   8.0, Input=   7.5, Error=   0.5, PIDTerms= 0.097/-0.038/ 0.000/ 0.000, Output= 0.059(-1.000/1.000), Volt=12.6(9.9)
GlobalTracer.startCompetition_Warn: AUTO_MODE.updates takes too long (0.029s)
GlobalTracer.printPidInfo_Info: [15.213] elevatorPidController: Target=   8.0, Input=   7.5, Error=   0.5, PIDTerms= 0.097/-0.038/ 0.000/ 0.000, Output= 0.060(-1.000/1.000), Volt=12.6(9.9)
GlobalTracer.startCompetition_Warn: AUTO_MODE.updates takes too long (0.035s)
GlobalTracer.printPidInfo_Info: [15.284] elevatorPidController: Target=   8.0, Input=   7.5, Error=   0.5, PIDTerms= 0.097/-0.038/ 0.000/ 0.000, Output= 0.060(-1.000/1.000), Volt=12.6(9.9)
GlobalTracer.startCompetition_Warn: AUTO_MODE.updates takes too long (0.031s)
GlobalTracer.Vision_Info: Pixy is disabled!
GlobalTracer.TaskPerformance_Info: leftDriveStick.prePeriodic: PrePeriodic=0.000009, PostPeriodic=NaN, PreContinuous=NaN, PostContinous=NaN
GlobalTracer.TaskPerformance_Info: rightDriveStick.prePeriodic: PrePeriodic=0.000006, PostPeriodic=NaN, PreContinuous=NaN, PostContinous=NaN
GlobalTracer.TaskPerformance_Info: operatorStick.prePeriodic: PrePeriodic=0.000005, PostPeriodic=NaN, PreContinuous=NaN, PostContinous=NaN
GlobalTracer.TaskPerformance_Info: TrcRobotBattery.preContinuous: PrePeriodic=NaN, PostPeriodic=NaN, PreContinuous=0.002871, PostContinous=NaN
GlobalTracer.TaskPerformance_Info: LeftSonar.preContinuous: PrePeriodic=NaN, PostPeriodic=NaN, PreContinuous=NaN, PostContinous=NaN
GlobalTracer.TaskPerformance_Info: LeftSonar.preContinuous: PrePeriodic=NaN, PostPeriodic=NaN, PreContinuous=NaN, PostContinous=NaN
GlobalTracer.TaskPerformance_Info: RightSonar.preContinuous: PrePeriodic=NaN, PostPeriodic=NaN, PreContinuous=0.000288, PostContinous=NaN
GlobalTracer.TaskPerformance_Info: RightSonar.preContinuous: PrePeriodic=NaN, PostPeriodic=NaN, PreContinuous=0.000045, PostContinous=NaN
GlobalTracer.TaskPerformance_Info: LeftFrontWheel.stop: PrePeriodic=NaN, PostPeriodic=NaN, PreContinuous=NaN, PostContinous=NaN
GlobalTracer.TaskPerformance_Info: LeftFrontWheel.preContinuousTask: PrePeriodic=NaN, PostPeriodic=NaN, PreContinuous=NaN, PostContinous=NaN
GlobalTracer.TaskPerformance_Info: LeftRearWheel.stop: PrePeriodic=NaN, PostPeriodic=NaN, PreContinuous=NaN, PostContinous=NaN
GlobalTracer.TaskPerformance_Info: LeftRearWheel.preContinuousTask: PrePeriodic=NaN, PostPeriodic=NaN, PreContinuous=NaN, PostContinous=NaN
GlobalTracer.TaskPerformance_Info: RightFrontWheel.stop: PrePeriodic=NaN, PostPeriodic=NaN, PreContinuous=NaN, PostContinous=NaN
GlobalTracer.TaskPerformance_Info: RightFrontWheel.preContinuousTask: PrePeriodic=NaN, PostPeriodic=NaN, PreContinuous=NaN, PostContinous=NaN
GlobalTracer.TaskPerformance_Info: RightRearWheel.stop: PrePeriodic=NaN, PostPeriodic=NaN, PreContinuous=NaN, PostContinous=NaN
GlobalTracer.TaskPerformance_Info: RightRearWheel.preContinuousTask: PrePeriodic=NaN, PostPeriodic=NaN, PreContinuous=NaN, PostContinous=NaN
GlobalTracer.TaskPerformance_Info: TrcDriveBase.stop: PrePeriodic=NaN, PostPeriodic=NaN, PreContinuous=NaN, PostContinous=NaN
GlobalTracer.TaskPerformance_Info: TrcDriveBase.preContinuous: PrePeriodic=NaN, PostPeriodic=NaN, PreContinuous=0.007539, PostContinous=NaN
GlobalTracer.TaskPerformance_Info:    pidDrive.stop: PrePeriodic=NaN, PostPeriodic=NaN, PreContinuous=NaN, PostContinous=NaN
GlobalTracer.TaskPerformance_Info: pidDrive.postContinuous: PrePeriodic=NaN, PostPeriodic=NaN, PreContinuous=NaN, PostContinous=0.023163
GlobalTracer.TaskPerformance_Info: elevatorMotor.stop: PrePeriodic=NaN, PostPeriodic=NaN, PreContinuous=NaN, PostContinous=NaN
GlobalTracer.TaskPerformance_Info: elevatorMotor.preContinuousTask: PrePeriodic=NaN, PostPeriodic=NaN, PreContinuous=NaN, PostContinous=NaN
GlobalTracer.TaskPerformance_Info:    elevator.stop: PrePeriodic=NaN, PostPeriodic=NaN, PreContinuous=NaN, PostContinous=NaN
GlobalTracer.TaskPerformance_Info: elevator.postContinuous: PrePeriodic=NaN, PostPeriodic=NaN, PreContinuous=NaN, PostContinous=0.002011
GlobalTracer.TaskPerformance_Info: elevatorMotor.preContinuous: PrePeriodic=NaN, PostPeriodic=NaN, PreContinuous=0.000554, PostContinous=NaN
GlobalTracer.TaskPerformance_Info: LeftPickupMotor.stop: PrePeriodic=NaN, PostPeriodic=NaN, PreContinuous=NaN, PostContinous=NaN
GlobalTracer.TaskPerformance_Info: LeftPickupMotor.preContinuousTask: PrePeriodic=NaN, PostPeriodic=NaN, PreContinuous=NaN, PostContinous=NaN
GlobalTracer.TaskPerformance_Info: RightPickupMotor.stop: PrePeriodic=NaN, PostPeriodic=NaN, PreContinuous=NaN, PostContinous=NaN
GlobalTracer.TaskPerformance_Info: RightPickupMotor.preContinuousTask: PrePeriodic=NaN, PostPeriodic=NaN, PreContinuous=NaN, PostContinous=NaN
GlobalTracer.TaskPerformance_Info: CubePickupClaw.stop: PrePeriodic=NaN, PostPeriodic=NaN, PreContinuous=NaN, PostContinous=NaN
GlobalTracer.TaskPerformance_Info: CubePickupClaw.postContinuous: PrePeriodic=NaN, PostPeriodic=NaN, PreContinuous=NaN, PostContinous=NaN
GlobalTracer.TaskPerformance_Info: CubePickupClaw.preContinuous: PrePeriodic=NaN, PostPeriodic=NaN, PreContinuous=NaN, PostContinous=NaN
GlobalTracer.TaskPerformance_Info: CubePickupDeploy.stop: PrePeriodic=NaN, PostPeriodic=NaN, PreContinuous=NaN, PostContinous=NaN
GlobalTracer.TaskPerformance_Info: CubePickupDeploy.postContinuous: PrePeriodic=NaN, PostPeriodic=NaN, PreContinuous=NaN, PostContinous=NaN
GlobalTracer.TaskPerformance_Info: CubePickupDeploy.preContinuous: PrePeriodic=NaN, PostPeriodic=NaN, PreContinuous=NaN, PostContinous=NaN
GlobalTracer.TaskPerformance_Info: CubeProximityTrigger.preContinuous: PrePeriodic=NaN, PostPeriodic=NaN, PreContinuous=NaN, PostContinous=NaN
GlobalTracer.TaskPerformance_Info: PickupCurrentTrigger.preContinuous: PrePeriodic=NaN, PostPeriodic=NaN, PreContinuous=NaN, PostContinous=NaN
GlobalTracer.TaskPerformance_Info:       pickupTask: PrePeriodic=NaN, PostPeriodic=NaN, PreContinuous=NaN, PostContinous=NaN
GlobalTracer.TaskPerformance_Info: pickupTimer.preContinuous: PrePeriodic=NaN, PostPeriodic=NaN, PreContinuous=NaN, PostContinous=NaN
GlobalTracer.TaskPerformance_Info: WinchMaster.stop: PrePeriodic=NaN, PostPeriodic=NaN, PreContinuous=NaN, PostContinous=NaN
GlobalTracer.TaskPerformance_Info: WinchMaster.preContinuousTask: PrePeriodic=NaN, PostPeriodic=NaN, PreContinuous=NaN, PostContinous=NaN
GlobalTracer.TaskPerformance_Info:  WinchSlave.stop: PrePeriodic=NaN, PostPeriodic=NaN, PreContinuous=NaN, PostContinous=NaN
GlobalTracer.TaskPerformance_Info: WinchSlave.preContinuousTask: PrePeriodic=NaN, PostPeriodic=NaN, PreContinuous=NaN, PostContinous=NaN
GlobalTracer.TaskPerformance_Info: leftFlipper.stop: PrePeriodic=NaN, PostPeriodic=NaN, PreContinuous=NaN, PostContinous=NaN
GlobalTracer.TaskPerformance_Info: leftFlipper.postContinuous: PrePeriodic=NaN, PostPeriodic=NaN, PreContinuous=NaN, PostContinous=NaN
GlobalTracer.TaskPerformance_Info: leftFlipper.preContinuous: PrePeriodic=NaN, PostPeriodic=NaN, PreContinuous=NaN, PostContinous=NaN
GlobalTracer.TaskPerformance_Info: rightFlipper.stop: PrePeriodic=NaN, PostPeriodic=NaN, PreContinuous=NaN, PostContinous=NaN
GlobalTracer.TaskPerformance_Info: rightFlipper.postContinuous: PrePeriodic=NaN, PostPeriodic=NaN, PreContinuous=NaN, PostContinous=NaN
GlobalTracer.TaskPerformance_Info: rightFlipper.preContinuous: PrePeriodic=NaN, PostPeriodic=NaN, PreContinuous=NaN, PostContinous=NaN
GlobalTracer.TaskPerformance_Info: VisionTrigger.preContinuous: PrePeriodic=NaN, PostPeriodic=NaN, PreContinuous=NaN, PostContinous=NaN
GlobalTracer.TaskPerformance_Info: ExchangeTrigger.preContinuous: PrePeriodic=NaN, PostPeriodic=NaN, PreContinuous=NaN, PostContinous=NaN
GlobalTracer.TaskPerformance_Info: FrcTest.preContinuous: PrePeriodic=NaN, PostPeriodic=NaN, PreContinuous=NaN, PostContinous=NaN
GlobalTracer.TaskPerformance_Info: CmdAutoScale.preContinuous: PrePeriodic=NaN, PostPeriodic=NaN, PreContinuous=0.000055, PostContinous=NaN
GlobalTracer.TaskPerformance_Info: SwitchDistanceTrigger.preContinuous: PrePeriodic=NaN, PostPeriodic=NaN, PreContinuous=0.000598, PostContinous=NaN
GlobalTracer.startCompetition_Warn: AUTO_MODE.stopMode takes too long (0.143s)
GlobalTracer.Robot_Info: TotalEnergy=1.398Wh
