GlobalTracer.FirstPowerUp_Info: Fri Mar 30 17:55:49 PDT 2018[0.479]: ***** Starting autonomous *****
GlobalTracer.FirstPowerUp_Info: WAAMV_Qualification_ 43 (Blue1) [FMSConnected=true]
GlobalTracer.CmdAutoSwitch_Info: [0.512] delay=0.0, fwdDistance=235.0, startPos=MID_POS, fastDelivery=true, getSecondCube=false
GlobalTracer.CmdAutoSwitch_Info: alliance=Blue, gameSpecificMsg=RLR, delay=0.000, fwdDistance=235, startPosition=MID_POS, flipInFlight=false
GlobalTracer.Vision_Info: Pixy is enabled!
GlobalTracer.FrcAuto.startMode_Info: [0.543] startMode done!
GlobalTracer.Robot_Info: [0.550]   DO_DELAY: xPos=  0.00,yPos=  0.00,heading=  12.9/   0.0,volts=12.8(12.8)
GlobalTracer.startCompetition_Warn: AUTO_MODE.periodic takes too long (0.196s)

GlobalTracer.startCompetition_Warn: AUTO_MODE.updates takes too long (0.025s)

GlobalTracer.startCompetition_Warn: AUTO_MODE takes too long (0.804s)

GlobalTracer.Robot_Info: [0.798] DRIVE_DIAGONAL_TO_SWITCH: xPos=  0.00,yPos=  0.00,heading=   0.0/  25.0,volts=12.8(12.8)
GlobalTracer.printPidInfo_Info: [0.798] elevatorPidController: Target=  34.8, Input=   0.0, Error=  26.8, PIDTerms= 0.000/ 0.000/ 0.000/ 0.000, Output= 0.000(-1.000/1.000), Volt=12.7(12.8)
GlobalTracer.printPidInfo_Info: encoderXPidCtrl: Target=   0.0, Input=   0.0, Error=   0.0, PIDTerms= 0.000/ 0.000/ 0.000/ 0.000, Output= 0.000(-0.700/0.700), Volt=12.8(12.8)
GlobalTracer.printPidInfo_Info: encoderYPidCtrl: Target= 110.0, Input=   0.0, Error= 110.0, PIDTerms= 2.200/ 0.000/ 0.000/ 0.000, Output= 0.600(-0.600/0.600), Volt=12.8(12.8)
GlobalTracer.printPidInfo_Info: gyroTurnPidCtrl: Target=  25.0, Input=   0.0, Error=  25.0, PIDTerms= 0.500/ 0.000/ 0.000/ 0.000, Output= 0.500(-0.700/0.700), Volt=12.8(12.8)
GlobalTracer.startCompetition_Warn: AUTO_MODE.postContinuousTasks takes too long (0.022s)

GlobalTracer.startCompetition_Warn: AUTO_MODE.updates takes too long (0.021s)

GlobalTracer.printPidInfo_Info: [0.878] elevatorPidController: Target=  34.8, Input=   8.0, Error=  26.8, PIDTerms= 5.350/ 0.001/ 0.000/ 0.000, Output= 1.000(-1.000/1.000), Volt=10.0(11.1)
GlobalTracer.printPidInfo_Info: encoderXPidCtrl: Target=   0.0, Input=   0.1, Error=  -0.1, PIDTerms=-0.016/ 0.000/-0.014/ 0.000, Output=-0.030(-0.700/0.700), Volt=10.0(11.1)
GlobalTracer.printPidInfo_Info: encoderYPidCtrl: Target= 110.0, Input=   0.2, Error= 109.8, PIDTerms= 2.196/ 0.000/-0.005/ 0.000, Output= 0.600(-0.600/0.600), Volt=10.0(11.1)
GlobalTracer.printPidInfo_Info: gyroTurnPidCtrl: Target=  25.0, Input=   0.0, Error=  25.0, PIDTerms= 0.500/ 0.000/ 0.000/ 0.000, Output= 0.500(-0.700/0.700), Volt=10.0(11.1)
GlobalTracer.startCompetition_Warn: AUTO_MODE.updates takes too long (0.022s)

GlobalTracer.printPidInfo_Info: [0.937] elevatorPidController: Target=  34.8, Input=   8.7, Error=  26.0, PIDTerms= 5.207/ 0.003/-0.000/ 0.000, Output= 1.000(-1.000/1.000), Volt=10.0(10.0)
GlobalTracer.printPidInfo_Info: encoderXPidCtrl: Target=   0.0, Input=   0.4, Error=  -0.4, PIDTerms=-0.098/ 0.000/-0.087/ 0.000, Output=-0.186(-0.700/0.700), Volt=10.0(10.0)
GlobalTracer.printPidInfo_Info: encoderYPidCtrl: Target= 110.0, Input=   1.5, Error= 108.5, PIDTerms= 2.171/ 0.000/-0.033/ 0.000, Output= 0.600(-0.600/0.600), Volt=10.0(10.0)
GlobalTracer.printPidInfo_Info: gyroTurnPidCtrl: Target=  25.0, Input=   1.0, Error=  24.0, PIDTerms= 0.479/ 0.000/-0.032/ 0.000, Output= 0.447(-0.700/0.700), Volt=10.5(10.0)
GlobalTracer.startCompetition_Warn: AUTO_MODE.updates takes too long (0.023s)

GlobalTracer.printPidInfo_Info: [0.995] elevatorPidController: Target=  34.8, Input=   8.8, Error=  25.9, PIDTerms= 5.182/ 0.004/-0.000/ 0.000, Output= 1.000(-1.000/1.000), Volt=10.7(10.0)
GlobalTracer.printPidInfo_Info: encoderXPidCtrl: Target=   0.0, Input=   0.7, Error=  -0.7, PIDTerms=-0.167/ 0.000/-0.072/ 0.000, Output=-0.239(-0.700/0.700), Volt=10.3(10.0)
GlobalTracer.printPidInfo_Info: encoderYPidCtrl: Target= 110.0, Input=   3.2, Error= 106.8, PIDTerms= 2.136/ 0.000/-0.046/ 0.000, Output= 0.600(-0.600/0.600), Volt=10.3(10.0)
GlobalTracer.printPidInfo_Info: gyroTurnPidCtrl: Target=  25.0, Input=   3.4, Error=  21.6, PIDTerms= 0.432/ 0.000/-0.073/ 0.000, Output= 0.359(-0.700/0.700), Volt=10.3(10.0)
GlobalTracer.startCompetition_Warn: AUTO_MODE.updates takes too long (0.028s)

GlobalTracer.printPidInfo_Info: [1.051] elevatorPidController: Target=  34.8, Input=  11.1, Error=  23.7, PIDTerms= 4.735/ 0.005/-0.000/ 0.000, Output= 1.000(-1.000/1.000), Volt=10.5(10.0)
GlobalTracer.printPidInfo_Info: encoderXPidCtrl: Target=   0.0, Input=   0.7, Error=  -0.7, PIDTerms=-0.182/ 0.000/-0.015/ 0.000, Output=-0.196(-0.700/0.700), Volt=10.4(10.0)
GlobalTracer.printPidInfo_Info: encoderYPidCtrl: Target= 110.0, Input=   4.9, Error= 105.1, PIDTerms= 2.102/ 0.000/-0.042/ 0.000, Output= 0.600(-0.600/0.600), Volt=10.4(10.0)
GlobalTracer.printPidInfo_Info: gyroTurnPidCtrl: Target=  25.0, Input=   6.4, Error=  18.6, PIDTerms= 0.371/ 0.000/-0.088/ 0.000, Output= 0.283(-0.700/0.700), Volt=10.4(10.0)
GlobalTracer.startCompetition_Warn: AUTO_MODE.updates takes too long (0.030s)

GlobalTracer.printPidInfo_Info: [1.112] elevatorPidController: Target=  34.8, Input=  13.3, Error=  21.4, PIDTerms= 4.285/ 0.007/-0.000/ 0.000, Output= 1.000(-1.000/1.000), Volt=10.7(10.0)
GlobalTracer.printPidInfo_Info: encoderXPidCtrl: Target=   0.0, Input=   0.7, Error=  -0.7, PIDTerms=-0.164/ 0.000/ 0.019/ 0.000, Output=-0.145(-0.700/0.700), Volt=10.7(10.0)
GlobalTracer.printPidInfo_Info: encoderYPidCtrl: Target= 110.0, Input=   6.8, Error= 103.2, PIDTerms= 2.064/ 0.000/-0.049/ 0.000, Output= 0.600(-0.600/0.600), Volt=10.6(10.0)
GlobalTracer.printPidInfo_Info: gyroTurnPidCtrl: Target=  25.0, Input=   9.7, Error=  15.3, PIDTerms= 0.306/ 0.000/-0.099/ 0.000, Output= 0.206(-0.700/0.700), Volt=10.6(10.0)
GlobalTracer.startCompetition_Warn: AUTO_MODE.updates takes too long (0.031s)

GlobalTracer.printPidInfo_Info: [1.173] elevatorPidController: Target=  34.8, Input=  15.8, Error=  19.0, PIDTerms= 3.795/ 0.008/-0.000/ 0.000, Output= 1.000(-1.000/1.000), Volt=10.6(10.0)
GlobalTracer.printPidInfo_Info: encoderXPidCtrl: Target=   0.0, Input=   0.5, Error=  -0.5, PIDTerms=-0.133/ 0.000/ 0.031/ 0.000, Output=-0.102(-0.700/0.700), Volt=10.8(10.0)
GlobalTracer.printPidInfo_Info: encoderYPidCtrl: Target= 110.0, Input=   9.1, Error= 100.9, PIDTerms= 2.019/ 0.000/-0.058/ 0.000, Output= 0.600(-0.600/0.600), Volt=10.8(10.0)
GlobalTracer.printPidInfo_Info: gyroTurnPidCtrl: Target=  25.0, Input=  13.3, Error=  11.7, PIDTerms= 0.234/ 0.000/-0.106/ 0.000, Output= 0.129(-0.700/0.700), Volt=10.8(10.0)
GlobalTracer.startCompetition_Warn: AUTO_MODE.updates takes too long (0.023s)

GlobalTracer.printPidInfo_Info: [1.229] elevatorPidController: Target=  34.8, Input=  17.4, Error=  17.4, PIDTerms= 3.470/ 0.009/-0.000/ 0.000, Output= 1.000(-1.000/1.000), Volt=11.0(10.0)
GlobalTracer.startCompetition_Warn: AUTO_MODE.periodic takes too long (0.023s)

GlobalTracer.printPidInfo_Info: encoderXPidCtrl: Target=   0.0, Input=   0.4, Error=  -0.4, PIDTerms=-0.099/ 0.000/ 0.029/ 0.000, Output=-0.070(-0.700/0.700), Volt=10.9(10.0)
GlobalTracer.printPidInfo_Info: encoderYPidCtrl: Target= 110.0, Input=  11.7, Error=  98.3, PIDTerms= 1.967/ 0.000/-0.056/ 0.000, Output= 0.600(-0.600/0.600), Volt=10.9(10.0)
GlobalTracer.printPidInfo_Info: gyroTurnPidCtrl: Target=  25.0, Input=  16.9, Error=   8.1, PIDTerms= 0.162/ 0.000/-0.090/ 0.000, Output= 0.072(-0.700/0.700), Volt=10.9(10.0)
GlobalTracer.startCompetition_Warn: AUTO_MODE.postContinuousTasks takes too long (0.021s)

GlobalTracer.startCompetition_Warn: AUTO_MODE.updates takes too long (0.062s)

GlobalTracer.startCompetition_Warn: AUTO_MODE takes too long (0.128s)

GlobalTracer.startCompetition_Warn: AUTO_MODE.preContinuousTasks takes too long (0.021s)

GlobalTracer.printPidInfo_Info: [1.358] elevatorPidController: Target=  34.8, Input=  21.4, Error=  13.4, PIDTerms= 2.679/ 0.010/-0.000/ 0.000, Output= 1.000(-1.000/1.000), Volt=11.2(10.0)
GlobalTracer.startCompetition_Warn: AUTO_MODE.periodic takes too long (0.037s)

GlobalTracer.printPidInfo_Info: encoderXPidCtrl: Target=   0.0, Input=  -0.2, Error=   0.2, PIDTerms= 0.059/ 0.000/ 0.056/ 0.000, Output= 0.115(-0.700/0.700), Volt=11.0(10.0)
GlobalTracer.printPidInfo_Info: encoderYPidCtrl: Target= 110.0, Input=  18.4, Error=  91.6, PIDTerms= 1.832/ 0.000/-0.060/ 0.000, Output= 0.600(-0.600/0.600), Volt=11.0(10.0)
GlobalTracer.printPidInfo_Info: gyroTurnPidCtrl: Target=  25.0, Input=  23.7, Error=   1.3, PIDTerms= 0.026/ 0.000/-0.071/ 0.000, Output=-0.045(-0.700/0.700), Volt=11.0(10.0)
GlobalTracer.startCompetition_Warn: AUTO_MODE.postContinuousTasks takes too long (0.024s)

GlobalTracer.startCompetition_Warn: AUTO_MODE.updates takes too long (0.060s)

GlobalTracer.startCompetition_Warn: AUTO_MODE takes too long (0.160s)

GlobalTracer.printPidInfo_Info: [1.519] elevatorPidController: Target=  34.8, Input=  28.0, Error=   6.8, PIDTerms= 1.359/ 0.011/-0.000/ 0.000, Output= 1.000(-1.000/1.000), Volt=11.3(10.0)
GlobalTracer.startCompetition_Warn: AUTO_MODE.periodic takes too long (0.054s)

GlobalTracer.printPidInfo_Info: encoderXPidCtrl: Target=   0.0, Input=  -0.3, Error=   0.3, PIDTerms= 0.083/ 0.000/ 0.009/ 0.000, Output= 0.091(-0.700/0.700), Volt=11.2(10.0)
GlobalTracer.printPidInfo_Info: encoderYPidCtrl: Target= 110.0, Input=  26.8, Error=  83.2, PIDTerms= 1.664/ 0.000/-0.076/ 0.000, Output= 0.600(-0.600/0.600), Volt=11.2(10.0)
GlobalTracer.printPidInfo_Info: gyroTurnPidCtrl: Target=  25.0, Input=  29.1, Error=  -4.1, PIDTerms=-0.081/ 0.000/-0.057/ 0.000, Output=-0.138(-0.700/0.700), Volt=11.2(10.0)
GlobalTracer.startCompetition_Warn: AUTO_MODE.updates takes too long (0.085s)

GlobalTracer.startCompetition_Warn: AUTO_MODE takes too long (0.184s)

GlobalTracer.startCompetition_Warn: AUTO_MODE.preContinuousTasks takes too long (0.032s)

GlobalTracer.printPidInfo_Info: [1.703] elevatorPidController: Target=  34.8, Input=  34.5, Error=   0.2, PIDTerms= 0.047/ 0.011/-0.000/ 0.000, Output= 0.058(-1.000/1.000), Volt=11.7(10.0)
GlobalTracer.startCompetition_Warn: AUTO_MODE.periodic takes too long (0.038s)

GlobalTracer.printPidInfo_Info: encoderXPidCtrl: Target=   0.0, Input=  -0.2, Error=   0.2, PIDTerms= 0.042/ 0.000/-0.013/ 0.000, Output= 0.029(-0.700/0.700), Volt=11.8(10.0)
GlobalTracer.printPidInfo_Info: encoderYPidCtrl: Target= 110.0, Input=  40.2, Error=  69.8, PIDTerms= 1.396/ 0.000/-0.107/ 0.000, Output= 0.600(-0.600/0.600), Volt=11.8(10.0)
GlobalTracer.printPidInfo_Info: gyroTurnPidCtrl: Target=  25.0, Input=  30.2, Error=  -5.2, PIDTerms=-0.103/ 0.000/-0.010/ 0.000, Output=-0.114(-0.700/0.700), Volt=11.8(10.0)
GlobalTracer.startCompetition_Warn: AUTO_MODE.postContinuousTasks takes too long (0.029s)

GlobalTracer.startCompetition_Warn: AUTO_MODE.updates takes too long (0.061s)

GlobalTracer.startCompetition_Warn: AUTO_MODE takes too long (0.175s)

GlobalTracer.printPidInfo_Info: [1.881] elevatorPidController: Target=  34.8, Input=  36.8, Error=  -2.1, PIDTerms=-0.417/ 0.011/-0.000/ 0.000, Output=-0.407(-1.000/1.000), Volt=11.9(10.0)
GlobalTracer.startCompetition_Warn: AUTO_MODE.periodic takes too long (0.025s)

GlobalTracer.printPidInfo_Info: encoderXPidCtrl: Target=   0.0, Input=   0.3, Error=  -0.3, PIDTerms=-0.067/ 0.000/-0.043/ 0.000, Output=-0.111(-0.700/0.700), Volt=12.0(10.0)
GlobalTracer.printPidInfo_Info: encoderYPidCtrl: Target= 110.0, Input=  52.6, Error=  57.4, PIDTerms= 1.147/ 0.000/-0.123/ 0.000, Output= 0.600(-0.600/0.600), Volt=12.0(10.0)
GlobalTracer.printPidInfo_Info: gyroTurnPidCtrl: Target=  25.0, Input=  26.7, Error=  -1.7, PIDTerms=-0.033/ 0.000/ 0.041/ 0.000, Output= 0.007(-0.700/0.700), Volt=12.0(10.0)
GlobalTracer.startCompetition_Warn: AUTO_MODE.postContinuousTasks takes too long (0.035s)

GlobalTracer.startCompetition_Warn: AUTO_MODE.updates takes too long (0.063s)

GlobalTracer.startCompetition_Warn: AUTO_MODE takes too long (0.160s)

GlobalTracer.printPidInfo_Info: [2.044] elevatorPidController: Target=  34.8, Input=  33.8, Error=   1.0, PIDTerms= 0.190/ 0.011/ 0.000/ 0.000, Output= 0.201(-1.000/1.000), Volt=11.7(10.0)
GlobalTracer.startCompetition_Warn: AUTO_MODE.periodic takes too long (0.035s)

GlobalTracer.printPidInfo_Info: encoderXPidCtrl: Target=   0.0, Input=   0.0, Error=  -0.0, PIDTerms=-0.003/ 0.000/ 0.024/ 0.000, Output= 0.020(-0.700/0.700), Volt=11.9(10.0)
GlobalTracer.printPidInfo_Info: encoderYPidCtrl: Target= 110.0, Input=  66.4, Error=  43.6, PIDTerms= 0.872/ 0.000/-0.126/ 0.000, Output= 0.600(-0.600/0.600), Volt=11.9(10.0)
GlobalTracer.printPidInfo_Info: gyroTurnPidCtrl: Target=  25.0, Input=  23.7, Error=   1.3, PIDTerms= 0.027/ 0.000/ 0.032/ 0.000, Output= 0.059(-0.700/0.700), Volt=11.9(10.0)
GlobalTracer.startCompetition_Warn: AUTO_MODE.postContinuousTasks takes too long (0.034s)

GlobalTracer.startCompetition_Warn: AUTO_MODE.updates takes too long (0.063s)

GlobalTracer.startCompetition_Warn: AUTO_MODE takes too long (0.157s)

GlobalTracer.printPidInfo_Info: [2.202] elevatorPidController: Target=  34.8, Input=  32.7, Error=   2.1, PIDTerms= 0.412/ 0.011/ 0.000/ 0.000, Output= 0.423(-1.000/1.000), Volt=11.7(10.0)
GlobalTracer.startCompetition_Warn: AUTO_MODE.periodic takes too long (0.034s)

GlobalTracer.printPidInfo_Info: encoderXPidCtrl: Target=   0.0, Input=  -0.1, Error=   0.1, PIDTerms= 0.019/ 0.000/ 0.008/ 0.000, Output= 0.028(-0.700/0.700), Volt=11.8(10.0)
GlobalTracer.printPidInfo_Info: encoderYPidCtrl: Target= 110.0, Input=  78.9, Error=  31.1, PIDTerms= 0.622/ 0.000/-0.117/ 0.000, Output= 0.505(-0.600/0.600), Volt=11.8(10.0)
GlobalTracer.printPidInfo_Info: gyroTurnPidCtrl: Target=  25.0, Input=  23.5, Error=   1.5, PIDTerms= 0.029/ 0.000/ 0.001/ 0.000, Output= 0.030(-0.700/0.700), Volt=11.9(10.0)
GlobalTracer.startCompetition_Warn: AUTO_MODE.postContinuousTasks takes too long (0.040s)

GlobalTracer.startCompetition_Warn: AUTO_MODE.updates takes too long (0.061s)

GlobalTracer.startCompetition_Warn: AUTO_MODE takes too long (0.163s)

GlobalTracer.startCompetition_Warn: AUTO_MODE.preContinuousTasks takes too long (0.024s)

GlobalTracer.printPidInfo_Info: [2.366] elevatorPidController: Target=  34.8, Input=  33.9, Error=   0.9, PIDTerms= 0.179/ 0.011/-0.000/ 0.000, Output= 0.190(-1.000/1.000), Volt=12.3(10.0)
GlobalTracer.startCompetition_Warn: AUTO_MODE.periodic takes too long (0.035s)

GlobalTracer.printPidInfo_Info: encoderXPidCtrl: Target=   0.0, Input=  -0.1, Error=   0.1, PIDTerms= 0.013/ 0.000/-0.002/ 0.000, Output= 0.010(-0.700/0.700), Volt=12.2(10.0)
GlobalTracer.printPidInfo_Info: encoderYPidCtrl: Target= 110.0, Input=  93.4, Error=  16.6, PIDTerms= 0.332/ 0.000/-0.125/ 0.000, Output= 0.206(-0.600/0.600), Volt=12.2(10.0)
GlobalTracer.printPidInfo_Info: gyroTurnPidCtrl: Target=  25.0, Input=  25.9, Error=  -0.9, PIDTerms=-0.019/ 0.000/-0.024/ 0.000, Output=-0.043(-0.700/0.700), Volt=12.2(10.0)
GlobalTracer.startCompetition_Warn: AUTO_MODE.postContinuousTasks takes too long (0.025s)

GlobalTracer.startCompetition_Warn: AUTO_MODE.updates takes too long (0.069s)

GlobalTracer.startCompetition_Warn: AUTO_MODE takes too long (0.169s)

GlobalTracer.printPidInfo_Info: [2.538] elevatorPidController: Target=  34.8, Input=  34.7, Error=   0.0, PIDTerms= 0.001/ 0.011/-0.000/ 0.000, Output= 0.012(-1.000/1.000), Volt=12.7(10.0)
GlobalTracer.startCompetition_Warn: AUTO_MODE.periodic takes too long (0.026s)

GlobalTracer.printPidInfo_Info: encoderXPidCtrl: Target=   0.0, Input=   0.1, Error=   0.0, PIDTerms=-0.034/ 0.000/-0.017/ 0.000, Output= 0.000(-0.700/0.700), Volt=12.7(10.0)
GlobalTracer.printPidInfo_Info: encoderYPidCtrl: Target=   0.0, Input= 106.4, Error=   0.0, PIDTerms= 0.071/ 0.000/-0.120/ 0.000, Output= 0.000(-0.600/0.600), Volt=12.6(10.0)
GlobalTracer.printPidInfo_Info: gyroTurnPidCtrl: Target=   0.0, Input=  27.6, Error=   0.0, PIDTerms=-0.052/ 0.000/-0.018/ 0.000, Output= 0.000(-0.700/0.700), Volt=12.6(10.0)
GlobalTracer.startCompetition_Warn: AUTO_MODE.postContinuousTasks takes too long (0.025s)

GlobalTracer.startCompetition_Warn: AUTO_MODE.updates takes too long (0.045s)

GlobalTracer.startCompetition_Warn: AUTO_MODE takes too long (0.139s)

GlobalTracer.Robot_Info: [2.678] THROW_CUBE: xPos= -0.10,yPos=115.19,heading=  26.3/  25.0,volts=12.5(10.0)
GlobalTracer.printPidInfo_Info: [2.678] elevatorPidController: Target=  34.8, Input=  34.4, Error=   0.4, PIDTerms= 0.078/ 0.011/ 0.000/ 0.000, Output= 0.090(-1.000/1.000), Volt=12.5(10.0)
GlobalTracer.startCompetition_Warn: AUTO_MODE.continuous takes too long (0.025s)

GlobalTracer.startCompetition_Warn: AUTO_MODE.periodic takes too long (0.032s)

GlobalTracer.startCompetition_Warn: AUTO_MODE.updates takes too long (0.067s)

GlobalTracer.startCompetition_Warn: AUTO_MODE takes too long (0.153s)

GlobalTracer.printPidInfo_Info: [2.832] elevatorPidController: Target=  34.8, Input=  34.3, Error=   0.4, PIDTerms= 0.088/ 0.012/ 0.000/ 0.000, Output= 0.100(-1.000/1.000), Volt=11.0(10.0)
GlobalTracer.startCompetition_Warn: AUTO_MODE.periodic takes too long (0.031s)

GlobalTracer.startCompetition_Warn: AUTO_MODE.updates takes too long (0.059s)

GlobalTracer.startCompetition_Warn: AUTO_MODE takes too long (0.128s)

GlobalTracer.startCompetition_Warn: AUTO_MODE.preContinuousTasks takes too long (0.026s)

GlobalTracer.printPidInfo_Info: [2.963] elevatorPidController: Target=  34.8, Input=  34.3, Error=   0.5, PIDTerms= 0.097/ 0.012/ 0.000/ 0.000, Output= 0.109(-1.000/1.000), Volt=11.5(10.0)
GlobalTracer.startCompetition_Warn: AUTO_MODE.periodic takes too long (0.056s)

GlobalTracer.startCompetition_Warn: AUTO_MODE.updates takes too long (0.063s)

GlobalTracer.startCompetition_Warn: AUTO_MODE takes too long (0.163s)

GlobalTracer.startCompetition_Warn: AUTO_MODE.preContinuousTasks takes too long (0.025s)

GlobalTracer.printPidInfo_Info: [3.128] elevatorPidController: Target=  34.8, Input=  34.3, Error=   0.5, PIDTerms= 0.094/ 0.012/-0.000/ 0.000, Output= 0.106(-1.000/1.000), Volt=11.8(10.0)
GlobalTracer.startCompetition_Warn: AUTO_MODE.periodic takes too long (0.040s)

GlobalTracer.startCompetition_Warn: AUTO_MODE.updates takes too long (0.076s)

GlobalTracer.startCompetition_Warn: AUTO_MODE takes too long (0.167s)

GlobalTracer.startCompetition_Warn: AUTO_MODE.preContinuousTasks takes too long (0.024s)

GlobalTracer.printPidInfo_Info: [3.297] elevatorPidController: Target=  34.8, Input=  34.3, Error=   0.5, PIDTerms= 0.097/ 0.012/ 0.000/ 0.000, Output= 0.109(-1.000/1.000), Volt=12.1(10.0)
GlobalTracer.startCompetition_Warn: AUTO_MODE.periodic takes too long (0.031s)

GlobalTracer.startCompetition_Warn: AUTO_MODE.updates takes too long (0.060s)

GlobalTracer.startCompetition_Warn: AUTO_MODE takes too long (0.142s)

GlobalTracer.printPidInfo_Info: [3.439] elevatorPidController: Target=  34.8, Input=  34.4, Error=   0.4, PIDTerms= 0.077/ 0.012/-0.000/ 0.000, Output= 0.089(-1.000/1.000), Volt=12.1(10.0)
GlobalTracer.startCompetition_Warn: AUTO_MODE.periodic takes too long (0.028s)

GlobalTracer.startCompetition_Warn: AUTO_MODE.updates takes too long (0.062s)

GlobalTracer.startCompetition_Warn: AUTO_MODE takes too long (0.124s)

GlobalTracer.startCompetition_Warn: AUTO_MODE.preContinuousTasks takes too long (0.021s)

GlobalTracer.printPidInfo_Info: [3.566] elevatorPidController: Target=  34.8, Input=  34.4, Error=   0.4, PIDTerms= 0.077/ 0.012/ 0.000/ 0.000, Output= 0.089(-1.000/1.000), Volt=12.1(10.0)
GlobalTracer.startCompetition_Warn: AUTO_MODE.periodic takes too long (0.022s)

GlobalTracer.startCompetition_Warn: AUTO_MODE.updates takes too long (0.061s)

GlobalTracer.startCompetition_Warn: AUTO_MODE takes too long (0.121s)

GlobalTracer.printPidInfo_Info: [3.687] elevatorPidController: Target=  34.8, Input=  34.3, Error=   0.4, PIDTerms= 0.086/ 0.012/ 0.000/ 0.000, Output= 0.097(-1.000/1.000), Volt=12.1(10.0)
GlobalTracer.startCompetition_Warn: AUTO_MODE.updates takes too long (0.062s)

GlobalTracer.Robot_Info: [3.778]       DONE: xPos= -2.44,yPos=117.86,heading= -41.7/  25.0,volts=12.2(10.0)
GlobalTracer.printPidInfo_Info: [3.778] elevatorPidController: Target=   8.0, Input=  34.3, Error= -26.4, PIDTerms= 0.081/ 0.012/-0.000/ 0.000, Output= 0.000(-1.000/1.000), Volt=12.2(10.0)
GlobalTracer.startCompetition_Warn: AUTO_MODE.continuous takes too long (0.020s)

GlobalTracer.startCompetition_Warn: AUTO_MODE.periodic takes too long (0.022s)

GlobalTracer.startCompetition_Warn: AUTO_MODE.updates takes too long (0.062s)

GlobalTracer.startCompetition_Warn: AUTO_MODE takes too long (0.128s)

GlobalTracer.printPidInfo_Info: [3.908] elevatorPidController: Target=   8.0, Input=  34.4, Error= -26.4, PIDTerms=-5.270/-0.001/ 0.000/ 0.000, Output=-1.000(-1.000/1.000), Volt=12.1(10.0)
GlobalTracer.startCompetition_Warn: AUTO_MODE.periodic takes too long (0.022s)

GlobalTracer.startCompetition_Warn: AUTO_MODE.updates takes too long (0.061s)

GlobalTracer.startCompetition_Warn: AUTO_MODE takes too long (0.117s)

GlobalTracer.startCompetition_Warn: AUTO_MODE.preContinuousTasks takes too long (0.022s)

GlobalTracer.printPidInfo_Info: [4.026] elevatorPidController: Target=   8.0, Input=  28.7, Error= -20.7, PIDTerms=-4.150/-0.004/ 0.000/ 0.000, Output=-1.000(-1.000/1.000), Volt=12.4(10.0)
GlobalTracer.startCompetition_Warn: AUTO_MODE.periodic takes too long (0.023s)

GlobalTracer.startCompetition_Warn: AUTO_MODE.updates takes too long (0.062s)

GlobalTracer.startCompetition_Warn: AUTO_MODE takes too long (0.121s)

GlobalTracer.printPidInfo_Info: [4.149] elevatorPidController: Target=   8.0, Input=  20.6, Error= -12.6, PIDTerms=-2.522/-0.005/ 0.000/ 0.000, Output=-1.000(-1.000/1.000), Volt=12.3(10.0)
GlobalTracer.startCompetition_Warn: AUTO_MODE.periodic takes too long (0.024s)

GlobalTracer.startCompetition_Warn: AUTO_MODE.updates takes too long (0.062s)

GlobalTracer.startCompetition_Warn: AUTO_MODE takes too long (0.116s)

GlobalTracer.startCompetition_Warn: AUTO_MODE.preContinuousTasks takes too long (0.023s)

GlobalTracer.printPidInfo_Info: [4.268] elevatorPidController: Target=   8.0, Input=  13.7, Error=  -5.7, PIDTerms=-1.131/-0.006/ 0.000/ 0.000, Output=-1.000(-1.000/1.000), Volt=12.5(10.0)
GlobalTracer.startCompetition_Warn: AUTO_MODE.periodic takes too long (0.034s)

GlobalTracer.startCompetition_Warn: AUTO_MODE.updates takes too long (0.052s)

GlobalTracer.startCompetition_Warn: AUTO_MODE takes too long (0.126s)

GlobalTracer.printPidInfo_Info: [4.396] elevatorPidController: Target=   8.0, Input=   7.2, Error=   0.8, PIDTerms= 0.158/-0.006/ 0.000/ 0.000, Output= 0.152(-1.000/1.000), Volt=12.5(10.0)
GlobalTracer.startCompetition_Warn: AUTO_MODE.periodic takes too long (0.027s)

GlobalTracer.startCompetition_Warn: AUTO_MODE.updates takes too long (0.058s)

GlobalTracer.startCompetition_Warn: AUTO_MODE takes too long (0.119s)

GlobalTracer.printPidInfo_Info: [4.516] elevatorPidController: Target=   8.0, Input=   8.0, Error=   0.0, PIDTerms= 0.009/-0.006/-0.000/ 0.000, Output= 0.003(-1.000/1.000), Volt=12.5(10.0)
GlobalTracer.startCompetition_Warn: AUTO_MODE.periodic takes too long (0.034s)

GlobalTracer.startCompetition_Warn: AUTO_MODE.updates takes too long (0.055s)

GlobalTracer.startCompetition_Warn: AUTO_MODE takes too long (0.118s)

GlobalTracer.printPidInfo_Info: [4.635] elevatorPidController: Target=   8.0, Input=   8.2, Error=  -0.2, PIDTerms=-0.030/-0.006/-0.000/ 0.000, Output=-0.036(-1.000/1.000), Volt=12.6(10.0)
GlobalTracer.startCompetition_Warn: AUTO_MODE.periodic takes too long (0.044s)

GlobalTracer.startCompetition_Warn: AUTO_MODE.updates takes too long (0.058s)

GlobalTracer.startCompetition_Warn: AUTO_MODE takes too long (0.137s)

GlobalTracer.printPidInfo_Info: [4.774] elevatorPidController: Target=   8.0, Input=   8.1, Error=  -0.1, PIDTerms=-0.027/-0.006/ 0.000/ 0.000, Output=-0.033(-1.000/1.000), Volt=12.6(10.0)
GlobalTracer.startCompetition_Warn: AUTO_MODE.periodic takes too long (0.029s)

GlobalTracer.startCompetition_Warn: AUTO_MODE.updates takes too long (0.053s)

GlobalTracer.startCompetition_Warn: AUTO_MODE takes too long (0.109s)

GlobalTracer.printPidInfo_Info: [4.884] elevatorPidController: Target=   8.0, Input=   8.1, Error=  -0.1, PIDTerms=-0.026/-0.006/ 0.000/ 0.000, Output=-0.032(-1.000/1.000), Volt=12.6(10.0)
GlobalTracer.startCompetition_Warn: AUTO_MODE.updates takes too long (0.054s)

GlobalTracer.printPidInfo_Info: [4.962] elevatorPidController: Target=   8.0, Input=   8.1, Error=  -0.1, PIDTerms=-0.026/-0.006/ 0.000/ 0.000, Output=-0.032(-1.000/1.000), Volt=12.6(10.0)
GlobalTracer.startCompetition_Warn: AUTO_MODE.periodic takes too long (0.031s)

GlobalTracer.startCompetition_Warn: AUTO_MODE.updates takes too long (0.059s)

GlobalTracer.startCompetition_Warn: AUTO_MODE takes too long (0.125s)

GlobalTracer.printPidInfo_Info: [5.090] elevatorPidController: Target=   8.0, Input=   8.1, Error=  -0.1, PIDTerms=-0.026/-0.006/ 0.000/ 0.000, Output=-0.032(-1.000/1.000), Volt=12.6(10.0)
GlobalTracer.startCompetition_Warn: AUTO_MODE.periodic takes too long (0.026s)

GlobalTracer.startCompetition_Warn: AUTO_MODE.updates takes too long (0.056s)

GlobalTracer.startCompetition_Warn: AUTO_MODE takes too long (0.109s)

GlobalTracer.printPidInfo_Info: [5.199] elevatorPidController: Target=   8.0, Input=   8.1, Error=  -0.1, PIDTerms=-0.026/-0.006/ 0.000/ 0.000, Output=-0.032(-1.000/1.000), Volt=12.5(10.0)
GlobalTracer.startCompetition_Warn: AUTO_MODE.periodic takes too long (0.031s)

GlobalTracer.startCompetition_Warn: AUTO_MODE.updates takes too long (0.057s)

GlobalTracer.startCompetition_Warn: AUTO_MODE takes too long (0.118s)

GlobalTracer.printPidInfo_Info: [5.318] elevatorPidController: Target=   8.0, Input=   8.1, Error=  -0.1, PIDTerms=-0.026/-0.006/ 0.000/ 0.000, Output=-0.032(-1.000/1.000), Volt=12.6(10.0)
GlobalTracer.startCompetition_Warn: AUTO_MODE.periodic takes too long (0.034s)

GlobalTracer.startCompetition_Warn: AUTO_MODE.updates takes too long (0.055s)

GlobalTracer.startCompetition_Warn: AUTO_MODE takes too long (0.122s)

GlobalTracer.printPidInfo_Info: [5.444] elevatorPidController: Target=   8.0, Input=   8.1, Error=  -0.1, PIDTerms=-0.026/-0.006/ 0.000/ 0.000, Output=-0.032(-1.000/1.000), Volt=12.5(10.0)
GlobalTracer.startCompetition_Warn: AUTO_MODE.periodic takes too long (0.032s)

GlobalTracer.startCompetition_Warn: AUTO_MODE.updates takes too long (0.064s)

GlobalTracer.startCompetition_Warn: AUTO_MODE takes too long (0.124s)

GlobalTracer.printPidInfo_Info: [5.568] elevatorPidController: Target=   8.0, Input=   8.1, Error=  -0.1, PIDTerms=-0.026/-0.006/ 0.000/ 0.000, Output=-0.032(-1.000/1.000), Volt=12.6(10.0)
GlobalTracer.startCompetition_Warn: AUTO_MODE.periodic takes too long (0.022s)

GlobalTracer.startCompetition_Warn: AUTO_MODE.updates takes too long (0.058s)

GlobalTracer.startCompetition_Warn: AUTO_MODE takes too long (0.112s)

GlobalTracer.printPidInfo_Info: [5.681] elevatorPidController: Target=   8.0, Input=   8.1, Error=  -0.1, PIDTerms=-0.026/-0.006/ 0.000/ 0.000, Output=-0.032(-1.000/1.000), Volt=12.5(10.0)
GlobalTracer.startCompetition_Warn: AUTO_MODE.periodic takes too long (0.033s)

GlobalTracer.startCompetition_Warn: AUTO_MODE.updates takes too long (0.049s)

GlobalTracer.startCompetition_Warn: AUTO_MODE takes too long (0.118s)

GlobalTracer.startCompetition_Warn: AUTO_MODE.preContinuousTasks takes too long (0.021s)

GlobalTracer.printPidInfo_Info: [5.801] elevatorPidController: Target=   8.0, Input=   8.1, Error=  -0.1, PIDTerms=-0.026/-0.006/ 0.000/ 0.000, Output=-0.032(-1.000/1.000), Volt=12.6(10.0)
GlobalTracer.startCompetition_Warn: AUTO_MODE.periodic takes too long (0.032s)

GlobalTracer.startCompetition_Warn: AUTO_MODE.updates takes too long (0.060s)

GlobalTracer.startCompetition_Warn: AUTO_MODE takes too long (0.132s)

GlobalTracer.printPidInfo_Info: [5.935] elevatorPidController: Target=   8.0, Input=   8.1, Error=  -0.1, PIDTerms=-0.026/-0.006/ 0.000/ 0.000, Output=-0.032(-1.000/1.000), Volt=12.6(10.0)
GlobalTracer.startCompetition_Warn: AUTO_MODE.periodic takes too long (0.041s)

GlobalTracer.startCompetition_Warn: AUTO_MODE.updates takes too long (0.057s)

GlobalTracer.startCompetition_Warn: AUTO_MODE takes too long (0.123s)

GlobalTracer.printPidInfo_Info: [6.059] elevatorPidController: Target=   8.0, Input=   8.1, Error=  -0.1, PIDTerms=-0.026/-0.006/ 0.000/ 0.000, Output=-0.032(-1.000/1.000), Volt=12.6(10.0)
GlobalTracer.startCompetition_Warn: AUTO_MODE.periodic takes too long (0.030s)

GlobalTracer.startCompetition_Warn: AUTO_MODE.updates takes too long (0.064s)

GlobalTracer.startCompetition_Warn: AUTO_MODE takes too long (0.128s)

GlobalTracer.startCompetition_Warn: AUTO_MODE.preContinuousTasks takes too long (0.021s)

GlobalTracer.printPidInfo_Info: [6.189] elevatorPidController: Target=   8.0, Input=   8.1, Error=  -0.1, PIDTerms=-0.026/-0.006/ 0.000/ 0.000, Output=-0.032(-1.000/1.000), Volt=12.5(10.0)
GlobalTracer.startCompetition_Warn: AUTO_MODE.periodic takes too long (0.031s)

GlobalTracer.startCompetition_Warn: AUTO_MODE.updates takes too long (0.058s)

GlobalTracer.startCompetition_Warn: AUTO_MODE takes too long (0.126s)

GlobalTracer.startCompetition_Warn: AUTO_MODE.preContinuousTasks takes too long (0.028s)

GlobalTracer.printPidInfo_Info: [6.316] elevatorPidController: Target=   8.0, Input=   8.1, Error=  -0.1, PIDTerms=-0.026/-0.006/ 0.000/ 0.000, Output=-0.032(-1.000/1.000), Volt=12.5(10.0)
GlobalTracer.startCompetition_Warn: AUTO_MODE.periodic takes too long (0.027s)

GlobalTracer.startCompetition_Warn: AUTO_MODE.updates takes too long (0.060s)

GlobalTracer.startCompetition_Warn: AUTO_MODE takes too long (0.137s)

GlobalTracer.printPidInfo_Info: [6.455] elevatorPidController: Target=   8.0, Input=   8.1, Error=  -0.1, PIDTerms=-0.026/-0.006/ 0.000/ 0.000, Output=-0.032(-1.000/1.000), Volt=12.6(10.0)
GlobalTracer.startCompetition_Warn: AUTO_MODE.periodic takes too long (0.025s)

GlobalTracer.startCompetition_Warn: AUTO_MODE.updates takes too long (0.058s)

GlobalTracer.startCompetition_Warn: AUTO_MODE takes too long (0.120s)

GlobalTracer.printPidInfo_Info: [6.576] elevatorPidController: Target=   8.0, Input=   8.1, Error=  -0.1, PIDTerms=-0.026/-0.006/ 0.000/ 0.000, Output=-0.032(-1.000/1.000), Volt=12.6(10.0)
GlobalTracer.startCompetition_Warn: AUTO_MODE.periodic takes too long (0.021s)

GlobalTracer.startCompetition_Warn: AUTO_MODE.updates takes too long (0.068s)

GlobalTracer.startCompetition_Warn: AUTO_MODE takes too long (0.118s)

GlobalTracer.printPidInfo_Info: [6.695] elevatorPidController: Target=   8.0, Input=   8.1, Error=  -0.1, PIDTerms=-0.026/-0.006/ 0.000/ 0.000, Output=-0.032(-1.000/1.000), Volt=12.6(10.0)
GlobalTracer.startCompetition_Warn: AUTO_MODE.periodic takes too long (0.028s)

GlobalTracer.startCompetition_Warn: AUTO_MODE.updates takes too long (0.062s)

GlobalTracer.startCompetition_Warn: AUTO_MODE takes too long (0.118s)

GlobalTracer.printPidInfo_Info: [6.815] elevatorPidController: Target=   8.0, Input=   8.1, Error=  -0.1, PIDTerms=-0.026/-0.006/ 0.000/ 0.000, Output=-0.032(-1.000/1.000), Volt=12.6(10.0)
GlobalTracer.startCompetition_Warn: AUTO_MODE.periodic takes too long (0.020s)

GlobalTracer.startCompetition_Warn: AUTO_MODE.updates takes too long (0.071s)

GlobalTracer.startCompetition_Warn: AUTO_MODE takes too long (0.120s)

GlobalTracer.startCompetition_Warn: AUTO_MODE.preContinuousTasks takes too long (0.021s)

GlobalTracer.printPidInfo_Info: [6.935] elevatorPidController: Target=   8.0, Input=   8.1, Error=  -0.1, PIDTerms=-0.026/-0.006/ 0.000/ 0.000, Output=-0.032(-1.000/1.000), Volt=12.6(10.0)
GlobalTracer.startCompetition_Warn: AUTO_MODE.periodic takes too long (0.038s)

GlobalTracer.startCompetition_Warn: AUTO_MODE.updates takes too long (0.059s)

GlobalTracer.startCompetition_Warn: AUTO_MODE takes too long (0.131s)

GlobalTracer.printPidInfo_Info: [7.069] elevatorPidController: Target=   8.0, Input=   8.1, Error=  -0.1, PIDTerms=-0.026/-0.006/ 0.000/ 0.000, Output=-0.032(-1.000/1.000), Volt=12.6(10.0)
GlobalTracer.startCompetition_Warn: AUTO_MODE.periodic takes too long (0.033s)

GlobalTracer.startCompetition_Warn: AUTO_MODE.updates takes too long (0.059s)

GlobalTracer.startCompetition_Warn: AUTO_MODE takes too long (0.124s)

GlobalTracer.printPidInfo_Info: [7.195] elevatorPidController: Target=   8.0, Input=   8.1, Error=  -0.1, PIDTerms=-0.026/-0.006/ 0.000/ 0.000, Output=-0.032(-1.000/1.000), Volt=12.6(10.0)
GlobalTracer.startCompetition_Warn: AUTO_MODE.periodic takes too long (0.033s)

GlobalTracer.startCompetition_Warn: AUTO_MODE.updates takes too long (0.056s)

GlobalTracer.startCompetition_Warn: AUTO_MODE takes too long (0.119s)

GlobalTracer.printPidInfo_Info: [7.314] elevatorPidController: Target=   8.0, Input=   8.1, Error=  -0.1, PIDTerms=-0.026/-0.006/ 0.000/ 0.000, Output=-0.032(-1.000/1.000), Volt=12.6(10.0)
GlobalTracer.startCompetition_Warn: AUTO_MODE.updates takes too long (0.056s)

GlobalTracer.printPidInfo_Info: [7.400] elevatorPidController: Target=   8.0, Input=   8.1, Error=  -0.1, PIDTerms=-0.026/-0.006/ 0.000/ 0.000, Output=-0.032(-1.000/1.000), Volt=12.6(10.0)
GlobalTracer.startCompetition_Warn: AUTO_MODE.periodic takes too long (0.021s)

GlobalTracer.startCompetition_Warn: AUTO_MODE.updates takes too long (0.031s)

GlobalTracer.printPidInfo_Info: [7.480] elevatorPidController: Target=   8.0, Input=   8.1, Error=  -0.1, PIDTerms=-0.026/-0.006/ 0.000/ 0.000, Output=-0.032(-1.000/1.000), Volt=12.6(10.0)
GlobalTracer.startCompetition_Warn: AUTO_MODE.updates takes too long (0.032s)

GlobalTracer.printPidInfo_Info: [7.553] elevatorPidController: Target=   8.0, Input=   8.1, Error=  -0.1, PIDTerms=-0.026/-0.006/ 0.000/ 0.000, Output=-0.032(-1.000/1.000), Volt=12.6(10.0)
GlobalTracer.startCompetition_Warn: AUTO_MODE.updates takes too long (0.038s)

GlobalTracer.printPidInfo_Info: [7.627] elevatorPidController: Target=   8.0, Input=   8.1, Error=  -0.1, PIDTerms=-0.026/-0.006/ 0.000/ 0.000, Output=-0.032(-1.000/1.000), Volt=12.6(10.0)
GlobalTracer.startCompetition_Warn: AUTO_MODE.periodic takes too long (0.028s)

GlobalTracer.startCompetition_Warn: AUTO_MODE.updates takes too long (0.026s)

GlobalTracer.printPidInfo_Info: [7.697] elevatorPidController: Target=   8.0, Input=   8.1, Error=  -0.1, PIDTerms=-0.026/-0.006/ 0.000/ 0.000, Output=-0.032(-1.000/1.000), Volt=12.6(10.0)
GlobalTracer.startCompetition_Warn: AUTO_MODE.updates takes too long (0.030s)

GlobalTracer.printPidInfo_Info: [7.771] elevatorPidController: Target=   8.0, Input=   8.1, Error=  -0.1, PIDTerms=-0.026/-0.006/ 0.000/ 0.000, Output=-0.032(-1.000/1.000), Volt=12.6(10.0)
GlobalTracer.startCompetition_Warn: AUTO_MODE.updates takes too long (0.028s)

GlobalTracer.printPidInfo_Info: [7.837] elevatorPidController: Target=   8.0, Input=   8.1, Error=  -0.1, PIDTerms=-0.026/-0.006/ 0.000/ 0.000, Output=-0.032(-1.000/1.000), Volt=12.6(10.0)
GlobalTracer.startCompetition_Warn: AUTO_MODE.periodic takes too long (0.021s)

GlobalTracer.printPidInfo_Info: [7.899] elevatorPidController: Target=   8.0, Input=   8.1, Error=  -0.1, PIDTerms=-0.026/-0.006/ 0.000/ 0.000, Output=-0.032(-1.000/1.000), Volt=12.6(10.0)
GlobalTracer.printPidInfo_Info: [7.946] elevatorPidController: Target=   8.0, Input=   8.1, Error=  -0.1, PIDTerms=-0.026/-0.006/ 0.000/ 0.000, Output=-0.032(-1.000/1.000), Volt=12.6(10.0)
GlobalTracer.startCompetition_Warn: AUTO_MODE.updates takes too long (0.028s)

GlobalTracer.printPidInfo_Info: [7.999] elevatorPidController: Target=   8.0, Input=   8.1, Error=  -0.1, PIDTerms=-0.026/-0.006/ 0.000/ 0.000, Output=-0.032(-1.000/1.000), Volt=12.6(10.0)
GlobalTracer.startCompetition_Warn: AUTO_MODE.updates takes too long (0.028s)

GlobalTracer.printPidInfo_Info: [8.056] elevatorPidController: Target=   8.0, Input=   8.1, Error=  -0.1, PIDTerms=-0.026/-0.006/ 0.000/ 0.000, Output=-0.032(-1.000/1.000), Volt=12.6(10.0)
GlobalTracer.startCompetition_Warn: AUTO_MODE.updates takes too long (0.037s)

GlobalTracer.printPidInfo_Info: [8.121] elevatorPidController: Target=   8.0, Input=   8.1, Error=  -0.1, PIDTerms=-0.026/-0.006/ 0.000/ 0.000, Output=-0.032(-1.000/1.000), Volt=12.6(10.0)
GlobalTracer.startCompetition_Warn: AUTO_MODE.periodic takes too long (0.021s)

GlobalTracer.startCompetition_Warn: AUTO_MODE.updates takes too long (0.034s)

GlobalTracer.printPidInfo_Info: [8.202] elevatorPidController: Target=   8.0, Input=   8.1, Error=  -0.1, PIDTerms=-0.026/-0.006/ 0.000/ 0.000, Output=-0.032(-1.000/1.000), Volt=12.6(10.0)
GlobalTracer.startCompetition_Warn: AUTO_MODE.updates takes too long (0.028s)

GlobalTracer.printPidInfo_Info: [8.263] elevatorPidController: Target=   8.0, Input=   8.1, Error=  -0.1, PIDTerms=-0.026/-0.006/ 0.000/ 0.000, Output=-0.032(-1.000/1.000), Volt=12.6(10.0)
GlobalTracer.startCompetition_Warn: AUTO_MODE.updates takes too long (0.026s)

GlobalTracer.printPidInfo_Info: [8.328] elevatorPidController: Target=   8.0, Input=   8.1, Error=  -0.1, PIDTerms=-0.026/-0.006/ 0.000/ 0.000, Output=-0.032(-1.000/1.000), Volt=12.6(10.0)
GlobalTracer.startCompetition_Warn: AUTO_MODE.periodic takes too long (0.022s)

GlobalTracer.startCompetition_Warn: AUTO_MODE.updates takes too long (0.029s)

GlobalTracer.printPidInfo_Info: [8.411] elevatorPidController: Target=   8.0, Input=   8.1, Error=  -0.1, PIDTerms=-0.026/-0.006/ 0.000/ 0.000, Output=-0.032(-1.000/1.000), Volt=12.6(10.0)
GlobalTracer.startCompetition_Warn: AUTO_MODE.periodic takes too long (0.022s)

GlobalTracer.startCompetition_Warn: AUTO_MODE.updates takes too long (0.036s)

GlobalTracer.printPidInfo_Info: [8.497] elevatorPidController: Target=   8.0, Input=   8.1, Error=  -0.1, PIDTerms=-0.026/-0.006/ 0.000/ 0.000, Output=-0.032(-1.000/1.000), Volt=12.6(10.0)
GlobalTracer.startCompetition_Warn: AUTO_MODE.updates takes too long (0.064s)

GlobalTracer.printPidInfo_Info: [8.581] elevatorPidController: Target=   8.0, Input=   8.1, Error=  -0.1, PIDTerms=-0.026/-0.006/ 0.000/ 0.000, Output=-0.032(-1.000/1.000), Volt=12.6(10.0)
GlobalTracer.startCompetition_Warn: AUTO_MODE.periodic takes too long (0.025s)

GlobalTracer.startCompetition_Warn: AUTO_MODE.updates takes too long (0.031s)

GlobalTracer.printPidInfo_Info: [8.664] elevatorPidController: Target=   8.0, Input=   8.1, Error=  -0.1, PIDTerms=-0.026/-0.006/ 0.000/ 0.000, Output=-0.032(-1.000/1.000), Volt=12.6(10.0)
GlobalTracer.startCompetition_Warn: AUTO_MODE.updates takes too long (0.026s)

GlobalTracer.printPidInfo_Info: [8.729] elevatorPidController: Target=   8.0, Input=   8.1, Error=  -0.1, PIDTerms=-0.026/-0.006/ 0.000/ 0.000, Output=-0.032(-1.000/1.000), Volt=12.7(10.0)
GlobalTracer.startCompetition_Warn: AUTO_MODE.updates takes too long (0.034s)

GlobalTracer.printPidInfo_Info: [8.798] elevatorPidController: Target=   8.0, Input=   8.1, Error=  -0.1, PIDTerms=-0.026/-0.006/ 0.000/ 0.000, Output=-0.032(-1.000/1.000), Volt=12.6(10.0)
GlobalTracer.startCompetition_Warn: AUTO_MODE.updates takes too long (0.030s)

GlobalTracer.printPidInfo_Info: [8.865] elevatorPidController: Target=   8.0, Input=   8.1, Error=  -0.1, PIDTerms=-0.026/-0.006/ 0.000/ 0.000, Output=-0.032(-1.000/1.000), Volt=12.6(10.0)
GlobalTracer.startCompetition_Warn: AUTO_MODE.updates takes too long (0.032s)

GlobalTracer.printPidInfo_Info: [8.937] elevatorPidController: Target=   8.0, Input=   8.1, Error=  -0.1, PIDTerms=-0.026/-0.006/ 0.000/ 0.000, Output=-0.032(-1.000/1.000), Volt=12.6(10.0)
GlobalTracer.startCompetition_Warn: AUTO_MODE.updates takes too long (0.031s)

GlobalTracer.printPidInfo_Info: [8.997] elevatorPidController: Target=   8.0, Input=   8.1, Error=  -0.1, PIDTerms=-0.026/-0.006/ 0.000/ 0.000, Output=-0.032(-1.000/1.000), Volt=12.6(10.0)
GlobalTracer.startCompetition_Warn: AUTO_MODE.updates takes too long (0.022s)

GlobalTracer.printPidInfo_Info: [9.040] elevatorPidController: Target=   8.0, Input=   8.1, Error=  -0.1, PIDTerms=-0.026/-0.006/ 0.000/ 0.000, Output=-0.032(-1.000/1.000), Volt=12.6(10.0)
GlobalTracer.startCompetition_Warn: AUTO_MODE.updates takes too long (0.030s)

GlobalTracer.printPidInfo_Info: [9.106] elevatorPidController: Target=   8.0, Input=   8.1, Error=  -0.1, PIDTerms=-0.026/-0.006/ 0.000/ 0.000, Output=-0.032(-1.000/1.000), Volt=12.6(10.0)
GlobalTracer.startCompetition_Warn: AUTO_MODE.continuous takes too long (0.021s)

GlobalTracer.startCompetition_Warn: AUTO_MODE.updates takes too long (0.022s)

GlobalTracer.printPidInfo_Info: [9.182] elevatorPidController: Target=   8.0, Input=   8.1, Error=  -0.1, PIDTerms=-0.026/-0.006/ 0.000/ 0.000, Output=-0.032(-1.000/1.000), Volt=12.6(10.0)
GlobalTracer.startCompetition_Warn: AUTO_MODE.updates takes too long (0.025s)

GlobalTracer.printPidInfo_Info: [9.243] elevatorPidController: Target=   8.0, Input=   8.1, Error=  -0.1, PIDTerms=-0.026/-0.006/ 0.000/ 0.000, Output=-0.032(-1.000/1.000), Volt=12.6(10.0)
GlobalTracer.startCompetition_Warn: AUTO_MODE.updates takes too long (0.038s)

GlobalTracer.printPidInfo_Info: [9.319] elevatorPidController: Target=   8.0, Input=   8.1, Error=  -0.1, PIDTerms=-0.026/-0.006/ 0.000/ 0.000, Output=-0.032(-1.000/1.000), Volt=12.6(10.0)
GlobalTracer.startCompetition_Warn: AUTO_MODE.periodic takes too long (0.021s)

GlobalTracer.startCompetition_Warn: AUTO_MODE.updates takes too long (0.032s)

GlobalTracer.printPidInfo_Info: [9.399] elevatorPidController: Target=   8.0, Input=   8.1, Error=  -0.1, PIDTerms=-0.026/-0.006/ 0.000/ 0.000, Output=-0.032(-1.000/1.000), Volt=12.6(10.0)
GlobalTracer.startCompetition_Warn: AUTO_MODE.updates takes too long (0.026s)

GlobalTracer.printPidInfo_Info: [9.462] elevatorPidController: Target=   8.0, Input=   8.1, Error=  -0.1, PIDTerms=-0.026/-0.006/ 0.000/ 0.000, Output=-0.032(-1.000/1.000), Volt=12.6(10.0)
GlobalTracer.startCompetition_Warn: AUTO_MODE.updates takes too long (0.023s)

GlobalTracer.printPidInfo_Info: [9.514] elevatorPidController: Target=   8.0, Input=   8.1, Error=  -0.1, PIDTerms=-0.026/-0.006/ 0.000/ 0.000, Output=-0.032(-1.000/1.000), Volt=12.6(10.0)
GlobalTracer.startCompetition_Warn: AUTO_MODE.periodic takes too long (0.025s)

GlobalTracer.startCompetition_Warn: AUTO_MODE.updates takes too long (0.039s)

GlobalTracer.printPidInfo_Info: [9.604] elevatorPidController: Target=   8.0, Input=   8.1, Error=  -0.1, PIDTerms=-0.026/-0.006/ 0.000/ 0.000, Output=-0.032(-1.000/1.000), Volt=12.6(10.0)
GlobalTracer.startCompetition_Warn: AUTO_MODE.updates takes too long (0.030s)

GlobalTracer.printPidInfo_Info: [9.669] elevatorPidController: Target=   8.0, Input=   8.1, Error=  -0.1, PIDTerms=-0.026/-0.006/ 0.000/ 0.000, Output=-0.032(-1.000/1.000), Volt=12.6(10.0)
GlobalTracer.startCompetition_Warn: AUTO_MODE.updates takes too long (0.024s)

GlobalTracer.printPidInfo_Info: [9.718] elevatorPidController: Target=   8.0, Input=   8.1, Error=  -0.1, PIDTerms=-0.026/-0.006/ 0.000/ 0.000, Output=-0.032(-1.000/1.000), Volt=12.6(10.0)
GlobalTracer.startCompetition_Warn: AUTO_MODE.updates takes too long (0.038s)

GlobalTracer.printPidInfo_Info: [9.781] elevatorPidController: Target=   8.0, Input=   8.1, Error=  -0.1, PIDTerms=-0.026/-0.006/ 0.000/ 0.000, Output=-0.032(-1.000/1.000), Volt=12.6(10.0)
GlobalTracer.startCompetition_Warn: AUTO_MODE.updates takes too long (0.031s)

GlobalTracer.printPidInfo_Info: [9.853] elevatorPidController: Target=   8.0, Input=   8.1, Error=  -0.1, PIDTerms=-0.026/-0.006/ 0.000/ 0.000, Output=-0.032(-1.000/1.000), Volt=12.6(10.0)
GlobalTracer.startCompetition_Warn: AUTO_MODE.periodic takes too long (0.022s)

GlobalTracer.startCompetition_Warn: AUTO_MODE.updates takes too long (0.050s)

GlobalTracer.startCompetition_Warn: AUTO_MODE.preContinuousTasks takes too long (0.026s)

GlobalTracer.printPidInfo_Info: [9.943] elevatorPidController: Target=   8.0, Input=   8.1, Error=  -0.1, PIDTerms=-0.026/-0.006/ 0.000/ 0.000, Output=-0.032(-1.000/1.000), Volt=12.7(10.0)
GlobalTracer.startCompetition_Warn: AUTO_MODE.updates takes too long (0.060s)

GlobalTracer.startCompetition_Warn: AUTO_MODE.preContinuousTasks takes too long (0.024s)

GlobalTracer.printPidInfo_Info: [10.043] elevatorPidController: Target=   8.0, Input=   8.1, Error=  -0.1, PIDTerms=-0.026/-0.006/ 0.000/ 0.000, Output=-0.032(-1.000/1.000), Volt=12.7(10.0)
GlobalTracer.startCompetition_Warn: AUTO_MODE.periodic takes too long (0.029s)

GlobalTracer.startCompetition_Warn: AUTO_MODE.updates takes too long (0.034s)

GlobalTracer.startCompetition_Warn: AUTO_MODE takes too long (0.103s)

GlobalTracer.startCompetition_Warn: AUTO_MODE.preContinuousTasks takes too long (0.020s)

GlobalTracer.printPidInfo_Info: [10.147] elevatorPidController: Target=   8.0, Input=   8.1, Error=  -0.1, PIDTerms=-0.026/-0.006/ 0.000/ 0.000, Output=-0.032(-1.000/1.000), Volt=12.6(10.0)
GlobalTracer.startCompetition_Warn: AUTO_MODE.updates takes too long (0.030s)

GlobalTracer.printPidInfo_Info: [10.222] elevatorPidController: Target=   8.0, Input=   8.1, Error=  -0.1, PIDTerms=-0.026/-0.006/ 0.000/ 0.000, Output=-0.032(-1.000/1.000), Volt=12.6(10.0)
GlobalTracer.printPidInfo_Info: [10.282] elevatorPidController: Target=   8.0, Input=   8.1, Error=  -0.1, PIDTerms=-0.026/-0.006/ 0.000/ 0.000, Output=-0.032(-1.000/1.000), Volt=12.6(10.0)
GlobalTracer.startCompetition_Warn: AUTO_MODE.updates takes too long (0.040s)

GlobalTracer.printPidInfo_Info: [10.362] elevatorPidController: Target=   8.0, Input=   8.1, Error=  -0.1, PIDTerms=-0.026/-0.006/ 0.000/ 0.000, Output=-0.032(-1.000/1.000), Volt=12.6(10.0)
GlobalTracer.startCompetition_Warn: AUTO_MODE.updates takes too long (0.024s)

GlobalTracer.printPidInfo_Info: [10.417] elevatorPidController: Target=   8.0, Input=   8.1, Error=  -0.1, PIDTerms=-0.026/-0.006/ 0.000/ 0.000, Output=-0.032(-1.000/1.000), Volt=12.6(10.0)
GlobalTracer.startCompetition_Warn: AUTO_MODE.updates takes too long (0.021s)

GlobalTracer.printPidInfo_Info: [10.481] elevatorPidController: Target=   8.0, Input=   8.1, Error=  -0.1, PIDTerms=-0.026/-0.006/ 0.000/ 0.000, Output=-0.032(-1.000/1.000), Volt=12.6(10.0)
GlobalTracer.startCompetition_Warn: AUTO_MODE.updates takes too long (0.026s)

GlobalTracer.printPidInfo_Info: [10.542] elevatorPidController: Target=   8.0, Input=   8.1, Error=  -0.1, PIDTerms=-0.026/-0.006/ 0.000/ 0.000, Output=-0.032(-1.000/1.000), Volt=12.6(10.0)
GlobalTracer.startCompetition_Warn: AUTO_MODE.updates takes too long (0.032s)

GlobalTracer.printPidInfo_Info: [10.617] elevatorPidController: Target=   8.0, Input=   8.1, Error=  -0.1, PIDTerms=-0.026/-0.006/ 0.000/ 0.000, Output=-0.032(-1.000/1.000), Volt=12.6(10.0)
GlobalTracer.startCompetition_Warn: AUTO_MODE.updates takes too long (0.028s)

GlobalTracer.printPidInfo_Info: [10.676] elevatorPidController: Target=   8.0, Input=   8.1, Error=  -0.1, PIDTerms=-0.026/-0.006/ 0.000/ 0.000, Output=-0.032(-1.000/1.000), Volt=12.6(10.0)
GlobalTracer.startCompetition_Warn: AUTO_MODE.updates takes too long (0.033s)

GlobalTracer.printPidInfo_Info: [10.741] elevatorPidController: Target=   8.0, Input=   8.1, Error=  -0.1, PIDTerms=-0.026/-0.006/ 0.000/ 0.000, Output=-0.032(-1.000/1.000), Volt=12.6(10.0)
GlobalTracer.startCompetition_Warn: AUTO_MODE.updates takes too long (0.037s)

GlobalTracer.printPidInfo_Info: [10.821] elevatorPidController: Target=   8.0, Input=   8.1, Error=  -0.1, PIDTerms=-0.026/-0.007/ 0.000/ 0.000, Output=-0.032(-1.000/1.000), Volt=12.6(10.0)
GlobalTracer.startCompetition_Warn: AUTO_MODE.updates takes too long (0.032s)

GlobalTracer.printPidInfo_Info: [10.889] elevatorPidController: Target=   8.0, Input=   8.1, Error=  -0.1, PIDTerms=-0.026/-0.007/ 0.000/ 0.000, Output=-0.032(-1.000/1.000), Volt=12.6(10.0)
GlobalTracer.startCompetition_Warn: AUTO_MODE.updates takes too long (0.022s)

GlobalTracer.printPidInfo_Info: [10.943] elevatorPidController: Target=   8.0, Input=   8.1, Error=  -0.1, PIDTerms=-0.026/-0.007/ 0.000/ 0.000, Output=-0.032(-1.000/1.000), Volt=12.6(10.0)
GlobalTracer.startCompetition_Warn: AUTO_MODE.updates takes too long (0.022s)

GlobalTracer.printPidInfo_Info: [11.004] elevatorPidController: Target=   8.0, Input=   8.1, Error=  -0.1, PIDTerms=-0.026/-0.007/ 0.000/ 0.000, Output=-0.032(-1.000/1.000), Volt=12.6(10.0)
GlobalTracer.startCompetition_Warn: AUTO_MODE.updates takes too long (0.027s)

GlobalTracer.printPidInfo_Info: [11.064] elevatorPidController: Target=   8.0, Input=   8.1, Error=  -0.1, PIDTerms=-0.026/-0.007/ 0.000/ 0.000, Output=-0.032(-1.000/1.000), Volt=12.6(10.0)
GlobalTracer.startCompetition_Warn: AUTO_MODE.periodic takes too long (0.020s)

GlobalTracer.startCompetition_Warn: AUTO_MODE.updates takes too long (0.030s)

GlobalTracer.printPidInfo_Info: [11.138] elevatorPidController: Target=   8.0, Input=   8.1, Error=  -0.1, PIDTerms=-0.026/-0.007/ 0.000/ 0.000, Output=-0.032(-1.000/1.000), Volt=12.6(10.0)
GlobalTracer.startCompetition_Warn: AUTO_MODE.periodic takes too long (0.021s)

GlobalTracer.startCompetition_Warn: AUTO_MODE.updates takes too long (0.034s)

GlobalTracer.printPidInfo_Info: [11.215] elevatorPidController: Target=   8.0, Input=   8.1, Error=  -0.1, PIDTerms=-0.026/-0.007/ 0.000/ 0.000, Output=-0.032(-1.000/1.000), Volt=12.6(10.0)
GlobalTracer.startCompetition_Warn: AUTO_MODE.updates takes too long (0.021s)

GlobalTracer.printPidInfo_Info: [11.272] elevatorPidController: Target=   8.0, Input=   8.1, Error=  -0.1, PIDTerms=-0.026/-0.007/ 0.000/ 0.000, Output=-0.032(-1.000/1.000), Volt=12.5(10.0)
GlobalTracer.startCompetition_Warn: AUTO_MODE.updates takes too long (0.031s)

GlobalTracer.printPidInfo_Info: [11.346] elevatorPidController: Target=   8.0, Input=   8.1, Error=  -0.1, PIDTerms=-0.026/-0.007/ 0.000/ 0.000, Output=-0.032(-1.000/1.000), Volt=12.6(10.0)
GlobalTracer.startCompetition_Warn: AUTO_MODE.periodic takes too long (0.021s)

GlobalTracer.startCompetition_Warn: AUTO_MODE.updates takes too long (0.031s)

GlobalTracer.printPidInfo_Info: [11.417] elevatorPidController: Target=   8.0, Input=   8.1, Error=  -0.1, PIDTerms=-0.026/-0.007/ 0.000/ 0.000, Output=-0.032(-1.000/1.000), Volt=12.6(10.0)
GlobalTracer.startCompetition_Warn: AUTO_MODE.updates takes too long (0.032s)

GlobalTracer.printPidInfo_Info: [11.481] elevatorPidController: Target=   8.0, Input=   8.1, Error=  -0.1, PIDTerms=-0.026/-0.007/ 0.000/ 0.000, Output=-0.032(-1.000/1.000), Volt=12.6(10.0)
GlobalTracer.startCompetition_Warn: AUTO_MODE.updates takes too long (0.024s)

GlobalTracer.printPidInfo_Info: [11.549] elevatorPidController: Target=   8.0, Input=   8.1, Error=  -0.1, PIDTerms=-0.026/-0.007/ 0.000/ 0.000, Output=-0.032(-1.000/1.000), Volt=12.6(10.0)
GlobalTracer.startCompetition_Warn: AUTO_MODE.periodic takes too long (0.021s)

GlobalTracer.startCompetition_Warn: AUTO_MODE.updates takes too long (0.036s)

GlobalTracer.printPidInfo_Info: [11.626] elevatorPidController: Target=   8.0, Input=   8.1, Error=  -0.1, PIDTerms=-0.026/-0.007/ 0.000/ 0.000, Output=-0.032(-1.000/1.000), Volt=12.6(10.0)
GlobalTracer.startCompetition_Warn: AUTO_MODE.updates takes too long (0.027s)

GlobalTracer.printPidInfo_Info: [11.687] elevatorPidController: Target=   8.0, Input=   8.1, Error=  -0.1, PIDTerms=-0.026/-0.007/ 0.000/ 0.000, Output=-0.032(-1.000/1.000), Volt=12.6(10.0)
GlobalTracer.startCompetition_Warn: AUTO_MODE.periodic takes too long (0.021s)

GlobalTracer.startCompetition_Warn: AUTO_MODE.updates takes too long (0.025s)

GlobalTracer.printPidInfo_Info: [11.768] elevatorPidController: Target=   8.0, Input=   8.1, Error=  -0.1, PIDTerms=-0.026/-0.007/ 0.000/ 0.000, Output=-0.032(-1.000/1.000), Volt=12.6(10.0)
GlobalTracer.startCompetition_Warn: AUTO_MODE.updates takes too long (0.024s)

GlobalTracer.printPidInfo_Info: [11.831] elevatorPidController: Target=   8.0, Input=   8.1, Error=  -0.1, PIDTerms=-0.026/-0.007/ 0.000/ 0.000, Output=-0.032(-1.000/1.000), Volt=12.6(10.0)
GlobalTracer.startCompetition_Warn: AUTO_MODE.periodic takes too long (0.022s)

GlobalTracer.startCompetition_Warn: AUTO_MODE.updates takes too long (0.036s)

GlobalTracer.printPidInfo_Info: [11.908] elevatorPidController: Target=   8.0, Input=   8.1, Error=  -0.1, PIDTerms=-0.026/-0.007/ 0.000/ 0.000, Output=-0.032(-1.000/1.000), Volt=12.6(10.0)
GlobalTracer.startCompetition_Warn: AUTO_MODE.updates takes too long (0.034s)

GlobalTracer.printPidInfo_Info: [11.981] elevatorPidController: Target=   8.0, Input=   8.1, Error=  -0.1, PIDTerms=-0.026/-0.007/ 0.000/ 0.000, Output=-0.032(-1.000/1.000), Volt=12.6(10.0)
GlobalTracer.startCompetition_Warn: AUTO_MODE.updates takes too long (0.030s)

GlobalTracer.printPidInfo_Info: [12.050] elevatorPidController: Target=   8.0, Input=   8.1, Error=  -0.1, PIDTerms=-0.026/-0.007/ 0.000/ 0.000, Output=-0.032(-1.000/1.000), Volt=12.6(10.0)
GlobalTracer.startCompetition_Warn: AUTO_MODE.updates takes too long (0.026s)

GlobalTracer.printPidInfo_Info: [12.116] elevatorPidController: Target=   8.0, Input=   8.1, Error=  -0.1, PIDTerms=-0.026/-0.007/ 0.000/ 0.000, Output=-0.032(-1.000/1.000), Volt=12.6(10.0)
GlobalTracer.startCompetition_Warn: AUTO_MODE.updates takes too long (0.038s)

GlobalTracer.printPidInfo_Info: [12.185] elevatorPidController: Target=   8.0, Input=   8.1, Error=  -0.1, PIDTerms=-0.026/-0.007/ 0.000/ 0.000, Output=-0.032(-1.000/1.000), Volt=12.6(10.0)
GlobalTracer.printPidInfo_Info: [12.242] elevatorPidController: Target=   8.0, Input=   8.1, Error=  -0.1, PIDTerms=-0.026/-0.007/ 0.000/ 0.000, Output=-0.032(-1.000/1.000), Volt=12.6(10.0)
GlobalTracer.startCompetition_Warn: AUTO_MODE.periodic takes too long (0.022s)

GlobalTracer.startCompetition_Warn: AUTO_MODE.updates takes too long (0.033s)

GlobalTracer.printPidInfo_Info: [12.327] elevatorPidController: Target=   8.0, Input=   8.1, Error=  -0.1, PIDTerms=-0.026/-0.007/ 0.000/ 0.000, Output=-0.032(-1.000/1.000), Volt=12.6(10.0)
GlobalTracer.startCompetition_Warn: AUTO_MODE.updates takes too long (0.041s)

GlobalTracer.printPidInfo_Info: [12.405] elevatorPidController: Target=   8.0, Input=   8.1, Error=  -0.1, PIDTerms=-0.026/-0.007/ 0.000/ 0.000, Output=-0.032(-1.000/1.000), Volt=12.6(10.0)
GlobalTracer.startCompetition_Warn: AUTO_MODE.updates takes too long (0.030s)

GlobalTracer.printPidInfo_Info: [12.475] elevatorPidController: Target=   8.0, Input=   8.1, Error=  -0.1, PIDTerms=-0.026/-0.007/ 0.000/ 0.000, Output=-0.033(-1.000/1.000), Volt=12.6(10.0)
GlobalTracer.startCompetition_Warn: AUTO_MODE.updates takes too long (0.035s)

GlobalTracer.printPidInfo_Info: [12.541] elevatorPidController: Target=   8.0, Input=   8.1, Error=  -0.1, PIDTerms=-0.026/-0.007/ 0.000/ 0.000, Output=-0.033(-1.000/1.000), Volt=12.5(10.0)
GlobalTracer.startCompetition_Warn: AUTO_MODE.updates takes too long (0.037s)

GlobalTracer.printPidInfo_Info: [12.618] elevatorPidController: Target=   8.0, Input=   8.1, Error=  -0.1, PIDTerms=-0.026/-0.007/ 0.000/ 0.000, Output=-0.033(-1.000/1.000), Volt=12.6(10.0)
GlobalTracer.startCompetition_Warn: AUTO_MODE.updates takes too long (0.038s)

GlobalTracer.printPidInfo_Info: [12.688] elevatorPidController: Target=   8.0, Input=   8.1, Error=  -0.1, PIDTerms=-0.026/-0.007/ 0.000/ 0.000, Output=-0.033(-1.000/1.000), Volt=12.6(10.0)
GlobalTracer.startCompetition_Warn: AUTO_MODE.updates takes too long (0.023s)

GlobalTracer.printPidInfo_Info: [12.739] elevatorPidController: Target=   8.0, Input=   8.1, Error=  -0.1, PIDTerms=-0.026/-0.007/ 0.000/ 0.000, Output=-0.033(-1.000/1.000), Volt=12.6(10.0)
GlobalTracer.startCompetition_Warn: AUTO_MODE.updates takes too long (0.024s)

GlobalTracer.printPidInfo_Info: [12.798] elevatorPidController: Target=   8.0, Input=   8.1, Error=  -0.1, PIDTerms=-0.026/-0.007/ 0.000/ 0.000, Output=-0.033(-1.000/1.000), Volt=12.6(10.0)
GlobalTracer.startCompetition_Warn: AUTO_MODE.updates takes too long (0.026s)

GlobalTracer.printPidInfo_Info: [12.862] elevatorPidController: Target=   8.0, Input=   8.1, Error=  -0.1, PIDTerms=-0.026/-0.007/ 0.000/ 0.000, Output=-0.033(-1.000/1.000), Volt=12.6(10.0)
GlobalTracer.startCompetition_Warn: AUTO_MODE.periodic takes too long (0.021s)

GlobalTracer.startCompetition_Warn: AUTO_MODE.updates takes too long (0.030s)

GlobalTracer.printPidInfo_Info: [12.936] elevatorPidController: Target=   8.0, Input=   8.1, Error=  -0.1, PIDTerms=-0.026/-0.007/ 0.000/ 0.000, Output=-0.033(-1.000/1.000), Volt=12.7(10.0)
GlobalTracer.startCompetition_Warn: AUTO_MODE.updates takes too long (0.037s)

GlobalTracer.startCompetition_Warn: AUTO_MODE.preContinuousTasks takes too long (0.025s)

GlobalTracer.printPidInfo_Info: [13.001] elevatorPidController: Target=   8.0, Input=   8.1, Error=  -0.1, PIDTerms=-0.026/-0.007/ 0.000/ 0.000, Output=-0.033(-1.000/1.000), Volt=12.6(10.0)
GlobalTracer.startCompetition_Warn: AUTO_MODE.updates takes too long (0.033s)

GlobalTracer.printPidInfo_Info: [13.082] elevatorPidController: Target=   8.0, Input=   8.1, Error=  -0.1, PIDTerms=-0.026/-0.007/ 0.000/ 0.000, Output=-0.033(-1.000/1.000), Volt=12.6(10.0)
GlobalTracer.startCompetition_Warn: AUTO_MODE.updates takes too long (0.035s)

GlobalTracer.printPidInfo_Info: [13.145] elevatorPidController: Target=   8.0, Input=   8.1, Error=  -0.1, PIDTerms=-0.026/-0.007/ 0.000/ 0.000, Output=-0.033(-1.000/1.000), Volt=12.6(10.0)
GlobalTracer.startCompetition_Warn: AUTO_MODE.updates takes too long (0.031s)

GlobalTracer.printPidInfo_Info: [13.214] elevatorPidController: Target=   8.0, Input=   8.1, Error=  -0.1, PIDTerms=-0.026/-0.007/ 0.000/ 0.000, Output=-0.033(-1.000/1.000), Volt=12.6(10.0)
GlobalTracer.startCompetition_Warn: AUTO_MODE.updates takes too long (0.030s)

GlobalTracer.printPidInfo_Info: [13.281] elevatorPidController: Target=   8.0, Input=   8.1, Error=  -0.1, PIDTerms=-0.026/-0.007/ 0.000/ 0.000, Output=-0.033(-1.000/1.000), Volt=12.6(10.0)
GlobalTracer.startCompetition_Warn: AUTO_MODE.periodic takes too long (0.020s)

GlobalTracer.startCompetition_Warn: AUTO_MODE.updates takes too long (0.026s)

GlobalTracer.printPidInfo_Info: [13.349] elevatorPidController: Target=   8.0, Input=   8.1, Error=  -0.1, PIDTerms=-0.026/-0.007/ 0.000/ 0.000, Output=-0.033(-1.000/1.000), Volt=12.6(10.0)
GlobalTracer.startCompetition_Warn: AUTO_MODE.updates takes too long (0.027s)

GlobalTracer.printPidInfo_Info: [13.414] elevatorPidController: Target=   8.0, Input=   8.1, Error=  -0.1, PIDTerms=-0.026/-0.007/ 0.000/ 0.000, Output=-0.033(-1.000/1.000), Volt=12.6(10.0)
GlobalTracer.startCompetition_Warn: AUTO_MODE.updates takes too long (0.026s)

GlobalTracer.printPidInfo_Info: [13.474] elevatorPidController: Target=   8.0, Input=   8.1, Error=  -0.1, PIDTerms=-0.026/-0.007/ 0.000/ 0.000, Output=-0.033(-1.000/1.000), Volt=12.6(10.0)
GlobalTracer.startCompetition_Warn: AUTO_MODE.updates takes too long (0.034s)

GlobalTracer.printPidInfo_Info: [13.545] elevatorPidController: Target=   8.0, Input=   8.1, Error=  -0.1, PIDTerms=-0.026/-0.007/ 0.000/ 0.000, Output=-0.033(-1.000/1.000), Volt=12.6(10.0)
GlobalTracer.startCompetition_Warn: AUTO_MODE.updates takes too long (0.037s)

GlobalTracer.printPidInfo_Info: [13.620] elevatorPidController: Target=   8.0, Input=   8.1, Error=  -0.1, PIDTerms=-0.026/-0.007/ 0.000/ 0.000, Output=-0.033(-1.000/1.000), Volt=12.7(10.0)
GlobalTracer.startCompetition_Warn: AUTO_MODE.updates takes too long (0.030s)

GlobalTracer.printPidInfo_Info: [13.689] elevatorPidController: Target=   8.0, Input=   8.1, Error=  -0.1, PIDTerms=-0.026/-0.007/ 0.000/ 0.000, Output=-0.033(-1.000/1.000), Volt=12.6(10.0)
GlobalTracer.startCompetition_Warn: AUTO_MODE.updates takes too long (0.024s)

GlobalTracer.printPidInfo_Info: [13.746] elevatorPidController: Target=   8.0, Input=   8.1, Error=  -0.1, PIDTerms=-0.026/-0.007/ 0.000/ 0.000, Output=-0.033(-1.000/1.000), Volt=12.6(10.0)
GlobalTracer.startCompetition_Warn: AUTO_MODE.updates takes too long (0.035s)

GlobalTracer.printPidInfo_Info: [13.818] elevatorPidController: Target=   8.0, Input=   8.1, Error=  -0.1, PIDTerms=-0.026/-0.007/ 0.000/ 0.000, Output=-0.033(-1.000/1.000), Volt=12.6(10.0)
GlobalTracer.startCompetition_Warn: AUTO_MODE.updates takes too long (0.032s)

GlobalTracer.printPidInfo_Info: [13.880] elevatorPidController: Target=   8.0, Input=   8.1, Error=  -0.1, PIDTerms=-0.026/-0.007/ 0.000/ 0.000, Output=-0.033(-1.000/1.000), Volt=12.6(10.0)
GlobalTracer.startCompetition_Warn: AUTO_MODE.updates takes too long (0.031s)

GlobalTracer.printPidInfo_Info: [13.961] elevatorPidController: Target=   8.0, Input=   8.1, Error=  -0.1, PIDTerms=-0.026/-0.007/ 0.000/ 0.000, Output=-0.033(-1.000/1.000), Volt=12.6(10.0)
GlobalTracer.startCompetition_Warn: AUTO_MODE.periodic takes too long (0.022s)

GlobalTracer.startCompetition_Warn: AUTO_MODE.updates takes too long (0.036s)

GlobalTracer.printPidInfo_Info: [14.042] elevatorPidController: Target=   8.0, Input=   8.1, Error=  -0.1, PIDTerms=-0.026/-0.007/ 0.000/ 0.000, Output=-0.033(-1.000/1.000), Volt=12.6(10.0)
GlobalTracer.startCompetition_Warn: AUTO_MODE.updates takes too long (0.037s)

GlobalTracer.printPidInfo_Info: [14.101] elevatorPidController: Target=   8.0, Input=   8.1, Error=  -0.1, PIDTerms=-0.026/-0.007/ 0.000/ 0.000, Output=-0.033(-1.000/1.000), Volt=12.6(10.0)
GlobalTracer.startCompetition_Warn: AUTO_MODE.updates takes too long (0.023s)

GlobalTracer.printPidInfo_Info: [14.162] elevatorPidController: Target=   8.0, Input=   8.1, Error=  -0.1, PIDTerms=-0.026/-0.007/ 0.000/ 0.000, Output=-0.033(-1.000/1.000), Volt=12.6(10.0)
GlobalTracer.printPidInfo_Info: [14.202] elevatorPidController: Target=   8.0, Input=   8.1, Error=  -0.1, PIDTerms=-0.026/-0.007/ 0.000/ 0.000, Output=-0.033(-1.000/1.000), Volt=12.6(10.0)
GlobalTracer.startCompetition_Warn: AUTO_MODE.updates takes too long (0.028s)

GlobalTracer.printPidInfo_Info: [14.261] elevatorPidController: Target=   8.0, Input=   8.1, Error=  -0.1, PIDTerms=-0.026/-0.007/ 0.000/ 0.000, Output=-0.033(-1.000/1.000), Volt=12.6(10.0)
GlobalTracer.startCompetition_Warn: AUTO_MODE.updates takes too long (0.034s)

GlobalTracer.printPidInfo_Info: [14.334] elevatorPidController: Target=   8.0, Input=   8.1, Error=  -0.1, PIDTerms=-0.026/-0.007/ 0.000/ 0.000, Output=-0.033(-1.000/1.000), Volt=12.6(10.0)
GlobalTracer.startCompetition_Warn: AUTO_MODE.updates takes too long (0.025s)

GlobalTracer.printPidInfo_Info: [14.394] elevatorPidController: Target=   8.0, Input=   8.1, Error=  -0.1, PIDTerms=-0.026/-0.007/ 0.000/ 0.000, Output=-0.033(-1.000/1.000), Volt=12.6(10.0)
GlobalTracer.startCompetition_Warn: AUTO_MODE.updates takes too long (0.035s)

GlobalTracer.printPidInfo_Info: [14.459] elevatorPidController: Target=   8.0, Input=   8.1, Error=  -0.1, PIDTerms=-0.026/-0.007/ 0.000/ 0.000, Output=-0.033(-1.000/1.000), Volt=12.6(10.0)
GlobalTracer.startCompetition_Warn: AUTO_MODE.updates takes too long (0.037s)

GlobalTracer.printPidInfo_Info: [14.524] elevatorPidController: Target=   8.0, Input=   8.1, Error=  -0.1, PIDTerms=-0.026/-0.007/ 0.000/ 0.000, Output=-0.033(-1.000/1.000), Volt=12.6(10.0)
GlobalTracer.startCompetition_Warn: AUTO_MODE.updates takes too long (0.038s)

GlobalTracer.printPidInfo_Info: [14.604] elevatorPidController: Target=   8.0, Input=   8.1, Error=  -0.1, PIDTerms=-0.026/-0.007/ 0.000/ 0.000, Output=-0.033(-1.000/1.000), Volt=12.7(10.0)
GlobalTracer.startCompetition_Warn: AUTO_MODE.updates takes too long (0.024s)

GlobalTracer.printPidInfo_Info: [14.663] elevatorPidController: Target=   8.0, Input=   8.1, Error=  -0.1, PIDTerms=-0.026/-0.007/ 0.000/ 0.000, Output=-0.033(-1.000/1.000), Volt=12.6(10.0)
GlobalTracer.startCompetition_Warn: AUTO_MODE.updates takes too long (0.025s)

GlobalTracer.printPidInfo_Info: [14.716] elevatorPidController: Target=   8.0, Input=   8.1, Error=  -0.1, PIDTerms=-0.026/-0.007/ 0.000/ 0.000, Output=-0.033(-1.000/1.000), Volt=12.7(10.0)
GlobalTracer.startCompetition_Warn: AUTO_MODE.periodic takes too long (0.021s)

GlobalTracer.startCompetition_Warn: AUTO_MODE.updates takes too long (0.034s)

GlobalTracer.printPidInfo_Info: [14.795] elevatorPidController: Target=   8.0, Input=   8.1, Error=  -0.1, PIDTerms=-0.026/-0.007/ 0.000/ 0.000, Output=-0.033(-1.000/1.000), Volt=12.6(10.0)
GlobalTracer.printPidInfo_Info: [14.848] elevatorPidController: Target=   8.0, Input=   8.1, Error=  -0.1, PIDTerms=-0.026/-0.007/ 0.000/ 0.000, Output=-0.033(-1.000/1.000), Volt=12.7(10.0)
GlobalTracer.startCompetition_Warn: AUTO_MODE.updates takes too long (0.028s)

GlobalTracer.printPidInfo_Info: [14.901] elevatorPidController: Target=   8.0, Input=   8.1, Error=  -0.1, PIDTerms=-0.026/-0.007/ 0.000/ 0.000, Output=-0.033(-1.000/1.000), Volt=12.7(10.0)
GlobalTracer.printPidInfo_Info: [14.942] elevatorPidController: Target=   8.0, Input=   8.1, Error=  -0.1, PIDTerms=-0.026/-0.007/ 0.000/ 0.000, Output=-0.033(-1.000/1.000), Volt=12.6(10.0)
GlobalTracer.startCompetition_Warn: AUTO_MODE.updates takes too long (0.027s)

GlobalTracer.printPidInfo_Info: [14.997] elevatorPidController: Target=   8.0, Input=   8.1, Error=  -0.1, PIDTerms=-0.026/-0.007/ 0.000/ 0.000, Output=-0.033(-1.000/1.000), Volt=12.7(10.0)
GlobalTracer.startCompetition_Warn: AUTO_MODE.updates takes too long (0.028s)

GlobalTracer.printPidInfo_Info: [15.069] elevatorPidController: Target=   8.0, Input=   8.1, Error=  -0.1, PIDTerms=-0.026/-0.007/ 0.000/ 0.000, Output=-0.033(-1.000/1.000), Volt=12.7(10.0)
GlobalTracer.startCompetition_Warn: AUTO_MODE.updates takes too long (0.024s)

GlobalTracer.printPidInfo_Info: [15.117] elevatorPidController: Target=   8.0, Input=   8.1, Error=  -0.1, PIDTerms=-0.026/-0.007/ 0.000/ 0.000, Output=-0.033(-1.000/1.000), Volt=12.6(10.0)
GlobalTracer.startCompetition_Warn: AUTO_MODE.updates takes too long (0.038s)

GlobalTracer.printPidInfo_Info: [15.181] elevatorPidController: Target=   8.0, Input=   8.1, Error=  -0.1, PIDTerms=-0.026/-0.007/ 0.000/ 0.000, Output=-0.033(-1.000/1.000), Volt=12.6(10.0)
GlobalTracer.startCompetition_Warn: AUTO_MODE.updates takes too long (0.033s)

GlobalTracer.printPidInfo_Info: [15.249] elevatorPidController: Target=   8.0, Input=   8.1, Error=  -0.1, PIDTerms=-0.026/-0.007/ 0.000/ 0.000, Output=-0.033(-1.000/1.000), Volt=12.6(10.0)
GlobalTracer.startCompetition_Warn: AUTO_MODE.updates takes too long (0.040s)

GlobalTracer.printPidInfo_Info: [15.311] elevatorPidController: Target=   8.0, Input=   8.1, Error=  -0.1, PIDTerms=-0.026/-0.007/ 0.000/ 0.000, Output=-0.033(-1.000/1.000), Volt=12.6(10.0)
GlobalTracer.startCompetition_Warn: AUTO_MODE.updates takes too long (0.033s)

GlobalTracer.Vision_Info: Pixy is disabled!
GlobalTracer.TaskPerformance_Info: leftDriveStick.prePeriodic: PrePeriodic=0.000012, PostPeriodic=NaN, PreContinuous=NaN, PostContinous=NaN
GlobalTracer.TaskPerformance_Info: rightDriveStick.prePeriodic: PrePeriodic=0.000009, PostPeriodic=NaN, PreContinuous=NaN, PostContinous=NaN
GlobalTracer.TaskPerformance_Info: operatorStick.prePeriodic: PrePeriodic=0.000006, PostPeriodic=NaN, PreContinuous=NaN, PostContinous=NaN
GlobalTracer.TaskPerformance_Info: TrcRobotBattery.preContinuous: PrePeriodic=NaN, PostPeriodic=NaN, PreContinuous=0.002792, PostContinous=NaN
GlobalTracer.TaskPerformance_Info: LeftSonar.preContinuous: PrePeriodic=NaN, PostPeriodic=NaN, PreContinuous=NaN, PostContinous=NaN
GlobalTracer.TaskPerformance_Info: LeftSonar.preContinuous: PrePeriodic=NaN, PostPeriodic=NaN, PreContinuous=NaN, PostContinous=NaN
GlobalTracer.TaskPerformance_Info: RightSonar.preContinuous: PrePeriodic=NaN, PostPeriodic=NaN, PreContinuous=NaN, PostContinous=NaN
GlobalTracer.TaskPerformance_Info: RightSonar.preContinuous: PrePeriodic=NaN, PostPeriodic=NaN, PreContinuous=NaN, PostContinous=NaN
GlobalTracer.TaskPerformance_Info: LeftFrontWheel.stop: PrePeriodic=NaN, PostPeriodic=NaN, PreContinuous=NaN, PostContinous=NaN
GlobalTracer.TaskPerformance_Info: LeftFrontWheel.preContinuousTask: PrePeriodic=NaN, PostPeriodic=NaN, PreContinuous=NaN, PostContinous=NaN
GlobalTracer.TaskPerformance_Info: LeftRearWheel.stop: PrePeriodic=NaN, PostPeriodic=NaN, PreContinuous=NaN, PostContinous=NaN
GlobalTracer.TaskPerformance_Info: LeftRearWheel.preContinuousTask: PrePeriodic=NaN, PostPeriodic=NaN, PreContinuous=NaN, PostContinous=NaN
GlobalTracer.TaskPerformance_Info: RightFrontWheel.stop: PrePeriodic=NaN, PostPeriodic=NaN, PreContinuous=NaN, PostContinous=NaN
GlobalTracer.TaskPerformance_Info: RightFrontWheel.preContinuousTask: PrePeriodic=NaN, PostPeriodic=NaN, PreContinuous=NaN, PostContinous=NaN
GlobalTracer.TaskPerformance_Info: RightRearWheel.stop: PrePeriodic=NaN, PostPeriodic=NaN, PreContinuous=NaN, PostContinous=NaN
GlobalTracer.TaskPerformance_Info: RightRearWheel.preContinuousTask: PrePeriodic=NaN, PostPeriodic=NaN, PreContinuous=NaN, PostContinous=NaN
GlobalTracer.TaskPerformance_Info: TrcDriveBase.stop: PrePeriodic=NaN, PostPeriodic=NaN, PreContinuous=NaN, PostContinous=NaN
GlobalTracer.TaskPerformance_Info: TrcDriveBase.preContinuous: PrePeriodic=NaN, PostPeriodic=NaN, PreContinuous=0.007718, PostContinous=NaN
GlobalTracer.TaskPerformance_Info:    pidDrive.stop: PrePeriodic=NaN, PostPeriodic=NaN, PreContinuous=NaN, PostContinous=NaN
GlobalTracer.TaskPerformance_Info: pidDrive.postContinuous: PrePeriodic=NaN, PostPeriodic=NaN, PreContinuous=NaN, PostContinous=0.017704
GlobalTracer.TaskPerformance_Info: elevatorMotor.stop: PrePeriodic=NaN, PostPeriodic=NaN, PreContinuous=NaN, PostContinous=NaN
GlobalTracer.TaskPerformance_Info: elevatorMotor.preContinuousTask: PrePeriodic=NaN, PostPeriodic=NaN, PreContinuous=NaN, PostContinous=NaN
GlobalTracer.TaskPerformance_Info:    elevator.stop: PrePeriodic=NaN, PostPeriodic=NaN, PreContinuous=NaN, PostContinous=NaN
GlobalTracer.TaskPerformance_Info: elevator.postContinuous: PrePeriodic=NaN, PostPeriodic=NaN, PreContinuous=NaN, PostContinous=0.001637
GlobalTracer.TaskPerformance_Info: elevatorMotor.preContinuous: PrePeriodic=NaN, PostPeriodic=NaN, PreContinuous=0.000578, PostContinous=NaN
GlobalTracer.TaskPerformance_Info: LeftPickupMotor.stop: PrePeriodic=NaN, PostPeriodic=NaN, PreContinuous=NaN, PostContinous=NaN
GlobalTracer.TaskPerformance_Info: LeftPickupMotor.preContinuousTask: PrePeriodic=NaN, PostPeriodic=NaN, PreContinuous=NaN, PostContinous=NaN
GlobalTracer.TaskPerformance_Info: RightPickupMotor.stop: PrePeriodic=NaN, PostPeriodic=NaN, PreContinuous=NaN, PostContinous=NaN
GlobalTracer.TaskPerformance_Info: RightPickupMotor.preContinuousTask: PrePeriodic=NaN, PostPeriodic=NaN, PreContinuous=NaN, PostContinous=NaN
GlobalTracer.TaskPerformance_Info: CubePickupClaw.stop: PrePeriodic=NaN, PostPeriodic=NaN, PreContinuous=NaN, PostContinous=NaN
GlobalTracer.TaskPerformance_Info: CubePickupClaw.postContinuous: PrePeriodic=NaN, PostPeriodic=NaN, PreContinuous=NaN, PostContinous=NaN
GlobalTracer.TaskPerformance_Info: CubePickupClaw.preContinuous: PrePeriodic=NaN, PostPeriodic=NaN, PreContinuous=NaN, PostContinous=NaN
GlobalTracer.TaskPerformance_Info: CubePickupDeploy.stop: PrePeriodic=NaN, PostPeriodic=NaN, PreContinuous=NaN, PostContinous=NaN
GlobalTracer.TaskPerformance_Info: CubePickupDeploy.postContinuous: PrePeriodic=NaN, PostPeriodic=NaN, PreContinuous=NaN, PostContinous=NaN
GlobalTracer.TaskPerformance_Info: CubePickupDeploy.preContinuous: PrePeriodic=NaN, PostPeriodic=NaN, PreContinuous=NaN, PostContinous=NaN
GlobalTracer.TaskPerformance_Info: CubeProximityTrigger.preContinuous: PrePeriodic=NaN, PostPeriodic=NaN, PreContinuous=NaN, PostContinous=NaN
GlobalTracer.TaskPerformance_Info: PickupCurrentTrigger.preContinuous: PrePeriodic=NaN, PostPeriodic=NaN, PreContinuous=NaN, PostContinous=NaN
GlobalTracer.TaskPerformance_Info:       pickupTask: PrePeriodic=NaN, PostPeriodic=NaN, PreContinuous=NaN, PostContinous=NaN
GlobalTracer.TaskPerformance_Info: pickupTimer.preContinuous: PrePeriodic=NaN, PostPeriodic=NaN, PreContinuous=NaN, PostContinous=NaN
GlobalTracer.TaskPerformance_Info: WinchMaster.stop: PrePeriodic=NaN, PostPeriodic=NaN, PreContinuous=NaN, PostContinous=NaN
GlobalTracer.TaskPerformance_Info: WinchMaster.preContinuousTask: PrePeriodic=NaN, PostPeriodic=NaN, PreContinuous=NaN, PostContinous=NaN
GlobalTracer.TaskPerformance_Info:  WinchSlave.stop: PrePeriodic=NaN, PostPeriodic=NaN, PreContinuous=NaN, PostContinous=NaN
GlobalTracer.TaskPerformance_Info: WinchSlave.preContinuousTask: PrePeriodic=NaN, PostPeriodic=NaN, PreContinuous=NaN, PostContinous=NaN
GlobalTracer.TaskPerformance_Info: leftFlipper.stop: PrePeriodic=NaN, PostPeriodic=NaN, PreContinuous=NaN, PostContinous=NaN
GlobalTracer.TaskPerformance_Info: leftFlipper.postContinuous: PrePeriodic=NaN, PostPeriodic=NaN, PreContinuous=NaN, PostContinous=NaN
GlobalTracer.TaskPerformance_Info: leftFlipper.preContinuous: PrePeriodic=NaN, PostPeriodic=NaN, PreContinuous=NaN, PostContinous=NaN
GlobalTracer.TaskPerformance_Info: rightFlipper.stop: PrePeriodic=NaN, PostPeriodic=NaN, PreContinuous=NaN, PostContinous=NaN
GlobalTracer.TaskPerformance_Info: rightFlipper.postContinuous: PrePeriodic=NaN, PostPeriodic=NaN, PreContinuous=NaN, PostContinous=NaN
GlobalTracer.TaskPerformance_Info: rightFlipper.preContinuous: PrePeriodic=NaN, PostPeriodic=NaN, PreContinuous=NaN, PostContinous=NaN
GlobalTracer.TaskPerformance_Info: VisionTrigger.preContinuous: PrePeriodic=NaN, PostPeriodic=NaN, PreContinuous=NaN, PostContinous=NaN
GlobalTracer.TaskPerformance_Info: ExchangeTrigger.preContinuous: PrePeriodic=NaN, PostPeriodic=NaN, PreContinuous=NaN, PostContinous=NaN
GlobalTracer.TaskPerformance_Info: FrcTest.preContinuous: PrePeriodic=NaN, PostPeriodic=NaN, PreContinuous=NaN, PostContinous=NaN
GlobalTracer.TaskPerformance_Info: CmdAutoSwitch.preContinuous: PrePeriodic=NaN, PostPeriodic=NaN, PreContinuous=0.000186, PostContinous=NaN
GlobalTracer.TaskPerformance_Info: LeftSonarTrigger.preContinuous: PrePeriodic=NaN, PostPeriodic=NaN, PreContinuous=NaN, PostContinous=NaN
GlobalTracer.TaskPerformance_Info: RightSonarTrigger.preContinuous: PrePeriodic=NaN, PostPeriodic=NaN, PreContinuous=NaN, PostContinous=NaN
GlobalTracer.Robot_Info: TotalEnergy=0.507Wh
