GlobalTracer.FirstPowerUp_Info: Fri Mar 30 15:10:41 PDT 2018[0.457]: ***** Starting autonomous *****
GlobalTracer.FirstPowerUp_Info: WAAMV_Qualification_ 21 (Blue1) [FMSConnected=true]
GlobalTracer.CmdAutoSwitch_Info: [0.490] delay=0.0, fwdDistance=235.0, startPos=MID_POS, fastDelivery=true, getSecondCube=false
GlobalTracer.CmdAutoSwitch_Info: alliance=Blue, gameSpecificMsg=LLL, delay=0.000, fwdDistance=235, startPosition=MID_POS, flipInFlight=false
GlobalTracer.Vision_Info: Pixy is enabled!
GlobalTracer.FrcAuto.startMode_Info: [0.519] startMode done!
GlobalTracer.Robot_Info: [0.519]   DO_DELAY: xPos=  0.00,yPos=  0.00,heading=   0.0/   0.0,volts=12.5(12.5)
GlobalTracer.startCompetition_Warn: AUTO_MODE.periodic takes too long (0.142s)

GlobalTracer.startCompetition_Warn: AUTO_MODE.updates takes too long (0.031s)

GlobalTracer.startCompetition_Warn: AUTO_MODE takes too long (0.729s)

GlobalTracer.Robot_Info: [0.724] DRIVE_DIAGONAL_TO_SWITCH: xPos=  0.00,yPos=  0.00,heading=   0.0/ -27.5,volts=12.5(12.5)
GlobalTracer.printPidInfo_Info: [0.724] elevatorPidController: Target=  34.8, Input=   0.0, Error=  26.8, PIDTerms= 0.000/ 0.000/ 0.000/ 0.000, Output= 0.000(-1.000/1.000), Volt=12.6(12.5)
GlobalTracer.printPidInfo_Info: encoderXPidCtrl: Target=   0.0, Input=   0.0, Error=   0.0, PIDTerms= 0.000/ 0.000/ 0.000/ 0.000, Output= 0.000(-0.700/0.700), Volt=12.5(12.5)
GlobalTracer.printPidInfo_Info: encoderYPidCtrl: Target= 110.0, Input=   0.0, Error= 110.0, PIDTerms= 2.200/ 0.000/ 0.000/ 0.000, Output= 0.600(-0.600/0.600), Volt=12.5(12.5)
GlobalTracer.printPidInfo_Info: gyroTurnPidCtrl: Target= -27.5, Input=   0.0, Error= -27.5, PIDTerms=-0.550/ 0.000/ 0.000/-0.000, Output=-0.550(-0.700/0.700), Volt=12.5(12.5)
GlobalTracer.startCompetition_Warn: AUTO_MODE.postContinuousTasks takes too long (0.050s)

GlobalTracer.startCompetition_Warn: AUTO_MODE.updates takes too long (0.020s)

GlobalTracer.startCompetition_Warn: AUTO_MODE takes too long (0.127s)

GlobalTracer.printPidInfo_Info: [0.850] elevatorPidController: Target=  34.8, Input=   8.0, Error=  26.8, PIDTerms= 5.350/ 0.002/ 0.000/ 0.000, Output= 1.000(-1.000/1.000), Volt=9.0(9.0)
GlobalTracer.printPidInfo_Info: encoderXPidCtrl: Target=   0.0, Input=  -0.0, Error=   0.0, PIDTerms= 0.003/ 0.000/ 0.002/ 0.000, Output= 0.005(-0.700/0.700), Volt=9.0(9.0)
GlobalTracer.printPidInfo_Info: encoderYPidCtrl: Target= 110.0, Input=   0.6, Error= 109.4, PIDTerms= 2.188/ 0.000/-0.008/ 0.000, Output= 0.600(-0.600/0.600), Volt=9.3(9.0)
GlobalTracer.printPidInfo_Info: gyroTurnPidCtrl: Target= -27.5, Input=  -0.2, Error= -27.3, PIDTerms=-0.545/ 0.000/ 0.004/-0.000, Output=-0.542(-0.700/0.700), Volt=9.3(9.0)
GlobalTracer.startCompetition_Warn: AUTO_MODE.postContinuousTasks takes too long (0.029s)

GlobalTracer.startCompetition_Warn: AUTO_MODE.updates takes too long (0.046s)

GlobalTracer.startCompetition_Warn: AUTO_MODE takes too long (0.115s)

GlobalTracer.printPidInfo_Info: [0.965] elevatorPidController: Target=  34.8, Input=   9.6, Error=  25.2, PIDTerms= 5.038/ 0.004/-0.000/ 0.000, Output= 1.000(-1.000/1.000), Volt=9.6(9.0)
GlobalTracer.startCompetition_Warn: AUTO_MODE.periodic takes too long (0.035s)

GlobalTracer.printPidInfo_Info: encoderXPidCtrl: Target=   0.0, Input=  -0.4, Error=   0.4, PIDTerms= 0.091/ 0.000/ 0.039/ 0.000, Output= 0.131(-0.700/0.700), Volt=9.7(9.0)
GlobalTracer.printPidInfo_Info: encoderYPidCtrl: Target= 110.0, Input=   3.3, Error= 106.7, PIDTerms= 2.134/ 0.000/-0.030/ 0.000, Output= 0.600(-0.600/0.600), Volt=9.8(9.0)
GlobalTracer.printPidInfo_Info: gyroTurnPidCtrl: Target= -27.5, Input=  -5.5, Error= -22.0, PIDTerms=-0.439/ 0.000/ 0.069/-0.000, Output=-0.370(-0.700/0.700), Volt=9.8(9.0)
GlobalTracer.startCompetition_Warn: AUTO_MODE.postContinuousTasks takes too long (0.024s)

GlobalTracer.startCompetition_Warn: AUTO_MODE.updates takes too long (0.040s)

GlobalTracer.startCompetition_Warn: AUTO_MODE takes too long (0.122s)

GlobalTracer.printPidInfo_Info: [1.091] elevatorPidController: Target=  34.8, Input=  10.1, Error=  24.7, PIDTerms= 4.939/ 0.008/-0.000/ 0.000, Output= 1.000(-1.000/1.000), Volt=10.1(9.0)
GlobalTracer.printPidInfo_Info: encoderXPidCtrl: Target=   0.0, Input=  -0.7, Error=   0.7, PIDTerms= 0.171/ 0.000/ 0.048/ 0.000, Output= 0.219(-0.700/0.700), Volt=10.1(9.0)
GlobalTracer.printPidInfo_Info: encoderYPidCtrl: Target= 110.0, Input=   7.3, Error= 102.7, PIDTerms= 2.054/ 0.000/-0.060/ 0.000, Output= 0.600(-0.600/0.600), Volt=10.1(9.0)
GlobalTracer.printPidInfo_Info: gyroTurnPidCtrl: Target= -27.5, Input= -14.1, Error= -13.4, PIDTerms=-0.269/ 0.000/ 0.148/-0.000, Output=-0.120(-0.700/0.700), Volt=10.1(9.0)
GlobalTracer.startCompetition_Warn: AUTO_MODE.updates takes too long (0.032s)

GlobalTracer.printPidInfo_Info: [1.177] elevatorPidController: Target=  34.8, Input=  13.6, Error=  21.1, PIDTerms= 4.229/ 0.010/-0.000/ 0.000, Output= 1.000(-1.000/1.000), Volt=10.2(9.0)
GlobalTracer.printPidInfo_Info: encoderXPidCtrl: Target=   0.0, Input=  -0.6, Error=   0.6, PIDTerms= 0.146/ 0.000/-0.018/ 0.000, Output= 0.128(-0.700/0.700), Volt=10.2(9.0)
GlobalTracer.printPidInfo_Info: encoderYPidCtrl: Target= 110.0, Input=  10.6, Error=  99.4, PIDTerms= 1.989/ 0.000/-0.059/ 0.000, Output= 0.600(-0.600/0.600), Volt=10.2(9.0)
GlobalTracer.printPidInfo_Info: gyroTurnPidCtrl: Target= -27.5, Input= -21.0, Error=  -6.5, PIDTerms=-0.129/ 0.000/ 0.148/-0.000, Output= 0.019(-0.700/0.700), Volt=10.0(9.0)
GlobalTracer.startCompetition_Warn: AUTO_MODE.postContinuousTasks takes too long (0.031s)

GlobalTracer.startCompetition_Warn: AUTO_MODE.updates takes too long (0.034s)

GlobalTracer.startCompetition_Warn: AUTO_MODE.preContinuousTasks takes too long (0.023s)

GlobalTracer.printPidInfo_Info: [1.274] elevatorPidController: Target=  34.8, Input=  16.6, Error=  18.2, PIDTerms= 3.632/ 0.011/-0.000/ 0.000, Output= 1.000(-1.000/1.000), Volt=10.3(9.0)
GlobalTracer.startCompetition_Warn: AUTO_MODE.periodic takes too long (0.035s)

GlobalTracer.printPidInfo_Info: encoderXPidCtrl: Target=   0.0, Input=  -0.2, Error=   0.2, PIDTerms= 0.056/ 0.000/-0.039/ 0.000, Output= 0.018(-0.700/0.700), Volt=10.3(9.0)
GlobalTracer.printPidInfo_Info: encoderYPidCtrl: Target= 110.0, Input=  15.9, Error=  94.1, PIDTerms= 1.882/ 0.000/-0.058/ 0.000, Output= 0.600(-0.600/0.600), Volt=10.3(9.0)
GlobalTracer.printPidInfo_Info: gyroTurnPidCtrl: Target= -27.5, Input= -26.8, Error=  -0.7, PIDTerms=-0.013/ 0.000/ 0.073/-0.000, Output= 0.060(-0.700/0.700), Volt=10.4(9.0)
GlobalTracer.startCompetition_Warn: AUTO_MODE.postContinuousTasks takes too long (0.047s)

GlobalTracer.startCompetition_Warn: AUTO_MODE.updates takes too long (0.047s)

GlobalTracer.startCompetition_Warn: AUTO_MODE takes too long (0.166s)

GlobalTracer.printPidInfo_Info: [1.442] elevatorPidController: Target=  34.8, Input=  22.5, Error=  12.2, PIDTerms= 2.441/ 0.013/-0.000/ 0.000, Output= 1.000(-1.000/1.000), Volt=10.5(9.0)
GlobalTracer.startCompetition_Warn: AUTO_MODE.periodic takes too long (0.021s)

GlobalTracer.printPidInfo_Info: encoderXPidCtrl: Target=   0.0, Input=   0.1, Error=  -0.1, PIDTerms=-0.032/ 0.000/-0.038/ 0.000, Output=-0.070(-0.700/0.700), Volt=10.5(9.0)
GlobalTracer.printPidInfo_Info: encoderYPidCtrl: Target= 110.0, Input=  24.7, Error=  85.3, PIDTerms= 1.706/ 0.000/-0.093/ 0.000, Output= 0.600(-0.600/0.600), Volt=10.6(9.0)
GlobalTracer.printPidInfo_Info: gyroTurnPidCtrl: Target= -27.5, Input= -29.4, Error=   1.9, PIDTerms= 0.038/ 0.000/ 0.032/-0.000, Output= 0.070(-0.700/0.700), Volt=10.6(9.0)
GlobalTracer.startCompetition_Warn: AUTO_MODE.postContinuousTasks takes too long (0.035s)

GlobalTracer.startCompetition_Warn: AUTO_MODE.updates takes too long (0.031s)

GlobalTracer.startCompetition_Warn: AUTO_MODE takes too long (0.113s)

GlobalTracer.printPidInfo_Info: [1.556] elevatorPidController: Target=  34.8, Input=  27.2, Error=   7.6, PIDTerms= 1.513/ 0.014/-0.000/ 0.000, Output= 1.000(-1.000/1.000), Volt=10.6(9.0)
GlobalTracer.printPidInfo_Info: encoderXPidCtrl: Target=   0.0, Input=   0.2, Error=  -0.2, PIDTerms=-0.051/ 0.000/-0.011/ 0.000, Output=-0.062(-0.700/0.700), Volt=10.7(9.0)
GlobalTracer.printPidInfo_Info: encoderYPidCtrl: Target= 110.0, Input=  30.6, Error=  79.4, PIDTerms= 1.589/ 0.000/-0.086/ 0.000, Output= 0.600(-0.600/0.600), Volt=10.5(9.0)
GlobalTracer.printPidInfo_Info: gyroTurnPidCtrl: Target= -27.5, Input= -28.7, Error=   1.2, PIDTerms= 0.025/ 0.000/-0.012/-0.000, Output= 0.013(-0.700/0.700), Volt=10.5(9.0)
GlobalTracer.startCompetition_Warn: AUTO_MODE.postContinuousTasks takes too long (0.031s)

GlobalTracer.startCompetition_Warn: AUTO_MODE.updates takes too long (0.045s)

GlobalTracer.startCompetition_Warn: AUTO_MODE takes too long (0.108s)

GlobalTracer.startCompetition_Warn: AUTO_MODE.preContinuousTasks takes too long (0.020s)

GlobalTracer.printPidInfo_Info: [1.665] elevatorPidController: Target=  34.8, Input=  31.0, Error=   3.7, PIDTerms= 0.745/ 0.015/-0.000/ 0.000, Output= 0.759(-1.000/1.000), Volt=11.0(9.0)
GlobalTracer.startCompetition_Warn: AUTO_MODE.periodic takes too long (0.020s)

GlobalTracer.printPidInfo_Info: encoderXPidCtrl: Target=   0.0, Input=   0.1, Error=  -0.1, PIDTerms=-0.036/ 0.000/ 0.007/ 0.000, Output=-0.029(-0.700/0.700), Volt=10.9(9.0)
GlobalTracer.printPidInfo_Info: encoderYPidCtrl: Target= 110.0, Input=  38.2, Error=  71.8, PIDTerms= 1.437/ 0.000/-0.086/ 0.000, Output= 0.600(-0.600/0.600), Volt=10.9(9.0)
GlobalTracer.printPidInfo_Info: gyroTurnPidCtrl: Target= -27.5, Input= -27.3, Error=  -0.2, PIDTerms=-0.004/ 0.000/-0.019/-0.000, Output=-0.023(-0.700/0.700), Volt=10.9(9.0)
GlobalTracer.startCompetition_Warn: AUTO_MODE.updates takes too long (0.040s)

GlobalTracer.startCompetition_Warn: AUTO_MODE takes too long (0.108s)

GlobalTracer.printPidInfo_Info: [1.774] elevatorPidController: Target=  34.8, Input=  35.4, Error=  -0.6, PIDTerms=-0.122/ 0.014/-0.000/ 0.000, Output=-0.108(-1.000/1.000), Volt=11.3(9.0)
GlobalTracer.printPidInfo_Info: encoderXPidCtrl: Target=   0.0, Input=   0.0, Error=  -0.0, PIDTerms=-0.008/ 0.000/ 0.017/ 0.000, Output= 0.009(-0.700/0.700), Volt=11.4(9.0)
GlobalTracer.printPidInfo_Info: encoderYPidCtrl: Target= 110.0, Input=  45.0, Error=  65.0, PIDTerms= 1.299/ 0.000/-0.108/ 0.000, Output= 0.600(-0.600/0.600), Volt=11.4(9.0)
GlobalTracer.printPidInfo_Info: gyroTurnPidCtrl: Target= -27.5, Input= -26.5, Error=  -1.0, PIDTerms=-0.020/ 0.000/-0.014/-0.000, Output=-0.034(-0.700/0.700), Volt=11.4(9.0)
GlobalTracer.startCompetition_Warn: AUTO_MODE.postContinuousTasks takes too long (0.030s)

GlobalTracer.startCompetition_Warn: AUTO_MODE.updates takes too long (0.026s)

GlobalTracer.printPidInfo_Info: [1.874] elevatorPidController: Target=  34.8, Input=  36.4, Error=  -1.7, PIDTerms=-0.339/ 0.014/-0.000/ 0.000, Output=-0.324(-1.000/1.000), Volt=11.3(9.0)
GlobalTracer.startCompetition_Warn: AUTO_MODE.periodic takes too long (0.021s)

GlobalTracer.printPidInfo_Info: encoderXPidCtrl: Target=   0.0, Input=  -0.0, Error=   0.0, PIDTerms= 0.005/ 0.000/ 0.008/ 0.000, Output= 0.013(-0.700/0.700), Volt=11.5(9.0)
GlobalTracer.printPidInfo_Info: encoderYPidCtrl: Target= 110.0, Input=  52.4, Error=  57.6, PIDTerms= 1.153/ 0.000/-0.107/ 0.000, Output= 0.600(-0.600/0.600), Volt=11.5(9.0)
GlobalTracer.printPidInfo_Info: gyroTurnPidCtrl: Target= -27.5, Input= -26.6, Error=  -0.9, PIDTerms=-0.018/ 0.000/ 0.001/-0.000, Output=-0.017(-0.700/0.700), Volt=11.4(9.0)
GlobalTracer.startCompetition_Warn: AUTO_MODE.postContinuousTasks takes too long (0.028s)

GlobalTracer.startCompetition_Warn: AUTO_MODE.updates takes too long (0.038s)

GlobalTracer.startCompetition_Warn: AUTO_MODE takes too long (0.115s)

GlobalTracer.printPidInfo_Info: [1.990] elevatorPidController: Target=  34.8, Input=  35.0, Error=  -0.2, PIDTerms=-0.046/ 0.014/ 0.000/ 0.000, Output=-0.032(-1.000/1.000), Volt=11.5(9.0)
GlobalTracer.printPidInfo_Info: encoderXPidCtrl: Target=   0.0, Input=  -0.1, Error=   0.1, PIDTerms= 0.031/ 0.000/ 0.014/ 0.000, Output= 0.045(-0.700/0.700), Volt=11.5(9.0)
GlobalTracer.printPidInfo_Info: encoderYPidCtrl: Target= 110.0, Input=  61.5, Error=  48.5, PIDTerms= 0.970/ 0.000/-0.127/ 0.000, Output= 0.600(-0.600/0.600), Volt=11.5(9.0)
GlobalTracer.printPidInfo_Info: gyroTurnPidCtrl: Target= -27.5, Input= -27.3, Error=  -0.2, PIDTerms=-0.005/ 0.000/ 0.011/-0.000, Output= 0.006(-0.700/0.700), Volt=11.5(9.0)
GlobalTracer.startCompetition_Warn: AUTO_MODE.postContinuousTasks takes too long (0.033s)

GlobalTracer.startCompetition_Warn: AUTO_MODE.updates takes too long (0.030s)

GlobalTracer.startCompetition_Warn: AUTO_MODE takes too long (0.102s)

GlobalTracer.printPidInfo_Info: [2.093] elevatorPidController: Target=  34.8, Input=  33.6, Error=   1.2, PIDTerms= 0.230/ 0.014/ 0.000/ 0.000, Output= 0.245(-1.000/1.000), Volt=11.4(9.0)
GlobalTracer.printPidInfo_Info: encoderXPidCtrl: Target=   0.0, Input=  -0.1, Error=   0.1, PIDTerms= 0.023/ 0.000/-0.005/ 0.000, Output= 0.018(-0.700/0.700), Volt=11.3(9.0)
GlobalTracer.printPidInfo_Info: encoderYPidCtrl: Target= 110.0, Input=  69.3, Error=  40.7, PIDTerms= 0.814/ 0.000/-0.112/ 0.000, Output= 0.600(-0.600/0.600), Volt=11.3(9.0)
GlobalTracer.printPidInfo_Info: gyroTurnPidCtrl: Target= -27.5, Input= -28.1, Error=   0.6, PIDTerms= 0.012/ 0.000/ 0.014/-0.000, Output= 0.026(-0.700/0.700), Volt=11.5(9.0)
GlobalTracer.startCompetition_Warn: AUTO_MODE.postContinuousTasks takes too long (0.043s)

GlobalTracer.startCompetition_Warn: AUTO_MODE.updates takes too long (0.032s)

GlobalTracer.startCompetition_Warn: AUTO_MODE takes too long (0.112s)

GlobalTracer.printPidInfo_Info: [2.209] elevatorPidController: Target=  34.8, Input=  33.6, Error=   1.2, PIDTerms= 0.237/ 0.015/ 0.000/ 0.000, Output= 0.252(-1.000/1.000), Volt=11.5(9.0)
GlobalTracer.printPidInfo_Info: encoderXPidCtrl: Target=   0.0, Input=   0.1, Error=  -0.1, PIDTerms=-0.013/ 0.000/-0.019/ 0.000, Output=-0.031(-0.700/0.700), Volt=11.6(9.0)
GlobalTracer.printPidInfo_Info: encoderYPidCtrl: Target= 110.0, Input=  79.0, Error=  31.0, PIDTerms= 0.621/ 0.000/-0.127/ 0.000, Output= 0.494(-0.600/0.600), Volt=11.5(9.0)
GlobalTracer.printPidInfo_Info: gyroTurnPidCtrl: Target= -27.5, Input= -28.3, Error=   0.8, PIDTerms= 0.015/ 0.000/ 0.002/-0.000, Output= 0.017(-0.700/0.700), Volt=11.5(9.0)
GlobalTracer.startCompetition_Warn: AUTO_MODE.postContinuousTasks takes too long (0.031s)

GlobalTracer.startCompetition_Warn: AUTO_MODE.updates takes too long (0.035s)

GlobalTracer.startCompetition_Warn: AUTO_MODE takes too long (0.106s)

GlobalTracer.printPidInfo_Info: [2.318] elevatorPidController: Target=  34.8, Input=  33.7, Error=   1.1, PIDTerms= 0.215/ 0.015/-0.000/ 0.000, Output= 0.229(-1.000/1.000), Volt=11.9(9.0)
GlobalTracer.startCompetition_Warn: AUTO_MODE.periodic takes too long (0.025s)

GlobalTracer.printPidInfo_Info: encoderXPidCtrl: Target=   0.0, Input=   0.1, Error=  -0.1, PIDTerms=-0.016/ 0.000/-0.002/ 0.000, Output=-0.018(-0.700/0.700), Volt=12.0(9.0)
GlobalTracer.printPidInfo_Info: encoderYPidCtrl: Target= 110.0, Input=  87.3, Error=  22.7, PIDTerms= 0.454/ 0.000/-0.110/ 0.000, Output= 0.344(-0.600/0.600), Volt=12.0(9.0)
GlobalTracer.printPidInfo_Info: gyroTurnPidCtrl: Target= -27.5, Input= -28.0, Error=   0.5, PIDTerms= 0.009/ 0.000/-0.004/-0.000, Output= 0.005(-0.700/0.700), Volt=12.2(9.0)
GlobalTracer.startCompetition_Warn: AUTO_MODE.postContinuousTasks takes too long (0.029s)

GlobalTracer.startCompetition_Warn: AUTO_MODE.updates takes too long (0.032s)

GlobalTracer.startCompetition_Warn: AUTO_MODE takes too long (0.104s)

GlobalTracer.printPidInfo_Info: [2.420] elevatorPidController: Target=  34.8, Input=  33.7, Error=   1.0, PIDTerms= 0.209/ 0.015/-0.000/ 0.000, Output= 0.224(-1.000/1.000), Volt=12.2(9.0)
GlobalTracer.printPidInfo_Info: encoderXPidCtrl: Target=   0.0, Input=   0.0, Error=  -0.0, PIDTerms=-0.003/ 0.000/ 0.008/ 0.000, Output= 0.005(-0.700/0.700), Volt=12.2(9.0)
GlobalTracer.printPidInfo_Info: encoderYPidCtrl: Target= 110.0, Input=  96.7, Error=  13.3, PIDTerms= 0.266/ 0.000/-0.146/ 0.000, Output= 0.119(-0.600/0.600), Volt=12.2(9.0)
GlobalTracer.printPidInfo_Info: gyroTurnPidCtrl: Target= -27.5, Input= -27.5, Error=  -0.0, PIDTerms=-0.000/ 0.000/-0.009/-0.000, Output=-0.009(-0.700/0.700), Volt=12.2(9.0)
GlobalTracer.startCompetition_Warn: AUTO_MODE.postContinuousTasks takes too long (0.032s)

GlobalTracer.startCompetition_Warn: AUTO_MODE.updates takes too long (0.034s)

GlobalTracer.startCompetition_Warn: AUTO_MODE takes too long (0.102s)

GlobalTracer.printPidInfo_Info: [2.523] elevatorPidController: Target=  34.8, Input=  33.9, Error=   0.9, PIDTerms= 0.179/ 0.015/-0.000/ 0.000, Output= 0.194(-1.000/1.000), Volt=12.3(9.0)
GlobalTracer.printPidInfo_Info: encoderXPidCtrl: Target=   0.0, Input=  -0.1, Error=   0.1, PIDTerms= 0.014/ 0.000/ 0.009/ 0.000, Output= 0.023(-0.700/0.700), Volt=12.4(9.0)
GlobalTracer.printPidInfo_Info: encoderYPidCtrl: Target= 110.0, Input= 103.3, Error=   6.7, PIDTerms= 0.133/ 0.000/-0.087/ 0.000, Output= 0.047(-0.600/0.600), Volt=12.4(9.0)
GlobalTracer.printPidInfo_Info: gyroTurnPidCtrl: Target= -27.5, Input= -27.0, Error=  -0.5, PIDTerms=-0.010/ 0.000/-0.007/-0.000, Output=-0.017(-0.700/0.700), Volt=12.3(9.0)
GlobalTracer.startCompetition_Warn: AUTO_MODE.postContinuousTasks takes too long (0.026s)

GlobalTracer.startCompetition_Warn: AUTO_MODE.updates takes too long (0.033s)

GlobalTracer.startCompetition_Warn: AUTO_MODE takes too long (0.108s)

GlobalTracer.printPidInfo_Info: [2.634] elevatorPidController: Target=  34.8, Input=  33.9, Error=   0.9, PIDTerms= 0.172/ 0.015/-0.000/ 0.000, Output= 0.186(-1.000/1.000), Volt=12.3(9.0)
GlobalTracer.startCompetition_Warn: AUTO_MODE.periodic takes too long (0.020s)

GlobalTracer.printPidInfo_Info: encoderXPidCtrl: Target=   0.0, Input=  -0.2, Error=   0.0, PIDTerms= 0.050/ 0.000/ 0.020/ 0.000, Output= 0.000(-0.700/0.700), Volt=12.3(9.0)
GlobalTracer.printPidInfo_Info: encoderYPidCtrl: Target=   0.0, Input= 108.8, Error=   0.0, PIDTerms= 0.024/ 0.000/-0.075/ 0.000, Output= 0.000(-0.600/0.600), Volt=12.2(9.0)
GlobalTracer.printPidInfo_Info: gyroTurnPidCtrl: Target=   0.0, Input= -26.9, Error=   0.0, PIDTerms=-0.012/ 0.000/-0.002/-0.000, Output= 0.000(-0.700/0.700), Volt=12.2(9.0)
GlobalTracer.startCompetition_Warn: AUTO_MODE.postContinuousTasks takes too long (0.025s)

GlobalTracer.startCompetition_Warn: AUTO_MODE.updates takes too long (0.025s)

GlobalTracer.Robot_Info: [2.726] THROW_CUBE: xPos= -0.46,yPos=114.06,heading= -26.6/ -27.5,volts=12.2(9.0)
GlobalTracer.printPidInfo_Info: [2.726] elevatorPidController: Target=  34.8, Input=  33.9, Error=   0.8, PIDTerms= 0.169/ 0.015/-0.000/ 0.000, Output= 0.184(-1.000/1.000), Volt=12.2(9.0)
GlobalTracer.startCompetition_Warn: AUTO_MODE.updates takes too long (0.023s)

GlobalTracer.printPidInfo_Info: [2.801] elevatorPidController: Target=  34.8, Input=  33.9, Error=   0.8, PIDTerms= 0.167/ 0.015/-0.000/ 0.000, Output= 0.182(-1.000/1.000), Volt=10.4(9.0)
GlobalTracer.startCompetition_Warn: AUTO_MODE.updates takes too long (0.029s)

GlobalTracer.printPidInfo_Info: [2.868] elevatorPidController: Target=  34.8, Input=  33.9, Error=   0.8, PIDTerms= 0.166/ 0.015/-0.000/ 0.000, Output= 0.181(-1.000/1.000), Volt=10.4(9.0)
GlobalTracer.startCompetition_Warn: AUTO_MODE.updates takes too long (0.040s)

GlobalTracer.printPidInfo_Info: [2.958] elevatorPidController: Target=  34.8, Input=  33.9, Error=   0.8, PIDTerms= 0.166/ 0.015/ 0.000/ 0.000, Output= 0.181(-1.000/1.000), Volt=10.6(9.0)
GlobalTracer.startCompetition_Warn: AUTO_MODE.updates takes too long (0.028s)

GlobalTracer.printPidInfo_Info: [3.019] elevatorPidController: Target=  34.8, Input=  33.9, Error=   0.8, PIDTerms= 0.164/ 0.015/-0.000/ 0.000, Output= 0.180(-1.000/1.000), Volt=11.0(9.0)
GlobalTracer.startCompetition_Warn: AUTO_MODE.periodic takes too long (0.021s)

GlobalTracer.startCompetition_Warn: AUTO_MODE.updates takes too long (0.035s)

GlobalTracer.printPidInfo_Info: [3.104] elevatorPidController: Target=  34.8, Input=  34.0, Error=   0.8, PIDTerms= 0.150/ 0.015/-0.000/ 0.000, Output= 0.165(-1.000/1.000), Volt=11.2(9.0)
GlobalTracer.startCompetition_Warn: AUTO_MODE.updates takes too long (0.022s)

GlobalTracer.printPidInfo_Info: [3.163] elevatorPidController: Target=  34.8, Input=  34.1, Error=   0.7, PIDTerms= 0.134/ 0.015/-0.000/ 0.000, Output= 0.150(-1.000/1.000), Volt=11.3(9.0)
GlobalTracer.startCompetition_Warn: AUTO_MODE.updates takes too long (0.035s)

GlobalTracer.printPidInfo_Info: [3.239] elevatorPidController: Target=  34.8, Input=  34.1, Error=   0.7, PIDTerms= 0.131/ 0.015/-0.000/ 0.000, Output= 0.147(-1.000/1.000), Volt=11.4(9.0)
GlobalTracer.startCompetition_Warn: AUTO_MODE.updates takes too long (0.039s)

GlobalTracer.printPidInfo_Info: [3.321] elevatorPidController: Target=  34.8, Input=  34.2, Error=   0.6, PIDTerms= 0.118/ 0.015/-0.000/ 0.000, Output= 0.134(-1.000/1.000), Volt=11.6(9.0)
GlobalTracer.startCompetition_Warn: AUTO_MODE.periodic takes too long (0.021s)

GlobalTracer.startCompetition_Warn: AUTO_MODE.updates takes too long (0.036s)

GlobalTracer.printPidInfo_Info: [3.398] elevatorPidController: Target=  34.8, Input=  34.2, Error=   0.6, PIDTerms= 0.118/ 0.015/ 0.000/ 0.000, Output= 0.134(-1.000/1.000), Volt=11.6(9.0)
GlobalTracer.startCompetition_Warn: AUTO_MODE.updates takes too long (0.036s)

GlobalTracer.printPidInfo_Info: [3.463] elevatorPidController: Target=  34.8, Input=  34.2, Error=   0.6, PIDTerms= 0.118/ 0.016/ 0.000/ 0.000, Output= 0.134(-1.000/1.000), Volt=11.7(9.0)
GlobalTracer.startCompetition_Warn: AUTO_MODE.updates takes too long (0.024s)

GlobalTracer.printPidInfo_Info: [3.526] elevatorPidController: Target=  34.8, Input=  34.2, Error=   0.6, PIDTerms= 0.118/ 0.016/ 0.000/ 0.000, Output= 0.134(-1.000/1.000), Volt=11.7(9.0)
GlobalTracer.startCompetition_Warn: AUTO_MODE.periodic takes too long (0.023s)

GlobalTracer.startCompetition_Warn: AUTO_MODE.updates takes too long (0.039s)

GlobalTracer.printPidInfo_Info: [3.612] elevatorPidController: Target=  34.8, Input=  34.2, Error=   0.6, PIDTerms= 0.118/ 0.016/ 0.000/ 0.000, Output= 0.134(-1.000/1.000), Volt=11.7(9.0)
GlobalTracer.startCompetition_Warn: AUTO_MODE.periodic takes too long (0.023s)

GlobalTracer.startCompetition_Warn: AUTO_MODE.updates takes too long (0.029s)

GlobalTracer.printPidInfo_Info: [3.684] elevatorPidController: Target=  34.8, Input=  34.2, Error=   0.6, PIDTerms= 0.118/ 0.016/ 0.000/ 0.000, Output= 0.134(-1.000/1.000), Volt=11.7(9.0)
GlobalTracer.startCompetition_Warn: AUTO_MODE.periodic takes too long (0.021s)

GlobalTracer.startCompetition_Warn: AUTO_MODE.updates takes too long (0.039s)

GlobalTracer.Robot_Info: [3.772]       DONE: xPos=  0.25,yPos=117.21,heading=  13.5/ -27.5,volts=11.7(9.0)
GlobalTracer.printPidInfo_Info: [3.772] elevatorPidController: Target=   8.0, Input=  34.2, Error= -26.2, PIDTerms= 0.118/ 0.016/ 0.000/ 0.000, Output= 0.000(-1.000/1.000), Volt=11.7(9.0)
GlobalTracer.startCompetition_Warn: AUTO_MODE.updates takes too long (0.030s)

GlobalTracer.printPidInfo_Info: [3.847] elevatorPidController: Target=   8.0, Input=  34.2, Error= -26.2, PIDTerms=-5.232/-0.001/ 0.000/ 0.000, Output=-1.000(-1.000/1.000), Volt=11.4(9.0)
GlobalTracer.startCompetition_Warn: AUTO_MODE.updates takes too long (0.033s)

GlobalTracer.printPidInfo_Info: [3.924] elevatorPidController: Target=   8.0, Input=  32.2, Error= -24.2, PIDTerms=-4.839/-0.002/ 0.000/ 0.000, Output=-1.000(-1.000/1.000), Volt=11.9(9.0)
GlobalTracer.startCompetition_Warn: AUTO_MODE.updates takes too long (0.038s)

GlobalTracer.printPidInfo_Info: [4.003] elevatorPidController: Target=   8.0, Input=  27.3, Error= -19.3, PIDTerms=-3.859/-0.004/ 0.000/ 0.000, Output=-1.000(-1.000/1.000), Volt=11.9(9.0)
GlobalTracer.startCompetition_Warn: AUTO_MODE.updates takes too long (0.028s)

GlobalTracer.printPidInfo_Info: [4.062] elevatorPidController: Target=   8.0, Input=  23.3, Error= -15.3, PIDTerms=-3.062/-0.005/ 0.000/ 0.000, Output=-1.000(-1.000/1.000), Volt=12.0(9.0)
GlobalTracer.startCompetition_Warn: AUTO_MODE.updates takes too long (0.039s)

GlobalTracer.printPidInfo_Info: [4.137] elevatorPidController: Target=   8.0, Input=  19.4, Error= -11.4, PIDTerms=-2.275/-0.006/ 0.000/ 0.000, Output=-1.000(-1.000/1.000), Volt=12.1(9.0)
GlobalTracer.startCompetition_Warn: AUTO_MODE.updates takes too long (0.035s)

GlobalTracer.printPidInfo_Info: [4.213] elevatorPidController: Target=   8.0, Input=  14.0, Error=  -6.0, PIDTerms=-1.204/-0.006/ 0.000/ 0.000, Output=-1.000(-1.000/1.000), Volt=12.1(9.0)
GlobalTracer.startCompetition_Warn: AUTO_MODE.periodic takes too long (0.021s)

GlobalTracer.startCompetition_Warn: AUTO_MODE.updates takes too long (0.029s)

GlobalTracer.printPidInfo_Info: [4.285] elevatorPidController: Target=   8.0, Input=   8.3, Error=  -0.3, PIDTerms=-0.062/-0.006/ 0.000/ 0.000, Output=-0.068(-1.000/1.000), Volt=12.4(9.0)
GlobalTracer.startCompetition_Warn: AUTO_MODE.updates takes too long (0.037s)

GlobalTracer.printPidInfo_Info: [4.365] elevatorPidController: Target=   8.0, Input=   4.0, Error=   4.0, PIDTerms= 0.805/-0.006/ 0.000/ 0.000, Output= 0.799(-1.000/1.000), Volt=11.4(9.0)
GlobalTracer.startCompetition_Warn: AUTO_MODE.updates takes too long (0.033s)

GlobalTracer.printPidInfo_Info: [4.431] elevatorPidController: Target=   8.0, Input=   4.7, Error=   3.3, PIDTerms= 0.669/-0.006/-0.000/ 0.000, Output= 0.664(-1.000/1.000), Volt=11.9(9.0)
GlobalTracer.startCompetition_Warn: AUTO_MODE.periodic takes too long (0.020s)

GlobalTracer.startCompetition_Warn: AUTO_MODE.updates takes too long (0.038s)

GlobalTracer.printPidInfo_Info: [4.513] elevatorPidController: Target=   8.0, Input=   7.2, Error=   0.8, PIDTerms= 0.158/-0.006/-0.000/ 0.000, Output= 0.152(-1.000/1.000), Volt=12.2(9.0)
GlobalTracer.startCompetition_Warn: AUTO_MODE.updates takes too long (0.033s)

GlobalTracer.printPidInfo_Info: [4.583] elevatorPidController: Target=   8.0, Input=   8.5, Error=  -0.5, PIDTerms=-0.099/-0.006/-0.000/ 0.000, Output=-0.104(-1.000/1.000), Volt=12.3(9.0)
GlobalTracer.startCompetition_Warn: AUTO_MODE.updates takes too long (0.038s)

GlobalTracer.printPidInfo_Info: [4.664] elevatorPidController: Target=   8.0, Input=   8.7, Error=  -0.7, PIDTerms=-0.136/-0.006/-0.000/ 0.000, Output=-0.142(-1.000/1.000), Volt=12.3(9.0)
GlobalTracer.startCompetition_Warn: AUTO_MODE.periodic takes too long (0.025s)

GlobalTracer.startCompetition_Warn: AUTO_MODE.updates takes too long (0.036s)

GlobalTracer.printPidInfo_Info: [4.743] elevatorPidController: Target=   8.0, Input=   8.1, Error=  -0.1, PIDTerms=-0.010/-0.006/ 0.000/ 0.000, Output=-0.016(-1.000/1.000), Volt=12.3(9.0)
GlobalTracer.startCompetition_Warn: AUTO_MODE.updates takes too long (0.026s)

GlobalTracer.printPidInfo_Info: [4.803] elevatorPidController: Target=   8.0, Input=   7.5, Error=   0.5, PIDTerms= 0.099/-0.006/ 0.000/ 0.000, Output= 0.093(-1.000/1.000), Volt=12.3(9.0)
GlobalTracer.startCompetition_Warn: AUTO_MODE.updates takes too long (0.022s)

GlobalTracer.printPidInfo_Info: [4.867] elevatorPidController: Target=   8.0, Input=   7.4, Error=   0.6, PIDTerms= 0.129/-0.006/ 0.000/ 0.000, Output= 0.123(-1.000/1.000), Volt=12.2(9.0)
GlobalTracer.startCompetition_Warn: AUTO_MODE.updates takes too long (0.028s)

GlobalTracer.printPidInfo_Info: [4.933] elevatorPidController: Target=   8.0, Input=   7.4, Error=   0.6, PIDTerms= 0.125/-0.006/-0.000/ 0.000, Output= 0.119(-1.000/1.000), Volt=12.3(9.0)
GlobalTracer.startCompetition_Warn: AUTO_MODE.updates takes too long (0.028s)

GlobalTracer.printPidInfo_Info: [5.004] elevatorPidController: Target=   8.0, Input=   7.4, Error=   0.6, PIDTerms= 0.123/-0.005/-0.000/ 0.000, Output= 0.118(-1.000/1.000), Volt=12.2(9.0)
GlobalTracer.startCompetition_Warn: AUTO_MODE.updates takes too long (0.041s)

GlobalTracer.printPidInfo_Info: [5.085] elevatorPidController: Target=   8.0, Input=   7.4, Error=   0.6, PIDTerms= 0.123/-0.005/ 0.000/ 0.000, Output= 0.118(-1.000/1.000), Volt=12.3(9.0)
GlobalTracer.startCompetition_Warn: AUTO_MODE.updates takes too long (0.041s)

GlobalTracer.printPidInfo_Info: [5.167] elevatorPidController: Target=   8.0, Input=   7.4, Error=   0.6, PIDTerms= 0.123/-0.005/ 0.000/ 0.000, Output= 0.118(-1.000/1.000), Volt=12.4(9.0)
GlobalTracer.startCompetition_Warn: AUTO_MODE.updates takes too long (0.035s)

GlobalTracer.printPidInfo_Info: [5.239] elevatorPidController: Target=   8.0, Input=   7.4, Error=   0.6, PIDTerms= 0.123/-0.005/ 0.000/ 0.000, Output= 0.118(-1.000/1.000), Volt=12.3(9.0)
GlobalTracer.startCompetition_Warn: AUTO_MODE.updates takes too long (0.047s)

GlobalTracer.printPidInfo_Info: [5.323] elevatorPidController: Target=   8.0, Input=   7.4, Error=   0.6, PIDTerms= 0.123/-0.005/ 0.000/ 0.000, Output= 0.118(-1.000/1.000), Volt=12.4(9.0)
GlobalTracer.startCompetition_Warn: AUTO_MODE.updates takes too long (0.040s)

GlobalTracer.printPidInfo_Info: [5.404] elevatorPidController: Target=   8.0, Input=   7.4, Error=   0.6, PIDTerms= 0.123/-0.005/ 0.000/ 0.000, Output= 0.118(-1.000/1.000), Volt=12.3(9.0)
GlobalTracer.startCompetition_Warn: AUTO_MODE.periodic takes too long (0.021s)

GlobalTracer.startCompetition_Warn: AUTO_MODE.updates takes too long (0.037s)

GlobalTracer.printPidInfo_Info: [5.480] elevatorPidController: Target=   8.0, Input=   7.4, Error=   0.6, PIDTerms= 0.123/-0.005/ 0.000/ 0.000, Output= 0.118(-1.000/1.000), Volt=12.3(9.0)
GlobalTracer.startCompetition_Warn: AUTO_MODE.updates takes too long (0.041s)

GlobalTracer.printPidInfo_Info: [5.556] elevatorPidController: Target=   8.0, Input=   7.4, Error=   0.6, PIDTerms= 0.123/-0.005/ 0.000/ 0.000, Output= 0.118(-1.000/1.000), Volt=12.3(9.0)
GlobalTracer.startCompetition_Warn: AUTO_MODE.updates takes too long (0.044s)

GlobalTracer.printPidInfo_Info: [5.637] elevatorPidController: Target=   8.0, Input=   7.4, Error=   0.6, PIDTerms= 0.123/-0.005/ 0.000/ 0.000, Output= 0.118(-1.000/1.000), Volt=12.3(9.0)
GlobalTracer.startCompetition_Warn: AUTO_MODE.periodic takes too long (0.022s)

GlobalTracer.startCompetition_Warn: AUTO_MODE.updates takes too long (0.025s)

GlobalTracer.printPidInfo_Info: [5.708] elevatorPidController: Target=   8.0, Input=   7.4, Error=   0.6, PIDTerms= 0.123/-0.005/ 0.000/ 0.000, Output= 0.118(-1.000/1.000), Volt=12.3(9.0)
GlobalTracer.startCompetition_Warn: AUTO_MODE.periodic takes too long (0.023s)

GlobalTracer.startCompetition_Warn: AUTO_MODE.updates takes too long (0.033s)

GlobalTracer.printPidInfo_Info: [5.790] elevatorPidController: Target=   8.0, Input=   7.4, Error=   0.6, PIDTerms= 0.123/-0.005/ 0.000/ 0.000, Output= 0.118(-1.000/1.000), Volt=12.3(9.0)
GlobalTracer.startCompetition_Warn: AUTO_MODE.periodic takes too long (0.020s)

GlobalTracer.startCompetition_Warn: AUTO_MODE.updates takes too long (0.034s)

GlobalTracer.printPidInfo_Info: [5.871] elevatorPidController: Target=   8.0, Input=   7.4, Error=   0.6, PIDTerms= 0.123/-0.005/ 0.000/ 0.000, Output= 0.118(-1.000/1.000), Volt=12.3(9.0)
GlobalTracer.startCompetition_Warn: AUTO_MODE.updates takes too long (0.034s)

GlobalTracer.printPidInfo_Info: [5.948] elevatorPidController: Target=   8.0, Input=   7.4, Error=   0.6, PIDTerms= 0.123/-0.005/ 0.000/ 0.000, Output= 0.118(-1.000/1.000), Volt=12.3(9.0)
GlobalTracer.startCompetition_Warn: AUTO_MODE.updates takes too long (0.035s)

GlobalTracer.printPidInfo_Info: [6.020] elevatorPidController: Target=   8.0, Input=   7.4, Error=   0.6, PIDTerms= 0.123/-0.005/ 0.000/ 0.000, Output= 0.118(-1.000/1.000), Volt=12.2(9.0)
GlobalTracer.startCompetition_Warn: AUTO_MODE.periodic takes too long (0.026s)

GlobalTracer.startCompetition_Warn: AUTO_MODE.updates takes too long (0.036s)

GlobalTracer.printPidInfo_Info: [6.108] elevatorPidController: Target=   8.0, Input=   7.4, Error=   0.6, PIDTerms= 0.123/-0.005/ 0.000/ 0.000, Output= 0.118(-1.000/1.000), Volt=12.3(9.0)
GlobalTracer.startCompetition_Warn: AUTO_MODE.periodic takes too long (0.026s)

GlobalTracer.startCompetition_Warn: AUTO_MODE.updates takes too long (0.029s)

GlobalTracer.printPidInfo_Info: [6.190] elevatorPidController: Target=   8.0, Input=   7.4, Error=   0.6, PIDTerms= 0.123/-0.005/ 0.000/ 0.000, Output= 0.118(-1.000/1.000), Volt=12.3(9.0)
GlobalTracer.startCompetition_Warn: AUTO_MODE.periodic takes too long (0.020s)

GlobalTracer.startCompetition_Warn: AUTO_MODE.updates takes too long (0.042s)

GlobalTracer.printPidInfo_Info: [6.276] elevatorPidController: Target=   8.0, Input=   7.4, Error=   0.6, PIDTerms= 0.123/-0.005/ 0.000/ 0.000, Output= 0.119(-1.000/1.000), Volt=12.4(9.0)
GlobalTracer.startCompetition_Warn: AUTO_MODE.updates takes too long (0.032s)

GlobalTracer.printPidInfo_Info: [6.343] elevatorPidController: Target=   8.0, Input=   7.4, Error=   0.6, PIDTerms= 0.123/-0.005/ 0.000/ 0.000, Output= 0.119(-1.000/1.000), Volt=12.3(9.0)
GlobalTracer.startCompetition_Warn: AUTO_MODE.periodic takes too long (0.022s)

GlobalTracer.startCompetition_Warn: AUTO_MODE.updates takes too long (0.034s)

GlobalTracer.printPidInfo_Info: [6.424] elevatorPidController: Target=   8.0, Input=   7.4, Error=   0.6, PIDTerms= 0.123/-0.005/ 0.000/ 0.000, Output= 0.119(-1.000/1.000), Volt=12.3(9.0)
GlobalTracer.startCompetition_Warn: AUTO_MODE.updates takes too long (0.031s)

GlobalTracer.printPidInfo_Info: [6.493] elevatorPidController: Target=   8.0, Input=   7.4, Error=   0.6, PIDTerms= 0.123/-0.005/ 0.000/ 0.000, Output= 0.119(-1.000/1.000), Volt=12.3(9.0)
GlobalTracer.startCompetition_Warn: AUTO_MODE.updates takes too long (0.035s)

GlobalTracer.printPidInfo_Info: [6.579] elevatorPidController: Target=   8.0, Input=   7.4, Error=   0.6, PIDTerms= 0.123/-0.005/ 0.000/ 0.000, Output= 0.119(-1.000/1.000), Volt=12.3(9.0)
GlobalTracer.startCompetition_Warn: AUTO_MODE.periodic takes too long (0.023s)

GlobalTracer.startCompetition_Warn: AUTO_MODE.updates takes too long (0.039s)

GlobalTracer.printPidInfo_Info: [6.662] elevatorPidController: Target=   8.0, Input=   7.4, Error=   0.6, PIDTerms= 0.123/-0.004/ 0.000/ 0.000, Output= 0.119(-1.000/1.000), Volt=12.3(9.0)
GlobalTracer.startCompetition_Warn: AUTO_MODE.updates takes too long (0.047s)

GlobalTracer.printPidInfo_Info: [6.754] elevatorPidController: Target=   8.0, Input=   7.4, Error=   0.6, PIDTerms= 0.123/-0.004/ 0.000/ 0.000, Output= 0.119(-1.000/1.000), Volt=12.3(9.0)
GlobalTracer.startCompetition_Warn: AUTO_MODE.updates takes too long (0.038s)

GlobalTracer.printPidInfo_Info: [6.834] elevatorPidController: Target=   8.0, Input=   7.4, Error=   0.6, PIDTerms= 0.123/-0.004/ 0.000/ 0.000, Output= 0.119(-1.000/1.000), Volt=12.2(9.0)
GlobalTracer.startCompetition_Warn: AUTO_MODE.updates takes too long (0.034s)

GlobalTracer.printPidInfo_Info: [6.903] elevatorPidController: Target=   8.0, Input=   7.4, Error=   0.6, PIDTerms= 0.123/-0.004/ 0.000/ 0.000, Output= 0.119(-1.000/1.000), Volt=12.3(9.0)
GlobalTracer.startCompetition_Warn: AUTO_MODE.updates takes too long (0.037s)

GlobalTracer.printPidInfo_Info: [6.983] elevatorPidController: Target=   8.0, Input=   7.4, Error=   0.6, PIDTerms= 0.123/-0.004/ 0.000/ 0.000, Output= 0.119(-1.000/1.000), Volt=12.3(9.0)
GlobalTracer.startCompetition_Warn: AUTO_MODE.updates takes too long (0.027s)

GlobalTracer.printPidInfo_Info: [7.056] elevatorPidController: Target=   8.0, Input=   7.4, Error=   0.6, PIDTerms= 0.123/-0.004/ 0.000/ 0.000, Output= 0.119(-1.000/1.000), Volt=12.3(9.0)
GlobalTracer.startCompetition_Warn: AUTO_MODE.updates takes too long (0.029s)

GlobalTracer.printPidInfo_Info: [7.124] elevatorPidController: Target=   8.0, Input=   7.4, Error=   0.6, PIDTerms= 0.123/-0.004/ 0.000/ 0.000, Output= 0.119(-1.000/1.000), Volt=12.3(9.0)
GlobalTracer.startCompetition_Warn: AUTO_MODE.periodic takes too long (0.020s)

GlobalTracer.startCompetition_Warn: AUTO_MODE.updates takes too long (0.023s)

GlobalTracer.printPidInfo_Info: [7.198] elevatorPidController: Target=   8.0, Input=   7.4, Error=   0.6, PIDTerms= 0.123/-0.004/ 0.000/ 0.000, Output= 0.119(-1.000/1.000), Volt=12.3(9.0)
GlobalTracer.startCompetition_Warn: AUTO_MODE.updates takes too long (0.035s)

GlobalTracer.printPidInfo_Info: [7.267] elevatorPidController: Target=   8.0, Input=   7.4, Error=   0.6, PIDTerms= 0.123/-0.004/ 0.000/ 0.000, Output= 0.119(-1.000/1.000), Volt=12.4(9.0)
GlobalTracer.startCompetition_Warn: AUTO_MODE.updates takes too long (0.028s)

GlobalTracer.printPidInfo_Info: [7.333] elevatorPidController: Target=   8.0, Input=   7.4, Error=   0.6, PIDTerms= 0.123/-0.004/ 0.000/ 0.000, Output= 0.119(-1.000/1.000), Volt=12.3(9.0)
GlobalTracer.startCompetition_Warn: AUTO_MODE.updates takes too long (0.029s)

GlobalTracer.printPidInfo_Info: [7.392] elevatorPidController: Target=   8.0, Input=   7.4, Error=   0.6, PIDTerms= 0.123/-0.004/ 0.000/ 0.000, Output= 0.119(-1.000/1.000), Volt=12.3(9.0)
GlobalTracer.startCompetition_Warn: AUTO_MODE.updates takes too long (0.031s)

GlobalTracer.printPidInfo_Info: [7.459] elevatorPidController: Target=   8.0, Input=   7.4, Error=   0.6, PIDTerms= 0.123/-0.004/ 0.000/ 0.000, Output= 0.119(-1.000/1.000), Volt=12.3(9.0)
GlobalTracer.startCompetition_Warn: AUTO_MODE.periodic takes too long (0.028s)

GlobalTracer.printPidInfo_Info: [7.524] elevatorPidController: Target=   8.0, Input=   7.4, Error=   0.6, PIDTerms= 0.123/-0.004/ 0.000/ 0.000, Output= 0.119(-1.000/1.000), Volt=12.4(9.0)
GlobalTracer.startCompetition_Warn: AUTO_MODE.updates takes too long (0.032s)

GlobalTracer.printPidInfo_Info: [7.596] elevatorPidController: Target=   8.0, Input=   7.4, Error=   0.6, PIDTerms= 0.123/-0.004/ 0.000/ 0.000, Output= 0.119(-1.000/1.000), Volt=12.3(9.0)
GlobalTracer.startCompetition_Warn: AUTO_MODE.updates takes too long (0.035s)

GlobalTracer.printPidInfo_Info: [7.663] elevatorPidController: Target=   8.0, Input=   7.4, Error=   0.6, PIDTerms= 0.123/-0.004/ 0.000/ 0.000, Output= 0.119(-1.000/1.000), Volt=12.3(9.0)
GlobalTracer.startCompetition_Warn: AUTO_MODE.updates takes too long (0.038s)

GlobalTracer.printPidInfo_Info: [7.744] elevatorPidController: Target=   8.0, Input=   7.4, Error=   0.6, PIDTerms= 0.123/-0.004/ 0.000/ 0.000, Output= 0.119(-1.000/1.000), Volt=12.3(9.0)
GlobalTracer.startCompetition_Warn: AUTO_MODE.updates takes too long (0.033s)

GlobalTracer.printPidInfo_Info: [7.814] elevatorPidController: Target=   8.0, Input=   7.4, Error=   0.6, PIDTerms= 0.123/-0.004/ 0.000/ 0.000, Output= 0.119(-1.000/1.000), Volt=12.3(9.0)
GlobalTracer.startCompetition_Warn: AUTO_MODE.updates takes too long (0.030s)

GlobalTracer.printPidInfo_Info: [7.879] elevatorPidController: Target=   8.0, Input=   7.4, Error=   0.6, PIDTerms= 0.123/-0.004/ 0.000/ 0.000, Output= 0.120(-1.000/1.000), Volt=12.3(9.0)
GlobalTracer.startCompetition_Warn: AUTO_MODE.updates takes too long (0.030s)

GlobalTracer.printPidInfo_Info: [7.945] elevatorPidController: Target=   8.0, Input=   7.4, Error=   0.6, PIDTerms= 0.123/-0.004/ 0.000/ 0.000, Output= 0.120(-1.000/1.000), Volt=12.3(9.0)
GlobalTracer.startCompetition_Warn: AUTO_MODE.updates takes too long (0.032s)

GlobalTracer.printPidInfo_Info: [8.017] elevatorPidController: Target=   8.0, Input=   7.4, Error=   0.6, PIDTerms= 0.123/-0.004/ 0.000/ 0.000, Output= 0.120(-1.000/1.000), Volt=12.3(9.0)
GlobalTracer.startCompetition_Warn: AUTO_MODE.updates takes too long (0.034s)

GlobalTracer.printPidInfo_Info: [8.088] elevatorPidController: Target=   8.0, Input=   7.4, Error=   0.6, PIDTerms= 0.123/-0.004/ 0.000/ 0.000, Output= 0.120(-1.000/1.000), Volt=12.3(9.0)
GlobalTracer.startCompetition_Warn: AUTO_MODE.updates takes too long (0.032s)

GlobalTracer.printPidInfo_Info: [8.161] elevatorPidController: Target=   8.0, Input=   7.4, Error=   0.6, PIDTerms= 0.123/-0.004/ 0.000/ 0.000, Output= 0.120(-1.000/1.000), Volt=12.3(9.0)
GlobalTracer.startCompetition_Warn: AUTO_MODE.updates takes too long (0.034s)

GlobalTracer.printPidInfo_Info: [8.227] elevatorPidController: Target=   8.0, Input=   7.4, Error=   0.6, PIDTerms= 0.123/-0.004/ 0.000/ 0.000, Output= 0.120(-1.000/1.000), Volt=12.3(9.0)
GlobalTracer.startCompetition_Warn: AUTO_MODE.updates takes too long (0.034s)

GlobalTracer.printPidInfo_Info: [8.300] elevatorPidController: Target=   8.0, Input=   7.4, Error=   0.6, PIDTerms= 0.123/-0.003/ 0.000/ 0.000, Output= 0.120(-1.000/1.000), Volt=12.4(9.0)
GlobalTracer.startCompetition_Warn: AUTO_MODE.updates takes too long (0.036s)

GlobalTracer.printPidInfo_Info: [8.372] elevatorPidController: Target=   8.0, Input=   7.4, Error=   0.6, PIDTerms= 0.123/-0.003/ 0.000/ 0.000, Output= 0.120(-1.000/1.000), Volt=12.3(9.0)
GlobalTracer.startCompetition_Warn: AUTO_MODE.updates takes too long (0.028s)

GlobalTracer.printPidInfo_Info: [8.439] elevatorPidController: Target=   8.0, Input=   7.4, Error=   0.6, PIDTerms= 0.123/-0.003/ 0.000/ 0.000, Output= 0.120(-1.000/1.000), Volt=12.4(9.0)
GlobalTracer.startCompetition_Warn: AUTO_MODE.updates takes too long (0.038s)

GlobalTracer.printPidInfo_Info: [8.518] elevatorPidController: Target=   8.0, Input=   7.4, Error=   0.6, PIDTerms= 0.123/-0.003/ 0.000/ 0.000, Output= 0.120(-1.000/1.000), Volt=12.3(9.0)
GlobalTracer.startCompetition_Warn: AUTO_MODE.updates takes too long (0.023s)

GlobalTracer.printPidInfo_Info: [8.566] elevatorPidController: Target=   8.0, Input=   7.4, Error=   0.6, PIDTerms= 0.123/-0.003/ 0.000/ 0.000, Output= 0.120(-1.000/1.000), Volt=12.3(9.0)
GlobalTracer.startCompetition_Warn: AUTO_MODE.updates takes too long (0.038s)

GlobalTracer.printPidInfo_Info: [8.643] elevatorPidController: Target=   8.0, Input=   7.4, Error=   0.6, PIDTerms= 0.123/-0.003/ 0.000/ 0.000, Output= 0.120(-1.000/1.000), Volt=12.3(9.0)
GlobalTracer.startCompetition_Warn: AUTO_MODE.updates takes too long (0.032s)

GlobalTracer.printPidInfo_Info: [8.711] elevatorPidController: Target=   8.0, Input=   7.4, Error=   0.6, PIDTerms= 0.123/-0.003/ 0.000/ 0.000, Output= 0.120(-1.000/1.000), Volt=12.3(9.0)
GlobalTracer.startCompetition_Warn: AUTO_MODE.periodic takes too long (0.021s)

GlobalTracer.startCompetition_Warn: AUTO_MODE.updates takes too long (0.029s)

GlobalTracer.printPidInfo_Info: [8.790] elevatorPidController: Target=   8.0, Input=   7.4, Error=   0.6, PIDTerms= 0.123/-0.003/ 0.000/ 0.000, Output= 0.120(-1.000/1.000), Volt=12.3(9.0)
GlobalTracer.startCompetition_Warn: AUTO_MODE.updates takes too long (0.022s)

GlobalTracer.printPidInfo_Info: [8.844] elevatorPidController: Target=   8.0, Input=   7.4, Error=   0.6, PIDTerms= 0.123/-0.003/ 0.000/ 0.000, Output= 0.120(-1.000/1.000), Volt=12.3(9.0)
GlobalTracer.startCompetition_Warn: AUTO_MODE.updates takes too long (0.037s)

GlobalTracer.printPidInfo_Info: [8.924] elevatorPidController: Target=   8.0, Input=   7.4, Error=   0.6, PIDTerms= 0.123/-0.003/ 0.000/ 0.000, Output= 0.120(-1.000/1.000), Volt=12.3(9.0)
GlobalTracer.startCompetition_Warn: AUTO_MODE.updates takes too long (0.031s)

GlobalTracer.printPidInfo_Info: [8.995] elevatorPidController: Target=   8.0, Input=   7.4, Error=   0.6, PIDTerms= 0.123/-0.003/ 0.000/ 0.000, Output= 0.120(-1.000/1.000), Volt=12.3(9.0)
GlobalTracer.startCompetition_Warn: AUTO_MODE.updates takes too long (0.031s)

GlobalTracer.printPidInfo_Info: [9.060] elevatorPidController: Target=   8.0, Input=   7.4, Error=   0.6, PIDTerms= 0.123/-0.003/ 0.000/ 0.000, Output= 0.120(-1.000/1.000), Volt=12.3(9.0)
GlobalTracer.startCompetition_Warn: AUTO_MODE.updates takes too long (0.027s)

GlobalTracer.printPidInfo_Info: [9.122] elevatorPidController: Target=   8.0, Input=   7.4, Error=   0.6, PIDTerms= 0.123/-0.003/ 0.000/ 0.000, Output= 0.120(-1.000/1.000), Volt=12.4(9.0)
GlobalTracer.startCompetition_Warn: AUTO_MODE.updates takes too long (0.031s)

GlobalTracer.printPidInfo_Info: [9.197] elevatorPidController: Target=   8.0, Input=   7.4, Error=   0.6, PIDTerms= 0.123/-0.003/ 0.000/ 0.000, Output= 0.120(-1.000/1.000), Volt=12.3(9.0)
GlobalTracer.startCompetition_Warn: AUTO_MODE.updates takes too long (0.028s)

GlobalTracer.printPidInfo_Info: [9.269] elevatorPidController: Target=   8.0, Input=   7.4, Error=   0.6, PIDTerms= 0.123/-0.003/ 0.000/ 0.000, Output= 0.120(-1.000/1.000), Volt=12.3(9.0)
GlobalTracer.startCompetition_Warn: AUTO_MODE.updates takes too long (0.034s)

GlobalTracer.printPidInfo_Info: [9.341] elevatorPidController: Target=   8.0, Input=   7.4, Error=   0.6, PIDTerms= 0.123/-0.003/ 0.000/ 0.000, Output= 0.120(-1.000/1.000), Volt=12.4(9.0)
GlobalTracer.startCompetition_Warn: AUTO_MODE.updates takes too long (0.029s)

GlobalTracer.printPidInfo_Info: [9.414] elevatorPidController: Target=   8.0, Input=   7.4, Error=   0.6, PIDTerms= 0.123/-0.003/ 0.000/ 0.000, Output= 0.120(-1.000/1.000), Volt=12.3(9.0)
GlobalTracer.startCompetition_Warn: AUTO_MODE.updates takes too long (0.041s)

GlobalTracer.printPidInfo_Info: [9.489] elevatorPidController: Target=   8.0, Input=   7.4, Error=   0.6, PIDTerms= 0.123/-0.003/ 0.000/ 0.000, Output= 0.120(-1.000/1.000), Volt=12.4(9.0)
GlobalTracer.startCompetition_Warn: AUTO_MODE.updates takes too long (0.022s)

GlobalTracer.printPidInfo_Info: [9.555] elevatorPidController: Target=   8.0, Input=   7.4, Error=   0.6, PIDTerms= 0.123/-0.003/ 0.000/ 0.000, Output= 0.121(-1.000/1.000), Volt=12.4(9.0)
GlobalTracer.startCompetition_Warn: AUTO_MODE.updates takes too long (0.033s)

GlobalTracer.printPidInfo_Info: [9.627] elevatorPidController: Target=   8.0, Input=   7.4, Error=   0.6, PIDTerms= 0.123/-0.003/ 0.000/ 0.000, Output= 0.121(-1.000/1.000), Volt=12.4(9.0)
GlobalTracer.startCompetition_Warn: AUTO_MODE.periodic takes too long (0.021s)

GlobalTracer.startCompetition_Warn: AUTO_MODE.updates takes too long (0.032s)

GlobalTracer.printPidInfo_Info: [9.704] elevatorPidController: Target=   8.0, Input=   7.4, Error=   0.6, PIDTerms= 0.123/-0.003/ 0.000/ 0.000, Output= 0.121(-1.000/1.000), Volt=12.3(9.0)
GlobalTracer.startCompetition_Warn: AUTO_MODE.updates takes too long (0.040s)

GlobalTracer.printPidInfo_Info: [9.784] elevatorPidController: Target=   8.0, Input=   7.4, Error=   0.6, PIDTerms= 0.123/-0.003/ 0.000/ 0.000, Output= 0.121(-1.000/1.000), Volt=12.3(9.0)
GlobalTracer.startCompetition_Warn: AUTO_MODE.updates takes too long (0.031s)

GlobalTracer.printPidInfo_Info: [9.845] elevatorPidController: Target=   8.0, Input=   7.4, Error=   0.6, PIDTerms= 0.123/-0.003/ 0.000/ 0.000, Output= 0.121(-1.000/1.000), Volt=12.2(9.0)
GlobalTracer.startCompetition_Warn: AUTO_MODE.updates takes too long (0.034s)

GlobalTracer.printPidInfo_Info: [9.918] elevatorPidController: Target=   8.0, Input=   7.4, Error=   0.6, PIDTerms= 0.123/-0.002/ 0.000/ 0.000, Output= 0.121(-1.000/1.000), Volt=12.3(9.0)
GlobalTracer.startCompetition_Warn: AUTO_MODE.updates takes too long (0.037s)

GlobalTracer.printPidInfo_Info: [9.991] elevatorPidController: Target=   8.0, Input=   7.4, Error=   0.6, PIDTerms= 0.123/-0.002/ 0.000/ 0.000, Output= 0.121(-1.000/1.000), Volt=12.3(9.0)
GlobalTracer.startCompetition_Warn: AUTO_MODE.periodic takes too long (0.020s)

GlobalTracer.startCompetition_Warn: AUTO_MODE.updates takes too long (0.037s)

GlobalTracer.printPidInfo_Info: [10.062] elevatorPidController: Target=   8.0, Input=   7.4, Error=   0.6, PIDTerms= 0.123/-0.002/ 0.000/ 0.000, Output= 0.121(-1.000/1.000), Volt=12.3(9.0)
GlobalTracer.startCompetition_Warn: AUTO_MODE.updates takes too long (0.036s)

GlobalTracer.printPidInfo_Info: [10.137] elevatorPidController: Target=   8.0, Input=   7.4, Error=   0.6, PIDTerms= 0.123/-0.002/ 0.000/ 0.000, Output= 0.121(-1.000/1.000), Volt=12.3(9.0)
GlobalTracer.startCompetition_Warn: AUTO_MODE.updates takes too long (0.030s)

GlobalTracer.printPidInfo_Info: [10.205] elevatorPidController: Target=   8.0, Input=   7.4, Error=   0.6, PIDTerms= 0.123/-0.002/ 0.000/ 0.000, Output= 0.121(-1.000/1.000), Volt=12.4(9.0)
GlobalTracer.startCompetition_Warn: AUTO_MODE.updates takes too long (0.030s)

GlobalTracer.printPidInfo_Info: [10.278] elevatorPidController: Target=   8.0, Input=   7.4, Error=   0.6, PIDTerms= 0.123/-0.002/ 0.000/ 0.000, Output= 0.121(-1.000/1.000), Volt=12.3(9.0)
GlobalTracer.startCompetition_Warn: AUTO_MODE.updates takes too long (0.037s)

GlobalTracer.printPidInfo_Info: [10.353] elevatorPidController: Target=   8.0, Input=   7.4, Error=   0.6, PIDTerms= 0.123/-0.002/ 0.000/ 0.000, Output= 0.121(-1.000/1.000), Volt=12.4(9.0)
GlobalTracer.startCompetition_Warn: AUTO_MODE.updates takes too long (0.034s)

GlobalTracer.printPidInfo_Info: [10.426] elevatorPidController: Target=   8.0, Input=   7.4, Error=   0.6, PIDTerms= 0.123/-0.002/ 0.000/ 0.000, Output= 0.121(-1.000/1.000), Volt=12.3(9.0)
GlobalTracer.startCompetition_Warn: AUTO_MODE.updates takes too long (0.030s)

GlobalTracer.printPidInfo_Info: [10.496] elevatorPidController: Target=   8.0, Input=   7.4, Error=   0.6, PIDTerms= 0.123/-0.002/ 0.000/ 0.000, Output= 0.121(-1.000/1.000), Volt=12.4(9.0)
GlobalTracer.startCompetition_Warn: AUTO_MODE.updates takes too long (0.022s)

GlobalTracer.printPidInfo_Info: [10.552] elevatorPidController: Target=   8.0, Input=   7.4, Error=   0.6, PIDTerms= 0.123/-0.002/ 0.000/ 0.000, Output= 0.121(-1.000/1.000), Volt=12.4(9.0)
GlobalTracer.startCompetition_Warn: AUTO_MODE.updates takes too long (0.035s)

GlobalTracer.printPidInfo_Info: [10.624] elevatorPidController: Target=   8.0, Input=   7.4, Error=   0.6, PIDTerms= 0.123/-0.002/ 0.000/ 0.000, Output= 0.121(-1.000/1.000), Volt=12.3(9.0)
GlobalTracer.startCompetition_Warn: AUTO_MODE.updates takes too long (0.041s)

GlobalTracer.printPidInfo_Info: [10.707] elevatorPidController: Target=   8.0, Input=   7.4, Error=   0.6, PIDTerms= 0.123/-0.002/ 0.000/ 0.000, Output= 0.121(-1.000/1.000), Volt=12.4(9.0)
GlobalTracer.startCompetition_Warn: AUTO_MODE.updates takes too long (0.035s)

GlobalTracer.printPidInfo_Info: [10.778] elevatorPidController: Target=   8.0, Input=   7.4, Error=   0.6, PIDTerms= 0.123/-0.002/ 0.000/ 0.000, Output= 0.121(-1.000/1.000), Volt=12.3(9.0)
GlobalTracer.startCompetition_Warn: AUTO_MODE.updates takes too long (0.035s)

GlobalTracer.printPidInfo_Info: [10.843] elevatorPidController: Target=   8.0, Input=   7.4, Error=   0.6, PIDTerms= 0.123/-0.002/ 0.000/ 0.000, Output= 0.121(-1.000/1.000), Volt=12.3(9.0)
GlobalTracer.startCompetition_Warn: AUTO_MODE.updates takes too long (0.026s)

GlobalTracer.printPidInfo_Info: [10.902] elevatorPidController: Target=   8.0, Input=   7.4, Error=   0.6, PIDTerms= 0.123/-0.002/ 0.000/ 0.000, Output= 0.121(-1.000/1.000), Volt=12.3(9.0)
GlobalTracer.startCompetition_Warn: AUTO_MODE.updates takes too long (0.030s)

GlobalTracer.printPidInfo_Info: [10.974] elevatorPidController: Target=   8.0, Input=   7.4, Error=   0.6, PIDTerms= 0.123/-0.002/ 0.000/ 0.000, Output= 0.121(-1.000/1.000), Volt=12.3(9.0)
GlobalTracer.startCompetition_Warn: AUTO_MODE.updates takes too long (0.033s)

GlobalTracer.printPidInfo_Info: [11.045] elevatorPidController: Target=   8.0, Input=   7.4, Error=   0.6, PIDTerms= 0.123/-0.002/ 0.000/ 0.000, Output= 0.121(-1.000/1.000), Volt=12.4(9.0)
GlobalTracer.startCompetition_Warn: AUTO_MODE.updates takes too long (0.039s)

GlobalTracer.printPidInfo_Info: [11.124] elevatorPidController: Target=   8.0, Input=   7.4, Error=   0.6, PIDTerms= 0.123/-0.002/ 0.000/ 0.000, Output= 0.121(-1.000/1.000), Volt=12.3(9.0)
GlobalTracer.startCompetition_Warn: AUTO_MODE.updates takes too long (0.036s)

GlobalTracer.printPidInfo_Info: [11.201] elevatorPidController: Target=   8.0, Input=   7.4, Error=   0.6, PIDTerms= 0.123/-0.002/ 0.000/ 0.000, Output= 0.122(-1.000/1.000), Volt=12.3(9.0)
GlobalTracer.startCompetition_Warn: AUTO_MODE.periodic takes too long (0.021s)

GlobalTracer.startCompetition_Warn: AUTO_MODE.updates takes too long (0.030s)

GlobalTracer.printPidInfo_Info: [11.279] elevatorPidController: Target=   8.0, Input=   7.4, Error=   0.6, PIDTerms= 0.123/-0.002/ 0.000/ 0.000, Output= 0.122(-1.000/1.000), Volt=12.4(9.0)
GlobalTracer.startCompetition_Warn: AUTO_MODE.periodic takes too long (0.022s)

GlobalTracer.startCompetition_Warn: AUTO_MODE.updates takes too long (0.028s)

GlobalTracer.printPidInfo_Info: [11.353] elevatorPidController: Target=   8.0, Input=   7.4, Error=   0.6, PIDTerms= 0.123/-0.002/ 0.000/ 0.000, Output= 0.122(-1.000/1.000), Volt=12.3(9.0)
GlobalTracer.startCompetition_Warn: AUTO_MODE.updates takes too long (0.034s)

GlobalTracer.printPidInfo_Info: [11.425] elevatorPidController: Target=   8.0, Input=   7.4, Error=   0.6, PIDTerms= 0.123/-0.002/ 0.000/ 0.000, Output= 0.122(-1.000/1.000), Volt=12.3(9.0)
GlobalTracer.startCompetition_Warn: AUTO_MODE.updates takes too long (0.028s)

GlobalTracer.printPidInfo_Info: [11.498] elevatorPidController: Target=   8.0, Input=   7.4, Error=   0.6, PIDTerms= 0.123/-0.001/ 0.000/ 0.000, Output= 0.122(-1.000/1.000), Volt=12.3(9.0)
GlobalTracer.startCompetition_Warn: AUTO_MODE.updates takes too long (0.028s)

GlobalTracer.printPidInfo_Info: [11.565] elevatorPidController: Target=   8.0, Input=   7.4, Error=   0.6, PIDTerms= 0.123/-0.001/ 0.000/ 0.000, Output= 0.122(-1.000/1.000), Volt=12.3(9.0)
GlobalTracer.startCompetition_Warn: AUTO_MODE.updates takes too long (0.037s)

GlobalTracer.printPidInfo_Info: [11.646] elevatorPidController: Target=   8.0, Input=   7.4, Error=   0.6, PIDTerms= 0.123/-0.001/ 0.000/ 0.000, Output= 0.122(-1.000/1.000), Volt=12.3(9.0)
GlobalTracer.startCompetition_Warn: AUTO_MODE.updates takes too long (0.037s)

GlobalTracer.printPidInfo_Info: [11.722] elevatorPidController: Target=   8.0, Input=   7.4, Error=   0.6, PIDTerms= 0.123/-0.001/ 0.000/ 0.000, Output= 0.122(-1.000/1.000), Volt=12.3(9.0)
GlobalTracer.startCompetition_Warn: AUTO_MODE.updates takes too long (0.029s)

GlobalTracer.printPidInfo_Info: [11.791] elevatorPidController: Target=   8.0, Input=   7.4, Error=   0.6, PIDTerms= 0.123/-0.001/ 0.000/ 0.000, Output= 0.122(-1.000/1.000), Volt=12.3(9.0)
GlobalTracer.startCompetition_Warn: AUTO_MODE.updates takes too long (0.033s)

GlobalTracer.printPidInfo_Info: [11.867] elevatorPidController: Target=   8.0, Input=   7.4, Error=   0.6, PIDTerms= 0.123/-0.001/ 0.000/ 0.000, Output= 0.122(-1.000/1.000), Volt=12.2(9.0)
GlobalTracer.startCompetition_Warn: AUTO_MODE.updates takes too long (0.039s)

GlobalTracer.printPidInfo_Info: [11.942] elevatorPidController: Target=   8.0, Input=   7.4, Error=   0.6, PIDTerms= 0.123/-0.001/ 0.000/ 0.000, Output= 0.122(-1.000/1.000), Volt=12.3(9.0)
GlobalTracer.printPidInfo_Info: [11.999] elevatorPidController: Target=   8.0, Input=   7.4, Error=   0.6, PIDTerms= 0.123/-0.001/ 0.000/ 0.000, Output= 0.122(-1.000/1.000), Volt=12.3(9.0)
GlobalTracer.startCompetition_Warn: AUTO_MODE.updates takes too long (0.034s)

GlobalTracer.printPidInfo_Info: [12.067] elevatorPidController: Target=   8.0, Input=   7.4, Error=   0.6, PIDTerms= 0.123/-0.001/ 0.000/ 0.000, Output= 0.122(-1.000/1.000), Volt=12.3(9.0)
GlobalTracer.startCompetition_Warn: AUTO_MODE.updates takes too long (0.035s)

GlobalTracer.printPidInfo_Info: [12.142] elevatorPidController: Target=   8.0, Input=   7.4, Error=   0.6, PIDTerms= 0.123/-0.001/ 0.000/ 0.000, Output= 0.122(-1.000/1.000), Volt=12.3(9.0)
GlobalTracer.startCompetition_Warn: AUTO_MODE.updates takes too long (0.030s)

GlobalTracer.printPidInfo_Info: [12.205] elevatorPidController: Target=   8.0, Input=   7.4, Error=   0.6, PIDTerms= 0.123/-0.001/ 0.000/ 0.000, Output= 0.122(-1.000/1.000), Volt=12.3(9.0)
GlobalTracer.startCompetition_Warn: AUTO_MODE.updates takes too long (0.029s)

GlobalTracer.printPidInfo_Info: [12.284] elevatorPidController: Target=   8.0, Input=   7.4, Error=   0.6, PIDTerms= 0.123/-0.001/ 0.000/ 0.000, Output= 0.122(-1.000/1.000), Volt=12.3(9.0)
GlobalTracer.startCompetition_Warn: AUTO_MODE.periodic takes too long (0.020s)

GlobalTracer.startCompetition_Warn: AUTO_MODE.updates takes too long (0.032s)

GlobalTracer.printPidInfo_Info: [12.363] elevatorPidController: Target=   8.0, Input=   7.4, Error=   0.6, PIDTerms= 0.123/-0.001/ 0.000/ 0.000, Output= 0.122(-1.000/1.000), Volt=12.4(9.0)
GlobalTracer.startCompetition_Warn: AUTO_MODE.updates takes too long (0.028s)

GlobalTracer.printPidInfo_Info: [12.423] elevatorPidController: Target=   8.0, Input=   7.4, Error=   0.6, PIDTerms= 0.123/-0.001/ 0.000/ 0.000, Output= 0.122(-1.000/1.000), Volt=12.4(9.0)
GlobalTracer.startCompetition_Warn: AUTO_MODE.updates takes too long (0.037s)

GlobalTracer.printPidInfo_Info: [12.504] elevatorPidController: Target=   8.0, Input=   7.4, Error=   0.6, PIDTerms= 0.123/-0.001/ 0.000/ 0.000, Output= 0.122(-1.000/1.000), Volt=12.3(9.0)
GlobalTracer.startCompetition_Warn: AUTO_MODE.updates takes too long (0.032s)

GlobalTracer.printPidInfo_Info: [12.575] elevatorPidController: Target=   8.0, Input=   7.4, Error=   0.6, PIDTerms= 0.123/-0.001/ 0.000/ 0.000, Output= 0.122(-1.000/1.000), Volt=12.4(9.0)
GlobalTracer.startCompetition_Warn: AUTO_MODE.updates takes too long (0.030s)

GlobalTracer.printPidInfo_Info: [12.635] elevatorPidController: Target=   8.0, Input=   7.4, Error=   0.6, PIDTerms= 0.123/-0.001/ 0.000/ 0.000, Output= 0.122(-1.000/1.000), Volt=12.3(9.0)
GlobalTracer.startCompetition_Warn: AUTO_MODE.updates takes too long (0.029s)

GlobalTracer.printPidInfo_Info: [12.685] elevatorPidController: Target=   8.0, Input=   7.4, Error=   0.6, PIDTerms= 0.123/-0.001/ 0.000/ 0.000, Output= 0.122(-1.000/1.000), Volt=12.3(9.0)
GlobalTracer.startCompetition_Warn: AUTO_MODE.periodic takes too long (0.020s)

GlobalTracer.startCompetition_Warn: AUTO_MODE.updates takes too long (0.041s)

GlobalTracer.printPidInfo_Info: [12.774] elevatorPidController: Target=   8.0, Input=   7.4, Error=   0.6, PIDTerms= 0.123/-0.001/ 0.000/ 0.000, Output= 0.123(-1.000/1.000), Volt=12.3(9.0)
GlobalTracer.startCompetition_Warn: AUTO_MODE.updates takes too long (0.037s)

GlobalTracer.printPidInfo_Info: [12.844] elevatorPidController: Target=   8.0, Input=   7.4, Error=   0.6, PIDTerms= 0.123/-0.001/ 0.000/ 0.000, Output= 0.123(-1.000/1.000), Volt=12.3(9.0)
GlobalTracer.startCompetition_Warn: AUTO_MODE.updates takes too long (0.037s)

GlobalTracer.printPidInfo_Info: [12.919] elevatorPidController: Target=   8.0, Input=   7.4, Error=   0.6, PIDTerms= 0.123/-0.001/ 0.000/ 0.000, Output= 0.123(-1.000/1.000), Volt=12.3(9.0)
GlobalTracer.startCompetition_Warn: AUTO_MODE.updates takes too long (0.037s)

GlobalTracer.printPidInfo_Info: [12.983] elevatorPidController: Target=   8.0, Input=   7.4, Error=   0.6, PIDTerms= 0.123/-0.001/ 0.000/ 0.000, Output= 0.123(-1.000/1.000), Volt=12.3(9.0)
GlobalTracer.startCompetition_Warn: AUTO_MODE.updates takes too long (0.030s)

GlobalTracer.printPidInfo_Info: [13.062] elevatorPidController: Target=   8.0, Input=   7.4, Error=   0.6, PIDTerms= 0.123/-0.001/ 0.000/ 0.000, Output= 0.123(-1.000/1.000), Volt=12.4(9.0)
GlobalTracer.startCompetition_Warn: AUTO_MODE.updates takes too long (0.035s)

GlobalTracer.printPidInfo_Info: [13.140] elevatorPidController: Target=   8.0, Input=   7.4, Error=   0.6, PIDTerms= 0.123/-0.000/ 0.000/ 0.000, Output= 0.123(-1.000/1.000), Volt=12.3(9.0)
GlobalTracer.startCompetition_Warn: AUTO_MODE.updates takes too long (0.029s)

GlobalTracer.printPidInfo_Info: [13.203] elevatorPidController: Target=   8.0, Input=   7.4, Error=   0.6, PIDTerms= 0.123/-0.000/ 0.000/ 0.000, Output= 0.123(-1.000/1.000), Volt=12.4(9.0)
GlobalTracer.startCompetition_Warn: AUTO_MODE.updates takes too long (0.030s)

GlobalTracer.printPidInfo_Info: [13.282] elevatorPidController: Target=   8.0, Input=   7.4, Error=   0.6, PIDTerms= 0.123/-0.000/ 0.000/ 0.000, Output= 0.123(-1.000/1.000), Volt=12.3(9.0)
GlobalTracer.startCompetition_Warn: AUTO_MODE.periodic takes too long (0.020s)

GlobalTracer.startCompetition_Warn: AUTO_MODE.updates takes too long (0.047s)

GlobalTracer.printPidInfo_Info: [13.380] elevatorPidController: Target=   8.0, Input=   7.4, Error=   0.6, PIDTerms= 0.123/-0.000/ 0.000/ 0.000, Output= 0.123(-1.000/1.000), Volt=12.4(9.0)
GlobalTracer.startCompetition_Warn: AUTO_MODE.updates takes too long (0.042s)

GlobalTracer.printPidInfo_Info: [13.465] elevatorPidController: Target=   8.0, Input=   7.4, Error=   0.6, PIDTerms= 0.123/-0.000/ 0.000/ 0.000, Output= 0.123(-1.000/1.000), Volt=12.3(9.0)
GlobalTracer.startCompetition_Warn: AUTO_MODE.updates takes too long (0.036s)

GlobalTracer.printPidInfo_Info: [13.547] elevatorPidController: Target=   8.0, Input=   7.4, Error=   0.6, PIDTerms= 0.123/-0.000/ 0.000/ 0.000, Output= 0.123(-1.000/1.000), Volt=12.4(9.0)
GlobalTracer.startCompetition_Warn: AUTO_MODE.updates takes too long (0.033s)

GlobalTracer.printPidInfo_Info: [13.623] elevatorPidController: Target=   8.0, Input=   7.4, Error=   0.6, PIDTerms= 0.123/-0.000/ 0.000/ 0.000, Output= 0.123(-1.000/1.000), Volt=12.4(9.0)
GlobalTracer.startCompetition_Warn: AUTO_MODE.periodic takes too long (0.022s)

GlobalTracer.startCompetition_Warn: AUTO_MODE.updates takes too long (0.035s)

GlobalTracer.printPidInfo_Info: [13.709] elevatorPidController: Target=   8.0, Input=   7.4, Error=   0.6, PIDTerms= 0.123/-0.000/ 0.000/ 0.000, Output= 0.123(-1.000/1.000), Volt=12.4(9.0)
GlobalTracer.startCompetition_Warn: AUTO_MODE.updates takes too long (0.023s)

GlobalTracer.printPidInfo_Info: [13.766] elevatorPidController: Target=   8.0, Input=   7.4, Error=   0.6, PIDTerms= 0.123/-0.000/ 0.000/ 0.000, Output= 0.123(-1.000/1.000), Volt=12.3(9.0)
GlobalTracer.startCompetition_Warn: AUTO_MODE.updates takes too long (0.028s)

GlobalTracer.printPidInfo_Info: [13.845] elevatorPidController: Target=   8.0, Input=   7.4, Error=   0.6, PIDTerms= 0.123/-0.000/ 0.000/ 0.000, Output= 0.123(-1.000/1.000), Volt=12.3(9.0)
GlobalTracer.startCompetition_Warn: AUTO_MODE.periodic takes too long (0.020s)

GlobalTracer.startCompetition_Warn: AUTO_MODE.updates takes too long (0.044s)

GlobalTracer.printPidInfo_Info: [13.935] elevatorPidController: Target=   8.0, Input=   7.4, Error=   0.6, PIDTerms= 0.123/-0.000/ 0.000/ 0.000, Output= 0.123(-1.000/1.000), Volt=12.3(9.0)
GlobalTracer.startCompetition_Warn: AUTO_MODE.periodic takes too long (0.021s)

GlobalTracer.startCompetition_Warn: AUTO_MODE.updates takes too long (0.039s)

GlobalTracer.printPidInfo_Info: [14.022] elevatorPidController: Target=   8.0, Input=   7.4, Error=   0.6, PIDTerms= 0.123/ 0.000/ 0.000/ 0.000, Output= 0.123(-1.000/1.000), Volt=12.4(9.0)
GlobalTracer.startCompetition_Warn: AUTO_MODE.updates takes too long (0.039s)

GlobalTracer.printPidInfo_Info: [14.094] elevatorPidController: Target=   8.0, Input=   7.4, Error=   0.6, PIDTerms= 0.123/ 0.000/ 0.000/ 0.000, Output= 0.123(-1.000/1.000), Volt=12.3(9.0)
GlobalTracer.startCompetition_Warn: AUTO_MODE.updates takes too long (0.037s)

GlobalTracer.printPidInfo_Info: [14.178] elevatorPidController: Target=   8.0, Input=   7.4, Error=   0.6, PIDTerms= 0.123/ 0.000/ 0.000/ 0.000, Output= 0.123(-1.000/1.000), Volt=12.4(9.0)
GlobalTracer.startCompetition_Warn: AUTO_MODE.updates takes too long (0.035s)

GlobalTracer.printPidInfo_Info: [14.257] elevatorPidController: Target=   8.0, Input=   7.4, Error=   0.6, PIDTerms= 0.123/ 0.000/ 0.000/ 0.000, Output= 0.123(-1.000/1.000), Volt=12.3(9.0)
GlobalTracer.startCompetition_Warn: AUTO_MODE.updates takes too long (0.044s)

GlobalTracer.printPidInfo_Info: [14.337] elevatorPidController: Target=   8.0, Input=   7.4, Error=   0.6, PIDTerms= 0.123/ 0.000/ 0.000/ 0.000, Output= 0.123(-1.000/1.000), Volt=12.4(9.0)
GlobalTracer.startCompetition_Warn: AUTO_MODE.updates takes too long (0.031s)

GlobalTracer.startCompetition_Warn: AUTO_MODE.preContinuousTasks takes too long (0.020s)

GlobalTracer.printPidInfo_Info: [14.403] elevatorPidController: Target=   8.0, Input=   7.4, Error=   0.6, PIDTerms= 0.123/ 0.000/ 0.000/ 0.000, Output= 0.124(-1.000/1.000), Volt=12.3(9.0)
GlobalTracer.startCompetition_Warn: AUTO_MODE.updates takes too long (0.038s)

GlobalTracer.printPidInfo_Info: [14.495] elevatorPidController: Target=   8.0, Input=   7.4, Error=   0.6, PIDTerms= 0.123/ 0.000/ 0.000/ 0.000, Output= 0.124(-1.000/1.000), Volt=12.4(9.0)
GlobalTracer.startCompetition_Warn: AUTO_MODE.updates takes too long (0.035s)

GlobalTracer.printPidInfo_Info: [14.560] elevatorPidController: Target=   8.0, Input=   7.4, Error=   0.6, PIDTerms= 0.123/ 0.000/ 0.000/ 0.000, Output= 0.124(-1.000/1.000), Volt=12.3(9.0)
GlobalTracer.startCompetition_Warn: AUTO_MODE.updates takes too long (0.023s)

GlobalTracer.printPidInfo_Info: [14.621] elevatorPidController: Target=   8.0, Input=   7.4, Error=   0.6, PIDTerms= 0.123/ 0.000/ 0.000/ 0.000, Output= 0.124(-1.000/1.000), Volt=12.3(9.0)
GlobalTracer.startCompetition_Warn: AUTO_MODE.updates takes too long (0.036s)

GlobalTracer.printPidInfo_Info: [14.700] elevatorPidController: Target=   8.0, Input=   7.4, Error=   0.6, PIDTerms= 0.123/ 0.000/ 0.000/ 0.000, Output= 0.124(-1.000/1.000), Volt=12.3(9.0)
GlobalTracer.startCompetition_Warn: AUTO_MODE.updates takes too long (0.033s)

GlobalTracer.printPidInfo_Info: [14.775] elevatorPidController: Target=   8.0, Input=   7.4, Error=   0.6, PIDTerms= 0.123/ 0.001/ 0.000/ 0.000, Output= 0.124(-1.000/1.000), Volt=12.4(9.0)
GlobalTracer.startCompetition_Warn: AUTO_MODE.updates takes too long (0.034s)

GlobalTracer.printPidInfo_Info: [14.847] elevatorPidController: Target=   8.0, Input=   7.4, Error=   0.6, PIDTerms= 0.123/ 0.001/ 0.000/ 0.000, Output= 0.124(-1.000/1.000), Volt=12.3(9.0)
GlobalTracer.startCompetition_Warn: AUTO_MODE.updates takes too long (0.037s)

GlobalTracer.printPidInfo_Info: [14.923] elevatorPidController: Target=   8.0, Input=   7.4, Error=   0.6, PIDTerms= 0.123/ 0.001/ 0.000/ 0.000, Output= 0.124(-1.000/1.000), Volt=12.3(9.0)
GlobalTracer.startCompetition_Warn: AUTO_MODE.updates takes too long (0.034s)

GlobalTracer.printPidInfo_Info: [14.994] elevatorPidController: Target=   8.0, Input=   7.4, Error=   0.6, PIDTerms= 0.123/ 0.001/ 0.000/ 0.000, Output= 0.124(-1.000/1.000), Volt=12.4(9.0)
GlobalTracer.startCompetition_Warn: AUTO_MODE.updates takes too long (0.039s)

GlobalTracer.printPidInfo_Info: [15.068] elevatorPidController: Target=   8.0, Input=   7.4, Error=   0.6, PIDTerms= 0.123/ 0.001/ 0.000/ 0.000, Output= 0.124(-1.000/1.000), Volt=12.3(9.0)
GlobalTracer.startCompetition_Warn: AUTO_MODE.periodic takes too long (0.021s)

GlobalTracer.startCompetition_Warn: AUTO_MODE.updates takes too long (0.028s)

GlobalTracer.printPidInfo_Info: [15.143] elevatorPidController: Target=   8.0, Input=   7.4, Error=   0.6, PIDTerms= 0.123/ 0.001/ 0.000/ 0.000, Output= 0.124(-1.000/1.000), Volt=12.3(9.0)
GlobalTracer.startCompetition_Warn: AUTO_MODE.updates takes too long (0.029s)

GlobalTracer.printPidInfo_Info: [15.211] elevatorPidController: Target=   8.0, Input=   7.4, Error=   0.6, PIDTerms= 0.123/ 0.001/ 0.000/ 0.000, Output= 0.124(-1.000/1.000), Volt=12.3(9.0)
GlobalTracer.startCompetition_Warn: AUTO_MODE.updates takes too long (0.031s)

GlobalTracer.printPidInfo_Info: [15.282] elevatorPidController: Target=   8.0, Input=   7.4, Error=   0.6, PIDTerms= 0.123/ 0.001/ 0.000/ 0.000, Output= 0.124(-1.000/1.000), Volt=12.4(9.0)
GlobalTracer.startCompetition_Warn: AUTO_MODE.updates takes too long (0.033s)

GlobalTracer.Vision_Info: Pixy is disabled!
GlobalTracer.TaskPerformance_Info: leftDriveStick.prePeriodic: PrePeriodic=0.000028, PostPeriodic=NaN, PreContinuous=NaN, PostContinous=NaN
GlobalTracer.TaskPerformance_Info: rightDriveStick.prePeriodic: PrePeriodic=0.000011, PostPeriodic=NaN, PreContinuous=NaN, PostContinous=NaN
GlobalTracer.TaskPerformance_Info: operatorStick.prePeriodic: PrePeriodic=0.000008, PostPeriodic=NaN, PreContinuous=NaN, PostContinous=NaN
GlobalTracer.TaskPerformance_Info: TrcRobotBattery.preContinuous: PrePeriodic=NaN, PostPeriodic=NaN, PreContinuous=0.001649, PostContinous=NaN
GlobalTracer.TaskPerformance_Info: LeftSonar.preContinuous: PrePeriodic=NaN, PostPeriodic=NaN, PreContinuous=NaN, PostContinous=NaN
GlobalTracer.TaskPerformance_Info: LeftSonar.preContinuous: PrePeriodic=NaN, PostPeriodic=NaN, PreContinuous=NaN, PostContinous=NaN
GlobalTracer.TaskPerformance_Info: RightSonar.preContinuous: PrePeriodic=NaN, PostPeriodic=NaN, PreContinuous=NaN, PostContinous=NaN
GlobalTracer.TaskPerformance_Info: RightSonar.preContinuous: PrePeriodic=NaN, PostPeriodic=NaN, PreContinuous=NaN, PostContinous=NaN
GlobalTracer.TaskPerformance_Info: LeftFrontWheel.stop: PrePeriodic=NaN, PostPeriodic=NaN, PreContinuous=NaN, PostContinous=NaN
GlobalTracer.TaskPerformance_Info: LeftFrontWheel.preContinuousTask: PrePeriodic=NaN, PostPeriodic=NaN, PreContinuous=NaN, PostContinous=NaN
GlobalTracer.TaskPerformance_Info: LeftRearWheel.stop: PrePeriodic=NaN, PostPeriodic=NaN, PreContinuous=NaN, PostContinous=NaN
GlobalTracer.TaskPerformance_Info: LeftRearWheel.preContinuousTask: PrePeriodic=NaN, PostPeriodic=NaN, PreContinuous=NaN, PostContinous=NaN
GlobalTracer.TaskPerformance_Info: RightFrontWheel.stop: PrePeriodic=NaN, PostPeriodic=NaN, PreContinuous=NaN, PostContinous=NaN
GlobalTracer.TaskPerformance_Info: RightFrontWheel.preContinuousTask: PrePeriodic=NaN, PostPeriodic=NaN, PreContinuous=NaN, PostContinous=NaN
GlobalTracer.TaskPerformance_Info: RightRearWheel.stop: PrePeriodic=NaN, PostPeriodic=NaN, PreContinuous=NaN, PostContinous=NaN
GlobalTracer.TaskPerformance_Info: RightRearWheel.preContinuousTask: PrePeriodic=NaN, PostPeriodic=NaN, PreContinuous=NaN, PostContinous=NaN
GlobalTracer.TaskPerformance_Info: TrcDriveBase.stop: PrePeriodic=NaN, PostPeriodic=NaN, PreContinuous=NaN, PostContinous=NaN
GlobalTracer.TaskPerformance_Info: TrcDriveBase.preContinuous: PrePeriodic=NaN, PostPeriodic=NaN, PreContinuous=0.005081, PostContinous=NaN
GlobalTracer.TaskPerformance_Info:    pidDrive.stop: PrePeriodic=NaN, PostPeriodic=NaN, PreContinuous=NaN, PostContinous=NaN
GlobalTracer.TaskPerformance_Info: pidDrive.postContinuous: PrePeriodic=NaN, PostPeriodic=NaN, PreContinuous=NaN, PostContinous=0.026656
GlobalTracer.TaskPerformance_Info: elevatorMotor.stop: PrePeriodic=NaN, PostPeriodic=NaN, PreContinuous=NaN, PostContinous=NaN
GlobalTracer.TaskPerformance_Info: elevatorMotor.preContinuousTask: PrePeriodic=NaN, PostPeriodic=NaN, PreContinuous=NaN, PostContinous=NaN
GlobalTracer.TaskPerformance_Info:    elevator.stop: PrePeriodic=NaN, PostPeriodic=NaN, PreContinuous=NaN, PostContinous=NaN
GlobalTracer.TaskPerformance_Info: elevator.postContinuous: PrePeriodic=NaN, PostPeriodic=NaN, PreContinuous=NaN, PostContinous=0.001854
GlobalTracer.TaskPerformance_Info: elevatorMotor.preContinuous: PrePeriodic=NaN, PostPeriodic=NaN, PreContinuous=0.000429, PostContinous=NaN
GlobalTracer.TaskPerformance_Info: LeftPickupMotor.stop: PrePeriodic=NaN, PostPeriodic=NaN, PreContinuous=NaN, PostContinous=NaN
GlobalTracer.TaskPerformance_Info: LeftPickupMotor.preContinuousTask: PrePeriodic=NaN, PostPeriodic=NaN, PreContinuous=NaN, PostContinous=NaN
GlobalTracer.TaskPerformance_Info: RightPickupMotor.stop: PrePeriodic=NaN, PostPeriodic=NaN, PreContinuous=NaN, PostContinous=NaN
GlobalTracer.TaskPerformance_Info: RightPickupMotor.preContinuousTask: PrePeriodic=NaN, PostPeriodic=NaN, PreContinuous=NaN, PostContinous=NaN
GlobalTracer.TaskPerformance_Info: CubePickupClaw.stop: PrePeriodic=NaN, PostPeriodic=NaN, PreContinuous=NaN, PostContinous=NaN
GlobalTracer.TaskPerformance_Info: CubePickupClaw.postContinuous: PrePeriodic=NaN, PostPeriodic=NaN, PreContinuous=NaN, PostContinous=NaN
GlobalTracer.TaskPerformance_Info: CubePickupClaw.preContinuous: PrePeriodic=NaN, PostPeriodic=NaN, PreContinuous=NaN, PostContinous=NaN
GlobalTracer.TaskPerformance_Info: CubePickupDeploy.stop: PrePeriodic=NaN, PostPeriodic=NaN, PreContinuous=NaN, PostContinous=NaN
GlobalTracer.TaskPerformance_Info: CubePickupDeploy.postContinuous: PrePeriodic=NaN, PostPeriodic=NaN, PreContinuous=NaN, PostContinous=NaN
GlobalTracer.TaskPerformance_Info: CubePickupDeploy.preContinuous: PrePeriodic=NaN, PostPeriodic=NaN, PreContinuous=NaN, PostContinous=NaN
GlobalTracer.TaskPerformance_Info: CubeProximityTrigger.preContinuous: PrePeriodic=NaN, PostPeriodic=NaN, PreContinuous=NaN, PostContinous=NaN
GlobalTracer.TaskPerformance_Info: PickupCurrentTrigger.preContinuous: PrePeriodic=NaN, PostPeriodic=NaN, PreContinuous=NaN, PostContinous=NaN
GlobalTracer.TaskPerformance_Info:       pickupTask: PrePeriodic=NaN, PostPeriodic=NaN, PreContinuous=NaN, PostContinous=NaN
GlobalTracer.TaskPerformance_Info: pickupTimer.preContinuous: PrePeriodic=NaN, PostPeriodic=NaN, PreContinuous=NaN, PostContinous=NaN
GlobalTracer.TaskPerformance_Info: WinchMaster.stop: PrePeriodic=NaN, PostPeriodic=NaN, PreContinuous=NaN, PostContinous=NaN
GlobalTracer.TaskPerformance_Info: WinchMaster.preContinuousTask: PrePeriodic=NaN, PostPeriodic=NaN, PreContinuous=NaN, PostContinous=NaN
GlobalTracer.TaskPerformance_Info:  WinchSlave.stop: PrePeriodic=NaN, PostPeriodic=NaN, PreContinuous=NaN, PostContinous=NaN
GlobalTracer.TaskPerformance_Info: WinchSlave.preContinuousTask: PrePeriodic=NaN, PostPeriodic=NaN, PreContinuous=NaN, PostContinous=NaN
GlobalTracer.TaskPerformance_Info: leftFlipper.stop: PrePeriodic=NaN, PostPeriodic=NaN, PreContinuous=NaN, PostContinous=NaN
GlobalTracer.TaskPerformance_Info: leftFlipper.postContinuous: PrePeriodic=NaN, PostPeriodic=NaN, PreContinuous=NaN, PostContinous=NaN
GlobalTracer.TaskPerformance_Info: leftFlipper.preContinuous: PrePeriodic=NaN, PostPeriodic=NaN, PreContinuous=NaN, PostContinous=NaN
GlobalTracer.TaskPerformance_Info: rightFlipper.stop: PrePeriodic=NaN, PostPeriodic=NaN, PreContinuous=NaN, PostContinous=NaN
GlobalTracer.TaskPerformance_Info: rightFlipper.postContinuous: PrePeriodic=NaN, PostPeriodic=NaN, PreContinuous=NaN, PostContinous=NaN
GlobalTracer.TaskPerformance_Info: rightFlipper.preContinuous: PrePeriodic=NaN, PostPeriodic=NaN, PreContinuous=NaN, PostContinous=NaN
GlobalTracer.TaskPerformance_Info: VisionTrigger.preContinuous: PrePeriodic=NaN, PostPeriodic=NaN, PreContinuous=NaN, PostContinous=NaN
GlobalTracer.TaskPerformance_Info: ExchangeTrigger.preContinuous: PrePeriodic=NaN, PostPeriodic=NaN, PreContinuous=NaN, PostContinous=NaN
GlobalTracer.TaskPerformance_Info: FrcTest.preContinuous: PrePeriodic=NaN, PostPeriodic=NaN, PreContinuous=NaN, PostContinous=NaN
GlobalTracer.TaskPerformance_Info: CmdAutoSwitch.preContinuous: PrePeriodic=NaN, PostPeriodic=NaN, PreContinuous=0.000100, PostContinous=NaN
GlobalTracer.TaskPerformance_Info: LeftSonarTrigger.preContinuous: PrePeriodic=NaN, PostPeriodic=NaN, PreContinuous=NaN, PostContinous=NaN
GlobalTracer.TaskPerformance_Info: RightSonarTrigger.preContinuous: PrePeriodic=NaN, PostPeriodic=NaN, PreContinuous=NaN, PostContinous=NaN
GlobalTracer.Robot_Info: TotalEnergy=0.544Wh
