GlobalTracer.FirstPowerUp_Info: Sat Mar 31 10:02:15 PDT 2018[0.930]: ***** Starting autonomous *****
GlobalTracer.FirstPowerUp_Info: WAAMV_Qualification_ 61 (Red3) [FMSConnected=true]
GlobalTracer.CmdAutoSwitch_Info: [0.988] delay=0.0, fwdDistance=235.0, startPos=MID_POS, fastDelivery=true, getSecondCube=false
GlobalTracer.CmdAutoSwitch_Info: alliance=Red, gameSpecificMsg=RLR, delay=0.000, fwdDistance=235, startPosition=MID_POS, flipInFlight=false
GlobalTracer.Vision_Info: Pixy is enabled!
GlobalTracer.FrcAuto.startMode_Info: [1.035] startMode done!
GlobalTracer.startCompetition_Warn: AUTO_MODE.startMode takes too long (1.026s)
GlobalTracer.Robot_Info: [1.050]   DO_DELAY: xPos=  0.00,yPos=  0.00,heading=   6.9/   0.0,volts=12.4(12.5)
GlobalTracer.startCompetition_Warn: AUTO_MODE.runPeriodic takes too long (0.188s)
GlobalTracer.startCompetition_Warn: AUTO_MODE.updates takes too long (0.027s)
GlobalTracer.startCompetition_Warn: AUTO_MODE takes too long (1.300s)
GlobalTracer.Robot_Info: [1.295] DRIVE_DIAGONAL_TO_SWITCH: xPos=  0.00,yPos=  0.00,heading=   0.0/  25.0,volts=12.5(12.5)
GlobalTracer.printPidInfo_Info: [1.295] elevatorPidController: Target=  34.8, Input=   0.0, Error=  26.8, PIDTerms= 0.000/ 0.000/ 0.000/ 0.000, Output= 0.000(-1.000/1.000), Volt=12.5(12.5)
GlobalTracer.printPidInfo_Info: encoderXPidCtrl: Target=   0.0, Input=   0.0, Error=   0.0, PIDTerms= 0.000/ 0.000/ 0.000/ 0.000, Output= 0.000(-0.700/0.700), Volt=12.5(12.5)
GlobalTracer.printPidInfo_Info: encoderYPidCtrl: Target= 110.0, Input=   0.0, Error= 110.0, PIDTerms= 2.200/ 0.000/ 0.000/ 0.000, Output= 0.600(-0.600/0.600), Volt=12.5(12.5)
GlobalTracer.printPidInfo_Info: gyroTurnPidCtrl: Target=  25.0, Input=   0.0, Error=  25.0, PIDTerms= 0.500/ 0.000/ 0.000/ 0.000, Output= 0.500(-0.700/0.700), Volt=12.5(12.5)
GlobalTracer.startCompetition_Warn: AUTO_MODE.postContinuousTasks takes too long (0.033s)
GlobalTracer.startCompetition_Warn: AUTO_MODE.updates takes too long (0.050s)
GlobalTracer.startCompetition_Warn: AUTO_MODE takes too long (0.128s)
GlobalTracer.printPidInfo_Info: [1.425] elevatorPidController: Target=  34.8, Input=   8.0, Error=  26.8, PIDTerms= 5.350/ 0.001/ 0.000/ 0.000, Output= 1.000(-1.000/1.000), Volt=9.3(9.1)
GlobalTracer.startCompetition_Warn: AUTO_MODE.runPeriodic takes too long (0.024s)
GlobalTracer.printPidInfo_Info: encoderXPidCtrl: Target=   0.0, Input=   0.2, Error=  -0.2, PIDTerms=-0.040/ 0.000/-0.017/ 0.000, Output=-0.057(-0.700/0.700), Volt=9.6(9.1)
GlobalTracer.printPidInfo_Info: encoderYPidCtrl: Target= 110.0, Input=   0.7, Error= 109.3, PIDTerms= 2.185/ 0.000/-0.008/ 0.000, Output= 0.600(-0.600/0.600), Volt=9.6(9.1)
GlobalTracer.printPidInfo_Info: gyroTurnPidCtrl: Target=  25.0, Input=   0.3, Error=  24.7, PIDTerms= 0.494/ 0.000/-0.004/ 0.000, Output= 0.490(-0.700/0.700), Volt=9.6(9.1)
GlobalTracer.startCompetition_Warn: AUTO_MODE.postContinuousTasks takes too long (0.031s)
GlobalTracer.startCompetition_Warn: AUTO_MODE.updates takes too long (0.052s)
GlobalTracer.startCompetition_Warn: AUTO_MODE takes too long (0.145s)
GlobalTracer.printPidInfo_Info: [1.571] elevatorPidController: Target=  34.8, Input=  10.2, Error=  24.5, PIDTerms= 4.904/ 0.005/-0.000/ 0.000, Output= 1.000(-1.000/1.000), Volt=9.7(9.1)
GlobalTracer.startCompetition_Warn: AUTO_MODE.runPeriodic takes too long (0.035s)
GlobalTracer.printPidInfo_Info: encoderXPidCtrl: Target=   0.0, Input=   0.7, Error=  -0.7, PIDTerms=-0.176/ 0.000/-0.053/ 0.000, Output=-0.229(-0.700/0.700), Volt=9.9(9.1)
GlobalTracer.printPidInfo_Info: encoderYPidCtrl: Target= 110.0, Input=   4.2, Error= 105.8, PIDTerms= 2.116/ 0.000/-0.034/ 0.000, Output= 0.600(-0.600/0.600), Volt=9.9(9.1)
GlobalTracer.printPidInfo_Info: gyroTurnPidCtrl: Target=  25.0, Input=   7.1, Error=  17.9, PIDTerms= 0.358/ 0.000/-0.077/ 0.000, Output= 0.281(-0.700/0.700), Volt=9.9(9.1)
GlobalTracer.startCompetition_Warn: AUTO_MODE.updates takes too long (0.050s)
GlobalTracer.startCompetition_Warn: AUTO_MODE takes too long (0.134s)
GlobalTracer.printPidInfo_Info: [1.707] elevatorPidController: Target=  34.8, Input=  14.9, Error=  19.9, PIDTerms= 3.976/ 0.008/-0.000/ 0.000, Output= 1.000(-1.000/1.000), Volt=10.0(9.1)
GlobalTracer.startCompetition_Warn: AUTO_MODE.runPeriodic takes too long (0.023s)
GlobalTracer.printPidInfo_Info: encoderXPidCtrl: Target=   0.0, Input=   0.8, Error=  -0.8, PIDTerms=-0.201/ 0.000/-0.012/ 0.000, Output=-0.213(-0.700/0.700), Volt=10.1(9.1)
GlobalTracer.printPidInfo_Info: encoderYPidCtrl: Target= 110.0, Input=   9.0, Error= 101.0, PIDTerms= 2.019/ 0.000/-0.059/ 0.000, Output= 0.600(-0.600/0.600), Volt=10.1(9.1)
GlobalTracer.printPidInfo_Info: gyroTurnPidCtrl: Target=  25.0, Input=  17.0, Error=   8.0, PIDTerms= 0.161/ 0.000/-0.142/ 0.000, Output= 0.019(-0.700/0.700), Volt=10.2(9.1)
GlobalTracer.startCompetition_Warn: AUTO_MODE.postContinuousTasks takes too long (0.041s)
GlobalTracer.startCompetition_Warn: AUTO_MODE.updates takes too long (0.079s)
GlobalTracer.startCompetition_Warn: AUTO_MODE takes too long (0.168s)
GlobalTracer.startCompetition_Warn: AUTO_MODE.preContinuousTasks takes too long (0.025s)
GlobalTracer.printPidInfo_Info: [1.878] elevatorPidController: Target=  34.8, Input=  19.7, Error=  15.0, PIDTerms= 3.009/ 0.010/-0.000/ 0.000, Output= 1.000(-1.000/1.000), Volt=10.3(9.1)
GlobalTracer.startCompetition_Warn: AUTO_MODE.runPeriodic takes too long (0.049s)
GlobalTracer.printPidInfo_Info: encoderXPidCtrl: Target=   0.0, Input=  -0.1, Error=   0.1, PIDTerms= 0.031/ 0.000/ 0.064/ 0.000, Output= 0.095(-0.700/0.700), Volt=10.5(9.1)
GlobalTracer.printPidInfo_Info: encoderYPidCtrl: Target= 110.0, Input=  17.3, Error=  92.7, PIDTerms= 1.854/ 0.000/-0.057/ 0.000, Output= 0.600(-0.600/0.600), Volt=10.5(9.1)
GlobalTracer.printPidInfo_Info: gyroTurnPidCtrl: Target=  25.0, Input=  27.7, Error=  -2.7, PIDTerms=-0.054/ 0.000/-0.087/ 0.000, Output=-0.141(-0.700/0.700), Volt=10.4(9.1)
GlobalTracer.startCompetition_Warn: AUTO_MODE.postContinuousTasks takes too long (0.021s)
GlobalTracer.startCompetition_Warn: AUTO_MODE.updates takes too long (0.040s)
GlobalTracer.startCompetition_Warn: AUTO_MODE takes too long (0.152s)
GlobalTracer.printPidInfo_Info: [2.031] elevatorPidController: Target=  34.8, Input=  27.2, Error=   7.6, PIDTerms= 1.516/ 0.011/-0.000/ 0.000, Output= 1.000(-1.000/1.000), Volt=10.5(9.1)
GlobalTracer.startCompetition_Warn: AUTO_MODE.runPeriodic takes too long (0.023s)
GlobalTracer.printPidInfo_Info: encoderXPidCtrl: Target=   0.0, Input=  -0.7, Error=   0.7, PIDTerms= 0.176/ 0.000/ 0.080/ 0.000, Output= 0.256(-0.700/0.700), Volt=10.6(9.1)
GlobalTracer.printPidInfo_Info: encoderYPidCtrl: Target= 110.0, Input=  24.8, Error=  85.2, PIDTerms= 1.703/ 0.000/-0.105/ 0.000, Output= 0.600(-0.600/0.600), Volt=10.6(9.1)
GlobalTracer.printPidInfo_Info: gyroTurnPidCtrl: Target=  25.0, Input=  31.6, Error=  -6.6, PIDTerms=-0.132/ 0.000/-0.063/ 0.000, Output=-0.195(-0.700/0.700), Volt=10.6(9.1)
GlobalTracer.startCompetition_Warn: AUTO_MODE.postContinuousTasks takes too long (0.020s)
GlobalTracer.startCompetition_Warn: AUTO_MODE.updates takes too long (0.037s)
GlobalTracer.startCompetition_Warn: AUTO_MODE takes too long (0.102s)
GlobalTracer.printPidInfo_Info: [2.133] elevatorPidController: Target=  34.8, Input=  30.9, Error=   3.8, PIDTerms= 0.769/ 0.012/-0.000/ 0.000, Output= 0.781(-1.000/1.000), Volt=10.7(9.1)
GlobalTracer.startCompetition_Warn: AUTO_MODE.runPeriodic takes too long (0.065s)
GlobalTracer.printPidInfo_Info: encoderXPidCtrl: Target=   0.0, Input=  -0.7, Error=   0.7, PIDTerms= 0.164/ 0.000/-0.005/ 0.000, Output= 0.159(-0.700/0.700), Volt=10.7(9.1)
GlobalTracer.printPidInfo_Info: encoderYPidCtrl: Target= 110.0, Input=  30.7, Error=  79.3, PIDTerms= 1.586/ 0.000/-0.061/ 0.000, Output= 0.600(-0.600/0.600), Volt=10.7(9.1)
GlobalTracer.printPidInfo_Info: gyroTurnPidCtrl: Target=  25.0, Input=  31.1, Error=  -6.1, PIDTerms=-0.121/ 0.000/ 0.006/ 0.000, Output=-0.115(-0.700/0.700), Volt=10.7(9.1)
GlobalTracer.startCompetition_Warn: AUTO_MODE.postContinuousTasks takes too long (0.039s)
GlobalTracer.startCompetition_Warn: AUTO_MODE.updates takes too long (0.053s)
GlobalTracer.startCompetition_Warn: AUTO_MODE takes too long (0.184s)
GlobalTracer.printPidInfo_Info: [2.320] elevatorPidController: Target=  34.8, Input=  37.0, Error=  -2.3, PIDTerms=-0.453/ 0.011/-0.000/ 0.000, Output=-0.442(-1.000/1.000), Volt=11.1(9.1)
GlobalTracer.startCompetition_Warn: AUTO_MODE.runPeriodic takes too long (0.041s)
GlobalTracer.printPidInfo_Info: encoderXPidCtrl: Target=   0.0, Input=   0.1, Error=  -0.1, PIDTerms=-0.021/ 0.000/-0.065/ 0.000, Output=-0.086(-0.700/0.700), Volt=11.2(9.1)
GlobalTracer.printPidInfo_Info: encoderYPidCtrl: Target= 110.0, Input=  43.7, Error=  66.3, PIDTerms= 1.325/ 0.000/-0.115/ 0.000, Output= 0.600(-0.600/0.600), Volt=11.2(9.1)
GlobalTracer.printPidInfo_Info: gyroTurnPidCtrl: Target=  25.0, Input=  25.7, Error=  -0.7, PIDTerms=-0.015/ 0.000/ 0.055/ 0.000, Output= 0.040(-0.700/0.700), Volt=11.3(9.1)
GlobalTracer.startCompetition_Warn: AUTO_MODE.postContinuousTasks takes too long (0.027s)
GlobalTracer.startCompetition_Warn: AUTO_MODE.updates takes too long (0.083s)
GlobalTracer.startCompetition_Warn: AUTO_MODE takes too long (0.184s)
GlobalTracer.printPidInfo_Info: [2.504] elevatorPidController: Target=  34.8, Input=  34.9, Error=  -0.2, PIDTerms=-0.032/ 0.011/ 0.000/ 0.000, Output=-0.021(-1.000/1.000), Volt=11.4(9.1)
GlobalTracer.startCompetition_Warn: AUTO_MODE.runPeriodic takes too long (0.025s)
GlobalTracer.printPidInfo_Info: encoderXPidCtrl: Target=   0.0, Input=   0.5, Error=  -0.5, PIDTerms=-0.125/ 0.000/-0.038/ 0.000, Output=-0.162(-0.700/0.700), Volt=11.4(9.1)
GlobalTracer.printPidInfo_Info: encoderYPidCtrl: Target= 110.0, Input=  56.9, Error=  53.1, PIDTerms= 1.062/ 0.000/-0.119/ 0.000, Output= 0.600(-0.600/0.600), Volt=11.4(9.1)
GlobalTracer.printPidInfo_Info: gyroTurnPidCtrl: Target=  25.0, Input=  22.3, Error=   2.7, PIDTerms= 0.054/ 0.000/ 0.036/ 0.000, Output= 0.090(-0.700/0.700), Volt=11.4(9.1)
GlobalTracer.startCompetition_Warn: AUTO_MODE.postContinuousTasks takes too long (0.036s)
GlobalTracer.startCompetition_Warn: AUTO_MODE.updates takes too long (0.064s)
GlobalTracer.startCompetition_Warn: AUTO_MODE takes too long (0.157s)
GlobalTracer.startCompetition_Warn: AUTO_MODE.preContinuousTasks takes too long (0.021s)
GlobalTracer.printPidInfo_Info: [2.665] elevatorPidController: Target=  34.8, Input=  33.4, Error=   1.3, PIDTerms= 0.266/ 0.011/ 0.000/ 0.000, Output= 0.278(-1.000/1.000), Volt=11.2(9.1)
GlobalTracer.startCompetition_Warn: AUTO_MODE.runPeriodic takes too long (0.026s)
GlobalTracer.printPidInfo_Info: encoderXPidCtrl: Target=   0.0, Input=   0.2, Error=  -0.2, PIDTerms=-0.051/ 0.000/ 0.027/ 0.000, Output=-0.024(-0.700/0.700), Volt=11.3(9.1)
GlobalTracer.printPidInfo_Info: encoderYPidCtrl: Target= 110.0, Input=  68.7, Error=  41.3, PIDTerms= 0.827/ 0.000/-0.108/ 0.000, Output= 0.600(-0.600/0.600), Volt=11.3(9.1)
GlobalTracer.printPidInfo_Info: gyroTurnPidCtrl: Target=  25.0, Input=  23.6, Error=   1.4, PIDTerms= 0.028/ 0.000/-0.014/ 0.000, Output= 0.014(-0.700/0.700), Volt=11.3(9.1)
GlobalTracer.startCompetition_Warn: AUTO_MODE.postContinuousTasks takes too long (0.036s)
GlobalTracer.startCompetition_Warn: AUTO_MODE.updates takes too long (0.064s)
GlobalTracer.startCompetition_Warn: AUTO_MODE takes too long (0.159s)
GlobalTracer.printPidInfo_Info: [2.827] elevatorPidController: Target=  34.8, Input=  33.4, Error=   1.4, PIDTerms= 0.279/ 0.012/ 0.000/ 0.000, Output= 0.291(-1.000/1.000), Volt=11.6(9.1)
GlobalTracer.startCompetition_Warn: AUTO_MODE.runPeriodic takes too long (0.041s)
GlobalTracer.printPidInfo_Info: encoderXPidCtrl: Target=   0.0, Input=  -0.2, Error=   0.2, PIDTerms= 0.053/ 0.000/ 0.036/ 0.000, Output= 0.089(-0.700/0.700), Volt=11.5(9.1)
GlobalTracer.printPidInfo_Info: encoderYPidCtrl: Target= 110.0, Input=  81.4, Error=  28.6, PIDTerms= 0.573/ 0.000/-0.110/ 0.000, Output= 0.463(-0.600/0.600), Volt=11.5(9.1)
GlobalTracer.printPidInfo_Info: gyroTurnPidCtrl: Target=  25.0, Input=  27.3, Error=  -2.3, PIDTerms=-0.045/ 0.000/-0.037/ 0.000, Output=-0.082(-0.700/0.700), Volt=11.5(9.1)
GlobalTracer.startCompetition_Warn: AUTO_MODE.postContinuousTasks takes too long (0.035s)
GlobalTracer.startCompetition_Warn: AUTO_MODE.updates takes too long (0.058s)
GlobalTracer.startCompetition_Warn: AUTO_MODE takes too long (0.162s)
GlobalTracer.printPidInfo_Info: [2.991] elevatorPidController: Target=  34.8, Input=  33.6, Error=   1.1, PIDTerms= 0.223/ 0.012/-0.000/ 0.000, Output= 0.235(-1.000/1.000), Volt=12.0(9.1)
GlobalTracer.startCompetition_Warn: AUTO_MODE.runPeriodic takes too long (0.038s)
GlobalTracer.printPidInfo_Info: encoderXPidCtrl: Target=   0.0, Input=  -0.4, Error=   0.4, PIDTerms= 0.097/ 0.000/ 0.016/ 0.000, Output= 0.113(-0.700/0.700), Volt=11.9(9.1)
GlobalTracer.printPidInfo_Info: encoderYPidCtrl: Target= 110.0, Input=  95.0, Error=  15.0, PIDTerms= 0.300/ 0.000/-0.127/ 0.000, Output= 0.173(-0.600/0.600), Volt=11.9(9.1)
GlobalTracer.printPidInfo_Info: gyroTurnPidCtrl: Target=  25.0, Input=  29.5, Error=  -4.5, PIDTerms=-0.091/ 0.000/-0.025/ 0.000, Output=-0.116(-0.700/0.700), Volt=11.9(9.1)
GlobalTracer.startCompetition_Warn: AUTO_MODE.postContinuousTasks takes too long (0.035s)
GlobalTracer.startCompetition_Warn: AUTO_MODE.updates takes too long (0.068s)
GlobalTracer.startCompetition_Warn: AUTO_MODE takes too long (0.169s)
GlobalTracer.printPidInfo_Info: [3.161] elevatorPidController: Target=  34.8, Input=  34.0, Error=   0.8, PIDTerms= 0.154/ 0.012/-0.000/ 0.000, Output= 0.166(-1.000/1.000), Volt=12.3(9.1)
GlobalTracer.startCompetition_Warn: AUTO_MODE.runPeriodic takes too long (0.029s)
GlobalTracer.printPidInfo_Info: encoderXPidCtrl: Target=   0.0, Input=  -0.1, Error=   0.0, PIDTerms= 0.034/ 0.000/-0.023/ 0.000, Output= 0.000(-0.700/0.700), Volt=12.2(9.1)
GlobalTracer.printPidInfo_Info: encoderYPidCtrl: Target=   0.0, Input= 106.9, Error=   0.0, PIDTerms= 0.061/ 0.000/-0.110/ 0.000, Output= 0.000(-0.600/0.600), Volt=12.2(9.1)
GlobalTracer.printPidInfo_Info: gyroTurnPidCtrl: Target=   0.0, Input=  27.8, Error=   0.0, PIDTerms=-0.056/ 0.000/ 0.019/ 0.000, Output= 0.000(-0.700/0.700), Volt=12.2(9.1)
GlobalTracer.startCompetition_Warn: AUTO_MODE.postContinuousTasks takes too long (0.037s)
GlobalTracer.startCompetition_Warn: AUTO_MODE.updates takes too long (0.067s)
GlobalTracer.startCompetition_Warn: AUTO_MODE takes too long (0.162s)
GlobalTracer.Robot_Info: [3.323] THROW_CUBE: xPos=  0.27,yPos=116.62,heading=  22.2/  25.0,volts=12.2(9.1)
GlobalTracer.printPidInfo_Info: [3.323] elevatorPidController: Target=  34.8, Input=  34.0, Error=   0.8, PIDTerms= 0.151/ 0.012/-0.000/ 0.000, Output= 0.164(-1.000/1.000), Volt=11.7(9.1)
GlobalTracer.startCompetition_Warn: AUTO_MODE.runContinuous takes too long (0.032s)
GlobalTracer.startCompetition_Warn: AUTO_MODE.runPeriodic takes too long (0.039s)
GlobalTracer.startCompetition_Warn: AUTO_MODE.updates takes too long (0.063s)
GlobalTracer.startCompetition_Warn: AUTO_MODE takes too long (0.159s)
GlobalTracer.printPidInfo_Info: [3.485] elevatorPidController: Target=  34.8, Input=  34.0, Error=   0.7, PIDTerms= 0.149/ 0.012/-0.000/ 0.000, Output= 0.161(-1.000/1.000), Volt=10.4(9.1)
GlobalTracer.startCompetition_Warn: AUTO_MODE.runPeriodic takes too long (0.048s)
GlobalTracer.startCompetition_Warn: AUTO_MODE.updates takes too long (0.045s)
GlobalTracer.startCompetition_Warn: AUTO_MODE takes too long (0.111s)
GlobalTracer.printPidInfo_Info: [3.599] elevatorPidController: Target=  34.8, Input=  34.0, Error=   0.7, PIDTerms= 0.144/ 0.012/-0.000/ 0.000, Output= 0.157(-1.000/1.000), Volt=10.8(9.1)
GlobalTracer.startCompetition_Warn: AUTO_MODE.runPeriodic takes too long (0.034s)
GlobalTracer.startCompetition_Warn: AUTO_MODE.updates takes too long (0.053s)
GlobalTracer.startCompetition_Warn: AUTO_MODE takes too long (0.114s)
GlobalTracer.printPidInfo_Info: [3.713] elevatorPidController: Target=  34.8, Input=  34.0, Error=   0.7, PIDTerms= 0.141/ 0.012/-0.000/ 0.000, Output= 0.154(-1.000/1.000), Volt=11.2(9.1)
GlobalTracer.startCompetition_Warn: AUTO_MODE.runPeriodic takes too long (0.031s)
GlobalTracer.startCompetition_Warn: AUTO_MODE.updates takes too long (0.055s)
GlobalTracer.startCompetition_Warn: AUTO_MODE takes too long (0.118s)
GlobalTracer.printPidInfo_Info: [3.834] elevatorPidController: Target=  34.8, Input=  34.1, Error=   0.7, PIDTerms= 0.131/ 0.013/-0.000/ 0.000, Output= 0.144(-1.000/1.000), Volt=11.5(9.1)
GlobalTracer.startCompetition_Warn: AUTO_MODE.runPeriodic takes too long (0.031s)
GlobalTracer.startCompetition_Warn: AUTO_MODE.updates takes too long (0.059s)
GlobalTracer.startCompetition_Warn: AUTO_MODE takes too long (0.114s)
GlobalTracer.printPidInfo_Info: [3.950] elevatorPidController: Target=  34.8, Input=  34.1, Error=   0.6, PIDTerms= 0.130/ 0.013/-0.000/ 0.000, Output= 0.143(-1.000/1.000), Volt=11.6(9.1)
GlobalTracer.startCompetition_Warn: AUTO_MODE.runPeriodic takes too long (0.034s)
GlobalTracer.startCompetition_Warn: AUTO_MODE.updates takes too long (0.054s)
GlobalTracer.startCompetition_Warn: AUTO_MODE takes too long (0.124s)
GlobalTracer.printPidInfo_Info: [4.075] elevatorPidController: Target=  34.8, Input=  34.1, Error=   0.7, PIDTerms= 0.131/ 0.013/ 0.000/ 0.000, Output= 0.144(-1.000/1.000), Volt=11.8(9.1)
GlobalTracer.startCompetition_Warn: AUTO_MODE.runPeriodic takes too long (0.038s)
GlobalTracer.startCompetition_Warn: AUTO_MODE.updates takes too long (0.059s)
GlobalTracer.startCompetition_Warn: AUTO_MODE takes too long (0.133s)
GlobalTracer.printPidInfo_Info: [4.209] elevatorPidController: Target=  34.8, Input=  34.1, Error=   0.7, PIDTerms= 0.131/ 0.013/ 0.000/ 0.000, Output= 0.144(-1.000/1.000), Volt=11.8(9.1)
GlobalTracer.startCompetition_Warn: AUTO_MODE.runPeriodic takes too long (0.036s)
GlobalTracer.startCompetition_Warn: AUTO_MODE.updates takes too long (0.066s)
GlobalTracer.startCompetition_Warn: AUTO_MODE takes too long (0.131s)
GlobalTracer.Robot_Info: [4.342]       DONE: xPos= -0.45,yPos=120.59,heading=   4.0/  25.0,volts=11.8(9.1)
GlobalTracer.printPidInfo_Info: [4.342] elevatorPidController: Target=   8.0, Input=  34.1, Error= -26.1, PIDTerms= 0.131/ 0.013/ 0.000/ 0.000, Output= 0.000(-1.000/1.000), Volt=11.8(9.1)
GlobalTracer.startCompetition_Warn: AUTO_MODE.runPeriodic takes too long (0.038s)
GlobalTracer.startCompetition_Warn: AUTO_MODE.updates takes too long (0.057s)
GlobalTracer.startCompetition_Warn: AUTO_MODE takes too long (0.144s)
GlobalTracer.printPidInfo_Info: [4.489] elevatorPidController: Target=   8.0, Input=  34.1, Error= -26.1, PIDTerms=-5.219/-0.001/ 0.000/ 0.000, Output=-1.000(-1.000/1.000), Volt=11.7(9.1)
GlobalTracer.startCompetition_Warn: AUTO_MODE.runPeriodic takes too long (0.027s)
GlobalTracer.startCompetition_Warn: AUTO_MODE.updates takes too long (0.061s)
GlobalTracer.startCompetition_Warn: AUTO_MODE takes too long (0.121s)
GlobalTracer.printPidInfo_Info: [4.610] elevatorPidController: Target=   8.0, Input=  29.7, Error= -21.7, PIDTerms=-4.349/-0.004/ 0.000/ 0.000, Output=-1.000(-1.000/1.000), Volt=12.1(9.1)
GlobalTracer.startCompetition_Warn: AUTO_MODE.runPeriodic takes too long (0.033s)
GlobalTracer.startCompetition_Warn: AUTO_MODE.updates takes too long (0.065s)
GlobalTracer.startCompetition_Warn: AUTO_MODE takes too long (0.130s)
GlobalTracer.startCompetition_Warn: AUTO_MODE.preContinuousTasks takes too long (0.022s)
GlobalTracer.printPidInfo_Info: [4.742] elevatorPidController: Target=   8.0, Input=  21.8, Error= -13.8, PIDTerms=-2.760/-0.006/ 0.000/ 0.000, Output=-1.000(-1.000/1.000), Volt=12.1(9.1)
GlobalTracer.startCompetition_Warn: AUTO_MODE.runPeriodic takes too long (0.033s)
GlobalTracer.startCompetition_Warn: AUTO_MODE.updates takes too long (0.057s)
GlobalTracer.startCompetition_Warn: AUTO_MODE takes too long (0.132s)
GlobalTracer.printPidInfo_Info: [4.876] elevatorPidController: Target=   8.0, Input=  12.3, Error=  -4.3, PIDTerms=-0.857/-0.006/ 0.000/ 0.000, Output=-0.863(-1.000/1.000), Volt=12.4(9.1)
GlobalTracer.startCompetition_Warn: AUTO_MODE.runPeriodic takes too long (0.035s)
GlobalTracer.startCompetition_Warn: AUTO_MODE.updates takes too long (0.064s)
GlobalTracer.startCompetition_Warn: AUTO_MODE takes too long (0.127s)
GlobalTracer.printPidInfo_Info: [5.005] elevatorPidController: Target=   8.0, Input=   7.7, Error=   0.3, PIDTerms= 0.064/-0.006/ 0.000/ 0.000, Output= 0.058(-1.000/1.000), Volt=12.4(9.1)
GlobalTracer.startCompetition_Warn: AUTO_MODE.runPeriodic takes too long (0.048s)
GlobalTracer.startCompetition_Warn: AUTO_MODE.updates takes too long (0.057s)
GlobalTracer.startCompetition_Warn: AUTO_MODE takes too long (0.122s)
GlobalTracer.printPidInfo_Info: [5.129] elevatorPidController: Target=   8.0, Input=   7.5, Error=   0.5, PIDTerms= 0.092/-0.006/ 0.000/ 0.000, Output= 0.085(-1.000/1.000), Volt=12.4(9.1)
GlobalTracer.startCompetition_Warn: AUTO_MODE.runPeriodic takes too long (0.034s)
GlobalTracer.startCompetition_Warn: AUTO_MODE.updates takes too long (0.057s)
GlobalTracer.startCompetition_Warn: AUTO_MODE takes too long (0.123s)
GlobalTracer.printPidInfo_Info: [5.253] elevatorPidController: Target=   8.0, Input=   7.8, Error=   0.2, PIDTerms= 0.030/-0.006/-0.000/ 0.000, Output= 0.024(-1.000/1.000), Volt=12.3(9.1)
GlobalTracer.startCompetition_Warn: AUTO_MODE.runPeriodic takes too long (0.045s)
GlobalTracer.startCompetition_Warn: AUTO_MODE.updates takes too long (0.058s)
GlobalTracer.startCompetition_Warn: AUTO_MODE takes too long (0.137s)
GlobalTracer.printPidInfo_Info: [5.394] elevatorPidController: Target=   8.0, Input=   7.8, Error=   0.2, PIDTerms= 0.030/-0.006/ 0.000/ 0.000, Output= 0.024(-1.000/1.000), Volt=12.3(9.1)
GlobalTracer.startCompetition_Warn: AUTO_MODE.runPeriodic takes too long (0.033s)
GlobalTracer.startCompetition_Warn: AUTO_MODE.updates takes too long (0.067s)
GlobalTracer.startCompetition_Warn: AUTO_MODE takes too long (0.128s)
GlobalTracer.printPidInfo_Info: [5.525] elevatorPidController: Target=   8.0, Input=   7.8, Error=   0.2, PIDTerms= 0.030/-0.006/ 0.000/ 0.000, Output= 0.024(-1.000/1.000), Volt=12.3(9.1)
GlobalTracer.startCompetition_Warn: AUTO_MODE.runPeriodic takes too long (0.045s)
GlobalTracer.startCompetition_Warn: AUTO_MODE.updates takes too long (0.054s)
GlobalTracer.startCompetition_Warn: AUTO_MODE takes too long (0.125s)
GlobalTracer.printPidInfo_Info: [5.652] elevatorPidController: Target=   8.0, Input=   7.8, Error=   0.2, PIDTerms= 0.030/-0.006/ 0.000/ 0.000, Output= 0.024(-1.000/1.000), Volt=12.4(9.1)
GlobalTracer.startCompetition_Warn: AUTO_MODE.runPeriodic takes too long (0.053s)
GlobalTracer.startCompetition_Warn: AUTO_MODE.updates takes too long (0.063s)
GlobalTracer.startCompetition_Warn: AUTO_MODE takes too long (0.144s)
GlobalTracer.startCompetition_Warn: AUTO_MODE.preContinuousTasks takes too long (0.021s)
GlobalTracer.printPidInfo_Info: [5.797] elevatorPidController: Target=   8.0, Input=   7.8, Error=   0.2, PIDTerms= 0.030/-0.006/ 0.000/ 0.000, Output= 0.024(-1.000/1.000), Volt=12.4(9.1)
GlobalTracer.startCompetition_Warn: AUTO_MODE.runPeriodic takes too long (0.037s)
GlobalTracer.startCompetition_Warn: AUTO_MODE.updates takes too long (0.067s)
GlobalTracer.startCompetition_Warn: AUTO_MODE takes too long (0.143s)
GlobalTracer.printPidInfo_Info: [5.943] elevatorPidController: Target=   8.0, Input=   7.8, Error=   0.2, PIDTerms= 0.030/-0.006/ 0.000/ 0.000, Output= 0.024(-1.000/1.000), Volt=12.4(9.1)
GlobalTracer.startCompetition_Warn: AUTO_MODE.runPeriodic takes too long (0.031s)
GlobalTracer.startCompetition_Warn: AUTO_MODE.updates takes too long (0.059s)
GlobalTracer.startCompetition_Warn: AUTO_MODE takes too long (0.126s)
GlobalTracer.printPidInfo_Info: [6.070] elevatorPidController: Target=   8.0, Input=   7.8, Error=   0.2, PIDTerms= 0.030/-0.006/ 0.000/ 0.000, Output= 0.024(-1.000/1.000), Volt=12.4(9.1)
GlobalTracer.startCompetition_Warn: AUTO_MODE.runPeriodic takes too long (0.036s)
GlobalTracer.startCompetition_Warn: AUTO_MODE.updates takes too long (0.054s)
GlobalTracer.startCompetition_Warn: AUTO_MODE takes too long (0.122s)
GlobalTracer.printPidInfo_Info: [6.193] elevatorPidController: Target=   8.0, Input=   7.8, Error=   0.2, PIDTerms= 0.030/-0.006/ 0.000/ 0.000, Output= 0.024(-1.000/1.000), Volt=12.3(9.1)
GlobalTracer.startCompetition_Warn: AUTO_MODE.updates takes too long (0.041s)
GlobalTracer.printPidInfo_Info: [6.277] elevatorPidController: Target=   8.0, Input=   7.8, Error=   0.2, PIDTerms= 0.030/-0.006/ 0.000/ 0.000, Output= 0.024(-1.000/1.000), Volt=12.4(9.1)
GlobalTracer.startCompetition_Warn: AUTO_MODE.updates takes too long (0.022s)
GlobalTracer.printPidInfo_Info: [6.344] elevatorPidController: Target=   8.0, Input=   7.8, Error=   0.2, PIDTerms= 0.030/-0.006/ 0.000/ 0.000, Output= 0.024(-1.000/1.000), Volt=12.4(9.1)
GlobalTracer.startCompetition_Warn: AUTO_MODE.updates takes too long (0.028s)
GlobalTracer.printPidInfo_Info: [6.418] elevatorPidController: Target=   8.0, Input=   7.8, Error=   0.2, PIDTerms= 0.030/-0.006/ 0.000/ 0.000, Output= 0.024(-1.000/1.000), Volt=12.3(9.1)
GlobalTracer.startCompetition_Warn: AUTO_MODE.runPeriodic takes too long (0.024s)
GlobalTracer.startCompetition_Warn: AUTO_MODE.updates takes too long (0.043s)
GlobalTracer.printPidInfo_Info: [6.505] elevatorPidController: Target=   8.0, Input=   7.8, Error=   0.2, PIDTerms= 0.030/-0.006/ 0.000/ 0.000, Output= 0.024(-1.000/1.000), Volt=12.4(9.1)
GlobalTracer.startCompetition_Warn: AUTO_MODE.updates takes too long (0.037s)
GlobalTracer.printPidInfo_Info: [6.582] elevatorPidController: Target=   8.0, Input=   7.8, Error=   0.2, PIDTerms= 0.030/-0.006/ 0.000/ 0.000, Output= 0.024(-1.000/1.000), Volt=12.4(9.1)
GlobalTracer.startCompetition_Warn: AUTO_MODE.runPeriodic takes too long (0.022s)
GlobalTracer.startCompetition_Warn: AUTO_MODE.updates takes too long (0.027s)
GlobalTracer.printPidInfo_Info: [6.655] elevatorPidController: Target=   8.0, Input=   7.8, Error=   0.2, PIDTerms= 0.030/-0.006/ 0.000/ 0.000, Output= 0.024(-1.000/1.000), Volt=12.4(9.1)
GlobalTracer.startCompetition_Warn: AUTO_MODE.updates takes too long (0.033s)
GlobalTracer.printPidInfo_Info: [6.726] elevatorPidController: Target=   8.0, Input=   7.8, Error=   0.2, PIDTerms= 0.030/-0.006/ 0.000/ 0.000, Output= 0.024(-1.000/1.000), Volt=12.4(9.1)
GlobalTracer.startCompetition_Warn: AUTO_MODE.updates takes too long (0.023s)
GlobalTracer.printPidInfo_Info: [6.777] elevatorPidController: Target=   8.0, Input=   7.8, Error=   0.2, PIDTerms= 0.030/-0.006/ 0.000/ 0.000, Output= 0.024(-1.000/1.000), Volt=12.4(9.1)
GlobalTracer.startCompetition_Warn: AUTO_MODE.runPeriodic takes too long (0.025s)
GlobalTracer.startCompetition_Warn: AUTO_MODE.updates takes too long (0.026s)
GlobalTracer.printPidInfo_Info: [6.854] elevatorPidController: Target=   8.0, Input=   7.8, Error=   0.2, PIDTerms= 0.030/-0.006/ 0.000/ 0.000, Output= 0.024(-1.000/1.000), Volt=12.4(9.1)
GlobalTracer.startCompetition_Warn: AUTO_MODE.updates takes too long (0.032s)
GlobalTracer.printPidInfo_Info: [6.924] elevatorPidController: Target=   8.0, Input=   7.8, Error=   0.2, PIDTerms= 0.030/-0.006/ 0.000/ 0.000, Output= 0.024(-1.000/1.000), Volt=12.4(9.1)
GlobalTracer.startCompetition_Warn: AUTO_MODE.updates takes too long (0.040s)
GlobalTracer.printPidInfo_Info: [7.000] elevatorPidController: Target=   8.0, Input=   7.8, Error=   0.2, PIDTerms= 0.030/-0.006/ 0.000/ 0.000, Output= 0.024(-1.000/1.000), Volt=12.4(9.1)
GlobalTracer.startCompetition_Warn: AUTO_MODE.updates takes too long (0.033s)
GlobalTracer.printPidInfo_Info: [7.071] elevatorPidController: Target=   8.0, Input=   7.8, Error=   0.2, PIDTerms= 0.030/-0.006/ 0.000/ 0.000, Output= 0.024(-1.000/1.000), Volt=12.4(9.1)
GlobalTracer.startCompetition_Warn: AUTO_MODE.updates takes too long (0.040s)
GlobalTracer.printPidInfo_Info: [7.146] elevatorPidController: Target=   8.0, Input=   7.8, Error=   0.2, PIDTerms= 0.030/-0.006/ 0.000/ 0.000, Output= 0.024(-1.000/1.000), Volt=12.4(9.1)
GlobalTracer.startCompetition_Warn: AUTO_MODE.updates takes too long (0.028s)
GlobalTracer.printPidInfo_Info: [7.204] elevatorPidController: Target=   8.0, Input=   7.8, Error=   0.2, PIDTerms= 0.030/-0.006/ 0.000/ 0.000, Output= 0.024(-1.000/1.000), Volt=12.4(9.1)
GlobalTracer.startCompetition_Warn: AUTO_MODE.updates takes too long (0.026s)
GlobalTracer.printPidInfo_Info: [7.259] elevatorPidController: Target=   8.0, Input=   7.8, Error=   0.2, PIDTerms= 0.030/-0.006/ 0.000/ 0.000, Output= 0.024(-1.000/1.000), Volt=12.3(9.1)
GlobalTracer.startCompetition_Warn: AUTO_MODE.updates takes too long (0.024s)
GlobalTracer.printPidInfo_Info: [7.320] elevatorPidController: Target=   8.0, Input=   7.8, Error=   0.2, PIDTerms= 0.030/-0.006/ 0.000/ 0.000, Output= 0.024(-1.000/1.000), Volt=12.4(9.1)
GlobalTracer.startCompetition_Warn: AUTO_MODE.runPeriodic takes too long (0.029s)
GlobalTracer.startCompetition_Warn: AUTO_MODE.updates takes too long (0.029s)
GlobalTracer.printPidInfo_Info: [7.398] elevatorPidController: Target=   8.0, Input=   7.8, Error=   0.2, PIDTerms= 0.030/-0.006/ 0.000/ 0.000, Output= 0.024(-1.000/1.000), Volt=12.4(9.1)
GlobalTracer.startCompetition_Warn: AUTO_MODE.updates takes too long (0.025s)
GlobalTracer.printPidInfo_Info: [7.460] elevatorPidController: Target=   8.0, Input=   7.8, Error=   0.2, PIDTerms= 0.030/-0.006/ 0.000/ 0.000, Output= 0.024(-1.000/1.000), Volt=12.4(9.1)
GlobalTracer.startCompetition_Warn: AUTO_MODE.updates takes too long (0.034s)
GlobalTracer.printPidInfo_Info: [7.535] elevatorPidController: Target=   8.0, Input=   7.8, Error=   0.2, PIDTerms= 0.030/-0.006/ 0.000/ 0.000, Output= 0.024(-1.000/1.000), Volt=12.4(9.1)
GlobalTracer.startCompetition_Warn: AUTO_MODE.updates takes too long (0.023s)
GlobalTracer.printPidInfo_Info: [7.599] elevatorPidController: Target=   8.0, Input=   7.8, Error=   0.2, PIDTerms= 0.030/-0.006/ 0.000/ 0.000, Output= 0.024(-1.000/1.000), Volt=12.4(9.1)
GlobalTracer.startCompetition_Warn: AUTO_MODE.updates takes too long (0.032s)
GlobalTracer.printPidInfo_Info: [7.658] elevatorPidController: Target=   8.0, Input=   7.8, Error=   0.2, PIDTerms= 0.030/-0.006/ 0.000/ 0.000, Output= 0.024(-1.000/1.000), Volt=12.4(9.1)
GlobalTracer.startCompetition_Warn: AUTO_MODE.updates takes too long (0.032s)
GlobalTracer.printPidInfo_Info: [7.725] elevatorPidController: Target=   8.0, Input=   7.8, Error=   0.2, PIDTerms= 0.030/-0.006/ 0.000/ 0.000, Output= 0.024(-1.000/1.000), Volt=12.4(9.1)
GlobalTracer.startCompetition_Warn: AUTO_MODE.runPeriodic takes too long (0.020s)
GlobalTracer.printPidInfo_Info: [7.782] elevatorPidController: Target=   8.0, Input=   7.8, Error=   0.2, PIDTerms= 0.030/-0.006/ 0.000/ 0.000, Output= 0.024(-1.000/1.000), Volt=12.4(9.1)
GlobalTracer.startCompetition_Warn: AUTO_MODE.updates takes too long (0.029s)
GlobalTracer.printPidInfo_Info: [7.851] elevatorPidController: Target=   8.0, Input=   7.8, Error=   0.2, PIDTerms= 0.030/-0.006/ 0.000/ 0.000, Output= 0.024(-1.000/1.000), Volt=12.4(9.1)
GlobalTracer.startCompetition_Warn: AUTO_MODE.runPeriodic takes too long (0.021s)
GlobalTracer.startCompetition_Warn: AUTO_MODE.updates takes too long (0.035s)
GlobalTracer.printPidInfo_Info: [7.930] elevatorPidController: Target=   8.0, Input=   7.8, Error=   0.2, PIDTerms= 0.030/-0.006/ 0.000/ 0.000, Output= 0.024(-1.000/1.000), Volt=12.4(9.1)
GlobalTracer.startCompetition_Warn: AUTO_MODE.updates takes too long (0.035s)
GlobalTracer.printPidInfo_Info: [7.996] elevatorPidController: Target=   8.0, Input=   7.8, Error=   0.2, PIDTerms= 0.030/-0.006/ 0.000/ 0.000, Output= 0.024(-1.000/1.000), Volt=12.4(9.1)
GlobalTracer.startCompetition_Warn: AUTO_MODE.updates takes too long (0.031s)
GlobalTracer.printPidInfo_Info: [8.059] elevatorPidController: Target=   8.0, Input=   7.8, Error=   0.2, PIDTerms= 0.030/-0.006/ 0.000/ 0.000, Output= 0.024(-1.000/1.000), Volt=12.4(9.1)
GlobalTracer.startCompetition_Warn: AUTO_MODE.updates takes too long (0.044s)
GlobalTracer.printPidInfo_Info: [8.132] elevatorPidController: Target=   8.0, Input=   7.8, Error=   0.2, PIDTerms= 0.030/-0.006/ 0.000/ 0.000, Output= 0.024(-1.000/1.000), Volt=12.4(9.1)
GlobalTracer.startCompetition_Warn: AUTO_MODE.updates takes too long (0.026s)
GlobalTracer.printPidInfo_Info: [8.195] elevatorPidController: Target=   8.0, Input=   7.8, Error=   0.2, PIDTerms= 0.032/-0.006/ 0.000/ 0.000, Output= 0.026(-1.000/1.000), Volt=12.4(9.1)
GlobalTracer.startCompetition_Warn: AUTO_MODE.runPeriodic takes too long (0.039s)
GlobalTracer.startCompetition_Warn: AUTO_MODE.updates takes too long (0.042s)
GlobalTracer.startCompetition_Warn: AUTO_MODE takes too long (0.105s)
GlobalTracer.printPidInfo_Info: [8.302] elevatorPidController: Target=   8.0, Input=   7.8, Error=   0.2, PIDTerms= 0.032/-0.006/ 0.000/ 0.000, Output= 0.026(-1.000/1.000), Volt=12.4(9.1)
GlobalTracer.startCompetition_Warn: AUTO_MODE.runPeriodic takes too long (0.026s)
GlobalTracer.startCompetition_Warn: AUTO_MODE.updates takes too long (0.026s)
GlobalTracer.printPidInfo_Info: [8.376] elevatorPidController: Target=   8.0, Input=   7.8, Error=   0.2, PIDTerms= 0.032/-0.006/ 0.000/ 0.000, Output= 0.026(-1.000/1.000), Volt=12.4(9.1)
GlobalTracer.startCompetition_Warn: AUTO_MODE.updates takes too long (0.036s)
GlobalTracer.printPidInfo_Info: [8.440] elevatorPidController: Target=   8.0, Input=   7.8, Error=   0.2, PIDTerms= 0.032/-0.006/ 0.000/ 0.000, Output= 0.026(-1.000/1.000), Volt=12.4(9.1)
GlobalTracer.startCompetition_Warn: AUTO_MODE.updates takes too long (0.035s)
GlobalTracer.printPidInfo_Info: [8.511] elevatorPidController: Target=   8.0, Input=   7.8, Error=   0.2, PIDTerms= 0.032/-0.006/ 0.000/ 0.000, Output= 0.026(-1.000/1.000), Volt=12.4(9.1)
GlobalTracer.startCompetition_Warn: AUTO_MODE.runPeriodic takes too long (0.021s)
GlobalTracer.startCompetition_Warn: AUTO_MODE.updates takes too long (0.022s)
GlobalTracer.printPidInfo_Info: [8.583] elevatorPidController: Target=   8.0, Input=   7.8, Error=   0.2, PIDTerms= 0.032/-0.006/ 0.000/ 0.000, Output= 0.026(-1.000/1.000), Volt=12.4(9.1)
GlobalTracer.startCompetition_Warn: AUTO_MODE.updates takes too long (0.031s)
GlobalTracer.printPidInfo_Info: [8.656] elevatorPidController: Target=   8.0, Input=   7.8, Error=   0.2, PIDTerms= 0.032/-0.006/ 0.000/ 0.000, Output= 0.026(-1.000/1.000), Volt=12.4(9.1)
GlobalTracer.startCompetition_Warn: AUTO_MODE.updates takes too long (0.027s)
GlobalTracer.printPidInfo_Info: [8.717] elevatorPidController: Target=   8.0, Input=   7.8, Error=   0.2, PIDTerms= 0.032/-0.006/ 0.000/ 0.000, Output= 0.026(-1.000/1.000), Volt=12.4(9.1)
GlobalTracer.startCompetition_Warn: AUTO_MODE.updates takes too long (0.027s)
GlobalTracer.printPidInfo_Info: [8.778] elevatorPidController: Target=   8.0, Input=   7.8, Error=   0.2, PIDTerms= 0.032/-0.006/ 0.000/ 0.000, Output= 0.026(-1.000/1.000), Volt=12.4(9.1)
GlobalTracer.startCompetition_Warn: AUTO_MODE.updates takes too long (0.028s)
GlobalTracer.printPidInfo_Info: [8.832] elevatorPidController: Target=   8.0, Input=   7.8, Error=   0.2, PIDTerms= 0.032/-0.006/ 0.000/ 0.000, Output= 0.026(-1.000/1.000), Volt=12.4(9.1)
GlobalTracer.startCompetition_Warn: AUTO_MODE.updates takes too long (0.030s)
GlobalTracer.printPidInfo_Info: [8.895] elevatorPidController: Target=   8.0, Input=   7.8, Error=   0.2, PIDTerms= 0.032/-0.006/ 0.000/ 0.000, Output= 0.026(-1.000/1.000), Volt=12.4(9.1)
GlobalTracer.startCompetition_Warn: AUTO_MODE.updates takes too long (0.029s)
GlobalTracer.printPidInfo_Info: [8.962] elevatorPidController: Target=   8.0, Input=   7.8, Error=   0.2, PIDTerms= 0.032/-0.006/ 0.000/ 0.000, Output= 0.026(-1.000/1.000), Volt=12.5(9.1)
GlobalTracer.startCompetition_Warn: AUTO_MODE.updates takes too long (0.024s)
GlobalTracer.printPidInfo_Info: [9.015] elevatorPidController: Target=   8.0, Input=   7.8, Error=   0.2, PIDTerms= 0.032/-0.006/ 0.000/ 0.000, Output= 0.026(-1.000/1.000), Volt=12.4(9.1)
GlobalTracer.startCompetition_Warn: AUTO_MODE.updates takes too long (0.024s)
GlobalTracer.printPidInfo_Info: [9.073] elevatorPidController: Target=   8.0, Input=   7.8, Error=   0.2, PIDTerms= 0.032/-0.006/ 0.000/ 0.000, Output= 0.026(-1.000/1.000), Volt=12.4(9.1)
GlobalTracer.startCompetition_Warn: AUTO_MODE.runPeriodic takes too long (0.022s)
GlobalTracer.startCompetition_Warn: AUTO_MODE.updates takes too long (0.035s)
GlobalTracer.printPidInfo_Info: [9.151] elevatorPidController: Target=   8.0, Input=   7.8, Error=   0.2, PIDTerms= 0.032/-0.006/ 0.000/ 0.000, Output= 0.026(-1.000/1.000), Volt=12.4(9.1)
GlobalTracer.printPidInfo_Info: [9.205] elevatorPidController: Target=   8.0, Input=   7.8, Error=   0.2, PIDTerms= 0.032/-0.006/ 0.000/ 0.000, Output= 0.026(-1.000/1.000), Volt=12.4(9.1)
GlobalTracer.startCompetition_Warn: AUTO_MODE.updates takes too long (0.038s)
GlobalTracer.printPidInfo_Info: [9.275] elevatorPidController: Target=   8.0, Input=   7.8, Error=   0.2, PIDTerms= 0.032/-0.006/ 0.000/ 0.000, Output= 0.026(-1.000/1.000), Volt=12.4(9.1)
GlobalTracer.startCompetition_Warn: AUTO_MODE.runPeriodic takes too long (0.020s)
GlobalTracer.startCompetition_Warn: AUTO_MODE.updates takes too long (0.028s)
GlobalTracer.printPidInfo_Info: [9.349] elevatorPidController: Target=   8.0, Input=   7.8, Error=   0.2, PIDTerms= 0.032/-0.006/ 0.000/ 0.000, Output= 0.026(-1.000/1.000), Volt=12.4(9.1)
GlobalTracer.startCompetition_Warn: AUTO_MODE.updates takes too long (0.031s)
GlobalTracer.printPidInfo_Info: [9.415] elevatorPidController: Target=   8.0, Input=   7.8, Error=   0.2, PIDTerms= 0.032/-0.006/ 0.000/ 0.000, Output= 0.026(-1.000/1.000), Volt=12.3(9.1)
GlobalTracer.startCompetition_Warn: AUTO_MODE.runPeriodic takes too long (0.020s)
GlobalTracer.startCompetition_Warn: AUTO_MODE.updates takes too long (0.036s)
GlobalTracer.printPidInfo_Info: [9.495] elevatorPidController: Target=   8.0, Input=   7.8, Error=   0.2, PIDTerms= 0.032/-0.006/ 0.000/ 0.000, Output= 0.026(-1.000/1.000), Volt=12.4(9.1)
GlobalTracer.startCompetition_Warn: AUTO_MODE.updates takes too long (0.028s)
GlobalTracer.printPidInfo_Info: [9.565] elevatorPidController: Target=   8.0, Input=   7.8, Error=   0.2, PIDTerms= 0.032/-0.006/ 0.000/ 0.000, Output= 0.026(-1.000/1.000), Volt=12.4(9.1)
GlobalTracer.startCompetition_Warn: AUTO_MODE.updates takes too long (0.027s)
GlobalTracer.printPidInfo_Info: [9.639] elevatorPidController: Target=   8.0, Input=   7.8, Error=   0.2, PIDTerms= 0.032/-0.006/ 0.000/ 0.000, Output= 0.026(-1.000/1.000), Volt=12.4(9.1)
GlobalTracer.startCompetition_Warn: AUTO_MODE.runPeriodic takes too long (0.021s)
GlobalTracer.startCompetition_Warn: AUTO_MODE.updates takes too long (0.038s)
GlobalTracer.printPidInfo_Info: [9.724] elevatorPidController: Target=   8.0, Input=   7.8, Error=   0.2, PIDTerms= 0.032/-0.006/ 0.000/ 0.000, Output= 0.026(-1.000/1.000), Volt=12.4(9.1)
GlobalTracer.startCompetition_Warn: AUTO_MODE.updates takes too long (0.024s)
GlobalTracer.printPidInfo_Info: [9.784] elevatorPidController: Target=   8.0, Input=   7.8, Error=   0.2, PIDTerms= 0.032/-0.006/ 0.000/ 0.000, Output= 0.026(-1.000/1.000), Volt=12.4(9.1)
GlobalTracer.startCompetition_Warn: AUTO_MODE.runPeriodic takes too long (0.020s)
GlobalTracer.startCompetition_Warn: AUTO_MODE.updates takes too long (0.036s)
GlobalTracer.printPidInfo_Info: [9.870] elevatorPidController: Target=   8.0, Input=   7.8, Error=   0.2, PIDTerms= 0.032/-0.006/ 0.000/ 0.000, Output= 0.026(-1.000/1.000), Volt=12.5(9.1)
GlobalTracer.startCompetition_Warn: AUTO_MODE.updates takes too long (0.023s)
GlobalTracer.printPidInfo_Info: [9.916] elevatorPidController: Target=   8.0, Input=   7.8, Error=   0.2, PIDTerms= 0.032/-0.006/ 0.000/ 0.000, Output= 0.026(-1.000/1.000), Volt=12.4(9.1)
GlobalTracer.startCompetition_Warn: AUTO_MODE.updates takes too long (0.030s)
GlobalTracer.printPidInfo_Info: [9.970] elevatorPidController: Target=   8.0, Input=   7.8, Error=   0.2, PIDTerms= 0.032/-0.006/ 0.000/ 0.000, Output= 0.026(-1.000/1.000), Volt=12.4(9.1)
GlobalTracer.startCompetition_Warn: AUTO_MODE.updates takes too long (0.035s)
GlobalTracer.printPidInfo_Info: [10.031] elevatorPidController: Target=   8.0, Input=   7.8, Error=   0.2, PIDTerms= 0.032/-0.006/ 0.000/ 0.000, Output= 0.026(-1.000/1.000), Volt=12.5(9.1)
GlobalTracer.startCompetition_Warn: AUTO_MODE.runPeriodic takes too long (0.026s)
GlobalTracer.startCompetition_Warn: AUTO_MODE.updates takes too long (0.037s)
GlobalTracer.printPidInfo_Info: [10.108] elevatorPidController: Target=   8.0, Input=   7.8, Error=   0.2, PIDTerms= 0.032/-0.006/ 0.000/ 0.000, Output= 0.026(-1.000/1.000), Volt=12.4(9.1)
GlobalTracer.startCompetition_Warn: AUTO_MODE.runPeriodic takes too long (0.022s)
GlobalTracer.startCompetition_Warn: AUTO_MODE.updates takes too long (0.040s)
GlobalTracer.printPidInfo_Info: [10.190] elevatorPidController: Target=   8.0, Input=   7.8, Error=   0.2, PIDTerms= 0.032/-0.006/ 0.000/ 0.000, Output= 0.026(-1.000/1.000), Volt=12.4(9.1)
GlobalTracer.startCompetition_Warn: AUTO_MODE.runPeriodic takes too long (0.020s)
GlobalTracer.startCompetition_Warn: AUTO_MODE.updates takes too long (0.038s)
GlobalTracer.printPidInfo_Info: [10.271] elevatorPidController: Target=   8.0, Input=   7.8, Error=   0.2, PIDTerms= 0.032/-0.005/ 0.000/ 0.000, Output= 0.026(-1.000/1.000), Volt=12.4(9.1)
GlobalTracer.startCompetition_Warn: AUTO_MODE.updates takes too long (0.033s)
GlobalTracer.printPidInfo_Info: [10.338] elevatorPidController: Target=   8.0, Input=   7.8, Error=   0.2, PIDTerms= 0.032/-0.005/ 0.000/ 0.000, Output= 0.026(-1.000/1.000), Volt=12.4(9.1)
GlobalTracer.startCompetition_Warn: AUTO_MODE.updates takes too long (0.030s)
GlobalTracer.printPidInfo_Info: [10.409] elevatorPidController: Target=   8.0, Input=   7.8, Error=   0.2, PIDTerms= 0.032/-0.005/ 0.000/ 0.000, Output= 0.026(-1.000/1.000), Volt=12.4(9.1)
GlobalTracer.startCompetition_Warn: AUTO_MODE.runPeriodic takes too long (0.021s)
GlobalTracer.startCompetition_Warn: AUTO_MODE.updates takes too long (0.025s)
GlobalTracer.printPidInfo_Info: [10.474] elevatorPidController: Target=   8.0, Input=   7.8, Error=   0.2, PIDTerms= 0.032/-0.005/ 0.000/ 0.000, Output= 0.026(-1.000/1.000), Volt=12.4(9.1)
GlobalTracer.startCompetition_Warn: AUTO_MODE.updates takes too long (0.030s)
GlobalTracer.printPidInfo_Info: [10.547] elevatorPidController: Target=   8.0, Input=   7.8, Error=   0.2, PIDTerms= 0.032/-0.005/ 0.000/ 0.000, Output= 0.026(-1.000/1.000), Volt=12.4(9.1)
GlobalTracer.startCompetition_Warn: AUTO_MODE.updates takes too long (0.039s)
GlobalTracer.printPidInfo_Info: [10.616] elevatorPidController: Target=   8.0, Input=   7.8, Error=   0.2, PIDTerms= 0.032/-0.005/ 0.000/ 0.000, Output= 0.026(-1.000/1.000), Volt=12.4(9.1)
GlobalTracer.startCompetition_Warn: AUTO_MODE.updates takes too long (0.036s)
GlobalTracer.printPidInfo_Info: [10.684] elevatorPidController: Target=   8.0, Input=   7.8, Error=   0.2, PIDTerms= 0.032/-0.005/ 0.000/ 0.000, Output= 0.026(-1.000/1.000), Volt=12.4(9.1)
GlobalTracer.startCompetition_Warn: AUTO_MODE.runPeriodic takes too long (0.021s)
GlobalTracer.startCompetition_Warn: AUTO_MODE.updates takes too long (0.036s)
GlobalTracer.printPidInfo_Info: [10.760] elevatorPidController: Target=   8.0, Input=   7.8, Error=   0.2, PIDTerms= 0.032/-0.005/ 0.000/ 0.000, Output= 0.026(-1.000/1.000), Volt=12.4(9.1)
GlobalTracer.startCompetition_Warn: AUTO_MODE.updates takes too long (0.028s)
GlobalTracer.printPidInfo_Info: [10.823] elevatorPidController: Target=   8.0, Input=   7.8, Error=   0.2, PIDTerms= 0.032/-0.005/ 0.000/ 0.000, Output= 0.026(-1.000/1.000), Volt=12.4(9.1)
GlobalTracer.startCompetition_Warn: AUTO_MODE.runPeriodic takes too long (0.027s)
GlobalTracer.startCompetition_Warn: AUTO_MODE.updates takes too long (0.031s)
GlobalTracer.printPidInfo_Info: [10.901] elevatorPidController: Target=   8.0, Input=   7.8, Error=   0.2, PIDTerms= 0.032/-0.005/ 0.000/ 0.000, Output= 0.026(-1.000/1.000), Volt=12.4(9.1)
GlobalTracer.startCompetition_Warn: AUTO_MODE.runPeriodic takes too long (0.025s)
GlobalTracer.startCompetition_Warn: AUTO_MODE.updates takes too long (0.032s)
GlobalTracer.printPidInfo_Info: [10.986] elevatorPidController: Target=   8.0, Input=   7.8, Error=   0.2, PIDTerms= 0.032/-0.005/ 0.000/ 0.000, Output= 0.026(-1.000/1.000), Volt=12.4(9.1)
GlobalTracer.startCompetition_Warn: AUTO_MODE.updates takes too long (0.032s)
GlobalTracer.printPidInfo_Info: [11.054] elevatorPidController: Target=   8.0, Input=   7.8, Error=   0.2, PIDTerms= 0.032/-0.005/ 0.000/ 0.000, Output= 0.026(-1.000/1.000), Volt=12.4(9.1)
GlobalTracer.startCompetition_Warn: AUTO_MODE.updates takes too long (0.027s)
GlobalTracer.printPidInfo_Info: [11.122] elevatorPidController: Target=   8.0, Input=   7.8, Error=   0.2, PIDTerms= 0.032/-0.005/ 0.000/ 0.000, Output= 0.026(-1.000/1.000), Volt=12.4(9.1)
GlobalTracer.startCompetition_Warn: AUTO_MODE.runPeriodic takes too long (0.021s)
GlobalTracer.startCompetition_Warn: AUTO_MODE.updates takes too long (0.024s)
GlobalTracer.printPidInfo_Info: [11.191] elevatorPidController: Target=   8.0, Input=   7.8, Error=   0.2, PIDTerms= 0.032/-0.005/ 0.000/ 0.000, Output= 0.026(-1.000/1.000), Volt=12.4(9.1)
GlobalTracer.startCompetition_Warn: AUTO_MODE.runPeriodic takes too long (0.027s)
GlobalTracer.startCompetition_Warn: AUTO_MODE.updates takes too long (0.038s)
GlobalTracer.printPidInfo_Info: [11.272] elevatorPidController: Target=   8.0, Input=   7.8, Error=   0.2, PIDTerms= 0.032/-0.005/ 0.000/ 0.000, Output= 0.026(-1.000/1.000), Volt=12.4(9.1)
GlobalTracer.startCompetition_Warn: AUTO_MODE.runPeriodic takes too long (0.021s)
GlobalTracer.startCompetition_Warn: AUTO_MODE.updates takes too long (0.024s)
GlobalTracer.printPidInfo_Info: [11.335] elevatorPidController: Target=   8.0, Input=   7.8, Error=   0.2, PIDTerms= 0.032/-0.005/ 0.000/ 0.000, Output= 0.026(-1.000/1.000), Volt=12.4(9.1)
GlobalTracer.startCompetition_Warn: AUTO_MODE.updates takes too long (0.035s)
GlobalTracer.printPidInfo_Info: [11.409] elevatorPidController: Target=   8.0, Input=   7.8, Error=   0.2, PIDTerms= 0.032/-0.005/ 0.000/ 0.000, Output= 0.026(-1.000/1.000), Volt=12.5(9.1)
GlobalTracer.startCompetition_Warn: AUTO_MODE.updates takes too long (0.030s)
GlobalTracer.printPidInfo_Info: [11.480] elevatorPidController: Target=   8.0, Input=   7.8, Error=   0.2, PIDTerms= 0.032/-0.005/ 0.000/ 0.000, Output= 0.026(-1.000/1.000), Volt=12.4(9.1)
GlobalTracer.startCompetition_Warn: AUTO_MODE.updates takes too long (0.034s)
GlobalTracer.printPidInfo_Info: [11.555] elevatorPidController: Target=   8.0, Input=   7.8, Error=   0.2, PIDTerms= 0.032/-0.005/ 0.000/ 0.000, Output= 0.026(-1.000/1.000), Volt=12.4(9.1)
GlobalTracer.startCompetition_Warn: AUTO_MODE.updates takes too long (0.029s)
GlobalTracer.printPidInfo_Info: [11.620] elevatorPidController: Target=   8.0, Input=   7.8, Error=   0.2, PIDTerms= 0.032/-0.005/ 0.000/ 0.000, Output= 0.026(-1.000/1.000), Volt=12.4(9.1)
GlobalTracer.startCompetition_Warn: AUTO_MODE.updates takes too long (0.036s)
GlobalTracer.printPidInfo_Info: [11.694] elevatorPidController: Target=   8.0, Input=   7.8, Error=   0.2, PIDTerms= 0.032/-0.005/ 0.000/ 0.000, Output= 0.026(-1.000/1.000), Volt=12.4(9.1)
GlobalTracer.startCompetition_Warn: AUTO_MODE.updates takes too long (0.036s)
GlobalTracer.printPidInfo_Info: [11.760] elevatorPidController: Target=   8.0, Input=   7.8, Error=   0.2, PIDTerms= 0.032/-0.005/ 0.000/ 0.000, Output= 0.026(-1.000/1.000), Volt=12.4(9.1)
GlobalTracer.startCompetition_Warn: AUTO_MODE.updates takes too long (0.031s)
GlobalTracer.printPidInfo_Info: [11.826] elevatorPidController: Target=   8.0, Input=   7.8, Error=   0.2, PIDTerms= 0.032/-0.005/ 0.000/ 0.000, Output= 0.026(-1.000/1.000), Volt=12.5(9.1)
GlobalTracer.startCompetition_Warn: AUTO_MODE.updates takes too long (0.022s)
GlobalTracer.printPidInfo_Info: [11.873] elevatorPidController: Target=   8.0, Input=   7.8, Error=   0.2, PIDTerms= 0.032/-0.005/ 0.000/ 0.000, Output= 0.026(-1.000/1.000), Volt=12.4(9.1)
GlobalTracer.startCompetition_Warn: AUTO_MODE.runPeriodic takes too long (0.024s)
GlobalTracer.startCompetition_Warn: AUTO_MODE.updates takes too long (0.034s)
GlobalTracer.printPidInfo_Info: [11.957] elevatorPidController: Target=   8.0, Input=   7.8, Error=   0.2, PIDTerms= 0.032/-0.005/ 0.000/ 0.000, Output= 0.026(-1.000/1.000), Volt=12.5(9.1)
GlobalTracer.startCompetition_Warn: AUTO_MODE.updates takes too long (0.039s)
GlobalTracer.printPidInfo_Info: [12.039] elevatorPidController: Target=   8.0, Input=   7.8, Error=   0.2, PIDTerms= 0.032/-0.005/ 0.000/ 0.000, Output= 0.026(-1.000/1.000), Volt=12.4(9.1)
GlobalTracer.startCompetition_Warn: AUTO_MODE.updates takes too long (0.039s)
GlobalTracer.printPidInfo_Info: [12.108] elevatorPidController: Target=   8.0, Input=   7.8, Error=   0.2, PIDTerms= 0.032/-0.005/ 0.000/ 0.000, Output= 0.026(-1.000/1.000), Volt=12.4(9.1)
GlobalTracer.startCompetition_Warn: AUTO_MODE.runPeriodic takes too long (0.020s)
GlobalTracer.startCompetition_Warn: AUTO_MODE.updates takes too long (0.034s)
GlobalTracer.printPidInfo_Info: [12.188] elevatorPidController: Target=   8.0, Input=   7.8, Error=   0.2, PIDTerms= 0.032/-0.005/ 0.000/ 0.000, Output= 0.026(-1.000/1.000), Volt=12.4(9.1)
GlobalTracer.startCompetition_Warn: AUTO_MODE.updates takes too long (0.024s)
GlobalTracer.printPidInfo_Info: [12.250] elevatorPidController: Target=   8.0, Input=   7.8, Error=   0.2, PIDTerms= 0.032/-0.005/ 0.000/ 0.000, Output= 0.026(-1.000/1.000), Volt=12.4(9.1)
GlobalTracer.startCompetition_Warn: AUTO_MODE.runPeriodic takes too long (0.021s)
GlobalTracer.startCompetition_Warn: AUTO_MODE.updates takes too long (0.028s)
GlobalTracer.printPidInfo_Info: [12.320] elevatorPidController: Target=   8.0, Input=   7.8, Error=   0.2, PIDTerms= 0.032/-0.005/ 0.000/ 0.000, Output= 0.026(-1.000/1.000), Volt=12.4(9.1)
GlobalTracer.startCompetition_Warn: AUTO_MODE.runPeriodic takes too long (0.020s)
GlobalTracer.startCompetition_Warn: AUTO_MODE.updates takes too long (0.035s)
GlobalTracer.printPidInfo_Info: [12.401] elevatorPidController: Target=   8.0, Input=   7.8, Error=   0.2, PIDTerms= 0.032/-0.005/ 0.000/ 0.000, Output= 0.026(-1.000/1.000), Volt=12.4(9.1)
GlobalTracer.startCompetition_Warn: AUTO_MODE.updates takes too long (0.032s)
GlobalTracer.printPidInfo_Info: [12.469] elevatorPidController: Target=   8.0, Input=   7.8, Error=   0.2, PIDTerms= 0.032/-0.005/ 0.000/ 0.000, Output= 0.026(-1.000/1.000), Volt=12.4(9.1)
GlobalTracer.startCompetition_Warn: AUTO_MODE.updates takes too long (0.035s)
GlobalTracer.printPidInfo_Info: [12.535] elevatorPidController: Target=   8.0, Input=   7.8, Error=   0.2, PIDTerms= 0.032/-0.005/ 0.000/ 0.000, Output= 0.026(-1.000/1.000), Volt=12.4(9.1)
GlobalTracer.startCompetition_Warn: AUTO_MODE.updates takes too long (0.030s)
GlobalTracer.printPidInfo_Info: [12.603] elevatorPidController: Target=   8.0, Input=   7.8, Error=   0.2, PIDTerms= 0.032/-0.005/ 0.000/ 0.000, Output= 0.026(-1.000/1.000), Volt=12.4(9.1)
GlobalTracer.startCompetition_Warn: AUTO_MODE.runPeriodic takes too long (0.027s)
GlobalTracer.startCompetition_Warn: AUTO_MODE.updates takes too long (0.036s)
GlobalTracer.printPidInfo_Info: [12.692] elevatorPidController: Target=   8.0, Input=   7.8, Error=   0.2, PIDTerms= 0.032/-0.005/ 0.000/ 0.000, Output= 0.026(-1.000/1.000), Volt=12.4(9.1)
GlobalTracer.startCompetition_Warn: AUTO_MODE.updates takes too long (0.029s)
GlobalTracer.printPidInfo_Info: [12.761] elevatorPidController: Target=   8.0, Input=   7.8, Error=   0.2, PIDTerms= 0.032/-0.005/ 0.000/ 0.000, Output= 0.026(-1.000/1.000), Volt=12.5(9.1)
GlobalTracer.startCompetition_Warn: AUTO_MODE.updates takes too long (0.036s)
GlobalTracer.printPidInfo_Info: [12.831] elevatorPidController: Target=   8.0, Input=   7.8, Error=   0.2, PIDTerms= 0.032/-0.005/ 0.000/ 0.000, Output= 0.026(-1.000/1.000), Volt=12.5(9.1)
GlobalTracer.startCompetition_Warn: AUTO_MODE.updates takes too long (0.034s)
GlobalTracer.printPidInfo_Info: [12.896] elevatorPidController: Target=   8.0, Input=   7.8, Error=   0.2, PIDTerms= 0.032/-0.005/ 0.000/ 0.000, Output= 0.026(-1.000/1.000), Volt=12.4(9.1)
GlobalTracer.startCompetition_Warn: AUTO_MODE.updates takes too long (0.038s)
GlobalTracer.printPidInfo_Info: [12.976] elevatorPidController: Target=   8.0, Input=   7.8, Error=   0.2, PIDTerms= 0.032/-0.005/ 0.000/ 0.000, Output= 0.026(-1.000/1.000), Volt=12.5(9.1)
GlobalTracer.startCompetition_Warn: AUTO_MODE.updates takes too long (0.032s)
GlobalTracer.printPidInfo_Info: [13.049] elevatorPidController: Target=   8.0, Input=   7.8, Error=   0.2, PIDTerms= 0.032/-0.005/ 0.000/ 0.000, Output= 0.026(-1.000/1.000), Volt=12.5(9.1)
GlobalTracer.startCompetition_Warn: AUTO_MODE.updates takes too long (0.022s)
GlobalTracer.printPidInfo_Info: [13.098] elevatorPidController: Target=   8.0, Input=   7.8, Error=   0.2, PIDTerms= 0.032/-0.005/ 0.000/ 0.000, Output= 0.026(-1.000/1.000), Volt=12.4(9.1)
GlobalTracer.startCompetition_Warn: AUTO_MODE.runPeriodic takes too long (0.021s)
GlobalTracer.startCompetition_Warn: AUTO_MODE.updates takes too long (0.029s)
GlobalTracer.printPidInfo_Info: [13.173] elevatorPidController: Target=   8.0, Input=   7.8, Error=   0.2, PIDTerms= 0.032/-0.005/ 0.000/ 0.000, Output= 0.026(-1.000/1.000), Volt=12.4(9.1)
GlobalTracer.startCompetition_Warn: AUTO_MODE.updates takes too long (0.023s)
GlobalTracer.printPidInfo_Info: [13.235] elevatorPidController: Target=   8.0, Input=   7.8, Error=   0.2, PIDTerms= 0.032/-0.005/ 0.000/ 0.000, Output= 0.026(-1.000/1.000), Volt=12.4(9.1)
GlobalTracer.startCompetition_Warn: AUTO_MODE.updates takes too long (0.034s)
GlobalTracer.printPidInfo_Info: [13.306] elevatorPidController: Target=   8.0, Input=   7.8, Error=   0.2, PIDTerms= 0.032/-0.005/ 0.000/ 0.000, Output= 0.027(-1.000/1.000), Volt=12.4(9.1)
GlobalTracer.startCompetition_Warn: AUTO_MODE.runPeriodic takes too long (0.024s)
GlobalTracer.startCompetition_Warn: AUTO_MODE.updates takes too long (0.032s)
GlobalTracer.printPidInfo_Info: [13.389] elevatorPidController: Target=   8.0, Input=   7.8, Error=   0.2, PIDTerms= 0.032/-0.005/ 0.000/ 0.000, Output= 0.027(-1.000/1.000), Volt=12.4(9.1)
GlobalTracer.startCompetition_Warn: AUTO_MODE.runPeriodic takes too long (0.026s)
GlobalTracer.startCompetition_Warn: AUTO_MODE.updates takes too long (0.023s)
GlobalTracer.printPidInfo_Info: [13.453] elevatorPidController: Target=   8.0, Input=   7.8, Error=   0.2, PIDTerms= 0.032/-0.005/ 0.000/ 0.000, Output= 0.027(-1.000/1.000), Volt=12.4(9.1)
GlobalTracer.startCompetition_Warn: AUTO_MODE.runPeriodic takes too long (0.021s)
GlobalTracer.startCompetition_Warn: AUTO_MODE.updates takes too long (0.031s)
GlobalTracer.printPidInfo_Info: [13.530] elevatorPidController: Target=   8.0, Input=   7.8, Error=   0.2, PIDTerms= 0.032/-0.005/ 0.000/ 0.000, Output= 0.027(-1.000/1.000), Volt=12.4(9.1)
GlobalTracer.startCompetition_Warn: AUTO_MODE.runPeriodic takes too long (0.022s)
GlobalTracer.printPidInfo_Info: [13.587] elevatorPidController: Target=   8.0, Input=   7.8, Error=   0.2, PIDTerms= 0.032/-0.005/ 0.000/ 0.000, Output= 0.027(-1.000/1.000), Volt=12.4(9.1)
GlobalTracer.startCompetition_Warn: AUTO_MODE.runPeriodic takes too long (0.020s)
GlobalTracer.startCompetition_Warn: AUTO_MODE.updates takes too long (0.037s)
GlobalTracer.printPidInfo_Info: [13.669] elevatorPidController: Target=   8.0, Input=   7.8, Error=   0.2, PIDTerms= 0.032/-0.005/ 0.000/ 0.000, Output= 0.027(-1.000/1.000), Volt=12.4(9.1)
GlobalTracer.startCompetition_Warn: AUTO_MODE.runPeriodic takes too long (0.022s)
GlobalTracer.startCompetition_Warn: AUTO_MODE.updates takes too long (0.037s)
GlobalTracer.printPidInfo_Info: [13.748] elevatorPidController: Target=   8.0, Input=   7.8, Error=   0.2, PIDTerms= 0.032/-0.005/ 0.000/ 0.000, Output= 0.027(-1.000/1.000), Volt=12.4(9.1)
GlobalTracer.startCompetition_Warn: AUTO_MODE.updates takes too long (0.023s)
GlobalTracer.printPidInfo_Info: [13.810] elevatorPidController: Target=   8.0, Input=   7.8, Error=   0.2, PIDTerms= 0.032/-0.005/ 0.000/ 0.000, Output= 0.027(-1.000/1.000), Volt=12.4(9.1)
GlobalTracer.startCompetition_Warn: AUTO_MODE.runPeriodic takes too long (0.024s)
GlobalTracer.startCompetition_Warn: AUTO_MODE.updates takes too long (0.037s)
GlobalTracer.printPidInfo_Info: [13.895] elevatorPidController: Target=   8.0, Input=   7.8, Error=   0.2, PIDTerms= 0.032/-0.005/ 0.000/ 0.000, Output= 0.027(-1.000/1.000), Volt=12.4(9.1)
GlobalTracer.startCompetition_Warn: AUTO_MODE.updates takes too long (0.024s)
GlobalTracer.printPidInfo_Info: [13.954] elevatorPidController: Target=   8.0, Input=   7.8, Error=   0.2, PIDTerms= 0.032/-0.005/ 0.000/ 0.000, Output= 0.027(-1.000/1.000), Volt=12.5(9.1)
GlobalTracer.printPidInfo_Info: [14.005] elevatorPidController: Target=   8.0, Input=   7.8, Error=   0.2, PIDTerms= 0.032/-0.005/ 0.000/ 0.000, Output= 0.027(-1.000/1.000), Volt=12.4(9.1)
GlobalTracer.startCompetition_Warn: AUTO_MODE.runPeriodic takes too long (0.022s)
GlobalTracer.startCompetition_Warn: AUTO_MODE.updates takes too long (0.037s)
GlobalTracer.printPidInfo_Info: [14.094] elevatorPidController: Target=   8.0, Input=   7.8, Error=   0.2, PIDTerms= 0.032/-0.005/ 0.000/ 0.000, Output= 0.027(-1.000/1.000), Volt=12.5(9.1)
GlobalTracer.startCompetition_Warn: AUTO_MODE.runPeriodic takes too long (0.024s)
GlobalTracer.startCompetition_Warn: AUTO_MODE.updates takes too long (0.036s)
GlobalTracer.printPidInfo_Info: [14.176] elevatorPidController: Target=   8.0, Input=   7.8, Error=   0.2, PIDTerms= 0.032/-0.005/ 0.000/ 0.000, Output= 0.027(-1.000/1.000), Volt=12.5(9.1)
GlobalTracer.startCompetition_Warn: AUTO_MODE.updates takes too long (0.024s)
GlobalTracer.printPidInfo_Info: [14.235] elevatorPidController: Target=   8.0, Input=   7.8, Error=   0.2, PIDTerms= 0.032/-0.005/ 0.000/ 0.000, Output= 0.027(-1.000/1.000), Volt=12.4(9.1)
GlobalTracer.startCompetition_Warn: AUTO_MODE.runPeriodic takes too long (0.021s)
GlobalTracer.startCompetition_Warn: AUTO_MODE.updates takes too long (0.029s)
GlobalTracer.printPidInfo_Info: [14.307] elevatorPidController: Target=   8.0, Input=   7.8, Error=   0.2, PIDTerms= 0.032/-0.005/ 0.000/ 0.000, Output= 0.027(-1.000/1.000), Volt=12.4(9.1)
GlobalTracer.printPidInfo_Info: [14.357] elevatorPidController: Target=   8.0, Input=   7.8, Error=   0.2, PIDTerms= 0.032/-0.005/ 0.000/ 0.000, Output= 0.027(-1.000/1.000), Volt=12.7(9.1)
GlobalTracer.startCompetition_Warn: AUTO_MODE.updates takes too long (0.027s)
GlobalTracer.printPidInfo_Info: [14.431] elevatorPidController: Target=   8.0, Input=   7.8, Error=   0.2, PIDTerms= 0.032/-0.005/ 0.000/ 0.000, Output= 0.027(-1.000/1.000), Volt=12.7(9.1)
GlobalTracer.startCompetition_Warn: AUTO_MODE.updates takes too long (0.032s)
GlobalTracer.printPidInfo_Info: [14.497] elevatorPidController: Target=   8.0, Input=   7.8, Error=   0.2, PIDTerms= 0.032/-0.005/ 0.000/ 0.000, Output= 0.027(-1.000/1.000), Volt=12.7(9.1)
GlobalTracer.startCompetition_Warn: AUTO_MODE.updates takes too long (0.040s)
GlobalTracer.printPidInfo_Info: [14.581] elevatorPidController: Target=   8.0, Input=   7.8, Error=   0.2, PIDTerms= 0.032/-0.005/ 0.000/ 0.000, Output= 0.027(-1.000/1.000), Volt=12.7(9.1)
GlobalTracer.startCompetition_Warn: AUTO_MODE.runPeriodic takes too long (0.022s)
GlobalTracer.printPidInfo_Info: [14.644] elevatorPidController: Target=   8.0, Input=   7.8, Error=   0.2, PIDTerms= 0.032/-0.005/ 0.000/ 0.000, Output= 0.027(-1.000/1.000), Volt=12.7(9.1)
GlobalTracer.startCompetition_Warn: AUTO_MODE.updates takes too long (0.027s)
GlobalTracer.printPidInfo_Info: [14.706] elevatorPidController: Target=   8.0, Input=   7.8, Error=   0.2, PIDTerms= 0.032/-0.005/ 0.000/ 0.000, Output= 0.027(-1.000/1.000), Volt=12.8(9.1)
GlobalTracer.startCompetition_Warn: AUTO_MODE.runPeriodic takes too long (0.026s)
GlobalTracer.startCompetition_Warn: AUTO_MODE.updates takes too long (0.024s)
GlobalTracer.printPidInfo_Info: [14.784] elevatorPidController: Target=   8.0, Input=   7.8, Error=   0.2, PIDTerms= 0.032/-0.005/ 0.000/ 0.000, Output= 0.027(-1.000/1.000), Volt=12.8(9.1)
GlobalTracer.startCompetition_Warn: AUTO_MODE.runPeriodic takes too long (0.021s)
GlobalTracer.startCompetition_Warn: AUTO_MODE.updates takes too long (0.030s)
GlobalTracer.printPidInfo_Info: [14.857] elevatorPidController: Target=   8.0, Input=   7.8, Error=   0.2, PIDTerms= 0.032/-0.005/ 0.000/ 0.000, Output= 0.027(-1.000/1.000), Volt=12.8(9.1)
GlobalTracer.startCompetition_Warn: AUTO_MODE.updates takes too long (0.034s)
GlobalTracer.printPidInfo_Info: [14.926] elevatorPidController: Target=   8.0, Input=   7.8, Error=   0.2, PIDTerms= 0.032/-0.005/ 0.000/ 0.000, Output= 0.027(-1.000/1.000), Volt=12.8(9.1)
GlobalTracer.startCompetition_Warn: AUTO_MODE.updates takes too long (0.031s)
GlobalTracer.printPidInfo_Info: [14.998] elevatorPidController: Target=   8.0, Input=   7.8, Error=   0.2, PIDTerms= 0.032/-0.005/ 0.000/ 0.000, Output= 0.027(-1.000/1.000), Volt=12.8(9.1)
GlobalTracer.startCompetition_Warn: AUTO_MODE.updates takes too long (0.028s)
GlobalTracer.printPidInfo_Info: [15.067] elevatorPidController: Target=   8.0, Input=   7.8, Error=   0.2, PIDTerms= 0.032/-0.005/ 0.000/ 0.000, Output= 0.027(-1.000/1.000), Volt=12.8(9.1)
GlobalTracer.startCompetition_Warn: AUTO_MODE.runPeriodic takes too long (0.021s)
GlobalTracer.startCompetition_Warn: AUTO_MODE.updates takes too long (0.039s)
GlobalTracer.printPidInfo_Info: [15.146] elevatorPidController: Target=   8.0, Input=   7.8, Error=   0.2, PIDTerms= 0.032/-0.005/ 0.000/ 0.000, Output= 0.027(-1.000/1.000), Volt=12.8(9.1)
GlobalTracer.startCompetition_Warn: AUTO_MODE.runPeriodic takes too long (0.021s)
GlobalTracer.startCompetition_Warn: AUTO_MODE.updates takes too long (0.031s)
GlobalTracer.printPidInfo_Info: [15.220] elevatorPidController: Target=   8.0, Input=   7.8, Error=   0.2, PIDTerms= 0.032/-0.005/ 0.000/ 0.000, Output= 0.027(-1.000/1.000), Volt=12.8(9.1)
GlobalTracer.startCompetition_Warn: AUTO_MODE.runPeriodic takes too long (0.023s)
GlobalTracer.startCompetition_Warn: AUTO_MODE.updates takes too long (0.029s)
GlobalTracer.Vision_Info: Pixy is disabled!
GlobalTracer.TaskPerformance_Info: leftDriveStick.prePeriodic: PrePeriodic=0.000017, PostPeriodic=NaN, PreContinuous=NaN, PostContinous=NaN
GlobalTracer.TaskPerformance_Info: rightDriveStick.prePeriodic: PrePeriodic=0.000009, PostPeriodic=NaN, PreContinuous=NaN, PostContinous=NaN
GlobalTracer.TaskPerformance_Info: operatorStick.prePeriodic: PrePeriodic=0.000012, PostPeriodic=NaN, PreContinuous=NaN, PostContinous=NaN
GlobalTracer.TaskPerformance_Info: TrcRobotBattery.preContinuous: PrePeriodic=NaN, PostPeriodic=NaN, PreContinuous=0.002911, PostContinous=NaN
GlobalTracer.TaskPerformance_Info: LeftSonar.preContinuous: PrePeriodic=NaN, PostPeriodic=NaN, PreContinuous=NaN, PostContinous=NaN
GlobalTracer.TaskPerformance_Info: LeftSonar.preContinuous: PrePeriodic=NaN, PostPeriodic=NaN, PreContinuous=NaN, PostContinous=NaN
GlobalTracer.TaskPerformance_Info: RightSonar.preContinuous: PrePeriodic=NaN, PostPeriodic=NaN, PreContinuous=NaN, PostContinous=NaN
GlobalTracer.TaskPerformance_Info: RightSonar.preContinuous: PrePeriodic=NaN, PostPeriodic=NaN, PreContinuous=NaN, PostContinous=NaN
GlobalTracer.TaskPerformance_Info: LeftFrontWheel.stop: PrePeriodic=NaN, PostPeriodic=NaN, PreContinuous=NaN, PostContinous=NaN
GlobalTracer.TaskPerformance_Info: LeftFrontWheel.preContinuousTask: PrePeriodic=NaN, PostPeriodic=NaN, PreContinuous=NaN, PostContinous=NaN
GlobalTracer.TaskPerformance_Info: LeftRearWheel.stop: PrePeriodic=NaN, PostPeriodic=NaN, PreContinuous=NaN, PostContinous=NaN
GlobalTracer.TaskPerformance_Info: LeftRearWheel.preContinuousTask: PrePeriodic=NaN, PostPeriodic=NaN, PreContinuous=NaN, PostContinous=NaN
GlobalTracer.TaskPerformance_Info: RightFrontWheel.stop: PrePeriodic=NaN, PostPeriodic=NaN, PreContinuous=NaN, PostContinous=NaN
GlobalTracer.TaskPerformance_Info: RightFrontWheel.preContinuousTask: PrePeriodic=NaN, PostPeriodic=NaN, PreContinuous=NaN, PostContinous=NaN
GlobalTracer.TaskPerformance_Info: RightRearWheel.stop: PrePeriodic=NaN, PostPeriodic=NaN, PreContinuous=NaN, PostContinous=NaN
GlobalTracer.TaskPerformance_Info: RightRearWheel.preContinuousTask: PrePeriodic=NaN, PostPeriodic=NaN, PreContinuous=NaN, PostContinous=NaN
GlobalTracer.TaskPerformance_Info: TrcDriveBase.stop: PrePeriodic=NaN, PostPeriodic=NaN, PreContinuous=NaN, PostContinous=NaN
GlobalTracer.TaskPerformance_Info: TrcDriveBase.preContinuous: PrePeriodic=NaN, PostPeriodic=NaN, PreContinuous=0.008044, PostContinous=NaN
GlobalTracer.TaskPerformance_Info:    pidDrive.stop: PrePeriodic=NaN, PostPeriodic=NaN, PreContinuous=NaN, PostContinous=NaN
GlobalTracer.TaskPerformance_Info: pidDrive.postContinuous: PrePeriodic=NaN, PostPeriodic=NaN, PreContinuous=NaN, PostContinous=0.027359
GlobalTracer.TaskPerformance_Info: elevatorMotor.stop: PrePeriodic=NaN, PostPeriodic=NaN, PreContinuous=NaN, PostContinous=NaN
GlobalTracer.TaskPerformance_Info: elevatorMotor.preContinuousTask: PrePeriodic=NaN, PostPeriodic=NaN, PreContinuous=NaN, PostContinous=NaN
GlobalTracer.TaskPerformance_Info:    elevator.stop: PrePeriodic=NaN, PostPeriodic=NaN, PreContinuous=NaN, PostContinous=NaN
GlobalTracer.TaskPerformance_Info: elevator.postContinuous: PrePeriodic=NaN, PostPeriodic=NaN, PreContinuous=NaN, PostContinous=0.001892
GlobalTracer.TaskPerformance_Info: elevatorMotor.preContinuous: PrePeriodic=NaN, PostPeriodic=NaN, PreContinuous=0.000587, PostContinous=NaN
GlobalTracer.TaskPerformance_Info: LeftPickupMotor.stop: PrePeriodic=NaN, PostPeriodic=NaN, PreContinuous=NaN, PostContinous=NaN
GlobalTracer.TaskPerformance_Info: LeftPickupMotor.preContinuousTask: PrePeriodic=NaN, PostPeriodic=NaN, PreContinuous=NaN, PostContinous=NaN
GlobalTracer.TaskPerformance_Info: RightPickupMotor.stop: PrePeriodic=NaN, PostPeriodic=NaN, PreContinuous=NaN, PostContinous=NaN
GlobalTracer.TaskPerformance_Info: RightPickupMotor.preContinuousTask: PrePeriodic=NaN, PostPeriodic=NaN, PreContinuous=NaN, PostContinous=NaN
GlobalTracer.TaskPerformance_Info: CubePickupClaw.stop: PrePeriodic=NaN, PostPeriodic=NaN, PreContinuous=NaN, PostContinous=NaN
GlobalTracer.TaskPerformance_Info: CubePickupClaw.postContinuous: PrePeriodic=NaN, PostPeriodic=NaN, PreContinuous=NaN, PostContinous=NaN
GlobalTracer.TaskPerformance_Info: CubePickupClaw.preContinuous: PrePeriodic=NaN, PostPeriodic=NaN, PreContinuous=NaN, PostContinous=NaN
GlobalTracer.TaskPerformance_Info: CubePickupDeploy.stop: PrePeriodic=NaN, PostPeriodic=NaN, PreContinuous=NaN, PostContinous=NaN
GlobalTracer.TaskPerformance_Info: CubePickupDeploy.postContinuous: PrePeriodic=NaN, PostPeriodic=NaN, PreContinuous=NaN, PostContinous=NaN
GlobalTracer.TaskPerformance_Info: CubePickupDeploy.preContinuous: PrePeriodic=NaN, PostPeriodic=NaN, PreContinuous=NaN, PostContinous=NaN
GlobalTracer.TaskPerformance_Info: CubeProximityTrigger.preContinuous: PrePeriodic=NaN, PostPeriodic=NaN, PreContinuous=NaN, PostContinous=NaN
GlobalTracer.TaskPerformance_Info: PickupCurrentTrigger.preContinuous: PrePeriodic=NaN, PostPeriodic=NaN, PreContinuous=NaN, PostContinous=NaN
GlobalTracer.TaskPerformance_Info:       pickupTask: PrePeriodic=NaN, PostPeriodic=NaN, PreContinuous=NaN, PostContinous=NaN
GlobalTracer.TaskPerformance_Info: pickupTimer.preContinuous: PrePeriodic=NaN, PostPeriodic=NaN, PreContinuous=NaN, PostContinous=NaN
GlobalTracer.TaskPerformance_Info: WinchMaster.stop: PrePeriodic=NaN, PostPeriodic=NaN, PreContinuous=NaN, PostContinous=NaN
GlobalTracer.TaskPerformance_Info: WinchMaster.preContinuousTask: PrePeriodic=NaN, PostPeriodic=NaN, PreContinuous=NaN, PostContinous=NaN
GlobalTracer.TaskPerformance_Info:  WinchSlave.stop: PrePeriodic=NaN, PostPeriodic=NaN, PreContinuous=NaN, PostContinous=NaN
GlobalTracer.TaskPerformance_Info: WinchSlave.preContinuousTask: PrePeriodic=NaN, PostPeriodic=NaN, PreContinuous=NaN, PostContinous=NaN
GlobalTracer.TaskPerformance_Info: leftFlipper.stop: PrePeriodic=NaN, PostPeriodic=NaN, PreContinuous=NaN, PostContinous=NaN
GlobalTracer.TaskPerformance_Info: leftFlipper.postContinuous: PrePeriodic=NaN, PostPeriodic=NaN, PreContinuous=NaN, PostContinous=NaN
GlobalTracer.TaskPerformance_Info: leftFlipper.preContinuous: PrePeriodic=NaN, PostPeriodic=NaN, PreContinuous=NaN, PostContinous=NaN
GlobalTracer.TaskPerformance_Info: rightFlipper.stop: PrePeriodic=NaN, PostPeriodic=NaN, PreContinuous=NaN, PostContinous=NaN
GlobalTracer.TaskPerformance_Info: rightFlipper.postContinuous: PrePeriodic=NaN, PostPeriodic=NaN, PreContinuous=NaN, PostContinous=NaN
GlobalTracer.TaskPerformance_Info: rightFlipper.preContinuous: PrePeriodic=NaN, PostPeriodic=NaN, PreContinuous=NaN, PostContinous=NaN
GlobalTracer.TaskPerformance_Info: VisionTrigger.preContinuous: PrePeriodic=NaN, PostPeriodic=NaN, PreContinuous=NaN, PostContinous=NaN
GlobalTracer.TaskPerformance_Info: ExchangeTrigger.preContinuous: PrePeriodic=NaN, PostPeriodic=NaN, PreContinuous=NaN, PostContinous=NaN
GlobalTracer.TaskPerformance_Info: FrcTest.preContinuous: PrePeriodic=NaN, PostPeriodic=NaN, PreContinuous=NaN, PostContinous=NaN
GlobalTracer.TaskPerformance_Info: CmdAutoSwitch.preContinuous: PrePeriodic=NaN, PostPeriodic=NaN, PreContinuous=0.000124, PostContinous=NaN
GlobalTracer.TaskPerformance_Info: LeftSonarTrigger.preContinuous: PrePeriodic=NaN, PostPeriodic=NaN, PreContinuous=NaN, PostContinous=NaN
GlobalTracer.TaskPerformance_Info: RightSonarTrigger.preContinuous: PrePeriodic=NaN, PostPeriodic=NaN, PreContinuous=NaN, PostContinous=NaN
GlobalTracer.startCompetition_Warn: AUTO_MODE.stopMode takes too long (0.127s)
GlobalTracer.Robot_Info: TotalEnergy=0.500Wh
