GlobalTracer.FirstPowerUp_Info: Sat Mar 31 10:46:52 PDT 2018[0.725]: ***** Starting autonomous *****
GlobalTracer.FirstPowerUp_Info: WAAMV_Qualification_ 67 (Red2) [FMSConnected=true]
GlobalTracer.CmdAutoSwitch_Info: [0.793] delay=0.0, fwdDistance=235.0, startPos=MID_POS, fastDelivery=true, getSecondCube=false
GlobalTracer.CmdAutoSwitch_Info: alliance=Red, gameSpecificMsg=RLR, delay=0.000, fwdDistance=235, startPosition=MID_POS, flipInFlight=false
GlobalTracer.Vision_Info: Pixy is enabled!
GlobalTracer.FrcAuto.startMode_Info: [0.840] startMode done!
GlobalTracer.startCompetition_Warn: AUTO_MODE.startMode takes too long (0.836s)
GlobalTracer.Robot_Info: [0.851]   DO_DELAY: xPos=  0.00,yPos=  0.00,heading=   0.0/   0.0,volts=12.6(12.5)
GlobalTracer.startCompetition_Warn: AUTO_MODE.runPeriodic takes too long (0.173s)
GlobalTracer.startCompetition_Warn: AUTO_MODE.updates takes too long (0.022s)
GlobalTracer.startCompetition_Warn: AUTO_MODE takes too long (1.069s)
GlobalTracer.Robot_Info: [1.067] DRIVE_DIAGONAL_TO_SWITCH: xPos=  0.00,yPos=  0.00,heading=   0.0/  25.0,volts=12.6(12.5)
GlobalTracer.printPidInfo_Info: [1.067] elevatorPidController: Target=  34.8, Input=   0.0, Error=  26.8, PIDTerms= 0.000/ 0.000/ 0.000/ 0.000, Output= 0.000(-1.000/1.000), Volt=12.6(12.5)
GlobalTracer.startCompetition_Warn: AUTO_MODE.runPeriodic takes too long (0.034s)
GlobalTracer.printPidInfo_Info: encoderXPidCtrl: Target=   0.0, Input=   0.0, Error=   0.0, PIDTerms= 0.000/ 0.000/ 0.000/ 0.000, Output= 0.000(-0.700/0.700), Volt=12.6(12.5)
GlobalTracer.printPidInfo_Info: encoderYPidCtrl: Target= 110.0, Input=   0.0, Error= 110.0, PIDTerms= 2.200/ 0.000/ 0.000/ 0.000, Output= 0.600(-0.600/0.600), Volt=12.6(12.5)
GlobalTracer.printPidInfo_Info: gyroTurnPidCtrl: Target=  25.0, Input=   0.0, Error=  25.0, PIDTerms= 0.500/ 0.000/ 0.000/ 0.000, Output= 0.500(-0.700/0.700), Volt=12.7(12.5)
GlobalTracer.startCompetition_Warn: AUTO_MODE.postContinuousTasks takes too long (0.037s)
GlobalTracer.startCompetition_Warn: AUTO_MODE.updates takes too long (0.030s)
GlobalTracer.startCompetition_Warn: AUTO_MODE takes too long (0.135s)
GlobalTracer.printPidInfo_Info: [1.203] elevatorPidController: Target=  34.8, Input=   8.0, Error=  26.8, PIDTerms= 5.350/ 0.002/ 0.000/ 0.000, Output= 1.000(-1.000/1.000), Volt=9.8(9.6)
GlobalTracer.startCompetition_Warn: AUTO_MODE.runPeriodic takes too long (0.025s)
GlobalTracer.printPidInfo_Info: encoderXPidCtrl: Target=   0.0, Input=   0.0, Error=  -0.0, PIDTerms=-0.012/ 0.000/-0.006/ 0.000, Output=-0.018(-0.700/0.700), Volt=9.6(9.6)
GlobalTracer.printPidInfo_Info: encoderYPidCtrl: Target= 110.0, Input=   0.6, Error= 109.4, PIDTerms= 2.188/ 0.000/-0.008/ 0.000, Output= 0.600(-0.600/0.600), Volt=9.6(9.6)
GlobalTracer.printPidInfo_Info: gyroTurnPidCtrl: Target=  25.0, Input=   0.1, Error=  24.9, PIDTerms= 0.498/ 0.000/-0.001/ 0.000, Output= 0.497(-0.700/0.700), Volt=9.9(9.6)
GlobalTracer.startCompetition_Warn: AUTO_MODE.postContinuousTasks takes too long (0.022s)
GlobalTracer.startCompetition_Warn: AUTO_MODE.updates takes too long (0.039s)
GlobalTracer.startCompetition_Warn: AUTO_MODE takes too long (0.109s)
GlobalTracer.printPidInfo_Info: [1.313] elevatorPidController: Target=  34.8, Input=  10.7, Error=  24.1, PIDTerms= 4.811/ 0.005/-0.000/ 0.000, Output= 1.000(-1.000/1.000), Volt=10.0(9.6)
GlobalTracer.startCompetition_Warn: AUTO_MODE.runPeriodic takes too long (0.022s)
GlobalTracer.printPidInfo_Info: encoderXPidCtrl: Target=   0.0, Input=   0.6, Error=  -0.6, PIDTerms=-0.152/ 0.000/-0.079/ 0.000, Output=-0.231(-0.700/0.700), Volt=9.9(9.6)
GlobalTracer.printPidInfo_Info: encoderYPidCtrl: Target= 110.0, Input=   3.1, Error= 106.9, PIDTerms= 2.138/ 0.000/-0.035/ 0.000, Output= 0.600(-0.600/0.600), Volt=10.1(9.6)
GlobalTracer.printPidInfo_Info: gyroTurnPidCtrl: Target=  25.0, Input=   3.7, Error=  21.3, PIDTerms= 0.426/ 0.000/-0.059/ 0.000, Output= 0.367(-0.700/0.700), Volt=10.1(9.6)
GlobalTracer.startCompetition_Warn: AUTO_MODE.updates takes too long (0.039s)
GlobalTracer.startCompetition_Warn: AUTO_MODE takes too long (0.101s)
GlobalTracer.printPidInfo_Info: [1.415] elevatorPidController: Target=  34.8, Input=  10.0, Error=  24.8, PIDTerms= 4.950/ 0.007/ 0.000/ 0.000, Output= 1.000(-1.000/1.000), Volt=10.4(9.6)
GlobalTracer.startCompetition_Warn: AUTO_MODE.runPeriodic takes too long (0.021s)
GlobalTracer.printPidInfo_Info: encoderXPidCtrl: Target=   0.0, Input=   0.9, Error=  -0.9, PIDTerms=-0.227/ 0.000/-0.046/ 0.000, Output=-0.273(-0.700/0.700), Volt=10.6(9.6)
GlobalTracer.printPidInfo_Info: encoderYPidCtrl: Target= 110.0, Input=   6.3, Error= 103.7, PIDTerms= 2.074/ 0.000/-0.049/ 0.000, Output= 0.600(-0.600/0.600), Volt=10.5(9.6)
GlobalTracer.printPidInfo_Info: gyroTurnPidCtrl: Target=  25.0, Input=  10.5, Error=  14.5, PIDTerms= 0.290/ 0.000/-0.121/ 0.000, Output= 0.168(-0.700/0.700), Volt=10.5(9.6)
GlobalTracer.startCompetition_Warn: AUTO_MODE.updates takes too long (0.038s)
GlobalTracer.printPidInfo_Info: [1.512] elevatorPidController: Target=  34.8, Input=  13.8, Error=  21.0, PIDTerms= 4.195/ 0.009/-0.000/ 0.000, Output= 1.000(-1.000/1.000), Volt=10.5(9.6)
GlobalTracer.printPidInfo_Info: encoderXPidCtrl: Target=   0.0, Input=   0.7, Error=  -0.7, PIDTerms=-0.173/ 0.000/ 0.038/ 0.000, Output=-0.135(-0.700/0.700), Volt=10.4(9.6)
GlobalTracer.printPidInfo_Info: encoderYPidCtrl: Target= 110.0, Input=  10.0, Error= 100.0, PIDTerms= 2.000/ 0.000/-0.065/ 0.000, Output= 0.600(-0.600/0.600), Volt=10.4(9.6)
GlobalTracer.printPidInfo_Info: gyroTurnPidCtrl: Target=  25.0, Input=  18.0, Error=   7.0, PIDTerms= 0.140/ 0.000/-0.154/ 0.000, Output=-0.014(-0.700/0.700), Volt=10.5(9.6)
GlobalTracer.startCompetition_Warn: AUTO_MODE.postContinuousTasks takes too long (0.033s)
GlobalTracer.startCompetition_Warn: AUTO_MODE.updates takes too long (0.033s)
GlobalTracer.startCompetition_Warn: AUTO_MODE.preContinuousTasks takes too long (0.020s)
GlobalTracer.printPidInfo_Info: [1.607] elevatorPidController: Target=  34.8, Input=  17.5, Error=  17.2, PIDTerms= 3.441/ 0.011/-0.000/ 0.000, Output= 1.000(-1.000/1.000), Volt=10.8(9.6)
GlobalTracer.printPidInfo_Info: encoderXPidCtrl: Target=   0.0, Input=   0.2, Error=  -0.2, PIDTerms=-0.061/ 0.000/ 0.067/ 0.000, Output= 0.006(-0.700/0.700), Volt=10.7(9.6)
GlobalTracer.printPidInfo_Info: encoderYPidCtrl: Target= 110.0, Input=  14.6, Error=  95.4, PIDTerms= 1.908/ 0.000/-0.069/ 0.000, Output= 0.600(-0.600/0.600), Volt=10.7(9.6)
GlobalTracer.printPidInfo_Info: gyroTurnPidCtrl: Target=  25.0, Input=  24.2, Error=   0.8, PIDTerms= 0.015/ 0.000/-0.108/ 0.000, Output=-0.093(-0.700/0.700), Volt=10.8(9.6)
GlobalTracer.startCompetition_Warn: AUTO_MODE.postContinuousTasks takes too long (0.032s)
GlobalTracer.startCompetition_Warn: AUTO_MODE.updates takes too long (0.034s)
GlobalTracer.startCompetition_Warn: AUTO_MODE takes too long (0.101s)
GlobalTracer.printPidInfo_Info: [1.710] elevatorPidController: Target=  34.8, Input=  21.5, Error=  13.3, PIDTerms= 2.653/ 0.012/-0.000/ 0.000, Output= 1.000(-1.000/1.000), Volt=10.9(9.6)
GlobalTracer.printPidInfo_Info: encoderXPidCtrl: Target=   0.0, Input=  -0.3, Error=   0.3, PIDTerms= 0.076/ 0.000/ 0.074/ 0.000, Output= 0.150(-0.700/0.700), Volt=10.8(9.6)
GlobalTracer.printPidInfo_Info: encoderYPidCtrl: Target= 110.0, Input=  20.5, Error=  89.5, PIDTerms= 1.790/ 0.000/-0.080/ 0.000, Output= 0.600(-0.600/0.600), Volt=10.8(9.6)
GlobalTracer.printPidInfo_Info: gyroTurnPidCtrl: Target=  25.0, Input=  27.7, Error=  -2.7, PIDTerms=-0.053/ 0.000/-0.054/ 0.000, Output=-0.107(-0.700/0.700), Volt=10.9(9.6)
GlobalTracer.startCompetition_Warn: AUTO_MODE.postContinuousTasks takes too long (0.022s)
GlobalTracer.startCompetition_Warn: AUTO_MODE.updates takes too long (0.048s)
GlobalTracer.startCompetition_Warn: AUTO_MODE takes too long (0.113s)
GlobalTracer.printPidInfo_Info: [1.823] elevatorPidController: Target=  34.8, Input=  25.4, Error=   9.3, PIDTerms= 1.869/ 0.013/-0.000/ 0.000, Output= 1.000(-1.000/1.000), Volt=10.8(9.6)
GlobalTracer.startCompetition_Warn: AUTO_MODE.runPeriodic takes too long (0.038s)
GlobalTracer.printPidInfo_Info: encoderXPidCtrl: Target=   0.0, Input=  -0.4, Error=   0.4, PIDTerms= 0.094/ 0.000/ 0.009/ 0.000, Output= 0.102(-0.700/0.700), Volt=11.1(9.6)
GlobalTracer.printPidInfo_Info: encoderYPidCtrl: Target= 110.0, Input=  26.8, Error=  83.2, PIDTerms= 1.665/ 0.000/-0.080/ 0.000, Output= 0.600(-0.600/0.600), Volt=11.1(9.6)
GlobalTracer.printPidInfo_Info: gyroTurnPidCtrl: Target=  25.0, Input=  28.1, Error=  -3.1, PIDTerms=-0.061/ 0.000/-0.006/ 0.000, Output=-0.067(-0.700/0.700), Volt=10.9(9.6)
GlobalTracer.startCompetition_Warn: AUTO_MODE.postContinuousTasks takes too long (0.038s)
GlobalTracer.startCompetition_Warn: AUTO_MODE.updates takes too long (0.091s)
GlobalTracer.startCompetition_Warn: AUTO_MODE takes too long (0.178s)
GlobalTracer.startCompetition_Warn: AUTO_MODE.preContinuousTasks takes too long (0.030s)
GlobalTracer.printPidInfo_Info: [2.002] elevatorPidController: Target=  34.8, Input=  30.2, Error=   4.6, PIDTerms= 0.919/ 0.014/-0.000/ 0.000, Output= 0.933(-1.000/1.000), Volt=11.1(9.6)
GlobalTracer.startCompetition_Warn: AUTO_MODE.runPeriodic takes too long (0.027s)
GlobalTracer.printPidInfo_Info: encoderXPidCtrl: Target=   0.0, Input=   0.2, Error=  -0.2, PIDTerms=-0.039/ 0.000/-0.041/ 0.000, Output=-0.080(-0.700/0.700), Volt=11.0(9.6)
GlobalTracer.printPidInfo_Info: encoderYPidCtrl: Target= 110.0, Input=  38.9, Error=  71.1, PIDTerms= 1.421/ 0.000/-0.094/ 0.000, Output= 0.600(-0.600/0.600), Volt=11.0(9.6)
GlobalTracer.printPidInfo_Info: gyroTurnPidCtrl: Target=  25.0, Input=  26.1, Error=  -1.1, PIDTerms=-0.023/ 0.000/ 0.017/ 0.000, Output=-0.006(-0.700/0.700), Volt=11.2(9.6)
GlobalTracer.startCompetition_Warn: AUTO_MODE.postContinuousTasks takes too long (0.029s)
GlobalTracer.startCompetition_Warn: AUTO_MODE.updates takes too long (0.095s)
GlobalTracer.startCompetition_Warn: AUTO_MODE takes too long (0.188s)
GlobalTracer.startCompetition_Warn: AUTO_MODE.preContinuousTasks takes too long (0.030s)
GlobalTracer.printPidInfo_Info: [2.190] elevatorPidController: Target=  34.8, Input=  37.1, Error=  -2.3, PIDTerms=-0.469/ 0.013/-0.000/ 0.000, Output=-0.456(-1.000/1.000), Volt=11.7(9.6)
GlobalTracer.startCompetition_Warn: AUTO_MODE.runPeriodic takes too long (0.025s)
GlobalTracer.printPidInfo_Info: encoderXPidCtrl: Target=   0.0, Input=  -0.1, Error=   0.1, PIDTerms= 0.014/ 0.000/ 0.017/ 0.000, Output= 0.030(-0.700/0.700), Volt=11.7(9.6)
GlobalTracer.printPidInfo_Info: encoderYPidCtrl: Target= 110.0, Input=  53.0, Error=  57.0, PIDTerms= 1.140/ 0.000/-0.113/ 0.000, Output= 0.600(-0.600/0.600), Volt=11.7(9.6)
GlobalTracer.printPidInfo_Info: gyroTurnPidCtrl: Target=  25.0, Input=  24.8, Error=   0.3, PIDTerms= 0.005/ 0.000/ 0.013/ 0.000, Output= 0.018(-0.700/0.700), Volt=11.7(9.6)
GlobalTracer.startCompetition_Warn: AUTO_MODE.postContinuousTasks takes too long (0.031s)
GlobalTracer.startCompetition_Warn: AUTO_MODE.updates takes too long (0.087s)
GlobalTracer.startCompetition_Warn: AUTO_MODE takes too long (0.181s)
GlobalTracer.startCompetition_Warn: AUTO_MODE.preContinuousTasks takes too long (0.026s)
GlobalTracer.printPidInfo_Info: [2.370] elevatorPidController: Target=  34.8, Input=  35.2, Error=  -0.4, PIDTerms=-0.084/ 0.013/ 0.000/ 0.000, Output=-0.070(-1.000/1.000), Volt=11.8(9.6)
GlobalTracer.startCompetition_Warn: AUTO_MODE.runPeriodic takes too long (0.025s)
GlobalTracer.printPidInfo_Info: encoderXPidCtrl: Target=   0.0, Input=  -0.4, Error=   0.4, PIDTerms= 0.109/ 0.000/ 0.033/ 0.000, Output= 0.142(-0.700/0.700), Volt=11.8(9.6)
GlobalTracer.printPidInfo_Info: encoderYPidCtrl: Target= 110.0, Input=  66.9, Error=  43.1, PIDTerms= 0.862/ 0.000/-0.118/ 0.000, Output= 0.600(-0.600/0.600), Volt=11.8(9.6)
GlobalTracer.printPidInfo_Info: gyroTurnPidCtrl: Target=  25.0, Input=  25.5, Error=  -0.5, PIDTerms=-0.010/ 0.000/-0.007/ 0.000, Output=-0.017(-0.700/0.700), Volt=11.8(9.6)
GlobalTracer.startCompetition_Warn: AUTO_MODE.updates takes too long (0.071s)
GlobalTracer.startCompetition_Warn: AUTO_MODE takes too long (0.147s)
GlobalTracer.startCompetition_Warn: AUTO_MODE.preContinuousTasks takes too long (0.030s)
GlobalTracer.printPidInfo_Info: [2.518] elevatorPidController: Target=  34.8, Input=  33.5, Error=   1.2, PIDTerms= 0.243/ 0.013/ 0.000/ 0.000, Output= 0.257(-1.000/1.000), Volt=11.7(9.6)
GlobalTracer.printPidInfo_Info: encoderXPidCtrl: Target=   0.0, Input=  -0.0, Error=   0.0, PIDTerms= 0.007/ 0.000/-0.044/ 0.000, Output=-0.037(-0.700/0.700), Volt=11.7(9.6)
GlobalTracer.printPidInfo_Info: encoderYPidCtrl: Target= 110.0, Input=  78.6, Error=  31.4, PIDTerms= 0.628/ 0.000/-0.127/ 0.000, Output= 0.500(-0.600/0.600), Volt=11.7(9.6)
GlobalTracer.printPidInfo_Info: gyroTurnPidCtrl: Target=  25.0, Input=  26.8, Error=  -1.8, PIDTerms=-0.036/ 0.000/-0.016/ 0.000, Output=-0.052(-0.700/0.700), Volt=11.7(9.6)
GlobalTracer.startCompetition_Warn: AUTO_MODE.updates takes too long (0.038s)
GlobalTracer.printPidInfo_Info: [2.615] elevatorPidController: Target=  34.8, Input=  32.9, Error=   1.8, PIDTerms= 0.368/ 0.014/ 0.000/ 0.000, Output= 0.381(-1.000/1.000), Volt=11.9(9.6)
GlobalTracer.startCompetition_Warn: AUTO_MODE.runPeriodic takes too long (0.039s)
GlobalTracer.printPidInfo_Info: encoderXPidCtrl: Target=   0.0, Input=   0.1, Error=  -0.1, PIDTerms=-0.029/ 0.000/-0.019/ 0.000, Output=-0.048(-0.700/0.700), Volt=12.0(9.6)
GlobalTracer.printPidInfo_Info: encoderYPidCtrl: Target= 110.0, Input=  86.1, Error=  23.9, PIDTerms= 0.477/ 0.000/-0.101/ 0.000, Output= 0.376(-0.600/0.600), Volt=12.0(9.6)
GlobalTracer.printPidInfo_Info: gyroTurnPidCtrl: Target=  25.0, Input=  27.2, Error=  -2.2, PIDTerms=-0.043/ 0.000/-0.006/ 0.000, Output=-0.049(-0.700/0.700), Volt=12.0(9.6)
GlobalTracer.startCompetition_Warn: AUTO_MODE.postContinuousTasks takes too long (0.027s)
GlobalTracer.startCompetition_Warn: AUTO_MODE.updates takes too long (0.047s)
GlobalTracer.startCompetition_Warn: AUTO_MODE takes too long (0.137s)
GlobalTracer.printPidInfo_Info: [2.752] elevatorPidController: Target=  34.8, Input=  33.4, Error=   1.4, PIDTerms= 0.270/ 0.014/-0.000/ 0.000, Output= 0.284(-1.000/1.000), Volt=12.2(9.6)
GlobalTracer.startCompetition_Warn: AUTO_MODE.runPeriodic takes too long (0.043s)
GlobalTracer.printPidInfo_Info: encoderXPidCtrl: Target=   0.0, Input=  -0.0, Error=   0.0, PIDTerms= 0.002/ 0.000/ 0.013/ 0.000, Output= 0.015(-0.700/0.700), Volt=12.2(9.6)
GlobalTracer.printPidInfo_Info: encoderYPidCtrl: Target= 110.0, Input=  96.7, Error=  13.3, PIDTerms= 0.266/ 0.000/-0.115/ 0.000, Output= 0.152(-0.600/0.600), Volt=12.2(9.6)
GlobalTracer.printPidInfo_Info: gyroTurnPidCtrl: Target=  25.0, Input=  27.0, Error=  -2.0, PIDTerms=-0.040/ 0.000/ 0.002/ 0.000, Output=-0.038(-0.700/0.700), Volt=12.2(9.6)
GlobalTracer.startCompetition_Warn: AUTO_MODE.postContinuousTasks takes too long (0.031s)
GlobalTracer.startCompetition_Warn: AUTO_MODE.updates takes too long (0.047s)
GlobalTracer.startCompetition_Warn: AUTO_MODE takes too long (0.141s)
GlobalTracer.printPidInfo_Info: [2.894] elevatorPidController: Target=  34.8, Input=  34.0, Error=   0.7, PIDTerms= 0.149/ 0.014/-0.000/ 0.000, Output= 0.163(-1.000/1.000), Volt=12.4(9.6)
GlobalTracer.startCompetition_Warn: AUTO_MODE.runPeriodic takes too long (0.021s)
GlobalTracer.printPidInfo_Info: encoderXPidCtrl: Target=   0.0, Input=  -0.1, Error=   0.0, PIDTerms= 0.033/ 0.000/ 0.016/ 0.000, Output= 0.000(-0.700/0.700), Volt=12.4(9.6)
GlobalTracer.printPidInfo_Info: encoderYPidCtrl: Target=   0.0, Input= 108.0, Error=   0.0, PIDTerms= 0.040/ 0.000/-0.141/ 0.000, Output= 0.000(-0.600/0.600), Volt=12.4(9.6)
GlobalTracer.printPidInfo_Info: gyroTurnPidCtrl: Target=   0.0, Input=  25.8, Error=   0.0, PIDTerms=-0.016/ 0.000/ 0.018/ 0.000, Output= 0.000(-0.700/0.700), Volt=12.4(9.6)
GlobalTracer.startCompetition_Warn: AUTO_MODE.updates takes too long (0.041s)
GlobalTracer.startCompetition_Warn: AUTO_MODE.preContinuousTasks takes too long (0.024s)
GlobalTracer.Robot_Info: [2.989] THROW_CUBE: xPos= -0.44,yPos=113.70,heading=  23.7/  25.0,volts=12.4(9.6)
GlobalTracer.printPidInfo_Info: [2.989] elevatorPidController: Target=  34.8, Input=  34.1, Error=   0.6, PIDTerms= 0.127/ 0.014/-0.000/ 0.000, Output= 0.141(-1.000/1.000), Volt=12.4(9.6)
GlobalTracer.startCompetition_Warn: AUTO_MODE.runPeriodic takes too long (0.025s)
GlobalTracer.startCompetition_Warn: AUTO_MODE.updates takes too long (0.040s)
GlobalTracer.startCompetition_Warn: AUTO_MODE takes too long (0.122s)
GlobalTracer.printPidInfo_Info: [3.111] elevatorPidController: Target=  34.8, Input=  34.1, Error=   0.6, PIDTerms= 0.127/ 0.014/ 0.000/ 0.000, Output= 0.141(-1.000/1.000), Volt=10.8(9.6)
GlobalTracer.startCompetition_Warn: AUTO_MODE.runPeriodic takes too long (0.023s)
GlobalTracer.startCompetition_Warn: AUTO_MODE.updates takes too long (0.035s)
GlobalTracer.startCompetition_Warn: AUTO_MODE.preContinuousTasks takes too long (0.020s)
GlobalTracer.printPidInfo_Info: [3.205] elevatorPidController: Target=  34.8, Input=  34.2, Error=   0.6, PIDTerms= 0.120/ 0.014/-0.000/ 0.000, Output= 0.134(-1.000/1.000), Volt=10.8(9.6)
GlobalTracer.startCompetition_Warn: AUTO_MODE.runPeriodic takes too long (0.035s)
GlobalTracer.startCompetition_Warn: AUTO_MODE.updates takes too long (0.042s)
GlobalTracer.startCompetition_Warn: AUTO_MODE takes too long (0.108s)
GlobalTracer.printPidInfo_Info: [3.315] elevatorPidController: Target=  34.8, Input=  34.1, Error=   0.6, PIDTerms= 0.123/ 0.014/ 0.000/ 0.000, Output= 0.137(-1.000/1.000), Volt=11.3(9.6)
GlobalTracer.startCompetition_Warn: AUTO_MODE.runPeriodic takes too long (0.033s)
GlobalTracer.startCompetition_Warn: AUTO_MODE.updates takes too long (0.035s)
GlobalTracer.printPidInfo_Info: [3.408] elevatorPidController: Target=  34.8, Input=  34.1, Error=   0.6, PIDTerms= 0.121/ 0.014/-0.000/ 0.000, Output= 0.136(-1.000/1.000), Volt=11.5(9.6)
GlobalTracer.startCompetition_Warn: AUTO_MODE.runPeriodic takes too long (0.029s)
GlobalTracer.startCompetition_Warn: AUTO_MODE.updates takes too long (0.047s)
GlobalTracer.startCompetition_Warn: AUTO_MODE.preContinuousTasks takes too long (0.021s)
GlobalTracer.printPidInfo_Info: [3.498] elevatorPidController: Target=  34.8, Input=  34.3, Error=   0.5, PIDTerms= 0.100/ 0.014/-0.000/ 0.000, Output= 0.114(-1.000/1.000), Volt=11.7(9.6)
GlobalTracer.startCompetition_Warn: AUTO_MODE.runPeriodic takes too long (0.025s)
GlobalTracer.startCompetition_Warn: AUTO_MODE.updates takes too long (0.047s)
GlobalTracer.startCompetition_Warn: AUTO_MODE takes too long (0.102s)
GlobalTracer.printPidInfo_Info: [3.601] elevatorPidController: Target=  34.8, Input=  34.2, Error=   0.5, PIDTerms= 0.101/ 0.014/ 0.000/ 0.000, Output= 0.116(-1.000/1.000), Volt=11.7(9.6)
GlobalTracer.startCompetition_Warn: AUTO_MODE.runPeriodic takes too long (0.021s)
GlobalTracer.startCompetition_Warn: AUTO_MODE.updates takes too long (0.043s)
GlobalTracer.printPidInfo_Info: [3.678] elevatorPidController: Target=  34.8, Input=  34.3, Error=   0.5, PIDTerms= 0.096/ 0.014/-0.000/ 0.000, Output= 0.110(-1.000/1.000), Volt=11.9(9.6)
GlobalTracer.startCompetition_Warn: AUTO_MODE.runPeriodic takes too long (0.039s)
GlobalTracer.startCompetition_Warn: AUTO_MODE.updates takes too long (0.043s)
GlobalTracer.startCompetition_Warn: AUTO_MODE takes too long (0.117s)
GlobalTracer.printPidInfo_Info: [3.796] elevatorPidController: Target=  34.8, Input=  34.3, Error=   0.4, PIDTerms= 0.088/ 0.014/-0.000/ 0.000, Output= 0.103(-1.000/1.000), Volt=11.9(9.6)
GlobalTracer.startCompetition_Warn: AUTO_MODE.runPeriodic takes too long (0.024s)
GlobalTracer.startCompetition_Warn: AUTO_MODE.updates takes too long (0.043s)
GlobalTracer.startCompetition_Warn: AUTO_MODE.preContinuousTasks takes too long (0.020s)
GlobalTracer.printPidInfo_Info: [3.878] elevatorPidController: Target=  34.8, Input=  34.3, Error=   0.4, PIDTerms= 0.087/ 0.014/-0.000/ 0.000, Output= 0.101(-1.000/1.000), Volt=11.9(9.6)
GlobalTracer.startCompetition_Warn: AUTO_MODE.runPeriodic takes too long (0.022s)
GlobalTracer.startCompetition_Warn: AUTO_MODE.updates takes too long (0.046s)
GlobalTracer.startCompetition_Warn: AUTO_MODE takes too long (0.101s)
GlobalTracer.startCompetition_Warn: AUTO_MODE.preContinuousTasks takes too long (0.027s)
GlobalTracer.printPidInfo_Info: [3.979] elevatorPidController: Target=  34.8, Input=  34.3, Error=   0.4, PIDTerms= 0.087/ 0.015/ 0.000/ 0.000, Output= 0.102(-1.000/1.000), Volt=11.9(9.6)
GlobalTracer.startCompetition_Warn: AUTO_MODE.updates takes too long (0.050s)
GlobalTracer.startCompetition_Warn: AUTO_MODE takes too long (0.105s)
GlobalTracer.startCompetition_Warn: AUTO_MODE.preContinuousTasks takes too long (0.020s)
GlobalTracer.Robot_Info: [4.085]       DONE: xPos= -1.63,yPos=115.56,heading= -12.9/  25.0,volts=12.0(9.6)
GlobalTracer.printPidInfo_Info: [4.085] elevatorPidController: Target=   8.0, Input=  34.3, Error= -26.3, PIDTerms= 0.087/ 0.015/ 0.000/ 0.000, Output= 0.000(-1.000/1.000), Volt=12.0(9.6)
GlobalTracer.startCompetition_Warn: AUTO_MODE.runPeriodic takes too long (0.025s)
GlobalTracer.startCompetition_Warn: AUTO_MODE.updates takes too long (0.044s)
GlobalTracer.startCompetition_Warn: AUTO_MODE takes too long (0.111s)
GlobalTracer.startCompetition_Warn: AUTO_MODE.preContinuousTasks takes too long (0.026s)
GlobalTracer.printPidInfo_Info: [4.197] elevatorPidController: Target=   8.0, Input=  34.3, Error= -26.3, PIDTerms=-5.263/-0.001/ 0.000/ 0.000, Output=-1.000(-1.000/1.000), Volt=11.6(9.6)
GlobalTracer.startCompetition_Warn: AUTO_MODE.updates takes too long (0.055s)
GlobalTracer.startCompetition_Warn: AUTO_MODE takes too long (0.100s)
GlobalTracer.startCompetition_Warn: AUTO_MODE.preContinuousTasks takes too long (0.024s)
GlobalTracer.printPidInfo_Info: [4.298] elevatorPidController: Target=   8.0, Input=  31.6, Error= -23.6, PIDTerms=-4.721/-0.003/ 0.000/ 0.000, Output=-1.000(-1.000/1.000), Volt=12.2(9.6)
GlobalTracer.startCompetition_Warn: AUTO_MODE.runPeriodic takes too long (0.027s)
GlobalTracer.startCompetition_Warn: AUTO_MODE.updates takes too long (0.050s)
GlobalTracer.startCompetition_Warn: AUTO_MODE takes too long (0.108s)
GlobalTracer.printPidInfo_Info: [4.406] elevatorPidController: Target=   8.0, Input=  24.0, Error= -16.0, PIDTerms=-3.191/-0.005/ 0.000/ 0.000, Output=-1.000(-1.000/1.000), Volt=12.2(9.6)
GlobalTracer.startCompetition_Warn: AUTO_MODE.updates takes too long (0.051s)
GlobalTracer.printPidInfo_Info: [4.505] elevatorPidController: Target=   8.0, Input=  17.2, Error=  -9.2, PIDTerms=-1.850/-0.006/ 0.000/ 0.000, Output=-1.000(-1.000/1.000), Volt=12.2(9.6)
GlobalTracer.startCompetition_Warn: AUTO_MODE.runPeriodic takes too long (0.027s)
GlobalTracer.startCompetition_Warn: AUTO_MODE.updates takes too long (0.048s)
GlobalTracer.printPidInfo_Info: [4.593] elevatorPidController: Target=   8.0, Input=  11.9, Error=  -3.9, PIDTerms=-0.771/-0.006/ 0.000/ 0.000, Output=-0.777(-1.000/1.000), Volt=12.7(9.6)
GlobalTracer.startCompetition_Warn: AUTO_MODE.runPeriodic takes too long (0.050s)
GlobalTracer.startCompetition_Warn: AUTO_MODE.updates takes too long (0.023s)
GlobalTracer.printPidInfo_Info: [4.690] elevatorPidController: Target=   8.0, Input=   3.3, Error=   4.7, PIDTerms= 0.933/-0.006/ 0.000/ 0.000, Output= 0.927(-1.000/1.000), Volt=11.6(9.6)
GlobalTracer.startCompetition_Warn: AUTO_MODE.runPeriodic takes too long (0.024s)
GlobalTracer.startCompetition_Warn: AUTO_MODE.updates takes too long (0.052s)
GlobalTracer.startCompetition_Warn: AUTO_MODE takes too long (0.113s)
GlobalTracer.startCompetition_Warn: AUTO_MODE.preContinuousTasks takes too long (0.022s)
GlobalTracer.printPidInfo_Info: [4.804] elevatorPidController: Target=   8.0, Input=   8.8, Error=  -0.8, PIDTerms=-0.155/-0.006/-0.000/ 0.000, Output=-0.160(-1.000/1.000), Volt=12.4(9.6)
GlobalTracer.startCompetition_Warn: AUTO_MODE.updates takes too long (0.051s)
GlobalTracer.startCompetition_Warn: AUTO_MODE.preContinuousTasks takes too long (0.022s)
GlobalTracer.printPidInfo_Info: [4.903] elevatorPidController: Target=   8.0, Input=   7.9, Error=   0.1, PIDTerms= 0.026/-0.006/ 0.000/ 0.000, Output= 0.020(-1.000/1.000), Volt=12.4(9.6)
GlobalTracer.startCompetition_Warn: AUTO_MODE.runPeriodic takes too long (0.021s)
GlobalTracer.startCompetition_Warn: AUTO_MODE.updates takes too long (0.054s)
GlobalTracer.startCompetition_Warn: AUTO_MODE takes too long (0.106s)
GlobalTracer.printPidInfo_Info: [5.010] elevatorPidController: Target=   8.0, Input=   7.4, Error=   0.6, PIDTerms= 0.115/-0.006/ 0.000/ 0.000, Output= 0.109(-1.000/1.000), Volt=12.4(9.6)
GlobalTracer.startCompetition_Warn: AUTO_MODE.runPeriodic takes too long (0.033s)
GlobalTracer.startCompetition_Warn: AUTO_MODE.updates takes too long (0.046s)
GlobalTracer.startCompetition_Warn: AUTO_MODE takes too long (0.108s)
GlobalTracer.startCompetition_Warn: AUTO_MODE.preContinuousTasks takes too long (0.023s)
GlobalTracer.printPidInfo_Info: [5.120] elevatorPidController: Target=   8.0, Input=   7.4, Error=   0.6, PIDTerms= 0.123/-0.006/ 0.000/ 0.000, Output= 0.118(-1.000/1.000), Volt=12.4(9.6)
GlobalTracer.startCompetition_Warn: AUTO_MODE.runPeriodic takes too long (0.028s)
GlobalTracer.startCompetition_Warn: AUTO_MODE.updates takes too long (0.062s)
GlobalTracer.startCompetition_Warn: AUTO_MODE takes too long (0.127s)
GlobalTracer.printPidInfo_Info: [5.249] elevatorPidController: Target=   8.0, Input=   7.4, Error=   0.6, PIDTerms= 0.122/-0.006/-0.000/ 0.000, Output= 0.116(-1.000/1.000), Volt=12.4(9.6)
GlobalTracer.startCompetition_Warn: AUTO_MODE.runPeriodic takes too long (0.029s)
GlobalTracer.startCompetition_Warn: AUTO_MODE.updates takes too long (0.045s)
GlobalTracer.startCompetition_Warn: AUTO_MODE takes too long (0.109s)
GlobalTracer.startCompetition_Warn: AUTO_MODE.preContinuousTasks takes too long (0.023s)
GlobalTracer.printPidInfo_Info: [5.363] elevatorPidController: Target=   8.0, Input=   7.4, Error=   0.6, PIDTerms= 0.120/-0.005/-0.000/ 0.000, Output= 0.115(-1.000/1.000), Volt=12.4(9.6)
GlobalTracer.startCompetition_Warn: AUTO_MODE.runPeriodic takes too long (0.035s)
GlobalTracer.startCompetition_Warn: AUTO_MODE.updates takes too long (0.059s)
GlobalTracer.startCompetition_Warn: AUTO_MODE takes too long (0.136s)
GlobalTracer.startCompetition_Warn: AUTO_MODE.preContinuousTasks takes too long (0.020s)
GlobalTracer.printPidInfo_Info: [5.499] elevatorPidController: Target=   8.0, Input=   7.4, Error=   0.6, PIDTerms= 0.120/-0.005/ 0.000/ 0.000, Output= 0.115(-1.000/1.000), Volt=12.4(9.6)
GlobalTracer.startCompetition_Warn: AUTO_MODE.runPeriodic takes too long (0.028s)
GlobalTracer.startCompetition_Warn: AUTO_MODE.updates takes too long (0.060s)
GlobalTracer.startCompetition_Warn: AUTO_MODE takes too long (0.124s)
GlobalTracer.startCompetition_Warn: AUTO_MODE.preContinuousTasks takes too long (0.020s)
GlobalTracer.printPidInfo_Info: [5.624] elevatorPidController: Target=   8.0, Input=   7.4, Error=   0.6, PIDTerms= 0.120/-0.005/ 0.000/ 0.000, Output= 0.115(-1.000/1.000), Volt=12.4(9.6)
GlobalTracer.startCompetition_Warn: AUTO_MODE.runPeriodic takes too long (0.041s)
GlobalTracer.startCompetition_Warn: AUTO_MODE.updates takes too long (0.061s)
GlobalTracer.startCompetition_Warn: AUTO_MODE takes too long (0.134s)
GlobalTracer.printPidInfo_Info: [5.762] elevatorPidController: Target=   8.0, Input=   7.4, Error=   0.6, PIDTerms= 0.120/-0.005/ 0.000/ 0.000, Output= 0.115(-1.000/1.000), Volt=12.4(9.6)
GlobalTracer.startCompetition_Warn: AUTO_MODE.runPeriodic takes too long (0.035s)
GlobalTracer.startCompetition_Warn: AUTO_MODE.updates takes too long (0.061s)
GlobalTracer.startCompetition_Warn: AUTO_MODE takes too long (0.120s)
GlobalTracer.printPidInfo_Info: [5.882] elevatorPidController: Target=   8.0, Input=   7.4, Error=   0.6, PIDTerms= 0.120/-0.005/ 0.000/ 0.000, Output= 0.115(-1.000/1.000), Volt=12.4(9.6)
GlobalTracer.startCompetition_Warn: AUTO_MODE.updates takes too long (0.059s)
GlobalTracer.printPidInfo_Info: [5.984] elevatorPidController: Target=   8.0, Input=   7.4, Error=   0.6, PIDTerms= 0.120/-0.005/ 0.000/ 0.000, Output= 0.115(-1.000/1.000), Volt=12.4(9.6)
GlobalTracer.startCompetition_Warn: AUTO_MODE.runPeriodic takes too long (0.030s)
GlobalTracer.startCompetition_Warn: AUTO_MODE.updates takes too long (0.061s)
GlobalTracer.startCompetition_Warn: AUTO_MODE takes too long (0.119s)
GlobalTracer.printPidInfo_Info: [6.104] elevatorPidController: Target=   8.0, Input=   7.4, Error=   0.6, PIDTerms= 0.120/-0.005/ 0.000/ 0.000, Output= 0.115(-1.000/1.000), Volt=12.4(9.6)
GlobalTracer.startCompetition_Warn: AUTO_MODE.runPeriodic takes too long (0.042s)
GlobalTracer.startCompetition_Warn: AUTO_MODE.updates takes too long (0.061s)
GlobalTracer.startCompetition_Warn: AUTO_MODE takes too long (0.128s)
GlobalTracer.printPidInfo_Info: [6.234] elevatorPidController: Target=   8.0, Input=   7.4, Error=   0.6, PIDTerms= 0.120/-0.005/ 0.000/ 0.000, Output= 0.115(-1.000/1.000), Volt=12.4(9.6)
GlobalTracer.startCompetition_Warn: AUTO_MODE.updates takes too long (0.031s)
GlobalTracer.printPidInfo_Info: [6.300] elevatorPidController: Target=   8.0, Input=   7.4, Error=   0.6, PIDTerms= 0.120/-0.005/ 0.000/ 0.000, Output= 0.115(-1.000/1.000), Volt=12.4(9.6)
GlobalTracer.startCompetition_Warn: AUTO_MODE.runPeriodic takes too long (0.021s)
GlobalTracer.startCompetition_Warn: AUTO_MODE.updates takes too long (0.038s)
GlobalTracer.printPidInfo_Info: [6.380] elevatorPidController: Target=   8.0, Input=   7.4, Error=   0.6, PIDTerms= 0.120/-0.005/ 0.000/ 0.000, Output= 0.116(-1.000/1.000), Volt=12.5(9.6)
GlobalTracer.startCompetition_Warn: AUTO_MODE.updates takes too long (0.027s)
GlobalTracer.printPidInfo_Info: [6.441] elevatorPidController: Target=   8.0, Input=   7.4, Error=   0.6, PIDTerms= 0.120/-0.005/ 0.000/ 0.000, Output= 0.116(-1.000/1.000), Volt=12.5(9.6)
GlobalTracer.startCompetition_Warn: AUTO_MODE.runPeriodic takes too long (0.021s)
GlobalTracer.startCompetition_Warn: AUTO_MODE.updates takes too long (0.026s)
GlobalTracer.printPidInfo_Info: [6.508] elevatorPidController: Target=   8.0, Input=   7.4, Error=   0.6, PIDTerms= 0.120/-0.005/ 0.000/ 0.000, Output= 0.116(-1.000/1.000), Volt=12.4(9.6)
GlobalTracer.startCompetition_Warn: AUTO_MODE.updates takes too long (0.025s)
GlobalTracer.printPidInfo_Info: [6.564] elevatorPidController: Target=   8.0, Input=   7.4, Error=   0.6, PIDTerms= 0.120/-0.005/ 0.000/ 0.000, Output= 0.116(-1.000/1.000), Volt=12.5(9.6)
GlobalTracer.startCompetition_Warn: AUTO_MODE.updates takes too long (0.032s)
GlobalTracer.printPidInfo_Info: [6.632] elevatorPidController: Target=   8.0, Input=   7.4, Error=   0.6, PIDTerms= 0.120/-0.005/ 0.000/ 0.000, Output= 0.116(-1.000/1.000), Volt=12.4(9.6)
GlobalTracer.startCompetition_Warn: AUTO_MODE.updates takes too long (0.032s)
GlobalTracer.printPidInfo_Info: [6.704] elevatorPidController: Target=   8.0, Input=   7.4, Error=   0.6, PIDTerms= 0.120/-0.005/ 0.000/ 0.000, Output= 0.116(-1.000/1.000), Volt=12.4(9.6)
GlobalTracer.startCompetition_Warn: AUTO_MODE.updates takes too long (0.036s)
GlobalTracer.printPidInfo_Info: [6.774] elevatorPidController: Target=   8.0, Input=   7.4, Error=   0.6, PIDTerms= 0.120/-0.005/ 0.000/ 0.000, Output= 0.116(-1.000/1.000), Volt=12.4(9.6)
GlobalTracer.startCompetition_Warn: AUTO_MODE.updates takes too long (0.032s)
GlobalTracer.printPidInfo_Info: [6.830] elevatorPidController: Target=   8.0, Input=   7.4, Error=   0.6, PIDTerms= 0.120/-0.005/ 0.000/ 0.000, Output= 0.116(-1.000/1.000), Volt=12.4(9.6)
GlobalTracer.startCompetition_Warn: AUTO_MODE.updates takes too long (0.028s)
GlobalTracer.printPidInfo_Info: [6.898] elevatorPidController: Target=   8.0, Input=   7.4, Error=   0.6, PIDTerms= 0.120/-0.005/ 0.000/ 0.000, Output= 0.116(-1.000/1.000), Volt=12.4(9.6)
GlobalTracer.startCompetition_Warn: AUTO_MODE.updates takes too long (0.026s)
GlobalTracer.printPidInfo_Info: [6.952] elevatorPidController: Target=   8.0, Input=   7.4, Error=   0.6, PIDTerms= 0.120/-0.004/ 0.000/ 0.000, Output= 0.116(-1.000/1.000), Volt=12.4(9.6)
GlobalTracer.startCompetition_Warn: AUTO_MODE.updates takes too long (0.025s)
GlobalTracer.printPidInfo_Info: [6.997] elevatorPidController: Target=   8.0, Input=   7.4, Error=   0.6, PIDTerms= 0.120/-0.004/ 0.000/ 0.000, Output= 0.116(-1.000/1.000), Volt=12.4(9.6)
GlobalTracer.startCompetition_Warn: AUTO_MODE.updates takes too long (0.038s)
GlobalTracer.printPidInfo_Info: [7.067] elevatorPidController: Target=   8.0, Input=   7.4, Error=   0.6, PIDTerms= 0.120/-0.004/ 0.000/ 0.000, Output= 0.116(-1.000/1.000), Volt=12.4(9.6)
GlobalTracer.startCompetition_Warn: AUTO_MODE.updates takes too long (0.027s)
GlobalTracer.printPidInfo_Info: [7.130] elevatorPidController: Target=   8.0, Input=   7.4, Error=   0.6, PIDTerms= 0.120/-0.004/ 0.000/ 0.000, Output= 0.116(-1.000/1.000), Volt=12.5(9.6)
GlobalTracer.startCompetition_Warn: AUTO_MODE.runPeriodic takes too long (0.023s)
GlobalTracer.startCompetition_Warn: AUTO_MODE.updates takes too long (0.037s)
GlobalTracer.printPidInfo_Info: [7.211] elevatorPidController: Target=   8.0, Input=   7.4, Error=   0.6, PIDTerms= 0.120/-0.004/ 0.000/ 0.000, Output= 0.116(-1.000/1.000), Volt=12.5(9.6)
GlobalTracer.startCompetition_Warn: AUTO_MODE.runPeriodic takes too long (0.022s)
GlobalTracer.startCompetition_Warn: AUTO_MODE.updates takes too long (0.028s)
GlobalTracer.printPidInfo_Info: [7.282] elevatorPidController: Target=   8.0, Input=   7.4, Error=   0.6, PIDTerms= 0.120/-0.004/ 0.000/ 0.000, Output= 0.116(-1.000/1.000), Volt=12.4(9.6)
GlobalTracer.startCompetition_Warn: AUTO_MODE.runPeriodic takes too long (0.024s)
GlobalTracer.startCompetition_Warn: AUTO_MODE.updates takes too long (0.032s)
GlobalTracer.printPidInfo_Info: [7.353] elevatorPidController: Target=   8.0, Input=   7.4, Error=   0.6, PIDTerms= 0.120/-0.004/ 0.000/ 0.000, Output= 0.116(-1.000/1.000), Volt=12.5(9.6)
GlobalTracer.startCompetition_Warn: AUTO_MODE.runPeriodic takes too long (0.028s)
GlobalTracer.startCompetition_Warn: AUTO_MODE.updates takes too long (0.027s)
GlobalTracer.printPidInfo_Info: [7.437] elevatorPidController: Target=   8.0, Input=   7.4, Error=   0.6, PIDTerms= 0.120/-0.004/ 0.000/ 0.000, Output= 0.116(-1.000/1.000), Volt=12.4(9.6)
GlobalTracer.startCompetition_Warn: AUTO_MODE.updates takes too long (0.021s)
GlobalTracer.printPidInfo_Info: [7.492] elevatorPidController: Target=   8.0, Input=   7.4, Error=   0.6, PIDTerms= 0.120/-0.004/ 0.000/ 0.000, Output= 0.116(-1.000/1.000), Volt=12.5(9.6)
GlobalTracer.startCompetition_Warn: AUTO_MODE.runPeriodic takes too long (0.024s)
GlobalTracer.startCompetition_Warn: AUTO_MODE.updates takes too long (0.040s)
GlobalTracer.startCompetition_Warn: AUTO_MODE.preContinuousTasks takes too long (0.020s)
GlobalTracer.printPidInfo_Info: [7.581] elevatorPidController: Target=   8.0, Input=   7.4, Error=   0.6, PIDTerms= 0.120/-0.004/ 0.000/ 0.000, Output= 0.116(-1.000/1.000), Volt=12.5(9.6)
GlobalTracer.startCompetition_Warn: AUTO_MODE.runPeriodic takes too long (0.026s)
GlobalTracer.startCompetition_Warn: AUTO_MODE.updates takes too long (0.080s)
GlobalTracer.startCompetition_Warn: AUTO_MODE takes too long (0.133s)
GlobalTracer.printPidInfo_Info: [7.715] elevatorPidController: Target=   8.0, Input=   7.4, Error=   0.6, PIDTerms= 0.120/-0.004/ 0.000/ 0.000, Output= 0.116(-1.000/1.000), Volt=12.4(9.6)
GlobalTracer.startCompetition_Warn: AUTO_MODE.runPeriodic takes too long (0.026s)
GlobalTracer.startCompetition_Warn: AUTO_MODE.updates takes too long (0.052s)
GlobalTracer.printPidInfo_Info: [7.813] elevatorPidController: Target=   8.0, Input=   7.4, Error=   0.6, PIDTerms= 0.120/-0.004/ 0.000/ 0.000, Output= 0.116(-1.000/1.000), Volt=12.4(9.6)
GlobalTracer.startCompetition_Warn: AUTO_MODE.updates takes too long (0.032s)
GlobalTracer.printPidInfo_Info: [7.878] elevatorPidController: Target=   8.0, Input=   7.4, Error=   0.6, PIDTerms= 0.120/-0.004/ 0.000/ 0.000, Output= 0.116(-1.000/1.000), Volt=12.4(9.6)
GlobalTracer.startCompetition_Warn: AUTO_MODE.runPeriodic takes too long (0.023s)
GlobalTracer.startCompetition_Warn: AUTO_MODE.updates takes too long (0.025s)
GlobalTracer.printPidInfo_Info: [7.937] elevatorPidController: Target=   8.0, Input=   7.4, Error=   0.6, PIDTerms= 0.120/-0.004/ 0.000/ 0.000, Output= 0.116(-1.000/1.000), Volt=12.4(9.6)
GlobalTracer.startCompetition_Warn: AUTO_MODE.updates takes too long (0.035s)
GlobalTracer.printPidInfo_Info: [8.013] elevatorPidController: Target=   8.0, Input=   7.4, Error=   0.6, PIDTerms= 0.120/-0.004/ 0.000/ 0.000, Output= 0.117(-1.000/1.000), Volt=12.4(9.6)
GlobalTracer.startCompetition_Warn: AUTO_MODE.updates takes too long (0.031s)
GlobalTracer.printPidInfo_Info: [8.084] elevatorPidController: Target=   8.0, Input=   7.4, Error=   0.6, PIDTerms= 0.120/-0.004/ 0.000/ 0.000, Output= 0.117(-1.000/1.000), Volt=12.4(9.6)
GlobalTracer.startCompetition_Warn: AUTO_MODE.runPeriodic takes too long (0.022s)
GlobalTracer.startCompetition_Warn: AUTO_MODE.updates takes too long (0.026s)
GlobalTracer.printPidInfo_Info: [8.157] elevatorPidController: Target=   8.0, Input=   7.4, Error=   0.6, PIDTerms= 0.120/-0.004/ 0.000/ 0.000, Output= 0.117(-1.000/1.000), Volt=12.4(9.6)
GlobalTracer.startCompetition_Warn: AUTO_MODE.runPeriodic takes too long (0.021s)
GlobalTracer.startCompetition_Warn: AUTO_MODE.updates takes too long (0.031s)
GlobalTracer.printPidInfo_Info: [8.235] elevatorPidController: Target=   8.0, Input=   7.4, Error=   0.6, PIDTerms= 0.120/-0.004/ 0.000/ 0.000, Output= 0.117(-1.000/1.000), Volt=12.5(9.6)
GlobalTracer.startCompetition_Warn: AUTO_MODE.runPeriodic takes too long (0.022s)
GlobalTracer.startCompetition_Warn: AUTO_MODE.updates takes too long (0.032s)
GlobalTracer.printPidInfo_Info: [8.307] elevatorPidController: Target=   8.0, Input=   7.4, Error=   0.6, PIDTerms= 0.120/-0.004/ 0.000/ 0.000, Output= 0.117(-1.000/1.000), Volt=12.4(9.6)
GlobalTracer.startCompetition_Warn: AUTO_MODE.updates takes too long (0.037s)
GlobalTracer.printPidInfo_Info: [8.378] elevatorPidController: Target=   8.0, Input=   7.4, Error=   0.6, PIDTerms= 0.120/-0.004/ 0.000/ 0.000, Output= 0.117(-1.000/1.000), Volt=12.4(9.6)
GlobalTracer.startCompetition_Warn: AUTO_MODE.updates takes too long (0.029s)
GlobalTracer.printPidInfo_Info: [8.433] elevatorPidController: Target=   8.0, Input=   7.4, Error=   0.6, PIDTerms= 0.120/-0.004/ 0.000/ 0.000, Output= 0.117(-1.000/1.000), Volt=12.5(9.6)
GlobalTracer.startCompetition_Warn: AUTO_MODE.updates takes too long (0.027s)
GlobalTracer.printPidInfo_Info: [8.501] elevatorPidController: Target=   8.0, Input=   7.4, Error=   0.6, PIDTerms= 0.120/-0.004/ 0.000/ 0.000, Output= 0.117(-1.000/1.000), Volt=12.5(9.6)
GlobalTracer.startCompetition_Warn: AUTO_MODE.updates takes too long (0.037s)
GlobalTracer.printPidInfo_Info: [8.575] elevatorPidController: Target=   8.0, Input=   7.4, Error=   0.6, PIDTerms= 0.120/-0.004/ 0.000/ 0.000, Output= 0.117(-1.000/1.000), Volt=12.4(9.6)
GlobalTracer.startCompetition_Warn: AUTO_MODE.updates takes too long (0.027s)
GlobalTracer.printPidInfo_Info: [8.628] elevatorPidController: Target=   8.0, Input=   7.4, Error=   0.6, PIDTerms= 0.120/-0.003/ 0.000/ 0.000, Output= 0.117(-1.000/1.000), Volt=12.5(9.6)
GlobalTracer.startCompetition_Warn: AUTO_MODE.updates takes too long (0.036s)
GlobalTracer.printPidInfo_Info: [8.701] elevatorPidController: Target=   8.0, Input=   7.4, Error=   0.6, PIDTerms= 0.120/-0.003/ 0.000/ 0.000, Output= 0.117(-1.000/1.000), Volt=12.5(9.6)
GlobalTracer.startCompetition_Warn: AUTO_MODE.runPeriodic takes too long (0.021s)
GlobalTracer.startCompetition_Warn: AUTO_MODE.updates takes too long (0.026s)
GlobalTracer.printPidInfo_Info: [8.765] elevatorPidController: Target=   8.0, Input=   7.4, Error=   0.6, PIDTerms= 0.120/-0.003/ 0.000/ 0.000, Output= 0.117(-1.000/1.000), Volt=12.4(9.6)
GlobalTracer.startCompetition_Warn: AUTO_MODE.updates takes too long (0.032s)
GlobalTracer.printPidInfo_Info: [8.830] elevatorPidController: Target=   8.0, Input=   7.4, Error=   0.6, PIDTerms= 0.120/-0.003/ 0.000/ 0.000, Output= 0.117(-1.000/1.000), Volt=12.4(9.6)
GlobalTracer.startCompetition_Warn: AUTO_MODE.updates takes too long (0.028s)
GlobalTracer.printPidInfo_Info: [8.894] elevatorPidController: Target=   8.0, Input=   7.4, Error=   0.6, PIDTerms= 0.120/-0.003/ 0.000/ 0.000, Output= 0.117(-1.000/1.000), Volt=12.5(9.6)
GlobalTracer.startCompetition_Warn: AUTO_MODE.updates takes too long (0.045s)
GlobalTracer.printPidInfo_Info: [8.984] elevatorPidController: Target=   8.0, Input=   7.4, Error=   0.6, PIDTerms= 0.120/-0.003/ 0.000/ 0.000, Output= 0.117(-1.000/1.000), Volt=12.4(9.6)
GlobalTracer.startCompetition_Warn: AUTO_MODE.runPeriodic takes too long (0.021s)
GlobalTracer.startCompetition_Warn: AUTO_MODE.updates takes too long (0.024s)
GlobalTracer.printPidInfo_Info: [9.040] elevatorPidController: Target=   8.0, Input=   7.4, Error=   0.6, PIDTerms= 0.120/-0.003/ 0.000/ 0.000, Output= 0.117(-1.000/1.000), Volt=12.4(9.6)
GlobalTracer.startCompetition_Warn: AUTO_MODE.updates takes too long (0.025s)
GlobalTracer.printPidInfo_Info: [9.101] elevatorPidController: Target=   8.0, Input=   7.4, Error=   0.6, PIDTerms= 0.120/-0.003/ 0.000/ 0.000, Output= 0.117(-1.000/1.000), Volt=12.4(9.6)
GlobalTracer.startCompetition_Warn: AUTO_MODE.updates takes too long (0.024s)
GlobalTracer.printPidInfo_Info: [9.160] elevatorPidController: Target=   8.0, Input=   7.4, Error=   0.6, PIDTerms= 0.120/-0.003/ 0.000/ 0.000, Output= 0.117(-1.000/1.000), Volt=12.4(9.6)
GlobalTracer.startCompetition_Warn: AUTO_MODE.updates takes too long (0.022s)
GlobalTracer.printPidInfo_Info: [9.223] elevatorPidController: Target=   8.0, Input=   7.4, Error=   0.6, PIDTerms= 0.120/-0.003/ 0.000/ 0.000, Output= 0.117(-1.000/1.000), Volt=12.4(9.6)
GlobalTracer.startCompetition_Warn: AUTO_MODE.updates takes too long (0.022s)
GlobalTracer.printPidInfo_Info: [9.275] elevatorPidController: Target=   8.0, Input=   7.4, Error=   0.6, PIDTerms= 0.120/-0.003/ 0.000/ 0.000, Output= 0.117(-1.000/1.000), Volt=12.5(9.6)
GlobalTracer.startCompetition_Warn: AUTO_MODE.updates takes too long (0.032s)
GlobalTracer.printPidInfo_Info: [9.350] elevatorPidController: Target=   8.0, Input=   7.4, Error=   0.6, PIDTerms= 0.120/-0.003/ 0.000/ 0.000, Output= 0.117(-1.000/1.000), Volt=12.4(9.6)
GlobalTracer.startCompetition_Warn: AUTO_MODE.updates takes too long (0.033s)
GlobalTracer.printPidInfo_Info: [9.419] elevatorPidController: Target=   8.0, Input=   7.4, Error=   0.6, PIDTerms= 0.120/-0.003/ 0.000/ 0.000, Output= 0.117(-1.000/1.000), Volt=12.5(9.6)
GlobalTracer.startCompetition_Warn: AUTO_MODE.updates takes too long (0.031s)
GlobalTracer.printPidInfo_Info: [9.487] elevatorPidController: Target=   8.0, Input=   7.4, Error=   0.6, PIDTerms= 0.120/-0.003/ 0.000/ 0.000, Output= 0.117(-1.000/1.000), Volt=12.5(9.6)
GlobalTracer.startCompetition_Warn: AUTO_MODE.runPeriodic takes too long (0.022s)
GlobalTracer.startCompetition_Warn: AUTO_MODE.updates takes too long (0.024s)
GlobalTracer.printPidInfo_Info: [9.553] elevatorPidController: Target=   8.0, Input=   7.4, Error=   0.6, PIDTerms= 0.120/-0.003/ 0.000/ 0.000, Output= 0.117(-1.000/1.000), Volt=12.4(9.6)
GlobalTracer.startCompetition_Warn: AUTO_MODE.updates takes too long (0.035s)
GlobalTracer.printPidInfo_Info: [9.620] elevatorPidController: Target=   8.0, Input=   7.4, Error=   0.6, PIDTerms= 0.120/-0.003/ 0.000/ 0.000, Output= 0.117(-1.000/1.000), Volt=12.4(9.6)
GlobalTracer.startCompetition_Warn: AUTO_MODE.updates takes too long (0.027s)
GlobalTracer.printPidInfo_Info: [9.676] elevatorPidController: Target=   8.0, Input=   7.4, Error=   0.6, PIDTerms= 0.120/-0.003/ 0.000/ 0.000, Output= 0.118(-1.000/1.000), Volt=12.5(9.6)
GlobalTracer.startCompetition_Warn: AUTO_MODE.updates takes too long (0.031s)
GlobalTracer.printPidInfo_Info: [9.746] elevatorPidController: Target=   8.0, Input=   7.4, Error=   0.6, PIDTerms= 0.120/-0.003/ 0.000/ 0.000, Output= 0.118(-1.000/1.000), Volt=12.4(9.6)
GlobalTracer.startCompetition_Warn: AUTO_MODE.runPeriodic takes too long (0.020s)
GlobalTracer.startCompetition_Warn: AUTO_MODE.updates takes too long (0.035s)
GlobalTracer.printPidInfo_Info: [9.822] elevatorPidController: Target=   8.0, Input=   7.4, Error=   0.6, PIDTerms= 0.120/-0.003/ 0.000/ 0.000, Output= 0.118(-1.000/1.000), Volt=12.4(9.6)
GlobalTracer.startCompetition_Warn: AUTO_MODE.runPeriodic takes too long (0.024s)
GlobalTracer.startCompetition_Warn: AUTO_MODE.updates takes too long (0.021s)
GlobalTracer.printPidInfo_Info: [9.890] elevatorPidController: Target=   8.0, Input=   7.4, Error=   0.6, PIDTerms= 0.120/-0.003/ 0.000/ 0.000, Output= 0.118(-1.000/1.000), Volt=12.4(9.6)
GlobalTracer.startCompetition_Warn: AUTO_MODE.updates takes too long (0.027s)
GlobalTracer.printPidInfo_Info: [9.960] elevatorPidController: Target=   8.0, Input=   7.4, Error=   0.6, PIDTerms= 0.120/-0.003/ 0.000/ 0.000, Output= 0.118(-1.000/1.000), Volt=12.4(9.6)
GlobalTracer.startCompetition_Warn: AUTO_MODE.updates takes too long (0.024s)
GlobalTracer.printPidInfo_Info: [10.020] elevatorPidController: Target=   8.0, Input=   7.4, Error=   0.6, PIDTerms= 0.120/-0.003/ 0.000/ 0.000, Output= 0.118(-1.000/1.000), Volt=12.4(9.6)
GlobalTracer.startCompetition_Warn: AUTO_MODE.updates takes too long (0.020s)
GlobalTracer.printPidInfo_Info: [10.066] elevatorPidController: Target=   8.0, Input=   7.4, Error=   0.6, PIDTerms= 0.120/-0.003/ 0.000/ 0.000, Output= 0.118(-1.000/1.000), Volt=12.4(9.6)
GlobalTracer.startCompetition_Warn: AUTO_MODE.updates takes too long (0.034s)
GlobalTracer.printPidInfo_Info: [10.114] elevatorPidController: Target=   8.0, Input=   7.4, Error=   0.6, PIDTerms= 0.120/-0.003/ 0.000/ 0.000, Output= 0.118(-1.000/1.000), Volt=12.4(9.6)
GlobalTracer.startCompetition_Warn: AUTO_MODE.runPeriodic takes too long (0.020s)
GlobalTracer.startCompetition_Warn: AUTO_MODE.updates takes too long (0.027s)
GlobalTracer.printPidInfo_Info: [10.199] elevatorPidController: Target=   8.0, Input=   7.4, Error=   0.6, PIDTerms= 0.120/-0.003/ 0.000/ 0.000, Output= 0.118(-1.000/1.000), Volt=12.5(9.6)
GlobalTracer.startCompetition_Warn: AUTO_MODE.runPeriodic takes too long (0.021s)
GlobalTracer.startCompetition_Warn: AUTO_MODE.updates takes too long (0.034s)
GlobalTracer.printPidInfo_Info: [10.277] elevatorPidController: Target=   8.0, Input=   7.4, Error=   0.6, PIDTerms= 0.120/-0.002/ 0.000/ 0.000, Output= 0.118(-1.000/1.000), Volt=12.5(9.6)
GlobalTracer.startCompetition_Warn: AUTO_MODE.updates takes too long (0.036s)
GlobalTracer.printPidInfo_Info: [10.355] elevatorPidController: Target=   8.0, Input=   7.4, Error=   0.6, PIDTerms= 0.120/-0.002/ 0.000/ 0.000, Output= 0.118(-1.000/1.000), Volt=12.4(9.6)
GlobalTracer.startCompetition_Warn: AUTO_MODE.updates takes too long (0.028s)
GlobalTracer.printPidInfo_Info: [10.416] elevatorPidController: Target=   8.0, Input=   7.4, Error=   0.6, PIDTerms= 0.120/-0.002/ 0.000/ 0.000, Output= 0.118(-1.000/1.000), Volt=12.5(9.6)
GlobalTracer.startCompetition_Warn: AUTO_MODE.updates takes too long (0.029s)
GlobalTracer.printPidInfo_Info: [10.481] elevatorPidController: Target=   8.0, Input=   7.4, Error=   0.6, PIDTerms= 0.120/-0.002/ 0.000/ 0.000, Output= 0.118(-1.000/1.000), Volt=12.5(9.6)
GlobalTracer.startCompetition_Warn: AUTO_MODE.runPeriodic takes too long (0.020s)
GlobalTracer.startCompetition_Warn: AUTO_MODE.updates takes too long (0.022s)
GlobalTracer.printPidInfo_Info: [10.541] elevatorPidController: Target=   8.0, Input=   7.4, Error=   0.6, PIDTerms= 0.120/-0.002/ 0.000/ 0.000, Output= 0.118(-1.000/1.000), Volt=12.4(9.6)
GlobalTracer.startCompetition_Warn: AUTO_MODE.updates takes too long (0.031s)
GlobalTracer.printPidInfo_Info: [10.606] elevatorPidController: Target=   8.0, Input=   7.4, Error=   0.6, PIDTerms= 0.120/-0.002/ 0.000/ 0.000, Output= 0.118(-1.000/1.000), Volt=12.4(9.6)
GlobalTracer.startCompetition_Warn: AUTO_MODE.updates takes too long (0.027s)
GlobalTracer.printPidInfo_Info: [10.667] elevatorPidController: Target=   8.0, Input=   7.4, Error=   0.6, PIDTerms= 0.120/-0.002/ 0.000/ 0.000, Output= 0.118(-1.000/1.000), Volt=12.4(9.6)
GlobalTracer.startCompetition_Warn: AUTO_MODE.runPeriodic takes too long (0.021s)
GlobalTracer.startCompetition_Warn: AUTO_MODE.updates takes too long (0.040s)
GlobalTracer.printPidInfo_Info: [10.752] elevatorPidController: Target=   8.0, Input=   7.4, Error=   0.6, PIDTerms= 0.120/-0.002/ 0.000/ 0.000, Output= 0.118(-1.000/1.000), Volt=12.4(9.6)
GlobalTracer.startCompetition_Warn: AUTO_MODE.updates takes too long (0.028s)
GlobalTracer.printPidInfo_Info: [10.821] elevatorPidController: Target=   8.0, Input=   7.4, Error=   0.6, PIDTerms= 0.120/-0.002/ 0.000/ 0.000, Output= 0.118(-1.000/1.000), Volt=12.4(9.6)
GlobalTracer.startCompetition_Warn: AUTO_MODE.updates takes too long (0.029s)
GlobalTracer.printPidInfo_Info: [10.889] elevatorPidController: Target=   8.0, Input=   7.4, Error=   0.6, PIDTerms= 0.120/-0.002/ 0.000/ 0.000, Output= 0.118(-1.000/1.000), Volt=12.4(9.6)
GlobalTracer.startCompetition_Warn: AUTO_MODE.updates takes too long (0.026s)
GlobalTracer.printPidInfo_Info: [10.946] elevatorPidController: Target=   8.0, Input=   7.4, Error=   0.6, PIDTerms= 0.120/-0.002/ 0.000/ 0.000, Output= 0.118(-1.000/1.000), Volt=12.4(9.6)
GlobalTracer.startCompetition_Warn: AUTO_MODE.updates takes too long (0.024s)
GlobalTracer.printPidInfo_Info: [11.001] elevatorPidController: Target=   8.0, Input=   7.4, Error=   0.6, PIDTerms= 0.120/-0.002/ 0.000/ 0.000, Output= 0.118(-1.000/1.000), Volt=12.4(9.6)
GlobalTracer.startCompetition_Warn: AUTO_MODE.updates takes too long (0.041s)
GlobalTracer.printPidInfo_Info: [11.084] elevatorPidController: Target=   8.0, Input=   7.4, Error=   0.6, PIDTerms= 0.120/-0.002/ 0.000/ 0.000, Output= 0.118(-1.000/1.000), Volt=12.4(9.6)
GlobalTracer.startCompetition_Warn: AUTO_MODE.updates takes too long (0.032s)
GlobalTracer.printPidInfo_Info: [11.148] elevatorPidController: Target=   8.0, Input=   7.4, Error=   0.6, PIDTerms= 0.120/-0.002/ 0.000/ 0.000, Output= 0.118(-1.000/1.000), Volt=12.4(9.6)
GlobalTracer.startCompetition_Warn: AUTO_MODE.updates takes too long (0.032s)
GlobalTracer.printPidInfo_Info: [11.224] elevatorPidController: Target=   8.0, Input=   7.4, Error=   0.6, PIDTerms= 0.120/-0.002/ 0.000/ 0.000, Output= 0.118(-1.000/1.000), Volt=12.4(9.6)
GlobalTracer.startCompetition_Warn: AUTO_MODE.updates takes too long (0.026s)
GlobalTracer.printPidInfo_Info: [11.274] elevatorPidController: Target=   8.0, Input=   7.4, Error=   0.6, PIDTerms= 0.120/-0.002/ 0.000/ 0.000, Output= 0.118(-1.000/1.000), Volt=12.5(9.6)
GlobalTracer.startCompetition_Warn: AUTO_MODE.updates takes too long (0.046s)
GlobalTracer.printPidInfo_Info: [11.354] elevatorPidController: Target=   8.0, Input=   7.4, Error=   0.6, PIDTerms= 0.120/-0.002/ 0.000/ 0.000, Output= 0.119(-1.000/1.000), Volt=12.4(9.6)
GlobalTracer.printPidInfo_Info: [11.405] elevatorPidController: Target=   8.0, Input=   7.4, Error=   0.6, PIDTerms= 0.120/-0.002/ 0.000/ 0.000, Output= 0.119(-1.000/1.000), Volt=12.5(9.6)
GlobalTracer.startCompetition_Warn: AUTO_MODE.runPeriodic takes too long (0.020s)
GlobalTracer.startCompetition_Warn: AUTO_MODE.updates takes too long (0.027s)
GlobalTracer.printPidInfo_Info: [11.476] elevatorPidController: Target=   8.0, Input=   7.4, Error=   0.6, PIDTerms= 0.120/-0.002/ 0.000/ 0.000, Output= 0.119(-1.000/1.000), Volt=12.5(9.6)
GlobalTracer.printPidInfo_Info: [11.524] elevatorPidController: Target=   8.0, Input=   7.4, Error=   0.6, PIDTerms= 0.120/-0.002/ 0.000/ 0.000, Output= 0.119(-1.000/1.000), Volt=12.5(9.6)
GlobalTracer.startCompetition_Warn: AUTO_MODE.updates takes too long (0.025s)
GlobalTracer.printPidInfo_Info: [11.590] elevatorPidController: Target=   8.0, Input=   7.4, Error=   0.6, PIDTerms= 0.120/-0.002/ 0.000/ 0.000, Output= 0.119(-1.000/1.000), Volt=12.4(9.6)
GlobalTracer.startCompetition_Warn: AUTO_MODE.runPeriodic takes too long (0.027s)
GlobalTracer.startCompetition_Warn: AUTO_MODE.updates takes too long (0.030s)
GlobalTracer.printPidInfo_Info: [11.665] elevatorPidController: Target=   8.0, Input=   7.4, Error=   0.6, PIDTerms= 0.120/-0.002/ 0.000/ 0.000, Output= 0.119(-1.000/1.000), Volt=12.5(9.6)
GlobalTracer.startCompetition_Warn: AUTO_MODE.updates takes too long (0.034s)
GlobalTracer.printPidInfo_Info: [11.740] elevatorPidController: Target=   8.0, Input=   7.4, Error=   0.6, PIDTerms= 0.120/-0.002/ 0.000/ 0.000, Output= 0.119(-1.000/1.000), Volt=12.4(9.6)
GlobalTracer.startCompetition_Warn: AUTO_MODE.updates takes too long (0.031s)
GlobalTracer.printPidInfo_Info: [11.815] elevatorPidController: Target=   8.0, Input=   7.4, Error=   0.6, PIDTerms= 0.120/-0.002/ 0.000/ 0.000, Output= 0.119(-1.000/1.000), Volt=12.4(9.6)
GlobalTracer.startCompetition_Warn: AUTO_MODE.updates takes too long (0.037s)
GlobalTracer.printPidInfo_Info: [11.895] elevatorPidController: Target=   8.0, Input=   7.4, Error=   0.6, PIDTerms= 0.120/-0.002/ 0.000/ 0.000, Output= 0.119(-1.000/1.000), Volt=12.4(9.6)
GlobalTracer.startCompetition_Warn: AUTO_MODE.updates takes too long (0.029s)
GlobalTracer.printPidInfo_Info: [11.966] elevatorPidController: Target=   8.0, Input=   7.4, Error=   0.6, PIDTerms= 0.120/-0.001/ 0.000/ 0.000, Output= 0.119(-1.000/1.000), Volt=12.4(9.6)
GlobalTracer.startCompetition_Warn: AUTO_MODE.updates takes too long (0.039s)
GlobalTracer.printPidInfo_Info: [12.038] elevatorPidController: Target=   8.0, Input=   7.4, Error=   0.6, PIDTerms= 0.120/-0.001/ 0.000/ 0.000, Output= 0.119(-1.000/1.000), Volt=12.4(9.6)
GlobalTracer.startCompetition_Warn: AUTO_MODE.updates takes too long (0.028s)
GlobalTracer.printPidInfo_Info: [12.100] elevatorPidController: Target=   8.0, Input=   7.4, Error=   0.6, PIDTerms= 0.120/-0.001/ 0.000/ 0.000, Output= 0.119(-1.000/1.000), Volt=12.5(9.6)
GlobalTracer.startCompetition_Warn: AUTO_MODE.updates takes too long (0.025s)
GlobalTracer.printPidInfo_Info: [12.156] elevatorPidController: Target=   8.0, Input=   7.4, Error=   0.6, PIDTerms= 0.120/-0.001/ 0.000/ 0.000, Output= 0.119(-1.000/1.000), Volt=12.4(9.6)
GlobalTracer.printPidInfo_Info: [12.210] elevatorPidController: Target=   8.0, Input=   7.4, Error=   0.6, PIDTerms= 0.120/-0.001/ 0.000/ 0.000, Output= 0.119(-1.000/1.000), Volt=12.4(9.6)
GlobalTracer.startCompetition_Warn: AUTO_MODE.updates takes too long (0.030s)
GlobalTracer.printPidInfo_Info: [12.266] elevatorPidController: Target=   8.0, Input=   7.4, Error=   0.6, PIDTerms= 0.120/-0.001/ 0.000/ 0.000, Output= 0.119(-1.000/1.000), Volt=12.5(9.6)
GlobalTracer.startCompetition_Warn: AUTO_MODE.updates takes too long (0.036s)
GlobalTracer.printPidInfo_Info: [12.340] elevatorPidController: Target=   8.0, Input=   7.4, Error=   0.6, PIDTerms= 0.120/-0.001/ 0.000/ 0.000, Output= 0.119(-1.000/1.000), Volt=12.5(9.6)
GlobalTracer.startCompetition_Warn: AUTO_MODE.updates takes too long (0.031s)
GlobalTracer.printPidInfo_Info: [12.411] elevatorPidController: Target=   8.0, Input=   7.4, Error=   0.6, PIDTerms= 0.120/-0.001/ 0.000/ 0.000, Output= 0.119(-1.000/1.000), Volt=12.5(9.6)
GlobalTracer.startCompetition_Warn: AUTO_MODE.updates takes too long (0.038s)
GlobalTracer.printPidInfo_Info: [12.482] elevatorPidController: Target=   8.0, Input=   7.4, Error=   0.6, PIDTerms= 0.120/-0.001/ 0.000/ 0.000, Output= 0.119(-1.000/1.000), Volt=12.5(9.6)
GlobalTracer.startCompetition_Warn: AUTO_MODE.updates takes too long (0.031s)
GlobalTracer.printPidInfo_Info: [12.539] elevatorPidController: Target=   8.0, Input=   7.4, Error=   0.6, PIDTerms= 0.120/-0.001/ 0.000/ 0.000, Output= 0.119(-1.000/1.000), Volt=12.5(9.6)
GlobalTracer.startCompetition_Warn: AUTO_MODE.updates takes too long (0.030s)
GlobalTracer.printPidInfo_Info: [12.607] elevatorPidController: Target=   8.0, Input=   7.4, Error=   0.6, PIDTerms= 0.120/-0.001/ 0.000/ 0.000, Output= 0.119(-1.000/1.000), Volt=12.5(9.6)
GlobalTracer.startCompetition_Warn: AUTO_MODE.updates takes too long (0.031s)
GlobalTracer.printPidInfo_Info: [12.678] elevatorPidController: Target=   8.0, Input=   7.4, Error=   0.6, PIDTerms= 0.120/-0.001/ 0.000/ 0.000, Output= 0.119(-1.000/1.000), Volt=12.5(9.6)
GlobalTracer.startCompetition_Warn: AUTO_MODE.runPeriodic takes too long (0.022s)
GlobalTracer.startCompetition_Warn: AUTO_MODE.updates takes too long (0.034s)
GlobalTracer.printPidInfo_Info: [12.754] elevatorPidController: Target=   8.0, Input=   7.4, Error=   0.6, PIDTerms= 0.120/-0.001/ 0.000/ 0.000, Output= 0.119(-1.000/1.000), Volt=12.4(9.6)
GlobalTracer.startCompetition_Warn: AUTO_MODE.updates takes too long (0.036s)
GlobalTracer.printPidInfo_Info: [12.824] elevatorPidController: Target=   8.0, Input=   7.4, Error=   0.6, PIDTerms= 0.120/-0.001/ 0.000/ 0.000, Output= 0.119(-1.000/1.000), Volt=12.4(9.6)
GlobalTracer.startCompetition_Warn: AUTO_MODE.updates takes too long (0.033s)
GlobalTracer.printPidInfo_Info: [12.896] elevatorPidController: Target=   8.0, Input=   7.4, Error=   0.6, PIDTerms= 0.120/-0.001/ 0.000/ 0.000, Output= 0.119(-1.000/1.000), Volt=12.4(9.6)
GlobalTracer.startCompetition_Warn: AUTO_MODE.updates takes too long (0.026s)
GlobalTracer.printPidInfo_Info: [12.956] elevatorPidController: Target=   8.0, Input=   7.4, Error=   0.6, PIDTerms= 0.120/-0.001/ 0.000/ 0.000, Output= 0.119(-1.000/1.000), Volt=12.4(9.6)
GlobalTracer.startCompetition_Warn: AUTO_MODE.updates takes too long (0.033s)
GlobalTracer.printPidInfo_Info: [13.033] elevatorPidController: Target=   8.0, Input=   7.4, Error=   0.6, PIDTerms= 0.120/-0.001/ 0.000/ 0.000, Output= 0.120(-1.000/1.000), Volt=12.5(9.6)
GlobalTracer.startCompetition_Warn: AUTO_MODE.updates takes too long (0.031s)
GlobalTracer.printPidInfo_Info: [13.103] elevatorPidController: Target=   8.0, Input=   7.4, Error=   0.6, PIDTerms= 0.120/-0.001/ 0.000/ 0.000, Output= 0.120(-1.000/1.000), Volt=12.5(9.6)
GlobalTracer.startCompetition_Warn: AUTO_MODE.updates takes too long (0.035s)
GlobalTracer.printPidInfo_Info: [13.180] elevatorPidController: Target=   8.0, Input=   7.4, Error=   0.6, PIDTerms= 0.120/-0.001/ 0.000/ 0.000, Output= 0.120(-1.000/1.000), Volt=12.4(9.6)
GlobalTracer.startCompetition_Warn: AUTO_MODE.updates takes too long (0.026s)
GlobalTracer.printPidInfo_Info: [13.240] elevatorPidController: Target=   8.0, Input=   7.4, Error=   0.6, PIDTerms= 0.120/-0.001/ 0.000/ 0.000, Output= 0.120(-1.000/1.000), Volt=12.5(9.6)
GlobalTracer.startCompetition_Warn: AUTO_MODE.updates takes too long (0.022s)
GlobalTracer.printPidInfo_Info: [13.301] elevatorPidController: Target=   8.0, Input=   7.4, Error=   0.6, PIDTerms= 0.120/-0.001/ 0.000/ 0.000, Output= 0.120(-1.000/1.000), Volt=12.5(9.6)
GlobalTracer.startCompetition_Warn: AUTO_MODE.runPeriodic takes too long (0.022s)
GlobalTracer.startCompetition_Warn: AUTO_MODE.updates takes too long (0.026s)
GlobalTracer.printPidInfo_Info: [13.370] elevatorPidController: Target=   8.0, Input=   7.4, Error=   0.6, PIDTerms= 0.120/-0.001/ 0.000/ 0.000, Output= 0.120(-1.000/1.000), Volt=12.4(9.6)
GlobalTracer.printPidInfo_Info: [13.422] elevatorPidController: Target=   8.0, Input=   7.4, Error=   0.6, PIDTerms= 0.120/-0.001/ 0.000/ 0.000, Output= 0.120(-1.000/1.000), Volt=12.4(9.6)
GlobalTracer.startCompetition_Warn: AUTO_MODE.updates takes too long (0.022s)
GlobalTracer.printPidInfo_Info: [13.471] elevatorPidController: Target=   8.0, Input=   7.4, Error=   0.6, PIDTerms= 0.120/-0.001/ 0.000/ 0.000, Output= 0.120(-1.000/1.000), Volt=12.5(9.6)
GlobalTracer.startCompetition_Warn: AUTO_MODE.updates takes too long (0.036s)
GlobalTracer.printPidInfo_Info: [13.534] elevatorPidController: Target=   8.0, Input=   7.4, Error=   0.6, PIDTerms= 0.120/-0.001/ 0.000/ 0.000, Output= 0.120(-1.000/1.000), Volt=12.5(9.6)
GlobalTracer.startCompetition_Warn: AUTO_MODE.updates takes too long (0.023s)
GlobalTracer.printPidInfo_Info: [13.585] elevatorPidController: Target=   8.0, Input=   7.4, Error=   0.6, PIDTerms= 0.120/-0.000/ 0.000/ 0.000, Output= 0.120(-1.000/1.000), Volt=12.4(9.6)
GlobalTracer.startCompetition_Warn: AUTO_MODE.updates takes too long (0.025s)
GlobalTracer.printPidInfo_Info: [13.642] elevatorPidController: Target=   8.0, Input=   7.4, Error=   0.6, PIDTerms= 0.120/-0.000/ 0.000/ 0.000, Output= 0.120(-1.000/1.000), Volt=12.4(9.6)
GlobalTracer.startCompetition_Warn: AUTO_MODE.updates takes too long (0.025s)
GlobalTracer.printPidInfo_Info: [13.698] elevatorPidController: Target=   8.0, Input=   7.4, Error=   0.6, PIDTerms= 0.120/-0.000/ 0.000/ 0.000, Output= 0.120(-1.000/1.000), Volt=12.5(9.6)
GlobalTracer.startCompetition_Warn: AUTO_MODE.updates takes too long (0.024s)
GlobalTracer.printPidInfo_Info: [13.758] elevatorPidController: Target=   8.0, Input=   7.4, Error=   0.6, PIDTerms= 0.120/-0.000/ 0.000/ 0.000, Output= 0.120(-1.000/1.000), Volt=12.4(9.6)
GlobalTracer.startCompetition_Warn: AUTO_MODE.updates takes too long (0.030s)
GlobalTracer.printPidInfo_Info: [13.830] elevatorPidController: Target=   8.0, Input=   7.4, Error=   0.6, PIDTerms= 0.120/-0.000/ 0.000/ 0.000, Output= 0.120(-1.000/1.000), Volt=12.4(9.6)
GlobalTracer.printPidInfo_Info: [13.874] elevatorPidController: Target=   8.0, Input=   7.4, Error=   0.6, PIDTerms= 0.120/-0.000/ 0.000/ 0.000, Output= 0.120(-1.000/1.000), Volt=12.5(9.6)
GlobalTracer.startCompetition_Warn: AUTO_MODE.updates takes too long (0.026s)
GlobalTracer.printPidInfo_Info: [13.936] elevatorPidController: Target=   8.0, Input=   7.4, Error=   0.6, PIDTerms= 0.120/-0.000/ 0.000/ 0.000, Output= 0.120(-1.000/1.000), Volt=12.4(9.6)
GlobalTracer.startCompetition_Warn: AUTO_MODE.updates takes too long (0.036s)
GlobalTracer.printPidInfo_Info: [14.003] elevatorPidController: Target=   8.0, Input=   7.4, Error=   0.6, PIDTerms= 0.120/-0.000/ 0.000/ 0.000, Output= 0.120(-1.000/1.000), Volt=12.4(9.6)
GlobalTracer.startCompetition_Warn: AUTO_MODE.updates takes too long (0.031s)
GlobalTracer.printPidInfo_Info: [14.067] elevatorPidController: Target=   8.0, Input=   7.4, Error=   0.6, PIDTerms= 0.120/-0.000/ 0.000/ 0.000, Output= 0.120(-1.000/1.000), Volt=12.4(9.6)
GlobalTracer.startCompetition_Warn: AUTO_MODE.updates takes too long (0.036s)
GlobalTracer.printPidInfo_Info: [14.135] elevatorPidController: Target=   8.0, Input=   7.4, Error=   0.6, PIDTerms= 0.120/-0.000/ 0.000/ 0.000, Output= 0.120(-1.000/1.000), Volt=12.5(9.6)
GlobalTracer.startCompetition_Warn: AUTO_MODE.updates takes too long (0.027s)
GlobalTracer.printPidInfo_Info: [14.197] elevatorPidController: Target=   8.0, Input=   7.4, Error=   0.6, PIDTerms= 0.120/-0.000/ 0.000/ 0.000, Output= 0.120(-1.000/1.000), Volt=12.4(9.6)
GlobalTracer.startCompetition_Warn: AUTO_MODE.updates takes too long (0.035s)
GlobalTracer.printPidInfo_Info: [14.272] elevatorPidController: Target=   8.0, Input=   7.4, Error=   0.6, PIDTerms= 0.120/-0.000/ 0.000/ 0.000, Output= 0.120(-1.000/1.000), Volt=12.5(9.6)
GlobalTracer.startCompetition_Warn: AUTO_MODE.runPeriodic takes too long (0.022s)
GlobalTracer.startCompetition_Warn: AUTO_MODE.updates takes too long (0.027s)
GlobalTracer.printPidInfo_Info: [14.339] elevatorPidController: Target=   8.0, Input=   7.4, Error=   0.6, PIDTerms= 0.120/-0.000/ 0.000/ 0.000, Output= 0.120(-1.000/1.000), Volt=12.5(9.6)
GlobalTracer.startCompetition_Warn: AUTO_MODE.updates takes too long (0.022s)
GlobalTracer.printPidInfo_Info: [14.399] elevatorPidController: Target=   8.0, Input=   7.4, Error=   0.6, PIDTerms= 0.120/ 0.000/ 0.000/ 0.000, Output= 0.120(-1.000/1.000), Volt=12.5(9.6)
GlobalTracer.startCompetition_Warn: AUTO_MODE.runPeriodic takes too long (0.021s)
GlobalTracer.startCompetition_Warn: AUTO_MODE.updates takes too long (0.039s)
GlobalTracer.printPidInfo_Info: [14.485] elevatorPidController: Target=   8.0, Input=   7.4, Error=   0.6, PIDTerms= 0.120/ 0.000/ 0.000/ 0.000, Output= 0.120(-1.000/1.000), Volt=12.5(9.6)
GlobalTracer.startCompetition_Warn: AUTO_MODE.updates takes too long (0.021s)
GlobalTracer.printPidInfo_Info: [14.548] elevatorPidController: Target=   8.0, Input=   7.4, Error=   0.6, PIDTerms= 0.120/ 0.000/ 0.000/ 0.000, Output= 0.120(-1.000/1.000), Volt=12.5(9.6)
GlobalTracer.startCompetition_Warn: AUTO_MODE.updates takes too long (0.036s)
GlobalTracer.printPidInfo_Info: [14.624] elevatorPidController: Target=   8.0, Input=   7.4, Error=   0.6, PIDTerms= 0.120/ 0.000/ 0.000/ 0.000, Output= 0.120(-1.000/1.000), Volt=12.4(9.6)
GlobalTracer.startCompetition_Warn: AUTO_MODE.updates takes too long (0.026s)
GlobalTracer.printPidInfo_Info: [14.694] elevatorPidController: Target=   8.0, Input=   7.4, Error=   0.6, PIDTerms= 0.120/ 0.000/ 0.000/ 0.000, Output= 0.121(-1.000/1.000), Volt=12.4(9.6)
GlobalTracer.startCompetition_Warn: AUTO_MODE.runPeriodic takes too long (0.020s)
GlobalTracer.startCompetition_Warn: AUTO_MODE.updates takes too long (0.035s)
GlobalTracer.printPidInfo_Info: [14.776] elevatorPidController: Target=   8.0, Input=   7.4, Error=   0.6, PIDTerms= 0.120/ 0.000/ 0.000/ 0.000, Output= 0.121(-1.000/1.000), Volt=12.4(9.6)
GlobalTracer.startCompetition_Warn: AUTO_MODE.runPeriodic takes too long (0.023s)
GlobalTracer.startCompetition_Warn: AUTO_MODE.updates takes too long (0.024s)
GlobalTracer.printPidInfo_Info: [14.842] elevatorPidController: Target=   8.0, Input=   7.4, Error=   0.6, PIDTerms= 0.120/ 0.000/ 0.000/ 0.000, Output= 0.121(-1.000/1.000), Volt=12.5(9.6)
GlobalTracer.startCompetition_Warn: AUTO_MODE.updates takes too long (0.040s)
GlobalTracer.printPidInfo_Info: [14.920] elevatorPidController: Target=   8.0, Input=   7.4, Error=   0.6, PIDTerms= 0.120/ 0.000/ 0.000/ 0.000, Output= 0.121(-1.000/1.000), Volt=12.4(9.6)
GlobalTracer.startCompetition_Warn: AUTO_MODE.runPeriodic takes too long (0.022s)
GlobalTracer.printPidInfo_Info: [14.980] elevatorPidController: Target=   8.0, Input=   7.4, Error=   0.6, PIDTerms= 0.120/ 0.000/ 0.000/ 0.000, Output= 0.121(-1.000/1.000), Volt=12.4(9.6)
GlobalTracer.startCompetition_Warn: AUTO_MODE.updates takes too long (0.028s)
GlobalTracer.printPidInfo_Info: [15.038] elevatorPidController: Target=   8.0, Input=   7.4, Error=   0.6, PIDTerms= 0.120/ 0.000/ 0.000/ 0.000, Output= 0.121(-1.000/1.000), Volt=12.4(9.6)
GlobalTracer.startCompetition_Warn: AUTO_MODE.runPeriodic takes too long (0.021s)
GlobalTracer.startCompetition_Warn: AUTO_MODE.updates takes too long (0.031s)
GlobalTracer.printPidInfo_Info: [15.115] elevatorPidController: Target=   8.0, Input=   7.4, Error=   0.6, PIDTerms= 0.120/ 0.000/ 0.000/ 0.000, Output= 0.121(-1.000/1.000), Volt=12.4(9.6)
GlobalTracer.printPidInfo_Info: [15.160] elevatorPidController: Target=   8.0, Input=   7.4, Error=   0.6, PIDTerms= 0.120/ 0.000/ 0.000/ 0.000, Output= 0.121(-1.000/1.000), Volt=12.4(9.6)
GlobalTracer.startCompetition_Warn: AUTO_MODE.updates takes too long (0.028s)
GlobalTracer.printPidInfo_Info: [15.214] elevatorPidController: Target=   8.0, Input=   7.4, Error=   0.6, PIDTerms= 0.120/ 0.000/ 0.000/ 0.000, Output= 0.121(-1.000/1.000), Volt=12.4(9.6)
GlobalTracer.startCompetition_Warn: AUTO_MODE.updates takes too long (0.027s)
GlobalTracer.printPidInfo_Info: [15.270] elevatorPidController: Target=   8.0, Input=   7.4, Error=   0.6, PIDTerms= 0.120/ 0.001/ 0.000/ 0.000, Output= 0.121(-1.000/1.000), Volt=12.4(9.6)
GlobalTracer.startCompetition_Warn: AUTO_MODE.updates takes too long (0.035s)
GlobalTracer.Vision_Info: Pixy is disabled!
GlobalTracer.TaskPerformance_Info: leftDriveStick.prePeriodic: PrePeriodic=0.000018, PostPeriodic=NaN, PreContinuous=NaN, PostContinous=NaN
GlobalTracer.TaskPerformance_Info: rightDriveStick.prePeriodic: PrePeriodic=0.000011, PostPeriodic=NaN, PreContinuous=NaN, PostContinous=NaN
GlobalTracer.TaskPerformance_Info: operatorStick.prePeriodic: PrePeriodic=0.000007, PostPeriodic=NaN, PreContinuous=NaN, PostContinous=NaN
GlobalTracer.TaskPerformance_Info: TrcRobotBattery.preContinuous: PrePeriodic=NaN, PostPeriodic=NaN, PreContinuous=0.001686, PostContinous=NaN
GlobalTracer.TaskPerformance_Info: LeftSonar.preContinuous: PrePeriodic=NaN, PostPeriodic=NaN, PreContinuous=NaN, PostContinous=NaN
GlobalTracer.TaskPerformance_Info: LeftSonar.preContinuous: PrePeriodic=NaN, PostPeriodic=NaN, PreContinuous=NaN, PostContinous=NaN
GlobalTracer.TaskPerformance_Info: RightSonar.preContinuous: PrePeriodic=NaN, PostPeriodic=NaN, PreContinuous=NaN, PostContinous=NaN
GlobalTracer.TaskPerformance_Info: RightSonar.preContinuous: PrePeriodic=NaN, PostPeriodic=NaN, PreContinuous=NaN, PostContinous=NaN
GlobalTracer.TaskPerformance_Info: LeftFrontWheel.stop: PrePeriodic=NaN, PostPeriodic=NaN, PreContinuous=NaN, PostContinous=NaN
GlobalTracer.TaskPerformance_Info: LeftFrontWheel.preContinuousTask: PrePeriodic=NaN, PostPeriodic=NaN, PreContinuous=NaN, PostContinous=NaN
GlobalTracer.TaskPerformance_Info: LeftRearWheel.stop: PrePeriodic=NaN, PostPeriodic=NaN, PreContinuous=NaN, PostContinous=NaN
GlobalTracer.TaskPerformance_Info: LeftRearWheel.preContinuousTask: PrePeriodic=NaN, PostPeriodic=NaN, PreContinuous=NaN, PostContinous=NaN
GlobalTracer.TaskPerformance_Info: RightFrontWheel.stop: PrePeriodic=NaN, PostPeriodic=NaN, PreContinuous=NaN, PostContinous=NaN
GlobalTracer.TaskPerformance_Info: RightFrontWheel.preContinuousTask: PrePeriodic=NaN, PostPeriodic=NaN, PreContinuous=NaN, PostContinous=NaN
GlobalTracer.TaskPerformance_Info: RightRearWheel.stop: PrePeriodic=NaN, PostPeriodic=NaN, PreContinuous=NaN, PostContinous=NaN
GlobalTracer.TaskPerformance_Info: RightRearWheel.preContinuousTask: PrePeriodic=NaN, PostPeriodic=NaN, PreContinuous=NaN, PostContinous=NaN
GlobalTracer.TaskPerformance_Info: TrcDriveBase.stop: PrePeriodic=NaN, PostPeriodic=NaN, PreContinuous=NaN, PostContinous=NaN
GlobalTracer.TaskPerformance_Info: TrcDriveBase.preContinuous: PrePeriodic=NaN, PostPeriodic=NaN, PreContinuous=0.005169, PostContinous=NaN
GlobalTracer.TaskPerformance_Info:    pidDrive.stop: PrePeriodic=NaN, PostPeriodic=NaN, PreContinuous=NaN, PostContinous=NaN
GlobalTracer.TaskPerformance_Info: pidDrive.postContinuous: PrePeriodic=NaN, PostPeriodic=NaN, PreContinuous=NaN, PostContinous=0.022157
GlobalTracer.TaskPerformance_Info: elevatorMotor.stop: PrePeriodic=NaN, PostPeriodic=NaN, PreContinuous=NaN, PostContinous=NaN
GlobalTracer.TaskPerformance_Info: elevatorMotor.preContinuousTask: PrePeriodic=NaN, PostPeriodic=NaN, PreContinuous=NaN, PostContinous=NaN
GlobalTracer.TaskPerformance_Info:    elevator.stop: PrePeriodic=NaN, PostPeriodic=NaN, PreContinuous=NaN, PostContinous=NaN
GlobalTracer.TaskPerformance_Info: elevator.postContinuous: PrePeriodic=NaN, PostPeriodic=NaN, PreContinuous=NaN, PostContinous=0.001615
GlobalTracer.TaskPerformance_Info: elevatorMotor.preContinuous: PrePeriodic=NaN, PostPeriodic=NaN, PreContinuous=0.000419, PostContinous=NaN
GlobalTracer.TaskPerformance_Info: LeftPickupMotor.stop: PrePeriodic=NaN, PostPeriodic=NaN, PreContinuous=NaN, PostContinous=NaN
GlobalTracer.TaskPerformance_Info: LeftPickupMotor.preContinuousTask: PrePeriodic=NaN, PostPeriodic=NaN, PreContinuous=NaN, PostContinous=NaN
GlobalTracer.TaskPerformance_Info: RightPickupMotor.stop: PrePeriodic=NaN, PostPeriodic=NaN, PreContinuous=NaN, PostContinous=NaN
GlobalTracer.TaskPerformance_Info: RightPickupMotor.preContinuousTask: PrePeriodic=NaN, PostPeriodic=NaN, PreContinuous=NaN, PostContinous=NaN
GlobalTracer.TaskPerformance_Info: CubePickupClaw.stop: PrePeriodic=NaN, PostPeriodic=NaN, PreContinuous=NaN, PostContinous=NaN
GlobalTracer.TaskPerformance_Info: CubePickupClaw.postContinuous: PrePeriodic=NaN, PostPeriodic=NaN, PreContinuous=NaN, PostContinous=NaN
GlobalTracer.TaskPerformance_Info: CubePickupClaw.preContinuous: PrePeriodic=NaN, PostPeriodic=NaN, PreContinuous=NaN, PostContinous=NaN
GlobalTracer.TaskPerformance_Info: CubePickupDeploy.stop: PrePeriodic=NaN, PostPeriodic=NaN, PreContinuous=NaN, PostContinous=NaN
GlobalTracer.TaskPerformance_Info: CubePickupDeploy.postContinuous: PrePeriodic=NaN, PostPeriodic=NaN, PreContinuous=NaN, PostContinous=NaN
GlobalTracer.TaskPerformance_Info: CubePickupDeploy.preContinuous: PrePeriodic=NaN, PostPeriodic=NaN, PreContinuous=NaN, PostContinous=NaN
GlobalTracer.TaskPerformance_Info: CubeProximityTrigger.preContinuous: PrePeriodic=NaN, PostPeriodic=NaN, PreContinuous=NaN, PostContinous=NaN
GlobalTracer.TaskPerformance_Info: PickupCurrentTrigger.preContinuous: PrePeriodic=NaN, PostPeriodic=NaN, PreContinuous=NaN, PostContinous=NaN
GlobalTracer.TaskPerformance_Info:       pickupTask: PrePeriodic=NaN, PostPeriodic=NaN, PreContinuous=NaN, PostContinous=NaN
GlobalTracer.TaskPerformance_Info: pickupTimer.preContinuous: PrePeriodic=NaN, PostPeriodic=NaN, PreContinuous=NaN, PostContinous=NaN
GlobalTracer.TaskPerformance_Info: WinchMaster.stop: PrePeriodic=NaN, PostPeriodic=NaN, PreContinuous=NaN, PostContinous=NaN
GlobalTracer.TaskPerformance_Info: WinchMaster.preContinuousTask: PrePeriodic=NaN, PostPeriodic=NaN, PreContinuous=NaN, PostContinous=NaN
GlobalTracer.TaskPerformance_Info:  WinchSlave.stop: PrePeriodic=NaN, PostPeriodic=NaN, PreContinuous=NaN, PostContinous=NaN
GlobalTracer.TaskPerformance_Info: WinchSlave.preContinuousTask: PrePeriodic=NaN, PostPeriodic=NaN, PreContinuous=NaN, PostContinous=NaN
GlobalTracer.TaskPerformance_Info: leftFlipper.stop: PrePeriodic=NaN, PostPeriodic=NaN, PreContinuous=NaN, PostContinous=NaN
GlobalTracer.TaskPerformance_Info: leftFlipper.postContinuous: PrePeriodic=NaN, PostPeriodic=NaN, PreContinuous=NaN, PostContinous=NaN
GlobalTracer.TaskPerformance_Info: leftFlipper.preContinuous: PrePeriodic=NaN, PostPeriodic=NaN, PreContinuous=NaN, PostContinous=NaN
GlobalTracer.TaskPerformance_Info: rightFlipper.stop: PrePeriodic=NaN, PostPeriodic=NaN, PreContinuous=NaN, PostContinous=NaN
GlobalTracer.TaskPerformance_Info: rightFlipper.postContinuous: PrePeriodic=NaN, PostPeriodic=NaN, PreContinuous=NaN, PostContinous=NaN
GlobalTracer.TaskPerformance_Info: rightFlipper.preContinuous: PrePeriodic=NaN, PostPeriodic=NaN, PreContinuous=NaN, PostContinous=NaN
GlobalTracer.TaskPerformance_Info: VisionTrigger.preContinuous: PrePeriodic=NaN, PostPeriodic=NaN, PreContinuous=NaN, PostContinous=NaN
GlobalTracer.TaskPerformance_Info: ExchangeTrigger.preContinuous: PrePeriodic=NaN, PostPeriodic=NaN, PreContinuous=NaN, PostContinous=NaN
GlobalTracer.TaskPerformance_Info: FrcTest.preContinuous: PrePeriodic=NaN, PostPeriodic=NaN, PreContinuous=NaN, PostContinous=NaN
GlobalTracer.TaskPerformance_Info: CmdAutoSwitch.preContinuous: PrePeriodic=NaN, PostPeriodic=NaN, PreContinuous=0.000057, PostContinous=NaN
GlobalTracer.TaskPerformance_Info: LeftSonarTrigger.preContinuous: PrePeriodic=NaN, PostPeriodic=NaN, PreContinuous=NaN, PostContinous=NaN
GlobalTracer.TaskPerformance_Info: RightSonarTrigger.preContinuous: PrePeriodic=NaN, PostPeriodic=NaN, PreContinuous=NaN, PostContinous=NaN
GlobalTracer.startCompetition_Warn: AUTO_MODE.stopMode takes too long (0.134s)
GlobalTracer.Robot_Info: TotalEnergy=0.581Wh
