GlobalTracer.FirstPowerUp_Info: Fri Mar 30 09:51:53 PDT 2018[0.482]: ***** Starting autonomous *****
GlobalTracer.FirstPowerUp_Info: WAAMV_Practice_  1 (Blue2) [FMSConnected=true]
GlobalTracer.CmdAutoMoveToCrossField_Info: [0.503] delay=0.0, startPos=RIGHT_POS
GlobalTracer.Vision_Info: Pixy is enabled!
GlobalTracer.FrcAuto.startMode_Info: [0.520] startMode done!
GlobalTracer.PowerUse_Info: [340.768] Battery - currVoltage: 12.40, lowestVoltage: 12.20
GlobalTracer.PowerUse_Info: [340.768] Power: pdpTotalCurrent: 0.00 elev: 0.00 winch: 0.00, pickup: 0.00, total: 0.00
GlobalTracer.startCompetition_Warn: AUTO_MODE takes too long (0.757s)

GlobalTracer.PowerUse_Info: [340.994] Battery - currVoltage: 12.35, lowestVoltage: 12.20
GlobalTracer.PowerUse_Info: [340.994] Power: pdpTotalCurrent: 0.00 elev: 0.13 winch: 0.00, pickup: 0.00, total: 0.00
GlobalTracer.PowerUse_Info: [341.125] Battery - currVoltage: 12.40, lowestVoltage: 12.20
GlobalTracer.PowerUse_Info: [341.125] Power: pdpTotalCurrent: 0.00 elev: 0.13 winch: 0.00, pickup: 0.00, total: 0.00
GlobalTracer.PowerUse_Info: [341.259] Battery - currVoltage: 12.35, lowestVoltage: 12.20
GlobalTracer.PowerUse_Info: [341.259] Power: pdpTotalCurrent: 0.00 elev: 0.00 winch: 0.00, pickup: 0.00, total: 0.00
GlobalTracer.PowerUse_Info: [341.436] Battery - currVoltage: 12.35, lowestVoltage: 12.20
GlobalTracer.PowerUse_Info: [341.436] Power: pdpTotalCurrent: 0.00 elev: 0.13 winch: 0.00, pickup: 0.00, total: 0.00
GlobalTracer.PowerUse_Info: [341.555] Battery - currVoltage: 12.40, lowestVoltage: 12.20
GlobalTracer.PowerUse_Info: [341.555] Power: pdpTotalCurrent: 0.00 elev: 0.00 winch: 0.00, pickup: 0.00, total: 0.00
GlobalTracer.startCompetition_Warn: AUTO_MODE takes too long (0.103s)

GlobalTracer.PowerUse_Info: [341.659] Battery - currVoltage: 12.35, lowestVoltage: 12.20
GlobalTracer.PowerUse_Info: [341.659] Power: pdpTotalCurrent: 0.00 elev: 0.13 winch: 0.00, pickup: 0.00, total: 0.00
GlobalTracer.PowerUse_Info: [341.793] Battery - currVoltage: 12.40, lowestVoltage: 12.20
GlobalTracer.PowerUse_Info: [341.793] Power: pdpTotalCurrent: 0.00 elev: 0.13 winch: 0.00, pickup: 0.00, total: 0.00
GlobalTracer.PowerUse_Info: [341.938] Battery - currVoltage: 12.30, lowestVoltage: 12.20
GlobalTracer.PowerUse_Info: [341.938] Power: pdpTotalCurrent: 0.00 elev: 0.13 winch: 0.00, pickup: 0.00, total: 0.00
GlobalTracer.PowerUse_Info: [342.038] Battery - currVoltage: 12.35, lowestVoltage: 12.20
GlobalTracer.PowerUse_Info: [342.038] Power: pdpTotalCurrent: 0.00 elev: 0.13 winch: 0.00, pickup: 0.00, total: 0.00
GlobalTracer.PowerUse_Info: [342.179] Battery - currVoltage: 12.30, lowestVoltage: 12.20
GlobalTracer.PowerUse_Info: [342.179] Power: pdpTotalCurrent: 0.00 elev: 0.13 winch: 0.00, pickup: 0.00, total: 0.00
GlobalTracer.PowerUse_Info: [342.296] Battery - currVoltage: 12.35, lowestVoltage: 12.20
GlobalTracer.PowerUse_Info: [342.296] Power: pdpTotalCurrent: 0.00 elev: 0.13 winch: 0.00, pickup: 0.00, total: 0.00
GlobalTracer.PowerUse_Info: [342.430] Battery - currVoltage: 12.35, lowestVoltage: 12.20
GlobalTracer.PowerUse_Info: [342.430] Power: pdpTotalCurrent: 0.00 elev: 0.13 winch: 0.00, pickup: 0.00, total: 0.00
GlobalTracer.PowerUse_Info: [342.556] Battery - currVoltage: 12.35, lowestVoltage: 12.20
GlobalTracer.PowerUse_Info: [342.556] Power: pdpTotalCurrent: 0.00 elev: 0.13 winch: 0.00, pickup: 0.00, total: 0.00
GlobalTracer.PowerUse_Info: [342.676] Battery - currVoltage: 12.30, lowestVoltage: 12.20
GlobalTracer.PowerUse_Info: [342.676] Power: pdpTotalCurrent: 0.00 elev: 0.13 winch: 0.00, pickup: 0.00, total: 0.00
GlobalTracer.PowerUse_Info: [342.788] Battery - currVoltage: 12.35, lowestVoltage: 12.20
GlobalTracer.PowerUse_Info: [342.788] Power: pdpTotalCurrent: 0.00 elev: 0.13 winch: 0.00, pickup: 0.00, total: 0.00
GlobalTracer.PowerUse_Info: [342.934] Battery - currVoltage: 12.30, lowestVoltage: 12.20
GlobalTracer.PowerUse_Info: [342.934] Power: pdpTotalCurrent: 0.00 elev: 0.13 winch: 0.00, pickup: 0.00, total: 0.00
GlobalTracer.PowerUse_Info: [343.059] Battery - currVoltage: 12.35, lowestVoltage: 12.20
GlobalTracer.PowerUse_Info: [343.059] Power: pdpTotalCurrent: 0.00 elev: 0.13 winch: 0.00, pickup: 0.00, total: 0.00
GlobalTracer.PowerUse_Info: [343.179] Battery - currVoltage: 12.30, lowestVoltage: 12.20
GlobalTracer.PowerUse_Info: [343.179] Power: pdpTotalCurrent: 0.00 elev: 0.13 winch: 0.00, pickup: 0.00, total: 0.00
GlobalTracer.PowerUse_Info: [343.310] Battery - currVoltage: 12.30, lowestVoltage: 12.20
GlobalTracer.PowerUse_Info: [343.310] Power: pdpTotalCurrent: 0.00 elev: 0.13 winch: 0.00, pickup: 0.00, total: 0.00
GlobalTracer.PowerUse_Info: [343.415] Battery - currVoltage: 12.35, lowestVoltage: 12.20
GlobalTracer.PowerUse_Info: [343.415] Power: pdpTotalCurrent: 0.00 elev: 0.13 winch: 0.00, pickup: 0.00, total: 0.00
GlobalTracer.PowerUse_Info: [343.543] Battery - currVoltage: 12.30, lowestVoltage: 12.20
GlobalTracer.PowerUse_Info: [343.543] Power: pdpTotalCurrent: 0.00 elev: 0.00 winch: 0.00, pickup: 0.00, total: 0.00
GlobalTracer.PowerUse_Info: [343.643] Battery - currVoltage: 12.35, lowestVoltage: 12.20
GlobalTracer.PowerUse_Info: [343.643] Power: pdpTotalCurrent: 0.00 elev: 0.13 winch: 0.00, pickup: 0.00, total: 0.00
GlobalTracer.PowerUse_Info: [343.779] Battery - currVoltage: 12.30, lowestVoltage: 12.20
GlobalTracer.PowerUse_Info: [343.779] Power: pdpTotalCurrent: 0.00 elev: 0.13 winch: 0.00, pickup: 0.00, total: 0.00
GlobalTracer.PowerUse_Info: [343.899] Battery - currVoltage: 12.35, lowestVoltage: 12.20
GlobalTracer.PowerUse_Info: [343.899] Power: pdpTotalCurrent: 0.00 elev: 0.13 winch: 0.00, pickup: 0.00, total: 0.00
GlobalTracer.PowerUse_Info: [344.038] Battery - currVoltage: 12.25, lowestVoltage: 12.20
GlobalTracer.PowerUse_Info: [344.038] Power: pdpTotalCurrent: 0.00 elev: 0.13 winch: 0.00, pickup: 0.00, total: 0.00
GlobalTracer.PowerUse_Info: [344.139] Battery - currVoltage: 12.30, lowestVoltage: 12.20
GlobalTracer.PowerUse_Info: [344.139] Power: pdpTotalCurrent: 0.00 elev: 0.13 winch: 0.00, pickup: 0.00, total: 0.00
GlobalTracer.PowerUse_Info: [344.269] Battery - currVoltage: 12.25, lowestVoltage: 12.20
GlobalTracer.PowerUse_Info: [344.269] Power: pdpTotalCurrent: 0.00 elev: 0.13 winch: 0.00, pickup: 0.00, total: 0.00
GlobalTracer.PowerUse_Info: [344.392] Battery - currVoltage: 12.30, lowestVoltage: 12.20
GlobalTracer.PowerUse_Info: [344.392] Power: pdpTotalCurrent: 0.00 elev: 0.13 winch: 0.00, pickup: 0.00, total: 0.00
GlobalTracer.PowerUse_Info: [344.524] Battery - currVoltage: 12.30, lowestVoltage: 12.20
GlobalTracer.PowerUse_Info: [344.524] Power: pdpTotalCurrent: 0.00 elev: 0.00 winch: 0.00, pickup: 0.00, total: 0.00
GlobalTracer.PowerUse_Info: [344.637] Battery - currVoltage: 12.35, lowestVoltage: 12.20
GlobalTracer.PowerUse_Info: [344.637] Power: pdpTotalCurrent: 0.00 elev: 0.13 winch: 0.00, pickup: 0.00, total: 0.00
GlobalTracer.PowerUse_Info: [344.756] Battery - currVoltage: 12.35, lowestVoltage: 12.20
GlobalTracer.PowerUse_Info: [344.756] Power: pdpTotalCurrent: 0.00 elev: 0.13 winch: 0.00, pickup: 0.00, total: 0.00
GlobalTracer.PowerUse_Info: [344.856] Battery - currVoltage: 12.30, lowestVoltage: 12.20
GlobalTracer.PowerUse_Info: [344.856] Power: pdpTotalCurrent: 0.00 elev: 0.13 winch: 0.00, pickup: 0.00, total: 0.00
GlobalTracer.PowerUse_Info: [344.996] Battery - currVoltage: 12.35, lowestVoltage: 12.20
GlobalTracer.PowerUse_Info: [344.996] Power: pdpTotalCurrent: 0.00 elev: 0.13 winch: 0.00, pickup: 0.00, total: 0.00
GlobalTracer.PowerUse_Info: [345.120] Battery - currVoltage: 12.30, lowestVoltage: 12.20
GlobalTracer.PowerUse_Info: [345.120] Power: pdpTotalCurrent: 0.00 elev: 0.13 winch: 0.00, pickup: 0.00, total: 0.00
GlobalTracer.PowerUse_Info: [345.240] Battery - currVoltage: 12.30, lowestVoltage: 12.20
GlobalTracer.PowerUse_Info: [345.240] Power: pdpTotalCurrent: 0.00 elev: 0.13 winch: 0.00, pickup: 0.00, total: 0.00
GlobalTracer.PowerUse_Info: [345.377] Battery - currVoltage: 12.30, lowestVoltage: 12.20
GlobalTracer.PowerUse_Info: [345.377] Power: pdpTotalCurrent: 0.00 elev: 0.13 winch: 0.00, pickup: 0.00, total: 0.00
GlobalTracer.PowerUse_Info: [345.502] Battery - currVoltage: 12.35, lowestVoltage: 12.20
GlobalTracer.PowerUse_Info: [345.502] Power: pdpTotalCurrent: 0.00 elev: 0.13 winch: 0.00, pickup: 0.00, total: 0.00
GlobalTracer.PowerUse_Info: [345.622] Battery - currVoltage: 12.30, lowestVoltage: 12.20
GlobalTracer.PowerUse_Info: [345.622] Power: pdpTotalCurrent: 0.00 elev: 0.13 winch: 0.00, pickup: 0.00, total: 0.00
GlobalTracer.PowerUse_Info: [345.776] Battery - currVoltage: 12.35, lowestVoltage: 12.20
GlobalTracer.PowerUse_Info: [345.776] Power: pdpTotalCurrent: 0.00 elev: 0.13 winch: 0.00, pickup: 0.00, total: 0.00
GlobalTracer.PowerUse_Info: [345.884] Battery - currVoltage: 12.30, lowestVoltage: 12.20
GlobalTracer.PowerUse_Info: [345.884] Power: pdpTotalCurrent: 0.00 elev: 0.13 winch: 0.00, pickup: 0.00, total: 0.00
GlobalTracer.PowerUse_Info: [345.991] Battery - currVoltage: 12.30, lowestVoltage: 12.20
GlobalTracer.PowerUse_Info: [345.991] Power: pdpTotalCurrent: 0.00 elev: 0.13 winch: 0.00, pickup: 0.00, total: 0.00
GlobalTracer.PowerUse_Info: [346.101] Battery - currVoltage: 12.30, lowestVoltage: 12.20
GlobalTracer.PowerUse_Info: [346.101] Power: pdpTotalCurrent: 0.00 elev: 0.00 winch: 0.00, pickup: 0.00, total: 0.00
GlobalTracer.PowerUse_Info: [346.212] Battery - currVoltage: 12.30, lowestVoltage: 12.20
GlobalTracer.PowerUse_Info: [346.212] Power: pdpTotalCurrent: 0.00 elev: 0.13 winch: 0.00, pickup: 0.00, total: 0.00
GlobalTracer.PowerUse_Info: [346.348] Battery - currVoltage: 12.35, lowestVoltage: 12.20
GlobalTracer.PowerUse_Info: [346.348] Power: pdpTotalCurrent: 0.00 elev: 0.13 winch: 0.00, pickup: 0.00, total: 0.00
GlobalTracer.PowerUse_Info: [346.472] Battery - currVoltage: 12.30, lowestVoltage: 12.20
GlobalTracer.PowerUse_Info: [346.472] Power: pdpTotalCurrent: 0.00 elev: 0.13 winch: 0.00, pickup: 0.00, total: 0.00
GlobalTracer.PowerUse_Info: [346.610] Battery - currVoltage: 12.35, lowestVoltage: 12.20
GlobalTracer.PowerUse_Info: [346.610] Power: pdpTotalCurrent: 0.00 elev: 0.13 winch: 0.00, pickup: 0.00, total: 0.00
GlobalTracer.PowerUse_Info: [346.721] Battery - currVoltage: 12.25, lowestVoltage: 12.20
GlobalTracer.PowerUse_Info: [346.721] Power: pdpTotalCurrent: 0.00 elev: 0.00 winch: 0.00, pickup: 0.00, total: 0.00
GlobalTracer.PowerUse_Info: [346.836] Battery - currVoltage: 12.35, lowestVoltage: 12.20
GlobalTracer.PowerUse_Info: [346.836] Power: pdpTotalCurrent: 0.00 elev: 0.13 winch: 0.00, pickup: 0.00, total: 0.00
GlobalTracer.PowerUse_Info: [346.958] Battery - currVoltage: 12.25, lowestVoltage: 12.20
GlobalTracer.PowerUse_Info: [346.958] Power: pdpTotalCurrent: 0.00 elev: 0.13 winch: 0.00, pickup: 0.00, total: 0.00
GlobalTracer.PowerUse_Info: [347.064] Battery - currVoltage: 12.25, lowestVoltage: 12.20
GlobalTracer.PowerUse_Info: [347.064] Power: pdpTotalCurrent: 0.00 elev: 0.13 winch: 0.00, pickup: 0.00, total: 0.00
GlobalTracer.PowerUse_Info: [347.181] Battery - currVoltage: 12.30, lowestVoltage: 12.20
GlobalTracer.PowerUse_Info: [347.181] Power: pdpTotalCurrent: 0.00 elev: 0.13 winch: 0.00, pickup: 0.00, total: 0.00
GlobalTracer.PowerUse_Info: [347.311] Battery - currVoltage: 12.25, lowestVoltage: 12.20
GlobalTracer.PowerUse_Info: [347.311] Power: pdpTotalCurrent: 0.00 elev: 0.13 winch: 0.00, pickup: 0.00, total: 0.00
GlobalTracer.PowerUse_Info: [347.435] Battery - currVoltage: 12.30, lowestVoltage: 12.20
GlobalTracer.PowerUse_Info: [347.435] Power: pdpTotalCurrent: 0.00 elev: 0.13 winch: 0.00, pickup: 0.00, total: 0.00
GlobalTracer.PowerUse_Info: [347.539] Battery - currVoltage: 12.30, lowestVoltage: 12.20
GlobalTracer.PowerUse_Info: [347.539] Power: pdpTotalCurrent: 0.00 elev: 0.00 winch: 0.00, pickup: 0.00, total: 0.00
GlobalTracer.PowerUse_Info: [347.669] Battery - currVoltage: 12.30, lowestVoltage: 12.20
GlobalTracer.PowerUse_Info: [347.669] Power: pdpTotalCurrent: 0.00 elev: 0.13 winch: 0.00, pickup: 0.00, total: 0.00
GlobalTracer.PowerUse_Info: [347.789] Battery - currVoltage: 12.35, lowestVoltage: 12.20
GlobalTracer.PowerUse_Info: [347.789] Power: pdpTotalCurrent: 0.00 elev: 0.00 winch: 0.00, pickup: 0.00, total: 0.00
GlobalTracer.PowerUse_Info: [347.908] Battery - currVoltage: 12.25, lowestVoltage: 12.20
GlobalTracer.PowerUse_Info: [347.908] Power: pdpTotalCurrent: 0.00 elev: 0.13 winch: 0.00, pickup: 0.00, total: 0.00
GlobalTracer.PowerUse_Info: [348.019] Battery - currVoltage: 12.30, lowestVoltage: 12.20
GlobalTracer.PowerUse_Info: [348.019] Power: pdpTotalCurrent: 0.00 elev: 0.13 winch: 0.00, pickup: 0.00, total: 0.00
GlobalTracer.PowerUse_Info: [348.152] Battery - currVoltage: 12.25, lowestVoltage: 12.20
GlobalTracer.PowerUse_Info: [348.152] Power: pdpTotalCurrent: 0.00 elev: 0.13 winch: 0.00, pickup: 0.00, total: 0.00
GlobalTracer.PowerUse_Info: [348.274] Battery - currVoltage: 12.25, lowestVoltage: 12.20
GlobalTracer.PowerUse_Info: [348.274] Power: pdpTotalCurrent: 0.00 elev: 0.13 winch: 0.00, pickup: 0.00, total: 0.00
GlobalTracer.PowerUse_Info: [348.383] Battery - currVoltage: 12.25, lowestVoltage: 12.20
GlobalTracer.PowerUse_Info: [348.383] Power: pdpTotalCurrent: 0.00 elev: 0.13 winch: 0.00, pickup: 0.00, total: 0.00
GlobalTracer.PowerUse_Info: [348.515] Battery - currVoltage: 12.30, lowestVoltage: 12.20
GlobalTracer.PowerUse_Info: [348.515] Power: pdpTotalCurrent: 0.00 elev: 0.13 winch: 0.00, pickup: 0.00, total: 0.00
GlobalTracer.PowerUse_Info: [348.627] Battery - currVoltage: 12.30, lowestVoltage: 12.20
GlobalTracer.PowerUse_Info: [348.627] Power: pdpTotalCurrent: 0.00 elev: 0.13 winch: 0.00, pickup: 0.00, total: 0.00
GlobalTracer.PowerUse_Info: [348.735] Battery - currVoltage: 12.25, lowestVoltage: 12.20
GlobalTracer.PowerUse_Info: [348.735] Power: pdpTotalCurrent: 0.00 elev: 0.13 winch: 0.00, pickup: 0.00, total: 0.00
GlobalTracer.PowerUse_Info: [348.845] Battery - currVoltage: 12.30, lowestVoltage: 12.20
GlobalTracer.PowerUse_Info: [348.845] Power: pdpTotalCurrent: 0.00 elev: 0.13 winch: 0.00, pickup: 0.00, total: 0.00
GlobalTracer.PowerUse_Info: [348.953] Battery - currVoltage: 12.30, lowestVoltage: 12.20
GlobalTracer.PowerUse_Info: [348.953] Power: pdpTotalCurrent: 0.00 elev: 0.13 winch: 0.00, pickup: 0.00, total: 0.00
GlobalTracer.PowerUse_Info: [349.057] Battery - currVoltage: 12.25, lowestVoltage: 12.20
GlobalTracer.PowerUse_Info: [349.057] Power: pdpTotalCurrent: 0.00 elev: 0.13 winch: 0.00, pickup: 0.00, total: 0.00
GlobalTracer.PowerUse_Info: [349.176] Battery - currVoltage: 12.30, lowestVoltage: 12.20
GlobalTracer.PowerUse_Info: [349.176] Power: pdpTotalCurrent: 0.00 elev: 0.13 winch: 0.00, pickup: 0.00, total: 0.00
GlobalTracer.PowerUse_Info: [349.322] Battery - currVoltage: 12.25, lowestVoltage: 12.20
GlobalTracer.PowerUse_Info: [349.322] Power: pdpTotalCurrent: 0.00 elev: 0.13 winch: 0.00, pickup: 0.00, total: 0.00
GlobalTracer.PowerUse_Info: [349.438] Battery - currVoltage: 12.30, lowestVoltage: 12.20
GlobalTracer.PowerUse_Info: [349.438] Power: pdpTotalCurrent: 0.00 elev: 0.13 winch: 0.00, pickup: 0.00, total: 0.00
GlobalTracer.PowerUse_Info: [349.554] Battery - currVoltage: 12.30, lowestVoltage: 12.20
GlobalTracer.PowerUse_Info: [349.554] Power: pdpTotalCurrent: 0.00 elev: 0.13 winch: 0.00, pickup: 0.00, total: 0.00
GlobalTracer.PowerUse_Info: [349.670] Battery - currVoltage: 12.30, lowestVoltage: 12.20
GlobalTracer.PowerUse_Info: [349.670] Power: pdpTotalCurrent: 0.00 elev: 0.13 winch: 0.00, pickup: 0.00, total: 0.00
GlobalTracer.PowerUse_Info: [349.796] Battery - currVoltage: 12.30, lowestVoltage: 12.20
GlobalTracer.PowerUse_Info: [349.796] Power: pdpTotalCurrent: 0.00 elev: 0.13 winch: 0.00, pickup: 0.00, total: 0.00
GlobalTracer.PowerUse_Info: [349.927] Battery - currVoltage: 12.25, lowestVoltage: 12.20
GlobalTracer.PowerUse_Info: [349.927] Power: pdpTotalCurrent: 0.00 elev: 0.13 winch: 0.00, pickup: 0.00, total: 0.00
GlobalTracer.PowerUse_Info: [350.045] Battery - currVoltage: 12.25, lowestVoltage: 12.20
GlobalTracer.PowerUse_Info: [350.045] Power: pdpTotalCurrent: 0.00 elev: 0.13 winch: 0.00, pickup: 0.00, total: 0.00
GlobalTracer.PowerUse_Info: [350.163] Battery - currVoltage: 12.25, lowestVoltage: 12.20
GlobalTracer.PowerUse_Info: [350.163] Power: pdpTotalCurrent: 0.00 elev: 0.13 winch: 0.00, pickup: 0.00, total: 0.00
GlobalTracer.PowerUse_Info: [350.294] Battery - currVoltage: 12.30, lowestVoltage: 12.20
GlobalTracer.PowerUse_Info: [350.294] Power: pdpTotalCurrent: 0.00 elev: 0.13 winch: 0.00, pickup: 0.00, total: 0.00
GlobalTracer.PowerUse_Info: [350.439] Battery - currVoltage: 12.30, lowestVoltage: 12.20
GlobalTracer.PowerUse_Info: [350.439] Power: pdpTotalCurrent: 0.00 elev: 0.13 winch: 0.00, pickup: 0.00, total: 0.00
GlobalTracer.PowerUse_Info: [350.568] Battery - currVoltage: 12.30, lowestVoltage: 12.20
GlobalTracer.PowerUse_Info: [350.568] Power: pdpTotalCurrent: 0.00 elev: 0.13 winch: 0.00, pickup: 0.00, total: 0.00
GlobalTracer.PowerUse_Info: [350.681] Battery - currVoltage: 12.20, lowestVoltage: 12.20
GlobalTracer.PowerUse_Info: [350.681] Power: pdpTotalCurrent: 0.00 elev: 0.13 winch: 0.00, pickup: 0.00, total: 0.00
GlobalTracer.PowerUse_Info: [350.813] Battery - currVoltage: 12.30, lowestVoltage: 12.20
GlobalTracer.PowerUse_Info: [350.813] Power: pdpTotalCurrent: 0.00 elev: 0.13 winch: 0.00, pickup: 0.00, total: 0.00
GlobalTracer.PowerUse_Info: [350.922] Battery - currVoltage: 12.30, lowestVoltage: 12.20
GlobalTracer.PowerUse_Info: [350.922] Power: pdpTotalCurrent: 0.00 elev: 0.13 winch: 0.00, pickup: 0.00, total: 0.00
GlobalTracer.PowerUse_Info: [351.057] Battery - currVoltage: 12.25, lowestVoltage: 12.20
GlobalTracer.PowerUse_Info: [351.057] Power: pdpTotalCurrent: 0.00 elev: 0.13 winch: 0.00, pickup: 0.00, total: 0.00
GlobalTracer.PowerUse_Info: [351.200] Battery - currVoltage: 12.25, lowestVoltage: 12.20
GlobalTracer.PowerUse_Info: [351.200] Power: pdpTotalCurrent: 0.00 elev: 0.13 winch: 0.00, pickup: 0.00, total: 0.00
GlobalTracer.PowerUse_Info: [351.333] Battery - currVoltage: 12.25, lowestVoltage: 12.20
GlobalTracer.PowerUse_Info: [351.333] Power: pdpTotalCurrent: 0.00 elev: 0.13 winch: 0.00, pickup: 0.00, total: 0.00
GlobalTracer.PowerUse_Info: [351.457] Battery - currVoltage: 12.25, lowestVoltage: 12.20
GlobalTracer.PowerUse_Info: [351.457] Power: pdpTotalCurrent: 0.00 elev: 0.13 winch: 0.00, pickup: 0.00, total: 0.00
GlobalTracer.PowerUse_Info: [351.569] Battery - currVoltage: 12.25, lowestVoltage: 12.20
GlobalTracer.PowerUse_Info: [351.569] Power: pdpTotalCurrent: 0.00 elev: 0.13 winch: 0.00, pickup: 0.00, total: 0.00
GlobalTracer.PowerUse_Info: [351.711] Battery - currVoltage: 12.30, lowestVoltage: 12.20
GlobalTracer.PowerUse_Info: [351.711] Power: pdpTotalCurrent: 0.00 elev: 0.13 winch: 0.00, pickup: 0.00, total: 0.00
GlobalTracer.PowerUse_Info: [351.846] Battery - currVoltage: 12.30, lowestVoltage: 12.20
GlobalTracer.PowerUse_Info: [351.846] Power: pdpTotalCurrent: 0.00 elev: 0.13 winch: 0.00, pickup: 0.00, total: 0.00
GlobalTracer.PowerUse_Info: [351.990] Battery - currVoltage: 12.20, lowestVoltage: 12.20
GlobalTracer.PowerUse_Info: [351.990] Power: pdpTotalCurrent: 0.00 elev: 0.13 winch: 0.00, pickup: 0.00, total: 0.00
GlobalTracer.PowerUse_Info: [352.109] Battery - currVoltage: 12.25, lowestVoltage: 12.20
GlobalTracer.PowerUse_Info: [352.109] Power: pdpTotalCurrent: 0.00 elev: 0.13 winch: 0.00, pickup: 0.00, total: 0.00
GlobalTracer.PowerUse_Info: [352.219] Battery - currVoltage: 12.25, lowestVoltage: 12.20
GlobalTracer.PowerUse_Info: [352.219] Power: pdpTotalCurrent: 0.00 elev: 0.13 winch: 0.00, pickup: 0.00, total: 0.00
GlobalTracer.PowerUse_Info: [352.339] Battery - currVoltage: 12.20, lowestVoltage: 12.15
GlobalTracer.PowerUse_Info: [352.339] Power: pdpTotalCurrent: 0.00 elev: 0.13 winch: 0.00, pickup: 0.00, total: 0.00
GlobalTracer.PowerUse_Info: [352.448] Battery - currVoltage: 12.25, lowestVoltage: 12.15
GlobalTracer.PowerUse_Info: [352.448] Power: pdpTotalCurrent: 0.00 elev: 0.13 winch: 0.00, pickup: 0.00, total: 0.00
GlobalTracer.PowerUse_Info: [352.586] Battery - currVoltage: 12.25, lowestVoltage: 12.15
GlobalTracer.PowerUse_Info: [352.586] Power: pdpTotalCurrent: 0.00 elev: 0.13 winch: 0.00, pickup: 0.00, total: 0.00
GlobalTracer.PowerUse_Info: [352.738] Battery - currVoltage: 12.30, lowestVoltage: 12.15
GlobalTracer.PowerUse_Info: [352.738] Power: pdpTotalCurrent: 0.00 elev: 0.13 winch: 0.00, pickup: 0.00, total: 0.00
GlobalTracer.PowerUse_Info: [352.864] Battery - currVoltage: 12.30, lowestVoltage: 12.15
GlobalTracer.PowerUse_Info: [352.864] Power: pdpTotalCurrent: 0.00 elev: 0.13 winch: 0.00, pickup: 0.00, total: 0.00
GlobalTracer.PowerUse_Info: [352.981] Battery - currVoltage: 12.15, lowestVoltage: 12.15
GlobalTracer.PowerUse_Info: [352.981] Power: pdpTotalCurrent: 0.00 elev: 0.13 winch: 0.00, pickup: 0.00, total: 0.00
GlobalTracer.PowerUse_Info: [353.109] Battery - currVoltage: 12.25, lowestVoltage: 12.15
GlobalTracer.PowerUse_Info: [353.109] Power: pdpTotalCurrent: 0.00 elev: 0.13 winch: 0.00, pickup: 0.00, total: 0.00
GlobalTracer.PowerUse_Info: [353.237] Battery - currVoltage: 12.25, lowestVoltage: 12.15
GlobalTracer.PowerUse_Info: [353.237] Power: pdpTotalCurrent: 0.00 elev: 0.13 winch: 0.00, pickup: 0.00, total: 0.00
GlobalTracer.PowerUse_Info: [353.357] Battery - currVoltage: 12.20, lowestVoltage: 12.15
GlobalTracer.PowerUse_Info: [353.357] Power: pdpTotalCurrent: 0.00 elev: 0.13 winch: 0.00, pickup: 0.00, total: 0.00
GlobalTracer.PowerUse_Info: [353.473] Battery - currVoltage: 12.25, lowestVoltage: 12.15
GlobalTracer.PowerUse_Info: [353.473] Power: pdpTotalCurrent: 0.00 elev: 0.13 winch: 0.00, pickup: 0.00, total: 0.00
GlobalTracer.PowerUse_Info: [353.598] Battery - currVoltage: 12.30, lowestVoltage: 12.15
GlobalTracer.PowerUse_Info: [353.598] Power: pdpTotalCurrent: 0.00 elev: 0.13 winch: 0.00, pickup: 0.00, total: 0.00
GlobalTracer.PowerUse_Info: [353.735] Battery - currVoltage: 12.20, lowestVoltage: 12.15
GlobalTracer.PowerUse_Info: [353.735] Power: pdpTotalCurrent: 0.00 elev: 0.13 winch: 0.00, pickup: 0.00, total: 0.00
GlobalTracer.PowerUse_Info: [353.866] Battery - currVoltage: 12.30, lowestVoltage: 12.15
GlobalTracer.PowerUse_Info: [353.866] Power: pdpTotalCurrent: 0.00 elev: 0.13 winch: 0.00, pickup: 0.00, total: 0.00
GlobalTracer.PowerUse_Info: [353.974] Battery - currVoltage: 12.15, lowestVoltage: 12.15
GlobalTracer.PowerUse_Info: [353.974] Power: pdpTotalCurrent: 0.00 elev: 0.13 winch: 0.00, pickup: 0.00, total: 0.00
GlobalTracer.PowerUse_Info: [354.079] Battery - currVoltage: 12.20, lowestVoltage: 12.15
GlobalTracer.PowerUse_Info: [354.079] Power: pdpTotalCurrent: 0.00 elev: 0.13 winch: 0.00, pickup: 0.00, total: 0.00
GlobalTracer.PowerUse_Info: [354.192] Battery - currVoltage: 12.25, lowestVoltage: 12.15
GlobalTracer.PowerUse_Info: [354.192] Power: pdpTotalCurrent: 0.00 elev: 0.13 winch: 0.00, pickup: 0.00, total: 0.00
GlobalTracer.PowerUse_Info: [354.315] Battery - currVoltage: 12.20, lowestVoltage: 12.15
GlobalTracer.PowerUse_Info: [354.315] Power: pdpTotalCurrent: 0.00 elev: 0.13 winch: 0.00, pickup: 0.00, total: 0.00
GlobalTracer.PowerUse_Info: [354.458] Battery - currVoltage: 12.25, lowestVoltage: 12.15
GlobalTracer.PowerUse_Info: [354.458] Power: pdpTotalCurrent: 0.00 elev: 0.13 winch: 0.00, pickup: 0.00, total: 0.00
GlobalTracer.PowerUse_Info: [354.575] Battery - currVoltage: 12.25, lowestVoltage: 12.15
GlobalTracer.PowerUse_Info: [354.575] Power: pdpTotalCurrent: 0.00 elev: 0.13 winch: 0.00, pickup: 0.00, total: 0.00
GlobalTracer.PowerUse_Info: [354.693] Battery - currVoltage: 12.25, lowestVoltage: 12.15
GlobalTracer.PowerUse_Info: [354.693] Power: pdpTotalCurrent: 0.00 elev: 0.13 winch: 0.00, pickup: 0.00, total: 0.00
GlobalTracer.PowerUse_Info: [354.825] Battery - currVoltage: 12.30, lowestVoltage: 12.15
GlobalTracer.PowerUse_Info: [354.825] Power: pdpTotalCurrent: 0.00 elev: 0.13 winch: 0.00, pickup: 0.00, total: 0.00
GlobalTracer.PowerUse_Info: [354.956] Battery - currVoltage: 12.20, lowestVoltage: 12.15
GlobalTracer.PowerUse_Info: [354.956] Power: pdpTotalCurrent: 0.00 elev: 0.00 winch: 0.00, pickup: 0.00, total: 0.00
GlobalTracer.PowerUse_Info: [355.062] Battery - currVoltage: 12.25, lowestVoltage: 12.15
GlobalTracer.PowerUse_Info: [355.062] Power: pdpTotalCurrent: 0.00 elev: 0.13 winch: 0.00, pickup: 0.00, total: 0.00
GlobalTracer.PowerUse_Info: [355.176] Battery - currVoltage: 12.25, lowestVoltage: 12.15
GlobalTracer.PowerUse_Info: [355.176] Power: pdpTotalCurrent: 0.00 elev: 0.13 winch: 0.00, pickup: 0.00, total: 0.00
GlobalTracer.PowerUse_Info: [355.292] Battery - currVoltage: 12.20, lowestVoltage: 12.15
GlobalTracer.PowerUse_Info: [355.292] Power: pdpTotalCurrent: 0.00 elev: 0.13 winch: 0.00, pickup: 0.00, total: 0.00
GlobalTracer.PowerUse_Info: [355.415] Battery - currVoltage: 12.30, lowestVoltage: 12.15
GlobalTracer.PowerUse_Info: [355.415] Power: pdpTotalCurrent: 0.00 elev: 0.13 winch: 0.00, pickup: 0.00, total: 0.00
GlobalTracer.PowerUse_Info: [355.515] Battery - currVoltage: 12.30, lowestVoltage: 12.15
GlobalTracer.PowerUse_Info: [355.515] Power: pdpTotalCurrent: 0.00 elev: 0.13 winch: 0.00, pickup: 0.00, total: 0.00
GlobalTracer.Vision_Info: Pixy is disabled!
GlobalTracer.Robot_Info: TotalEnergy=0.000
