GlobalTracer.FirstPowerUp_Info: Sat Mar 31 14:43:39 PDT 2018[0.507]: ***** Starting autonomous *****
GlobalTracer.FirstPowerUp_Info: WAAMV_Elimination_ 15 (Blue1) [FMSConnected=true]
GlobalTracer.CmdAutoSideSwitch_Info: [0.541] delay=0.0, getSecondCube=false
GlobalTracer.CmdAutoSideSwitch_Info: alliance=Blue, gameSpecificMsg=LRL, delay=0.000, getSecondCube=false
GlobalTracer.Vision_Info: Pixy is enabled!
GlobalTracer.FrcAuto.startMode_Info: [0.582] startMode done!
GlobalTracer.startCompetition_Warn: AUTO_MODE.startMode takes too long (0.573s)
GlobalTracer.Robot_Info: [0.585]   DO_DELAY: xPos=  0.00,yPos=  0.00,heading=  -0.7/   0.0,volts=12.7(12.6)
GlobalTracer.startCompetition_Warn: AUTO_MODE.runPeriodic takes too long (0.258s)
GlobalTracer.startCompetition_Warn: AUTO_MODE.updates takes too long (0.032s)
GlobalTracer.startCompetition_Warn: AUTO_MODE takes too long (0.913s)
GlobalTracer.Robot_Info: [0.911] DRIVE_TO_SWITCH: xPos=  0.00,yPos=  0.00,heading=   0.0/   0.0,volts=12.7(12.6)
GlobalTracer.printPidInfo_Info: [0.911] elevatorPidController: Target=  34.8, Input=   0.0, Error=  26.8, PIDTerms= 0.000/ 0.000/ 0.000/ 0.000, Output= 0.000(-1.000/1.000), Volt=12.7(12.6)
GlobalTracer.startCompetition_Warn: AUTO_MODE.runContinuous takes too long (0.023s)
GlobalTracer.printPidInfo_Info: encoderXPidCtrl: Target=   0.0, Input=   0.0, Error=   0.0, PIDTerms= 0.000/ 0.000/ 0.000/ 0.000, Output= 0.000(-0.700/0.700), Volt=12.7(12.6)
GlobalTracer.printPidInfo_Info: encoderYPidCtrl: Target= 115.0, Input=   0.0, Error= 115.0, PIDTerms= 2.300/ 0.000/ 0.000/ 0.000, Output= 0.600(-0.600/0.600), Volt=12.7(12.6)
GlobalTracer.printPidInfo_Info: gyroTurnPidCtrl: Target=   0.0, Input=   0.0, Error=   0.0, PIDTerms= 0.000/ 0.000/ 0.000/ 0.000, Output= 0.000(-0.700/0.700), Volt=12.7(12.6)
GlobalTracer.startCompetition_Warn: AUTO_MODE.postContinuousTasks takes too long (0.022s)
GlobalTracer.startCompetition_Warn: AUTO_MODE.updates takes too long (0.040s)
GlobalTracer.startCompetition_Warn: AUTO_MODE takes too long (0.113s)
GlobalTracer.SonarTrigger_Info: [1.101] prevZone=-1, currZone=1, distance=70.13
GlobalTracer.startCompetition_Warn: AUTO_MODE.preContinuousTasks takes too long (0.079s)
GlobalTracer.printPidInfo_Info: [1.104] elevatorPidController: Target=  34.8, Input=   8.0, Error=  26.8, PIDTerms= 5.350/ 0.001/ 0.000/ 0.000, Output= 1.000(-1.000/1.000), Volt=10.0(9.8)
GlobalTracer.startCompetition_Warn: AUTO_MODE.runContinuous takes too long (0.027s)
GlobalTracer.startCompetition_Warn: AUTO_MODE.runPeriodic takes too long (0.062s)
GlobalTracer.printPidInfo_Info: encoderXPidCtrl: Target=   0.0, Input=   0.1, Error=  -0.1, PIDTerms=-0.017/ 0.000/-0.004/ 0.000, Output=-0.021(-0.700/0.700), Volt=10.0(9.8)
GlobalTracer.printPidInfo_Info: encoderYPidCtrl: Target= 115.0, Input=   0.8, Error= 114.2, PIDTerms= 2.284/ 0.000/-0.005/ 0.000, Output= 0.600(-0.600/0.600), Volt=10.0(9.8)
GlobalTracer.printPidInfo_Info: gyroTurnPidCtrl: Target=   0.0, Input=   0.2, Error=  -0.2, PIDTerms=-0.003/ 0.000/-0.001/ 0.000, Output=-0.004(-0.700/0.700), Volt=10.1(9.8)
GlobalTracer.startCompetition_Warn: AUTO_MODE.postContinuousTasks takes too long (0.024s)
GlobalTracer.startCompetition_Warn: AUTO_MODE.updates takes too long (0.040s)
GlobalTracer.startCompetition_Warn: AUTO_MODE takes too long (0.255s)
GlobalTracer.printPidInfo_Info: [1.282] elevatorPidController: Target=  34.8, Input=  13.2, Error=  21.6, PIDTerms= 4.311/ 0.007/-0.000/ 0.000, Output= 1.000(-1.000/1.000), Volt=10.2(9.8)
GlobalTracer.printPidInfo_Info: encoderXPidCtrl: Target=   0.0, Input=   0.2, Error=  -0.2, PIDTerms=-0.052/ 0.000/-0.019/ 0.000, Output=-0.071(-0.700/0.700), Volt=10.2(9.8)
GlobalTracer.printPidInfo_Info: encoderYPidCtrl: Target= 115.0, Input=   6.8, Error= 108.2, PIDTerms= 2.164/ 0.000/-0.079/ 0.000, Output= 0.600(-0.600/0.600), Volt=10.2(9.8)
GlobalTracer.printPidInfo_Info: gyroTurnPidCtrl: Target=   0.0, Input=   0.6, Error=  -0.6, PIDTerms=-0.012/ 0.000/-0.007/ 0.000, Output=-0.018(-0.700/0.700), Volt=10.2(9.8)
GlobalTracer.startCompetition_Warn: AUTO_MODE.postContinuousTasks takes too long (0.021s)
GlobalTracer.startCompetition_Warn: AUTO_MODE.updates takes too long (0.051s)
GlobalTracer.startCompetition_Warn: AUTO_MODE takes too long (0.120s)
GlobalTracer.printPidInfo_Info: [1.403] elevatorPidController: Target=  34.8, Input=  16.9, Error=  17.8, PIDTerms= 3.567/ 0.009/-0.000/ 0.000, Output= 1.000(-1.000/1.000), Volt=10.3(9.8)
GlobalTracer.startCompetition_Warn: AUTO_MODE.runPeriodic takes too long (0.021s)
GlobalTracer.printPidInfo_Info: encoderXPidCtrl: Target=   0.0, Input=   0.2, Error=  -0.2, PIDTerms=-0.048/ 0.000/ 0.002/ 0.000, Output=-0.045(-0.700/0.700), Volt=10.3(9.8)
GlobalTracer.printPidInfo_Info: encoderYPidCtrl: Target= 115.0, Input=  11.7, Error= 103.3, PIDTerms= 2.065/ 0.000/-0.061/ 0.000, Output= 0.600(-0.600/0.600), Volt=10.3(9.8)
GlobalTracer.printPidInfo_Info: gyroTurnPidCtrl: Target=   0.0, Input=   1.1, Error=  -1.1, PIDTerms=-0.022/ 0.000/-0.008/ 0.000, Output=-0.030(-0.700/0.700), Volt=10.5(9.8)
GlobalTracer.startCompetition_Warn: AUTO_MODE.postContinuousTasks takes too long (0.029s)
GlobalTracer.startCompetition_Warn: AUTO_MODE.updates takes too long (0.056s)
GlobalTracer.startCompetition_Warn: AUTO_MODE takes too long (0.135s)
GlobalTracer.printPidInfo_Info: [1.540] elevatorPidController: Target=  34.8, Input=  22.3, Error=  12.5, PIDTerms= 2.493/ 0.010/-0.000/ 0.000, Output= 1.000(-1.000/1.000), Volt=10.4(9.8)
GlobalTracer.startCompetition_Warn: AUTO_MODE.runPeriodic takes too long (0.030s)
GlobalTracer.printPidInfo_Info: encoderXPidCtrl: Target=   0.0, Input=   0.1, Error=  -0.1, PIDTerms=-0.014/ 0.000/ 0.014/ 0.000, Output=-0.000(-0.700/0.700), Volt=10.4(9.8)
GlobalTracer.printPidInfo_Info: encoderYPidCtrl: Target= 115.0, Input=  18.8, Error=  96.2, PIDTerms= 1.925/ 0.000/-0.070/ 0.000, Output= 0.600(-0.600/0.600), Volt=10.4(9.8)
GlobalTracer.printPidInfo_Info: gyroTurnPidCtrl: Target=   0.0, Input=   1.4, Error=  -1.4, PIDTerms=-0.027/ 0.000/-0.003/ 0.000, Output=-0.030(-0.700/0.700), Volt=10.4(9.8)
GlobalTracer.startCompetition_Warn: AUTO_MODE.postContinuousTasks takes too long (0.025s)
GlobalTracer.startCompetition_Warn: AUTO_MODE.updates takes too long (0.058s)
GlobalTracer.startCompetition_Warn: AUTO_MODE takes too long (0.144s)
GlobalTracer.startCompetition_Warn: AUTO_MODE.preContinuousTasks takes too long (0.022s)
GlobalTracer.printPidInfo_Info: [1.685] elevatorPidController: Target=  34.8, Input=  27.7, Error=   7.0, PIDTerms= 1.405/ 0.011/-0.000/ 0.000, Output= 1.000(-1.000/1.000), Volt=10.6(9.8)
GlobalTracer.startCompetition_Warn: AUTO_MODE.runPeriodic takes too long (0.036s)
GlobalTracer.printPidInfo_Info: encoderXPidCtrl: Target=   0.0, Input=   0.0, Error=  -0.0, PIDTerms=-0.004/ 0.000/ 0.004/ 0.000, Output=-0.000(-0.700/0.700), Volt=10.6(9.8)
GlobalTracer.printPidInfo_Info: encoderYPidCtrl: Target= 115.0, Input=  26.8, Error=  88.2, PIDTerms= 1.764/ 0.000/-0.074/ 0.000, Output= 0.600(-0.600/0.600), Volt=10.5(9.8)
GlobalTracer.printPidInfo_Info: gyroTurnPidCtrl: Target=   0.0, Input=   1.2, Error=  -1.2, PIDTerms=-0.024/ 0.000/ 0.002/ 0.000, Output=-0.022(-0.700/0.700), Volt=10.5(9.8)
GlobalTracer.startCompetition_Warn: AUTO_MODE.postContinuousTasks takes too long (0.037s)
GlobalTracer.startCompetition_Warn: AUTO_MODE.updates takes too long (0.066s)
GlobalTracer.startCompetition_Warn: AUTO_MODE takes too long (0.186s)
GlobalTracer.printPidInfo_Info: [1.873] elevatorPidController: Target=  34.8, Input=  34.0, Error=   0.8, PIDTerms= 0.151/ 0.012/-0.000/ 0.000, Output= 0.163(-1.000/1.000), Volt=11.4(9.8)
GlobalTracer.startCompetition_Warn: AUTO_MODE.runPeriodic takes too long (0.042s)
GlobalTracer.printPidInfo_Info: encoderXPidCtrl: Target=   0.0, Input=  -0.2, Error=   0.2, PIDTerms= 0.044/ 0.000/ 0.015/ 0.000, Output= 0.059(-0.700/0.700), Volt=11.4(9.8)
GlobalTracer.printPidInfo_Info: encoderYPidCtrl: Target= 115.0, Input=  39.5, Error=  75.5, PIDTerms= 1.510/ 0.000/-0.102/ 0.000, Output= 0.600(-0.600/0.600), Volt=11.4(9.8)
GlobalTracer.printPidInfo_Info: gyroTurnPidCtrl: Target=   0.0, Input=   0.6, Error=  -0.6, PIDTerms=-0.013/ 0.000/ 0.005/ 0.000, Output=-0.008(-0.700/0.700), Volt=11.4(9.8)
GlobalTracer.startCompetition_Warn: AUTO_MODE.postContinuousTasks takes too long (0.039s)
GlobalTracer.startCompetition_Warn: AUTO_MODE.updates takes too long (0.053s)
GlobalTracer.startCompetition_Warn: AUTO_MODE takes too long (0.176s)
GlobalTracer.startCompetition_Warn: AUTO_MODE.preContinuousTasks takes too long (0.024s)
GlobalTracer.printPidInfo_Info: [2.054] elevatorPidController: Target=  34.8, Input=  37.3, Error=  -2.5, PIDTerms=-0.509/ 0.011/-0.000/ 0.000, Output=-0.498(-1.000/1.000), Volt=11.3(9.8)
GlobalTracer.startCompetition_Warn: AUTO_MODE.runPeriodic takes too long (0.053s)
GlobalTracer.printPidInfo_Info: encoderXPidCtrl: Target=   0.0, Input=   0.2, Error=  -0.2, PIDTerms=-0.052/ 0.000/-0.030/ 0.000, Output=-0.082(-0.700/0.700), Volt=11.4(9.8)
GlobalTracer.printPidInfo_Info: encoderYPidCtrl: Target= 115.0, Input=  53.1, Error=  61.9, PIDTerms= 1.239/ 0.000/-0.105/ 0.000, Output= 0.600(-0.600/0.600), Volt=11.4(9.8)
GlobalTracer.printPidInfo_Info: gyroTurnPidCtrl: Target=   0.0, Input=   0.3, Error=  -0.3, PIDTerms=-0.006/ 0.000/ 0.003/ 0.000, Output=-0.003(-0.700/0.700), Volt=11.4(9.8)
GlobalTracer.startCompetition_Warn: AUTO_MODE.postContinuousTasks takes too long (0.038s)
GlobalTracer.startCompetition_Warn: AUTO_MODE.updates takes too long (0.066s)
GlobalTracer.startCompetition_Warn: AUTO_MODE takes too long (0.201s)
GlobalTracer.startCompetition_Warn: AUTO_MODE.preContinuousTasks takes too long (0.022s)
GlobalTracer.printPidInfo_Info: [2.257] elevatorPidController: Target=  34.8, Input=  32.9, Error=   1.8, PIDTerms= 0.368/ 0.011/ 0.000/ 0.000, Output= 0.379(-1.000/1.000), Volt=11.2(9.8)
GlobalTracer.startCompetition_Warn: AUTO_MODE.runPeriodic takes too long (0.053s)
GlobalTracer.printPidInfo_Info: encoderXPidCtrl: Target=   0.0, Input=   0.3, Error=  -0.3, PIDTerms=-0.063/ 0.000/-0.003/ 0.000, Output=-0.067(-0.700/0.700), Volt=11.5(9.8)
GlobalTracer.printPidInfo_Info: encoderYPidCtrl: Target= 115.0, Input=  68.6, Error=  46.4, PIDTerms= 0.929/ 0.000/-0.109/ 0.000, Output= 0.600(-0.600/0.600), Volt=11.4(9.8)
GlobalTracer.printPidInfo_Info: gyroTurnPidCtrl: Target=   0.0, Input=   0.3, Error=  -0.3, PIDTerms=-0.007/ 0.000/-0.000/ 0.000, Output=-0.007(-0.700/0.700), Volt=11.4(9.8)
GlobalTracer.startCompetition_Warn: AUTO_MODE.postContinuousTasks takes too long (0.048s)
GlobalTracer.startCompetition_Warn: AUTO_MODE.updates takes too long (0.094s)
GlobalTracer.startCompetition_Warn: AUTO_MODE takes too long (0.244s)
GlobalTracer.startCompetition_Warn: AUTO_MODE.preContinuousTasks takes too long (0.038s)
GlobalTracer.printPidInfo_Info: [2.502] elevatorPidController: Target=  34.8, Input=  32.9, Error=   1.8, PIDTerms= 0.369/ 0.012/ 0.000/ 0.000, Output= 0.381(-1.000/1.000), Volt=11.3(9.8)
GlobalTracer.startCompetition_Warn: AUTO_MODE.runPeriodic takes too long (0.050s)
GlobalTracer.printPidInfo_Info: encoderXPidCtrl: Target=   0.0, Input=  -0.1, Error=   0.1, PIDTerms= 0.028/ 0.000/ 0.022/ 0.000, Output= 0.051(-0.700/0.700), Volt=11.5(9.8)
GlobalTracer.printPidInfo_Info: encoderYPidCtrl: Target= 115.0, Input=  88.9, Error=  26.1, PIDTerms= 0.522/ 0.000/-0.124/ 0.000, Output= 0.398(-0.600/0.600), Volt=12.0(9.8)
GlobalTracer.printPidInfo_Info: gyroTurnPidCtrl: Target=   0.0, Input=   1.2, Error=  -1.2, PIDTerms=-0.025/ 0.000/-0.006/ 0.000, Output=-0.031(-0.700/0.700), Volt=12.0(9.8)
GlobalTracer.startCompetition_Warn: AUTO_MODE.postContinuousTasks takes too long (0.044s)
GlobalTracer.startCompetition_Warn: AUTO_MODE.updates takes too long (0.086s)
GlobalTracer.startCompetition_Warn: AUTO_MODE takes too long (0.230s)
GlobalTracer.startCompetition_Warn: AUTO_MODE.preContinuousTasks takes too long (0.039s)
GlobalTracer.printPidInfo_Info: [2.734] elevatorPidController: Target=  34.8, Input=  34.8, Error=  -0.1, PIDTerms=-0.012/ 0.012/-0.000/ 0.000, Output=-0.000(-1.000/1.000), Volt=12.3(9.8)
GlobalTracer.startCompetition_Warn: AUTO_MODE.runPeriodic takes too long (0.058s)
GlobalTracer.printPidInfo_Info: encoderXPidCtrl: Target=   0.0, Input=  -0.1, Error=   0.1, PIDTerms= 0.015/ 0.000/-0.003/ 0.000, Output= 0.011(-0.700/0.700), Volt=12.2(9.8)
GlobalTracer.printPidInfo_Info: encoderYPidCtrl: Target= 115.0, Input= 108.1, Error=   6.9, PIDTerms= 0.139/ 0.000/-0.118/ 0.000, Output= 0.021(-0.600/0.600), Volt=12.2(9.8)
GlobalTracer.printPidInfo_Info: gyroTurnPidCtrl: Target=   0.0, Input=   1.2, Error=  -1.2, PIDTerms=-0.023/ 0.000/ 0.001/ 0.000, Output=-0.023(-0.700/0.700), Volt=12.3(9.8)
GlobalTracer.startCompetition_Warn: AUTO_MODE.postContinuousTasks takes too long (0.055s)
GlobalTracer.startCompetition_Warn: AUTO_MODE.updates takes too long (0.093s)
GlobalTracer.startCompetition_Warn: AUTO_MODE takes too long (0.262s)
GlobalTracer.SonarTrigger_Info: [3.039] prevZone=1, currZone=0, distance=9.95
GlobalTracer.startCompetition_Warn: AUTO_MODE.preContinuousTasks takes too long (0.050s)
GlobalTracer.Robot_Info: [3.040] TURN_AND_TOUCH_SWITCH: xPos= -0.48,yPos=126.35,heading=   0.2/  90.0,volts=12.4(9.8)
GlobalTracer.printPidInfo_Info: [3.040] elevatorPidController: Target=  34.8, Input=  34.7, Error=   0.0, PIDTerms= 0.010/ 0.012/ 0.000/ 0.000, Output= 0.021(-1.000/1.000), Volt=12.4(9.8)
GlobalTracer.startCompetition_Warn: AUTO_MODE.runContinuous takes too long (0.025s)
GlobalTracer.startCompetition_Warn: AUTO_MODE.runPeriodic takes too long (0.021s)
GlobalTracer.printPidInfo_Info: encoderXPidCtrl: Target=  -0.5, Input=  -0.5, Error=   0.0, PIDTerms= 0.000/ 0.000/ 0.000/-0.000, Output= 0.000(-0.700/0.700), Volt=12.4(9.8)
GlobalTracer.printPidInfo_Info: encoderYPidCtrl: Target= 176.3, Input= 126.3, Error=  50.0, PIDTerms= 1.000/ 0.000/ 0.000/ 0.000, Output= 0.600(-0.600/0.600), Volt=12.4(9.8)
GlobalTracer.printPidInfo_Info: gyroTurnPidCtrl: Target=  90.0, Input=   0.2, Error=  89.8, PIDTerms= 1.796/ 0.000/ 0.000/ 0.000, Output= 0.700(-0.700/0.700), Volt=10.8(9.8)
GlobalTracer.startCompetition_Warn: AUTO_MODE.postContinuousTasks takes too long (0.042s)
GlobalTracer.startCompetition_Warn: AUTO_MODE.updates takes too long (0.068s)
GlobalTracer.startCompetition_Warn: AUTO_MODE takes too long (0.220s)
GlobalTracer.startCompetition_Warn: AUTO_MODE.preContinuousTasks takes too long (0.022s)
GlobalTracer.printPidInfo_Info: [3.218] elevatorPidController: Target=  34.8, Input=  34.0, Error=   0.8, PIDTerms= 0.157/ 0.012/ 0.000/ 0.000, Output= 0.169(-1.000/1.000), Volt=10.6(9.8)
GlobalTracer.startCompetition_Warn: AUTO_MODE.runPeriodic takes too long (0.023s)
GlobalTracer.printPidInfo_Info: encoderXPidCtrl: Target=  -0.5, Input=  -0.7, Error=   0.2, PIDTerms= 0.051/ 0.000/ 0.017/-0.000, Output= 0.068(-0.700/0.700), Volt=10.7(9.8)
GlobalTracer.printPidInfo_Info: encoderYPidCtrl: Target= 176.3, Input= 140.9, Error=  35.4, PIDTerms= 0.708/ 0.000/-0.124/ 0.000, Output= 0.585(-0.600/0.600), Volt=10.7(9.8)
GlobalTracer.printPidInfo_Info: gyroTurnPidCtrl: Target=  90.0, Input=   4.8, Error=  85.3, PIDTerms= 1.705/ 0.000/-0.045/ 0.000, Output= 0.700(-0.700/0.700), Volt=10.7(9.8)
GlobalTracer.startCompetition_Warn: AUTO_MODE.updates takes too long (0.026s)
GlobalTracer.startCompetition_Warn: AUTO_MODE takes too long (0.100s)
GlobalTracer.printPidInfo_Info: [3.319] elevatorPidController: Target=  34.8, Input=  33.9, Error=   0.8, PIDTerms= 0.160/ 0.012/ 0.000/ 0.000, Output= 0.172(-1.000/1.000), Volt=10.9(9.8)
GlobalTracer.startCompetition_Warn: AUTO_MODE.runPeriodic takes too long (0.022s)
GlobalTracer.printPidInfo_Info: encoderXPidCtrl: Target=  -0.5, Input=  -1.3, Error=   0.8, PIDTerms= 0.193/ 0.000/ 0.102/-0.000, Output= 0.295(-0.700/0.700), Volt=10.9(9.8)
GlobalTracer.printPidInfo_Info: encoderYPidCtrl: Target= 176.3, Input= 146.9, Error=  29.4, PIDTerms= 0.589/ 0.000/-0.107/ 0.000, Output= 0.481(-0.600/0.600), Volt=11.3(9.8)
GlobalTracer.printPidInfo_Info: gyroTurnPidCtrl: Target=  90.0, Input=  14.5, Error=  75.5, PIDTerms= 1.511/ 0.000/-0.203/ 0.000, Output= 0.700(-0.700/0.700), Volt=11.3(9.8)
GlobalTracer.startCompetition_Warn: AUTO_MODE.updates takes too long (0.035s)
GlobalTracer.printPidInfo_Info: [3.419] elevatorPidController: Target=  34.8, Input=  33.9, Error=   0.8, PIDTerms= 0.160/ 0.012/ 0.000/ 0.000, Output= 0.172(-1.000/1.000), Volt=11.1(9.8)
GlobalTracer.startCompetition_Warn: AUTO_MODE.runPeriodic takes too long (0.024s)
GlobalTracer.printPidInfo_Info: encoderXPidCtrl: Target=  -0.5, Input=  -1.2, Error=   0.7, PIDTerms= 0.168/ 0.000/-0.014/-0.000, Output= 0.154(-0.700/0.700), Volt=11.0(9.8)
GlobalTracer.printPidInfo_Info: encoderYPidCtrl: Target= 176.3, Input= 154.0, Error=  22.3, PIDTerms= 0.447/ 0.000/-0.105/ 0.000, Output= 0.342(-0.600/0.600), Volt=11.0(9.8)
GlobalTracer.printPidInfo_Info: gyroTurnPidCtrl: Target=  90.0, Input=  25.7, Error=  64.3, PIDTerms= 1.286/ 0.000/-0.193/ 0.000, Output= 0.700(-0.700/0.700), Volt=10.8(9.8)
GlobalTracer.startCompetition_Warn: AUTO_MODE.updates takes too long (0.036s)
GlobalTracer.startCompetition_Warn: AUTO_MODE takes too long (0.101s)
GlobalTracer.printPidInfo_Info: [3.524] elevatorPidController: Target=  34.8, Input=  33.9, Error=   0.8, PIDTerms= 0.160/ 0.012/ 0.000/ 0.000, Output= 0.172(-1.000/1.000), Volt=10.7(9.8)
GlobalTracer.printPidInfo_Info: encoderXPidCtrl: Target=  -0.5, Input=  -1.6, Error=   1.1, PIDTerms= 0.273/ 0.000/ 0.066/-0.000, Output= 0.340(-0.700/0.700), Volt=10.7(9.8)
GlobalTracer.printPidInfo_Info: encoderYPidCtrl: Target= 176.3, Input= 159.6, Error=  16.7, PIDTerms= 0.335/ 0.000/-0.088/ 0.000, Output= 0.247(-0.600/0.600), Volt=10.7(9.8)
GlobalTracer.printPidInfo_Info: gyroTurnPidCtrl: Target=  90.0, Input=  42.0, Error=  48.0, PIDTerms= 0.961/ 0.000/-0.299/ 0.000, Output= 0.662(-0.700/0.700), Volt=10.7(9.8)
GlobalTracer.startCompetition_Warn: AUTO_MODE.postContinuousTasks takes too long (0.023s)
GlobalTracer.startCompetition_Warn: AUTO_MODE.updates takes too long (0.038s)
GlobalTracer.printPidInfo_Info: [3.621] elevatorPidController: Target=  34.8, Input=  33.9, Error=   0.8, PIDTerms= 0.160/ 0.012/ 0.000/ 0.000, Output= 0.172(-1.000/1.000), Volt=10.6(9.8)
GlobalTracer.startCompetition_Warn: AUTO_MODE.runPeriodic takes too long (0.021s)
GlobalTracer.printPidInfo_Info: encoderXPidCtrl: Target=  -0.5, Input=  -2.0, Error=   1.5, PIDTerms= 0.384/ 0.000/ 0.063/-0.000, Output= 0.447(-0.700/0.700), Volt=10.7(9.8)
GlobalTracer.printPidInfo_Info: encoderYPidCtrl: Target= 176.3, Input= 164.0, Error=  12.4, PIDTerms= 0.248/ 0.000/-0.062/ 0.000, Output= 0.186(-0.600/0.600), Volt=10.7(9.8)
GlobalTracer.printPidInfo_Info: gyroTurnPidCtrl: Target=  90.0, Input=  63.1, Error=  26.9, PIDTerms= 0.538/ 0.000/-0.351/ 0.000, Output= 0.186(-0.700/0.700), Volt=10.7(9.8)
GlobalTracer.startCompetition_Warn: AUTO_MODE.postContinuousTasks takes too long (0.022s)
GlobalTracer.startCompetition_Warn: AUTO_MODE.updates takes too long (0.040s)
GlobalTracer.startCompetition_Warn: AUTO_MODE takes too long (0.109s)
GlobalTracer.printPidInfo_Info: [3.734] elevatorPidController: Target=  34.8, Input=  33.9, Error=   0.8, PIDTerms= 0.160/ 0.012/ 0.000/ 0.000, Output= 0.173(-1.000/1.000), Volt=10.9(9.8)
GlobalTracer.startCompetition_Warn: AUTO_MODE.runPeriodic takes too long (0.022s)
GlobalTracer.printPidInfo_Info: encoderXPidCtrl: Target=  -0.5, Input=  -1.8, Error=   1.3, PIDTerms= 0.327/ 0.000/-0.031/-0.000, Output= 0.296(-0.700/0.700), Volt=10.9(9.8)
GlobalTracer.printPidInfo_Info: encoderYPidCtrl: Target= 176.3, Input= 167.6, Error=   8.8, PIDTerms= 0.176/ 0.000/-0.049/ 0.000, Output= 0.127(-0.600/0.600), Volt=10.9(9.8)
GlobalTracer.printPidInfo_Info: gyroTurnPidCtrl: Target=  90.0, Input=  86.8, Error=   3.2, PIDTerms= 0.064/ 0.000/-0.375/ 0.000, Output=-0.311(-0.700/0.700), Volt=10.9(9.8)
GlobalTracer.startCompetition_Warn: AUTO_MODE.postContinuousTasks takes too long (0.029s)
GlobalTracer.startCompetition_Warn: AUTO_MODE.updates takes too long (0.035s)
GlobalTracer.startCompetition_Warn: AUTO_MODE takes too long (0.107s)
GlobalTracer.printPidInfo_Info: [3.841] elevatorPidController: Target=  34.8, Input=  34.0, Error=   0.8, PIDTerms= 0.159/ 0.013/-0.000/ 0.000, Output= 0.171(-1.000/1.000), Volt=11.1(9.8)
GlobalTracer.printPidInfo_Info: encoderXPidCtrl: Target=  -0.5, Input=   0.1, Error=  -0.6, PIDTerms=-0.155/ 0.000/-0.287/-0.000, Output=-0.442(-0.700/0.700), Volt=11.0(9.8)
GlobalTracer.printPidInfo_Info: encoderYPidCtrl: Target= 176.3, Input= 170.0, Error=   6.3, PIDTerms= 0.126/ 0.000/-0.037/ 0.000, Output= 0.090(-0.600/0.600), Volt=11.0(9.8)
GlobalTracer.printPidInfo_Info: gyroTurnPidCtrl: Target=  90.0, Input= 108.8, Error= -18.8, PIDTerms=-0.375/ 0.000/-0.381/ 0.000, Output=-0.700(-0.700/0.700), Volt=11.1(9.8)
GlobalTracer.startCompetition_Warn: AUTO_MODE.postContinuousTasks takes too long (0.025s)
GlobalTracer.startCompetition_Warn: AUTO_MODE.updates takes too long (0.058s)
GlobalTracer.startCompetition_Warn: AUTO_MODE takes too long (0.117s)
GlobalTracer.printPidInfo_Info: [3.958] elevatorPidController: Target=  34.8, Input=  33.9, Error=   0.8, PIDTerms= 0.160/ 0.013/ 0.000/ 0.000, Output= 0.173(-1.000/1.000), Volt=9.7(9.7)
GlobalTracer.startCompetition_Warn: AUTO_MODE.runPeriodic takes too long (0.021s)
GlobalTracer.printPidInfo_Info: encoderXPidCtrl: Target=  -0.5, Input=   0.3, Error=  -0.8, PIDTerms=-0.192/ 0.000/-0.018/-0.000, Output=-0.209(-0.700/0.700), Volt=10.1(9.7)
GlobalTracer.printPidInfo_Info: encoderYPidCtrl: Target= 176.3, Input= 170.7, Error=   5.6, PIDTerms= 0.113/ 0.000/-0.008/ 0.000, Output= 0.105(-0.600/0.600), Volt=10.1(9.7)
GlobalTracer.printPidInfo_Info: gyroTurnPidCtrl: Target=  90.0, Input= 122.2, Error= -32.2, PIDTerms=-0.644/ 0.000/-0.188/ 0.000, Output=-0.700(-0.700/0.700), Volt=10.1(9.7)
GlobalTracer.startCompetition_Warn: AUTO_MODE.updates takes too long (0.065s)
GlobalTracer.startCompetition_Warn: AUTO_MODE takes too long (0.130s)
GlobalTracer.printPidInfo_Info: [4.089] elevatorPidController: Target=  34.8, Input=  33.9, Error=   0.8, PIDTerms= 0.160/ 0.013/ 0.000/ 0.000, Output= 0.173(-1.000/1.000), Volt=10.1(9.7)
GlobalTracer.printPidInfo_Info: encoderXPidCtrl: Target=  -0.5, Input=  -1.5, Error=   1.1, PIDTerms= 0.264/ 0.000/ 0.209/-0.000, Output= 0.473(-0.700/0.700), Volt=10.3(9.7)
GlobalTracer.printPidInfo_Info: encoderYPidCtrl: Target= 176.3, Input= 171.2, Error=   5.1, PIDTerms= 0.103/ 0.000/-0.006/ 0.000, Output= 0.097(-0.600/0.600), Volt=10.3(9.7)
GlobalTracer.printPidInfo_Info: gyroTurnPidCtrl: Target=  90.0, Input= 118.3, Error= -28.3, PIDTerms=-0.567/ 0.000/ 0.052/ 0.000, Output=-0.515(-0.700/0.700), Volt=10.3(9.7)
GlobalTracer.startCompetition_Warn: AUTO_MODE.postContinuousTasks takes too long (0.024s)
GlobalTracer.startCompetition_Warn: AUTO_MODE.updates takes too long (0.049s)
GlobalTracer.startCompetition_Warn: AUTO_MODE takes too long (0.121s)
GlobalTracer.printPidInfo_Info: [4.211] elevatorPidController: Target=  34.8, Input=  33.9, Error=   0.8, PIDTerms= 0.160/ 0.013/ 0.000/ 0.000, Output= 0.173(-1.000/1.000), Volt=10.4(9.7)
GlobalTracer.startCompetition_Warn: AUTO_MODE.runPeriodic takes too long (0.021s)
GlobalTracer.printPidInfo_Info: encoderXPidCtrl: Target=  -0.5, Input=  -1.9, Error=   1.4, PIDTerms= 0.360/ 0.000/ 0.048/-0.000, Output= 0.409(-0.700/0.700), Volt=10.6(9.7)
GlobalTracer.printPidInfo_Info: encoderYPidCtrl: Target= 176.3, Input= 171.7, Error=   4.6, PIDTerms= 0.093/ 0.000/-0.006/ 0.000, Output= 0.087(-0.600/0.600), Volt=10.6(9.7)
GlobalTracer.printPidInfo_Info: gyroTurnPidCtrl: Target=  90.0, Input= 104.4, Error= -14.4, PIDTerms=-0.288/ 0.000/ 0.204/ 0.000, Output=-0.084(-0.700/0.700), Volt=10.6(9.7)
GlobalTracer.startCompetition_Warn: AUTO_MODE.updates takes too long (0.051s)
GlobalTracer.startCompetition_Warn: AUTO_MODE takes too long (0.108s)
GlobalTracer.printPidInfo_Info: [4.322] elevatorPidController: Target=  34.8, Input=  33.9, Error=   0.8, PIDTerms= 0.160/ 0.013/ 0.000/ 0.000, Output= 0.173(-1.000/1.000), Volt=11.3(9.7)
GlobalTracer.printPidInfo_Info: encoderXPidCtrl: Target=  -0.5, Input=  -0.6, Error=   0.2, PIDTerms= 0.038/ 0.000/-0.195/-0.000, Output=-0.157(-0.700/0.700), Volt=11.3(9.7)
GlobalTracer.printPidInfo_Info: encoderYPidCtrl: Target= 176.3, Input= 173.1, Error=   3.3, PIDTerms= 0.066/ 0.000/-0.020/ 0.000, Output= 0.045(-0.600/0.600), Volt=11.3(9.7)
GlobalTracer.printPidInfo_Info: gyroTurnPidCtrl: Target=  90.0, Input=  93.8, Error=  -3.8, PIDTerms=-0.076/ 0.000/ 0.187/ 0.000, Output= 0.111(-0.700/0.700), Volt=11.3(9.7)
GlobalTracer.startCompetition_Warn: AUTO_MODE.postContinuousTasks takes too long (0.036s)
GlobalTracer.startCompetition_Warn: AUTO_MODE.updates takes too long (0.034s)
GlobalTracer.startCompetition_Warn: AUTO_MODE takes too long (0.101s)
GlobalTracer.printPidInfo_Info: [4.424] elevatorPidController: Target=  34.8, Input=  34.0, Error=   0.7, PIDTerms= 0.149/ 0.013/-0.000/ 0.000, Output= 0.162(-1.000/1.000), Volt=11.8(9.7)
GlobalTracer.printPidInfo_Info: encoderXPidCtrl: Target=   0.0, Input=   0.3, Error=   0.0, PIDTerms=-0.199/ 0.000/-0.126/-0.000, Output= 0.000(-0.700/0.700), Volt=11.8(9.7)
GlobalTracer.printPidInfo_Info: encoderYPidCtrl: Target=   0.0, Input= 174.6, Error=   0.0, PIDTerms= 0.035/ 0.000/-0.020/ 0.000, Output= 0.000(-0.600/0.600), Volt=11.8(9.7)
GlobalTracer.printPidInfo_Info: gyroTurnPidCtrl: Target=   0.0, Input=  88.5, Error=   0.0, PIDTerms= 0.030/ 0.000/ 0.082/ 0.000, Output= 0.000(-0.700/0.700), Volt=11.9(9.7)
GlobalTracer.startCompetition_Warn: AUTO_MODE.postContinuousTasks takes too long (0.021s)
GlobalTracer.startCompetition_Warn: AUTO_MODE.updates takes too long (0.031s)
GlobalTracer.Robot_Info: [4.517]  DROP_CUBE: xPos=  0.33,yPos=174.96,heading=  88.2/  90.0,volts=12.3(9.7)
GlobalTracer.printPidInfo_Info: [4.517] elevatorPidController: Target=  34.8, Input=  34.0, Error=   0.7, PIDTerms= 0.143/ 0.013/-0.000/ 0.000, Output= 0.156(-1.000/1.000), Volt=12.3(9.7)
GlobalTracer.startCompetition_Warn: AUTO_MODE.runContinuous takes too long (0.028s)
GlobalTracer.startCompetition_Warn: AUTO_MODE.updates takes too long (0.036s)
GlobalTracer.Robot_Info: [4.605]       DONE: xPos=  0.37,yPos=175.27,heading=  89.0/  90.0,volts=11.3(9.7)
GlobalTracer.printPidInfo_Info: [4.605] elevatorPidController: Target=  34.8, Input=  34.0, Error=   0.7, PIDTerms= 0.143/ 0.013/ 0.000/ 0.000, Output= 0.156(-1.000/1.000), Volt=11.3(9.7)
GlobalTracer.startCompetition_Warn: AUTO_MODE.updates takes too long (0.022s)
GlobalTracer.printPidInfo_Info: [4.668] elevatorPidController: Target=  34.8, Input=  34.0, Error=   0.7, PIDTerms= 0.143/ 0.013/ 0.000/ 0.000, Output= 0.156(-1.000/1.000), Volt=12.3(9.7)
GlobalTracer.startCompetition_Warn: AUTO_MODE.updates takes too long (0.021s)
GlobalTracer.printPidInfo_Info: [4.727] elevatorPidController: Target=  34.8, Input=  34.0, Error=   0.7, PIDTerms= 0.143/ 0.013/ 0.000/ 0.000, Output= 0.156(-1.000/1.000), Volt=12.4(9.7)
GlobalTracer.printPidInfo_Info: [4.782] elevatorPidController: Target=  34.8, Input=  34.1, Error=   0.6, PIDTerms= 0.129/ 0.013/-0.000/ 0.000, Output= 0.142(-1.000/1.000), Volt=12.3(9.7)
GlobalTracer.startCompetition_Warn: AUTO_MODE.updates takes too long (0.035s)
GlobalTracer.printPidInfo_Info: [4.844] elevatorPidController: Target=  34.8, Input=  34.1, Error=   0.6, PIDTerms= 0.129/ 0.013/ 0.000/ 0.000, Output= 0.142(-1.000/1.000), Volt=12.3(9.7)
GlobalTracer.startCompetition_Warn: AUTO_MODE.updates takes too long (0.032s)
GlobalTracer.printPidInfo_Info: [4.905] elevatorPidController: Target=  34.8, Input=  34.1, Error=   0.6, PIDTerms= 0.129/ 0.013/ 0.000/ 0.000, Output= 0.142(-1.000/1.000), Volt=12.4(9.7)
GlobalTracer.startCompetition_Warn: AUTO_MODE.updates takes too long (0.035s)
GlobalTracer.printPidInfo_Info: [4.966] elevatorPidController: Target=  34.8, Input=  34.1, Error=   0.6, PIDTerms= 0.129/ 0.013/ 0.000/ 0.000, Output= 0.142(-1.000/1.000), Volt=12.4(9.7)
GlobalTracer.startCompetition_Warn: AUTO_MODE.updates takes too long (0.023s)
GlobalTracer.printPidInfo_Info: [5.019] elevatorPidController: Target=  34.8, Input=  34.1, Error=   0.6, PIDTerms= 0.129/ 0.013/ 0.000/ 0.000, Output= 0.142(-1.000/1.000), Volt=12.3(9.7)
GlobalTracer.startCompetition_Warn: AUTO_MODE.updates takes too long (0.023s)
GlobalTracer.printPidInfo_Info: [5.062] elevatorPidController: Target=  34.8, Input=  34.1, Error=   0.6, PIDTerms= 0.129/ 0.013/ 0.000/ 0.000, Output= 0.142(-1.000/1.000), Volt=12.4(9.7)
GlobalTracer.startCompetition_Warn: AUTO_MODE.updates takes too long (0.030s)
GlobalTracer.printPidInfo_Info: [5.133] elevatorPidController: Target=  34.8, Input=  34.1, Error=   0.6, PIDTerms= 0.129/ 0.014/ 0.000/ 0.000, Output= 0.142(-1.000/1.000), Volt=12.4(9.7)
GlobalTracer.startCompetition_Warn: AUTO_MODE.runPeriodic takes too long (0.022s)
GlobalTracer.startCompetition_Warn: AUTO_MODE.updates takes too long (0.036s)
GlobalTracer.printPidInfo_Info: [5.218] elevatorPidController: Target=  34.8, Input=  34.1, Error=   0.6, PIDTerms= 0.129/ 0.014/ 0.000/ 0.000, Output= 0.142(-1.000/1.000), Volt=12.4(9.7)
GlobalTracer.startCompetition_Warn: AUTO_MODE.runPeriodic takes too long (0.022s)
GlobalTracer.startCompetition_Warn: AUTO_MODE.updates takes too long (0.026s)
GlobalTracer.printPidInfo_Info: [5.289] elevatorPidController: Target=  34.8, Input=  34.1, Error=   0.6, PIDTerms= 0.129/ 0.014/ 0.000/ 0.000, Output= 0.142(-1.000/1.000), Volt=12.4(9.7)
GlobalTracer.startCompetition_Warn: AUTO_MODE.updates takes too long (0.024s)
GlobalTracer.printPidInfo_Info: [5.351] elevatorPidController: Target=  34.8, Input=  34.1, Error=   0.6, PIDTerms= 0.129/ 0.014/ 0.000/ 0.000, Output= 0.142(-1.000/1.000), Volt=12.4(9.7)
GlobalTracer.startCompetition_Warn: AUTO_MODE.updates takes too long (0.034s)
GlobalTracer.printPidInfo_Info: [5.421] elevatorPidController: Target=  34.8, Input=  34.1, Error=   0.6, PIDTerms= 0.129/ 0.014/ 0.000/ 0.000, Output= 0.142(-1.000/1.000), Volt=12.4(9.7)
GlobalTracer.startCompetition_Warn: AUTO_MODE.updates takes too long (0.026s)
GlobalTracer.printPidInfo_Info: [5.483] elevatorPidController: Target=  34.8, Input=  34.1, Error=   0.6, PIDTerms= 0.129/ 0.014/ 0.000/ 0.000, Output= 0.142(-1.000/1.000), Volt=12.4(9.7)
GlobalTracer.startCompetition_Warn: AUTO_MODE.runPeriodic takes too long (0.021s)
GlobalTracer.startCompetition_Warn: AUTO_MODE.updates takes too long (0.041s)
GlobalTracer.printPidInfo_Info: [5.565] elevatorPidController: Target=  34.8, Input=  34.1, Error=   0.6, PIDTerms= 0.129/ 0.014/ 0.000/ 0.000, Output= 0.142(-1.000/1.000), Volt=12.3(9.7)
GlobalTracer.startCompetition_Warn: AUTO_MODE.updates takes too long (0.028s)
GlobalTracer.printPidInfo_Info: [5.631] elevatorPidController: Target=  34.8, Input=  34.1, Error=   0.6, PIDTerms= 0.129/ 0.014/ 0.000/ 0.000, Output= 0.142(-1.000/1.000), Volt=12.4(9.7)
GlobalTracer.startCompetition_Warn: AUTO_MODE.updates takes too long (0.035s)
GlobalTracer.printPidInfo_Info: [5.708] elevatorPidController: Target=  34.8, Input=  34.1, Error=   0.6, PIDTerms= 0.129/ 0.014/ 0.000/ 0.000, Output= 0.142(-1.000/1.000), Volt=12.5(9.7)
GlobalTracer.startCompetition_Warn: AUTO_MODE.updates takes too long (0.046s)
GlobalTracer.printPidInfo_Info: [5.780] elevatorPidController: Target=  34.8, Input=  34.1, Error=   0.6, PIDTerms= 0.129/ 0.014/ 0.000/ 0.000, Output= 0.142(-1.000/1.000), Volt=12.4(9.7)
GlobalTracer.startCompetition_Warn: AUTO_MODE.updates takes too long (0.030s)
GlobalTracer.printPidInfo_Info: [5.847] elevatorPidController: Target=  34.8, Input=  34.1, Error=   0.6, PIDTerms= 0.129/ 0.014/ 0.000/ 0.000, Output= 0.142(-1.000/1.000), Volt=12.4(9.7)
GlobalTracer.printPidInfo_Info: [5.908] elevatorPidController: Target=  34.8, Input=  34.1, Error=   0.6, PIDTerms= 0.129/ 0.014/ 0.000/ 0.000, Output= 0.143(-1.000/1.000), Volt=12.4(9.7)
GlobalTracer.startCompetition_Warn: AUTO_MODE.runPeriodic takes too long (0.021s)
GlobalTracer.startCompetition_Warn: AUTO_MODE.updates takes too long (0.032s)
GlobalTracer.printPidInfo_Info: [5.987] elevatorPidController: Target=  34.8, Input=  34.1, Error=   0.6, PIDTerms= 0.129/ 0.014/ 0.000/ 0.000, Output= 0.143(-1.000/1.000), Volt=12.4(9.7)
GlobalTracer.startCompetition_Warn: AUTO_MODE.updates takes too long (0.031s)
GlobalTracer.printPidInfo_Info: [6.056] elevatorPidController: Target=  34.8, Input=  34.1, Error=   0.6, PIDTerms= 0.129/ 0.014/ 0.000/ 0.000, Output= 0.143(-1.000/1.000), Volt=12.4(9.7)
GlobalTracer.startCompetition_Warn: AUTO_MODE.updates takes too long (0.023s)
GlobalTracer.printPidInfo_Info: [6.100] elevatorPidController: Target=  34.8, Input=  34.1, Error=   0.6, PIDTerms= 0.129/ 0.014/ 0.000/ 0.000, Output= 0.143(-1.000/1.000), Volt=12.3(9.7)
GlobalTracer.startCompetition_Warn: AUTO_MODE.updates takes too long (0.023s)
GlobalTracer.printPidInfo_Info: [6.142] elevatorPidController: Target=  34.8, Input=  34.1, Error=   0.6, PIDTerms= 0.129/ 0.014/ 0.000/ 0.000, Output= 0.143(-1.000/1.000), Volt=12.4(9.7)
GlobalTracer.startCompetition_Warn: AUTO_MODE.updates takes too long (0.033s)
GlobalTracer.printPidInfo_Info: [6.205] elevatorPidController: Target=  34.8, Input=  34.1, Error=   0.6, PIDTerms= 0.129/ 0.014/ 0.000/ 0.000, Output= 0.143(-1.000/1.000), Volt=12.4(9.7)
GlobalTracer.startCompetition_Warn: AUTO_MODE.updates takes too long (0.028s)
GlobalTracer.printPidInfo_Info: [6.269] elevatorPidController: Target=  34.8, Input=  34.1, Error=   0.6, PIDTerms= 0.129/ 0.014/ 0.000/ 0.000, Output= 0.143(-1.000/1.000), Volt=12.4(9.7)
GlobalTracer.startCompetition_Warn: AUTO_MODE.updates takes too long (0.032s)
GlobalTracer.printPidInfo_Info: [6.326] elevatorPidController: Target=  34.8, Input=  34.1, Error=   0.6, PIDTerms= 0.129/ 0.014/ 0.000/ 0.000, Output= 0.143(-1.000/1.000), Volt=12.4(9.7)
GlobalTracer.startCompetition_Warn: AUTO_MODE.runPeriodic takes too long (0.021s)
GlobalTracer.startCompetition_Warn: AUTO_MODE.updates takes too long (0.039s)
GlobalTracer.printPidInfo_Info: [6.408] elevatorPidController: Target=  34.8, Input=  34.1, Error=   0.6, PIDTerms= 0.129/ 0.014/ 0.000/ 0.000, Output= 0.143(-1.000/1.000), Volt=12.5(9.7)
GlobalTracer.printPidInfo_Info: [6.442] elevatorPidController: Target=  34.8, Input=  34.1, Error=   0.6, PIDTerms= 0.129/ 0.014/ 0.000/ 0.000, Output= 0.143(-1.000/1.000), Volt=12.4(9.7)
GlobalTracer.startCompetition_Warn: AUTO_MODE.updates takes too long (0.023s)
GlobalTracer.printPidInfo_Info: [6.492] elevatorPidController: Target=  34.8, Input=  34.1, Error=   0.6, PIDTerms= 0.129/ 0.014/ 0.000/ 0.000, Output= 0.143(-1.000/1.000), Volt=12.4(9.7)
GlobalTracer.startCompetition_Warn: AUTO_MODE.updates takes too long (0.023s)
GlobalTracer.printPidInfo_Info: [6.551] elevatorPidController: Target=  34.8, Input=  34.1, Error=   0.6, PIDTerms= 0.129/ 0.014/ 0.000/ 0.000, Output= 0.143(-1.000/1.000), Volt=12.4(9.7)
GlobalTracer.startCompetition_Warn: AUTO_MODE.updates takes too long (0.024s)
GlobalTracer.printPidInfo_Info: [6.616] elevatorPidController: Target=  34.8, Input=  34.1, Error=   0.6, PIDTerms= 0.129/ 0.014/ 0.000/ 0.000, Output= 0.143(-1.000/1.000), Volt=12.4(9.7)
GlobalTracer.startCompetition_Warn: AUTO_MODE.runPeriodic takes too long (0.021s)
GlobalTracer.startCompetition_Warn: AUTO_MODE.updates takes too long (0.030s)
GlobalTracer.printPidInfo_Info: [6.689] elevatorPidController: Target=  34.8, Input=  34.1, Error=   0.6, PIDTerms= 0.129/ 0.015/ 0.000/ 0.000, Output= 0.143(-1.000/1.000), Volt=12.4(9.7)
GlobalTracer.startCompetition_Warn: AUTO_MODE.updates takes too long (0.028s)
GlobalTracer.printPidInfo_Info: [6.741] elevatorPidController: Target=  34.8, Input=  34.1, Error=   0.6, PIDTerms= 0.129/ 0.015/ 0.000/ 0.000, Output= 0.143(-1.000/1.000), Volt=12.4(9.7)
GlobalTracer.startCompetition_Warn: AUTO_MODE.updates takes too long (0.022s)
GlobalTracer.printPidInfo_Info: [6.792] elevatorPidController: Target=  34.8, Input=  34.1, Error=   0.6, PIDTerms= 0.129/ 0.015/ 0.000/ 0.000, Output= 0.143(-1.000/1.000), Volt=12.4(9.7)
GlobalTracer.startCompetition_Warn: AUTO_MODE.updates takes too long (0.022s)
GlobalTracer.printPidInfo_Info: [6.839] elevatorPidController: Target=  34.8, Input=  34.1, Error=   0.6, PIDTerms= 0.129/ 0.015/ 0.000/ 0.000, Output= 0.143(-1.000/1.000), Volt=12.4(9.7)
GlobalTracer.startCompetition_Warn: AUTO_MODE.updates takes too long (0.032s)
GlobalTracer.printPidInfo_Info: [6.897] elevatorPidController: Target=  34.8, Input=  34.1, Error=   0.6, PIDTerms= 0.129/ 0.015/ 0.000/ 0.000, Output= 0.143(-1.000/1.000), Volt=12.4(9.7)
GlobalTracer.startCompetition_Warn: AUTO_MODE.runPeriodic takes too long (0.041s)
GlobalTracer.startCompetition_Warn: AUTO_MODE.updates takes too long (0.027s)
GlobalTracer.printPidInfo_Info: [6.981] elevatorPidController: Target=  34.8, Input=  34.1, Error=   0.6, PIDTerms= 0.129/ 0.015/ 0.000/ 0.000, Output= 0.143(-1.000/1.000), Volt=12.3(9.7)
GlobalTracer.startCompetition_Warn: AUTO_MODE.updates takes too long (0.033s)
GlobalTracer.printPidInfo_Info: [7.047] elevatorPidController: Target=  34.8, Input=  34.1, Error=   0.6, PIDTerms= 0.129/ 0.015/ 0.000/ 0.000, Output= 0.143(-1.000/1.000), Volt=12.4(9.7)
GlobalTracer.startCompetition_Warn: AUTO_MODE.runPeriodic takes too long (0.032s)
GlobalTracer.startCompetition_Warn: AUTO_MODE.updates takes too long (0.036s)
GlobalTracer.printPidInfo_Info: [7.140] elevatorPidController: Target=  34.8, Input=  34.1, Error=   0.6, PIDTerms= 0.129/ 0.015/ 0.000/ 0.000, Output= 0.143(-1.000/1.000), Volt=12.3(9.7)
GlobalTracer.startCompetition_Warn: AUTO_MODE.runPeriodic takes too long (0.024s)
GlobalTracer.startCompetition_Warn: AUTO_MODE.updates takes too long (0.045s)
GlobalTracer.printPidInfo_Info: [7.231] elevatorPidController: Target=  34.8, Input=  34.1, Error=   0.6, PIDTerms= 0.129/ 0.015/ 0.000/ 0.000, Output= 0.143(-1.000/1.000), Volt=12.4(9.7)
GlobalTracer.startCompetition_Warn: AUTO_MODE.runPeriodic takes too long (0.023s)
GlobalTracer.startCompetition_Warn: AUTO_MODE.updates takes too long (0.036s)
GlobalTracer.printPidInfo_Info: [7.319] elevatorPidController: Target=  34.8, Input=  34.1, Error=   0.6, PIDTerms= 0.129/ 0.015/ 0.000/ 0.000, Output= 0.143(-1.000/1.000), Volt=12.3(9.7)
GlobalTracer.startCompetition_Warn: AUTO_MODE.updates takes too long (0.030s)
GlobalTracer.printPidInfo_Info: [7.387] elevatorPidController: Target=  34.8, Input=  34.1, Error=   0.6, PIDTerms= 0.129/ 0.015/ 0.000/ 0.000, Output= 0.143(-1.000/1.000), Volt=12.4(9.7)
GlobalTracer.startCompetition_Warn: AUTO_MODE.runPeriodic takes too long (0.028s)
GlobalTracer.startCompetition_Warn: AUTO_MODE.updates takes too long (0.029s)
GlobalTracer.printPidInfo_Info: [7.471] elevatorPidController: Target=  34.8, Input=  34.1, Error=   0.6, PIDTerms= 0.129/ 0.015/ 0.000/ 0.000, Output= 0.144(-1.000/1.000), Volt=12.4(9.7)
GlobalTracer.startCompetition_Warn: AUTO_MODE.updates takes too long (0.022s)
GlobalTracer.printPidInfo_Info: [7.518] elevatorPidController: Target=  34.8, Input=  34.1, Error=   0.6, PIDTerms= 0.129/ 0.015/ 0.000/ 0.000, Output= 0.144(-1.000/1.000), Volt=12.3(9.7)
GlobalTracer.startCompetition_Warn: AUTO_MODE.updates takes too long (0.028s)
GlobalTracer.printPidInfo_Info: [7.590] elevatorPidController: Target=  34.8, Input=  34.1, Error=   0.6, PIDTerms= 0.129/ 0.015/ 0.000/ 0.000, Output= 0.144(-1.000/1.000), Volt=12.4(9.7)
GlobalTracer.startCompetition_Warn: AUTO_MODE.updates takes too long (0.030s)
GlobalTracer.printPidInfo_Info: [7.645] elevatorPidController: Target=  34.8, Input=  34.1, Error=   0.6, PIDTerms= 0.129/ 0.015/ 0.000/ 0.000, Output= 0.144(-1.000/1.000), Volt=12.4(9.7)
GlobalTracer.startCompetition_Warn: AUTO_MODE.updates takes too long (0.026s)
GlobalTracer.printPidInfo_Info: [7.703] elevatorPidController: Target=  34.8, Input=  34.1, Error=   0.6, PIDTerms= 0.129/ 0.015/ 0.000/ 0.000, Output= 0.144(-1.000/1.000), Volt=12.3(9.7)
GlobalTracer.startCompetition_Warn: AUTO_MODE.updates takes too long (0.032s)
GlobalTracer.printPidInfo_Info: [7.775] elevatorPidController: Target=  34.8, Input=  34.1, Error=   0.6, PIDTerms= 0.129/ 0.015/ 0.000/ 0.000, Output= 0.144(-1.000/1.000), Volt=12.4(9.7)
GlobalTracer.startCompetition_Warn: AUTO_MODE.updates takes too long (0.033s)
GlobalTracer.printPidInfo_Info: [7.842] elevatorPidController: Target=  34.8, Input=  34.1, Error=   0.6, PIDTerms= 0.129/ 0.015/ 0.000/ 0.000, Output= 0.144(-1.000/1.000), Volt=12.4(9.7)
GlobalTracer.startCompetition_Warn: AUTO_MODE.updates takes too long (0.032s)
GlobalTracer.printPidInfo_Info: [7.909] elevatorPidController: Target=  34.8, Input=  34.1, Error=   0.6, PIDTerms= 0.129/ 0.015/ 0.000/ 0.000, Output= 0.144(-1.000/1.000), Volt=12.3(9.7)
GlobalTracer.startCompetition_Warn: AUTO_MODE.updates takes too long (0.038s)
GlobalTracer.printPidInfo_Info: [7.986] elevatorPidController: Target=  34.8, Input=  34.1, Error=   0.6, PIDTerms= 0.129/ 0.015/ 0.000/ 0.000, Output= 0.144(-1.000/1.000), Volt=12.4(9.7)
GlobalTracer.startCompetition_Warn: AUTO_MODE.updates takes too long (0.031s)
GlobalTracer.printPidInfo_Info: [8.054] elevatorPidController: Target=  34.8, Input=  34.1, Error=   0.6, PIDTerms= 0.129/ 0.015/ 0.000/ 0.000, Output= 0.144(-1.000/1.000), Volt=12.3(9.7)
GlobalTracer.startCompetition_Warn: AUTO_MODE.updates takes too long (0.034s)
GlobalTracer.printPidInfo_Info: [8.130] elevatorPidController: Target=  34.8, Input=  34.1, Error=   0.6, PIDTerms= 0.129/ 0.015/ 0.000/ 0.000, Output= 0.144(-1.000/1.000), Volt=12.3(9.7)
GlobalTracer.startCompetition_Warn: AUTO_MODE.updates takes too long (0.040s)
GlobalTracer.printPidInfo_Info: [8.209] elevatorPidController: Target=  34.8, Input=  34.1, Error=   0.6, PIDTerms= 0.129/ 0.015/ 0.000/ 0.000, Output= 0.144(-1.000/1.000), Volt=12.4(9.7)
GlobalTracer.startCompetition_Warn: AUTO_MODE.runPeriodic takes too long (0.029s)
GlobalTracer.startCompetition_Warn: AUTO_MODE.updates takes too long (0.026s)
GlobalTracer.printPidInfo_Info: [8.289] elevatorPidController: Target=  34.8, Input=  34.1, Error=   0.6, PIDTerms= 0.129/ 0.016/ 0.000/ 0.000, Output= 0.144(-1.000/1.000), Volt=12.4(9.7)
GlobalTracer.startCompetition_Warn: AUTO_MODE.updates takes too long (0.029s)
GlobalTracer.printPidInfo_Info: [8.352] elevatorPidController: Target=  34.8, Input=  34.1, Error=   0.6, PIDTerms= 0.129/ 0.016/ 0.000/ 0.000, Output= 0.144(-1.000/1.000), Volt=12.4(9.7)
GlobalTracer.startCompetition_Warn: AUTO_MODE.runPeriodic takes too long (0.024s)
GlobalTracer.startCompetition_Warn: AUTO_MODE.updates takes too long (0.031s)
GlobalTracer.printPidInfo_Info: [8.432] elevatorPidController: Target=  34.8, Input=  34.1, Error=   0.6, PIDTerms= 0.129/ 0.016/ 0.000/ 0.000, Output= 0.144(-1.000/1.000), Volt=12.3(9.7)
GlobalTracer.startCompetition_Warn: AUTO_MODE.runPeriodic takes too long (0.021s)
GlobalTracer.startCompetition_Warn: AUTO_MODE.updates takes too long (0.030s)
GlobalTracer.printPidInfo_Info: [8.506] elevatorPidController: Target=  34.8, Input=  34.1, Error=   0.6, PIDTerms= 0.129/ 0.016/ 0.000/ 0.000, Output= 0.144(-1.000/1.000), Volt=12.4(9.7)
GlobalTracer.startCompetition_Warn: AUTO_MODE.runPeriodic takes too long (0.021s)
GlobalTracer.startCompetition_Warn: AUTO_MODE.updates takes too long (0.030s)
GlobalTracer.printPidInfo_Info: [8.587] elevatorPidController: Target=  34.8, Input=  34.1, Error=   0.6, PIDTerms= 0.129/ 0.016/ 0.000/ 0.000, Output= 0.144(-1.000/1.000), Volt=12.3(9.7)
GlobalTracer.startCompetition_Warn: AUTO_MODE.runPeriodic takes too long (0.021s)
GlobalTracer.startCompetition_Warn: AUTO_MODE.updates takes too long (0.027s)
GlobalTracer.printPidInfo_Info: [8.665] elevatorPidController: Target=  34.8, Input=  34.1, Error=   0.6, PIDTerms= 0.129/ 0.016/ 0.000/ 0.000, Output= 0.144(-1.000/1.000), Volt=12.4(9.7)
GlobalTracer.startCompetition_Warn: AUTO_MODE.updates takes too long (0.028s)
GlobalTracer.printPidInfo_Info: [8.724] elevatorPidController: Target=  34.8, Input=  34.1, Error=   0.6, PIDTerms= 0.129/ 0.016/ 0.000/ 0.000, Output= 0.144(-1.000/1.000), Volt=12.4(9.7)
GlobalTracer.startCompetition_Warn: AUTO_MODE.runPeriodic takes too long (0.021s)
GlobalTracer.startCompetition_Warn: AUTO_MODE.updates takes too long (0.036s)
GlobalTracer.printPidInfo_Info: [8.804] elevatorPidController: Target=  34.8, Input=  34.1, Error=   0.6, PIDTerms= 0.129/ 0.016/ 0.000/ 0.000, Output= 0.144(-1.000/1.000), Volt=12.3(9.7)
GlobalTracer.startCompetition_Warn: AUTO_MODE.updates takes too long (0.028s)
GlobalTracer.printPidInfo_Info: [8.866] elevatorPidController: Target=  34.8, Input=  34.1, Error=   0.6, PIDTerms= 0.129/ 0.016/ 0.000/ 0.000, Output= 0.144(-1.000/1.000), Volt=12.4(9.7)
GlobalTracer.startCompetition_Warn: AUTO_MODE.updates takes too long (0.031s)
GlobalTracer.printPidInfo_Info: [8.936] elevatorPidController: Target=  34.8, Input=  34.1, Error=   0.6, PIDTerms= 0.129/ 0.016/ 0.000/ 0.000, Output= 0.144(-1.000/1.000), Volt=12.3(9.7)
GlobalTracer.printPidInfo_Info: [8.971] elevatorPidController: Target=  34.8, Input=  34.1, Error=   0.6, PIDTerms= 0.129/ 0.016/ 0.000/ 0.000, Output= 0.145(-1.000/1.000), Volt=12.3(9.7)
GlobalTracer.startCompetition_Warn: AUTO_MODE.updates takes too long (0.028s)
GlobalTracer.printPidInfo_Info: [9.019] elevatorPidController: Target=  34.8, Input=  34.1, Error=   0.6, PIDTerms= 0.129/ 0.016/ 0.000/ 0.000, Output= 0.145(-1.000/1.000), Volt=12.4(9.7)
GlobalTracer.startCompetition_Warn: AUTO_MODE.updates takes too long (0.033s)
GlobalTracer.printPidInfo_Info: [9.087] elevatorPidController: Target=  34.8, Input=  34.1, Error=   0.6, PIDTerms= 0.129/ 0.016/ 0.000/ 0.000, Output= 0.145(-1.000/1.000), Volt=12.4(9.7)
GlobalTracer.startCompetition_Warn: AUTO_MODE.updates takes too long (0.025s)
GlobalTracer.printPidInfo_Info: [9.150] elevatorPidController: Target=  34.8, Input=  34.1, Error=   0.6, PIDTerms= 0.129/ 0.016/ 0.000/ 0.000, Output= 0.145(-1.000/1.000), Volt=12.3(9.7)
GlobalTracer.startCompetition_Warn: AUTO_MODE.updates takes too long (0.021s)
GlobalTracer.printPidInfo_Info: [9.197] elevatorPidController: Target=  34.8, Input=  34.1, Error=   0.6, PIDTerms= 0.129/ 0.016/ 0.000/ 0.000, Output= 0.145(-1.000/1.000), Volt=12.4(9.7)
GlobalTracer.startCompetition_Warn: AUTO_MODE.updates takes too long (0.029s)
GlobalTracer.printPidInfo_Info: [9.263] elevatorPidController: Target=  34.8, Input=  34.1, Error=   0.6, PIDTerms= 0.129/ 0.016/ 0.000/ 0.000, Output= 0.145(-1.000/1.000), Volt=12.4(9.7)
GlobalTracer.startCompetition_Warn: AUTO_MODE.updates takes too long (0.028s)
GlobalTracer.printPidInfo_Info: [9.333] elevatorPidController: Target=  34.8, Input=  34.1, Error=   0.6, PIDTerms= 0.129/ 0.016/ 0.000/ 0.000, Output= 0.145(-1.000/1.000), Volt=12.3(9.7)
GlobalTracer.startCompetition_Warn: AUTO_MODE.updates takes too long (0.042s)
GlobalTracer.printPidInfo_Info: [9.415] elevatorPidController: Target=  34.8, Input=  34.1, Error=   0.6, PIDTerms= 0.129/ 0.016/ 0.000/ 0.000, Output= 0.145(-1.000/1.000), Volt=12.4(9.7)
GlobalTracer.startCompetition_Warn: AUTO_MODE.updates takes too long (0.040s)
GlobalTracer.printPidInfo_Info: [9.482] elevatorPidController: Target=  34.8, Input=  34.1, Error=   0.6, PIDTerms= 0.129/ 0.016/ 0.000/ 0.000, Output= 0.145(-1.000/1.000), Volt=12.3(9.7)
GlobalTracer.startCompetition_Warn: AUTO_MODE.updates takes too long (0.033s)
GlobalTracer.printPidInfo_Info: [9.556] elevatorPidController: Target=  34.8, Input=  34.1, Error=   0.6, PIDTerms= 0.129/ 0.016/ 0.000/ 0.000, Output= 0.145(-1.000/1.000), Volt=12.4(9.7)
GlobalTracer.startCompetition_Warn: AUTO_MODE.updates takes too long (0.036s)
GlobalTracer.printPidInfo_Info: [9.628] elevatorPidController: Target=  34.8, Input=  34.1, Error=   0.6, PIDTerms= 0.129/ 0.016/ 0.000/ 0.000, Output= 0.145(-1.000/1.000), Volt=12.4(9.7)
GlobalTracer.startCompetition_Warn: AUTO_MODE.updates takes too long (0.033s)
GlobalTracer.printPidInfo_Info: [9.697] elevatorPidController: Target=  34.8, Input=  34.1, Error=   0.6, PIDTerms= 0.129/ 0.016/ 0.000/ 0.000, Output= 0.145(-1.000/1.000), Volt=12.4(9.7)
GlobalTracer.startCompetition_Warn: AUTO_MODE.updates takes too long (0.030s)
GlobalTracer.printPidInfo_Info: [9.762] elevatorPidController: Target=  34.8, Input=  34.1, Error=   0.6, PIDTerms= 0.129/ 0.016/ 0.000/ 0.000, Output= 0.145(-1.000/1.000), Volt=12.4(9.7)
GlobalTracer.startCompetition_Warn: AUTO_MODE.updates takes too long (0.030s)
GlobalTracer.printPidInfo_Info: [9.823] elevatorPidController: Target=  34.8, Input=  34.1, Error=   0.6, PIDTerms= 0.129/ 0.017/ 0.000/ 0.000, Output= 0.145(-1.000/1.000), Volt=12.4(9.7)
GlobalTracer.startCompetition_Warn: AUTO_MODE.updates takes too long (0.030s)
GlobalTracer.printPidInfo_Info: [9.884] elevatorPidController: Target=  34.8, Input=  34.1, Error=   0.6, PIDTerms= 0.129/ 0.017/ 0.000/ 0.000, Output= 0.145(-1.000/1.000), Volt=12.4(9.7)
GlobalTracer.startCompetition_Warn: AUTO_MODE.updates takes too long (0.029s)
GlobalTracer.printPidInfo_Info: [9.948] elevatorPidController: Target=  34.8, Input=  34.1, Error=   0.6, PIDTerms= 0.129/ 0.017/ 0.000/ 0.000, Output= 0.145(-1.000/1.000), Volt=12.4(9.7)
GlobalTracer.startCompetition_Warn: AUTO_MODE.updates takes too long (0.041s)
GlobalTracer.printPidInfo_Info: [10.031] elevatorPidController: Target=  34.8, Input=  34.1, Error=   0.6, PIDTerms= 0.129/ 0.017/ 0.000/ 0.000, Output= 0.145(-1.000/1.000), Volt=12.3(9.7)
GlobalTracer.startCompetition_Warn: AUTO_MODE.updates takes too long (0.029s)
GlobalTracer.printPidInfo_Info: [10.099] elevatorPidController: Target=  34.8, Input=  34.1, Error=   0.6, PIDTerms= 0.129/ 0.017/ 0.000/ 0.000, Output= 0.145(-1.000/1.000), Volt=12.4(9.7)
GlobalTracer.startCompetition_Warn: AUTO_MODE.updates takes too long (0.034s)
GlobalTracer.printPidInfo_Info: [10.173] elevatorPidController: Target=  34.8, Input=  34.1, Error=   0.6, PIDTerms= 0.129/ 0.017/ 0.000/ 0.000, Output= 0.145(-1.000/1.000), Volt=12.4(9.7)
GlobalTracer.startCompetition_Warn: AUTO_MODE.updates takes too long (0.033s)
GlobalTracer.printPidInfo_Info: [10.244] elevatorPidController: Target=  34.8, Input=  34.1, Error=   0.6, PIDTerms= 0.129/ 0.017/ 0.000/ 0.000, Output= 0.145(-1.000/1.000), Volt=12.4(9.7)
GlobalTracer.startCompetition_Warn: AUTO_MODE.updates takes too long (0.041s)
GlobalTracer.printPidInfo_Info: [10.322] elevatorPidController: Target=  34.8, Input=  34.1, Error=   0.6, PIDTerms= 0.129/ 0.017/ 0.000/ 0.000, Output= 0.145(-1.000/1.000), Volt=12.5(9.7)
GlobalTracer.startCompetition_Warn: AUTO_MODE.updates takes too long (0.038s)
GlobalTracer.printPidInfo_Info: [10.399] elevatorPidController: Target=  34.8, Input=  34.1, Error=   0.6, PIDTerms= 0.129/ 0.017/ 0.000/ 0.000, Output= 0.145(-1.000/1.000), Volt=12.4(9.7)
GlobalTracer.startCompetition_Warn: AUTO_MODE.updates takes too long (0.035s)
GlobalTracer.printPidInfo_Info: [10.465] elevatorPidController: Target=  34.8, Input=  34.1, Error=   0.6, PIDTerms= 0.129/ 0.017/ 0.000/ 0.000, Output= 0.145(-1.000/1.000), Volt=12.3(9.7)
GlobalTracer.startCompetition_Warn: AUTO_MODE.updates takes too long (0.031s)
GlobalTracer.printPidInfo_Info: [10.532] elevatorPidController: Target=  34.8, Input=  34.1, Error=   0.6, PIDTerms= 0.129/ 0.017/ 0.000/ 0.000, Output= 0.145(-1.000/1.000), Volt=12.5(9.7)
GlobalTracer.startCompetition_Warn: AUTO_MODE.updates takes too long (0.026s)
GlobalTracer.printPidInfo_Info: [10.599] elevatorPidController: Target=  34.8, Input=  34.1, Error=   0.6, PIDTerms= 0.129/ 0.017/ 0.000/ 0.000, Output= 0.146(-1.000/1.000), Volt=12.4(9.7)
GlobalTracer.startCompetition_Warn: AUTO_MODE.updates takes too long (0.022s)
GlobalTracer.printPidInfo_Info: [10.657] elevatorPidController: Target=  34.8, Input=  34.1, Error=   0.6, PIDTerms= 0.129/ 0.017/ 0.000/ 0.000, Output= 0.146(-1.000/1.000), Volt=12.3(9.7)
GlobalTracer.startCompetition_Warn: AUTO_MODE.updates takes too long (0.040s)
GlobalTracer.printPidInfo_Info: [10.735] elevatorPidController: Target=  34.8, Input=  34.1, Error=   0.6, PIDTerms= 0.129/ 0.017/ 0.000/ 0.000, Output= 0.146(-1.000/1.000), Volt=12.4(9.7)
GlobalTracer.startCompetition_Warn: AUTO_MODE.runPeriodic takes too long (0.024s)
GlobalTracer.startCompetition_Warn: AUTO_MODE.updates takes too long (0.038s)
GlobalTracer.printPidInfo_Info: [10.826] elevatorPidController: Target=  34.8, Input=  34.1, Error=   0.6, PIDTerms= 0.129/ 0.017/ 0.000/ 0.000, Output= 0.146(-1.000/1.000), Volt=12.3(9.7)
GlobalTracer.startCompetition_Warn: AUTO_MODE.updates takes too long (0.026s)
GlobalTracer.printPidInfo_Info: [10.885] elevatorPidController: Target=  34.8, Input=  34.1, Error=   0.6, PIDTerms= 0.129/ 0.017/ 0.000/ 0.000, Output= 0.146(-1.000/1.000), Volt=12.4(9.7)
GlobalTracer.startCompetition_Warn: AUTO_MODE.updates takes too long (0.034s)
GlobalTracer.printPidInfo_Info: [10.944] elevatorPidController: Target=  34.8, Input=  34.1, Error=   0.6, PIDTerms= 0.129/ 0.017/ 0.000/ 0.000, Output= 0.146(-1.000/1.000), Volt=12.4(9.7)
GlobalTracer.startCompetition_Warn: AUTO_MODE.updates takes too long (0.033s)
GlobalTracer.printPidInfo_Info: [11.022] elevatorPidController: Target=  34.8, Input=  34.1, Error=   0.6, PIDTerms= 0.129/ 0.017/ 0.000/ 0.000, Output= 0.146(-1.000/1.000), Volt=12.3(9.7)
GlobalTracer.startCompetition_Warn: AUTO_MODE.updates takes too long (0.035s)
GlobalTracer.printPidInfo_Info: [11.093] elevatorPidController: Target=  34.8, Input=  34.1, Error=   0.6, PIDTerms= 0.129/ 0.017/ 0.000/ 0.000, Output= 0.146(-1.000/1.000), Volt=12.4(9.7)
GlobalTracer.startCompetition_Warn: AUTO_MODE.updates takes too long (0.031s)
GlobalTracer.printPidInfo_Info: [11.162] elevatorPidController: Target=  34.8, Input=  34.1, Error=   0.6, PIDTerms= 0.129/ 0.017/ 0.000/ 0.000, Output= 0.146(-1.000/1.000), Volt=12.4(9.7)
GlobalTracer.startCompetition_Warn: AUTO_MODE.updates takes too long (0.032s)
GlobalTracer.printPidInfo_Info: [11.238] elevatorPidController: Target=  34.8, Input=  34.1, Error=   0.6, PIDTerms= 0.129/ 0.017/ 0.000/ 0.000, Output= 0.146(-1.000/1.000), Volt=12.3(9.7)
GlobalTracer.startCompetition_Warn: AUTO_MODE.updates takes too long (0.032s)
GlobalTracer.printPidInfo_Info: [11.307] elevatorPidController: Target=  34.8, Input=  34.1, Error=   0.6, PIDTerms= 0.129/ 0.017/ 0.000/ 0.000, Output= 0.146(-1.000/1.000), Volt=12.4(9.7)
GlobalTracer.startCompetition_Warn: AUTO_MODE.updates takes too long (0.032s)
GlobalTracer.printPidInfo_Info: [11.365] elevatorPidController: Target=  34.8, Input=  34.1, Error=   0.6, PIDTerms= 0.129/ 0.018/ 0.000/ 0.000, Output= 0.146(-1.000/1.000), Volt=12.4(9.7)
GlobalTracer.startCompetition_Warn: AUTO_MODE.updates takes too long (0.029s)
GlobalTracer.printPidInfo_Info: [11.427] elevatorPidController: Target=  34.8, Input=  34.1, Error=   0.6, PIDTerms= 0.129/ 0.018/ 0.000/ 0.000, Output= 0.146(-1.000/1.000), Volt=12.4(9.7)
GlobalTracer.startCompetition_Warn: AUTO_MODE.updates takes too long (0.029s)
GlobalTracer.printPidInfo_Info: [11.492] elevatorPidController: Target=  34.8, Input=  34.1, Error=   0.6, PIDTerms= 0.129/ 0.018/ 0.000/ 0.000, Output= 0.146(-1.000/1.000), Volt=12.4(9.7)
GlobalTracer.startCompetition_Warn: AUTO_MODE.updates takes too long (0.038s)
GlobalTracer.printPidInfo_Info: [11.565] elevatorPidController: Target=  34.8, Input=  34.1, Error=   0.6, PIDTerms= 0.129/ 0.018/ 0.000/ 0.000, Output= 0.146(-1.000/1.000), Volt=12.4(9.7)
GlobalTracer.startCompetition_Warn: AUTO_MODE.updates takes too long (0.030s)
GlobalTracer.printPidInfo_Info: [11.636] elevatorPidController: Target=  34.8, Input=  34.1, Error=   0.6, PIDTerms= 0.129/ 0.018/ 0.000/ 0.000, Output= 0.146(-1.000/1.000), Volt=12.4(9.7)
GlobalTracer.startCompetition_Warn: AUTO_MODE.updates takes too long (0.023s)
GlobalTracer.printPidInfo_Info: [11.697] elevatorPidController: Target=  34.8, Input=  34.1, Error=   0.6, PIDTerms= 0.129/ 0.018/ 0.000/ 0.000, Output= 0.146(-1.000/1.000), Volt=12.4(9.7)
GlobalTracer.startCompetition_Warn: AUTO_MODE.updates takes too long (0.033s)
GlobalTracer.printPidInfo_Info: [11.770] elevatorPidController: Target=  34.8, Input=  34.1, Error=   0.6, PIDTerms= 0.129/ 0.018/ 0.000/ 0.000, Output= 0.146(-1.000/1.000), Volt=12.3(9.7)
GlobalTracer.startCompetition_Warn: AUTO_MODE.updates takes too long (0.036s)
GlobalTracer.printPidInfo_Info: [11.851] elevatorPidController: Target=  34.8, Input=  34.1, Error=   0.6, PIDTerms= 0.129/ 0.018/ 0.000/ 0.000, Output= 0.146(-1.000/1.000), Volt=12.4(9.7)
GlobalTracer.startCompetition_Warn: AUTO_MODE.updates takes too long (0.038s)
GlobalTracer.printPidInfo_Info: [11.931] elevatorPidController: Target=  34.8, Input=  34.1, Error=   0.6, PIDTerms= 0.129/ 0.018/ 0.000/ 0.000, Output= 0.146(-1.000/1.000), Volt=12.4(9.7)
GlobalTracer.printPidInfo_Info: [11.988] elevatorPidController: Target=  34.8, Input=  34.1, Error=   0.6, PIDTerms= 0.129/ 0.018/ 0.000/ 0.000, Output= 0.146(-1.000/1.000), Volt=12.3(9.7)
GlobalTracer.startCompetition_Warn: AUTO_MODE.runPeriodic takes too long (0.023s)
GlobalTracer.startCompetition_Warn: AUTO_MODE.updates takes too long (0.036s)
GlobalTracer.printPidInfo_Info: [12.075] elevatorPidController: Target=  34.8, Input=  34.1, Error=   0.6, PIDTerms= 0.129/ 0.018/ 0.000/ 0.000, Output= 0.146(-1.000/1.000), Volt=12.4(9.7)
GlobalTracer.startCompetition_Warn: AUTO_MODE.updates takes too long (0.036s)
GlobalTracer.printPidInfo_Info: [12.145] elevatorPidController: Target=  34.8, Input=  34.1, Error=   0.6, PIDTerms= 0.129/ 0.018/ 0.000/ 0.000, Output= 0.147(-1.000/1.000), Volt=12.4(9.7)
GlobalTracer.startCompetition_Warn: AUTO_MODE.updates takes too long (0.028s)
GlobalTracer.printPidInfo_Info: [12.211] elevatorPidController: Target=  34.8, Input=  34.1, Error=   0.6, PIDTerms= 0.129/ 0.018/ 0.000/ 0.000, Output= 0.147(-1.000/1.000), Volt=12.4(9.7)
GlobalTracer.startCompetition_Warn: AUTO_MODE.runPeriodic takes too long (0.021s)
GlobalTracer.startCompetition_Warn: AUTO_MODE.updates takes too long (0.040s)
GlobalTracer.printPidInfo_Info: [12.297] elevatorPidController: Target=  34.8, Input=  34.1, Error=   0.6, PIDTerms= 0.129/ 0.018/ 0.000/ 0.000, Output= 0.147(-1.000/1.000), Volt=12.4(9.7)
GlobalTracer.startCompetition_Warn: AUTO_MODE.updates takes too long (0.030s)
GlobalTracer.printPidInfo_Info: [12.358] elevatorPidController: Target=  34.8, Input=  34.1, Error=   0.6, PIDTerms= 0.129/ 0.018/ 0.000/ 0.000, Output= 0.147(-1.000/1.000), Volt=12.4(9.7)
GlobalTracer.startCompetition_Warn: AUTO_MODE.updates takes too long (0.029s)
GlobalTracer.printPidInfo_Info: [12.429] elevatorPidController: Target=  34.8, Input=  34.1, Error=   0.6, PIDTerms= 0.129/ 0.018/ 0.000/ 0.000, Output= 0.147(-1.000/1.000), Volt=12.4(9.7)
GlobalTracer.startCompetition_Warn: AUTO_MODE.updates takes too long (0.037s)
GlobalTracer.printPidInfo_Info: [12.508] elevatorPidController: Target=  34.8, Input=  34.1, Error=   0.6, PIDTerms= 0.129/ 0.018/ 0.000/ 0.000, Output= 0.147(-1.000/1.000), Volt=12.4(9.7)
GlobalTracer.startCompetition_Warn: AUTO_MODE.updates takes too long (0.033s)
GlobalTracer.printPidInfo_Info: [12.562] elevatorPidController: Target=  34.8, Input=  34.1, Error=   0.6, PIDTerms= 0.129/ 0.018/ 0.000/ 0.000, Output= 0.147(-1.000/1.000), Volt=12.3(9.7)
GlobalTracer.startCompetition_Warn: AUTO_MODE.updates takes too long (0.034s)
GlobalTracer.printPidInfo_Info: [12.625] elevatorPidController: Target=  34.8, Input=  34.1, Error=   0.6, PIDTerms= 0.129/ 0.018/ 0.000/ 0.000, Output= 0.147(-1.000/1.000), Volt=12.4(9.7)
GlobalTracer.startCompetition_Warn: AUTO_MODE.updates takes too long (0.027s)
GlobalTracer.printPidInfo_Info: [12.688] elevatorPidController: Target=  34.8, Input=  34.1, Error=   0.6, PIDTerms= 0.129/ 0.018/ 0.000/ 0.000, Output= 0.147(-1.000/1.000), Volt=12.4(9.7)
GlobalTracer.startCompetition_Warn: AUTO_MODE.updates takes too long (0.037s)
GlobalTracer.printPidInfo_Info: [12.766] elevatorPidController: Target=  34.8, Input=  34.1, Error=   0.6, PIDTerms= 0.129/ 0.018/ 0.000/ 0.000, Output= 0.147(-1.000/1.000), Volt=12.4(9.7)
GlobalTracer.startCompetition_Warn: AUTO_MODE.updates takes too long (0.030s)
GlobalTracer.printPidInfo_Info: [12.828] elevatorPidController: Target=  34.8, Input=  34.1, Error=   0.6, PIDTerms= 0.129/ 0.018/ 0.000/ 0.000, Output= 0.147(-1.000/1.000), Volt=12.4(9.7)
GlobalTracer.startCompetition_Warn: AUTO_MODE.runPeriodic takes too long (0.021s)
GlobalTracer.startCompetition_Warn: AUTO_MODE.updates takes too long (0.039s)
GlobalTracer.printPidInfo_Info: [12.907] elevatorPidController: Target=  34.8, Input=  34.1, Error=   0.6, PIDTerms= 0.129/ 0.018/ 0.000/ 0.000, Output= 0.147(-1.000/1.000), Volt=12.2(9.7)
GlobalTracer.startCompetition_Warn: AUTO_MODE.runPeriodic takes too long (0.022s)
GlobalTracer.startCompetition_Warn: AUTO_MODE.updates takes too long (0.034s)
GlobalTracer.printPidInfo_Info: [12.990] elevatorPidController: Target=  34.8, Input=  34.1, Error=   0.6, PIDTerms= 0.129/ 0.019/ 0.000/ 0.000, Output= 0.147(-1.000/1.000), Volt=12.4(9.7)
GlobalTracer.startCompetition_Warn: AUTO_MODE.updates takes too long (0.034s)
GlobalTracer.printPidInfo_Info: [13.063] elevatorPidController: Target=  34.8, Input=  34.1, Error=   0.6, PIDTerms= 0.129/ 0.019/ 0.000/ 0.000, Output= 0.147(-1.000/1.000), Volt=12.4(9.7)
GlobalTracer.startCompetition_Warn: AUTO_MODE.runPeriodic takes too long (0.021s)
GlobalTracer.startCompetition_Warn: AUTO_MODE.updates takes too long (0.029s)
GlobalTracer.printPidInfo_Info: [13.133] elevatorPidController: Target=  34.8, Input=  34.1, Error=   0.6, PIDTerms= 0.129/ 0.019/ 0.000/ 0.000, Output= 0.147(-1.000/1.000), Volt=12.3(9.7)
GlobalTracer.startCompetition_Warn: AUTO_MODE.updates takes too long (0.036s)
GlobalTracer.printPidInfo_Info: [13.204] elevatorPidController: Target=  34.8, Input=  34.1, Error=   0.6, PIDTerms= 0.129/ 0.019/ 0.000/ 0.000, Output= 0.147(-1.000/1.000), Volt=12.3(9.7)
GlobalTracer.startCompetition_Warn: AUTO_MODE.updates takes too long (0.027s)
GlobalTracer.printPidInfo_Info: [13.265] elevatorPidController: Target=  34.8, Input=  34.1, Error=   0.6, PIDTerms= 0.129/ 0.019/ 0.000/ 0.000, Output= 0.147(-1.000/1.000), Volt=12.4(9.7)
GlobalTracer.startCompetition_Warn: AUTO_MODE.updates takes too long (0.037s)
GlobalTracer.printPidInfo_Info: [13.334] elevatorPidController: Target=  34.8, Input=  34.1, Error=   0.6, PIDTerms= 0.129/ 0.019/ 0.000/ 0.000, Output= 0.147(-1.000/1.000), Volt=12.3(9.7)
GlobalTracer.startCompetition_Warn: AUTO_MODE.updates takes too long (0.033s)
GlobalTracer.printPidInfo_Info: [13.379] elevatorPidController: Target=  34.8, Input=  34.1, Error=   0.6, PIDTerms= 0.129/ 0.019/ 0.000/ 0.000, Output= 0.147(-1.000/1.000), Volt=12.4(9.7)
GlobalTracer.startCompetition_Warn: AUTO_MODE.updates takes too long (0.029s)
GlobalTracer.printPidInfo_Info: [13.447] elevatorPidController: Target=  34.8, Input=  34.1, Error=   0.6, PIDTerms= 0.129/ 0.019/ 0.000/ 0.000, Output= 0.147(-1.000/1.000), Volt=12.4(9.7)
GlobalTracer.startCompetition_Warn: AUTO_MODE.updates takes too long (0.040s)
GlobalTracer.printPidInfo_Info: [13.527] elevatorPidController: Target=  34.8, Input=  34.1, Error=   0.6, PIDTerms= 0.129/ 0.019/ 0.000/ 0.000, Output= 0.147(-1.000/1.000), Volt=12.3(9.7)
GlobalTracer.startCompetition_Warn: AUTO_MODE.updates takes too long (0.035s)
GlobalTracer.printPidInfo_Info: [13.603] elevatorPidController: Target=  34.8, Input=  34.1, Error=   0.6, PIDTerms= 0.129/ 0.019/ 0.000/ 0.000, Output= 0.147(-1.000/1.000), Volt=12.4(9.7)
GlobalTracer.startCompetition_Warn: AUTO_MODE.updates takes too long (0.028s)
GlobalTracer.printPidInfo_Info: [13.664] elevatorPidController: Target=  34.8, Input=  34.1, Error=   0.6, PIDTerms= 0.129/ 0.019/ 0.000/ 0.000, Output= 0.148(-1.000/1.000), Volt=12.4(9.7)
GlobalTracer.startCompetition_Warn: AUTO_MODE.updates takes too long (0.036s)
GlobalTracer.printPidInfo_Info: [13.739] elevatorPidController: Target=  34.8, Input=  34.1, Error=   0.6, PIDTerms= 0.129/ 0.019/ 0.000/ 0.000, Output= 0.148(-1.000/1.000), Volt=12.3(9.7)
GlobalTracer.startCompetition_Warn: AUTO_MODE.updates takes too long (0.036s)
GlobalTracer.printPidInfo_Info: [13.811] elevatorPidController: Target=  34.8, Input=  34.1, Error=   0.6, PIDTerms= 0.129/ 0.019/ 0.000/ 0.000, Output= 0.148(-1.000/1.000), Volt=12.3(9.7)
GlobalTracer.startCompetition_Warn: AUTO_MODE.updates takes too long (0.035s)
GlobalTracer.printPidInfo_Info: [13.877] elevatorPidController: Target=  34.8, Input=  34.1, Error=   0.6, PIDTerms= 0.129/ 0.019/ 0.000/ 0.000, Output= 0.148(-1.000/1.000), Volt=12.4(9.7)
GlobalTracer.startCompetition_Warn: AUTO_MODE.updates takes too long (0.038s)
GlobalTracer.printPidInfo_Info: [13.956] elevatorPidController: Target=  34.8, Input=  34.1, Error=   0.6, PIDTerms= 0.129/ 0.019/ 0.000/ 0.000, Output= 0.148(-1.000/1.000), Volt=12.3(9.7)
GlobalTracer.startCompetition_Warn: AUTO_MODE.updates takes too long (0.035s)
GlobalTracer.printPidInfo_Info: [14.033] elevatorPidController: Target=  34.8, Input=  34.1, Error=   0.6, PIDTerms= 0.129/ 0.019/ 0.000/ 0.000, Output= 0.148(-1.000/1.000), Volt=12.4(9.7)
GlobalTracer.startCompetition_Warn: AUTO_MODE.updates takes too long (0.022s)
GlobalTracer.printPidInfo_Info: [14.097] elevatorPidController: Target=  34.8, Input=  34.1, Error=   0.6, PIDTerms= 0.129/ 0.019/ 0.000/ 0.000, Output= 0.148(-1.000/1.000), Volt=12.3(9.7)
GlobalTracer.startCompetition_Warn: AUTO_MODE.updates takes too long (0.024s)
GlobalTracer.printPidInfo_Info: [14.164] elevatorPidController: Target=  34.8, Input=  34.1, Error=   0.6, PIDTerms= 0.129/ 0.019/ 0.000/ 0.000, Output= 0.148(-1.000/1.000), Volt=12.3(9.7)
GlobalTracer.startCompetition_Warn: AUTO_MODE.updates takes too long (0.034s)
GlobalTracer.printPidInfo_Info: [14.246] elevatorPidController: Target=  34.8, Input=  34.1, Error=   0.6, PIDTerms= 0.129/ 0.019/ 0.000/ 0.000, Output= 0.148(-1.000/1.000), Volt=12.4(9.7)
GlobalTracer.startCompetition_Warn: AUTO_MODE.updates takes too long (0.023s)
GlobalTracer.printPidInfo_Info: [14.302] elevatorPidController: Target=  34.8, Input=  34.1, Error=   0.6, PIDTerms= 0.129/ 0.019/ 0.000/ 0.000, Output= 0.148(-1.000/1.000), Volt=12.4(9.7)
GlobalTracer.startCompetition_Warn: AUTO_MODE.updates takes too long (0.024s)
GlobalTracer.printPidInfo_Info: [14.369] elevatorPidController: Target=  34.8, Input=  34.1, Error=   0.6, PIDTerms= 0.129/ 0.019/ 0.000/ 0.000, Output= 0.148(-1.000/1.000), Volt=12.3(9.7)
GlobalTracer.startCompetition_Warn: AUTO_MODE.runPeriodic takes too long (0.020s)
GlobalTracer.startCompetition_Warn: AUTO_MODE.updates takes too long (0.031s)
GlobalTracer.printPidInfo_Info: [14.442] elevatorPidController: Target=  34.8, Input=  34.1, Error=   0.6, PIDTerms= 0.129/ 0.019/ 0.000/ 0.000, Output= 0.148(-1.000/1.000), Volt=12.4(9.7)
GlobalTracer.startCompetition_Warn: AUTO_MODE.updates takes too long (0.032s)
GlobalTracer.printPidInfo_Info: [14.508] elevatorPidController: Target=  34.8, Input=  34.1, Error=   0.6, PIDTerms= 0.129/ 0.020/ 0.000/ 0.000, Output= 0.148(-1.000/1.000), Volt=12.3(9.7)
GlobalTracer.startCompetition_Warn: AUTO_MODE.updates takes too long (0.031s)
GlobalTracer.printPidInfo_Info: [14.575] elevatorPidController: Target=  34.8, Input=  34.1, Error=   0.6, PIDTerms= 0.129/ 0.020/ 0.000/ 0.000, Output= 0.148(-1.000/1.000), Volt=12.4(9.7)
GlobalTracer.startCompetition_Warn: AUTO_MODE.updates takes too long (0.032s)
GlobalTracer.printPidInfo_Info: [14.645] elevatorPidController: Target=  34.8, Input=  34.1, Error=   0.6, PIDTerms= 0.129/ 0.020/ 0.000/ 0.000, Output= 0.148(-1.000/1.000), Volt=12.4(9.7)
GlobalTracer.startCompetition_Warn: AUTO_MODE.updates takes too long (0.030s)
GlobalTracer.printPidInfo_Info: [14.708] elevatorPidController: Target=  34.8, Input=  34.1, Error=   0.6, PIDTerms= 0.129/ 0.020/ 0.000/ 0.000, Output= 0.148(-1.000/1.000), Volt=12.3(9.7)
GlobalTracer.startCompetition_Warn: AUTO_MODE.updates takes too long (0.034s)
GlobalTracer.printPidInfo_Info: [14.785] elevatorPidController: Target=  34.8, Input=  34.1, Error=   0.6, PIDTerms= 0.129/ 0.020/ 0.000/ 0.000, Output= 0.148(-1.000/1.000), Volt=12.4(9.7)
GlobalTracer.startCompetition_Warn: AUTO_MODE.updates takes too long (0.030s)
GlobalTracer.printPidInfo_Info: [14.851] elevatorPidController: Target=  34.8, Input=  34.1, Error=   0.6, PIDTerms= 0.129/ 0.020/ 0.000/ 0.000, Output= 0.148(-1.000/1.000), Volt=12.4(9.7)
GlobalTracer.startCompetition_Warn: AUTO_MODE.runPeriodic takes too long (0.021s)
GlobalTracer.startCompetition_Warn: AUTO_MODE.updates takes too long (0.026s)
GlobalTracer.printPidInfo_Info: [14.923] elevatorPidController: Target=  34.8, Input=  34.1, Error=   0.6, PIDTerms= 0.129/ 0.020/ 0.000/ 0.000, Output= 0.148(-1.000/1.000), Volt=12.3(9.7)
GlobalTracer.startCompetition_Warn: AUTO_MODE.updates takes too long (0.028s)
GlobalTracer.printPidInfo_Info: [14.983] elevatorPidController: Target=  34.8, Input=  34.1, Error=   0.6, PIDTerms= 0.129/ 0.020/ 0.000/ 0.000, Output= 0.148(-1.000/1.000), Volt=12.4(9.7)
GlobalTracer.startCompetition_Warn: AUTO_MODE.updates takes too long (0.029s)
GlobalTracer.printPidInfo_Info: [15.054] elevatorPidController: Target=  34.8, Input=  34.1, Error=   0.6, PIDTerms= 0.129/ 0.020/ 0.000/ 0.000, Output= 0.148(-1.000/1.000), Volt=12.4(9.7)
GlobalTracer.startCompetition_Warn: AUTO_MODE.runPeriodic takes too long (0.023s)
GlobalTracer.startCompetition_Warn: AUTO_MODE.updates takes too long (0.036s)
GlobalTracer.printPidInfo_Info: [15.141] elevatorPidController: Target=  34.8, Input=  34.1, Error=   0.6, PIDTerms= 0.129/ 0.020/ 0.000/ 0.000, Output= 0.148(-1.000/1.000), Volt=12.3(9.7)
GlobalTracer.startCompetition_Warn: AUTO_MODE.updates takes too long (0.021s)
GlobalTracer.printPidInfo_Info: [15.191] elevatorPidController: Target=  34.8, Input=  34.1, Error=   0.6, PIDTerms= 0.129/ 0.020/ 0.000/ 0.000, Output= 0.149(-1.000/1.000), Volt=12.3(9.7)
GlobalTracer.startCompetition_Warn: AUTO_MODE.runPeriodic takes too long (0.020s)
GlobalTracer.startCompetition_Warn: AUTO_MODE.updates takes too long (0.030s)
GlobalTracer.printPidInfo_Info: [15.261] elevatorPidController: Target=  34.8, Input=  34.1, Error=   0.6, PIDTerms= 0.129/ 0.020/ 0.000/ 0.000, Output= 0.149(-1.000/1.000), Volt=12.4(9.7)
GlobalTracer.startCompetition_Warn: AUTO_MODE.runPeriodic takes too long (0.021s)
GlobalTracer.startCompetition_Warn: AUTO_MODE.updates takes too long (0.027s)
GlobalTracer.printPidInfo_Info: [15.322] elevatorPidController: Target=  34.8, Input=  34.1, Error=   0.6, PIDTerms= 0.129/ 0.020/ 0.000/ 0.000, Output= 0.149(-1.000/1.000), Volt=12.3(9.7)
GlobalTracer.startCompetition_Warn: AUTO_MODE.updates takes too long (0.032s)
GlobalTracer.Vision_Info: Pixy is disabled!
GlobalTracer.TaskPerformance_Info: leftDriveStick.prePeriodic: PrePeriodic=0.000011, PostPeriodic=NaN, PreContinuous=NaN, PostContinous=NaN
GlobalTracer.TaskPerformance_Info: rightDriveStick.prePeriodic: PrePeriodic=0.000005, PostPeriodic=NaN, PreContinuous=NaN, PostContinous=NaN
GlobalTracer.TaskPerformance_Info: operatorStick.prePeriodic: PrePeriodic=0.000005, PostPeriodic=NaN, PreContinuous=NaN, PostContinous=NaN
GlobalTracer.TaskPerformance_Info: TrcRobotBattery.preContinuous: PrePeriodic=NaN, PostPeriodic=NaN, PreContinuous=0.002645, PostContinous=NaN
GlobalTracer.TaskPerformance_Info: LeftSonar.preContinuous: PrePeriodic=NaN, PostPeriodic=NaN, PreContinuous=NaN, PostContinous=NaN
GlobalTracer.TaskPerformance_Info: LeftSonar.preContinuous: PrePeriodic=NaN, PostPeriodic=NaN, PreContinuous=NaN, PostContinous=NaN
GlobalTracer.TaskPerformance_Info: RightSonar.preContinuous: PrePeriodic=NaN, PostPeriodic=NaN, PreContinuous=0.002558, PostContinous=NaN
GlobalTracer.TaskPerformance_Info: RightSonar.preContinuous: PrePeriodic=NaN, PostPeriodic=NaN, PreContinuous=0.000115, PostContinous=NaN
GlobalTracer.TaskPerformance_Info: LeftFrontWheel.stop: PrePeriodic=NaN, PostPeriodic=NaN, PreContinuous=NaN, PostContinous=NaN
GlobalTracer.TaskPerformance_Info: LeftFrontWheel.preContinuousTask: PrePeriodic=NaN, PostPeriodic=NaN, PreContinuous=NaN, PostContinous=NaN
GlobalTracer.TaskPerformance_Info: LeftRearWheel.stop: PrePeriodic=NaN, PostPeriodic=NaN, PreContinuous=NaN, PostContinous=NaN
GlobalTracer.TaskPerformance_Info: LeftRearWheel.preContinuousTask: PrePeriodic=NaN, PostPeriodic=NaN, PreContinuous=NaN, PostContinous=NaN
GlobalTracer.TaskPerformance_Info: RightFrontWheel.stop: PrePeriodic=NaN, PostPeriodic=NaN, PreContinuous=NaN, PostContinous=NaN
GlobalTracer.TaskPerformance_Info: RightFrontWheel.preContinuousTask: PrePeriodic=NaN, PostPeriodic=NaN, PreContinuous=NaN, PostContinous=NaN
GlobalTracer.TaskPerformance_Info: RightRearWheel.stop: PrePeriodic=NaN, PostPeriodic=NaN, PreContinuous=NaN, PostContinous=NaN
GlobalTracer.TaskPerformance_Info: RightRearWheel.preContinuousTask: PrePeriodic=NaN, PostPeriodic=NaN, PreContinuous=NaN, PostContinous=NaN
GlobalTracer.TaskPerformance_Info: TrcDriveBase.stop: PrePeriodic=NaN, PostPeriodic=NaN, PreContinuous=NaN, PostContinous=NaN
GlobalTracer.TaskPerformance_Info: TrcDriveBase.preContinuous: PrePeriodic=NaN, PostPeriodic=NaN, PreContinuous=0.007294, PostContinous=NaN
GlobalTracer.TaskPerformance_Info:    pidDrive.stop: PrePeriodic=NaN, PostPeriodic=NaN, PreContinuous=NaN, PostContinous=NaN
GlobalTracer.TaskPerformance_Info: pidDrive.postContinuous: PrePeriodic=NaN, PostPeriodic=NaN, PreContinuous=NaN, PostContinous=0.025053
GlobalTracer.TaskPerformance_Info: elevatorMotor.stop: PrePeriodic=NaN, PostPeriodic=NaN, PreContinuous=NaN, PostContinous=NaN
GlobalTracer.TaskPerformance_Info: elevatorMotor.preContinuousTask: PrePeriodic=NaN, PostPeriodic=NaN, PreContinuous=NaN, PostContinous=NaN
GlobalTracer.TaskPerformance_Info:    elevator.stop: PrePeriodic=NaN, PostPeriodic=NaN, PreContinuous=NaN, PostContinous=NaN
GlobalTracer.TaskPerformance_Info: elevator.postContinuous: PrePeriodic=NaN, PostPeriodic=NaN, PreContinuous=NaN, PostContinous=0.001535
GlobalTracer.TaskPerformance_Info: elevatorMotor.preContinuous: PrePeriodic=NaN, PostPeriodic=NaN, PreContinuous=0.000541, PostContinous=NaN
GlobalTracer.TaskPerformance_Info: LeftPickupMotor.stop: PrePeriodic=NaN, PostPeriodic=NaN, PreContinuous=NaN, PostContinous=NaN
GlobalTracer.TaskPerformance_Info: LeftPickupMotor.preContinuousTask: PrePeriodic=NaN, PostPeriodic=NaN, PreContinuous=NaN, PostContinous=NaN
GlobalTracer.TaskPerformance_Info: RightPickupMotor.stop: PrePeriodic=NaN, PostPeriodic=NaN, PreContinuous=NaN, PostContinous=NaN
GlobalTracer.TaskPerformance_Info: RightPickupMotor.preContinuousTask: PrePeriodic=NaN, PostPeriodic=NaN, PreContinuous=NaN, PostContinous=NaN
GlobalTracer.TaskPerformance_Info: CubePickupClaw.stop: PrePeriodic=NaN, PostPeriodic=NaN, PreContinuous=NaN, PostContinous=NaN
GlobalTracer.TaskPerformance_Info: CubePickupClaw.postContinuous: PrePeriodic=NaN, PostPeriodic=NaN, PreContinuous=NaN, PostContinous=NaN
GlobalTracer.TaskPerformance_Info: CubePickupClaw.preContinuous: PrePeriodic=NaN, PostPeriodic=NaN, PreContinuous=NaN, PostContinous=NaN
GlobalTracer.TaskPerformance_Info: CubePickupDeploy.stop: PrePeriodic=NaN, PostPeriodic=NaN, PreContinuous=NaN, PostContinous=NaN
GlobalTracer.TaskPerformance_Info: CubePickupDeploy.postContinuous: PrePeriodic=NaN, PostPeriodic=NaN, PreContinuous=NaN, PostContinous=NaN
GlobalTracer.TaskPerformance_Info: CubePickupDeploy.preContinuous: PrePeriodic=NaN, PostPeriodic=NaN, PreContinuous=NaN, PostContinous=NaN
GlobalTracer.TaskPerformance_Info: CubeProximityTrigger.preContinuous: PrePeriodic=NaN, PostPeriodic=NaN, PreContinuous=NaN, PostContinous=NaN
GlobalTracer.TaskPerformance_Info: PickupCurrentTrigger.preContinuous: PrePeriodic=NaN, PostPeriodic=NaN, PreContinuous=NaN, PostContinous=NaN
GlobalTracer.TaskPerformance_Info:       pickupTask: PrePeriodic=NaN, PostPeriodic=NaN, PreContinuous=NaN, PostContinous=NaN
GlobalTracer.TaskPerformance_Info: pickupTimer.preContinuous: PrePeriodic=NaN, PostPeriodic=NaN, PreContinuous=NaN, PostContinous=NaN
GlobalTracer.TaskPerformance_Info: WinchMaster.stop: PrePeriodic=NaN, PostPeriodic=NaN, PreContinuous=NaN, PostContinous=NaN
GlobalTracer.TaskPerformance_Info: WinchMaster.preContinuousTask: PrePeriodic=NaN, PostPeriodic=NaN, PreContinuous=NaN, PostContinous=NaN
GlobalTracer.TaskPerformance_Info:  WinchSlave.stop: PrePeriodic=NaN, PostPeriodic=NaN, PreContinuous=NaN, PostContinous=NaN
GlobalTracer.TaskPerformance_Info: WinchSlave.preContinuousTask: PrePeriodic=NaN, PostPeriodic=NaN, PreContinuous=NaN, PostContinous=NaN
GlobalTracer.TaskPerformance_Info: leftFlipper.stop: PrePeriodic=NaN, PostPeriodic=NaN, PreContinuous=NaN, PostContinous=NaN
GlobalTracer.TaskPerformance_Info: leftFlipper.postContinuous: PrePeriodic=NaN, PostPeriodic=NaN, PreContinuous=NaN, PostContinous=NaN
GlobalTracer.TaskPerformance_Info: leftFlipper.preContinuous: PrePeriodic=NaN, PostPeriodic=NaN, PreContinuous=NaN, PostContinous=NaN
GlobalTracer.TaskPerformance_Info: rightFlipper.stop: PrePeriodic=NaN, PostPeriodic=NaN, PreContinuous=NaN, PostContinous=NaN
GlobalTracer.TaskPerformance_Info: rightFlipper.postContinuous: PrePeriodic=NaN, PostPeriodic=NaN, PreContinuous=NaN, PostContinous=NaN
GlobalTracer.TaskPerformance_Info: rightFlipper.preContinuous: PrePeriodic=NaN, PostPeriodic=NaN, PreContinuous=NaN, PostContinous=NaN
GlobalTracer.TaskPerformance_Info: VisionTrigger.preContinuous: PrePeriodic=NaN, PostPeriodic=NaN, PreContinuous=NaN, PostContinous=NaN
GlobalTracer.TaskPerformance_Info: ExchangeTrigger.preContinuous: PrePeriodic=NaN, PostPeriodic=NaN, PreContinuous=NaN, PostContinous=NaN
GlobalTracer.TaskPerformance_Info: FrcTest.preContinuous: PrePeriodic=NaN, PostPeriodic=NaN, PreContinuous=NaN, PostContinous=NaN
GlobalTracer.TaskPerformance_Info: CmdAutoSideSwitch.preContinuous: PrePeriodic=NaN, PostPeriodic=NaN, PreContinuous=NaN, PostContinous=NaN
GlobalTracer.TaskPerformance_Info: LeftSonarTrigger.preContinuous: PrePeriodic=NaN, PostPeriodic=NaN, PreContinuous=NaN, PostContinous=NaN
GlobalTracer.TaskPerformance_Info: RightSonarTrigger.preContinuous: PrePeriodic=NaN, PostPeriodic=NaN, PreContinuous=0.001335, PostContinous=NaN
GlobalTracer.startCompetition_Warn: AUTO_MODE.stopMode takes too long (0.140s)
GlobalTracer.Robot_Info: TotalEnergy=0.724Wh
