GlobalTracer.FirstPowerUp_Info: Fri Mar 30 12:34:04 PDT 2018[0.471]: ***** Starting autonomous *****
GlobalTracer.FirstPowerUp_Info: WAAMV_Qualification_ 10 (Blue1) [FMSConnected=true]
GlobalTracer.CmdAutoScale_Info: [0.493] delay=0.0, startPos=RIGHT_POS, fwdDistance=235.0
GlobalTracer.CmdAutoScale_Info: alliance=Blue, gameSpecificMsg=LRL, delay=0.000, startPosition=RIGHT_POS, fwdDistance=235
GlobalTracer.Vision_Info: Pixy is enabled!
GlobalTracer.FrcAuto.startMode_Info: [0.517] startMode done!
GlobalTracer.Robot_Info: [0.518]      START: xPos=  0.00,yPos=  0.00,heading=   0.0/   0.0,volts=13.1(13.1)
GlobalTracer.startCompetition_Warn: AUTO_MODE.periodic takes too long (0.160s)

GlobalTracer.startCompetition_Warn: AUTO_MODE.updates takes too long (0.028s)

GlobalTracer.startCompetition_Warn: AUTO_MODE takes too long (0.739s)

GlobalTracer.CmdAutoScale_Info: setRangingEnabled(true)
GlobalTracer.CmdAutoScale_Info: setSonarTriggerEnabled(true)
GlobalTracer.Robot_Info: [0.738] DRIVE_TO_SWITCH: xPos=  0.00,yPos=  0.00,heading=   0.0/   0.0,volts=13.1(13.1)
GlobalTracer.printPidInfo_Info: encoderXPidCtrl: Target=   0.0, Input=   0.0, Error=   0.0, PIDTerms= 0.000/ 0.000/ 0.000/ 0.000, Output= 0.000(-0.700/0.700), Volt=13.1(13.1)
GlobalTracer.printPidInfo_Info: encoderYPidCtrl: Target= 169.0, Input=   0.0, Error= 169.0, PIDTerms= 3.380/ 0.000/ 0.000/ 0.000, Output= 0.600(-0.600/0.600), Volt=13.1(13.1)
GlobalTracer.printPidInfo_Info: gyroTurnPidCtrl: Target=   0.0, Input=   0.0, Error=   0.0, PIDTerms= 0.000/ 0.000/ 0.000/ 0.000, Output= 0.000(-0.700/0.700), Volt=13.1(13.1)
GlobalTracer.startCompetition_Warn: AUTO_MODE.postContinuousTasks takes too long (0.030s)

GlobalTracer.startCompetition_Warn: AUTO_MODE.updates takes too long (0.035s)

GlobalTracer.startCompetition_Warn: AUTO_MODE takes too long (0.111s)

GlobalTracer.CmdAutoScale_Info: SonarTriggerEvent: prevZone=-1, currZone=1, value:64.2
GlobalTracer.startCompetition_Warn: AUTO_MODE.preContinuousTasks takes too long (0.023s)

GlobalTracer.printPidInfo_Info: encoderXPidCtrl: Target=   0.0, Input=  -0.0, Error=   0.0, PIDTerms= 0.002/ 0.000/ 0.001/ 0.000, Output= 0.003(-0.700/0.700), Volt=11.1(11.0)
GlobalTracer.printPidInfo_Info: encoderYPidCtrl: Target= 169.0, Input=   0.8, Error= 168.2, PIDTerms= 3.365/ 0.000/-0.012/ 0.000, Output= 0.600(-0.600/0.600), Volt=11.1(11.0)
GlobalTracer.printPidInfo_Info: gyroTurnPidCtrl: Target=   0.0, Input=   0.0, Error=  -0.0, PIDTerms=-0.001/ 0.000/-0.001/ 0.000, Output=-0.001(-0.700/0.700), Volt=11.1(11.0)
GlobalTracer.startCompetition_Warn: AUTO_MODE.postContinuousTasks takes too long (0.021s)

GlobalTracer.startCompetition_Warn: AUTO_MODE.updates takes too long (0.045s)

GlobalTracer.startCompetition_Warn: AUTO_MODE takes too long (0.104s)

GlobalTracer.printPidInfo_Info: encoderXPidCtrl: Target=   0.0, Input=   0.1, Error=  -0.1, PIDTerms=-0.037/ 0.000/-0.025/ 0.000, Output=-0.062(-0.700/0.700), Volt=11.4(11.0)
GlobalTracer.printPidInfo_Info: encoderYPidCtrl: Target= 169.0, Input=   3.8, Error= 165.2, PIDTerms= 3.304/ 0.000/-0.050/ 0.000, Output= 0.600(-0.600/0.600), Volt=11.4(11.0)
GlobalTracer.printPidInfo_Info: gyroTurnPidCtrl: Target=   0.0, Input=  -0.0, Error=   0.0, PIDTerms= 0.000/ 0.000/ 0.001/ 0.000, Output= 0.001(-0.700/0.700), Volt=11.1(11.0)
GlobalTracer.startCompetition_Warn: AUTO_MODE.postContinuousTasks takes too long (0.022s)

GlobalTracer.startCompetition_Warn: AUTO_MODE.updates takes too long (0.047s)

GlobalTracer.printPidInfo_Info: encoderXPidCtrl: Target=   0.0, Input=  -0.0, Error=   0.0, PIDTerms= 0.006/ 0.000/ 0.026/ 0.000, Output= 0.032(-0.700/0.700), Volt=11.2(11.0)
GlobalTracer.printPidInfo_Info: encoderYPidCtrl: Target= 169.0, Input=   7.5, Error= 161.5, PIDTerms= 3.230/ 0.000/-0.056/ 0.000, Output= 0.600(-0.600/0.600), Volt=11.2(11.0)
GlobalTracer.printPidInfo_Info: gyroTurnPidCtrl: Target=   0.0, Input=   0.1, Error=  -0.1, PIDTerms=-0.002/ 0.000/-0.002/ 0.000, Output=-0.005(-0.700/0.700), Volt=11.3(11.0)
GlobalTracer.startCompetition_Warn: AUTO_MODE.postContinuousTasks takes too long (0.020s)

GlobalTracer.startCompetition_Warn: AUTO_MODE.updates takes too long (0.029s)

GlobalTracer.printPidInfo_Info: encoderXPidCtrl: Target=   0.0, Input=  -0.1, Error=   0.1, PIDTerms= 0.013/ 0.000/ 0.005/ 0.000, Output= 0.018(-0.700/0.700), Volt=11.4(11.0)
GlobalTracer.printPidInfo_Info: encoderYPidCtrl: Target= 169.0, Input=  11.0, Error= 158.0, PIDTerms= 3.161/ 0.000/-0.067/ 0.000, Output= 0.600(-0.600/0.600), Volt=11.4(11.0)
GlobalTracer.printPidInfo_Info: gyroTurnPidCtrl: Target=   0.0, Input=   0.4, Error=  -0.4, PIDTerms=-0.007/ 0.000/-0.005/ 0.000, Output=-0.013(-0.700/0.700), Volt=11.3(11.0)
GlobalTracer.startCompetition_Warn: AUTO_MODE.postContinuousTasks takes too long (0.023s)

GlobalTracer.startCompetition_Warn: AUTO_MODE.updates takes too long (0.026s)

GlobalTracer.printPidInfo_Info: encoderXPidCtrl: Target=   0.0, Input=  -0.0, Error=   0.0, PIDTerms= 0.002/ 0.000/-0.009/ 0.000, Output=-0.007(-0.700/0.700), Volt=11.5(11.0)
GlobalTracer.printPidInfo_Info: encoderYPidCtrl: Target= 169.0, Input=  15.0, Error= 154.0, PIDTerms= 3.080/ 0.000/-0.085/ 0.000, Output= 0.600(-0.600/0.600), Volt=11.5(11.0)
GlobalTracer.printPidInfo_Info: gyroTurnPidCtrl: Target=   0.0, Input=   0.5, Error=  -0.5, PIDTerms=-0.010/ 0.000/-0.004/ 0.000, Output=-0.014(-0.700/0.700), Volt=11.5(11.0)
GlobalTracer.startCompetition_Warn: AUTO_MODE.postContinuousTasks takes too long (0.021s)

GlobalTracer.startCompetition_Warn: AUTO_MODE.updates takes too long (0.039s)

GlobalTracer.printPidInfo_Info: encoderXPidCtrl: Target=   0.0, Input=   0.0, Error=  -0.0, PIDTerms=-0.002/ 0.000/-0.002/ 0.000, Output=-0.004(-0.700/0.700), Volt=11.6(11.0)
GlobalTracer.printPidInfo_Info: encoderYPidCtrl: Target= 169.0, Input=  19.6, Error= 149.4, PIDTerms= 2.989/ 0.000/-0.070/ 0.000, Output= 0.600(-0.600/0.600), Volt=11.7(11.0)
GlobalTracer.printPidInfo_Info: gyroTurnPidCtrl: Target=   0.0, Input=   0.6, Error=  -0.6, PIDTerms=-0.013/ 0.000/-0.002/ 0.000, Output=-0.015(-0.700/0.700), Volt=11.7(11.0)
GlobalTracer.startCompetition_Warn: AUTO_MODE.postContinuousTasks takes too long (0.042s)

GlobalTracer.startCompetition_Warn: AUTO_MODE.updates takes too long (0.095s)

GlobalTracer.startCompetition_Warn: AUTO_MODE takes too long (0.186s)

GlobalTracer.printPidInfo_Info: encoderXPidCtrl: Target=   0.0, Input=   0.2, Error=  -0.2, PIDTerms=-0.042/ 0.000/-0.014/ 0.000, Output=-0.056(-0.700/0.700), Volt=11.8(11.0)
GlobalTracer.printPidInfo_Info: encoderYPidCtrl: Target= 169.0, Input=  31.6, Error= 137.4, PIDTerms= 2.749/ 0.000/-0.102/ 0.000, Output= 0.600(-0.600/0.600), Volt=11.8(11.0)
GlobalTracer.printPidInfo_Info: gyroTurnPidCtrl: Target=   0.0, Input=   1.0, Error=  -1.0, PIDTerms=-0.021/ 0.000/-0.004/ 0.000, Output=-0.025(-0.700/0.700), Volt=11.9(11.0)
GlobalTracer.startCompetition_Warn: AUTO_MODE.postContinuousTasks takes too long (0.033s)

GlobalTracer.startCompetition_Warn: AUTO_MODE.updates takes too long (0.038s)

GlobalTracer.printPidInfo_Info: encoderXPidCtrl: Target=   0.0, Input=  -0.1, Error=   0.1, PIDTerms= 0.025/ 0.000/ 0.039/ 0.000, Output= 0.064(-0.700/0.700), Volt=11.9(11.0)
GlobalTracer.printPidInfo_Info: encoderYPidCtrl: Target= 169.0, Input=  38.4, Error= 130.6, PIDTerms= 2.611/ 0.000/-0.101/ 0.000, Output= 0.600(-0.600/0.600), Volt=12.0(11.0)
GlobalTracer.printPidInfo_Info: gyroTurnPidCtrl: Target=   0.0, Input=   1.3, Error=  -1.3, PIDTerms=-0.026/ 0.000/-0.004/ 0.000, Output=-0.030(-0.700/0.700), Volt=12.0(11.0)
GlobalTracer.startCompetition_Warn: AUTO_MODE.postContinuousTasks takes too long (0.037s)

GlobalTracer.startCompetition_Warn: AUTO_MODE.updates takes too long (0.040s)

GlobalTracer.startCompetition_Warn: AUTO_MODE takes too long (0.103s)

GlobalTracer.printPidInfo_Info: encoderXPidCtrl: Target=   0.0, Input=  -0.1, Error=   0.1, PIDTerms= 0.032/ 0.000/ 0.004/ 0.000, Output= 0.037(-0.700/0.700), Volt=12.0(11.0)
GlobalTracer.printPidInfo_Info: encoderYPidCtrl: Target= 169.0, Input=  46.8, Error= 122.2, PIDTerms= 2.444/ 0.000/-0.117/ 0.000, Output= 0.600(-0.600/0.600), Volt=12.0(11.0)
GlobalTracer.printPidInfo_Info: gyroTurnPidCtrl: Target=   0.0, Input=   1.3, Error=  -1.3, PIDTerms=-0.026/ 0.000/ 0.000/ 0.000, Output=-0.025(-0.700/0.700), Volt=12.0(11.0)
GlobalTracer.startCompetition_Warn: AUTO_MODE.postContinuousTasks takes too long (0.024s)

GlobalTracer.startCompetition_Warn: AUTO_MODE.updates takes too long (0.048s)

GlobalTracer.startCompetition_Warn: AUTO_MODE takes too long (0.102s)

GlobalTracer.printPidInfo_Info: encoderXPidCtrl: Target=   0.0, Input=  -0.1, Error=   0.1, PIDTerms= 0.020/ 0.000/-0.007/ 0.000, Output= 0.012(-0.700/0.700), Volt=12.1(11.0)
GlobalTracer.printPidInfo_Info: encoderYPidCtrl: Target= 169.0, Input=  55.7, Error= 113.3, PIDTerms= 2.267/ 0.000/-0.127/ 0.000, Output= 0.600(-0.600/0.600), Volt=12.1(11.0)
GlobalTracer.printPidInfo_Info: gyroTurnPidCtrl: Target=   0.0, Input=   1.0, Error=  -1.0, PIDTerms=-0.021/ 0.000/ 0.004/ 0.000, Output=-0.017(-0.700/0.700), Volt=12.1(11.0)
GlobalTracer.startCompetition_Warn: AUTO_MODE.updates takes too long (0.027s)

GlobalTracer.printPidInfo_Info: encoderXPidCtrl: Target=   0.0, Input=  -0.0, Error=   0.0, PIDTerms= 0.005/ 0.000/-0.014/ 0.000, Output=-0.009(-0.700/0.700), Volt=12.1(11.0)
GlobalTracer.printPidInfo_Info: encoderYPidCtrl: Target= 169.0, Input=  60.7, Error= 108.3, PIDTerms= 2.167/ 0.000/-0.119/ 0.000, Output= 0.600(-0.600/0.600), Volt=12.1(11.0)
GlobalTracer.printPidInfo_Info: gyroTurnPidCtrl: Target=   0.0, Input=   1.0, Error=  -1.0, PIDTerms=-0.019/ 0.000/ 0.002/ 0.000, Output=-0.017(-0.700/0.700), Volt=12.1(11.0)
GlobalTracer.startCompetition_Warn: AUTO_MODE.postContinuousTasks takes too long (0.025s)

GlobalTracer.startCompetition_Warn: AUTO_MODE.updates takes too long (0.037s)

GlobalTracer.printPidInfo_Info: encoderXPidCtrl: Target=   0.0, Input=   0.3, Error=  -0.3, PIDTerms=-0.068/ 0.000/-0.046/ 0.000, Output=-0.114(-0.700/0.700), Volt=12.1(11.0)
GlobalTracer.printPidInfo_Info: encoderYPidCtrl: Target= 169.0, Input=  67.9, Error= 101.1, PIDTerms= 2.023/ 0.000/-0.114/ 0.000, Output= 0.600(-0.600/0.600), Volt=12.1(11.0)
GlobalTracer.printPidInfo_Info: gyroTurnPidCtrl: Target=   0.0, Input=   0.9, Error=  -0.9, PIDTerms=-0.017/ 0.000/ 0.002/ 0.000, Output=-0.016(-0.700/0.700), Volt=11.7(11.0)
GlobalTracer.startCompetition_Warn: AUTO_MODE.postContinuousTasks takes too long (0.033s)

GlobalTracer.startCompetition_Warn: AUTO_MODE.updates takes too long (0.035s)

GlobalTracer.printPidInfo_Info: encoderXPidCtrl: Target=   0.0, Input=  -0.0, Error=   0.0, PIDTerms= 0.009/ 0.000/ 0.046/ 0.000, Output= 0.056(-0.700/0.700), Volt=11.8(11.0)
GlobalTracer.printPidInfo_Info: encoderYPidCtrl: Target= 169.0, Input=  76.1, Error=  92.9, PIDTerms= 1.859/ 0.000/-0.123/ 0.000, Output= 0.600(-0.600/0.600), Volt=11.8(11.0)
GlobalTracer.printPidInfo_Info: gyroTurnPidCtrl: Target=   0.0, Input=   0.8, Error=  -0.8, PIDTerms=-0.015/ 0.000/ 0.002/ 0.000, Output=-0.013(-0.700/0.700), Volt=11.8(11.0)
GlobalTracer.startCompetition_Warn: AUTO_MODE.postContinuousTasks takes too long (0.022s)

GlobalTracer.startCompetition_Warn: AUTO_MODE.updates takes too long (0.043s)

GlobalTracer.printPidInfo_Info: encoderXPidCtrl: Target=   0.0, Input=  -0.1, Error=   0.1, PIDTerms= 0.030/ 0.000/ 0.013/ 0.000, Output= 0.043(-0.700/0.700), Volt=12.0(11.0)
GlobalTracer.printPidInfo_Info: encoderYPidCtrl: Target= 169.0, Input=  84.9, Error=  84.1, PIDTerms= 1.681/ 0.000/-0.143/ 0.000, Output= 0.600(-0.600/0.600), Volt=12.0(11.0)
GlobalTracer.printPidInfo_Info: gyroTurnPidCtrl: Target=   0.0, Input=   0.6, Error=  -0.6, PIDTerms=-0.013/ 0.000/ 0.002/ 0.000, Output=-0.011(-0.700/0.700), Volt=12.0(11.0)
GlobalTracer.startCompetition_Warn: AUTO_MODE.updates takes too long (0.049s)

GlobalTracer.printPidInfo_Info: encoderXPidCtrl: Target=   0.0, Input=  -0.0, Error=   0.0, PIDTerms= 0.003/ 0.000/-0.016/ 0.000, Output=-0.012(-0.700/0.700), Volt=12.0(11.0)
GlobalTracer.printPidInfo_Info: encoderYPidCtrl: Target= 169.0, Input=  93.9, Error=  75.1, PIDTerms= 1.502/ 0.000/-0.134/ 0.000, Output= 0.600(-0.600/0.600), Volt=12.0(11.0)
GlobalTracer.printPidInfo_Info: gyroTurnPidCtrl: Target=   0.0, Input=   0.7, Error=  -0.7, PIDTerms=-0.013/ 0.000/-0.000/ 0.000, Output=-0.014(-0.700/0.700), Volt=12.0(11.0)
GlobalTracer.startCompetition_Warn: AUTO_MODE.postContinuousTasks takes too long (0.027s)

GlobalTracer.startCompetition_Warn: AUTO_MODE.updates takes too long (0.029s)

GlobalTracer.printPidInfo_Info: encoderXPidCtrl: Target=   0.0, Input=  -0.2, Error=   0.2, PIDTerms= 0.058/ 0.000/ 0.040/ 0.000, Output= 0.098(-0.700/0.700), Volt=11.9(11.0)
GlobalTracer.printPidInfo_Info: encoderYPidCtrl: Target= 169.0, Input= 102.5, Error=  66.5, PIDTerms= 1.330/ 0.000/-0.157/ 0.000, Output= 0.600(-0.600/0.600), Volt=11.9(11.0)
GlobalTracer.printPidInfo_Info: gyroTurnPidCtrl: Target=   0.0, Input=   0.8, Error=  -0.8, PIDTerms=-0.015/ 0.000/-0.002/ 0.000, Output=-0.017(-0.700/0.700), Volt=11.9(11.0)
GlobalTracer.startCompetition_Warn: AUTO_MODE.postContinuousTasks takes too long (0.025s)

GlobalTracer.startCompetition_Warn: AUTO_MODE.updates takes too long (0.040s)

GlobalTracer.printPidInfo_Info: encoderXPidCtrl: Target=   0.0, Input=   0.2, Error=  -0.2, PIDTerms=-0.038/ 0.000/-0.062/ 0.000, Output=-0.099(-0.700/0.700), Volt=12.0(11.0)
GlobalTracer.printPidInfo_Info: encoderYPidCtrl: Target= 169.0, Input= 110.3, Error=  58.7, PIDTerms= 1.174/ 0.000/-0.126/ 0.000, Output= 0.600(-0.600/0.600), Volt=12.0(11.0)
GlobalTracer.printPidInfo_Info: gyroTurnPidCtrl: Target=   0.0, Input=   0.8, Error=  -0.8, PIDTerms=-0.017/ 0.000/-0.002/ 0.000, Output=-0.018(-0.700/0.700), Volt=12.0(11.0)
GlobalTracer.startCompetition_Warn: AUTO_MODE.postContinuousTasks takes too long (0.026s)

GlobalTracer.startCompetition_Warn: AUTO_MODE.updates takes too long (0.029s)

GlobalTracer.startCompetition_Warn: AUTO_MODE.periodic takes too long (0.028s)

GlobalTracer.printPidInfo_Info: encoderXPidCtrl: Target=   0.0, Input=   0.2, Error=  -0.2, PIDTerms=-0.049/ 0.000/-0.006/ 0.000, Output=-0.055(-0.700/0.700), Volt=12.0(11.0)
GlobalTracer.printPidInfo_Info: encoderYPidCtrl: Target= 169.0, Input= 117.7, Error=  51.3, PIDTerms= 1.026/ 0.000/-0.100/ 0.000, Output= 0.600(-0.600/0.600), Volt=12.0(11.0)
GlobalTracer.printPidInfo_Info: gyroTurnPidCtrl: Target=   0.0, Input=   0.9, Error=  -0.9, PIDTerms=-0.018/ 0.000/-0.001/ 0.000, Output=-0.019(-0.700/0.700), Volt=12.0(11.0)
GlobalTracer.startCompetition_Warn: AUTO_MODE.postContinuousTasks takes too long (0.028s)

GlobalTracer.startCompetition_Warn: AUTO_MODE.updates takes too long (0.063s)

GlobalTracer.startCompetition_Warn: AUTO_MODE takes too long (0.151s)

GlobalTracer.CmdAutoScale_Info: SonarTriggerEvent: prevZone=1, currZone=0, value:15.6
GlobalTracer.CmdAutoScale_Info: setSonarTriggerEnabled(false)
GlobalTracer.CmdAutoScale_Info: sonarDistance=15.6, distanceFromWall=50.1, xDistance=14.5, yDistance=173.9
GlobalTracer.Robot_Info: [2.646] CHECK_SONAR_DISTANCE: xPos= -0.04,yPos=132.61,heading=   0.9/   0.0,volts=12.1(11.0)
GlobalTracer.printPidInfo_Info: [2.646] elevatorPidController: Target=  35.0, Input=   0.0, Error=  27.0, PIDTerms= 0.000/ 0.000/ 0.000/ 0.000, Output= 0.000(-1.000/1.000), Volt=12.1(11.0)
GlobalTracer.startCompetition_Warn: AUTO_MODE.continuous takes too long (0.036s)

GlobalTracer.startCompetition_Warn: AUTO_MODE.periodic takes too long (0.035s)

GlobalTracer.printPidInfo_Info: encoderXPidCtrl: Target=  14.5, Input=  -0.0, Error=  14.5, PIDTerms= 3.636/ 0.000/ 0.000/ 0.000, Output= 0.700(-0.700/0.700), Volt=12.5(11.0)
GlobalTracer.printPidInfo_Info: encoderYPidCtrl: Target= 306.5, Input= 132.6, Error= 173.9, PIDTerms= 3.478/ 0.000/ 0.000/ 0.000, Output= 0.600(-0.600/0.600), Volt=12.4(11.0)
GlobalTracer.printPidInfo_Info: gyroTurnPidCtrl: Target=   0.0, Input=   0.9, Error=  -0.9, PIDTerms=-0.018/ 0.000/ 0.000/ 0.000, Output=-0.018(-0.700/0.700), Volt=12.4(11.0)
GlobalTracer.startCompetition_Warn: AUTO_MODE.postContinuousTasks takes too long (0.038s)

GlobalTracer.startCompetition_Warn: AUTO_MODE.updates takes too long (0.067s)

GlobalTracer.startCompetition_Warn: AUTO_MODE takes too long (0.195s)

GlobalTracer.printPidInfo_Info: [2.842] elevatorPidController: Target=  35.0, Input=   8.0, Error=  27.0, PIDTerms= 5.397/ 0.002/-0.000/ 0.000, Output= 1.000(-1.000/1.000), Volt=10.6(10.4)
GlobalTracer.startCompetition_Warn: AUTO_MODE.periodic takes too long (0.029s)

GlobalTracer.printPidInfo_Info: encoderXPidCtrl: Target=  14.5, Input=   1.0, Error=  13.5, PIDTerms= 3.371/ 0.000/-0.094/ 0.000, Output= 0.700(-0.700/0.700), Volt=10.9(10.4)
GlobalTracer.printPidInfo_Info: encoderYPidCtrl: Target= 306.5, Input= 147.9, Error= 158.6, PIDTerms= 3.172/ 0.000/-0.136/ 0.000, Output= 0.600(-0.600/0.600), Volt=10.9(10.4)
GlobalTracer.printPidInfo_Info: gyroTurnPidCtrl: Target=   0.0, Input=   0.7, Error=  -0.7, PIDTerms=-0.014/ 0.000/ 0.002/ 0.000, Output=-0.011(-0.700/0.700), Volt=10.9(10.4)
GlobalTracer.startCompetition_Warn: AUTO_MODE.updates takes too long (0.057s)

GlobalTracer.startCompetition_Warn: AUTO_MODE takes too long (0.134s)

GlobalTracer.printPidInfo_Info: [2.978] elevatorPidController: Target=  35.0, Input=  10.5, Error=  24.5, PIDTerms= 4.904/ 0.006/-0.000/ 0.000, Output= 1.000(-1.000/1.000), Volt=10.4(10.4)
GlobalTracer.startCompetition_Warn: AUTO_MODE.periodic takes too long (0.038s)

GlobalTracer.printPidInfo_Info: encoderXPidCtrl: Target=  14.5, Input=   3.2, Error=  11.3, PIDTerms= 2.828/ 0.000/-0.236/ 0.000, Output= 0.700(-0.700/0.700), Volt=10.6(10.4)
GlobalTracer.printPidInfo_Info: encoderYPidCtrl: Target= 306.5, Input= 158.7, Error= 147.8, PIDTerms= 2.955/ 0.000/-0.118/ 0.000, Output= 0.600(-0.600/0.600), Volt=10.6(10.4)
GlobalTracer.printPidInfo_Info: gyroTurnPidCtrl: Target=   0.0, Input=   1.5, Error=  -1.5, PIDTerms=-0.029/ 0.000/-0.010/ 0.000, Output=-0.039(-0.700/0.700), Volt=10.6(10.4)
GlobalTracer.startCompetition_Warn: AUTO_MODE.postContinuousTasks takes too long (0.031s)

GlobalTracer.startCompetition_Warn: AUTO_MODE.updates takes too long (0.054s)

GlobalTracer.startCompetition_Warn: AUTO_MODE takes too long (0.150s)

GlobalTracer.printPidInfo_Info: [3.131] elevatorPidController: Target=  35.0, Input=  15.8, Error=  19.2, PIDTerms= 3.831/ 0.009/-0.000/ 0.000, Output= 1.000(-1.000/1.000), Volt=10.7(10.4)
GlobalTracer.startCompetition_Warn: AUTO_MODE.periodic takes too long (0.027s)

GlobalTracer.printPidInfo_Info: encoderXPidCtrl: Target=  14.5, Input=   5.9, Error=   8.6, PIDTerms= 2.147/ 0.000/-0.275/ 0.000, Output= 0.700(-0.700/0.700), Volt=10.6(10.4)
GlobalTracer.printPidInfo_Info: encoderYPidCtrl: Target= 306.5, Input= 169.2, Error= 137.3, PIDTerms= 2.745/ 0.000/-0.106/ 0.000, Output= 0.600(-0.600/0.600), Volt=10.6(10.4)
GlobalTracer.printPidInfo_Info: gyroTurnPidCtrl: Target=   0.0, Input=   2.8, Error=  -2.8, PIDTerms=-0.057/ 0.000/-0.016/ 0.000, Output=-0.073(-0.700/0.700), Volt=10.6(10.4)
GlobalTracer.startCompetition_Warn: AUTO_MODE.postContinuousTasks takes too long (0.026s)

GlobalTracer.startCompetition_Warn: AUTO_MODE.updates takes too long (0.065s)

GlobalTracer.startCompetition_Warn: AUTO_MODE takes too long (0.153s)

GlobalTracer.startCompetition_Warn: AUTO_MODE.preContinuousTasks takes too long (0.020s)

GlobalTracer.printPidInfo_Info: [3.286] elevatorPidController: Target=  35.0, Input=  21.4, Error=  13.6, PIDTerms= 2.718/ 0.011/-0.000/ 0.000, Output= 1.000(-1.000/1.000), Volt=10.6(10.4)
GlobalTracer.startCompetition_Warn: AUTO_MODE.periodic takes too long (0.031s)

GlobalTracer.printPidInfo_Info: encoderXPidCtrl: Target=  14.5, Input=   8.6, Error=   5.9, PIDTerms= 1.487/ 0.000/-0.246/ 0.000, Output= 0.700(-0.700/0.700), Volt=10.7(10.4)
GlobalTracer.printPidInfo_Info: encoderYPidCtrl: Target= 306.5, Input= 179.4, Error= 127.1, PIDTerms= 2.542/ 0.000/-0.095/ 0.000, Output= 0.600(-0.600/0.600), Volt=10.7(10.4)
GlobalTracer.printPidInfo_Info: gyroTurnPidCtrl: Target=   0.0, Input=   3.5, Error=  -3.5, PIDTerms=-0.071/ 0.000/-0.008/ 0.000, Output=-0.079(-0.700/0.700), Volt=10.5(10.4)
GlobalTracer.startCompetition_Warn: AUTO_MODE.postContinuousTasks takes too long (0.026s)

GlobalTracer.startCompetition_Warn: AUTO_MODE.updates takes too long (0.062s)

GlobalTracer.startCompetition_Warn: AUTO_MODE takes too long (0.155s)

GlobalTracer.printPidInfo_Info: [3.443] elevatorPidController: Target=  35.0, Input=  28.8, Error=   6.2, PIDTerms= 1.233/ 0.012/-0.000/ 0.000, Output= 1.000(-1.000/1.000), Volt=10.7(10.4)
GlobalTracer.printPidInfo_Info: encoderXPidCtrl: Target=  14.5, Input=  11.9, Error=   2.6, PIDTerms= 0.661/ 0.000/-0.435/ 0.000, Output= 0.225(-0.700/0.700), Volt=11.2(10.4)
GlobalTracer.printPidInfo_Info: encoderYPidCtrl: Target= 306.5, Input= 189.9, Error= 116.6, PIDTerms= 2.331/ 0.000/-0.139/ 0.000, Output= 0.600(-0.600/0.600), Volt=11.2(10.4)
GlobalTracer.printPidInfo_Info: gyroTurnPidCtrl: Target=   0.0, Input=   2.9, Error=  -2.9, PIDTerms=-0.057/ 0.000/ 0.010/ 0.000, Output=-0.047(-0.700/0.700), Volt=11.2(10.4)
GlobalTracer.startCompetition_Warn: AUTO_MODE.postContinuousTasks takes too long (0.025s)

GlobalTracer.startCompetition_Warn: AUTO_MODE.updates takes too long (0.062s)

GlobalTracer.startCompetition_Warn: AUTO_MODE takes too long (0.112s)

GlobalTracer.printPidInfo_Info: [3.557] elevatorPidController: Target=  35.0, Input=  32.8, Error=   2.2, PIDTerms= 0.439/ 0.012/-0.000/ 0.000, Output= 0.452(-1.000/1.000), Volt=11.4(10.4)
GlobalTracer.printPidInfo_Info: encoderXPidCtrl: Target=  14.5, Input=  13.6, Error=   0.9, PIDTerms= 0.229/ 0.000/-0.221/ 0.000, Output= 0.007(-0.700/0.700), Volt=11.4(10.4)
GlobalTracer.printPidInfo_Info: encoderYPidCtrl: Target= 306.5, Input= 197.1, Error= 109.4, PIDTerms= 2.187/ 0.000/-0.092/ 0.000, Output= 0.600(-0.600/0.600), Volt=11.5(10.4)
GlobalTracer.printPidInfo_Info: gyroTurnPidCtrl: Target=   0.0, Input=   2.0, Error=  -2.0, PIDTerms=-0.039/ 0.000/ 0.014/ 0.000, Output=-0.025(-0.700/0.700), Volt=11.5(10.4)
GlobalTracer.startCompetition_Warn: AUTO_MODE.postContinuousTasks takes too long (0.032s)

GlobalTracer.startCompetition_Warn: AUTO_MODE.updates takes too long (0.064s)

GlobalTracer.startCompetition_Warn: AUTO_MODE takes too long (0.123s)

GlobalTracer.startCompetition_Warn: AUTO_MODE.preContinuousTasks takes too long (0.022s)

GlobalTracer.printPidInfo_Info: [3.684] elevatorPidController: Target=  35.0, Input=  36.1, Error=  -1.1, PIDTerms=-0.224/ 0.012/-0.000/ 0.000, Output=-0.212(-1.000/1.000), Volt=11.7(10.4)
GlobalTracer.startCompetition_Warn: AUTO_MODE.periodic takes too long (0.033s)

GlobalTracer.printPidInfo_Info: encoderXPidCtrl: Target=  14.5, Input=  14.9, Error=  -0.4, PIDTerms=-0.102/ 0.000/-0.115/ 0.000, Output=-0.217(-0.700/0.700), Volt=11.7(10.4)
GlobalTracer.printPidInfo_Info: encoderYPidCtrl: Target= 306.5, Input= 207.8, Error=  98.7, PIDTerms= 1.974/ 0.000/-0.092/ 0.000, Output= 0.600(-0.600/0.600), Volt=11.7(10.4)
GlobalTracer.printPidInfo_Info: gyroTurnPidCtrl: Target=   0.0, Input=   1.3, Error=  -1.3, PIDTerms=-0.025/ 0.000/ 0.007/ 0.000, Output=-0.019(-0.700/0.700), Volt=11.7(10.4)
GlobalTracer.startCompetition_Warn: AUTO_MODE.postContinuousTasks takes too long (0.027s)

GlobalTracer.startCompetition_Warn: AUTO_MODE.updates takes too long (0.055s)

GlobalTracer.startCompetition_Warn: AUTO_MODE takes too long (0.161s)

GlobalTracer.printPidInfo_Info: [3.847] elevatorPidController: Target=  35.0, Input=  35.2, Error=  -0.2, PIDTerms=-0.046/ 0.012/ 0.000/ 0.000, Output=-0.034(-1.000/1.000), Volt=11.2(10.4)
GlobalTracer.startCompetition_Warn: AUTO_MODE.periodic takes too long (0.030s)

GlobalTracer.printPidInfo_Info: encoderXPidCtrl: Target=  14.5, Input=  15.2, Error=  -0.7, PIDTerms=-0.164/ 0.000/-0.025/ 0.000, Output=-0.189(-0.700/0.700), Volt=11.4(10.4)
GlobalTracer.printPidInfo_Info: encoderYPidCtrl: Target= 306.5, Input= 219.8, Error=  86.7, PIDTerms= 1.733/ 0.000/-0.121/ 0.000, Output= 0.600(-0.600/0.600), Volt=11.5(10.4)
GlobalTracer.printPidInfo_Info: gyroTurnPidCtrl: Target=   0.0, Input=   2.2, Error=  -2.2, PIDTerms=-0.044/ 0.000/-0.011/ 0.000, Output=-0.054(-0.700/0.700), Volt=11.5(10.4)
GlobalTracer.startCompetition_Warn: AUTO_MODE.postContinuousTasks takes too long (0.032s)

GlobalTracer.startCompetition_Warn: AUTO_MODE.updates takes too long (0.055s)

GlobalTracer.startCompetition_Warn: AUTO_MODE takes too long (0.144s)

GlobalTracer.printPidInfo_Info: [3.992] elevatorPidController: Target=  35.0, Input=  34.0, Error=   1.0, PIDTerms= 0.209/ 0.012/ 0.000/ 0.000, Output= 0.221(-1.000/1.000), Volt=11.4(10.4)
GlobalTracer.startCompetition_Warn: AUTO_MODE.periodic takes too long (0.027s)

GlobalTracer.printPidInfo_Info: encoderXPidCtrl: Target=  14.5, Input=  14.6, Error=  -0.1, PIDTerms=-0.019/ 0.000/ 0.063/ 0.000, Output= 0.044(-0.700/0.700), Volt=11.4(10.4)
GlobalTracer.printPidInfo_Info: encoderYPidCtrl: Target= 306.5, Input= 230.8, Error=  75.7, PIDTerms= 1.513/ 0.000/-0.120/ 0.000, Output= 0.600(-0.600/0.600), Volt=11.4(10.4)
GlobalTracer.printPidInfo_Info: gyroTurnPidCtrl: Target=   0.0, Input=   2.3, Error=  -2.3, PIDTerms=-0.046/ 0.000/-0.002/ 0.000, Output=-0.048(-0.700/0.700), Volt=11.4(10.4)
GlobalTracer.startCompetition_Warn: AUTO_MODE.postContinuousTasks takes too long (0.029s)

GlobalTracer.startCompetition_Warn: AUTO_MODE.updates takes too long (0.057s)

GlobalTracer.startCompetition_Warn: AUTO_MODE takes too long (0.136s)

GlobalTracer.printPidInfo_Info: [4.129] elevatorPidController: Target=  35.0, Input=  34.0, Error=   1.0, PIDTerms= 0.207/ 0.012/-0.000/ 0.000, Output= 0.219(-1.000/1.000), Volt=11.8(10.4)
GlobalTracer.printPidInfo_Info: encoderXPidCtrl: Target=  14.5, Input=  14.3, Error=   0.2, PIDTerms= 0.051/ 0.000/ 0.033/ 0.000, Output= 0.084(-0.700/0.700), Volt=11.7(10.4)
GlobalTracer.printPidInfo_Info: encoderYPidCtrl: Target= 306.5, Input= 242.5, Error=  64.0, PIDTerms= 1.280/ 0.000/-0.136/ 0.000, Output= 0.600(-0.600/0.600), Volt=11.7(10.4)
GlobalTracer.printPidInfo_Info: gyroTurnPidCtrl: Target=   0.0, Input=   1.8, Error=  -1.8, PIDTerms=-0.036/ 0.000/ 0.007/ 0.000, Output=-0.029(-0.700/0.700), Volt=11.7(10.4)
GlobalTracer.startCompetition_Warn: AUTO_MODE.postContinuousTasks takes too long (0.030s)

GlobalTracer.printPidInfo_Info: [4.217] elevatorPidController: Target=  35.0, Input=  34.1, Error=   0.9, PIDTerms= 0.190/ 0.012/-0.000/ 0.000, Output= 0.202(-1.000/1.000), Volt=11.8(10.4)
GlobalTracer.startCompetition_Warn: AUTO_MODE.periodic takes too long (0.020s)

GlobalTracer.printPidInfo_Info: encoderXPidCtrl: Target=  14.5, Input=  14.4, Error=   0.1, PIDTerms= 0.030/ 0.000/-0.016/ 0.000, Output= 0.014(-0.700/0.700), Volt=11.8(10.4)
GlobalTracer.printPidInfo_Info: encoderYPidCtrl: Target= 306.5, Input= 249.5, Error=  57.0, PIDTerms= 1.140/ 0.000/-0.130/ 0.000, Output= 0.600(-0.600/0.600), Volt=11.8(10.4)
GlobalTracer.printPidInfo_Info: gyroTurnPidCtrl: Target=   0.0, Input=   1.2, Error=  -1.2, PIDTerms=-0.024/ 0.000/ 0.013/ 0.000, Output=-0.010(-0.700/0.700), Volt=11.8(10.4)
GlobalTracer.startCompetition_Warn: AUTO_MODE.postContinuousTasks takes too long (0.028s)

GlobalTracer.startCompetition_Warn: AUTO_MODE.updates takes too long (0.037s)

GlobalTracer.printPidInfo_Info: [4.314] elevatorPidController: Target=  35.0, Input=  34.1, Error=   0.9, PIDTerms= 0.180/ 0.013/-0.000/ 0.000, Output= 0.192(-1.000/1.000), Volt=11.8(10.4)
GlobalTracer.printPidInfo_Info: encoderXPidCtrl: Target=  14.5, Input=  14.5, Error=  -0.0, PIDTerms=-0.006/ 0.000/-0.023/ 0.000, Output=-0.029(-0.700/0.700), Volt=11.8(10.4)
GlobalTracer.printPidInfo_Info: encoderYPidCtrl: Target= 306.5, Input= 258.4, Error=  48.1, PIDTerms= 0.962/ 0.000/-0.142/ 0.000, Output= 0.600(-0.600/0.600), Volt=11.8(10.4)
GlobalTracer.printPidInfo_Info: gyroTurnPidCtrl: Target=   0.0, Input=   0.3, Error=  -0.3, PIDTerms=-0.007/ 0.000/ 0.016/ 0.000, Output= 0.009(-0.700/0.700), Volt=11.8(10.4)
GlobalTracer.startCompetition_Warn: AUTO_MODE.postContinuousTasks takes too long (0.031s)

GlobalTracer.startCompetition_Warn: AUTO_MODE.updates takes too long (0.027s)

GlobalTracer.printPidInfo_Info: [4.403] elevatorPidController: Target=  35.0, Input=  34.2, Error=   0.8, PIDTerms= 0.167/ 0.013/-0.000/ 0.000, Output= 0.180(-1.000/1.000), Volt=11.8(10.4)
GlobalTracer.printPidInfo_Info: encoderXPidCtrl: Target=  14.5, Input=  14.6, Error=  -0.1, PIDTerms=-0.029/ 0.000/-0.014/ 0.000, Output=-0.043(-0.700/0.700), Volt=11.9(10.4)
GlobalTracer.printPidInfo_Info: encoderYPidCtrl: Target= 306.5, Input= 267.2, Error=  39.3, PIDTerms= 0.786/ 0.000/-0.138/ 0.000, Output= 0.600(-0.600/0.600), Volt=11.9(10.4)
GlobalTracer.printPidInfo_Info: gyroTurnPidCtrl: Target=   0.0, Input=  -0.0, Error=   0.0, PIDTerms= 0.001/ 0.000/ 0.007/ 0.000, Output= 0.007(-0.700/0.700), Volt=11.9(10.4)
GlobalTracer.startCompetition_Warn: AUTO_MODE.postContinuousTasks takes too long (0.031s)

GlobalTracer.startCompetition_Warn: AUTO_MODE.updates takes too long (0.023s)

GlobalTracer.printPidInfo_Info: [4.496] elevatorPidController: Target=  35.0, Input=  34.2, Error=   0.8, PIDTerms= 0.167/ 0.013/ 0.000/ 0.000, Output= 0.180(-1.000/1.000), Volt=11.9(10.4)
GlobalTracer.printPidInfo_Info: encoderXPidCtrl: Target=  14.5, Input=  14.6, Error=  -0.1, PIDTerms=-0.031/ 0.000/-0.002/ 0.000, Output=-0.033(-0.700/0.700), Volt=11.8(10.4)
GlobalTracer.printPidInfo_Info: encoderYPidCtrl: Target= 306.5, Input= 274.3, Error=  32.2, PIDTerms= 0.645/ 0.000/-0.120/ 0.000, Output= 0.525(-0.600/0.600), Volt=11.8(10.4)
GlobalTracer.printPidInfo_Info: gyroTurnPidCtrl: Target=   0.0, Input=   0.0, Error=   0.0, PIDTerms= 0.000/ 0.000/-0.001/ 0.000, Output=-0.001(-0.700/0.700), Volt=11.9(10.4)
GlobalTracer.startCompetition_Warn: AUTO_MODE.postContinuousTasks takes too long (0.027s)

GlobalTracer.startCompetition_Warn: AUTO_MODE.updates takes too long (0.030s)

GlobalTracer.printPidInfo_Info: [4.585] elevatorPidController: Target=  35.0, Input=  34.2, Error=   0.8, PIDTerms= 0.164/ 0.013/-0.000/ 0.000, Output= 0.177(-1.000/1.000), Volt=12.1(10.4)
GlobalTracer.printPidInfo_Info: encoderXPidCtrl: Target=  14.5, Input=  14.5, Error=  -0.0, PIDTerms=-0.009/ 0.000/ 0.015/ 0.000, Output= 0.006(-0.700/0.700), Volt=12.1(10.4)
GlobalTracer.printPidInfo_Info: encoderYPidCtrl: Target= 306.5, Input= 283.3, Error=  23.2, PIDTerms= 0.464/ 0.000/-0.149/ 0.000, Output= 0.316(-0.600/0.600), Volt=12.1(10.4)
GlobalTracer.printPidInfo_Info: gyroTurnPidCtrl: Target=   0.0, Input=   0.2, Error=  -0.2, PIDTerms=-0.005/ 0.000/-0.005/ 0.000, Output=-0.009(-0.700/0.700), Volt=12.1(10.4)
GlobalTracer.startCompetition_Warn: AUTO_MODE.updates takes too long (0.031s)

GlobalTracer.printPidInfo_Info: [4.674] elevatorPidController: Target=  35.0, Input=  34.2, Error=   0.8, PIDTerms= 0.164/ 0.013/ 0.000/ 0.000, Output= 0.177(-1.000/1.000), Volt=12.4(10.4)
GlobalTracer.printPidInfo_Info: encoderXPidCtrl: Target=  14.5, Input=  14.5, Error=  -0.0, PIDTerms=-0.001/ 0.000/ 0.005/ 0.000, Output= 0.004(-0.700/0.700), Volt=12.6(10.4)
GlobalTracer.printPidInfo_Info: encoderYPidCtrl: Target= 306.5, Input= 290.3, Error=  16.2, PIDTerms= 0.325/ 0.000/-0.115/ 0.000, Output= 0.209(-0.600/0.600), Volt=12.6(10.4)
GlobalTracer.printPidInfo_Info: gyroTurnPidCtrl: Target=   0.0, Input=   0.6, Error=  -0.6, PIDTerms=-0.012/ 0.000/-0.007/ 0.000, Output=-0.019(-0.700/0.700), Volt=12.6(10.4)
GlobalTracer.startCompetition_Warn: AUTO_MODE.postContinuousTasks takes too long (0.028s)

GlobalTracer.startCompetition_Warn: AUTO_MODE.updates takes too long (0.029s)

GlobalTracer.printPidInfo_Info: [4.769] elevatorPidController: Target=  35.0, Input=  34.3, Error=   0.7, PIDTerms= 0.148/ 0.013/-0.000/ 0.000, Output= 0.161(-1.000/1.000), Volt=12.7(10.4)
GlobalTracer.printPidInfo_Info: encoderXPidCtrl: Target=  14.5, Input=  14.4, Error=   0.1, PIDTerms= 0.016/ 0.000/ 0.012/ 0.000, Output= 0.028(-0.700/0.700), Volt=12.7(10.4)
GlobalTracer.printPidInfo_Info: encoderYPidCtrl: Target= 306.5, Input= 297.9, Error=   8.6, PIDTerms= 0.173/ 0.000/-0.127/ 0.000, Output= 0.046(-0.600/0.600), Volt=12.7(10.4)
GlobalTracer.printPidInfo_Info: gyroTurnPidCtrl: Target=   0.0, Input=   0.7, Error=  -0.7, PIDTerms=-0.014/ 0.000/-0.002/ 0.000, Output=-0.017(-0.700/0.700), Volt=12.7(10.4)
GlobalTracer.startCompetition_Warn: AUTO_MODE.updates takes too long (0.052s)

GlobalTracer.startCompetition_Warn: AUTO_MODE takes too long (0.101s)

GlobalTracer.printPidInfo_Info: [4.870] elevatorPidController: Target=  35.0, Input=  34.3, Error=   0.7, PIDTerms= 0.147/ 0.013/-0.000/ 0.000, Output= 0.160(-1.000/1.000), Volt=12.5(10.4)
GlobalTracer.startCompetition_Warn: AUTO_MODE.periodic takes too long (0.021s)

GlobalTracer.printPidInfo_Info: encoderXPidCtrl: Target=  14.5, Input=  14.3, Error=   0.2, PIDTerms= 0.046/ 0.000/ 0.016/ 0.000, Output= 0.062(-0.700/0.700), Volt=12.5(10.4)
GlobalTracer.printPidInfo_Info: encoderYPidCtrl: Target= 306.5, Input= 304.0, Error=   2.5, PIDTerms= 0.050/ 0.000/-0.081/ 0.000, Output=-0.031(-0.600/0.600), Volt=12.5(10.4)
GlobalTracer.printPidInfo_Info: gyroTurnPidCtrl: Target=   0.0, Input=   0.0, Error=   0.0, PIDTerms= 0.000/ 0.000/ 0.011/ 0.000, Output= 0.011(-0.700/0.700), Volt=12.5(10.4)
GlobalTracer.startCompetition_Warn: AUTO_MODE.updates takes too long (0.050s)

GlobalTracer.startCompetition_Warn: AUTO_MODE takes too long (0.108s)

GlobalTracer.printPidInfo_Info: [4.978] elevatorPidController: Target=  35.0, Input=  34.6, Error=   0.4, PIDTerms= 0.090/ 0.013/-0.000/ 0.000, Output= 0.103(-1.000/1.000), Volt=12.4(10.4)
GlobalTracer.printPidInfo_Info: encoderXPidCtrl: Target=   0.0, Input=  14.6, Error=   0.0, PIDTerms=-0.028/ 0.000/-0.043/ 0.000, Output= 0.000(-0.700/0.700), Volt=12.4(10.4)
GlobalTracer.printPidInfo_Info: encoderYPidCtrl: Target=   0.0, Input= 308.5, Error=   0.0, PIDTerms=-0.039/ 0.000/-0.066/ 0.000, Output= 0.000(-0.600/0.600), Volt=12.4(10.4)
GlobalTracer.printPidInfo_Info: gyroTurnPidCtrl: Target=   0.0, Input=  -0.9, Error=   0.0, PIDTerms= 0.017/ 0.000/ 0.015/ 0.000, Output= 0.000(-0.700/0.700), Volt=12.4(10.4)
GlobalTracer.startCompetition_Warn: AUTO_MODE.postContinuousTasks takes too long (0.020s)

GlobalTracer.startCompetition_Warn: AUTO_MODE.updates takes too long (0.034s)

GlobalTracer.Robot_Info: [5.069] TURN_TO_FACE_SCALE: xPos= 14.81,yPos=310.52,heading=  -1.2/ -90.0,volts=12.5(10.4)
GlobalTracer.printPidInfo_Info: [5.069] elevatorPidController: Target=  35.0, Input=  34.6, Error=   0.4, PIDTerms= 0.078/ 0.013/-0.000/ 0.000, Output= 0.091(-1.000/1.000), Volt=12.5(10.4)
GlobalTracer.printPidInfo_Info: encoderXPidCtrl: Target=  14.8, Input=  14.6, Error=   0.0, PIDTerms=-0.028/ 0.000/-0.043/ 0.000, Output= 0.000(-0.700/0.700), Volt=12.5(10.4)
GlobalTracer.printPidInfo_Info: encoderYPidCtrl: Target= 310.5, Input= 308.5, Error=   0.0, PIDTerms=-0.039/ 0.000/-0.066/ 0.000, Output= 0.000(-0.600/0.600), Volt=12.5(10.4)
GlobalTracer.printPidInfo_Info: gyroTurnPidCtrl: Target= -90.0, Input=  -1.2, Error= -88.8, PIDTerms=-1.777/ 0.000/ 0.000/-0.000, Output=-0.700(-0.700/0.700), Volt=12.5(10.4)
GlobalTracer.startCompetition_Warn: AUTO_MODE.updates takes too long (0.031s)

GlobalTracer.printPidInfo_Info: [5.158] elevatorPidController: Target=  35.0, Input=  34.6, Error=   0.4, PIDTerms= 0.071/ 0.013/-0.000/ 0.000, Output= 0.084(-1.000/1.000), Volt=10.1(10.0)
GlobalTracer.startCompetition_Warn: AUTO_MODE.periodic takes too long (0.030s)

GlobalTracer.printPidInfo_Info: encoderXPidCtrl: Target=  14.8, Input=  14.6, Error=   0.0, PIDTerms=-0.028/ 0.000/-0.043/ 0.000, Output= 0.000(-0.700/0.700), Volt=10.9(10.0)
GlobalTracer.printPidInfo_Info: encoderYPidCtrl: Target= 310.5, Input= 308.5, Error=   0.0, PIDTerms=-0.039/ 0.000/-0.066/ 0.000, Output= 0.000(-0.600/0.600), Volt=10.9(10.0)
GlobalTracer.printPidInfo_Info: gyroTurnPidCtrl: Target= -90.0, Input=  -2.2, Error= -87.8, PIDTerms=-1.757/ 0.000/ 0.015/-0.000, Output=-0.700(-0.700/0.700), Volt=10.9(10.0)
GlobalTracer.startCompetition_Warn: AUTO_MODE.updates takes too long (0.043s)

GlobalTracer.startCompetition_Warn: AUTO_MODE takes too long (0.123s)

GlobalTracer.startCompetition_Warn: AUTO_MODE.preContinuousTasks takes too long (0.021s)

GlobalTracer.printPidInfo_Info: [5.281] elevatorPidController: Target=  35.0, Input=  34.6, Error=   0.4, PIDTerms= 0.081/ 0.013/ 0.000/ 0.000, Output= 0.094(-1.000/1.000), Volt=10.6(10.0)
GlobalTracer.printPidInfo_Info: encoderXPidCtrl: Target=  14.8, Input=  14.6, Error=   0.0, PIDTerms=-0.028/ 0.000/-0.043/ 0.000, Output= 0.000(-0.700/0.700), Volt=10.6(10.0)
GlobalTracer.printPidInfo_Info: encoderYPidCtrl: Target= 310.5, Input= 308.5, Error=   0.0, PIDTerms=-0.039/ 0.000/-0.066/ 0.000, Output= 0.000(-0.600/0.600), Volt=10.6(10.0)
GlobalTracer.printPidInfo_Info: gyroTurnPidCtrl: Target= -90.0, Input= -11.1, Error= -78.9, PIDTerms=-1.578/ 0.000/ 0.171/-0.000, Output=-0.700(-0.700/0.700), Volt=10.6(10.0)
GlobalTracer.startCompetition_Warn: AUTO_MODE.updates takes too long (0.037s)

GlobalTracer.printPidInfo_Info: [5.366] elevatorPidController: Target=  35.0, Input=  34.6, Error=   0.4, PIDTerms= 0.087/ 0.013/ 0.000/ 0.000, Output= 0.100(-1.000/1.000), Volt=10.7(10.0)
GlobalTracer.printPidInfo_Info: encoderXPidCtrl: Target=  14.8, Input=  14.6, Error=   0.0, PIDTerms=-0.028/ 0.000/-0.043/ 0.000, Output= 0.000(-0.700/0.700), Volt=10.9(10.0)
GlobalTracer.printPidInfo_Info: encoderYPidCtrl: Target= 310.5, Input= 308.5, Error=   0.0, PIDTerms=-0.039/ 0.000/-0.066/ 0.000, Output= 0.000(-0.600/0.600), Volt=10.9(10.0)
GlobalTracer.printPidInfo_Info: gyroTurnPidCtrl: Target= -90.0, Input= -19.9, Error= -70.1, PIDTerms=-1.402/ 0.000/ 0.179/-0.000, Output=-0.700(-0.700/0.700), Volt=10.9(10.0)
GlobalTracer.startCompetition_Warn: AUTO_MODE.updates takes too long (0.039s)

GlobalTracer.printPidInfo_Info: [5.457] elevatorPidController: Target=  35.0, Input=  34.6, Error=   0.4, PIDTerms= 0.087/ 0.013/ 0.000/ 0.000, Output= 0.100(-1.000/1.000), Volt=11.0(10.0)
GlobalTracer.printPidInfo_Info: encoderXPidCtrl: Target=  14.8, Input=  14.6, Error=   0.0, PIDTerms=-0.028/ 0.000/-0.043/ 0.000, Output= 0.000(-0.700/0.700), Volt=11.2(10.0)
GlobalTracer.printPidInfo_Info: encoderYPidCtrl: Target= 310.5, Input= 308.5, Error=   0.0, PIDTerms=-0.039/ 0.000/-0.066/ 0.000, Output= 0.000(-0.600/0.600), Volt=11.2(10.0)
GlobalTracer.printPidInfo_Info: gyroTurnPidCtrl: Target= -90.0, Input= -33.5, Error= -56.5, PIDTerms=-1.129/ 0.000/ 0.244/-0.000, Output=-0.700(-0.700/0.700), Volt=11.2(10.0)
GlobalTracer.startCompetition_Warn: AUTO_MODE.updates takes too long (0.033s)

GlobalTracer.printPidInfo_Info: [5.542] elevatorPidController: Target=  35.0, Input=  34.6, Error=   0.4, PIDTerms= 0.087/ 0.013/ 0.000/ 0.000, Output= 0.100(-1.000/1.000), Volt=11.2(10.0)
GlobalTracer.startCompetition_Warn: AUTO_MODE.periodic takes too long (0.020s)

GlobalTracer.printPidInfo_Info: encoderXPidCtrl: Target=  14.8, Input=  14.6, Error=   0.0, PIDTerms=-0.028/ 0.000/-0.043/ 0.000, Output= 0.000(-0.700/0.700), Volt=11.3(10.0)
GlobalTracer.printPidInfo_Info: encoderYPidCtrl: Target= 310.5, Input= 308.5, Error=   0.0, PIDTerms=-0.039/ 0.000/-0.066/ 0.000, Output= 0.000(-0.600/0.600), Volt=11.3(10.0)
GlobalTracer.printPidInfo_Info: gyroTurnPidCtrl: Target= -90.0, Input= -49.2, Error= -40.8, PIDTerms=-0.815/ 0.000/ 0.319/-0.000, Output=-0.496(-0.700/0.700), Volt=11.3(10.0)
GlobalTracer.startCompetition_Warn: AUTO_MODE.postContinuousTasks takes too long (0.024s)

GlobalTracer.startCompetition_Warn: AUTO_MODE.updates takes too long (0.046s)

GlobalTracer.startCompetition_Warn: AUTO_MODE takes too long (0.113s)

GlobalTracer.startCompetition_Warn: AUTO_MODE.preContinuousTasks takes too long (0.021s)

GlobalTracer.printPidInfo_Info: [5.655] elevatorPidController: Target=  35.0, Input=  34.6, Error=   0.4, PIDTerms= 0.087/ 0.013/ 0.000/ 0.000, Output= 0.100(-1.000/1.000), Volt=11.9(10.0)
GlobalTracer.printPidInfo_Info: encoderXPidCtrl: Target=  14.8, Input=  14.6, Error=   0.0, PIDTerms=-0.028/ 0.000/-0.043/ 0.000, Output= 0.000(-0.700/0.700), Volt=11.9(10.0)
GlobalTracer.printPidInfo_Info: encoderYPidCtrl: Target= 310.5, Input= 308.5, Error=   0.0, PIDTerms=-0.039/ 0.000/-0.066/ 0.000, Output= 0.000(-0.600/0.600), Volt=11.9(10.0)
GlobalTracer.printPidInfo_Info: gyroTurnPidCtrl: Target= -90.0, Input= -71.6, Error= -18.4, PIDTerms=-0.368/ 0.000/ 0.367/-0.000, Output=-0.002(-0.700/0.700), Volt=11.9(10.0)
GlobalTracer.startCompetition_Warn: AUTO_MODE.updates takes too long (0.058s)

GlobalTracer.startCompetition_Warn: AUTO_MODE takes too long (0.103s)

GlobalTracer.printPidInfo_Info: [5.758] elevatorPidController: Target=  35.0, Input=  34.6, Error=   0.4, PIDTerms= 0.087/ 0.013/ 0.000/ 0.000, Output= 0.100(-1.000/1.000), Volt=12.5(10.0)
GlobalTracer.startCompetition_Warn: AUTO_MODE.periodic takes too long (0.022s)

GlobalTracer.printPidInfo_Info: encoderXPidCtrl: Target=  14.8, Input=  14.6, Error=   0.0, PIDTerms=-0.028/ 0.000/-0.043/ 0.000, Output= 0.000(-0.700/0.700), Volt=12.4(10.0)
GlobalTracer.printPidInfo_Info: encoderYPidCtrl: Target= 310.5, Input= 308.5, Error=   0.0, PIDTerms=-0.039/ 0.000/-0.066/ 0.000, Output= 0.000(-0.600/0.600), Volt=12.5(10.0)
GlobalTracer.printPidInfo_Info: gyroTurnPidCtrl: Target= -90.0, Input= -87.6, Error=  -2.4, PIDTerms=-0.048/ 0.000/ 0.234/-0.000, Output= 0.186(-0.700/0.700), Volt=12.5(10.0)
GlobalTracer.startCompetition_Warn: AUTO_MODE.postContinuousTasks takes too long (0.030s)

GlobalTracer.startCompetition_Warn: AUTO_MODE.updates takes too long (0.054s)

GlobalTracer.startCompetition_Warn: AUTO_MODE takes too long (0.138s)

GlobalTracer.startCompetition_Warn: AUTO_MODE.preContinuousTasks takes too long (0.029s)

GlobalTracer.printPidInfo_Info: [5.897] elevatorPidController: Target=  35.0, Input=  34.6, Error=   0.4, PIDTerms= 0.087/ 0.013/ 0.000/ 0.000, Output= 0.100(-1.000/1.000), Volt=12.2(10.0)
GlobalTracer.printPidInfo_Info: encoderXPidCtrl: Target=  14.8, Input=  14.6, Error=   0.0, PIDTerms=-0.028/ 0.000/-0.043/ 0.000, Output= 0.000(-0.700/0.700), Volt=12.2(10.0)
GlobalTracer.printPidInfo_Info: encoderYPidCtrl: Target= 310.5, Input= 308.5, Error=   0.0, PIDTerms=-0.039/ 0.000/-0.066/ 0.000, Output= 0.000(-0.600/0.600), Volt=12.2(10.0)
GlobalTracer.printPidInfo_Info: gyroTurnPidCtrl: Target= -90.0, Input=-100.7, Error=  10.7, PIDTerms= 0.215/ 0.000/ 0.176/-0.000, Output= 0.390(-0.700/0.700), Volt=12.2(10.0)
GlobalTracer.startCompetition_Warn: AUTO_MODE.postContinuousTasks takes too long (0.034s)

GlobalTracer.startCompetition_Warn: AUTO_MODE.updates takes too long (0.063s)

GlobalTracer.startCompetition_Warn: AUTO_MODE takes too long (0.145s)

GlobalTracer.startCompetition_Warn: AUTO_MODE.preContinuousTasks takes too long (0.025s)

GlobalTracer.printPidInfo_Info: [6.044] elevatorPidController: Target=  35.0, Input=  34.6, Error=   0.4, PIDTerms= 0.087/ 0.013/ 0.000/ 0.000, Output= 0.100(-1.000/1.000), Volt=11.7(10.0)
GlobalTracer.printPidInfo_Info: encoderXPidCtrl: Target=  14.8, Input=  14.6, Error=   0.0, PIDTerms=-0.028/ 0.000/-0.043/ 0.000, Output= 0.000(-0.700/0.700), Volt=11.8(10.0)
GlobalTracer.printPidInfo_Info: encoderYPidCtrl: Target= 310.5, Input= 308.5, Error=   0.0, PIDTerms=-0.039/ 0.000/-0.066/ 0.000, Output= 0.000(-0.600/0.600), Volt=11.8(10.0)
GlobalTracer.printPidInfo_Info: gyroTurnPidCtrl: Target= -90.0, Input= -95.6, Error=   5.6, PIDTerms= 0.113/ 0.000/-0.060/-0.000, Output= 0.053(-0.700/0.700), Volt=11.8(10.0)
GlobalTracer.startCompetition_Warn: AUTO_MODE.postContinuousTasks takes too long (0.031s)

GlobalTracer.startCompetition_Warn: AUTO_MODE.updates takes too long (0.054s)

GlobalTracer.startCompetition_Warn: AUTO_MODE takes too long (0.135s)

GlobalTracer.printPidInfo_Info: [6.178] elevatorPidController: Target=  35.0, Input=  34.6, Error=   0.4, PIDTerms= 0.087/ 0.013/ 0.000/ 0.000, Output= 0.100(-1.000/1.000), Volt=12.4(10.0)
GlobalTracer.startCompetition_Warn: AUTO_MODE.periodic takes too long (0.025s)

GlobalTracer.printPidInfo_Info: encoderXPidCtrl: Target=  14.8, Input=  14.6, Error=   0.0, PIDTerms=-0.028/ 0.000/-0.043/ 0.000, Output= 0.000(-0.700/0.700), Volt=12.4(10.0)
GlobalTracer.printPidInfo_Info: encoderYPidCtrl: Target= 310.5, Input= 308.5, Error=   0.0, PIDTerms=-0.039/ 0.000/-0.066/ 0.000, Output= 0.000(-0.600/0.600), Volt=12.4(10.0)
GlobalTracer.printPidInfo_Info: gyroTurnPidCtrl: Target= -90.0, Input= -88.6, Error=  -1.4, PIDTerms=-0.027/ 0.000/-0.094/-0.000, Output=-0.122(-0.700/0.700), Volt=12.4(10.0)
GlobalTracer.startCompetition_Warn: AUTO_MODE.postContinuousTasks takes too long (0.025s)

GlobalTracer.startCompetition_Warn: AUTO_MODE.updates takes too long (0.050s)

GlobalTracer.startCompetition_Warn: AUTO_MODE takes too long (0.121s)

GlobalTracer.printPidInfo_Info: [6.299] elevatorPidController: Target=  35.0, Input=  34.6, Error=   0.4, PIDTerms= 0.087/ 0.014/ 0.000/ 0.000, Output= 0.100(-1.000/1.000), Volt=12.4(10.0)
GlobalTracer.printPidInfo_Info: encoderXPidCtrl: Target=  14.8, Input=  14.6, Error=   0.0, PIDTerms=-0.028/ 0.000/-0.043/ 0.000, Output= 0.000(-0.700/0.700), Volt=12.4(10.0)
GlobalTracer.printPidInfo_Info: encoderYPidCtrl: Target= 310.5, Input= 308.5, Error=   0.0, PIDTerms=-0.039/ 0.000/-0.066/ 0.000, Output= 0.000(-0.600/0.600), Volt=12.4(10.0)
GlobalTracer.printPidInfo_Info: gyroTurnPidCtrl: Target= -90.0, Input= -85.6, Error=  -4.4, PIDTerms=-0.088/ 0.000/-0.043/-0.000, Output=-0.131(-0.700/0.700), Volt=12.4(10.0)
GlobalTracer.startCompetition_Warn: AUTO_MODE.postContinuousTasks takes too long (0.047s)

GlobalTracer.startCompetition_Warn: AUTO_MODE.updates takes too long (0.038s)

GlobalTracer.startCompetition_Warn: AUTO_MODE takes too long (0.138s)

GlobalTracer.printPidInfo_Info: [6.437] elevatorPidController: Target=  35.0, Input=  34.6, Error=   0.4, PIDTerms= 0.087/ 0.014/ 0.000/ 0.000, Output= 0.100(-1.000/1.000), Volt=12.4(10.0)
GlobalTracer.printPidInfo_Info: encoderXPidCtrl: Target=  14.8, Input=  14.6, Error=   0.0, PIDTerms=-0.028/ 0.000/-0.043/ 0.000, Output= 0.000(-0.700/0.700), Volt=12.4(10.0)
GlobalTracer.printPidInfo_Info: encoderYPidCtrl: Target= 310.5, Input= 308.5, Error=   0.0, PIDTerms=-0.039/ 0.000/-0.066/ 0.000, Output= 0.000(-0.600/0.600), Volt=12.4(10.0)
GlobalTracer.printPidInfo_Info: gyroTurnPidCtrl: Target= -90.0, Input= -87.3, Error=  -2.7, PIDTerms=-0.054/ 0.000/ 0.023/-0.000, Output=-0.031(-0.700/0.700), Volt=12.4(10.0)
GlobalTracer.startCompetition_Warn: AUTO_MODE.updates takes too long (0.034s)

GlobalTracer.printPidInfo_Info: [6.526] elevatorPidController: Target=  35.0, Input=  34.6, Error=   0.4, PIDTerms= 0.087/ 0.014/ 0.000/ 0.000, Output= 0.100(-1.000/1.000), Volt=12.5(10.0)
GlobalTracer.printPidInfo_Info: encoderXPidCtrl: Target=   0.0, Input=  14.6, Error=   0.0, PIDTerms=-0.028/ 0.000/-0.043/ 0.000, Output= 0.000(-0.700/0.700), Volt=12.5(10.0)
GlobalTracer.printPidInfo_Info: encoderYPidCtrl: Target=   0.0, Input= 308.5, Error=   0.0, PIDTerms=-0.039/ 0.000/-0.066/ 0.000, Output= 0.000(-0.600/0.600), Volt=12.6(10.0)
GlobalTracer.printPidInfo_Info: gyroTurnPidCtrl: Target=   0.0, Input= -88.4, Error=   0.0, PIDTerms=-0.032/ 0.000/ 0.022/-0.000, Output= 0.000(-0.700/0.700), Volt=12.6(10.0)
GlobalTracer.startCompetition_Warn: AUTO_MODE.postContinuousTasks takes too long (0.020s)

GlobalTracer.startCompetition_Warn: AUTO_MODE.updates takes too long (0.026s)

GlobalTracer.Robot_Info: [6.610] RAISE_ELEVATOR: xPos= 18.35,yPos=321.79,heading= -88.1/ -90.0,volts=12.4(10.0)
GlobalTracer.printPidInfo_Info: [6.610] elevatorPidController: Target=  70.0, Input=  34.6, Error=  35.4, PIDTerms= 0.087/ 0.014/ 0.000/ 0.000, Output= 0.000(-1.000/1.000), Volt=12.4(10.0)
GlobalTracer.startCompetition_Warn: AUTO_MODE.updates takes too long (0.039s)

GlobalTracer.printPidInfo_Info: [6.686] elevatorPidController: Target=  70.0, Input=  34.6, Error=  35.4, PIDTerms= 7.087/ 0.001/ 0.000/ 0.000, Output= 1.000(-1.000/1.000), Volt=11.0(10.0)
GlobalTracer.startCompetition_Warn: AUTO_MODE.periodic takes too long (0.023s)

GlobalTracer.startCompetition_Warn: AUTO_MODE.updates takes too long (0.034s)

GlobalTracer.printPidInfo_Info: [6.765] elevatorPidController: Target=  70.0, Input=  35.9, Error=  34.1, PIDTerms= 6.819/ 0.004/-0.000/ 0.000, Output= 1.000(-1.000/1.000), Volt=11.2(10.0)
GlobalTracer.startCompetition_Warn: AUTO_MODE.updates takes too long (0.022s)

GlobalTracer.printPidInfo_Info: [6.814] elevatorPidController: Target=  70.0, Input=  37.6, Error=  32.4, PIDTerms= 6.484/ 0.006/-0.000/ 0.000, Output= 1.000(-1.000/1.000), Volt=11.6(10.0)
GlobalTracer.startCompetition_Warn: AUTO_MODE.updates takes too long (0.045s)

GlobalTracer.printPidInfo_Info: [6.886] elevatorPidController: Target=  70.0, Input=  39.7, Error=  30.3, PIDTerms= 6.059/ 0.007/-0.000/ 0.000, Output= 1.000(-1.000/1.000), Volt=11.6(10.0)
GlobalTracer.startCompetition_Warn: AUTO_MODE.updates takes too long (0.055s)

GlobalTracer.printPidInfo_Info: [6.957] elevatorPidController: Target=  70.0, Input=  42.1, Error=  27.9, PIDTerms= 5.574/ 0.009/-0.000/ 0.000, Output= 1.000(-1.000/1.000), Volt=11.8(10.0)
GlobalTracer.startCompetition_Warn: AUTO_MODE.updates takes too long (0.042s)

GlobalTracer.printPidInfo_Info: [7.036] elevatorPidController: Target=  70.0, Input=  45.4, Error=  24.6, PIDTerms= 4.922/ 0.011/-0.000/ 0.000, Output= 1.000(-1.000/1.000), Volt=11.8(10.0)
GlobalTracer.startCompetition_Warn: AUTO_MODE.periodic takes too long (0.028s)

GlobalTracer.startCompetition_Warn: AUTO_MODE.updates takes too long (0.037s)

GlobalTracer.printPidInfo_Info: [7.117] elevatorPidController: Target=  70.0, Input=  49.7, Error=  20.3, PIDTerms= 4.069/ 0.013/-0.000/ 0.000, Output= 1.000(-1.000/1.000), Volt=11.7(10.0)
GlobalTracer.startCompetition_Warn: AUTO_MODE.periodic takes too long (0.022s)

GlobalTracer.startCompetition_Warn: AUTO_MODE.updates takes too long (0.037s)

GlobalTracer.printPidInfo_Info: [7.200] elevatorPidController: Target=  70.0, Input=  53.0, Error=  17.0, PIDTerms= 3.403/ 0.014/-0.000/ 0.000, Output= 1.000(-1.000/1.000), Volt=11.7(10.0)
GlobalTracer.startCompetition_Warn: AUTO_MODE.updates takes too long (0.037s)

GlobalTracer.printPidInfo_Info: [7.280] elevatorPidController: Target=  70.0, Input=  56.3, Error=  13.7, PIDTerms= 2.748/ 0.015/-0.000/ 0.000, Output= 1.000(-1.000/1.000), Volt=11.7(10.0)
GlobalTracer.startCompetition_Warn: AUTO_MODE.updates takes too long (0.028s)

GlobalTracer.printPidInfo_Info: [7.334] elevatorPidController: Target=  70.0, Input=  58.8, Error=  11.2, PIDTerms= 2.249/ 0.016/-0.000/ 0.000, Output= 1.000(-1.000/1.000), Volt=11.8(10.0)
GlobalTracer.startCompetition_Warn: AUTO_MODE.periodic takes too long (0.027s)

GlobalTracer.startCompetition_Warn: AUTO_MODE.updates takes too long (0.028s)

GlobalTracer.printPidInfo_Info: [7.403] elevatorPidController: Target=  70.0, Input=  62.0, Error=   8.0, PIDTerms= 1.602/ 0.017/-0.000/ 0.000, Output= 1.000(-1.000/1.000), Volt=11.6(10.0)
GlobalTracer.startCompetition_Warn: AUTO_MODE.updates takes too long (0.027s)

GlobalTracer.printPidInfo_Info: [7.447] elevatorPidController: Target=  70.0, Input=  63.7, Error=   6.3, PIDTerms= 1.266/ 0.017/-0.000/ 0.000, Output= 1.000(-1.000/1.000), Volt=11.8(10.0)
GlobalTracer.startCompetition_Warn: AUTO_MODE.updates takes too long (0.032s)

GlobalTracer.printPidInfo_Info: [7.515] elevatorPidController: Target=  70.0, Input=  66.0, Error=   4.0, PIDTerms= 0.792/ 0.017/-0.000/ 0.000, Output= 0.809(-1.000/1.000), Volt=11.9(10.0)
GlobalTracer.startCompetition_Warn: AUTO_MODE.updates takes too long (0.036s)

GlobalTracer.printPidInfo_Info: [7.576] elevatorPidController: Target=  70.0, Input=  68.2, Error=   1.8, PIDTerms= 0.351/ 0.017/-0.000/ 0.000, Output= 0.368(-1.000/1.000), Volt=12.3(10.0)
GlobalTracer.startCompetition_Warn: AUTO_MODE.periodic takes too long (0.024s)

GlobalTracer.startCompetition_Warn: AUTO_MODE.updates takes too long (0.030s)

GlobalTracer.printPidInfo_Info: [7.666] elevatorPidController: Target=  70.0, Input=  70.3, Error=  -0.3, PIDTerms=-0.056/ 0.017/-0.000/ 0.000, Output=-0.039(-1.000/1.000), Volt=12.5(10.0)
GlobalTracer.startCompetition_Warn: AUTO_MODE.updates takes too long (0.027s)

GlobalTracer.printPidInfo_Info: [7.739] elevatorPidController: Target=  70.0, Input=  70.8, Error=  -0.8, PIDTerms=-0.169/ 0.017/-0.000/ 0.000, Output=-0.152(-1.000/1.000), Volt=12.5(10.0)
GlobalTracer.startCompetition_Warn: AUTO_MODE.updates takes too long (0.042s)

GlobalTracer.printPidInfo_Info: [7.816] elevatorPidController: Target=  70.0, Input=  70.5, Error=  -0.5, PIDTerms=-0.109/ 0.017/ 0.000/ 0.000, Output=-0.092(-1.000/1.000), Volt=12.5(10.0)
GlobalTracer.startCompetition_Warn: AUTO_MODE.updates takes too long (0.031s)

GlobalTracer.Robot_Info: [7.870] THROW_CUBE: xPos= 18.36,yPos=321.66,heading= -87.8/ -90.0,volts=12.6(10.0)
GlobalTracer.printPidInfo_Info: [7.870] elevatorPidController: Target=  70.0, Input=  70.5, Error=   0.5, PIDTerms=-0.109/ 0.017/ 0.000/ 0.000, Output= 0.000(-1.000/1.000), Volt=12.6(10.0)
GlobalTracer.startCompetition_Warn: AUTO_MODE.periodic takes too long (0.030s)

GlobalTracer.startCompetition_Warn: AUTO_MODE.updates takes too long (0.042s)

GlobalTracer.startCompetition_Warn: AUTO_MODE takes too long (0.105s)

GlobalTracer.printPidInfo_Info: [7.976] elevatorPidController: Target=  70.0, Input=  69.4, Error=   0.6, PIDTerms= 0.117/ 0.000/ 0.000/ 0.000, Output= 0.117(-1.000/1.000), Volt=9.9(9.9)
GlobalTracer.startCompetition_Warn: AUTO_MODE.updates takes too long (0.028s)

GlobalTracer.printPidInfo_Info: [8.028] elevatorPidController: Target=  70.0, Input=  69.4, Error=   0.6, PIDTerms= 0.127/ 0.000/ 0.000/ 0.000, Output= 0.127(-1.000/1.000), Volt=10.0(9.9)
GlobalTracer.startCompetition_Warn: AUTO_MODE.updates takes too long (0.028s)

GlobalTracer.startCompetition_Warn: AUTO_MODE.preContinuousTasks takes too long (0.031s)

GlobalTracer.printPidInfo_Info: [8.095] elevatorPidController: Target=  70.0, Input=  69.4, Error=   0.6, PIDTerms= 0.127/ 0.000/ 0.000/ 0.000, Output= 0.127(-1.000/1.000), Volt=10.3(9.9)
GlobalTracer.startCompetition_Warn: AUTO_MODE.updates takes too long (0.040s)

GlobalTracer.startCompetition_Warn: AUTO_MODE takes too long (0.107s)

GlobalTracer.printPidInfo_Info: [8.205] elevatorPidController: Target=  70.0, Input=  69.5, Error=   0.5, PIDTerms= 0.104/ 0.000/-0.000/ 0.000, Output= 0.104(-1.000/1.000), Volt=10.7(9.9)
GlobalTracer.startCompetition_Warn: AUTO_MODE.updates takes too long (0.026s)

GlobalTracer.printPidInfo_Info: [8.262] elevatorPidController: Target=  70.0, Input=  69.1, Error=   0.9, PIDTerms= 0.172/ 0.000/ 0.000/ 0.000, Output= 0.172(-1.000/1.000), Volt=11.0(9.9)
GlobalTracer.startCompetition_Warn: AUTO_MODE.updates takes too long (0.037s)

GlobalTracer.printPidInfo_Info: [8.337] elevatorPidController: Target=  70.0, Input=  69.2, Error=   0.8, PIDTerms= 0.156/ 0.000/-0.000/ 0.000, Output= 0.156(-1.000/1.000), Volt=11.2(9.9)
GlobalTracer.startCompetition_Warn: AUTO_MODE.updates takes too long (0.022s)

GlobalTracer.CmdAutoScale_Info: setSonarTriggerEnabled(false)
GlobalTracer.CmdAutoScale_Info: setRangingEnabled(false)
GlobalTracer.Robot_Info: [8.381]       DONE: xPos= 18.35,yPos=321.70,heading= -87.8/ -90.0,volts=11.4(9.9)
GlobalTracer.printPidInfo_Info: [8.381] elevatorPidController: Target=   8.0, Input=  69.2, Error= -61.2, PIDTerms= 0.156/ 0.000/ 0.000/ 0.000, Output= 0.000(-1.000/1.000), Volt=11.4(9.9)
GlobalTracer.startCompetition_Warn: AUTO_MODE.continuous takes too long (0.022s)

GlobalTracer.startCompetition_Warn: AUTO_MODE.updates takes too long (0.032s)

GlobalTracer.printPidInfo_Info: [8.473] elevatorPidController: Target=   8.0, Input=  69.2, Error= -61.2, PIDTerms=-12.246/-0.002/ 0.000/ 0.000, Output=-1.000(-1.000/1.000), Volt=11.5(9.9)
GlobalTracer.startCompetition_Warn: AUTO_MODE.updates takes too long (0.027s)

GlobalTracer.printPidInfo_Info: [8.545] elevatorPidController: Target=   8.0, Input=  67.0, Error= -59.0, PIDTerms=-11.796/-0.007/ 0.000/ 0.000, Output=-1.000(-1.000/1.000), Volt=11.9(9.9)
GlobalTracer.startCompetition_Warn: AUTO_MODE.updates takes too long (0.028s)

GlobalTracer.printPidInfo_Info: [8.616] elevatorPidController: Target=   8.0, Input=  63.5, Error= -55.5, PIDTerms=-11.096/-0.010/ 0.000/ 0.000, Output=-1.000(-1.000/1.000), Volt=12.2(9.9)
GlobalTracer.startCompetition_Warn: AUTO_MODE.updates takes too long (0.023s)

GlobalTracer.printPidInfo_Info: [8.655] elevatorPidController: Target=   8.0, Input=  61.0, Error= -53.0, PIDTerms=-10.595/-0.013/ 0.000/ 0.000, Output=-1.000(-1.000/1.000), Volt=12.2(9.9)
GlobalTracer.startCompetition_Warn: AUTO_MODE.updates takes too long (0.025s)

GlobalTracer.printPidInfo_Info: [8.699] elevatorPidController: Target=   8.0, Input=  58.4, Error= -50.4, PIDTerms=-10.086/-0.015/ 0.000/ 0.000, Output=-1.000(-1.000/1.000), Volt=12.2(9.9)
GlobalTracer.startCompetition_Warn: AUTO_MODE.updates takes too long (0.025s)

GlobalTracer.printPidInfo_Info: [8.756] elevatorPidController: Target=   8.0, Input=  54.6, Error= -46.6, PIDTerms=-9.317/-0.018/ 0.000/ 0.000, Output=-1.000(-1.000/1.000), Volt=12.3(9.9)
GlobalTracer.startCompetition_Warn: AUTO_MODE.updates takes too long (0.037s)

GlobalTracer.printPidInfo_Info: [8.816] elevatorPidController: Target=   8.0, Input=  50.6, Error= -42.6, PIDTerms=-8.511/-0.020/ 0.000/ 0.000, Output=-1.000(-1.000/1.000), Volt=12.3(9.9)
GlobalTracer.startCompetition_Warn: AUTO_MODE.updates takes too long (0.051s)

GlobalTracer.printPidInfo_Info: [8.900] elevatorPidController: Target=   8.0, Input=  46.2, Error= -38.2, PIDTerms=-7.649/-0.023/ 0.000/ 0.000, Output=-1.000(-1.000/1.000), Volt=12.4(9.9)
GlobalTracer.startCompetition_Warn: AUTO_MODE.updates takes too long (0.046s)

GlobalTracer.printPidInfo_Info: [8.985] elevatorPidController: Target=   8.0, Input=  39.2, Error= -31.2, PIDTerms=-6.239/-0.026/ 0.000/ 0.000, Output=-1.000(-1.000/1.000), Volt=12.4(9.9)
GlobalTracer.startCompetition_Warn: AUTO_MODE.updates takes too long (0.026s)

GlobalTracer.printPidInfo_Info: [9.039] elevatorPidController: Target=   8.0, Input=  34.9, Error= -26.9, PIDTerms=-5.382/-0.028/ 0.000/ 0.000, Output=-1.000(-1.000/1.000), Volt=12.4(9.9)
GlobalTracer.startCompetition_Warn: AUTO_MODE.updates takes too long (0.036s)

GlobalTracer.printPidInfo_Info: [9.111] elevatorPidController: Target=   8.0, Input=  29.1, Error= -21.1, PIDTerms=-4.220/-0.029/ 0.000/ 0.000, Output=-1.000(-1.000/1.000), Volt=12.5(9.9)
GlobalTracer.startCompetition_Warn: AUTO_MODE.updates takes too long (0.047s)

GlobalTracer.printPidInfo_Info: [9.194] elevatorPidController: Target=   8.0, Input=  24.5, Error= -16.5, PIDTerms=-3.297/-0.030/ 0.000/ 0.000, Output=-1.000(-1.000/1.000), Volt=12.5(9.9)
GlobalTracer.startCompetition_Warn: AUTO_MODE.updates takes too long (0.025s)

GlobalTracer.printPidInfo_Info: [9.254] elevatorPidController: Target=   8.0, Input=  18.1, Error= -10.1, PIDTerms=-2.029/-0.031/ 0.000/ 0.000, Output=-1.000(-1.000/1.000), Volt=12.5(9.9)
GlobalTracer.startCompetition_Warn: AUTO_MODE.updates takes too long (0.036s)

GlobalTracer.printPidInfo_Info: [9.314] elevatorPidController: Target=   8.0, Input=  13.5, Error=  -5.5, PIDTerms=-1.093/-0.031/ 0.000/ 0.000, Output=-1.000(-1.000/1.000), Volt=12.6(9.9)
GlobalTracer.startCompetition_Warn: AUTO_MODE.updates takes too long (0.032s)

GlobalTracer.printPidInfo_Info: [9.378] elevatorPidController: Target=   8.0, Input=   8.8, Error=  -0.8, PIDTerms=-0.158/-0.031/ 0.000/ 0.000, Output=-0.189(-1.000/1.000), Volt=12.8(9.9)
GlobalTracer.startCompetition_Warn: AUTO_MODE.updates takes too long (0.042s)

GlobalTracer.printPidInfo_Info: [9.461] elevatorPidController: Target=   8.0, Input=   8.0, Error=   0.0, PIDTerms= 0.006/-0.031/ 0.000/ 0.000, Output=-0.025(-1.000/1.000), Volt=12.5(9.9)
GlobalTracer.startCompetition_Warn: AUTO_MODE.updates takes too long (0.024s)

GlobalTracer.printPidInfo_Info: [9.514] elevatorPidController: Target=   8.0, Input=   8.0, Error=   0.0, PIDTerms= 0.006/-0.031/ 0.000/ 0.000, Output=-0.025(-1.000/1.000), Volt=12.6(9.9)
GlobalTracer.startCompetition_Warn: AUTO_MODE.updates takes too long (0.036s)

GlobalTracer.printPidInfo_Info: [9.575] elevatorPidController: Target=   8.0, Input=   8.0, Error=   0.0, PIDTerms= 0.006/-0.031/ 0.000/ 0.000, Output=-0.025(-1.000/1.000), Volt=12.6(9.9)
GlobalTracer.startCompetition_Warn: AUTO_MODE.updates takes too long (0.033s)

GlobalTracer.printPidInfo_Info: [9.638] elevatorPidController: Target=   8.0, Input=   8.0, Error=   0.0, PIDTerms= 0.004/-0.031/-0.000/ 0.000, Output=-0.027(-1.000/1.000), Volt=12.6(9.9)
GlobalTracer.startCompetition_Warn: AUTO_MODE.updates takes too long (0.041s)

GlobalTracer.printPidInfo_Info: [9.709] elevatorPidController: Target=   8.0, Input=   8.0, Error=   0.0, PIDTerms= 0.004/-0.031/ 0.000/ 0.000, Output=-0.027(-1.000/1.000), Volt=12.6(9.9)
GlobalTracer.startCompetition_Warn: AUTO_MODE.updates takes too long (0.046s)

GlobalTracer.printPidInfo_Info: [9.790] elevatorPidController: Target=   8.0, Input=   8.0, Error=   0.0, PIDTerms= 0.004/-0.031/ 0.000/ 0.000, Output=-0.027(-1.000/1.000), Volt=12.6(9.9)
GlobalTracer.printPidInfo_Info: [9.838] elevatorPidController: Target=   8.0, Input=   8.0, Error=   0.0, PIDTerms= 0.004/-0.031/ 0.000/ 0.000, Output=-0.027(-1.000/1.000), Volt=12.6(9.9)
GlobalTracer.startCompetition_Warn: AUTO_MODE.updates takes too long (0.027s)

GlobalTracer.printPidInfo_Info: [9.902] elevatorPidController: Target=   8.0, Input=   8.0, Error=   0.0, PIDTerms= 0.004/-0.031/ 0.000/ 0.000, Output=-0.027(-1.000/1.000), Volt=12.6(9.9)
GlobalTracer.startCompetition_Warn: AUTO_MODE.updates takes too long (0.038s)

GlobalTracer.printPidInfo_Info: [9.976] elevatorPidController: Target=   8.0, Input=   8.0, Error=   0.0, PIDTerms= 0.004/-0.031/ 0.000/ 0.000, Output=-0.027(-1.000/1.000), Volt=12.6(9.9)
GlobalTracer.startCompetition_Warn: AUTO_MODE.updates takes too long (0.049s)

GlobalTracer.printPidInfo_Info: [10.056] elevatorPidController: Target=   8.0, Input=   8.0, Error=   0.0, PIDTerms= 0.004/-0.031/ 0.000/ 0.000, Output=-0.027(-1.000/1.000), Volt=12.6(9.9)
GlobalTracer.startCompetition_Warn: AUTO_MODE.updates takes too long (0.049s)

GlobalTracer.printPidInfo_Info: [10.142] elevatorPidController: Target=   8.0, Input=   8.0, Error=   0.0, PIDTerms= 0.004/-0.031/ 0.000/ 0.000, Output=-0.027(-1.000/1.000), Volt=12.5(9.9)
GlobalTracer.startCompetition_Warn: AUTO_MODE.updates takes too long (0.034s)

GlobalTracer.printPidInfo_Info: [10.191] elevatorPidController: Target=   8.0, Input=   8.0, Error=   0.0, PIDTerms= 0.004/-0.031/ 0.000/ 0.000, Output=-0.027(-1.000/1.000), Volt=12.6(9.9)
GlobalTracer.startCompetition_Warn: AUTO_MODE.periodic takes too long (0.026s)

GlobalTracer.startCompetition_Warn: AUTO_MODE.updates takes too long (0.054s)

GlobalTracer.startCompetition_Warn: AUTO_MODE takes too long (0.110s)

GlobalTracer.startCompetition_Warn: AUTO_MODE.preContinuousTasks takes too long (0.029s)

GlobalTracer.printPidInfo_Info: [10.302] elevatorPidController: Target=   8.0, Input=   8.0, Error=   0.0, PIDTerms= 0.004/-0.031/ 0.000/ 0.000, Output=-0.027(-1.000/1.000), Volt=12.6(9.9)
GlobalTracer.startCompetition_Warn: AUTO_MODE.periodic takes too long (0.033s)

GlobalTracer.startCompetition_Warn: AUTO_MODE.updates takes too long (0.050s)

GlobalTracer.startCompetition_Warn: AUTO_MODE takes too long (0.127s)

GlobalTracer.startCompetition_Warn: AUTO_MODE.preContinuousTasks takes too long (0.025s)

GlobalTracer.printPidInfo_Info: [10.431] elevatorPidController: Target=   8.0, Input=   8.0, Error=   0.0, PIDTerms= 0.004/-0.031/ 0.000/ 0.000, Output=-0.027(-1.000/1.000), Volt=12.6(9.9)
GlobalTracer.startCompetition_Warn: AUTO_MODE.periodic takes too long (0.029s)

GlobalTracer.startCompetition_Warn: AUTO_MODE.updates takes too long (0.064s)

GlobalTracer.startCompetition_Warn: AUTO_MODE takes too long (0.130s)

GlobalTracer.printPidInfo_Info: [10.562] elevatorPidController: Target=   8.0, Input=   8.0, Error=   0.0, PIDTerms= 0.004/-0.031/ 0.000/ 0.000, Output=-0.027(-1.000/1.000), Volt=12.6(9.9)
GlobalTracer.startCompetition_Warn: AUTO_MODE.periodic takes too long (0.033s)

GlobalTracer.startCompetition_Warn: AUTO_MODE.updates takes too long (0.052s)

GlobalTracer.startCompetition_Warn: AUTO_MODE takes too long (0.106s)

GlobalTracer.printPidInfo_Info: [10.669] elevatorPidController: Target=   8.0, Input=   8.0, Error=   0.0, PIDTerms= 0.004/-0.031/ 0.000/ 0.000, Output=-0.027(-1.000/1.000), Volt=12.6(9.9)
GlobalTracer.startCompetition_Warn: AUTO_MODE.updates takes too long (0.030s)

GlobalTracer.printPidInfo_Info: [10.733] elevatorPidController: Target=   8.0, Input=   8.0, Error=   0.0, PIDTerms= 0.004/-0.031/ 0.000/ 0.000, Output=-0.027(-1.000/1.000), Volt=12.6(9.9)
GlobalTracer.startCompetition_Warn: AUTO_MODE.periodic takes too long (0.021s)

GlobalTracer.startCompetition_Warn: AUTO_MODE.updates takes too long (0.038s)

GlobalTracer.printPidInfo_Info: [10.811] elevatorPidController: Target=   8.0, Input=   8.0, Error=   0.0, PIDTerms= 0.004/-0.031/ 0.000/ 0.000, Output=-0.027(-1.000/1.000), Volt=12.6(9.9)
GlobalTracer.startCompetition_Warn: AUTO_MODE.updates takes too long (0.035s)

GlobalTracer.printPidInfo_Info: [10.876] elevatorPidController: Target=   8.0, Input=   8.0, Error=   0.0, PIDTerms= 0.004/-0.031/ 0.000/ 0.000, Output=-0.027(-1.000/1.000), Volt=12.6(9.9)
GlobalTracer.startCompetition_Warn: AUTO_MODE.updates takes too long (0.031s)

GlobalTracer.printPidInfo_Info: [10.941] elevatorPidController: Target=   8.0, Input=   8.0, Error=   0.0, PIDTerms= 0.004/-0.031/ 0.000/ 0.000, Output=-0.027(-1.000/1.000), Volt=12.7(9.9)
GlobalTracer.startCompetition_Warn: AUTO_MODE.updates takes too long (0.029s)

GlobalTracer.printPidInfo_Info: [11.009] elevatorPidController: Target=   8.0, Input=   8.0, Error=   0.0, PIDTerms= 0.004/-0.031/ 0.000/ 0.000, Output=-0.027(-1.000/1.000), Volt=12.6(9.9)
GlobalTracer.startCompetition_Warn: AUTO_MODE.updates takes too long (0.035s)

GlobalTracer.printPidInfo_Info: [11.080] elevatorPidController: Target=   8.0, Input=   8.0, Error=   0.0, PIDTerms= 0.004/-0.031/ 0.000/ 0.000, Output=-0.027(-1.000/1.000), Volt=12.6(9.9)
GlobalTracer.startCompetition_Warn: AUTO_MODE.updates takes too long (0.027s)

GlobalTracer.printPidInfo_Info: [11.144] elevatorPidController: Target=   8.0, Input=   8.0, Error=   0.0, PIDTerms= 0.004/-0.031/ 0.000/ 0.000, Output=-0.027(-1.000/1.000), Volt=12.6(9.9)
GlobalTracer.startCompetition_Warn: AUTO_MODE.updates takes too long (0.021s)

GlobalTracer.printPidInfo_Info: [11.205] elevatorPidController: Target=   8.0, Input=   8.0, Error=   0.0, PIDTerms= 0.004/-0.031/ 0.000/ 0.000, Output=-0.027(-1.000/1.000), Volt=12.6(9.9)
GlobalTracer.startCompetition_Warn: AUTO_MODE.periodic takes too long (0.020s)

GlobalTracer.startCompetition_Warn: AUTO_MODE.updates takes too long (0.033s)

GlobalTracer.printPidInfo_Info: [11.280] elevatorPidController: Target=   8.0, Input=   8.0, Error=   0.0, PIDTerms= 0.004/-0.031/ 0.000/ 0.000, Output=-0.027(-1.000/1.000), Volt=12.6(9.9)
GlobalTracer.startCompetition_Warn: AUTO_MODE.updates takes too long (0.023s)

GlobalTracer.printPidInfo_Info: [11.339] elevatorPidController: Target=   8.0, Input=   8.0, Error=   0.0, PIDTerms= 0.004/-0.031/ 0.000/ 0.000, Output=-0.027(-1.000/1.000), Volt=12.6(9.9)
GlobalTracer.printPidInfo_Info: [11.381] elevatorPidController: Target=   8.0, Input=   8.0, Error=   0.0, PIDTerms= 0.004/-0.031/ 0.000/ 0.000, Output=-0.027(-1.000/1.000), Volt=12.6(9.9)
GlobalTracer.startCompetition_Warn: AUTO_MODE.periodic takes too long (0.020s)

GlobalTracer.startCompetition_Warn: AUTO_MODE.updates takes too long (0.034s)

GlobalTracer.printPidInfo_Info: [11.459] elevatorPidController: Target=   8.0, Input=   8.0, Error=   0.0, PIDTerms= 0.004/-0.031/ 0.000/ 0.000, Output=-0.027(-1.000/1.000), Volt=12.6(9.9)
GlobalTracer.startCompetition_Warn: AUTO_MODE.updates takes too long (0.027s)

GlobalTracer.printPidInfo_Info: [11.518] elevatorPidController: Target=   8.0, Input=   8.0, Error=   0.0, PIDTerms= 0.004/-0.031/ 0.000/ 0.000, Output=-0.027(-1.000/1.000), Volt=12.6(9.9)
GlobalTracer.startCompetition_Warn: AUTO_MODE.updates takes too long (0.034s)

GlobalTracer.printPidInfo_Info: [11.593] elevatorPidController: Target=   8.0, Input=   8.0, Error=   0.0, PIDTerms= 0.004/-0.031/ 0.000/ 0.000, Output=-0.027(-1.000/1.000), Volt=12.6(9.9)
GlobalTracer.startCompetition_Warn: AUTO_MODE.updates takes too long (0.029s)

GlobalTracer.printPidInfo_Info: [11.650] elevatorPidController: Target=   8.0, Input=   8.0, Error=   0.0, PIDTerms= 0.004/-0.031/ 0.000/ 0.000, Output=-0.027(-1.000/1.000), Volt=12.6(9.9)
GlobalTracer.startCompetition_Warn: AUTO_MODE.updates takes too long (0.034s)

GlobalTracer.printPidInfo_Info: [11.724] elevatorPidController: Target=   8.0, Input=   8.0, Error=   0.0, PIDTerms= 0.004/-0.031/ 0.000/ 0.000, Output=-0.027(-1.000/1.000), Volt=12.6(9.9)
GlobalTracer.startCompetition_Warn: AUTO_MODE.updates takes too long (0.041s)

GlobalTracer.printPidInfo_Info: [11.800] elevatorPidController: Target=   8.0, Input=   8.0, Error=   0.0, PIDTerms= 0.004/-0.031/ 0.000/ 0.000, Output=-0.027(-1.000/1.000), Volt=12.6(9.9)
GlobalTracer.startCompetition_Warn: AUTO_MODE.updates takes too long (0.021s)

GlobalTracer.printPidInfo_Info: [11.863] elevatorPidController: Target=   8.0, Input=   8.0, Error=   0.0, PIDTerms= 0.004/-0.031/ 0.000/ 0.000, Output=-0.027(-1.000/1.000), Volt=12.7(9.9)
GlobalTracer.startCompetition_Warn: AUTO_MODE.updates takes too long (0.030s)

GlobalTracer.printPidInfo_Info: [11.930] elevatorPidController: Target=   8.0, Input=   8.0, Error=   0.0, PIDTerms= 0.004/-0.031/ 0.000/ 0.000, Output=-0.027(-1.000/1.000), Volt=12.6(9.9)
GlobalTracer.startCompetition_Warn: AUTO_MODE.updates takes too long (0.028s)

GlobalTracer.printPidInfo_Info: [11.999] elevatorPidController: Target=   8.0, Input=   8.0, Error=   0.0, PIDTerms= 0.004/-0.031/ 0.000/ 0.000, Output=-0.027(-1.000/1.000), Volt=12.6(9.9)
GlobalTracer.startCompetition_Warn: AUTO_MODE.updates takes too long (0.035s)

GlobalTracer.printPidInfo_Info: [12.074] elevatorPidController: Target=   8.0, Input=   8.0, Error=   0.0, PIDTerms= 0.004/-0.031/ 0.000/ 0.000, Output=-0.027(-1.000/1.000), Volt=12.5(9.9)
GlobalTracer.startCompetition_Warn: AUTO_MODE.updates takes too long (0.030s)

GlobalTracer.printPidInfo_Info: [12.142] elevatorPidController: Target=   8.0, Input=   8.0, Error=   0.0, PIDTerms= 0.004/-0.031/ 0.000/ 0.000, Output=-0.027(-1.000/1.000), Volt=12.6(9.9)
GlobalTracer.startCompetition_Warn: AUTO_MODE.updates takes too long (0.035s)

GlobalTracer.printPidInfo_Info: [12.218] elevatorPidController: Target=   8.0, Input=   8.0, Error=   0.0, PIDTerms= 0.004/-0.031/ 0.000/ 0.000, Output=-0.027(-1.000/1.000), Volt=12.6(9.9)
GlobalTracer.startCompetition_Warn: AUTO_MODE.updates takes too long (0.028s)

GlobalTracer.printPidInfo_Info: [12.280] elevatorPidController: Target=   8.0, Input=   8.0, Error=   0.0, PIDTerms= 0.004/-0.031/ 0.000/ 0.000, Output=-0.027(-1.000/1.000), Volt=12.6(9.9)
GlobalTracer.startCompetition_Warn: AUTO_MODE.updates takes too long (0.025s)

GlobalTracer.printPidInfo_Info: [12.338] elevatorPidController: Target=   8.0, Input=   8.0, Error=   0.0, PIDTerms= 0.004/-0.031/ 0.000/ 0.000, Output=-0.027(-1.000/1.000), Volt=12.6(9.9)
GlobalTracer.startCompetition_Warn: AUTO_MODE.updates takes too long (0.029s)

GlobalTracer.printPidInfo_Info: [12.409] elevatorPidController: Target=   8.0, Input=   8.0, Error=   0.0, PIDTerms= 0.004/-0.031/ 0.000/ 0.000, Output=-0.027(-1.000/1.000), Volt=12.6(9.9)
GlobalTracer.startCompetition_Warn: AUTO_MODE.updates takes too long (0.034s)

GlobalTracer.printPidInfo_Info: [12.479] elevatorPidController: Target=   8.0, Input=   8.0, Error=   0.0, PIDTerms= 0.004/-0.031/ 0.000/ 0.000, Output=-0.027(-1.000/1.000), Volt=12.6(9.9)
GlobalTracer.startCompetition_Warn: AUTO_MODE.updates takes too long (0.037s)

GlobalTracer.printPidInfo_Info: [12.555] elevatorPidController: Target=   8.0, Input=   8.0, Error=   0.0, PIDTerms= 0.004/-0.031/ 0.000/ 0.000, Output=-0.027(-1.000/1.000), Volt=12.6(9.9)
GlobalTracer.startCompetition_Warn: AUTO_MODE.updates takes too long (0.020s)

GlobalTracer.printPidInfo_Info: [12.609] elevatorPidController: Target=   8.0, Input=   8.0, Error=   0.0, PIDTerms= 0.004/-0.031/ 0.000/ 0.000, Output=-0.027(-1.000/1.000), Volt=12.6(9.9)
GlobalTracer.startCompetition_Warn: AUTO_MODE.updates takes too long (0.024s)

GlobalTracer.printPidInfo_Info: [12.672] elevatorPidController: Target=   8.0, Input=   8.0, Error=   0.0, PIDTerms= 0.004/-0.031/ 0.000/ 0.000, Output=-0.027(-1.000/1.000), Volt=12.7(9.9)
GlobalTracer.startCompetition_Warn: AUTO_MODE.updates takes too long (0.031s)

GlobalTracer.printPidInfo_Info: [12.747] elevatorPidController: Target=   8.0, Input=   8.0, Error=   0.0, PIDTerms= 0.004/-0.031/ 0.000/ 0.000, Output=-0.027(-1.000/1.000), Volt=12.6(9.9)
GlobalTracer.startCompetition_Warn: AUTO_MODE.updates takes too long (0.023s)

GlobalTracer.printPidInfo_Info: [12.811] elevatorPidController: Target=   8.0, Input=   8.0, Error=   0.0, PIDTerms= 0.004/-0.031/ 0.000/ 0.000, Output=-0.027(-1.000/1.000), Volt=12.6(9.9)
GlobalTracer.startCompetition_Warn: AUTO_MODE.periodic takes too long (0.028s)

GlobalTracer.startCompetition_Warn: AUTO_MODE.updates takes too long (0.030s)

GlobalTracer.printPidInfo_Info: [12.897] elevatorPidController: Target=   8.0, Input=   8.0, Error=   0.0, PIDTerms= 0.004/-0.031/ 0.000/ 0.000, Output=-0.027(-1.000/1.000), Volt=12.7(9.9)
GlobalTracer.startCompetition_Warn: AUTO_MODE.updates takes too long (0.027s)

GlobalTracer.printPidInfo_Info: [12.965] elevatorPidController: Target=   8.0, Input=   8.0, Error=   0.0, PIDTerms= 0.004/-0.031/ 0.000/ 0.000, Output=-0.027(-1.000/1.000), Volt=12.6(9.9)
GlobalTracer.startCompetition_Warn: AUTO_MODE.updates takes too long (0.038s)

GlobalTracer.printPidInfo_Info: [13.043] elevatorPidController: Target=   8.0, Input=   8.0, Error=   0.0, PIDTerms= 0.004/-0.031/ 0.000/ 0.000, Output=-0.027(-1.000/1.000), Volt=12.7(9.9)
GlobalTracer.startCompetition_Warn: AUTO_MODE.updates takes too long (0.034s)

GlobalTracer.printPidInfo_Info: [13.111] elevatorPidController: Target=   8.0, Input=   8.0, Error=   0.0, PIDTerms= 0.004/-0.031/ 0.000/ 0.000, Output=-0.027(-1.000/1.000), Volt=12.6(9.9)
GlobalTracer.startCompetition_Warn: AUTO_MODE.periodic takes too long (0.023s)

GlobalTracer.startCompetition_Warn: AUTO_MODE.updates takes too long (0.031s)

GlobalTracer.printPidInfo_Info: [13.182] elevatorPidController: Target=   8.0, Input=   8.0, Error=   0.0, PIDTerms= 0.004/-0.031/ 0.000/ 0.000, Output=-0.027(-1.000/1.000), Volt=12.6(9.9)
GlobalTracer.startCompetition_Warn: AUTO_MODE.updates takes too long (0.031s)

GlobalTracer.printPidInfo_Info: [13.247] elevatorPidController: Target=   8.0, Input=   8.0, Error=   0.0, PIDTerms= 0.004/-0.031/ 0.000/ 0.000, Output=-0.027(-1.000/1.000), Volt=12.6(9.9)
GlobalTracer.startCompetition_Warn: AUTO_MODE.updates takes too long (0.038s)

GlobalTracer.printPidInfo_Info: [13.323] elevatorPidController: Target=   8.0, Input=   8.0, Error=   0.0, PIDTerms= 0.004/-0.031/ 0.000/ 0.000, Output=-0.027(-1.000/1.000), Volt=12.6(9.9)
GlobalTracer.startCompetition_Warn: AUTO_MODE.updates takes too long (0.029s)

GlobalTracer.printPidInfo_Info: [13.397] elevatorPidController: Target=   8.0, Input=   8.0, Error=   0.0, PIDTerms= 0.004/-0.031/ 0.000/ 0.000, Output=-0.027(-1.000/1.000), Volt=12.7(9.9)
GlobalTracer.startCompetition_Warn: AUTO_MODE.periodic takes too long (0.022s)

GlobalTracer.startCompetition_Warn: AUTO_MODE.updates takes too long (0.034s)

GlobalTracer.printPidInfo_Info: [13.477] elevatorPidController: Target=   8.0, Input=   8.0, Error=   0.0, PIDTerms= 0.004/-0.031/ 0.000/ 0.000, Output=-0.027(-1.000/1.000), Volt=12.6(9.9)
GlobalTracer.startCompetition_Warn: AUTO_MODE.updates takes too long (0.039s)

GlobalTracer.printPidInfo_Info: [13.541] elevatorPidController: Target=   8.0, Input=   8.0, Error=   0.0, PIDTerms= 0.004/-0.031/ 0.000/ 0.000, Output=-0.027(-1.000/1.000), Volt=12.6(9.9)
GlobalTracer.startCompetition_Warn: AUTO_MODE.updates takes too long (0.026s)

GlobalTracer.printPidInfo_Info: [13.603] elevatorPidController: Target=   8.0, Input=   8.0, Error=   0.0, PIDTerms= 0.004/-0.031/ 0.000/ 0.000, Output=-0.027(-1.000/1.000), Volt=12.7(9.9)
GlobalTracer.startCompetition_Warn: AUTO_MODE.updates takes too long (0.033s)

GlobalTracer.printPidInfo_Info: [13.666] elevatorPidController: Target=   8.0, Input=   8.0, Error=   0.0, PIDTerms= 0.004/-0.031/ 0.000/ 0.000, Output=-0.027(-1.000/1.000), Volt=12.6(9.9)
GlobalTracer.startCompetition_Warn: AUTO_MODE.periodic takes too long (0.022s)

GlobalTracer.startCompetition_Warn: AUTO_MODE.updates takes too long (0.041s)

GlobalTracer.printPidInfo_Info: [13.753] elevatorPidController: Target=   8.0, Input=   8.0, Error=   0.0, PIDTerms= 0.004/-0.031/ 0.000/ 0.000, Output=-0.027(-1.000/1.000), Volt=12.7(9.9)
GlobalTracer.startCompetition_Warn: AUTO_MODE.updates takes too long (0.037s)

GlobalTracer.printPidInfo_Info: [13.821] elevatorPidController: Target=   8.0, Input=   8.0, Error=   0.0, PIDTerms= 0.004/-0.031/ 0.000/ 0.000, Output=-0.027(-1.000/1.000), Volt=12.6(9.9)
GlobalTracer.startCompetition_Warn: AUTO_MODE.updates takes too long (0.033s)

GlobalTracer.printPidInfo_Info: [13.890] elevatorPidController: Target=   8.0, Input=   8.0, Error=   0.0, PIDTerms= 0.004/-0.031/ 0.000/ 0.000, Output=-0.027(-1.000/1.000), Volt=12.7(9.9)
GlobalTracer.startCompetition_Warn: AUTO_MODE.updates takes too long (0.039s)

GlobalTracer.printPidInfo_Info: [13.963] elevatorPidController: Target=   8.0, Input=   8.0, Error=   0.0, PIDTerms= 0.004/-0.031/ 0.000/ 0.000, Output=-0.027(-1.000/1.000), Volt=12.6(9.9)
GlobalTracer.startCompetition_Warn: AUTO_MODE.updates takes too long (0.034s)

GlobalTracer.printPidInfo_Info: [14.043] elevatorPidController: Target=   8.0, Input=   8.0, Error=   0.0, PIDTerms= 0.004/-0.031/ 0.000/ 0.000, Output=-0.027(-1.000/1.000), Volt=12.7(9.9)
GlobalTracer.startCompetition_Warn: AUTO_MODE.updates takes too long (0.028s)

GlobalTracer.printPidInfo_Info: [14.103] elevatorPidController: Target=   8.0, Input=   8.0, Error=   0.0, PIDTerms= 0.004/-0.031/ 0.000/ 0.000, Output=-0.027(-1.000/1.000), Volt=12.7(9.9)
GlobalTracer.startCompetition_Warn: AUTO_MODE.updates takes too long (0.031s)

GlobalTracer.printPidInfo_Info: [14.179] elevatorPidController: Target=   8.0, Input=   8.0, Error=   0.0, PIDTerms= 0.004/-0.031/ 0.000/ 0.000, Output=-0.027(-1.000/1.000), Volt=12.6(9.9)
GlobalTracer.startCompetition_Warn: AUTO_MODE.updates takes too long (0.032s)

GlobalTracer.printPidInfo_Info: [14.239] elevatorPidController: Target=   8.0, Input=   8.0, Error=   0.0, PIDTerms= 0.004/-0.031/ 0.000/ 0.000, Output=-0.027(-1.000/1.000), Volt=12.6(9.9)
GlobalTracer.startCompetition_Warn: AUTO_MODE.updates takes too long (0.020s)

GlobalTracer.printPidInfo_Info: [14.292] elevatorPidController: Target=   8.0, Input=   8.0, Error=   0.0, PIDTerms= 0.004/-0.031/ 0.000/ 0.000, Output=-0.027(-1.000/1.000), Volt=12.6(9.9)
GlobalTracer.startCompetition_Warn: AUTO_MODE.updates takes too long (0.037s)

GlobalTracer.printPidInfo_Info: [14.367] elevatorPidController: Target=   8.0, Input=   8.0, Error=   0.0, PIDTerms= 0.004/-0.031/ 0.000/ 0.000, Output=-0.027(-1.000/1.000), Volt=12.6(9.9)
GlobalTracer.startCompetition_Warn: AUTO_MODE.updates takes too long (0.030s)

GlobalTracer.printPidInfo_Info: [14.435] elevatorPidController: Target=   8.0, Input=   8.0, Error=   0.0, PIDTerms= 0.004/-0.031/ 0.000/ 0.000, Output=-0.027(-1.000/1.000), Volt=12.6(9.9)
GlobalTracer.startCompetition_Warn: AUTO_MODE.updates takes too long (0.029s)

GlobalTracer.printPidInfo_Info: [14.499] elevatorPidController: Target=   8.0, Input=   8.0, Error=   0.0, PIDTerms= 0.004/-0.031/ 0.000/ 0.000, Output=-0.027(-1.000/1.000), Volt=12.6(9.9)
GlobalTracer.startCompetition_Warn: AUTO_MODE.updates takes too long (0.033s)

GlobalTracer.printPidInfo_Info: [14.559] elevatorPidController: Target=   8.0, Input=   8.0, Error=   0.0, PIDTerms= 0.004/-0.031/ 0.000/ 0.000, Output=-0.027(-1.000/1.000), Volt=12.6(9.9)
GlobalTracer.startCompetition_Warn: AUTO_MODE.updates takes too long (0.027s)

GlobalTracer.printPidInfo_Info: [14.621] elevatorPidController: Target=   8.0, Input=   8.0, Error=   0.0, PIDTerms= 0.004/-0.031/ 0.000/ 0.000, Output=-0.027(-1.000/1.000), Volt=12.6(9.9)
GlobalTracer.startCompetition_Warn: AUTO_MODE.updates takes too long (0.034s)

GlobalTracer.printPidInfo_Info: [14.695] elevatorPidController: Target=   8.0, Input=   8.0, Error=   0.0, PIDTerms= 0.004/-0.031/ 0.000/ 0.000, Output=-0.027(-1.000/1.000), Volt=12.6(9.9)
GlobalTracer.startCompetition_Warn: AUTO_MODE.updates takes too long (0.025s)

GlobalTracer.printPidInfo_Info: [14.754] elevatorPidController: Target=   8.0, Input=   8.0, Error=   0.0, PIDTerms= 0.004/-0.031/ 0.000/ 0.000, Output=-0.027(-1.000/1.000), Volt=12.6(9.9)
GlobalTracer.printPidInfo_Info: [14.802] elevatorPidController: Target=   8.0, Input=   8.0, Error=   0.0, PIDTerms= 0.004/-0.031/ 0.000/ 0.000, Output=-0.027(-1.000/1.000), Volt=12.7(9.9)
GlobalTracer.startCompetition_Warn: AUTO_MODE.updates takes too long (0.026s)

GlobalTracer.printPidInfo_Info: [14.867] elevatorPidController: Target=   8.0, Input=   8.0, Error=   0.0, PIDTerms= 0.004/-0.031/ 0.000/ 0.000, Output=-0.027(-1.000/1.000), Volt=12.6(9.9)
GlobalTracer.startCompetition_Warn: AUTO_MODE.updates takes too long (0.030s)

GlobalTracer.printPidInfo_Info: [14.935] elevatorPidController: Target=   8.0, Input=   8.0, Error=   0.0, PIDTerms= 0.004/-0.031/ 0.000/ 0.000, Output=-0.027(-1.000/1.000), Volt=12.7(9.9)
GlobalTracer.startCompetition_Warn: AUTO_MODE.updates takes too long (0.030s)

GlobalTracer.printPidInfo_Info: [14.993] elevatorPidController: Target=   8.0, Input=   8.0, Error=   0.0, PIDTerms= 0.004/-0.031/ 0.000/ 0.000, Output=-0.027(-1.000/1.000), Volt=12.7(9.9)
GlobalTracer.startCompetition_Warn: AUTO_MODE.periodic takes too long (0.021s)

GlobalTracer.startCompetition_Warn: AUTO_MODE.updates takes too long (0.035s)

GlobalTracer.printPidInfo_Info: [15.070] elevatorPidController: Target=   8.0, Input=   8.0, Error=   0.0, PIDTerms= 0.004/-0.031/ 0.000/ 0.000, Output=-0.027(-1.000/1.000), Volt=12.7(9.9)
GlobalTracer.startCompetition_Warn: AUTO_MODE.updates takes too long (0.028s)

GlobalTracer.printPidInfo_Info: [15.136] elevatorPidController: Target=   8.0, Input=   8.0, Error=   0.0, PIDTerms= 0.004/-0.031/ 0.000/ 0.000, Output=-0.027(-1.000/1.000), Volt=12.6(9.9)
GlobalTracer.startCompetition_Warn: AUTO_MODE.updates takes too long (0.036s)

GlobalTracer.printPidInfo_Info: [15.206] elevatorPidController: Target=   8.0, Input=   8.0, Error=   0.0, PIDTerms= 0.004/-0.031/ 0.000/ 0.000, Output=-0.027(-1.000/1.000), Volt=12.6(9.9)
GlobalTracer.startCompetition_Warn: AUTO_MODE.updates takes too long (0.035s)

GlobalTracer.printPidInfo_Info: [15.283] elevatorPidController: Target=   8.0, Input=   8.0, Error=   0.0, PIDTerms= 0.004/-0.031/ 0.000/ 0.000, Output=-0.027(-1.000/1.000), Volt=12.6(9.9)
GlobalTracer.startCompetition_Warn: AUTO_MODE.periodic takes too long (0.021s)

GlobalTracer.startCompetition_Warn: AUTO_MODE.updates takes too long (0.026s)

GlobalTracer.printPidInfo_Info: [15.354] elevatorPidController: Target=   8.0, Input=   8.0, Error=   0.0, PIDTerms= 0.004/-0.031/ 0.000/ 0.000, Output=-0.027(-1.000/1.000), Volt=12.6(9.9)
GlobalTracer.startCompetition_Warn: AUTO_MODE.updates takes too long (0.033s)

GlobalTracer.Vision_Info: Pixy is disabled!
GlobalTracer.TaskPerformance_Info: leftDriveStick.prePeriodic: PrePeriodic=0.000017, PostPeriodic=NaN, PreContinuous=NaN, PostContinous=NaN
GlobalTracer.TaskPerformance_Info: rightDriveStick.prePeriodic: PrePeriodic=0.000006, PostPeriodic=NaN, PreContinuous=NaN, PostContinous=NaN
GlobalTracer.TaskPerformance_Info: operatorStick.prePeriodic: PrePeriodic=0.000008, PostPeriodic=NaN, PreContinuous=NaN, PostContinous=NaN
GlobalTracer.TaskPerformance_Info: TrcRobotBattery.preContinuous: PrePeriodic=NaN, PostPeriodic=NaN, PreContinuous=0.002473, PostContinous=NaN
GlobalTracer.TaskPerformance_Info: LeftSonar.preContinuous: PrePeriodic=NaN, PostPeriodic=NaN, PreContinuous=0.000175, PostContinous=NaN
GlobalTracer.TaskPerformance_Info: LeftSonar.preContinuous: PrePeriodic=NaN, PostPeriodic=NaN, PreContinuous=0.000047, PostContinous=NaN
GlobalTracer.TaskPerformance_Info: RightSonar.preContinuous: PrePeriodic=NaN, PostPeriodic=NaN, PreContinuous=NaN, PostContinous=NaN
GlobalTracer.TaskPerformance_Info: RightSonar.preContinuous: PrePeriodic=NaN, PostPeriodic=NaN, PreContinuous=NaN, PostContinous=NaN
GlobalTracer.TaskPerformance_Info: LeftFrontWheel.stop: PrePeriodic=NaN, PostPeriodic=NaN, PreContinuous=NaN, PostContinous=NaN
GlobalTracer.TaskPerformance_Info: LeftFrontWheel.preContinuousTask: PrePeriodic=NaN, PostPeriodic=NaN, PreContinuous=NaN, PostContinous=NaN
GlobalTracer.TaskPerformance_Info: LeftRearWheel.stop: PrePeriodic=NaN, PostPeriodic=NaN, PreContinuous=NaN, PostContinous=NaN
GlobalTracer.TaskPerformance_Info: LeftRearWheel.preContinuousTask: PrePeriodic=NaN, PostPeriodic=NaN, PreContinuous=NaN, PostContinous=NaN
GlobalTracer.TaskPerformance_Info: RightFrontWheel.stop: PrePeriodic=NaN, PostPeriodic=NaN, PreContinuous=NaN, PostContinous=NaN
GlobalTracer.TaskPerformance_Info: RightFrontWheel.preContinuousTask: PrePeriodic=NaN, PostPeriodic=NaN, PreContinuous=NaN, PostContinous=NaN
GlobalTracer.TaskPerformance_Info: RightRearWheel.stop: PrePeriodic=NaN, PostPeriodic=NaN, PreContinuous=NaN, PostContinous=NaN
GlobalTracer.TaskPerformance_Info: RightRearWheel.preContinuousTask: PrePeriodic=NaN, PostPeriodic=NaN, PreContinuous=NaN, PostContinous=NaN
GlobalTracer.TaskPerformance_Info: TrcDriveBase.stop: PrePeriodic=NaN, PostPeriodic=NaN, PreContinuous=NaN, PostContinous=NaN
GlobalTracer.TaskPerformance_Info: TrcDriveBase.preContinuous: PrePeriodic=NaN, PostPeriodic=NaN, PreContinuous=0.006659, PostContinous=NaN
GlobalTracer.TaskPerformance_Info:    pidDrive.stop: PrePeriodic=NaN, PostPeriodic=NaN, PreContinuous=NaN, PostContinous=NaN
GlobalTracer.TaskPerformance_Info: pidDrive.postContinuous: PrePeriodic=NaN, PostPeriodic=NaN, PreContinuous=NaN, PostContinous=0.023200
GlobalTracer.TaskPerformance_Info: elevatorMotor.stop: PrePeriodic=NaN, PostPeriodic=NaN, PreContinuous=NaN, PostContinous=NaN
GlobalTracer.TaskPerformance_Info: elevatorMotor.preContinuousTask: PrePeriodic=NaN, PostPeriodic=NaN, PreContinuous=NaN, PostContinous=NaN
GlobalTracer.TaskPerformance_Info:    elevator.stop: PrePeriodic=NaN, PostPeriodic=NaN, PreContinuous=NaN, PostContinous=NaN
GlobalTracer.TaskPerformance_Info: elevator.postContinuous: PrePeriodic=NaN, PostPeriodic=NaN, PreContinuous=NaN, PostContinous=0.001647
GlobalTracer.TaskPerformance_Info: elevatorMotor.preContinuous: PrePeriodic=NaN, PostPeriodic=NaN, PreContinuous=0.000527, PostContinous=NaN
GlobalTracer.TaskPerformance_Info: LeftPickupMotor.stop: PrePeriodic=NaN, PostPeriodic=NaN, PreContinuous=NaN, PostContinous=NaN
GlobalTracer.TaskPerformance_Info: LeftPickupMotor.preContinuousTask: PrePeriodic=NaN, PostPeriodic=NaN, PreContinuous=NaN, PostContinous=NaN
GlobalTracer.TaskPerformance_Info: RightPickupMotor.stop: PrePeriodic=NaN, PostPeriodic=NaN, PreContinuous=NaN, PostContinous=NaN
GlobalTracer.TaskPerformance_Info: RightPickupMotor.preContinuousTask: PrePeriodic=NaN, PostPeriodic=NaN, PreContinuous=NaN, PostContinous=NaN
GlobalTracer.TaskPerformance_Info: CubePickupClaw.stop: PrePeriodic=NaN, PostPeriodic=NaN, PreContinuous=NaN, PostContinous=NaN
GlobalTracer.TaskPerformance_Info: CubePickupClaw.postContinuous: PrePeriodic=NaN, PostPeriodic=NaN, PreContinuous=NaN, PostContinous=NaN
GlobalTracer.TaskPerformance_Info: CubePickupClaw.preContinuous: PrePeriodic=NaN, PostPeriodic=NaN, PreContinuous=NaN, PostContinous=NaN
GlobalTracer.TaskPerformance_Info: CubePickupDeploy.stop: PrePeriodic=NaN, PostPeriodic=NaN, PreContinuous=NaN, PostContinous=NaN
GlobalTracer.TaskPerformance_Info: CubePickupDeploy.postContinuous: PrePeriodic=NaN, PostPeriodic=NaN, PreContinuous=NaN, PostContinous=NaN
GlobalTracer.TaskPerformance_Info: CubePickupDeploy.preContinuous: PrePeriodic=NaN, PostPeriodic=NaN, PreContinuous=NaN, PostContinous=NaN
GlobalTracer.TaskPerformance_Info: CubeProximityTrigger.preContinuous: PrePeriodic=NaN, PostPeriodic=NaN, PreContinuous=NaN, PostContinous=NaN
GlobalTracer.TaskPerformance_Info: PickupCurrentTrigger.preContinuous: PrePeriodic=NaN, PostPeriodic=NaN, PreContinuous=NaN, PostContinous=NaN
GlobalTracer.TaskPerformance_Info:       pickupTask: PrePeriodic=NaN, PostPeriodic=NaN, PreContinuous=NaN, PostContinous=NaN
GlobalTracer.TaskPerformance_Info: pickupTimer.preContinuous: PrePeriodic=NaN, PostPeriodic=NaN, PreContinuous=NaN, PostContinous=NaN
GlobalTracer.TaskPerformance_Info: WinchMaster.stop: PrePeriodic=NaN, PostPeriodic=NaN, PreContinuous=NaN, PostContinous=NaN
GlobalTracer.TaskPerformance_Info: WinchMaster.preContinuousTask: PrePeriodic=NaN, PostPeriodic=NaN, PreContinuous=NaN, PostContinous=NaN
GlobalTracer.TaskPerformance_Info:  WinchSlave.stop: PrePeriodic=NaN, PostPeriodic=NaN, PreContinuous=NaN, PostContinous=NaN
GlobalTracer.TaskPerformance_Info: WinchSlave.preContinuousTask: PrePeriodic=NaN, PostPeriodic=NaN, PreContinuous=NaN, PostContinous=NaN
GlobalTracer.TaskPerformance_Info: leftFlipper.stop: PrePeriodic=NaN, PostPeriodic=NaN, PreContinuous=NaN, PostContinous=NaN
GlobalTracer.TaskPerformance_Info: leftFlipper.postContinuous: PrePeriodic=NaN, PostPeriodic=NaN, PreContinuous=NaN, PostContinous=NaN
GlobalTracer.TaskPerformance_Info: leftFlipper.preContinuous: PrePeriodic=NaN, PostPeriodic=NaN, PreContinuous=NaN, PostContinous=NaN
GlobalTracer.TaskPerformance_Info: rightFlipper.stop: PrePeriodic=NaN, PostPeriodic=NaN, PreContinuous=NaN, PostContinous=NaN
GlobalTracer.TaskPerformance_Info: rightFlipper.postContinuous: PrePeriodic=NaN, PostPeriodic=NaN, PreContinuous=NaN, PostContinous=NaN
GlobalTracer.TaskPerformance_Info: rightFlipper.preContinuous: PrePeriodic=NaN, PostPeriodic=NaN, PreContinuous=NaN, PostContinous=NaN
GlobalTracer.TaskPerformance_Info: VisionTrigger.preContinuous: PrePeriodic=NaN, PostPeriodic=NaN, PreContinuous=NaN, PostContinous=NaN
GlobalTracer.TaskPerformance_Info: ExchangeTrigger.preContinuous: PrePeriodic=NaN, PostPeriodic=NaN, PreContinuous=NaN, PostContinous=NaN
GlobalTracer.TaskPerformance_Info: FrcTest.preContinuous: PrePeriodic=NaN, PostPeriodic=NaN, PreContinuous=NaN, PostContinous=NaN
GlobalTracer.TaskPerformance_Info: CmdAutoScale.preContinuous: PrePeriodic=NaN, PostPeriodic=NaN, PreContinuous=0.000021, PostContinous=NaN
GlobalTracer.TaskPerformance_Info: SwitchDistanceTrigger.preContinuous: PrePeriodic=NaN, PostPeriodic=NaN, PreContinuous=0.000266, PostContinous=NaN
GlobalTracer.Robot_Info: TotalEnergy=1.091Wh
