GlobalTracer.FirstPowerUp_Info: Fri Mar 30 15:38:30 PDT 2018[0.519]: ***** Starting autonomous *****
GlobalTracer.FirstPowerUp_Info: WAAMV_Qualification_ 25 (Red2) [FMSConnected=true]
GlobalTracer.CmdAutoSwitch_Info: [0.551] delay=0.0, fwdDistance=235.0, startPos=MID_POS, fastDelivery=true, getSecondCube=false
GlobalTracer.CmdAutoSwitch_Info: alliance=Red, gameSpecificMsg=LRL, delay=0.000, fwdDistance=235, startPosition=MID_POS, flipInFlight=false
GlobalTracer.Vision_Info: Pixy is enabled!
GlobalTracer.FrcAuto.startMode_Info: [0.597] startMode done!
GlobalTracer.Robot_Info: [0.599]   DO_DELAY: xPos=  0.00,yPos=  0.00,heading=   0.0/   0.0,volts=12.6(12.4)
GlobalTracer.startCompetition_Warn: AUTO_MODE.periodic takes too long (0.168s)

GlobalTracer.startCompetition_Warn: AUTO_MODE takes too long (0.813s)

GlobalTracer.Robot_Info: [0.807] DRIVE_DIAGONAL_TO_SWITCH: xPos=  0.00,yPos=  0.00,heading=   0.0/ -27.5,volts=12.5(12.4)
GlobalTracer.printPidInfo_Info: [0.807] elevatorPidController: Target=  34.8, Input=   0.0, Error=  26.8, PIDTerms= 0.000/ 0.000/ 0.000/ 0.000, Output= 0.000(-1.000/1.000), Volt=12.5(12.4)
GlobalTracer.printPidInfo_Info: encoderXPidCtrl: Target=   0.0, Input=   0.0, Error=   0.0, PIDTerms= 0.000/ 0.000/ 0.000/ 0.000, Output= 0.000(-0.700/0.700), Volt=12.6(12.4)
GlobalTracer.printPidInfo_Info: encoderYPidCtrl: Target= 110.0, Input=   0.0, Error= 110.0, PIDTerms= 2.200/ 0.000/ 0.000/ 0.000, Output= 0.600(-0.600/0.600), Volt=12.6(12.4)
GlobalTracer.printPidInfo_Info: gyroTurnPidCtrl: Target= -27.5, Input=   0.0, Error= -27.5, PIDTerms=-0.550/ 0.000/ 0.000/-0.000, Output=-0.550(-0.700/0.700), Volt=12.6(12.4)
GlobalTracer.startCompetition_Warn: AUTO_MODE.postContinuousTasks takes too long (0.022s)

GlobalTracer.startCompetition_Warn: AUTO_MODE.updates takes too long (0.044s)

GlobalTracer.startCompetition_Warn: AUTO_MODE takes too long (0.102s)

GlobalTracer.printPidInfo_Info: [0.909] elevatorPidController: Target=  34.8, Input=   8.0, Error=  26.8, PIDTerms= 5.350/ 0.001/ 0.000/ 0.000, Output= 1.000(-1.000/1.000), Volt=9.3(9.3)
GlobalTracer.startCompetition_Warn: AUTO_MODE.periodic takes too long (0.022s)

GlobalTracer.printPidInfo_Info: encoderXPidCtrl: Target=   0.0, Input=  -0.0, Error=   0.0, PIDTerms= 0.002/ 0.000/ 0.001/ 0.000, Output= 0.002(-0.700/0.700), Volt=9.6(9.3)
GlobalTracer.printPidInfo_Info: encoderYPidCtrl: Target= 110.0, Input=   0.3, Error= 109.7, PIDTerms= 2.193/ 0.000/-0.004/ 0.000, Output= 0.600(-0.600/0.600), Volt=9.6(9.3)
GlobalTracer.printPidInfo_Info: gyroTurnPidCtrl: Target= -27.5, Input=  -0.2, Error= -27.3, PIDTerms=-0.546/ 0.000/ 0.003/-0.000, Output=-0.543(-0.700/0.700), Volt=9.6(9.3)
GlobalTracer.startCompetition_Warn: AUTO_MODE.postContinuousTasks takes too long (0.023s)

GlobalTracer.startCompetition_Warn: AUTO_MODE.updates takes too long (0.045s)

GlobalTracer.startCompetition_Warn: AUTO_MODE takes too long (0.119s)

GlobalTracer.startCompetition_Warn: AUTO_MODE.preContinuousTasks takes too long (0.023s)

GlobalTracer.printPidInfo_Info: [1.029] elevatorPidController: Target=  34.8, Input=   9.5, Error=  25.3, PIDTerms= 5.058/ 0.004/-0.000/ 0.000, Output= 1.000(-1.000/1.000), Volt=10.0(9.3)
GlobalTracer.printPidInfo_Info: encoderXPidCtrl: Target=   0.0, Input=  -0.6, Error=   0.6, PIDTerms= 0.144/ 0.000/ 0.079/ 0.000, Output= 0.224(-0.700/0.700), Volt=10.0(9.3)
GlobalTracer.printPidInfo_Info: encoderYPidCtrl: Target= 110.0, Input=   3.6, Error= 106.4, PIDTerms= 2.128/ 0.000/-0.045/ 0.000, Output= 0.600(-0.600/0.600), Volt=10.0(9.3)
GlobalTracer.printPidInfo_Info: gyroTurnPidCtrl: Target= -27.5, Input=  -5.2, Error= -22.3, PIDTerms=-0.446/ 0.000/ 0.081/-0.000, Output=-0.366(-0.700/0.700), Volt=10.0(9.3)
GlobalTracer.startCompetition_Warn: AUTO_MODE.updates takes too long (0.040s)

GlobalTracer.startCompetition_Warn: AUTO_MODE.preContinuousTasks takes too long (0.025s)

GlobalTracer.printPidInfo_Info: [1.116] elevatorPidController: Target=  34.8, Input=  12.9, Error=  21.8, PIDTerms= 4.367/ 0.006/-0.000/ 0.000, Output= 1.000(-1.000/1.000), Volt=10.4(9.3)
GlobalTracer.printPidInfo_Info: encoderXPidCtrl: Target=   0.0, Input=  -0.8, Error=   0.8, PIDTerms= 0.212/ 0.000/ 0.047/ 0.000, Output= 0.259(-0.700/0.700), Volt=10.4(9.3)
GlobalTracer.printPidInfo_Info: encoderYPidCtrl: Target= 110.0, Input=   6.4, Error= 103.6, PIDTerms= 2.072/ 0.000/-0.049/ 0.000, Output= 0.600(-0.600/0.600), Volt=10.4(9.3)
GlobalTracer.printPidInfo_Info: gyroTurnPidCtrl: Target= -27.5, Input= -11.2, Error= -16.3, PIDTerms=-0.326/ 0.000/ 0.123/-0.000, Output=-0.203(-0.700/0.700), Volt=10.4(9.3)
GlobalTracer.startCompetition_Warn: AUTO_MODE.updates takes too long (0.038s)

GlobalTracer.printPidInfo_Info: [1.209] elevatorPidController: Target=  34.8, Input=  16.7, Error=  18.0, PIDTerms= 3.608/ 0.008/-0.000/ 0.000, Output= 1.000(-1.000/1.000), Volt=10.3(9.3)
GlobalTracer.printPidInfo_Info: encoderXPidCtrl: Target=   0.0, Input=  -0.7, Error=   0.7, PIDTerms= 0.171/ 0.000/-0.028/ 0.000, Output= 0.143(-0.700/0.700), Volt=10.5(9.3)
GlobalTracer.printPidInfo_Info: encoderYPidCtrl: Target= 110.0, Input=   9.3, Error= 100.7, PIDTerms= 2.013/ 0.000/-0.050/ 0.000, Output= 0.600(-0.600/0.600), Volt=10.5(9.3)
GlobalTracer.printPidInfo_Info: gyroTurnPidCtrl: Target= -27.5, Input= -17.8, Error=  -9.7, PIDTerms=-0.193/ 0.000/ 0.132/-0.000, Output=-0.061(-0.700/0.700), Volt=10.5(9.3)
GlobalTracer.startCompetition_Warn: AUTO_MODE.updates takes too long (0.032s)

GlobalTracer.printPidInfo_Info: [1.289] elevatorPidController: Target=  34.8, Input=  19.8, Error=  14.9, PIDTerms= 2.986/ 0.009/-0.000/ 0.000, Output= 1.000(-1.000/1.000), Volt=10.5(9.3)
GlobalTracer.printPidInfo_Info: encoderXPidCtrl: Target=   0.0, Input=  -0.3, Error=   0.3, PIDTerms= 0.073/ 0.000/-0.076/ 0.000, Output=-0.003(-0.700/0.700), Volt=10.5(9.3)
GlobalTracer.printPidInfo_Info: encoderYPidCtrl: Target= 110.0, Input=  13.4, Error=  96.6, PIDTerms= 1.931/ 0.000/-0.080/ 0.000, Output= 0.600(-0.600/0.600), Volt=10.5(9.3)
GlobalTracer.printPidInfo_Info: gyroTurnPidCtrl: Target= -27.5, Input= -23.3, Error=  -4.2, PIDTerms=-0.083/ 0.000/ 0.126/-0.000, Output= 0.042(-0.700/0.700), Volt=10.5(9.3)
GlobalTracer.startCompetition_Warn: AUTO_MODE.updates takes too long (0.035s)

GlobalTracer.printPidInfo_Info: [1.366] elevatorPidController: Target=  34.8, Input=  22.9, Error=  11.9, PIDTerms= 2.378/ 0.010/-0.000/ 0.000, Output= 1.000(-1.000/1.000), Volt=10.5(9.3)
GlobalTracer.printPidInfo_Info: encoderXPidCtrl: Target=   0.0, Input=  -0.0, Error=   0.0, PIDTerms= 0.010/ 0.000/-0.052/ 0.000, Output=-0.042(-0.700/0.700), Volt=10.6(9.3)
GlobalTracer.printPidInfo_Info: encoderYPidCtrl: Target= 110.0, Input=  16.7, Error=  93.3, PIDTerms= 1.866/ 0.000/-0.067/ 0.000, Output= 0.600(-0.600/0.600), Volt=10.6(9.3)
GlobalTracer.printPidInfo_Info: gyroTurnPidCtrl: Target= -27.5, Input= -26.0, Error=  -1.5, PIDTerms=-0.030/ 0.000/ 0.064/-0.000, Output= 0.035(-0.700/0.700), Volt=10.6(9.3)
GlobalTracer.startCompetition_Warn: AUTO_MODE.updates takes too long (0.037s)

GlobalTracer.printPidInfo_Info: [1.446] elevatorPidController: Target=  34.8, Input=  26.0, Error=   8.8, PIDTerms= 1.751/ 0.011/-0.000/ 0.000, Output= 1.000(-1.000/1.000), Volt=10.6(9.3)
GlobalTracer.startCompetition_Warn: AUTO_MODE.periodic takes too long (0.031s)

GlobalTracer.printPidInfo_Info: encoderXPidCtrl: Target=   0.0, Input=   0.0, Error=  -0.0, PIDTerms=-0.002/ 0.000/-0.006/ 0.000, Output=-0.008(-0.700/0.700), Volt=10.7(9.3)
GlobalTracer.printPidInfo_Info: encoderYPidCtrl: Target= 110.0, Input=  20.7, Error=  89.3, PIDTerms= 1.786/ 0.000/-0.052/ 0.000, Output= 0.600(-0.600/0.600), Volt=10.7(9.3)
GlobalTracer.printPidInfo_Info: gyroTurnPidCtrl: Target= -27.5, Input= -27.7, Error=   0.2, PIDTerms= 0.005/ 0.000/ 0.026/-0.000, Output= 0.030(-0.700/0.700), Volt=10.7(9.3)
GlobalTracer.startCompetition_Warn: AUTO_MODE.postContinuousTasks takes too long (0.037s)

GlobalTracer.startCompetition_Warn: AUTO_MODE.updates takes too long (0.048s)

GlobalTracer.startCompetition_Warn: AUTO_MODE takes too long (0.149s)

GlobalTracer.startCompetition_Warn: AUTO_MODE.preContinuousTasks takes too long (0.027s)

GlobalTracer.printPidInfo_Info: [1.595] elevatorPidController: Target=  34.8, Input=  30.7, Error=   4.0, PIDTerms= 0.805/ 0.011/-0.000/ 0.000, Output= 0.816(-1.000/1.000), Volt=11.0(9.3)
GlobalTracer.startCompetition_Warn: AUTO_MODE.periodic takes too long (0.034s)

GlobalTracer.printPidInfo_Info: encoderXPidCtrl: Target=   0.0, Input=   0.1, Error=  -0.1, PIDTerms=-0.015/ 0.000/-0.005/ 0.000, Output=-0.020(-0.700/0.700), Volt=10.9(9.3)
GlobalTracer.printPidInfo_Info: encoderYPidCtrl: Target= 110.0, Input=  30.6, Error=  79.4, PIDTerms= 1.589/ 0.000/-0.094/ 0.000, Output= 0.600(-0.600/0.600), Volt=10.9(9.3)
GlobalTracer.printPidInfo_Info: gyroTurnPidCtrl: Target= -27.5, Input= -27.4, Error=  -0.1, PIDTerms=-0.001/ 0.000/-0.003/-0.000, Output=-0.004(-0.700/0.700), Volt=10.9(9.3)
GlobalTracer.startCompetition_Warn: AUTO_MODE.postContinuousTasks takes too long (0.027s)

GlobalTracer.startCompetition_Warn: AUTO_MODE.updates takes too long (0.097s)

GlobalTracer.startCompetition_Warn: AUTO_MODE takes too long (0.194s)

GlobalTracer.startCompetition_Warn: AUTO_MODE.preContinuousTasks takes too long (0.023s)

GlobalTracer.printPidInfo_Info: [1.790] elevatorPidController: Target=  34.8, Input=  36.5, Error=  -1.7, PIDTerms=-0.344/ 0.011/-0.000/ 0.000, Output=-0.334(-1.000/1.000), Volt=11.5(9.3)
GlobalTracer.startCompetition_Warn: AUTO_MODE.periodic takes too long (0.045s)

GlobalTracer.printPidInfo_Info: encoderXPidCtrl: Target=   0.0, Input=  -0.0, Error=   0.0, PIDTerms= 0.008/ 0.000/ 0.007/ 0.000, Output= 0.014(-0.700/0.700), Volt=11.6(9.3)
GlobalTracer.printPidInfo_Info: encoderYPidCtrl: Target= 110.0, Input=  43.2, Error=  66.8, PIDTerms= 1.335/ 0.000/-0.094/ 0.000, Output= 0.600(-0.600/0.600), Volt=11.6(9.3)
GlobalTracer.printPidInfo_Info: gyroTurnPidCtrl: Target= -27.5, Input= -26.4, Error=  -1.1, PIDTerms=-0.022/ 0.000/-0.009/-0.000, Output=-0.031(-0.700/0.700), Volt=11.6(9.3)
GlobalTracer.startCompetition_Warn: AUTO_MODE.updates takes too long (0.070s)

GlobalTracer.startCompetition_Warn: AUTO_MODE takes too long (0.164s)

GlobalTracer.startCompetition_Warn: AUTO_MODE.preContinuousTasks takes too long (0.027s)

GlobalTracer.printPidInfo_Info: [1.955] elevatorPidController: Target=  34.8, Input=  35.1, Error=  -0.4, PIDTerms=-0.079/ 0.011/ 0.000/ 0.000, Output=-0.069(-1.000/1.000), Volt=11.6(9.3)
GlobalTracer.printPidInfo_Info: encoderXPidCtrl: Target=   0.0, Input=  -0.1, Error=   0.1, PIDTerms= 0.016/ 0.000/ 0.004/ 0.000, Output= 0.019(-0.700/0.700), Volt=11.7(9.3)
GlobalTracer.printPidInfo_Info: encoderYPidCtrl: Target= 110.0, Input=  55.1, Error=  54.9, PIDTerms= 1.098/ 0.000/-0.130/ 0.000, Output= 0.600(-0.600/0.600), Volt=11.7(9.3)
GlobalTracer.printPidInfo_Info: gyroTurnPidCtrl: Target= -27.5, Input= -26.4, Error=  -1.1, PIDTerms=-0.022/ 0.000/ 0.000/-0.000, Output=-0.022(-0.700/0.700), Volt=11.6(9.3)
GlobalTracer.startCompetition_Warn: AUTO_MODE.updates takes too long (0.067s)

GlobalTracer.startCompetition_Warn: AUTO_MODE takes too long (0.134s)

GlobalTracer.printPidInfo_Info: [2.090] elevatorPidController: Target=  34.8, Input=  33.3, Error=   1.4, PIDTerms= 0.288/ 0.011/ 0.000/ 0.000, Output= 0.298(-1.000/1.000), Volt=11.4(9.3)
GlobalTracer.printPidInfo_Info: encoderXPidCtrl: Target=   0.0, Input=  -0.1, Error=   0.1, PIDTerms= 0.033/ 0.000/ 0.009/ 0.000, Output= 0.042(-0.700/0.700), Volt=11.5(9.3)
GlobalTracer.printPidInfo_Info: encoderYPidCtrl: Target= 110.0, Input=  64.9, Error=  45.1, PIDTerms= 0.901/ 0.000/-0.120/ 0.000, Output= 0.600(-0.600/0.600), Volt=11.5(9.3)
GlobalTracer.printPidInfo_Info: gyroTurnPidCtrl: Target= -27.5, Input= -27.3, Error=  -0.2, PIDTerms=-0.004/ 0.000/ 0.013/-0.000, Output= 0.009(-0.700/0.700), Volt=11.5(9.3)
GlobalTracer.startCompetition_Warn: AUTO_MODE.updates takes too long (0.049s)

GlobalTracer.printPidInfo_Info: [2.187] elevatorPidController: Target=  34.8, Input=  33.1, Error=   1.6, PIDTerms= 0.328/ 0.011/ 0.000/ 0.000, Output= 0.339(-1.000/1.000), Volt=11.6(9.3)
GlobalTracer.startCompetition_Warn: AUTO_MODE.periodic takes too long (0.021s)

GlobalTracer.printPidInfo_Info: encoderXPidCtrl: Target=   0.0, Input=  -0.0, Error=   0.0, PIDTerms= 0.010/ 0.000/-0.013/ 0.000, Output=-0.003(-0.700/0.700), Volt=11.5(9.3)
GlobalTracer.printPidInfo_Info: encoderYPidCtrl: Target= 110.0, Input=  72.1, Error=  37.9, PIDTerms= 0.758/ 0.000/-0.105/ 0.000, Output= 0.600(-0.600/0.600), Volt=11.5(9.3)
GlobalTracer.printPidInfo_Info: gyroTurnPidCtrl: Target= -27.5, Input= -27.7, Error=   0.2, PIDTerms= 0.005/ 0.000/ 0.008/-0.000, Output= 0.012(-0.700/0.700), Volt=11.5(9.3)
GlobalTracer.startCompetition_Warn: AUTO_MODE.updates takes too long (0.039s)

GlobalTracer.printPidInfo_Info: [2.285] elevatorPidController: Target=  34.8, Input=  33.6, Error=   1.2, PIDTerms= 0.230/ 0.011/-0.000/ 0.000, Output= 0.241(-1.000/1.000), Volt=11.6(9.3)
GlobalTracer.printPidInfo_Info: encoderXPidCtrl: Target=   0.0, Input=   0.3, Error=  -0.3, PIDTerms=-0.077/ 0.000/-0.063/ 0.000, Output=-0.140(-0.700/0.700), Volt=11.6(9.3)
GlobalTracer.printPidInfo_Info: encoderYPidCtrl: Target= 110.0, Input=  80.9, Error=  29.1, PIDTerms= 0.582/ 0.000/-0.158/ 0.000, Output= 0.424(-0.600/0.600), Volt=11.6(9.3)
GlobalTracer.printPidInfo_Info: gyroTurnPidCtrl: Target= -27.5, Input= -28.0, Error=   0.5, PIDTerms= 0.011/ 0.000/ 0.006/-0.000, Output= 0.017(-0.700/0.700), Volt=11.6(9.3)
GlobalTracer.startCompetition_Warn: AUTO_MODE.updates takes too long (0.070s)

GlobalTracer.startCompetition_Warn: AUTO_MODE takes too long (0.116s)

GlobalTracer.startCompetition_Warn: AUTO_MODE.preContinuousTasks takes too long (0.028s)

GlobalTracer.printPidInfo_Info: [2.402] elevatorPidController: Target=  34.8, Input=  33.7, Error=   1.0, PIDTerms= 0.207/ 0.011/-0.000/ 0.000, Output= 0.219(-1.000/1.000), Volt=12.0(9.3)
GlobalTracer.startCompetition_Warn: AUTO_MODE.periodic takes too long (0.030s)

GlobalTracer.printPidInfo_Info: encoderXPidCtrl: Target=   0.0, Input=   0.1, Error=  -0.1, PIDTerms=-0.033/ 0.000/ 0.017/ 0.000, Output=-0.016(-0.700/0.700), Volt=12.0(9.3)
GlobalTracer.printPidInfo_Info: encoderYPidCtrl: Target= 110.0, Input=  90.7, Error=  19.3, PIDTerms= 0.387/ 0.000/-0.092/ 0.000, Output= 0.295(-0.600/0.600), Volt=12.0(9.3)
GlobalTracer.printPidInfo_Info: gyroTurnPidCtrl: Target= -27.5, Input= -27.9, Error=   0.4, PIDTerms= 0.008/ 0.000/-0.001/-0.000, Output= 0.007(-0.700/0.700), Volt=12.0(9.3)
GlobalTracer.startCompetition_Warn: AUTO_MODE.postContinuousTasks takes too long (0.029s)

GlobalTracer.startCompetition_Warn: AUTO_MODE.updates takes too long (0.047s)

GlobalTracer.startCompetition_Warn: AUTO_MODE takes too long (0.151s)

GlobalTracer.printPidInfo_Info: [2.554] elevatorPidController: Target=  34.8, Input=  34.0, Error=   0.7, PIDTerms= 0.143/ 0.011/-0.000/ 0.000, Output= 0.154(-1.000/1.000), Volt=12.3(9.3)
GlobalTracer.startCompetition_Warn: AUTO_MODE.periodic takes too long (0.033s)

GlobalTracer.printPidInfo_Info: encoderXPidCtrl: Target=   0.0, Input=  -0.3, Error=   0.3, PIDTerms= 0.081/ 0.000/ 0.051/ 0.000, Output= 0.132(-0.700/0.700), Volt=12.4(9.3)
GlobalTracer.printPidInfo_Info: encoderYPidCtrl: Target= 110.0, Input= 102.3, Error=   7.7, PIDTerms= 0.155/ 0.000/-0.131/ 0.000, Output= 0.024(-0.600/0.600), Volt=12.3(9.3)
GlobalTracer.printPidInfo_Info: gyroTurnPidCtrl: Target= -27.5, Input= -27.6, Error=   0.1, PIDTerms= 0.002/ 0.000/-0.004/-0.000, Output=-0.002(-0.700/0.700), Volt=12.3(9.3)
GlobalTracer.startCompetition_Warn: AUTO_MODE.postContinuousTasks takes too long (0.030s)

GlobalTracer.startCompetition_Warn: AUTO_MODE.updates takes too long (0.059s)

GlobalTracer.startCompetition_Warn: AUTO_MODE takes too long (0.144s)

GlobalTracer.printPidInfo_Info: [2.700] elevatorPidController: Target=  34.8, Input=  34.1, Error=   0.7, PIDTerms= 0.134/ 0.011/-0.000/ 0.000, Output= 0.146(-1.000/1.000), Volt=12.1(9.3)
GlobalTracer.startCompetition_Warn: AUTO_MODE.periodic takes too long (0.027s)

GlobalTracer.printPidInfo_Info: encoderXPidCtrl: Target=   0.0, Input=  -0.4, Error=   0.0, PIDTerms= 0.092/ 0.000/ 0.005/ 0.000, Output= 0.000(-0.700/0.700), Volt=12.2(9.3)
GlobalTracer.printPidInfo_Info: encoderYPidCtrl: Target=   0.0, Input= 110.9, Error=   0.0, PIDTerms=-0.018/ 0.000/-0.085/ 0.000, Output= 0.000(-0.600/0.600), Volt=12.2(9.3)
GlobalTracer.printPidInfo_Info: gyroTurnPidCtrl: Target=   0.0, Input= -27.3, Error=   0.0, PIDTerms=-0.004/ 0.000/-0.004/-0.000, Output= 0.000(-0.700/0.700), Volt=12.2(9.3)
GlobalTracer.startCompetition_Warn: AUTO_MODE.postContinuousTasks takes too long (0.034s)

GlobalTracer.startCompetition_Warn: AUTO_MODE.updates takes too long (0.065s)

GlobalTracer.startCompetition_Warn: AUTO_MODE takes too long (0.159s)

GlobalTracer.Robot_Info: [2.861] THROW_CUBE: xPos= -0.27,yPos=117.30,heading= -22.9/ -27.5,volts=12.3(9.3)
GlobalTracer.printPidInfo_Info: [2.861] elevatorPidController: Target=  34.8, Input=  34.1, Error=   0.7, PIDTerms= 0.134/ 0.012/ 0.000/ 0.000, Output= 0.146(-1.000/1.000), Volt=12.3(9.3)
GlobalTracer.startCompetition_Warn: AUTO_MODE.continuous takes too long (0.029s)

GlobalTracer.startCompetition_Warn: AUTO_MODE.periodic takes too long (0.028s)

GlobalTracer.startCompetition_Warn: AUTO_MODE.updates takes too long (0.052s)

GlobalTracer.startCompetition_Warn: AUTO_MODE takes too long (0.133s)

GlobalTracer.startCompetition_Warn: AUTO_MODE.preContinuousTasks takes too long (0.023s)

GlobalTracer.printPidInfo_Info: [2.994] elevatorPidController: Target=  34.8, Input=  34.1, Error=   0.7, PIDTerms= 0.136/ 0.012/ 0.000/ 0.000, Output= 0.147(-1.000/1.000), Volt=10.7(9.3)
GlobalTracer.startCompetition_Warn: AUTO_MODE.periodic takes too long (0.035s)

GlobalTracer.startCompetition_Warn: AUTO_MODE.updates takes too long (0.058s)

GlobalTracer.startCompetition_Warn: AUTO_MODE takes too long (0.131s)

GlobalTracer.printPidInfo_Info: [3.125] elevatorPidController: Target=  34.8, Input=  34.1, Error=   0.7, PIDTerms= 0.134/ 0.012/-0.000/ 0.000, Output= 0.146(-1.000/1.000), Volt=10.9(9.3)
GlobalTracer.startCompetition_Warn: AUTO_MODE.updates takes too long (0.028s)

GlobalTracer.printPidInfo_Info: [3.195] elevatorPidController: Target=  34.8, Input=  34.1, Error=   0.7, PIDTerms= 0.136/ 0.012/ 0.000/ 0.000, Output= 0.147(-1.000/1.000), Volt=11.2(9.3)
GlobalTracer.startCompetition_Warn: AUTO_MODE.periodic takes too long (0.022s)

GlobalTracer.startCompetition_Warn: AUTO_MODE.updates takes too long (0.026s)

GlobalTracer.printPidInfo_Info: [3.256] elevatorPidController: Target=  34.8, Input=  34.1, Error=   0.7, PIDTerms= 0.134/ 0.012/-0.000/ 0.000, Output= 0.146(-1.000/1.000), Volt=11.3(9.3)
GlobalTracer.startCompetition_Warn: AUTO_MODE.updates takes too long (0.022s)

GlobalTracer.printPidInfo_Info: [3.311] elevatorPidController: Target=  34.8, Input=  34.2, Error=   0.6, PIDTerms= 0.118/ 0.012/-0.000/ 0.000, Output= 0.130(-1.000/1.000), Volt=11.5(9.3)
GlobalTracer.startCompetition_Warn: AUTO_MODE.periodic takes too long (0.022s)

GlobalTracer.startCompetition_Warn: AUTO_MODE.updates takes too long (0.034s)

GlobalTracer.printPidInfo_Info: [3.396] elevatorPidController: Target=  34.8, Input=  34.2, Error=   0.6, PIDTerms= 0.111/ 0.012/-0.000/ 0.000, Output= 0.123(-1.000/1.000), Volt=11.6(9.3)
GlobalTracer.startCompetition_Warn: AUTO_MODE.updates takes too long (0.026s)

GlobalTracer.printPidInfo_Info: [3.446] elevatorPidController: Target=  34.8, Input=  34.2, Error=   0.6, PIDTerms= 0.116/ 0.012/ 0.000/ 0.000, Output= 0.128(-1.000/1.000), Volt=11.6(9.3)
GlobalTracer.startCompetition_Warn: AUTO_MODE.updates takes too long (0.035s)

GlobalTracer.printPidInfo_Info: [3.508] elevatorPidController: Target=  34.8, Input=  34.2, Error=   0.6, PIDTerms= 0.116/ 0.012/ 0.000/ 0.000, Output= 0.128(-1.000/1.000), Volt=11.8(9.3)
GlobalTracer.startCompetition_Warn: AUTO_MODE.updates takes too long (0.023s)

GlobalTracer.printPidInfo_Info: [3.563] elevatorPidController: Target=  34.8, Input=  34.2, Error=   0.6, PIDTerms= 0.114/ 0.012/-0.000/ 0.000, Output= 0.126(-1.000/1.000), Volt=11.7(9.3)
GlobalTracer.startCompetition_Warn: AUTO_MODE.updates takes too long (0.030s)

GlobalTracer.printPidInfo_Info: [3.636] elevatorPidController: Target=  34.8, Input=  34.2, Error=   0.6, PIDTerms= 0.111/ 0.012/-0.000/ 0.000, Output= 0.123(-1.000/1.000), Volt=11.7(9.3)
GlobalTracer.startCompetition_Warn: AUTO_MODE.updates takes too long (0.021s)

GlobalTracer.printPidInfo_Info: [3.707] elevatorPidController: Target=  34.8, Input=  34.2, Error=   0.5, PIDTerms= 0.110/ 0.012/-0.000/ 0.000, Output= 0.122(-1.000/1.000), Volt=11.8(9.3)
GlobalTracer.startCompetition_Warn: AUTO_MODE.updates takes too long (0.030s)

GlobalTracer.printPidInfo_Info: [3.778] elevatorPidController: Target=  34.8, Input=  34.2, Error=   0.5, PIDTerms= 0.110/ 0.012/ 0.000/ 0.000, Output= 0.122(-1.000/1.000), Volt=11.9(9.3)
GlobalTracer.startCompetition_Warn: AUTO_MODE.updates takes too long (0.042s)

GlobalTracer.printPidInfo_Info: [3.846] elevatorPidController: Target=  34.8, Input=  34.2, Error=   0.5, PIDTerms= 0.110/ 0.012/ 0.000/ 0.000, Output= 0.122(-1.000/1.000), Volt=11.9(9.3)
GlobalTracer.startCompetition_Warn: AUTO_MODE.updates takes too long (0.034s)

GlobalTracer.Robot_Info: [3.905]       DONE: xPos=  0.40,yPos=118.37,heading=  15.0/ -27.5,volts=11.9(9.3)
GlobalTracer.printPidInfo_Info: [3.905] elevatorPidController: Target=   8.0, Input=  34.2, Error= -26.2, PIDTerms= 0.110/ 0.012/ 0.000/ 0.000, Output= 0.000(-1.000/1.000), Volt=11.9(9.3)
GlobalTracer.startCompetition_Warn: AUTO_MODE.periodic takes too long (0.020s)

GlobalTracer.startCompetition_Warn: AUTO_MODE.updates takes too long (0.034s)

GlobalTracer.printPidInfo_Info: [3.991] elevatorPidController: Target=   8.0, Input=  34.2, Error= -26.2, PIDTerms=-5.240/-0.001/ 0.000/ 0.000, Output=-1.000(-1.000/1.000), Volt=10.8(9.3)
GlobalTracer.startCompetition_Warn: AUTO_MODE.periodic takes too long (0.020s)

GlobalTracer.startCompetition_Warn: AUTO_MODE.updates takes too long (0.027s)

GlobalTracer.printPidInfo_Info: [4.062] elevatorPidController: Target=   8.0, Input=  31.9, Error= -23.9, PIDTerms=-4.780/-0.003/ 0.000/ 0.000, Output=-1.000(-1.000/1.000), Volt=12.0(9.3)
GlobalTracer.startCompetition_Warn: AUTO_MODE.updates takes too long (0.030s)

GlobalTracer.printPidInfo_Info: [4.134] elevatorPidController: Target=   8.0, Input=  28.2, Error= -20.2, PIDTerms=-4.034/-0.004/ 0.000/ 0.000, Output=-1.000(-1.000/1.000), Volt=12.1(9.3)
GlobalTracer.startCompetition_Warn: AUTO_MODE.periodic takes too long (0.020s)

GlobalTracer.startCompetition_Warn: AUTO_MODE.updates takes too long (0.026s)

GlobalTracer.printPidInfo_Info: [4.205] elevatorPidController: Target=   8.0, Input=  22.8, Error= -14.8, PIDTerms=-2.963/-0.005/ 0.000/ 0.000, Output=-1.000(-1.000/1.000), Volt=12.1(9.3)
GlobalTracer.startCompetition_Warn: AUTO_MODE.updates takes too long (0.034s)

GlobalTracer.printPidInfo_Info: [4.274] elevatorPidController: Target=   8.0, Input=  18.8, Error= -10.8, PIDTerms=-2.159/-0.006/ 0.000/ 0.000, Output=-1.000(-1.000/1.000), Volt=12.0(9.3)
GlobalTracer.startCompetition_Warn: AUTO_MODE.periodic takes too long (0.020s)

GlobalTracer.startCompetition_Warn: AUTO_MODE.updates takes too long (0.034s)

GlobalTracer.printPidInfo_Info: [4.353] elevatorPidController: Target=   8.0, Input=  13.3, Error=  -5.3, PIDTerms=-1.065/-0.006/ 0.000/ 0.000, Output=-1.000(-1.000/1.000), Volt=12.3(9.3)
GlobalTracer.startCompetition_Warn: AUTO_MODE.updates takes too long (0.022s)

GlobalTracer.printPidInfo_Info: [4.407] elevatorPidController: Target=   8.0, Input=   8.9, Error=  -0.9, PIDTerms=-0.172/-0.006/ 0.000/ 0.000, Output=-0.178(-1.000/1.000), Volt=12.3(9.3)
GlobalTracer.startCompetition_Warn: AUTO_MODE.periodic takes too long (0.024s)

GlobalTracer.startCompetition_Warn: AUTO_MODE.updates takes too long (0.032s)

GlobalTracer.printPidInfo_Info: [4.485] elevatorPidController: Target=   8.0, Input=   8.2, Error=  -0.2, PIDTerms=-0.032/-0.006/ 0.000/ 0.000, Output=-0.038(-1.000/1.000), Volt=12.3(9.3)
GlobalTracer.startCompetition_Warn: AUTO_MODE.periodic takes too long (0.023s)

GlobalTracer.startCompetition_Warn: AUTO_MODE.updates takes too long (0.039s)

GlobalTracer.printPidInfo_Info: [4.571] elevatorPidController: Target=   8.0, Input=   8.3, Error=  -0.3, PIDTerms=-0.064/-0.006/-0.000/ 0.000, Output=-0.071(-1.000/1.000), Volt=12.3(9.3)
GlobalTracer.startCompetition_Warn: AUTO_MODE.updates takes too long (0.022s)

GlobalTracer.printPidInfo_Info: [4.624] elevatorPidController: Target=   8.0, Input=   8.4, Error=  -0.4, PIDTerms=-0.079/-0.006/-0.000/ 0.000, Output=-0.085(-1.000/1.000), Volt=12.4(9.3)
GlobalTracer.startCompetition_Warn: AUTO_MODE.updates takes too long (0.029s)

GlobalTracer.printPidInfo_Info: [4.688] elevatorPidController: Target=   8.0, Input=   8.4, Error=  -0.4, PIDTerms=-0.079/-0.006/ 0.000/ 0.000, Output=-0.085(-1.000/1.000), Volt=12.3(9.3)
GlobalTracer.startCompetition_Warn: AUTO_MODE.updates takes too long (0.031s)

GlobalTracer.printPidInfo_Info: [4.755] elevatorPidController: Target=   8.0, Input=   8.4, Error=  -0.4, PIDTerms=-0.080/-0.006/-0.000/ 0.000, Output=-0.087(-1.000/1.000), Volt=12.4(9.3)
GlobalTracer.startCompetition_Warn: AUTO_MODE.updates takes too long (0.025s)

GlobalTracer.printPidInfo_Info: [4.809] elevatorPidController: Target=   8.0, Input=   8.4, Error=  -0.4, PIDTerms=-0.083/-0.006/-0.000/ 0.000, Output=-0.090(-1.000/1.000), Volt=12.4(9.3)
GlobalTracer.startCompetition_Warn: AUTO_MODE.updates takes too long (0.029s)

GlobalTracer.printPidInfo_Info: [4.871] elevatorPidController: Target=   8.0, Input=   8.4, Error=  -0.4, PIDTerms=-0.083/-0.007/ 0.000/ 0.000, Output=-0.090(-1.000/1.000), Volt=12.4(9.3)
GlobalTracer.startCompetition_Warn: AUTO_MODE.updates takes too long (0.031s)

GlobalTracer.printPidInfo_Info: [4.939] elevatorPidController: Target=   8.0, Input=   8.4, Error=  -0.4, PIDTerms=-0.083/-0.007/ 0.000/ 0.000, Output=-0.090(-1.000/1.000), Volt=12.4(9.3)
GlobalTracer.startCompetition_Warn: AUTO_MODE.updates takes too long (0.022s)

GlobalTracer.printPidInfo_Info: [4.992] elevatorPidController: Target=   8.0, Input=   8.4, Error=  -0.4, PIDTerms=-0.083/-0.007/ 0.000/ 0.000, Output=-0.090(-1.000/1.000), Volt=12.4(9.3)
GlobalTracer.startCompetition_Warn: AUTO_MODE.periodic takes too long (0.020s)

GlobalTracer.startCompetition_Warn: AUTO_MODE.updates takes too long (0.024s)

GlobalTracer.printPidInfo_Info: [5.059] elevatorPidController: Target=   8.0, Input=   8.4, Error=  -0.4, PIDTerms=-0.083/-0.007/ 0.000/ 0.000, Output=-0.090(-1.000/1.000), Volt=12.4(9.3)
GlobalTracer.startCompetition_Warn: AUTO_MODE.periodic takes too long (0.027s)

GlobalTracer.startCompetition_Warn: AUTO_MODE.updates takes too long (0.027s)

GlobalTracer.printPidInfo_Info: [5.137] elevatorPidController: Target=   8.0, Input=   8.4, Error=  -0.4, PIDTerms=-0.083/-0.007/ 0.000/ 0.000, Output=-0.090(-1.000/1.000), Volt=12.4(9.3)
GlobalTracer.startCompetition_Warn: AUTO_MODE.updates takes too long (0.030s)

GlobalTracer.printPidInfo_Info: [5.204] elevatorPidController: Target=   8.0, Input=   8.4, Error=  -0.4, PIDTerms=-0.083/-0.007/ 0.000/ 0.000, Output=-0.090(-1.000/1.000), Volt=12.4(9.3)
GlobalTracer.startCompetition_Warn: AUTO_MODE.updates takes too long (0.028s)

GlobalTracer.printPidInfo_Info: [5.278] elevatorPidController: Target=   8.0, Input=   8.4, Error=  -0.4, PIDTerms=-0.083/-0.007/ 0.000/ 0.000, Output=-0.090(-1.000/1.000), Volt=12.3(9.3)
GlobalTracer.startCompetition_Warn: AUTO_MODE.updates takes too long (0.025s)

GlobalTracer.printPidInfo_Info: [5.320] elevatorPidController: Target=   8.0, Input=   8.4, Error=  -0.4, PIDTerms=-0.083/-0.007/ 0.000/ 0.000, Output=-0.090(-1.000/1.000), Volt=12.3(9.3)
GlobalTracer.startCompetition_Warn: AUTO_MODE.updates takes too long (0.023s)

GlobalTracer.printPidInfo_Info: [5.380] elevatorPidController: Target=   8.0, Input=   8.4, Error=  -0.4, PIDTerms=-0.083/-0.007/ 0.000/ 0.000, Output=-0.090(-1.000/1.000), Volt=12.4(9.3)
GlobalTracer.startCompetition_Warn: AUTO_MODE.periodic takes too long (0.023s)

GlobalTracer.startCompetition_Warn: AUTO_MODE.updates takes too long (0.038s)

GlobalTracer.printPidInfo_Info: [5.464] elevatorPidController: Target=   8.0, Input=   8.4, Error=  -0.4, PIDTerms=-0.083/-0.007/ 0.000/ 0.000, Output=-0.090(-1.000/1.000), Volt=12.3(9.3)
GlobalTracer.startCompetition_Warn: AUTO_MODE.updates takes too long (0.027s)

GlobalTracer.printPidInfo_Info: [5.524] elevatorPidController: Target=   8.0, Input=   8.4, Error=  -0.4, PIDTerms=-0.083/-0.007/ 0.000/ 0.000, Output=-0.090(-1.000/1.000), Volt=12.4(9.3)
GlobalTracer.startCompetition_Warn: AUTO_MODE.updates takes too long (0.024s)

GlobalTracer.printPidInfo_Info: [5.580] elevatorPidController: Target=   8.0, Input=   8.4, Error=  -0.4, PIDTerms=-0.083/-0.007/ 0.000/ 0.000, Output=-0.090(-1.000/1.000), Volt=12.4(9.3)
GlobalTracer.startCompetition_Warn: AUTO_MODE.updates takes too long (0.021s)

GlobalTracer.printPidInfo_Info: [5.630] elevatorPidController: Target=   8.0, Input=   8.4, Error=  -0.4, PIDTerms=-0.083/-0.007/ 0.000/ 0.000, Output=-0.090(-1.000/1.000), Volt=12.3(9.3)
GlobalTracer.startCompetition_Warn: AUTO_MODE.periodic takes too long (0.031s)

GlobalTracer.startCompetition_Warn: AUTO_MODE.updates takes too long (0.022s)

GlobalTracer.printPidInfo_Info: [5.714] elevatorPidController: Target=   8.0, Input=   8.4, Error=  -0.4, PIDTerms=-0.083/-0.007/ 0.000/ 0.000, Output=-0.090(-1.000/1.000), Volt=12.4(9.3)
GlobalTracer.startCompetition_Warn: AUTO_MODE.updates takes too long (0.034s)

GlobalTracer.printPidInfo_Info: [5.775] elevatorPidController: Target=   8.0, Input=   8.4, Error=  -0.4, PIDTerms=-0.083/-0.007/ 0.000/ 0.000, Output=-0.090(-1.000/1.000), Volt=12.4(9.3)
GlobalTracer.startCompetition_Warn: AUTO_MODE.updates takes too long (0.029s)

GlobalTracer.printPidInfo_Info: [5.832] elevatorPidController: Target=   8.0, Input=   8.4, Error=  -0.4, PIDTerms=-0.083/-0.007/ 0.000/ 0.000, Output=-0.090(-1.000/1.000), Volt=12.4(9.3)
GlobalTracer.startCompetition_Warn: AUTO_MODE.updates takes too long (0.035s)

GlobalTracer.printPidInfo_Info: [5.905] elevatorPidController: Target=   8.0, Input=   8.4, Error=  -0.4, PIDTerms=-0.083/-0.007/ 0.000/ 0.000, Output=-0.090(-1.000/1.000), Volt=12.4(9.3)
GlobalTracer.startCompetition_Warn: AUTO_MODE.updates takes too long (0.036s)

GlobalTracer.printPidInfo_Info: [5.971] elevatorPidController: Target=   8.0, Input=   8.4, Error=  -0.4, PIDTerms=-0.083/-0.007/ 0.000/ 0.000, Output=-0.090(-1.000/1.000), Volt=12.4(9.3)
GlobalTracer.startCompetition_Warn: AUTO_MODE.updates takes too long (0.022s)

GlobalTracer.printPidInfo_Info: [6.027] elevatorPidController: Target=   8.0, Input=   8.4, Error=  -0.4, PIDTerms=-0.083/-0.007/ 0.000/ 0.000, Output=-0.090(-1.000/1.000), Volt=12.4(9.3)
GlobalTracer.startCompetition_Warn: AUTO_MODE.periodic takes too long (0.020s)

GlobalTracer.startCompetition_Warn: AUTO_MODE.updates takes too long (0.024s)

GlobalTracer.printPidInfo_Info: [6.092] elevatorPidController: Target=   8.0, Input=   8.4, Error=  -0.4, PIDTerms=-0.083/-0.007/ 0.000/ 0.000, Output=-0.090(-1.000/1.000), Volt=12.5(9.3)
GlobalTracer.startCompetition_Warn: AUTO_MODE.updates takes too long (0.021s)

GlobalTracer.printPidInfo_Info: [6.131] elevatorPidController: Target=   8.0, Input=   8.4, Error=  -0.4, PIDTerms=-0.083/-0.007/ 0.000/ 0.000, Output=-0.090(-1.000/1.000), Volt=12.4(9.3)
GlobalTracer.startCompetition_Warn: AUTO_MODE.updates takes too long (0.034s)

GlobalTracer.printPidInfo_Info: [6.205] elevatorPidController: Target=   8.0, Input=   8.4, Error=  -0.4, PIDTerms=-0.083/-0.007/ 0.000/ 0.000, Output=-0.090(-1.000/1.000), Volt=12.4(9.3)
GlobalTracer.startCompetition_Warn: AUTO_MODE.updates takes too long (0.031s)

GlobalTracer.printPidInfo_Info: [6.280] elevatorPidController: Target=   8.0, Input=   8.4, Error=  -0.4, PIDTerms=-0.083/-0.007/ 0.000/ 0.000, Output=-0.090(-1.000/1.000), Volt=12.4(9.3)
GlobalTracer.startCompetition_Warn: AUTO_MODE.updates takes too long (0.031s)

GlobalTracer.printPidInfo_Info: [6.354] elevatorPidController: Target=   8.0, Input=   8.4, Error=  -0.4, PIDTerms=-0.083/-0.007/ 0.000/ 0.000, Output=-0.090(-1.000/1.000), Volt=12.3(9.3)
GlobalTracer.startCompetition_Warn: AUTO_MODE.periodic takes too long (0.027s)

GlobalTracer.startCompetition_Warn: AUTO_MODE.updates takes too long (0.034s)

GlobalTracer.printPidInfo_Info: [6.450] elevatorPidController: Target=   8.0, Input=   8.4, Error=  -0.4, PIDTerms=-0.083/-0.007/ 0.000/ 0.000, Output=-0.090(-1.000/1.000), Volt=12.4(9.3)
GlobalTracer.startCompetition_Warn: AUTO_MODE.updates takes too long (0.030s)

GlobalTracer.printPidInfo_Info: [6.507] elevatorPidController: Target=   8.0, Input=   8.4, Error=  -0.4, PIDTerms=-0.083/-0.007/ 0.000/ 0.000, Output=-0.090(-1.000/1.000), Volt=12.4(9.3)
GlobalTracer.startCompetition_Warn: AUTO_MODE.periodic takes too long (0.026s)

GlobalTracer.startCompetition_Warn: AUTO_MODE.updates takes too long (0.040s)

GlobalTracer.startCompetition_Warn: AUTO_MODE.preContinuousTasks takes too long (0.023s)

GlobalTracer.printPidInfo_Info: [6.591] elevatorPidController: Target=   8.0, Input=   8.4, Error=  -0.4, PIDTerms=-0.083/-0.007/ 0.000/ 0.000, Output=-0.090(-1.000/1.000), Volt=12.4(9.3)
GlobalTracer.startCompetition_Warn: AUTO_MODE.periodic takes too long (0.027s)

GlobalTracer.startCompetition_Warn: AUTO_MODE.updates takes too long (0.028s)

GlobalTracer.printPidInfo_Info: [6.681] elevatorPidController: Target=   8.0, Input=   8.4, Error=  -0.4, PIDTerms=-0.083/-0.007/ 0.000/ 0.000, Output=-0.090(-1.000/1.000), Volt=12.4(9.3)
GlobalTracer.startCompetition_Warn: AUTO_MODE.updates takes too long (0.039s)

GlobalTracer.printPidInfo_Info: [6.747] elevatorPidController: Target=   8.0, Input=   8.4, Error=  -0.4, PIDTerms=-0.083/-0.007/ 0.000/ 0.000, Output=-0.090(-1.000/1.000), Volt=12.4(9.3)
GlobalTracer.startCompetition_Warn: AUTO_MODE.updates takes too long (0.043s)

GlobalTracer.printPidInfo_Info: [6.834] elevatorPidController: Target=   8.0, Input=   8.4, Error=  -0.4, PIDTerms=-0.083/-0.007/ 0.000/ 0.000, Output=-0.090(-1.000/1.000), Volt=12.4(9.3)
GlobalTracer.startCompetition_Warn: AUTO_MODE.updates takes too long (0.036s)

GlobalTracer.printPidInfo_Info: [6.908] elevatorPidController: Target=   8.0, Input=   8.4, Error=  -0.4, PIDTerms=-0.083/-0.007/ 0.000/ 0.000, Output=-0.090(-1.000/1.000), Volt=12.4(9.3)
GlobalTracer.startCompetition_Warn: AUTO_MODE.updates takes too long (0.036s)

GlobalTracer.printPidInfo_Info: [6.979] elevatorPidController: Target=   8.0, Input=   8.4, Error=  -0.4, PIDTerms=-0.083/-0.007/ 0.000/ 0.000, Output=-0.090(-1.000/1.000), Volt=12.4(9.3)
GlobalTracer.startCompetition_Warn: AUTO_MODE.updates takes too long (0.024s)

GlobalTracer.printPidInfo_Info: [7.034] elevatorPidController: Target=   8.0, Input=   8.4, Error=  -0.4, PIDTerms=-0.083/-0.007/ 0.000/ 0.000, Output=-0.091(-1.000/1.000), Volt=12.4(9.3)
GlobalTracer.startCompetition_Warn: AUTO_MODE.updates takes too long (0.029s)

GlobalTracer.printPidInfo_Info: [7.105] elevatorPidController: Target=   8.0, Input=   8.4, Error=  -0.4, PIDTerms=-0.083/-0.007/ 0.000/ 0.000, Output=-0.091(-1.000/1.000), Volt=12.4(9.3)
GlobalTracer.printPidInfo_Info: [7.153] elevatorPidController: Target=   8.0, Input=   8.4, Error=  -0.4, PIDTerms=-0.083/-0.007/ 0.000/ 0.000, Output=-0.091(-1.000/1.000), Volt=12.4(9.3)
GlobalTracer.startCompetition_Warn: AUTO_MODE.updates takes too long (0.023s)

GlobalTracer.printPidInfo_Info: [7.214] elevatorPidController: Target=   8.0, Input=   8.4, Error=  -0.4, PIDTerms=-0.083/-0.007/ 0.000/ 0.000, Output=-0.091(-1.000/1.000), Volt=12.4(9.3)
GlobalTracer.startCompetition_Warn: AUTO_MODE.periodic takes too long (0.020s)

GlobalTracer.startCompetition_Warn: AUTO_MODE.updates takes too long (0.029s)

GlobalTracer.printPidInfo_Info: [7.290] elevatorPidController: Target=   8.0, Input=   8.4, Error=  -0.4, PIDTerms=-0.083/-0.008/ 0.000/ 0.000, Output=-0.091(-1.000/1.000), Volt=12.4(9.3)
GlobalTracer.startCompetition_Warn: AUTO_MODE.updates takes too long (0.029s)

GlobalTracer.startCompetition_Warn: AUTO_MODE.preContinuousTasks takes too long (0.020s)

GlobalTracer.printPidInfo_Info: [7.351] elevatorPidController: Target=   8.0, Input=   8.4, Error=  -0.4, PIDTerms=-0.083/-0.008/ 0.000/ 0.000, Output=-0.091(-1.000/1.000), Volt=12.4(9.3)
GlobalTracer.startCompetition_Warn: AUTO_MODE.updates takes too long (0.035s)

GlobalTracer.printPidInfo_Info: [7.435] elevatorPidController: Target=   8.0, Input=   8.4, Error=  -0.4, PIDTerms=-0.083/-0.008/ 0.000/ 0.000, Output=-0.091(-1.000/1.000), Volt=12.4(9.3)
GlobalTracer.startCompetition_Warn: AUTO_MODE.updates takes too long (0.027s)

GlobalTracer.printPidInfo_Info: [7.494] elevatorPidController: Target=   8.0, Input=   8.4, Error=  -0.4, PIDTerms=-0.083/-0.008/ 0.000/ 0.000, Output=-0.091(-1.000/1.000), Volt=12.4(9.3)
GlobalTracer.startCompetition_Warn: AUTO_MODE.updates takes too long (0.029s)

GlobalTracer.printPidInfo_Info: [7.560] elevatorPidController: Target=   8.0, Input=   8.4, Error=  -0.4, PIDTerms=-0.083/-0.008/ 0.000/ 0.000, Output=-0.091(-1.000/1.000), Volt=12.3(9.3)
GlobalTracer.startCompetition_Warn: AUTO_MODE.updates takes too long (0.030s)

GlobalTracer.printPidInfo_Info: [7.619] elevatorPidController: Target=   8.0, Input=   8.4, Error=  -0.4, PIDTerms=-0.083/-0.008/ 0.000/ 0.000, Output=-0.091(-1.000/1.000), Volt=12.4(9.3)
GlobalTracer.startCompetition_Warn: AUTO_MODE.updates takes too long (0.028s)

GlobalTracer.printPidInfo_Info: [7.686] elevatorPidController: Target=   8.0, Input=   8.4, Error=  -0.4, PIDTerms=-0.083/-0.008/ 0.000/ 0.000, Output=-0.091(-1.000/1.000), Volt=12.4(9.3)
GlobalTracer.startCompetition_Warn: AUTO_MODE.updates takes too long (0.029s)

GlobalTracer.printPidInfo_Info: [7.743] elevatorPidController: Target=   8.0, Input=   8.4, Error=  -0.4, PIDTerms=-0.083/-0.008/ 0.000/ 0.000, Output=-0.091(-1.000/1.000), Volt=12.4(9.3)
GlobalTracer.startCompetition_Warn: AUTO_MODE.updates takes too long (0.035s)

GlobalTracer.printPidInfo_Info: [7.811] elevatorPidController: Target=   8.0, Input=   8.4, Error=  -0.4, PIDTerms=-0.083/-0.008/ 0.000/ 0.000, Output=-0.091(-1.000/1.000), Volt=12.4(9.3)
GlobalTracer.startCompetition_Warn: AUTO_MODE.updates takes too long (0.035s)

GlobalTracer.printPidInfo_Info: [7.879] elevatorPidController: Target=   8.0, Input=   8.4, Error=  -0.4, PIDTerms=-0.083/-0.008/ 0.000/ 0.000, Output=-0.091(-1.000/1.000), Volt=12.4(9.3)
GlobalTracer.startCompetition_Warn: AUTO_MODE.periodic takes too long (0.020s)

GlobalTracer.startCompetition_Warn: AUTO_MODE.updates takes too long (0.028s)

GlobalTracer.printPidInfo_Info: [7.956] elevatorPidController: Target=   8.0, Input=   8.4, Error=  -0.4, PIDTerms=-0.083/-0.008/ 0.000/ 0.000, Output=-0.091(-1.000/1.000), Volt=12.4(9.3)
GlobalTracer.startCompetition_Warn: AUTO_MODE.updates takes too long (0.027s)

GlobalTracer.printPidInfo_Info: [8.025] elevatorPidController: Target=   8.0, Input=   8.4, Error=  -0.4, PIDTerms=-0.083/-0.008/ 0.000/ 0.000, Output=-0.091(-1.000/1.000), Volt=12.4(9.3)
GlobalTracer.startCompetition_Warn: AUTO_MODE.updates takes too long (0.025s)

GlobalTracer.printPidInfo_Info: [8.087] elevatorPidController: Target=   8.0, Input=   8.4, Error=  -0.4, PIDTerms=-0.083/-0.008/ 0.000/ 0.000, Output=-0.091(-1.000/1.000), Volt=12.5(9.3)
GlobalTracer.startCompetition_Warn: AUTO_MODE.updates takes too long (0.030s)

GlobalTracer.printPidInfo_Info: [8.152] elevatorPidController: Target=   8.0, Input=   8.4, Error=  -0.4, PIDTerms=-0.083/-0.008/ 0.000/ 0.000, Output=-0.091(-1.000/1.000), Volt=12.4(9.3)
GlobalTracer.startCompetition_Warn: AUTO_MODE.updates takes too long (0.023s)

GlobalTracer.printPidInfo_Info: [8.209] elevatorPidController: Target=   8.0, Input=   8.4, Error=  -0.4, PIDTerms=-0.083/-0.008/ 0.000/ 0.000, Output=-0.091(-1.000/1.000), Volt=12.4(9.3)
GlobalTracer.startCompetition_Warn: AUTO_MODE.updates takes too long (0.021s)

GlobalTracer.printPidInfo_Info: [8.271] elevatorPidController: Target=   8.0, Input=   8.4, Error=  -0.4, PIDTerms=-0.083/-0.008/ 0.000/ 0.000, Output=-0.091(-1.000/1.000), Volt=12.4(9.3)
GlobalTracer.startCompetition_Warn: AUTO_MODE.updates takes too long (0.044s)

GlobalTracer.printPidInfo_Info: [8.349] elevatorPidController: Target=   8.0, Input=   8.4, Error=  -0.4, PIDTerms=-0.083/-0.008/ 0.000/ 0.000, Output=-0.091(-1.000/1.000), Volt=12.4(9.3)
GlobalTracer.startCompetition_Warn: AUTO_MODE.updates takes too long (0.027s)

GlobalTracer.printPidInfo_Info: [8.407] elevatorPidController: Target=   8.0, Input=   8.4, Error=  -0.4, PIDTerms=-0.083/-0.008/ 0.000/ 0.000, Output=-0.091(-1.000/1.000), Volt=12.4(9.3)
GlobalTracer.startCompetition_Warn: AUTO_MODE.updates takes too long (0.034s)

GlobalTracer.printPidInfo_Info: [8.480] elevatorPidController: Target=   8.0, Input=   8.4, Error=  -0.4, PIDTerms=-0.083/-0.008/ 0.000/ 0.000, Output=-0.091(-1.000/1.000), Volt=12.3(9.3)
GlobalTracer.startCompetition_Warn: AUTO_MODE.updates takes too long (0.035s)

GlobalTracer.printPidInfo_Info: [8.550] elevatorPidController: Target=   8.0, Input=   8.4, Error=  -0.4, PIDTerms=-0.083/-0.008/ 0.000/ 0.000, Output=-0.091(-1.000/1.000), Volt=12.4(9.3)
GlobalTracer.startCompetition_Warn: AUTO_MODE.updates takes too long (0.026s)

GlobalTracer.printPidInfo_Info: [8.611] elevatorPidController: Target=   8.0, Input=   8.4, Error=  -0.4, PIDTerms=-0.083/-0.008/ 0.000/ 0.000, Output=-0.091(-1.000/1.000), Volt=12.4(9.3)
GlobalTracer.startCompetition_Warn: AUTO_MODE.updates takes too long (0.026s)

GlobalTracer.printPidInfo_Info: [8.674] elevatorPidController: Target=   8.0, Input=   8.4, Error=  -0.4, PIDTerms=-0.083/-0.008/ 0.000/ 0.000, Output=-0.091(-1.000/1.000), Volt=12.3(9.3)
GlobalTracer.startCompetition_Warn: AUTO_MODE.updates takes too long (0.029s)

GlobalTracer.printPidInfo_Info: [8.742] elevatorPidController: Target=   8.0, Input=   8.4, Error=  -0.4, PIDTerms=-0.083/-0.008/ 0.000/ 0.000, Output=-0.091(-1.000/1.000), Volt=12.4(9.3)
GlobalTracer.startCompetition_Warn: AUTO_MODE.updates takes too long (0.031s)

GlobalTracer.printPidInfo_Info: [8.804] elevatorPidController: Target=   8.0, Input=   8.4, Error=  -0.4, PIDTerms=-0.083/-0.008/ 0.000/ 0.000, Output=-0.091(-1.000/1.000), Volt=12.4(9.3)
GlobalTracer.printPidInfo_Info: [8.850] elevatorPidController: Target=   8.0, Input=   8.4, Error=  -0.4, PIDTerms=-0.083/-0.008/ 0.000/ 0.000, Output=-0.091(-1.000/1.000), Volt=12.4(9.3)
GlobalTracer.startCompetition_Warn: AUTO_MODE.updates takes too long (0.027s)

GlobalTracer.printPidInfo_Info: [8.907] elevatorPidController: Target=   8.0, Input=   8.4, Error=  -0.4, PIDTerms=-0.083/-0.008/ 0.000/ 0.000, Output=-0.091(-1.000/1.000), Volt=12.4(9.3)
GlobalTracer.printPidInfo_Info: [8.958] elevatorPidController: Target=   8.0, Input=   8.4, Error=  -0.4, PIDTerms=-0.083/-0.008/ 0.000/ 0.000, Output=-0.091(-1.000/1.000), Volt=12.4(9.3)
GlobalTracer.startCompetition_Warn: AUTO_MODE.updates takes too long (0.031s)

GlobalTracer.printPidInfo_Info: [9.027] elevatorPidController: Target=   8.0, Input=   8.4, Error=  -0.4, PIDTerms=-0.083/-0.008/ 0.000/ 0.000, Output=-0.091(-1.000/1.000), Volt=12.4(9.3)
GlobalTracer.startCompetition_Warn: AUTO_MODE.updates takes too long (0.027s)

GlobalTracer.printPidInfo_Info: [9.099] elevatorPidController: Target=   8.0, Input=   8.4, Error=  -0.4, PIDTerms=-0.083/-0.008/ 0.000/ 0.000, Output=-0.091(-1.000/1.000), Volt=12.4(9.3)
GlobalTracer.startCompetition_Warn: AUTO_MODE.updates takes too long (0.039s)

GlobalTracer.printPidInfo_Info: [9.172] elevatorPidController: Target=   8.0, Input=   8.4, Error=  -0.4, PIDTerms=-0.083/-0.008/ 0.000/ 0.000, Output=-0.091(-1.000/1.000), Volt=12.5(9.3)
GlobalTracer.startCompetition_Warn: AUTO_MODE.updates takes too long (0.032s)

GlobalTracer.printPidInfo_Info: [9.229] elevatorPidController: Target=   8.0, Input=   8.4, Error=  -0.4, PIDTerms=-0.083/-0.008/ 0.000/ 0.000, Output=-0.091(-1.000/1.000), Volt=12.4(9.3)
GlobalTracer.startCompetition_Warn: AUTO_MODE.updates takes too long (0.030s)

GlobalTracer.printPidInfo_Info: [9.290] elevatorPidController: Target=   8.0, Input=   8.4, Error=  -0.4, PIDTerms=-0.083/-0.008/ 0.000/ 0.000, Output=-0.091(-1.000/1.000), Volt=12.4(9.3)
GlobalTracer.startCompetition_Warn: AUTO_MODE.updates takes too long (0.032s)

GlobalTracer.printPidInfo_Info: [9.349] elevatorPidController: Target=   8.0, Input=   8.4, Error=  -0.4, PIDTerms=-0.083/-0.008/ 0.000/ 0.000, Output=-0.091(-1.000/1.000), Volt=12.4(9.3)
GlobalTracer.startCompetition_Warn: AUTO_MODE.updates takes too long (0.024s)

GlobalTracer.printPidInfo_Info: [9.410] elevatorPidController: Target=   8.0, Input=   8.4, Error=  -0.4, PIDTerms=-0.083/-0.008/ 0.000/ 0.000, Output=-0.092(-1.000/1.000), Volt=12.4(9.3)
GlobalTracer.startCompetition_Warn: AUTO_MODE.updates takes too long (0.032s)

GlobalTracer.printPidInfo_Info: [9.472] elevatorPidController: Target=   8.0, Input=   8.4, Error=  -0.4, PIDTerms=-0.083/-0.008/ 0.000/ 0.000, Output=-0.092(-1.000/1.000), Volt=12.4(9.3)
GlobalTracer.startCompetition_Warn: AUTO_MODE.updates takes too long (0.029s)

GlobalTracer.printPidInfo_Info: [9.538] elevatorPidController: Target=   8.0, Input=   8.4, Error=  -0.4, PIDTerms=-0.083/-0.008/ 0.000/ 0.000, Output=-0.092(-1.000/1.000), Volt=12.4(9.3)
GlobalTracer.startCompetition_Warn: AUTO_MODE.periodic takes too long (0.027s)

GlobalTracer.startCompetition_Warn: AUTO_MODE.updates takes too long (0.029s)

GlobalTracer.printPidInfo_Info: [9.612] elevatorPidController: Target=   8.0, Input=   8.4, Error=  -0.4, PIDTerms=-0.083/-0.008/ 0.000/ 0.000, Output=-0.092(-1.000/1.000), Volt=12.4(9.3)
GlobalTracer.startCompetition_Warn: AUTO_MODE.updates takes too long (0.033s)

GlobalTracer.printPidInfo_Info: [9.682] elevatorPidController: Target=   8.0, Input=   8.4, Error=  -0.4, PIDTerms=-0.083/-0.009/ 0.000/ 0.000, Output=-0.092(-1.000/1.000), Volt=12.4(9.3)
GlobalTracer.startCompetition_Warn: AUTO_MODE.updates takes too long (0.029s)

GlobalTracer.printPidInfo_Info: [9.739] elevatorPidController: Target=   8.0, Input=   8.4, Error=  -0.4, PIDTerms=-0.083/-0.009/ 0.000/ 0.000, Output=-0.092(-1.000/1.000), Volt=12.4(9.3)
GlobalTracer.startCompetition_Warn: AUTO_MODE.periodic takes too long (0.023s)

GlobalTracer.startCompetition_Warn: AUTO_MODE.updates takes too long (0.028s)

GlobalTracer.printPidInfo_Info: [9.814] elevatorPidController: Target=   8.0, Input=   8.4, Error=  -0.4, PIDTerms=-0.083/-0.009/ 0.000/ 0.000, Output=-0.092(-1.000/1.000), Volt=12.5(9.3)
GlobalTracer.startCompetition_Warn: AUTO_MODE.updates takes too long (0.039s)

GlobalTracer.printPidInfo_Info: [9.891] elevatorPidController: Target=   8.0, Input=   8.4, Error=  -0.4, PIDTerms=-0.083/-0.009/ 0.000/ 0.000, Output=-0.092(-1.000/1.000), Volt=12.4(9.3)
GlobalTracer.startCompetition_Warn: AUTO_MODE.updates takes too long (0.027s)

GlobalTracer.printPidInfo_Info: [9.957] elevatorPidController: Target=   8.0, Input=   8.4, Error=  -0.4, PIDTerms=-0.083/-0.009/ 0.000/ 0.000, Output=-0.092(-1.000/1.000), Volt=12.4(9.3)
GlobalTracer.startCompetition_Warn: AUTO_MODE.updates takes too long (0.025s)

GlobalTracer.printPidInfo_Info: [10.028] elevatorPidController: Target=   8.0, Input=   8.4, Error=  -0.4, PIDTerms=-0.083/-0.009/ 0.000/ 0.000, Output=-0.092(-1.000/1.000), Volt=12.4(9.3)
GlobalTracer.startCompetition_Warn: AUTO_MODE.updates takes too long (0.022s)

GlobalTracer.printPidInfo_Info: [10.086] elevatorPidController: Target=   8.0, Input=   8.4, Error=  -0.4, PIDTerms=-0.083/-0.009/ 0.000/ 0.000, Output=-0.092(-1.000/1.000), Volt=12.4(9.3)
GlobalTracer.startCompetition_Warn: AUTO_MODE.periodic takes too long (0.022s)

GlobalTracer.startCompetition_Warn: AUTO_MODE.updates takes too long (0.028s)

GlobalTracer.printPidInfo_Info: [10.160] elevatorPidController: Target=   8.0, Input=   8.4, Error=  -0.4, PIDTerms=-0.083/-0.009/ 0.000/ 0.000, Output=-0.092(-1.000/1.000), Volt=12.5(9.3)
GlobalTracer.startCompetition_Warn: AUTO_MODE.updates takes too long (0.028s)

GlobalTracer.printPidInfo_Info: [10.225] elevatorPidController: Target=   8.0, Input=   8.4, Error=  -0.4, PIDTerms=-0.083/-0.009/ 0.000/ 0.000, Output=-0.092(-1.000/1.000), Volt=12.4(9.3)
GlobalTracer.startCompetition_Warn: AUTO_MODE.updates takes too long (0.034s)

GlobalTracer.printPidInfo_Info: [10.295] elevatorPidController: Target=   8.0, Input=   8.4, Error=  -0.4, PIDTerms=-0.083/-0.009/ 0.000/ 0.000, Output=-0.092(-1.000/1.000), Volt=12.4(9.3)
GlobalTracer.startCompetition_Warn: AUTO_MODE.updates takes too long (0.026s)

GlobalTracer.printPidInfo_Info: [10.357] elevatorPidController: Target=   8.0, Input=   8.4, Error=  -0.4, PIDTerms=-0.083/-0.009/ 0.000/ 0.000, Output=-0.092(-1.000/1.000), Volt=12.4(9.3)
GlobalTracer.startCompetition_Warn: AUTO_MODE.updates takes too long (0.028s)

GlobalTracer.printPidInfo_Info: [10.416] elevatorPidController: Target=   8.0, Input=   8.4, Error=  -0.4, PIDTerms=-0.083/-0.009/ 0.000/ 0.000, Output=-0.092(-1.000/1.000), Volt=12.4(9.3)
GlobalTracer.startCompetition_Warn: AUTO_MODE.periodic takes too long (0.022s)

GlobalTracer.startCompetition_Warn: AUTO_MODE.updates takes too long (0.036s)

GlobalTracer.printPidInfo_Info: [10.502] elevatorPidController: Target=   8.0, Input=   8.4, Error=  -0.4, PIDTerms=-0.083/-0.009/ 0.000/ 0.000, Output=-0.092(-1.000/1.000), Volt=12.4(9.3)
GlobalTracer.startCompetition_Warn: AUTO_MODE.updates takes too long (0.020s)

GlobalTracer.printPidInfo_Info: [10.560] elevatorPidController: Target=   8.0, Input=   8.4, Error=  -0.4, PIDTerms=-0.083/-0.009/ 0.000/ 0.000, Output=-0.092(-1.000/1.000), Volt=12.4(9.3)
GlobalTracer.startCompetition_Warn: AUTO_MODE.updates takes too long (0.023s)

GlobalTracer.printPidInfo_Info: [10.615] elevatorPidController: Target=   8.0, Input=   8.4, Error=  -0.4, PIDTerms=-0.083/-0.009/ 0.000/ 0.000, Output=-0.092(-1.000/1.000), Volt=12.4(9.3)
GlobalTracer.startCompetition_Warn: AUTO_MODE.updates takes too long (0.027s)

GlobalTracer.printPidInfo_Info: [10.670] elevatorPidController: Target=   8.0, Input=   8.4, Error=  -0.4, PIDTerms=-0.083/-0.009/ 0.000/ 0.000, Output=-0.092(-1.000/1.000), Volt=12.4(9.3)
GlobalTracer.startCompetition_Warn: AUTO_MODE.updates takes too long (0.029s)

GlobalTracer.printPidInfo_Info: [10.740] elevatorPidController: Target=   8.0, Input=   8.4, Error=  -0.4, PIDTerms=-0.083/-0.009/ 0.000/ 0.000, Output=-0.092(-1.000/1.000), Volt=12.4(9.3)
GlobalTracer.startCompetition_Warn: AUTO_MODE.updates takes too long (0.038s)

GlobalTracer.printPidInfo_Info: [10.803] elevatorPidController: Target=   8.0, Input=   8.4, Error=  -0.4, PIDTerms=-0.083/-0.009/ 0.000/ 0.000, Output=-0.092(-1.000/1.000), Volt=12.4(9.3)
GlobalTracer.startCompetition_Warn: AUTO_MODE.periodic takes too long (0.026s)

GlobalTracer.startCompetition_Warn: AUTO_MODE.updates takes too long (0.038s)

GlobalTracer.printPidInfo_Info: [10.884] elevatorPidController: Target=   8.0, Input=   8.4, Error=  -0.4, PIDTerms=-0.083/-0.009/ 0.000/ 0.000, Output=-0.092(-1.000/1.000), Volt=12.4(9.3)
GlobalTracer.startCompetition_Warn: AUTO_MODE.updates takes too long (0.029s)

GlobalTracer.printPidInfo_Info: [10.943] elevatorPidController: Target=   8.0, Input=   8.4, Error=  -0.4, PIDTerms=-0.083/-0.009/ 0.000/ 0.000, Output=-0.092(-1.000/1.000), Volt=12.4(9.3)
GlobalTracer.printPidInfo_Info: [10.978] elevatorPidController: Target=   8.0, Input=   8.4, Error=  -0.4, PIDTerms=-0.083/-0.009/ 0.000/ 0.000, Output=-0.092(-1.000/1.000), Volt=12.4(9.3)
GlobalTracer.startCompetition_Warn: AUTO_MODE.updates takes too long (0.037s)

GlobalTracer.printPidInfo_Info: [11.041] elevatorPidController: Target=   8.0, Input=   8.4, Error=  -0.4, PIDTerms=-0.083/-0.009/ 0.000/ 0.000, Output=-0.092(-1.000/1.000), Volt=12.4(9.3)
GlobalTracer.startCompetition_Warn: AUTO_MODE.updates takes too long (0.029s)

GlobalTracer.printPidInfo_Info: [11.101] elevatorPidController: Target=   8.0, Input=   8.4, Error=  -0.4, PIDTerms=-0.083/-0.009/ 0.000/ 0.000, Output=-0.092(-1.000/1.000), Volt=12.5(9.3)
GlobalTracer.printPidInfo_Info: [11.155] elevatorPidController: Target=   8.0, Input=   8.4, Error=  -0.4, PIDTerms=-0.083/-0.009/ 0.000/ 0.000, Output=-0.092(-1.000/1.000), Volt=12.4(9.3)
GlobalTracer.startCompetition_Warn: AUTO_MODE.updates takes too long (0.021s)

GlobalTracer.printPidInfo_Info: [11.212] elevatorPidController: Target=   8.0, Input=   8.4, Error=  -0.4, PIDTerms=-0.083/-0.009/ 0.000/ 0.000, Output=-0.092(-1.000/1.000), Volt=12.5(9.3)
GlobalTracer.startCompetition_Warn: AUTO_MODE.updates takes too long (0.027s)

GlobalTracer.printPidInfo_Info: [11.270] elevatorPidController: Target=   8.0, Input=   8.4, Error=  -0.4, PIDTerms=-0.083/-0.009/ 0.000/ 0.000, Output=-0.092(-1.000/1.000), Volt=12.4(9.3)
GlobalTracer.startCompetition_Warn: AUTO_MODE.updates takes too long (0.028s)

GlobalTracer.printPidInfo_Info: [11.337] elevatorPidController: Target=   8.0, Input=   8.4, Error=  -0.4, PIDTerms=-0.083/-0.009/ 0.000/ 0.000, Output=-0.092(-1.000/1.000), Volt=12.4(9.3)
GlobalTracer.startCompetition_Warn: AUTO_MODE.updates takes too long (0.031s)

GlobalTracer.printPidInfo_Info: [11.398] elevatorPidController: Target=   8.0, Input=   8.4, Error=  -0.4, PIDTerms=-0.083/-0.009/ 0.000/ 0.000, Output=-0.092(-1.000/1.000), Volt=12.4(9.3)
GlobalTracer.startCompetition_Warn: AUTO_MODE.updates takes too long (0.024s)

GlobalTracer.printPidInfo_Info: [11.453] elevatorPidController: Target=   8.0, Input=   8.4, Error=  -0.4, PIDTerms=-0.083/-0.009/ 0.000/ 0.000, Output=-0.092(-1.000/1.000), Volt=12.4(9.3)
GlobalTracer.startCompetition_Warn: AUTO_MODE.periodic takes too long (0.023s)

GlobalTracer.startCompetition_Warn: AUTO_MODE.updates takes too long (0.031s)

GlobalTracer.printPidInfo_Info: [11.532] elevatorPidController: Target=   8.0, Input=   8.4, Error=  -0.4, PIDTerms=-0.083/-0.009/ 0.000/ 0.000, Output=-0.092(-1.000/1.000), Volt=12.4(9.3)
GlobalTracer.startCompetition_Warn: AUTO_MODE.updates takes too long (0.031s)

GlobalTracer.printPidInfo_Info: [11.597] elevatorPidController: Target=   8.0, Input=   8.4, Error=  -0.4, PIDTerms=-0.083/-0.009/ 0.000/ 0.000, Output=-0.092(-1.000/1.000), Volt=12.3(9.3)
GlobalTracer.startCompetition_Warn: AUTO_MODE.updates takes too long (0.028s)

GlobalTracer.printPidInfo_Info: [11.672] elevatorPidController: Target=   8.0, Input=   8.4, Error=  -0.4, PIDTerms=-0.083/-0.009/ 0.000/ 0.000, Output=-0.092(-1.000/1.000), Volt=12.4(9.3)
GlobalTracer.startCompetition_Warn: AUTO_MODE.updates takes too long (0.031s)

GlobalTracer.printPidInfo_Info: [11.735] elevatorPidController: Target=   8.0, Input=   8.4, Error=  -0.4, PIDTerms=-0.083/-0.009/ 0.000/ 0.000, Output=-0.092(-1.000/1.000), Volt=12.4(9.3)
GlobalTracer.startCompetition_Warn: AUTO_MODE.updates takes too long (0.026s)

GlobalTracer.printPidInfo_Info: [11.803] elevatorPidController: Target=   8.0, Input=   8.4, Error=  -0.4, PIDTerms=-0.083/-0.009/ 0.000/ 0.000, Output=-0.093(-1.000/1.000), Volt=12.4(9.3)
GlobalTracer.startCompetition_Warn: AUTO_MODE.periodic takes too long (0.021s)

GlobalTracer.startCompetition_Warn: AUTO_MODE.updates takes too long (0.026s)

GlobalTracer.printPidInfo_Info: [11.872] elevatorPidController: Target=   8.0, Input=   8.4, Error=  -0.4, PIDTerms=-0.083/-0.009/ 0.000/ 0.000, Output=-0.093(-1.000/1.000), Volt=12.4(9.3)
GlobalTracer.startCompetition_Warn: AUTO_MODE.updates takes too long (0.030s)

GlobalTracer.printPidInfo_Info: [11.935] elevatorPidController: Target=   8.0, Input=   8.4, Error=  -0.4, PIDTerms=-0.083/-0.009/ 0.000/ 0.000, Output=-0.093(-1.000/1.000), Volt=12.4(9.3)
GlobalTracer.startCompetition_Warn: AUTO_MODE.updates takes too long (0.028s)

GlobalTracer.printPidInfo_Info: [11.994] elevatorPidController: Target=   8.0, Input=   8.4, Error=  -0.4, PIDTerms=-0.083/-0.009/ 0.000/ 0.000, Output=-0.093(-1.000/1.000), Volt=12.5(9.3)
GlobalTracer.startCompetition_Warn: AUTO_MODE.updates takes too long (0.033s)

GlobalTracer.printPidInfo_Info: [12.066] elevatorPidController: Target=   8.0, Input=   8.4, Error=  -0.4, PIDTerms=-0.083/-0.010/ 0.000/ 0.000, Output=-0.093(-1.000/1.000), Volt=12.4(9.3)
GlobalTracer.startCompetition_Warn: AUTO_MODE.updates takes too long (0.037s)

GlobalTracer.printPidInfo_Info: [12.134] elevatorPidController: Target=   8.0, Input=   8.4, Error=  -0.4, PIDTerms=-0.083/-0.010/ 0.000/ 0.000, Output=-0.093(-1.000/1.000), Volt=12.4(9.3)
GlobalTracer.startCompetition_Warn: AUTO_MODE.updates takes too long (0.032s)

GlobalTracer.printPidInfo_Info: [12.190] elevatorPidController: Target=   8.0, Input=   8.4, Error=  -0.4, PIDTerms=-0.083/-0.010/ 0.000/ 0.000, Output=-0.093(-1.000/1.000), Volt=12.5(9.3)
GlobalTracer.printPidInfo_Info: [12.237] elevatorPidController: Target=   8.0, Input=   8.4, Error=  -0.4, PIDTerms=-0.083/-0.010/ 0.000/ 0.000, Output=-0.093(-1.000/1.000), Volt=12.4(9.3)
GlobalTracer.startCompetition_Warn: AUTO_MODE.updates takes too long (0.026s)

GlobalTracer.printPidInfo_Info: [12.304] elevatorPidController: Target=   8.0, Input=   8.4, Error=  -0.4, PIDTerms=-0.083/-0.010/ 0.000/ 0.000, Output=-0.093(-1.000/1.000), Volt=12.4(9.3)
GlobalTracer.printPidInfo_Info: [12.347] elevatorPidController: Target=   8.0, Input=   8.4, Error=  -0.4, PIDTerms=-0.083/-0.010/ 0.000/ 0.000, Output=-0.093(-1.000/1.000), Volt=12.4(9.3)
GlobalTracer.startCompetition_Warn: AUTO_MODE.updates takes too long (0.039s)

GlobalTracer.printPidInfo_Info: [12.401] elevatorPidController: Target=   8.0, Input=   8.4, Error=  -0.4, PIDTerms=-0.083/-0.010/ 0.000/ 0.000, Output=-0.093(-1.000/1.000), Volt=12.4(9.3)
GlobalTracer.startCompetition_Warn: AUTO_MODE.updates takes too long (0.029s)

GlobalTracer.printPidInfo_Info: [12.463] elevatorPidController: Target=   8.0, Input=   8.4, Error=  -0.4, PIDTerms=-0.083/-0.010/ 0.000/ 0.000, Output=-0.093(-1.000/1.000), Volt=12.4(9.3)
GlobalTracer.startCompetition_Warn: AUTO_MODE.updates takes too long (0.030s)

GlobalTracer.printPidInfo_Info: [12.519] elevatorPidController: Target=   8.0, Input=   8.4, Error=  -0.4, PIDTerms=-0.083/-0.010/ 0.000/ 0.000, Output=-0.093(-1.000/1.000), Volt=12.4(9.3)
GlobalTracer.startCompetition_Warn: AUTO_MODE.updates takes too long (0.026s)

GlobalTracer.printPidInfo_Info: [12.577] elevatorPidController: Target=   8.0, Input=   8.4, Error=  -0.4, PIDTerms=-0.083/-0.010/ 0.000/ 0.000, Output=-0.093(-1.000/1.000), Volt=12.4(9.3)
GlobalTracer.startCompetition_Warn: AUTO_MODE.updates takes too long (0.026s)

GlobalTracer.printPidInfo_Info: [12.627] elevatorPidController: Target=   8.0, Input=   8.4, Error=  -0.4, PIDTerms=-0.083/-0.010/ 0.000/ 0.000, Output=-0.093(-1.000/1.000), Volt=12.5(9.3)
GlobalTracer.startCompetition_Warn: AUTO_MODE.updates takes too long (0.028s)

GlobalTracer.printPidInfo_Info: [12.687] elevatorPidController: Target=   8.0, Input=   8.4, Error=  -0.4, PIDTerms=-0.083/-0.010/ 0.000/ 0.000, Output=-0.093(-1.000/1.000), Volt=12.4(9.3)
GlobalTracer.startCompetition_Warn: AUTO_MODE.updates takes too long (0.024s)

GlobalTracer.printPidInfo_Info: [12.740] elevatorPidController: Target=   8.0, Input=   8.4, Error=  -0.4, PIDTerms=-0.083/-0.010/ 0.000/ 0.000, Output=-0.093(-1.000/1.000), Volt=12.4(9.3)
GlobalTracer.startCompetition_Warn: AUTO_MODE.updates takes too long (0.037s)

GlobalTracer.printPidInfo_Info: [12.807] elevatorPidController: Target=   8.0, Input=   8.4, Error=  -0.4, PIDTerms=-0.083/-0.010/ 0.000/ 0.000, Output=-0.093(-1.000/1.000), Volt=12.4(9.3)
GlobalTracer.startCompetition_Warn: AUTO_MODE.updates takes too long (0.031s)

GlobalTracer.printPidInfo_Info: [12.872] elevatorPidController: Target=   8.0, Input=   8.4, Error=  -0.4, PIDTerms=-0.083/-0.010/ 0.000/ 0.000, Output=-0.093(-1.000/1.000), Volt=12.4(9.3)
GlobalTracer.startCompetition_Warn: AUTO_MODE.updates takes too long (0.024s)

GlobalTracer.printPidInfo_Info: [12.931] elevatorPidController: Target=   8.0, Input=   8.4, Error=  -0.4, PIDTerms=-0.083/-0.010/ 0.000/ 0.000, Output=-0.093(-1.000/1.000), Volt=12.5(9.3)
GlobalTracer.printPidInfo_Info: [12.971] elevatorPidController: Target=   8.0, Input=   8.4, Error=  -0.4, PIDTerms=-0.083/-0.010/ 0.000/ 0.000, Output=-0.093(-1.000/1.000), Volt=12.4(9.3)
GlobalTracer.startCompetition_Warn: AUTO_MODE.updates takes too long (0.030s)

GlobalTracer.printPidInfo_Info: [13.019] elevatorPidController: Target=   8.0, Input=   8.4, Error=  -0.4, PIDTerms=-0.083/-0.010/ 0.000/ 0.000, Output=-0.093(-1.000/1.000), Volt=12.4(9.3)
GlobalTracer.startCompetition_Warn: AUTO_MODE.updates takes too long (0.029s)

GlobalTracer.printPidInfo_Info: [13.090] elevatorPidController: Target=   8.0, Input=   8.4, Error=  -0.4, PIDTerms=-0.083/-0.010/ 0.000/ 0.000, Output=-0.093(-1.000/1.000), Volt=12.4(9.3)
GlobalTracer.startCompetition_Warn: AUTO_MODE.updates takes too long (0.034s)

GlobalTracer.printPidInfo_Info: [13.155] elevatorPidController: Target=   8.0, Input=   8.4, Error=  -0.4, PIDTerms=-0.083/-0.010/ 0.000/ 0.000, Output=-0.093(-1.000/1.000), Volt=12.4(9.3)
GlobalTracer.startCompetition_Warn: AUTO_MODE.updates takes too long (0.028s)

GlobalTracer.printPidInfo_Info: [13.216] elevatorPidController: Target=   8.0, Input=   8.4, Error=  -0.4, PIDTerms=-0.083/-0.010/ 0.000/ 0.000, Output=-0.093(-1.000/1.000), Volt=12.4(9.3)
GlobalTracer.startCompetition_Warn: AUTO_MODE.periodic takes too long (0.026s)

GlobalTracer.startCompetition_Warn: AUTO_MODE.updates takes too long (0.031s)

GlobalTracer.printPidInfo_Info: [13.290] elevatorPidController: Target=   8.0, Input=   8.4, Error=  -0.4, PIDTerms=-0.083/-0.010/ 0.000/ 0.000, Output=-0.093(-1.000/1.000), Volt=12.4(9.3)
GlobalTracer.startCompetition_Warn: AUTO_MODE.updates takes too long (0.028s)

GlobalTracer.printPidInfo_Info: [13.343] elevatorPidController: Target=   8.0, Input=   8.4, Error=  -0.4, PIDTerms=-0.083/-0.010/ 0.000/ 0.000, Output=-0.093(-1.000/1.000), Volt=12.4(9.3)
GlobalTracer.printPidInfo_Info: [13.379] elevatorPidController: Target=   8.0, Input=   8.4, Error=  -0.4, PIDTerms=-0.083/-0.010/ 0.000/ 0.000, Output=-0.093(-1.000/1.000), Volt=12.4(9.3)
GlobalTracer.startCompetition_Warn: AUTO_MODE.updates takes too long (0.023s)

GlobalTracer.printPidInfo_Info: [13.422] elevatorPidController: Target=   8.0, Input=   8.4, Error=  -0.4, PIDTerms=-0.083/-0.010/ 0.000/ 0.000, Output=-0.093(-1.000/1.000), Volt=12.4(9.3)
GlobalTracer.startCompetition_Warn: AUTO_MODE.updates takes too long (0.030s)

GlobalTracer.printPidInfo_Info: [13.479] elevatorPidController: Target=   8.0, Input=   8.4, Error=  -0.4, PIDTerms=-0.083/-0.010/ 0.000/ 0.000, Output=-0.093(-1.000/1.000), Volt=12.4(9.3)
GlobalTracer.startCompetition_Warn: AUTO_MODE.updates takes too long (0.030s)

GlobalTracer.printPidInfo_Info: [13.535] elevatorPidController: Target=   8.0, Input=   8.4, Error=  -0.4, PIDTerms=-0.083/-0.010/ 0.000/ 0.000, Output=-0.093(-1.000/1.000), Volt=12.4(9.3)
GlobalTracer.startCompetition_Warn: AUTO_MODE.updates takes too long (0.024s)

GlobalTracer.printPidInfo_Info: [13.588] elevatorPidController: Target=   8.0, Input=   8.4, Error=  -0.4, PIDTerms=-0.083/-0.010/ 0.000/ 0.000, Output=-0.093(-1.000/1.000), Volt=12.4(9.3)
GlobalTracer.startCompetition_Warn: AUTO_MODE.updates takes too long (0.033s)

GlobalTracer.printPidInfo_Info: [13.652] elevatorPidController: Target=   8.0, Input=   8.4, Error=  -0.4, PIDTerms=-0.083/-0.010/ 0.000/ 0.000, Output=-0.093(-1.000/1.000), Volt=12.4(9.3)
GlobalTracer.startCompetition_Warn: AUTO_MODE.updates takes too long (0.032s)

GlobalTracer.printPidInfo_Info: [13.726] elevatorPidController: Target=   8.0, Input=   8.4, Error=  -0.4, PIDTerms=-0.083/-0.010/ 0.000/ 0.000, Output=-0.093(-1.000/1.000), Volt=12.4(9.3)
GlobalTracer.startCompetition_Warn: AUTO_MODE.updates takes too long (0.028s)

GlobalTracer.printPidInfo_Info: [13.789] elevatorPidController: Target=   8.0, Input=   8.4, Error=  -0.4, PIDTerms=-0.083/-0.010/ 0.000/ 0.000, Output=-0.093(-1.000/1.000), Volt=12.4(9.3)
GlobalTracer.startCompetition_Warn: AUTO_MODE.updates takes too long (0.038s)

GlobalTracer.printPidInfo_Info: [13.848] elevatorPidController: Target=   8.0, Input=   8.4, Error=  -0.4, PIDTerms=-0.083/-0.010/ 0.000/ 0.000, Output=-0.093(-1.000/1.000), Volt=12.4(9.3)
GlobalTracer.printPidInfo_Info: [13.897] elevatorPidController: Target=   8.0, Input=   8.4, Error=  -0.4, PIDTerms=-0.083/-0.010/ 0.000/ 0.000, Output=-0.093(-1.000/1.000), Volt=12.5(9.3)
GlobalTracer.printPidInfo_Info: [13.939] elevatorPidController: Target=   8.0, Input=   8.4, Error=  -0.4, PIDTerms=-0.083/-0.010/ 0.000/ 0.000, Output=-0.093(-1.000/1.000), Volt=12.5(9.3)
GlobalTracer.printPidInfo_Info: [13.992] elevatorPidController: Target=   8.0, Input=   8.4, Error=  -0.4, PIDTerms=-0.083/-0.010/ 0.000/ 0.000, Output=-0.093(-1.000/1.000), Volt=12.4(9.3)
GlobalTracer.startCompetition_Warn: AUTO_MODE.updates takes too long (0.030s)

GlobalTracer.printPidInfo_Info: [14.059] elevatorPidController: Target=   8.0, Input=   8.4, Error=  -0.4, PIDTerms=-0.083/-0.010/ 0.000/ 0.000, Output=-0.093(-1.000/1.000), Volt=12.5(9.3)
GlobalTracer.startCompetition_Warn: AUTO_MODE.updates takes too long (0.027s)

GlobalTracer.printPidInfo_Info: [14.123] elevatorPidController: Target=   8.0, Input=   8.4, Error=  -0.4, PIDTerms=-0.083/-0.010/ 0.000/ 0.000, Output=-0.093(-1.000/1.000), Volt=12.4(9.3)
GlobalTracer.startCompetition_Warn: AUTO_MODE.updates takes too long (0.027s)

GlobalTracer.printPidInfo_Info: [14.172] elevatorPidController: Target=   8.0, Input=   8.4, Error=  -0.4, PIDTerms=-0.083/-0.010/ 0.000/ 0.000, Output=-0.093(-1.000/1.000), Volt=12.5(9.3)
GlobalTracer.startCompetition_Warn: AUTO_MODE.updates takes too long (0.032s)

GlobalTracer.printPidInfo_Info: [14.246] elevatorPidController: Target=   8.0, Input=   8.4, Error=  -0.4, PIDTerms=-0.083/-0.010/ 0.000/ 0.000, Output=-0.094(-1.000/1.000), Volt=12.4(9.3)
GlobalTracer.startCompetition_Warn: AUTO_MODE.periodic takes too long (0.021s)

GlobalTracer.startCompetition_Warn: AUTO_MODE.updates takes too long (0.032s)

GlobalTracer.printPidInfo_Info: [14.314] elevatorPidController: Target=   8.0, Input=   8.4, Error=  -0.4, PIDTerms=-0.083/-0.010/ 0.000/ 0.000, Output=-0.094(-1.000/1.000), Volt=12.4(9.3)
GlobalTracer.startCompetition_Warn: AUTO_MODE.updates takes too long (0.033s)

GlobalTracer.printPidInfo_Info: [14.384] elevatorPidController: Target=   8.0, Input=   8.4, Error=  -0.4, PIDTerms=-0.083/-0.010/ 0.000/ 0.000, Output=-0.094(-1.000/1.000), Volt=12.4(9.3)
GlobalTracer.startCompetition_Warn: AUTO_MODE.periodic takes too long (0.020s)

GlobalTracer.startCompetition_Warn: AUTO_MODE.updates takes too long (0.034s)

GlobalTracer.printPidInfo_Info: [14.462] elevatorPidController: Target=   8.0, Input=   8.4, Error=  -0.4, PIDTerms=-0.083/-0.010/ 0.000/ 0.000, Output=-0.094(-1.000/1.000), Volt=12.4(9.3)
GlobalTracer.startCompetition_Warn: AUTO_MODE.updates takes too long (0.030s)

GlobalTracer.printPidInfo_Info: [14.535] elevatorPidController: Target=   8.0, Input=   8.4, Error=  -0.4, PIDTerms=-0.083/-0.011/ 0.000/ 0.000, Output=-0.094(-1.000/1.000), Volt=12.5(9.3)
GlobalTracer.startCompetition_Warn: AUTO_MODE.updates takes too long (0.034s)

GlobalTracer.printPidInfo_Info: [14.602] elevatorPidController: Target=   8.0, Input=   8.4, Error=  -0.4, PIDTerms=-0.083/-0.011/ 0.000/ 0.000, Output=-0.094(-1.000/1.000), Volt=12.3(9.3)
GlobalTracer.startCompetition_Warn: AUTO_MODE.updates takes too long (0.033s)

GlobalTracer.printPidInfo_Info: [14.671] elevatorPidController: Target=   8.0, Input=   8.4, Error=  -0.4, PIDTerms=-0.083/-0.011/ 0.000/ 0.000, Output=-0.094(-1.000/1.000), Volt=12.4(9.3)
GlobalTracer.startCompetition_Warn: AUTO_MODE.updates takes too long (0.036s)

GlobalTracer.printPidInfo_Info: [14.732] elevatorPidController: Target=   8.0, Input=   8.4, Error=  -0.4, PIDTerms=-0.083/-0.011/ 0.000/ 0.000, Output=-0.094(-1.000/1.000), Volt=12.4(9.3)
GlobalTracer.startCompetition_Warn: AUTO_MODE.updates takes too long (0.028s)

GlobalTracer.printPidInfo_Info: [14.800] elevatorPidController: Target=   8.0, Input=   8.4, Error=  -0.4, PIDTerms=-0.083/-0.011/ 0.000/ 0.000, Output=-0.094(-1.000/1.000), Volt=12.4(9.3)
GlobalTracer.startCompetition_Warn: AUTO_MODE.updates takes too long (0.028s)

GlobalTracer.printPidInfo_Info: [14.867] elevatorPidController: Target=   8.0, Input=   8.4, Error=  -0.4, PIDTerms=-0.083/-0.011/ 0.000/ 0.000, Output=-0.094(-1.000/1.000), Volt=12.5(9.3)
GlobalTracer.startCompetition_Warn: AUTO_MODE.updates takes too long (0.034s)

GlobalTracer.printPidInfo_Info: [14.929] elevatorPidController: Target=   8.0, Input=   8.4, Error=  -0.4, PIDTerms=-0.083/-0.011/ 0.000/ 0.000, Output=-0.094(-1.000/1.000), Volt=12.5(9.3)
GlobalTracer.startCompetition_Warn: AUTO_MODE.updates takes too long (0.052s)

GlobalTracer.printPidInfo_Info: [15.007] elevatorPidController: Target=   8.0, Input=   8.4, Error=  -0.4, PIDTerms=-0.083/-0.011/ 0.000/ 0.000, Output=-0.094(-1.000/1.000), Volt=12.4(9.3)
GlobalTracer.startCompetition_Warn: AUTO_MODE.periodic takes too long (0.021s)

GlobalTracer.startCompetition_Warn: AUTO_MODE.updates takes too long (0.025s)

GlobalTracer.printPidInfo_Info: [15.075] elevatorPidController: Target=   8.0, Input=   8.4, Error=  -0.4, PIDTerms=-0.083/-0.011/ 0.000/ 0.000, Output=-0.094(-1.000/1.000), Volt=12.5(9.3)
GlobalTracer.startCompetition_Warn: AUTO_MODE.updates takes too long (0.029s)

GlobalTracer.printPidInfo_Info: [15.136] elevatorPidController: Target=   8.0, Input=   8.4, Error=  -0.4, PIDTerms=-0.083/-0.011/ 0.000/ 0.000, Output=-0.094(-1.000/1.000), Volt=12.4(9.3)
GlobalTracer.startCompetition_Warn: AUTO_MODE.updates takes too long (0.032s)

GlobalTracer.printPidInfo_Info: [15.201] elevatorPidController: Target=   8.0, Input=   8.4, Error=  -0.4, PIDTerms=-0.083/-0.011/ 0.000/ 0.000, Output=-0.094(-1.000/1.000), Volt=12.5(9.3)
GlobalTracer.startCompetition_Warn: AUTO_MODE.updates takes too long (0.023s)

GlobalTracer.printPidInfo_Info: [15.263] elevatorPidController: Target=   8.0, Input=   8.4, Error=  -0.4, PIDTerms=-0.083/-0.011/ 0.000/ 0.000, Output=-0.094(-1.000/1.000), Volt=12.5(9.3)
GlobalTracer.startCompetition_Warn: AUTO_MODE.periodic takes too long (0.024s)

GlobalTracer.startCompetition_Warn: AUTO_MODE.updates takes too long (0.031s)

GlobalTracer.Vision_Info: Pixy is disabled!
GlobalTracer.TaskPerformance_Info: leftDriveStick.prePeriodic: PrePeriodic=0.000010, PostPeriodic=NaN, PreContinuous=NaN, PostContinous=NaN
GlobalTracer.TaskPerformance_Info: rightDriveStick.prePeriodic: PrePeriodic=0.000005, PostPeriodic=NaN, PreContinuous=NaN, PostContinous=NaN
GlobalTracer.TaskPerformance_Info: operatorStick.prePeriodic: PrePeriodic=0.000008, PostPeriodic=NaN, PreContinuous=NaN, PostContinous=NaN
GlobalTracer.TaskPerformance_Info: TrcRobotBattery.preContinuous: PrePeriodic=NaN, PostPeriodic=NaN, PreContinuous=0.002484, PostContinous=NaN
GlobalTracer.TaskPerformance_Info: LeftSonar.preContinuous: PrePeriodic=NaN, PostPeriodic=NaN, PreContinuous=NaN, PostContinous=NaN
GlobalTracer.TaskPerformance_Info: LeftSonar.preContinuous: PrePeriodic=NaN, PostPeriodic=NaN, PreContinuous=NaN, PostContinous=NaN
GlobalTracer.TaskPerformance_Info: RightSonar.preContinuous: PrePeriodic=NaN, PostPeriodic=NaN, PreContinuous=NaN, PostContinous=NaN
GlobalTracer.TaskPerformance_Info: RightSonar.preContinuous: PrePeriodic=NaN, PostPeriodic=NaN, PreContinuous=NaN, PostContinous=NaN
GlobalTracer.TaskPerformance_Info: LeftFrontWheel.stop: PrePeriodic=NaN, PostPeriodic=NaN, PreContinuous=NaN, PostContinous=NaN
GlobalTracer.TaskPerformance_Info: LeftFrontWheel.preContinuousTask: PrePeriodic=NaN, PostPeriodic=NaN, PreContinuous=NaN, PostContinous=NaN
GlobalTracer.TaskPerformance_Info: LeftRearWheel.stop: PrePeriodic=NaN, PostPeriodic=NaN, PreContinuous=NaN, PostContinous=NaN
GlobalTracer.TaskPerformance_Info: LeftRearWheel.preContinuousTask: PrePeriodic=NaN, PostPeriodic=NaN, PreContinuous=NaN, PostContinous=NaN
GlobalTracer.TaskPerformance_Info: RightFrontWheel.stop: PrePeriodic=NaN, PostPeriodic=NaN, PreContinuous=NaN, PostContinous=NaN
GlobalTracer.TaskPerformance_Info: RightFrontWheel.preContinuousTask: PrePeriodic=NaN, PostPeriodic=NaN, PreContinuous=NaN, PostContinous=NaN
GlobalTracer.TaskPerformance_Info: RightRearWheel.stop: PrePeriodic=NaN, PostPeriodic=NaN, PreContinuous=NaN, PostContinous=NaN
GlobalTracer.TaskPerformance_Info: RightRearWheel.preContinuousTask: PrePeriodic=NaN, PostPeriodic=NaN, PreContinuous=NaN, PostContinous=NaN
GlobalTracer.TaskPerformance_Info: TrcDriveBase.stop: PrePeriodic=NaN, PostPeriodic=NaN, PreContinuous=NaN, PostContinous=NaN
GlobalTracer.TaskPerformance_Info: TrcDriveBase.preContinuous: PrePeriodic=NaN, PostPeriodic=NaN, PreContinuous=0.006777, PostContinous=NaN
GlobalTracer.TaskPerformance_Info:    pidDrive.stop: PrePeriodic=NaN, PostPeriodic=NaN, PreContinuous=NaN, PostContinous=NaN
GlobalTracer.TaskPerformance_Info: pidDrive.postContinuous: PrePeriodic=NaN, PostPeriodic=NaN, PreContinuous=NaN, PostContinous=0.017829
GlobalTracer.TaskPerformance_Info: elevatorMotor.stop: PrePeriodic=NaN, PostPeriodic=NaN, PreContinuous=NaN, PostContinous=NaN
GlobalTracer.TaskPerformance_Info: elevatorMotor.preContinuousTask: PrePeriodic=NaN, PostPeriodic=NaN, PreContinuous=NaN, PostContinous=NaN
GlobalTracer.TaskPerformance_Info:    elevator.stop: PrePeriodic=NaN, PostPeriodic=NaN, PreContinuous=NaN, PostContinous=NaN
GlobalTracer.TaskPerformance_Info: elevator.postContinuous: PrePeriodic=NaN, PostPeriodic=NaN, PreContinuous=NaN, PostContinous=0.001405
GlobalTracer.TaskPerformance_Info: elevatorMotor.preContinuous: PrePeriodic=NaN, PostPeriodic=NaN, PreContinuous=0.000500, PostContinous=NaN
GlobalTracer.TaskPerformance_Info: LeftPickupMotor.stop: PrePeriodic=NaN, PostPeriodic=NaN, PreContinuous=NaN, PostContinous=NaN
GlobalTracer.TaskPerformance_Info: LeftPickupMotor.preContinuousTask: PrePeriodic=NaN, PostPeriodic=NaN, PreContinuous=NaN, PostContinous=NaN
GlobalTracer.TaskPerformance_Info: RightPickupMotor.stop: PrePeriodic=NaN, PostPeriodic=NaN, PreContinuous=NaN, PostContinous=NaN
GlobalTracer.TaskPerformance_Info: RightPickupMotor.preContinuousTask: PrePeriodic=NaN, PostPeriodic=NaN, PreContinuous=NaN, PostContinous=NaN
GlobalTracer.TaskPerformance_Info: CubePickupClaw.stop: PrePeriodic=NaN, PostPeriodic=NaN, PreContinuous=NaN, PostContinous=NaN
GlobalTracer.TaskPerformance_Info: CubePickupClaw.postContinuous: PrePeriodic=NaN, PostPeriodic=NaN, PreContinuous=NaN, PostContinous=NaN
GlobalTracer.TaskPerformance_Info: CubePickupClaw.preContinuous: PrePeriodic=NaN, PostPeriodic=NaN, PreContinuous=NaN, PostContinous=NaN
GlobalTracer.TaskPerformance_Info: CubePickupDeploy.stop: PrePeriodic=NaN, PostPeriodic=NaN, PreContinuous=NaN, PostContinous=NaN
GlobalTracer.TaskPerformance_Info: CubePickupDeploy.postContinuous: PrePeriodic=NaN, PostPeriodic=NaN, PreContinuous=NaN, PostContinous=NaN
GlobalTracer.TaskPerformance_Info: CubePickupDeploy.preContinuous: PrePeriodic=NaN, PostPeriodic=NaN, PreContinuous=NaN, PostContinous=NaN
GlobalTracer.TaskPerformance_Info: CubeProximityTrigger.preContinuous: PrePeriodic=NaN, PostPeriodic=NaN, PreContinuous=NaN, PostContinous=NaN
GlobalTracer.TaskPerformance_Info: PickupCurrentTrigger.preContinuous: PrePeriodic=NaN, PostPeriodic=NaN, PreContinuous=NaN, PostContinous=NaN
GlobalTracer.TaskPerformance_Info:       pickupTask: PrePeriodic=NaN, PostPeriodic=NaN, PreContinuous=NaN, PostContinous=NaN
GlobalTracer.TaskPerformance_Info: pickupTimer.preContinuous: PrePeriodic=NaN, PostPeriodic=NaN, PreContinuous=NaN, PostContinous=NaN
GlobalTracer.TaskPerformance_Info: WinchMaster.stop: PrePeriodic=NaN, PostPeriodic=NaN, PreContinuous=NaN, PostContinous=NaN
GlobalTracer.TaskPerformance_Info: WinchMaster.preContinuousTask: PrePeriodic=NaN, PostPeriodic=NaN, PreContinuous=NaN, PostContinous=NaN
GlobalTracer.TaskPerformance_Info:  WinchSlave.stop: PrePeriodic=NaN, PostPeriodic=NaN, PreContinuous=NaN, PostContinous=NaN
GlobalTracer.TaskPerformance_Info: WinchSlave.preContinuousTask: PrePeriodic=NaN, PostPeriodic=NaN, PreContinuous=NaN, PostContinous=NaN
GlobalTracer.TaskPerformance_Info: leftFlipper.stop: PrePeriodic=NaN, PostPeriodic=NaN, PreContinuous=NaN, PostContinous=NaN
GlobalTracer.TaskPerformance_Info: leftFlipper.postContinuous: PrePeriodic=NaN, PostPeriodic=NaN, PreContinuous=NaN, PostContinous=NaN
GlobalTracer.TaskPerformance_Info: leftFlipper.preContinuous: PrePeriodic=NaN, PostPeriodic=NaN, PreContinuous=NaN, PostContinous=NaN
GlobalTracer.TaskPerformance_Info: rightFlipper.stop: PrePeriodic=NaN, PostPeriodic=NaN, PreContinuous=NaN, PostContinous=NaN
GlobalTracer.TaskPerformance_Info: rightFlipper.postContinuous: PrePeriodic=NaN, PostPeriodic=NaN, PreContinuous=NaN, PostContinous=NaN
GlobalTracer.TaskPerformance_Info: rightFlipper.preContinuous: PrePeriodic=NaN, PostPeriodic=NaN, PreContinuous=NaN, PostContinous=NaN
GlobalTracer.TaskPerformance_Info: VisionTrigger.preContinuous: PrePeriodic=NaN, PostPeriodic=NaN, PreContinuous=NaN, PostContinous=NaN
GlobalTracer.TaskPerformance_Info: ExchangeTrigger.preContinuous: PrePeriodic=NaN, PostPeriodic=NaN, PreContinuous=NaN, PostContinous=NaN
GlobalTracer.TaskPerformance_Info: FrcTest.preContinuous: PrePeriodic=NaN, PostPeriodic=NaN, PreContinuous=NaN, PostContinous=NaN
GlobalTracer.TaskPerformance_Info: CmdAutoSwitch.preContinuous: PrePeriodic=NaN, PostPeriodic=NaN, PreContinuous=0.000055, PostContinous=NaN
GlobalTracer.TaskPerformance_Info: LeftSonarTrigger.preContinuous: PrePeriodic=NaN, PostPeriodic=NaN, PreContinuous=NaN, PostContinous=NaN
GlobalTracer.TaskPerformance_Info: RightSonarTrigger.preContinuous: PrePeriodic=NaN, PostPeriodic=NaN, PreContinuous=NaN, PostContinous=NaN
GlobalTracer.Robot_Info: TotalEnergy=0.530Wh
