GlobalTracer.FirstPowerUp_Info: Sat Mar 31 13:41:32 PDT 2018[0.470]: ***** Starting autonomous *****
GlobalTracer.FirstPowerUp_Info: WAAMV_Elimination_  6 (Red1) [FMSConnected=true]
GlobalTracer.CmdAutoSideSwitch_Info: [0.547] delay=0.0, getSecondCube=false
GlobalTracer.CmdAutoSideSwitch_Info: alliance=Red, gameSpecificMsg=LRL, delay=0.000, getSecondCube=false
GlobalTracer.Vision_Info: Pixy is enabled!
GlobalTracer.FrcAuto.startMode_Info: [0.592] startMode done!
GlobalTracer.startCompetition_Warn: AUTO_MODE.startMode takes too long (0.589s)
GlobalTracer.Robot_Info: [0.602]   DO_DELAY: xPos=  0.00,yPos=  0.00,heading=  -0.4/   0.0,volts=12.9(12.9)
GlobalTracer.startCompetition_Warn: AUTO_MODE.runPeriodic takes too long (0.180s)
GlobalTracer.startCompetition_Warn: AUTO_MODE.updates takes too long (0.026s)
GlobalTracer.startCompetition_Warn: AUTO_MODE takes too long (0.837s)
GlobalTracer.Robot_Info: [0.828] DRIVE_TO_SWITCH: xPos=  0.00,yPos=  0.00,heading=   0.0/   0.0,volts=12.9(12.9)
GlobalTracer.printPidInfo_Info: [0.828] elevatorPidController: Target=  34.8, Input=   0.0, Error=  26.8, PIDTerms= 0.000/ 0.000/ 0.000/ 0.000, Output= 0.000(-1.000/1.000), Volt=12.9(12.9)
GlobalTracer.printPidInfo_Info: encoderXPidCtrl: Target=   0.0, Input=   0.0, Error=   0.0, PIDTerms= 0.000/ 0.000/ 0.000/ 0.000, Output= 0.000(-0.700/0.700), Volt=12.9(12.9)
GlobalTracer.printPidInfo_Info: encoderYPidCtrl: Target= 115.0, Input=   0.0, Error= 115.0, PIDTerms= 2.300/ 0.000/ 0.000/ 0.000, Output= 0.600(-0.600/0.600), Volt=12.9(12.9)
GlobalTracer.printPidInfo_Info: gyroTurnPidCtrl: Target=   0.0, Input=   0.0, Error=   0.0, PIDTerms= 0.000/ 0.000/ 0.000/ 0.000, Output= 0.000(-0.700/0.700), Volt=12.9(12.9)
GlobalTracer.startCompetition_Warn: AUTO_MODE.postContinuousTasks takes too long (0.040s)
GlobalTracer.startCompetition_Warn: AUTO_MODE.updates takes too long (0.046s)
GlobalTracer.startCompetition_Warn: AUTO_MODE takes too long (0.131s)
GlobalTracer.SonarTrigger_Info: [0.993] prevZone=-1, currZone=1, distance=97.96
GlobalTracer.startCompetition_Warn: AUTO_MODE.preContinuousTasks takes too long (0.033s)
GlobalTracer.printPidInfo_Info: [0.995] elevatorPidController: Target=  34.8, Input=   8.0, Error=  26.8, PIDTerms= 5.350/ 0.002/ 0.000/ 0.000, Output= 1.000(-1.000/1.000), Volt=10.5(10.3)
GlobalTracer.startCompetition_Warn: AUTO_MODE.runPeriodic takes too long (0.035s)
GlobalTracer.printPidInfo_Info: encoderXPidCtrl: Target=   0.0, Input=   0.1, Error=  -0.1, PIDTerms=-0.023/ 0.000/-0.008/ 0.000, Output=-0.031(-0.700/0.700), Volt=10.5(10.3)
GlobalTracer.printPidInfo_Info: encoderYPidCtrl: Target= 115.0, Input=   0.7, Error= 114.3, PIDTerms= 2.286/ 0.000/-0.006/ 0.000, Output= 0.600(-0.600/0.600), Volt=10.5(10.3)
GlobalTracer.printPidInfo_Info: gyroTurnPidCtrl: Target=   0.0, Input=   0.1, Error=  -0.1, PIDTerms=-0.003/ 0.000/-0.001/ 0.000, Output=-0.004(-0.700/0.700), Volt=10.5(10.3)
GlobalTracer.startCompetition_Warn: AUTO_MODE.postContinuousTasks takes too long (0.023s)
GlobalTracer.startCompetition_Warn: AUTO_MODE.updates takes too long (0.060s)
GlobalTracer.startCompetition_Warn: AUTO_MODE takes too long (0.170s)
GlobalTracer.startCompetition_Warn: AUTO_MODE.preContinuousTasks takes too long (0.023s)
GlobalTracer.printPidInfo_Info: [1.133] elevatorPidController: Target=  34.8, Input=  11.3, Error=  23.4, PIDTerms= 4.689/ 0.005/-0.000/ 0.000, Output= 1.000(-1.000/1.000), Volt=10.8(10.3)
GlobalTracer.startCompetition_Warn: AUTO_MODE.runPeriodic takes too long (0.034s)
GlobalTracer.printPidInfo_Info: encoderXPidCtrl: Target=   0.0, Input=   0.0, Error=  -0.0, PIDTerms=-0.002/ 0.000/ 0.008/ 0.000, Output= 0.006(-0.700/0.700), Volt=10.9(10.3)
GlobalTracer.printPidInfo_Info: encoderYPidCtrl: Target= 115.0, Input=   5.4, Error= 109.6, PIDTerms= 2.191/ 0.000/-0.045/ 0.000, Output= 0.600(-0.600/0.600), Volt=10.9(10.3)
GlobalTracer.printPidInfo_Info: gyroTurnPidCtrl: Target=   0.0, Input=   0.8, Error=  -0.8, PIDTerms=-0.016/ 0.000/-0.007/ 0.000, Output=-0.023(-0.700/0.700), Volt=10.9(10.3)
GlobalTracer.startCompetition_Warn: AUTO_MODE.postContinuousTasks takes too long (0.024s)
GlobalTracer.startCompetition_Warn: AUTO_MODE.updates takes too long (0.081s)
GlobalTracer.startCompetition_Warn: AUTO_MODE takes too long (0.178s)
GlobalTracer.startCompetition_Warn: AUTO_MODE.preContinuousTasks takes too long (0.031s)
GlobalTracer.printPidInfo_Info: [1.313] elevatorPidController: Target=  34.8, Input=  17.6, Error=  17.1, PIDTerms= 3.423/ 0.008/-0.000/ 0.000, Output= 1.000(-1.000/1.000), Volt=11.1(10.3)
GlobalTracer.startCompetition_Warn: AUTO_MODE.runPeriodic takes too long (0.039s)
GlobalTracer.printPidInfo_Info: encoderXPidCtrl: Target=   0.0, Input=   0.0, Error=  -0.0, PIDTerms=-0.003/ 0.000/-0.000/ 0.000, Output=-0.003(-0.700/0.700), Volt=11.0(10.3)
GlobalTracer.printPidInfo_Info: encoderYPidCtrl: Target= 115.0, Input=  13.3, Error= 101.7, PIDTerms= 2.034/ 0.000/-0.062/ 0.000, Output= 0.600(-0.600/0.600), Volt=11.0(10.3)
GlobalTracer.printPidInfo_Info: gyroTurnPidCtrl: Target=   0.0, Input=   1.3, Error=  -1.3, PIDTerms=-0.026/ 0.000/-0.005/ 0.000, Output=-0.031(-0.700/0.700), Volt=11.1(10.3)
GlobalTracer.startCompetition_Warn: AUTO_MODE.postContinuousTasks takes too long (0.039s)
GlobalTracer.startCompetition_Warn: AUTO_MODE.updates takes too long (0.100s)
GlobalTracer.startCompetition_Warn: AUTO_MODE takes too long (0.223s)
GlobalTracer.startCompetition_Warn: AUTO_MODE.preContinuousTasks takes too long (0.050s)
GlobalTracer.printPidInfo_Info: [1.537] elevatorPidController: Target=  34.8, Input=  25.8, Error=   8.9, PIDTerms= 1.785/ 0.010/-0.000/ 0.000, Output= 1.000(-1.000/1.000), Volt=11.2(10.3)
GlobalTracer.startCompetition_Warn: AUTO_MODE.runPeriodic takes too long (0.031s)
GlobalTracer.printPidInfo_Info: encoderXPidCtrl: Target=   0.0, Input=   0.2, Error=  -0.2, PIDTerms=-0.044/ 0.000/-0.011/ 0.000, Output=-0.054(-0.700/0.700), Volt=11.0(10.3)
GlobalTracer.printPidInfo_Info: encoderYPidCtrl: Target= 115.0, Input=  26.8, Error=  88.2, PIDTerms= 1.764/ 0.000/-0.087/ 0.000, Output= 0.600(-0.600/0.600), Volt=11.0(10.3)
GlobalTracer.printPidInfo_Info: gyroTurnPidCtrl: Target=   0.0, Input=   1.3, Error=  -1.3, PIDTerms=-0.027/ 0.000/-0.000/ 0.000, Output=-0.027(-0.700/0.700), Volt=11.0(10.3)
GlobalTracer.startCompetition_Warn: AUTO_MODE.postContinuousTasks takes too long (0.024s)
GlobalTracer.startCompetition_Warn: AUTO_MODE.updates takes too long (0.081s)
GlobalTracer.startCompetition_Warn: AUTO_MODE takes too long (0.199s)
GlobalTracer.printPidInfo_Info: [1.739] elevatorPidController: Target=  34.8, Input=  35.1, Error=  -0.3, PIDTerms=-0.061/ 0.010/-0.000/ 0.000, Output=-0.051(-1.000/1.000), Volt=11.7(10.3)
GlobalTracer.startCompetition_Warn: AUTO_MODE.runPeriodic takes too long (0.043s)
GlobalTracer.printPidInfo_Info: encoderXPidCtrl: Target=   0.0, Input=   0.0, Error=  -0.0, PIDTerms=-0.007/ 0.000/ 0.012/ 0.000, Output= 0.004(-0.700/0.700), Volt=11.7(10.3)
GlobalTracer.printPidInfo_Info: encoderYPidCtrl: Target= 115.0, Input=  39.7, Error=  75.3, PIDTerms= 1.505/ 0.000/-0.103/ 0.000, Output= 0.600(-0.600/0.600), Volt=11.7(10.3)
GlobalTracer.printPidInfo_Info: gyroTurnPidCtrl: Target=   0.0, Input=   1.0, Error=  -1.0, PIDTerms=-0.021/ 0.000/ 0.003/ 0.000, Output=-0.018(-0.700/0.700), Volt=11.7(10.3)
GlobalTracer.startCompetition_Warn: AUTO_MODE.postContinuousTasks takes too long (0.054s)
GlobalTracer.startCompetition_Warn: AUTO_MODE.updates takes too long (0.091s)
GlobalTracer.startCompetition_Warn: AUTO_MODE takes too long (0.224s)
GlobalTracer.startCompetition_Warn: AUTO_MODE.preContinuousTasks takes too long (0.034s)
GlobalTracer.printPidInfo_Info: [1.964] elevatorPidController: Target=  34.8, Input=  36.6, Error=  -1.8, PIDTerms=-0.366/ 0.009/-0.000/ 0.000, Output=-0.356(-1.000/1.000), Volt=11.8(10.3)
GlobalTracer.startCompetition_Warn: AUTO_MODE.runPeriodic takes too long (0.025s)
GlobalTracer.printPidInfo_Info: encoderXPidCtrl: Target=   0.0, Input=  -0.2, Error=   0.2, PIDTerms= 0.057/ 0.000/ 0.018/ 0.000, Output= 0.075(-0.700/0.700), Volt=11.8(10.3)
GlobalTracer.printPidInfo_Info: encoderYPidCtrl: Target= 115.0, Input=  57.4, Error=  57.6, PIDTerms= 1.153/ 0.000/-0.121/ 0.000, Output= 0.600(-0.600/0.600), Volt=11.8(10.3)
GlobalTracer.printPidInfo_Info: gyroTurnPidCtrl: Target=   0.0, Input=   1.1, Error=  -1.1, PIDTerms=-0.022/ 0.000/-0.001/ 0.000, Output=-0.023(-0.700/0.700), Volt=11.8(10.3)
GlobalTracer.startCompetition_Warn: AUTO_MODE.postContinuousTasks takes too long (0.037s)
GlobalTracer.startCompetition_Warn: AUTO_MODE.updates takes too long (0.075s)
GlobalTracer.startCompetition_Warn: AUTO_MODE takes too long (0.185s)
GlobalTracer.printPidInfo_Info: [2.152] elevatorPidController: Target=  34.8, Input=  32.0, Error=   2.8, PIDTerms= 0.557/ 0.010/ 0.000/ 0.000, Output= 0.567(-1.000/1.000), Volt=11.4(10.3)
GlobalTracer.startCompetition_Warn: AUTO_MODE.runPeriodic takes too long (0.060s)
GlobalTracer.printPidInfo_Info: encoderXPidCtrl: Target=   0.0, Input=  -0.1, Error=   0.1, PIDTerms= 0.019/ 0.000/-0.011/ 0.000, Output= 0.007(-0.700/0.700), Volt=11.6(10.3)
GlobalTracer.printPidInfo_Info: encoderYPidCtrl: Target= 115.0, Input=  71.8, Error=  43.2, PIDTerms= 0.863/ 0.000/-0.107/ 0.000, Output= 0.600(-0.600/0.600), Volt=11.6(10.3)
GlobalTracer.printPidInfo_Info: gyroTurnPidCtrl: Target=   0.0, Input=   0.9, Error=  -0.9, PIDTerms=-0.019/ 0.000/ 0.002/ 0.000, Output=-0.017(-0.700/0.700), Volt=11.6(10.3)
GlobalTracer.startCompetition_Warn: AUTO_MODE.postContinuousTasks takes too long (0.035s)
GlobalTracer.startCompetition_Warn: AUTO_MODE.updates takes too long (0.077s)
GlobalTracer.startCompetition_Warn: AUTO_MODE takes too long (0.198s)
GlobalTracer.startCompetition_Warn: AUTO_MODE.preContinuousTasks takes too long (0.027s)
GlobalTracer.printPidInfo_Info: [2.352] elevatorPidController: Target=  34.8, Input=  33.0, Error=   1.8, PIDTerms= 0.358/ 0.010/-0.000/ 0.000, Output= 0.368(-1.000/1.000), Volt=11.7(10.3)
GlobalTracer.startCompetition_Warn: AUTO_MODE.runPeriodic takes too long (0.044s)
GlobalTracer.printPidInfo_Info: encoderXPidCtrl: Target=   0.0, Input=   0.2, Error=  -0.2, PIDTerms=-0.038/ 0.000/-0.017/ 0.000, Output=-0.055(-0.700/0.700), Volt=11.8(10.3)
GlobalTracer.printPidInfo_Info: encoderYPidCtrl: Target= 115.0, Input=  88.8, Error=  26.2, PIDTerms= 0.523/ 0.000/-0.125/ 0.000, Output= 0.398(-0.600/0.600), Volt=11.8(10.3)
GlobalTracer.printPidInfo_Info: gyroTurnPidCtrl: Target=   0.0, Input=   0.4, Error=  -0.4, PIDTerms=-0.008/ 0.000/ 0.004/ 0.000, Output=-0.004(-0.700/0.700), Volt=11.8(10.3)
GlobalTracer.startCompetition_Warn: AUTO_MODE.postContinuousTasks takes too long (0.051s)
GlobalTracer.startCompetition_Warn: AUTO_MODE.updates takes too long (0.067s)
GlobalTracer.startCompetition_Warn: AUTO_MODE takes too long (0.209s)
GlobalTracer.startCompetition_Warn: AUTO_MODE.preContinuousTasks takes too long (0.024s)
GlobalTracer.printPidInfo_Info: [2.564] elevatorPidController: Target=  34.8, Input=  35.8, Error=  -1.1, PIDTerms=-0.217/ 0.010/-0.000/ 0.000, Output=-0.207(-1.000/1.000), Volt=12.3(10.3)
GlobalTracer.startCompetition_Warn: AUTO_MODE.runPeriodic takes too long (0.035s)
GlobalTracer.printPidInfo_Info: encoderXPidCtrl: Target=   0.0, Input=   0.1, Error=  -0.1, PIDTerms=-0.025/ 0.000/ 0.004/ 0.000, Output=-0.021(-0.700/0.700), Volt=12.3(10.3)
GlobalTracer.printPidInfo_Info: encoderYPidCtrl: Target= 115.0, Input= 106.5, Error=   8.5, PIDTerms= 0.170/ 0.000/-0.133/ 0.000, Output= 0.037(-0.600/0.600), Volt=12.3(10.3)
GlobalTracer.printPidInfo_Info: gyroTurnPidCtrl: Target=   0.0, Input=   0.3, Error=  -0.3, PIDTerms=-0.005/ 0.000/ 0.001/ 0.000, Output=-0.004(-0.700/0.700), Volt=12.3(10.3)
GlobalTracer.startCompetition_Warn: AUTO_MODE.postContinuousTasks takes too long (0.040s)
GlobalTracer.startCompetition_Warn: AUTO_MODE.updates takes too long (0.074s)
GlobalTracer.startCompetition_Warn: AUTO_MODE takes too long (0.196s)
GlobalTracer.printPidInfo_Info: [2.761] elevatorPidController: Target=  34.8, Input=  34.0, Error=   0.7, PIDTerms= 0.149/ 0.010/ 0.000/ 0.000, Output= 0.159(-1.000/1.000), Volt=12.3(10.3)
GlobalTracer.startCompetition_Warn: AUTO_MODE.runPeriodic takes too long (0.035s)
GlobalTracer.printPidInfo_Info: encoderXPidCtrl: Target=   0.0, Input=   0.2, Error=   0.0, PIDTerms=-0.056/ 0.000/-0.009/ 0.000, Output= 0.000(-0.700/0.700), Volt=12.4(10.3)
GlobalTracer.printPidInfo_Info: encoderYPidCtrl: Target=   0.0, Input= 120.9, Error=   0.0, PIDTerms=-0.118/ 0.000/-0.107/ 0.000, Output= 0.000(-0.600/0.600), Volt=12.4(10.3)
GlobalTracer.printPidInfo_Info: gyroTurnPidCtrl: Target=   0.0, Input=  -0.1, Error=   0.0, PIDTerms= 0.003/ 0.000/ 0.003/ 0.000, Output= 0.000(-0.700/0.700), Volt=12.4(10.3)
GlobalTracer.startCompetition_Warn: AUTO_MODE.postContinuousTasks takes too long (0.030s)
GlobalTracer.startCompetition_Warn: AUTO_MODE.updates takes too long (0.089s)
GlobalTracer.startCompetition_Warn: AUTO_MODE takes too long (0.200s)
GlobalTracer.SonarTrigger_Info: [2.988] prevZone=1, currZone=0, distance=12.68
GlobalTracer.startCompetition_Warn: AUTO_MODE.preContinuousTasks takes too long (0.028s)
GlobalTracer.Robot_Info: [2.992] TURN_AND_TOUCH_SWITCH: xPos=  0.39,yPos=133.33,heading=  -1.9/  90.0,volts=12.2(10.3)
GlobalTracer.printPidInfo_Info: [2.992] elevatorPidController: Target=  34.8, Input=  33.5, Error=   1.2, PIDTerms= 0.247/ 0.010/ 0.000/ 0.000, Output= 0.258(-1.000/1.000), Volt=12.2(10.3)
GlobalTracer.startCompetition_Warn: AUTO_MODE.runPeriodic takes too long (0.042s)
GlobalTracer.printPidInfo_Info: encoderXPidCtrl: Target=   0.4, Input=   0.4, Error=   0.0, PIDTerms= 0.000/ 0.000/ 0.000/ 0.000, Output= 0.000(-0.700/0.700), Volt=12.2(10.3)
GlobalTracer.printPidInfo_Info: encoderYPidCtrl: Target= 183.3, Input= 133.3, Error=  50.0, PIDTerms= 1.000/ 0.000/ 0.000/ 0.000, Output= 0.600(-0.600/0.600), Volt=12.2(10.3)
GlobalTracer.printPidInfo_Info: gyroTurnPidCtrl: Target=  90.0, Input=  -1.9, Error=  91.9, PIDTerms= 1.838/ 0.000/ 0.000/ 0.000, Output= 0.700(-0.700/0.700), Volt=12.2(10.3)
GlobalTracer.startCompetition_Warn: AUTO_MODE.postContinuousTasks takes too long (0.034s)
GlobalTracer.startCompetition_Warn: AUTO_MODE.updates takes too long (0.063s)
GlobalTracer.startCompetition_Warn: AUTO_MODE takes too long (0.189s)
GlobalTracer.printPidInfo_Info: [3.158] elevatorPidController: Target=  34.8, Input=  33.9, Error=   0.9, PIDTerms= 0.176/ 0.011/-0.000/ 0.000, Output= 0.186(-1.000/1.000), Volt=10.9(10.3)
GlobalTracer.startCompetition_Warn: AUTO_MODE.runPeriodic takes too long (0.039s)
GlobalTracer.printPidInfo_Info: encoderXPidCtrl: Target=   0.4, Input=   0.6, Error=  -0.2, PIDTerms=-0.051/ 0.000/-0.018/ 0.000, Output=-0.069(-0.700/0.700), Volt=11.0(10.3)
GlobalTracer.printPidInfo_Info: encoderYPidCtrl: Target= 183.3, Input= 145.5, Error=  37.8, PIDTerms= 0.756/ 0.000/-0.104/ 0.000, Output= 0.600(-0.600/0.600), Volt=11.0(10.3)
GlobalTracer.printPidInfo_Info: gyroTurnPidCtrl: Target=  90.0, Input=   0.6, Error=  89.4, PIDTerms= 1.789/ 0.000/-0.025/ 0.000, Output= 0.700(-0.700/0.700), Volt=11.0(10.3)
GlobalTracer.startCompetition_Warn: AUTO_MODE.postContinuousTasks takes too long (0.029s)
GlobalTracer.startCompetition_Warn: AUTO_MODE.updates takes too long (0.064s)
GlobalTracer.startCompetition_Warn: AUTO_MODE takes too long (0.181s)
GlobalTracer.printPidInfo_Info: [3.340] elevatorPidController: Target=  34.8, Input=  34.0, Error=   0.8, PIDTerms= 0.156/ 0.011/-0.000/ 0.000, Output= 0.167(-1.000/1.000), Volt=11.2(10.3)
GlobalTracer.startCompetition_Warn: AUTO_MODE.runPeriodic takes too long (0.061s)
GlobalTracer.printPidInfo_Info: encoderXPidCtrl: Target=   0.4, Input=   0.1, Error=   0.3, PIDTerms= 0.078/ 0.000/ 0.039/ 0.000, Output= 0.117(-0.700/0.700), Volt=11.3(10.3)
GlobalTracer.printPidInfo_Info: encoderYPidCtrl: Target= 183.3, Input= 157.2, Error=  26.2, PIDTerms= 0.524/ 0.000/-0.087/ 0.000, Output= 0.436(-0.600/0.600), Volt=11.3(10.3)
GlobalTracer.printPidInfo_Info: gyroTurnPidCtrl: Target=  90.0, Input=  18.5, Error=  71.5, PIDTerms= 1.431/ 0.000/-0.156/ 0.000, Output= 0.700(-0.700/0.700), Volt=11.3(10.3)
GlobalTracer.startCompetition_Warn: AUTO_MODE.postContinuousTasks takes too long (0.023s)
GlobalTracer.startCompetition_Warn: AUTO_MODE.updates takes too long (0.074s)
GlobalTracer.startCompetition_Warn: AUTO_MODE takes too long (0.189s)
GlobalTracer.printPidInfo_Info: [3.536] elevatorPidController: Target=  34.8, Input=  34.0, Error=   0.7, PIDTerms= 0.143/ 0.011/-0.000/ 0.000, Output= 0.154(-1.000/1.000), Volt=11.2(10.3)
GlobalTracer.startCompetition_Warn: AUTO_MODE.runPeriodic takes too long (0.029s)
GlobalTracer.printPidInfo_Info: encoderXPidCtrl: Target=   0.4, Input=  -1.4, Error=   1.8, PIDTerms= 0.446/ 0.000/ 0.128/ 0.000, Output= 0.573(-0.700/0.700), Volt=11.3(10.3)
GlobalTracer.printPidInfo_Info: encoderYPidCtrl: Target= 183.3, Input= 169.3, Error=  14.0, PIDTerms= 0.280/ 0.000/-0.106/ 0.000, Output= 0.174(-0.600/0.600), Volt=11.3(10.3)
GlobalTracer.printPidInfo_Info: gyroTurnPidCtrl: Target=  90.0, Input=  46.5, Error=  43.5, PIDTerms= 0.870/ 0.000/-0.284/ 0.000, Output= 0.586(-0.700/0.700), Volt=11.3(10.3)
GlobalTracer.startCompetition_Warn: AUTO_MODE.updates takes too long (0.058s)
GlobalTracer.startCompetition_Warn: AUTO_MODE takes too long (0.149s)
GlobalTracer.printPidInfo_Info: [3.686] elevatorPidController: Target=  34.8, Input=  34.0, Error=   0.7, PIDTerms= 0.143/ 0.011/ 0.000/ 0.000, Output= 0.154(-1.000/1.000), Volt=10.9(10.3)
GlobalTracer.startCompetition_Warn: AUTO_MODE.runPeriodic takes too long (0.023s)
GlobalTracer.printPidInfo_Info: encoderXPidCtrl: Target=   0.4, Input=  -1.9, Error=   2.3, PIDTerms= 0.569/ 0.000/ 0.057/ 0.000, Output= 0.626(-0.700/0.700), Volt=10.9(10.3)
GlobalTracer.printPidInfo_Info: encoderYPidCtrl: Target= 183.3, Input= 176.6, Error=   6.8, PIDTerms= 0.135/ 0.000/-0.084/ 0.000, Output= 0.052(-0.600/0.600), Volt=10.9(10.3)
GlobalTracer.printPidInfo_Info: gyroTurnPidCtrl: Target=  90.0, Input=  77.1, Error=  12.9, PIDTerms= 0.258/ 0.000/-0.413/ 0.000, Output=-0.155(-0.700/0.700), Volt=10.6(10.3)
GlobalTracer.startCompetition_Warn: AUTO_MODE.postContinuousTasks takes too long (0.032s)
GlobalTracer.startCompetition_Warn: AUTO_MODE.updates takes too long (0.064s)
GlobalTracer.startCompetition_Warn: AUTO_MODE takes too long (0.145s)
GlobalTracer.printPidInfo_Info: [3.833] elevatorPidController: Target=  34.8, Input=  34.1, Error=   0.7, PIDTerms= 0.139/ 0.011/-0.000/ 0.000, Output= 0.150(-1.000/1.000), Volt=11.3(10.3)
GlobalTracer.startCompetition_Warn: AUTO_MODE.runPeriodic takes too long (0.025s)
GlobalTracer.printPidInfo_Info: encoderXPidCtrl: Target=   0.4, Input=   1.0, Error=  -0.6, PIDTerms=-0.162/ 0.000/-0.276/ 0.000, Output=-0.438(-0.700/0.700), Volt=11.3(10.3)
GlobalTracer.printPidInfo_Info: encoderYPidCtrl: Target= 183.3, Input= 180.8, Error=   2.5, PIDTerms= 0.051/ 0.000/-0.040/ 0.000, Output= 0.011(-0.600/0.600), Volt=9.7(10.3)
GlobalTracer.printPidInfo_Info: gyroTurnPidCtrl: Target=  90.0, Input= 110.9, Error= -20.9, PIDTerms=-0.418/ 0.000/-0.372/ 0.000, Output=-0.700(-0.700/0.700), Volt=9.7(10.3)
GlobalTracer.startCompetition_Warn: AUTO_MODE.postContinuousTasks takes too long (0.037s)
GlobalTracer.startCompetition_Warn: AUTO_MODE.updates takes too long (0.061s)
GlobalTracer.startCompetition_Warn: AUTO_MODE takes too long (0.163s)
GlobalTracer.printPidInfo_Info: [3.998] elevatorPidController: Target=  34.8, Input=  34.1, Error=   0.7, PIDTerms= 0.136/ 0.011/-0.000/ 0.000, Output= 0.147(-1.000/1.000), Volt=9.9(9.5)
GlobalTracer.startCompetition_Warn: AUTO_MODE.runPeriodic takes too long (0.032s)
GlobalTracer.printPidInfo_Info: encoderXPidCtrl: Target=   0.4, Input=   4.5, Error=  -4.2, PIDTerms=-1.039/ 0.000/-0.330/ 0.000, Output=-0.700(-0.700/0.700), Volt=10.9(9.5)
GlobalTracer.printPidInfo_Info: encoderYPidCtrl: Target= 183.3, Input= 182.1, Error=   1.2, PIDTerms= 0.024/ 0.000/-0.013/ 0.000, Output= 0.011(-0.600/0.600), Volt=10.9(9.5)
GlobalTracer.printPidInfo_Info: gyroTurnPidCtrl: Target=  90.0, Input= 137.1, Error= -47.1, PIDTerms=-0.941/ 0.000/-0.287/ 0.000, Output=-0.700(-0.700/0.700), Volt=10.9(9.5)
GlobalTracer.startCompetition_Warn: AUTO_MODE.postContinuousTasks takes too long (0.033s)
GlobalTracer.startCompetition_Warn: AUTO_MODE.updates takes too long (0.056s)
GlobalTracer.startCompetition_Warn: AUTO_MODE takes too long (0.149s)
GlobalTracer.printPidInfo_Info: [4.150] elevatorPidController: Target=  34.8, Input=  34.1, Error=   0.7, PIDTerms= 0.136/ 0.011/ 0.000/ 0.000, Output= 0.147(-1.000/1.000), Volt=10.6(9.5)
GlobalTracer.startCompetition_Warn: AUTO_MODE.runPeriodic takes too long (0.032s)
GlobalTracer.printPidInfo_Info: encoderXPidCtrl: Target=   0.4, Input=   0.5, Error=  -0.1, PIDTerms=-0.033/ 0.000/ 0.379/ 0.000, Output= 0.346(-0.700/0.700), Volt=10.6(9.5)
GlobalTracer.printPidInfo_Info: encoderYPidCtrl: Target= 183.3, Input= 181.5, Error=   1.9, PIDTerms= 0.037/ 0.000/ 0.006/ 0.000, Output= 0.043(-0.600/0.600), Volt=10.6(9.5)
GlobalTracer.printPidInfo_Info: gyroTurnPidCtrl: Target=  90.0, Input= 137.2, Error= -47.2, PIDTerms=-0.944/ 0.000/-0.001/ 0.000, Output=-0.700(-0.700/0.700), Volt=9.8(9.5)
GlobalTracer.startCompetition_Warn: AUTO_MODE.postContinuousTasks takes too long (0.035s)
GlobalTracer.startCompetition_Warn: AUTO_MODE.updates takes too long (0.057s)
GlobalTracer.startCompetition_Warn: AUTO_MODE takes too long (0.158s)
GlobalTracer.printPidInfo_Info: [4.309] elevatorPidController: Target=  34.8, Input=  34.1, Error=   0.7, PIDTerms= 0.134/ 0.011/-0.000/ 0.000, Output= 0.146(-1.000/1.000), Volt=10.4(9.5)
GlobalTracer.startCompetition_Warn: AUTO_MODE.runPeriodic takes too long (0.033s)
GlobalTracer.printPidInfo_Info: encoderXPidCtrl: Target=   0.4, Input=  -0.6, Error=   1.0, PIDTerms= 0.256/ 0.000/ 0.110/ 0.000, Output= 0.366(-0.700/0.700), Volt=10.6(9.5)
GlobalTracer.printPidInfo_Info: encoderYPidCtrl: Target= 183.3, Input= 181.2, Error=   2.2, PIDTerms= 0.043/ 0.000/ 0.003/ 0.000, Output= 0.046(-0.600/0.600), Volt=10.9(9.5)
GlobalTracer.printPidInfo_Info: gyroTurnPidCtrl: Target=  90.0, Input= 119.1, Error= -29.1, PIDTerms=-0.582/ 0.000/ 0.201/ 0.000, Output=-0.382(-0.700/0.700), Volt=10.9(9.5)
GlobalTracer.startCompetition_Warn: AUTO_MODE.postContinuousTasks takes too long (0.035s)
GlobalTracer.startCompetition_Warn: AUTO_MODE.updates takes too long (0.058s)
GlobalTracer.startCompetition_Warn: AUTO_MODE takes too long (0.160s)
GlobalTracer.printPidInfo_Info: [4.471] elevatorPidController: Target=  34.8, Input=  34.1, Error=   0.6, PIDTerms= 0.130/ 0.012/-0.000/ 0.000, Output= 0.142(-1.000/1.000), Volt=11.6(9.5)
GlobalTracer.startCompetition_Warn: AUTO_MODE.runPeriodic takes too long (0.022s)
GlobalTracer.printPidInfo_Info: encoderXPidCtrl: Target=   0.4, Input=   0.4, Error=  -0.0, PIDTerms=-0.002/ 0.000/-0.100/ 0.000, Output=-0.102(-0.700/0.700), Volt=11.6(9.5)
GlobalTracer.printPidInfo_Info: encoderYPidCtrl: Target= 183.3, Input= 181.5, Error=   1.8, PIDTerms= 0.037/ 0.000/-0.003/ 0.000, Output= 0.034(-0.600/0.600), Volt=11.6(9.5)
GlobalTracer.printPidInfo_Info: gyroTurnPidCtrl: Target=  90.0, Input=  94.6, Error=  -4.6, PIDTerms=-0.091/ 0.000/ 0.279/ 0.000, Output= 0.188(-0.700/0.700), Volt=11.8(9.5)
GlobalTracer.startCompetition_Warn: AUTO_MODE.updates takes too long (0.063s)
GlobalTracer.startCompetition_Warn: AUTO_MODE takes too long (0.130s)
GlobalTracer.printPidInfo_Info: [4.606] elevatorPidController: Target=  34.8, Input=  34.1, Error=   0.6, PIDTerms= 0.127/ 0.012/-0.000/ 0.000, Output= 0.139(-1.000/1.000), Volt=12.0(9.5)
GlobalTracer.startCompetition_Warn: AUTO_MODE.runPeriodic takes too long (0.022s)
GlobalTracer.printPidInfo_Info: encoderXPidCtrl: Target=   0.4, Input=   2.4, Error=  -2.0, PIDTerms=-0.511/ 0.000/-0.220/ 0.000, Output=-0.700(-0.700/0.700), Volt=11.8(9.5)
GlobalTracer.printPidInfo_Info: encoderYPidCtrl: Target= 183.3, Input= 181.4, Error=   2.0, PIDTerms= 0.040/ 0.000/ 0.001/ 0.000, Output= 0.041(-0.600/0.600), Volt=11.3(9.5)
GlobalTracer.printPidInfo_Info: gyroTurnPidCtrl: Target=  90.0, Input=  87.8, Error=   2.2, PIDTerms= 0.043/ 0.000/ 0.085/ 0.000, Output= 0.128(-0.700/0.700), Volt=11.3(9.5)
GlobalTracer.startCompetition_Warn: AUTO_MODE.postContinuousTasks takes too long (0.047s)
GlobalTracer.startCompetition_Warn: AUTO_MODE.updates takes too long (0.073s)
GlobalTracer.startCompetition_Warn: AUTO_MODE takes too long (0.182s)
GlobalTracer.printPidInfo_Info: [4.789] elevatorPidController: Target=  34.8, Input=  34.1, Error=   0.6, PIDTerms= 0.124/ 0.012/-0.000/ 0.000, Output= 0.136(-1.000/1.000), Volt=10.7(9.5)
GlobalTracer.startCompetition_Warn: AUTO_MODE.runPeriodic takes too long (0.028s)
GlobalTracer.printPidInfo_Info: encoderXPidCtrl: Target=   0.4, Input=   0.1, Error=   0.2, PIDTerms= 0.061/ 0.000/ 0.182/ 0.000, Output= 0.243(-0.700/0.700), Volt=10.7(9.5)
GlobalTracer.printPidInfo_Info: encoderYPidCtrl: Target= 183.3, Input= 180.7, Error=   2.6, PIDTerms= 0.052/ 0.000/ 0.005/ 0.000, Output= 0.057(-0.600/0.600), Volt=10.7(9.5)
GlobalTracer.printPidInfo_Info: gyroTurnPidCtrl: Target=  90.0, Input=  90.9, Error=  -0.9, PIDTerms=-0.017/ 0.000/-0.028/ 0.000, Output=-0.045(-0.700/0.700), Volt=10.7(9.5)
GlobalTracer.startCompetition_Warn: AUTO_MODE.postContinuousTasks takes too long (0.038s)
GlobalTracer.startCompetition_Warn: AUTO_MODE.updates takes too long (0.069s)
GlobalTracer.startCompetition_Warn: AUTO_MODE takes too long (0.172s)
GlobalTracer.printPidInfo_Info: [4.965] elevatorPidController: Target=  34.8, Input=  34.3, Error=   0.4, PIDTerms= 0.083/ 0.012/-0.000/ 0.000, Output= 0.095(-1.000/1.000), Volt=11.9(9.5)
GlobalTracer.startCompetition_Warn: AUTO_MODE.runPeriodic takes too long (0.034s)
GlobalTracer.printPidInfo_Info: encoderXPidCtrl: Target=   0.4, Input=  -2.9, Error=   3.3, PIDTerms= 0.813/ 0.000/ 0.255/ 0.000, Output= 0.700(-0.700/0.700), Volt=11.9(9.5)
GlobalTracer.printPidInfo_Info: encoderYPidCtrl: Target= 183.3, Input= 180.4, Error=   3.0, PIDTerms= 0.059/ 0.000/ 0.003/ 0.000, Output= 0.062(-0.600/0.600), Volt=11.9(9.5)
GlobalTracer.printPidInfo_Info: gyroTurnPidCtrl: Target=  90.0, Input= 102.9, Error= -12.9, PIDTerms=-0.258/ 0.000/-0.119/ 0.000, Output=-0.376(-0.700/0.700), Volt=11.9(9.5)
GlobalTracer.startCompetition_Warn: AUTO_MODE.postContinuousTasks takes too long (0.028s)
GlobalTracer.startCompetition_Warn: AUTO_MODE.updates takes too long (0.058s)
GlobalTracer.startCompetition_Warn: AUTO_MODE takes too long (0.158s)
GlobalTracer.printPidInfo_Info: [5.126] elevatorPidController: Target=  34.8, Input=  34.3, Error=   0.4, PIDTerms= 0.087/ 0.012/ 0.000/ 0.000, Output= 0.099(-1.000/1.000), Volt=10.0(9.5)
GlobalTracer.startCompetition_Warn: AUTO_MODE.runPeriodic takes too long (0.029s)
GlobalTracer.printPidInfo_Info: encoderXPidCtrl: Target=   0.4, Input=  -1.6, Error=   2.0, PIDTerms= 0.489/ 0.000/-0.124/ 0.000, Output= 0.366(-0.700/0.700), Volt=10.1(9.5)
GlobalTracer.printPidInfo_Info: encoderYPidCtrl: Target= 183.3, Input= 181.1, Error=   2.3, PIDTerms= 0.045/ 0.000/-0.007/ 0.000, Output= 0.039(-0.600/0.600), Volt=10.1(9.5)
GlobalTracer.printPidInfo_Info: gyroTurnPidCtrl: Target=  90.0, Input= 102.1, Error= -12.1, PIDTerms=-0.242/ 0.000/ 0.009/ 0.000, Output=-0.233(-0.700/0.700), Volt=11.4(9.5)
GlobalTracer.startCompetition_Warn: AUTO_MODE.postContinuousTasks takes too long (0.027s)
GlobalTracer.startCompetition_Warn: AUTO_MODE.updates takes too long (0.060s)
GlobalTracer.startCompetition_Warn: AUTO_MODE takes too long (0.149s)
GlobalTracer.printPidInfo_Info: [5.280] elevatorPidController: Target=  34.8, Input=  34.3, Error=   0.4, PIDTerms= 0.090/ 0.012/ 0.000/ 0.000, Output= 0.102(-1.000/1.000), Volt=11.4(9.5)
GlobalTracer.startCompetition_Warn: AUTO_MODE.runPeriodic takes too long (0.026s)
GlobalTracer.printPidInfo_Info: encoderXPidCtrl: Target=   0.4, Input=   0.0, Error=   0.4, PIDTerms= 0.097/ 0.000/-0.159/ 0.000, Output=-0.063(-0.700/0.700), Volt=11.4(9.5)
GlobalTracer.printPidInfo_Info: encoderYPidCtrl: Target= 183.3, Input= 182.0, Error=   1.4, PIDTerms= 0.027/ 0.000/-0.009/ 0.000, Output= 0.018(-0.600/0.600), Volt=11.4(9.5)
GlobalTracer.printPidInfo_Info: gyroTurnPidCtrl: Target=  90.0, Input=  94.7, Error=  -4.7, PIDTerms=-0.094/ 0.000/ 0.087/ 0.000, Output=-0.007(-0.700/0.700), Volt=11.7(9.5)
GlobalTracer.startCompetition_Warn: AUTO_MODE.postContinuousTasks takes too long (0.026s)
GlobalTracer.startCompetition_Warn: AUTO_MODE.updates takes too long (0.067s)
GlobalTracer.startCompetition_Warn: AUTO_MODE takes too long (0.152s)
GlobalTracer.printPidInfo_Info: [5.434] elevatorPidController: Target=  34.8, Input=  34.3, Error=   0.4, PIDTerms= 0.090/ 0.012/ 0.000/ 0.000, Output= 0.102(-1.000/1.000), Volt=12.2(9.5)
GlobalTracer.startCompetition_Warn: AUTO_MODE.runPeriodic takes too long (0.051s)
GlobalTracer.printPidInfo_Info: encoderXPidCtrl: Target=   0.4, Input=   0.8, Error=  -0.4, PIDTerms=-0.097/ 0.000/-0.065/ 0.000, Output=-0.162(-0.700/0.700), Volt=12.3(9.5)
GlobalTracer.printPidInfo_Info: encoderYPidCtrl: Target= 183.3, Input= 182.5, Error=   0.8, PIDTerms= 0.017/ 0.000/-0.005/ 0.000, Output= 0.012(-0.600/0.600), Volt=12.3(9.5)
GlobalTracer.printPidInfo_Info: gyroTurnPidCtrl: Target=  90.0, Input=  86.1, Error=   3.9, PIDTerms= 0.077/ 0.000/ 0.084/ 0.000, Output= 0.161(-0.700/0.700), Volt=12.3(9.5)
GlobalTracer.startCompetition_Warn: AUTO_MODE.postContinuousTasks takes too long (0.036s)
GlobalTracer.startCompetition_Warn: AUTO_MODE.updates takes too long (0.055s)
GlobalTracer.startCompetition_Warn: AUTO_MODE takes too long (0.172s)
GlobalTracer.printPidInfo_Info: [5.608] elevatorPidController: Target=  34.8, Input=  34.3, Error=   0.4, PIDTerms= 0.090/ 0.012/ 0.000/ 0.000, Output= 0.102(-1.000/1.000), Volt=11.9(9.5)
GlobalTracer.startCompetition_Warn: AUTO_MODE.runPeriodic takes too long (0.041s)
GlobalTracer.printPidInfo_Info: encoderXPidCtrl: Target=   0.0, Input=   0.7, Error=   0.0, PIDTerms=-0.068/ 0.000/ 0.010/ 0.000, Output= 0.000(-0.700/0.700), Volt=12.0(9.5)
GlobalTracer.printPidInfo_Info: encoderYPidCtrl: Target=   0.0, Input= 182.6, Error=   0.0, PIDTerms= 0.015/ 0.000/-0.001/ 0.000, Output= 0.000(-0.600/0.600), Volt=12.0(9.5)
GlobalTracer.printPidInfo_Info: gyroTurnPidCtrl: Target=   0.0, Input=  86.3, Error=   0.0, PIDTerms= 0.073/ 0.000/-0.002/ 0.000, Output= 0.000(-0.700/0.700), Volt=12.0(9.5)
GlobalTracer.startCompetition_Warn: AUTO_MODE.updates takes too long (0.048s)
GlobalTracer.startCompetition_Warn: AUTO_MODE takes too long (0.150s)
GlobalTracer.Robot_Info: [5.760]  DROP_CUBE: xPos=  0.46,yPos=182.36,heading=  89.4/  90.0,volts=12.2(9.5)
GlobalTracer.printPidInfo_Info: [5.760] elevatorPidController: Target=  34.8, Input=  34.3, Error=   0.4, PIDTerms= 0.090/ 0.012/ 0.000/ 0.000, Output= 0.102(-1.000/1.000), Volt=12.2(9.5)
GlobalTracer.startCompetition_Warn: AUTO_MODE.runContinuous takes too long (0.031s)
GlobalTracer.startCompetition_Warn: AUTO_MODE.runPeriodic takes too long (0.042s)
GlobalTracer.startCompetition_Warn: AUTO_MODE.updates takes too long (0.074s)
GlobalTracer.startCompetition_Warn: AUTO_MODE takes too long (0.169s)
GlobalTracer.Robot_Info: [5.933]       DONE: xPos=  0.46,yPos=182.53,heading=  89.1/  90.0,volts=11.7(9.5)
GlobalTracer.printPidInfo_Info: [5.933] elevatorPidController: Target=  34.8, Input=  34.3, Error=   0.4, PIDTerms= 0.090/ 0.012/ 0.000/ 0.000, Output= 0.102(-1.000/1.000), Volt=11.7(9.5)
GlobalTracer.startCompetition_Warn: AUTO_MODE.runPeriodic takes too long (0.027s)
GlobalTracer.startCompetition_Warn: AUTO_MODE.updates takes too long (0.062s)
GlobalTracer.startCompetition_Warn: AUTO_MODE takes too long (0.126s)
GlobalTracer.printPidInfo_Info: [6.062] elevatorPidController: Target=  34.8, Input=  34.3, Error=   0.4, PIDTerms= 0.090/ 0.012/ 0.000/ 0.000, Output= 0.102(-1.000/1.000), Volt=12.3(9.5)
GlobalTracer.startCompetition_Warn: AUTO_MODE.runPeriodic takes too long (0.030s)
GlobalTracer.startCompetition_Warn: AUTO_MODE.updates takes too long (0.063s)
GlobalTracer.startCompetition_Warn: AUTO_MODE takes too long (0.127s)
GlobalTracer.startCompetition_Warn: AUTO_MODE.preContinuousTasks takes too long (0.021s)
GlobalTracer.printPidInfo_Info: [6.191] elevatorPidController: Target=  34.8, Input=  34.3, Error=   0.4, PIDTerms= 0.090/ 0.012/ 0.000/ 0.000, Output= 0.102(-1.000/1.000), Volt=12.3(9.5)
GlobalTracer.startCompetition_Warn: AUTO_MODE.runPeriodic takes too long (0.041s)
GlobalTracer.startCompetition_Warn: AUTO_MODE.updates takes too long (0.057s)
GlobalTracer.startCompetition_Warn: AUTO_MODE takes too long (0.141s)
GlobalTracer.startCompetition_Warn: AUTO_MODE.preContinuousTasks takes too long (0.020s)
GlobalTracer.printPidInfo_Info: [6.334] elevatorPidController: Target=  34.8, Input=  34.3, Error=   0.4, PIDTerms= 0.090/ 0.012/ 0.000/ 0.000, Output= 0.102(-1.000/1.000), Volt=12.3(9.5)
GlobalTracer.startCompetition_Warn: AUTO_MODE.runPeriodic takes too long (0.053s)
GlobalTracer.startCompetition_Warn: AUTO_MODE.updates takes too long (0.072s)
GlobalTracer.startCompetition_Warn: AUTO_MODE takes too long (0.165s)
GlobalTracer.printPidInfo_Info: [6.505] elevatorPidController: Target=  34.8, Input=  34.3, Error=   0.4, PIDTerms= 0.090/ 0.013/ 0.000/ 0.000, Output= 0.102(-1.000/1.000), Volt=12.3(9.5)
GlobalTracer.startCompetition_Warn: AUTO_MODE.runPeriodic takes too long (0.039s)
GlobalTracer.startCompetition_Warn: AUTO_MODE.updates takes too long (0.060s)
GlobalTracer.startCompetition_Warn: AUTO_MODE takes too long (0.119s)
GlobalTracer.startCompetition_Warn: AUTO_MODE.preContinuousTasks takes too long (0.025s)
GlobalTracer.printPidInfo_Info: [6.625] elevatorPidController: Target=  34.8, Input=  34.3, Error=   0.4, PIDTerms= 0.090/ 0.013/ 0.000/ 0.000, Output= 0.102(-1.000/1.000), Volt=12.3(9.5)
GlobalTracer.startCompetition_Warn: AUTO_MODE.runPeriodic takes too long (0.025s)
GlobalTracer.startCompetition_Warn: AUTO_MODE.updates takes too long (0.073s)
GlobalTracer.startCompetition_Warn: AUTO_MODE takes too long (0.137s)
GlobalTracer.printPidInfo_Info: [6.764] elevatorPidController: Target=  34.8, Input=  34.3, Error=   0.4, PIDTerms= 0.090/ 0.013/ 0.000/ 0.000, Output= 0.103(-1.000/1.000), Volt=12.4(9.5)
GlobalTracer.startCompetition_Warn: AUTO_MODE.runPeriodic takes too long (0.021s)
GlobalTracer.startCompetition_Warn: AUTO_MODE.updates takes too long (0.035s)
GlobalTracer.printPidInfo_Info: [6.846] elevatorPidController: Target=  34.8, Input=  34.3, Error=   0.4, PIDTerms= 0.090/ 0.013/ 0.000/ 0.000, Output= 0.103(-1.000/1.000), Volt=12.3(9.5)
GlobalTracer.printPidInfo_Info: [6.895] elevatorPidController: Target=  34.8, Input=  34.3, Error=   0.4, PIDTerms= 0.090/ 0.013/ 0.000/ 0.000, Output= 0.103(-1.000/1.000), Volt=12.4(9.5)
GlobalTracer.startCompetition_Warn: AUTO_MODE.updates takes too long (0.033s)
GlobalTracer.printPidInfo_Info: [6.966] elevatorPidController: Target=  34.8, Input=  34.3, Error=   0.4, PIDTerms= 0.090/ 0.013/ 0.000/ 0.000, Output= 0.103(-1.000/1.000), Volt=12.4(9.5)
GlobalTracer.startCompetition_Warn: AUTO_MODE.updates takes too long (0.038s)
GlobalTracer.printPidInfo_Info: [7.035] elevatorPidController: Target=  34.8, Input=  34.3, Error=   0.4, PIDTerms= 0.090/ 0.013/ 0.000/ 0.000, Output= 0.103(-1.000/1.000), Volt=12.4(9.5)
GlobalTracer.startCompetition_Warn: AUTO_MODE.updates takes too long (0.032s)
GlobalTracer.printPidInfo_Info: [7.104] elevatorPidController: Target=  34.8, Input=  34.3, Error=   0.4, PIDTerms= 0.090/ 0.013/ 0.000/ 0.000, Output= 0.103(-1.000/1.000), Volt=12.4(9.5)
GlobalTracer.startCompetition_Warn: AUTO_MODE.runPeriodic takes too long (0.023s)
GlobalTracer.startCompetition_Warn: AUTO_MODE.updates takes too long (0.030s)
GlobalTracer.printPidInfo_Info: [7.186] elevatorPidController: Target=  34.8, Input=  34.3, Error=   0.4, PIDTerms= 0.090/ 0.013/ 0.000/ 0.000, Output= 0.103(-1.000/1.000), Volt=12.4(9.5)
GlobalTracer.startCompetition_Warn: AUTO_MODE.updates takes too long (0.029s)
GlobalTracer.printPidInfo_Info: [7.252] elevatorPidController: Target=  34.8, Input=  34.3, Error=   0.4, PIDTerms= 0.090/ 0.013/ 0.000/ 0.000, Output= 0.103(-1.000/1.000), Volt=12.3(9.5)
GlobalTracer.startCompetition_Warn: AUTO_MODE.runPeriodic takes too long (0.020s)
GlobalTracer.startCompetition_Warn: AUTO_MODE.updates takes too long (0.026s)
GlobalTracer.printPidInfo_Info: [7.314] elevatorPidController: Target=  34.8, Input=  34.3, Error=   0.4, PIDTerms= 0.090/ 0.013/ 0.000/ 0.000, Output= 0.103(-1.000/1.000), Volt=12.4(9.5)
GlobalTracer.startCompetition_Warn: AUTO_MODE.runPeriodic takes too long (0.021s)
GlobalTracer.startCompetition_Warn: AUTO_MODE.updates takes too long (0.025s)
GlobalTracer.printPidInfo_Info: [7.385] elevatorPidController: Target=  34.8, Input=  34.3, Error=   0.4, PIDTerms= 0.090/ 0.013/ 0.000/ 0.000, Output= 0.103(-1.000/1.000), Volt=12.4(9.5)
GlobalTracer.startCompetition_Warn: AUTO_MODE.runPeriodic takes too long (0.021s)
GlobalTracer.startCompetition_Warn: AUTO_MODE.updates takes too long (0.039s)
GlobalTracer.printPidInfo_Info: [7.462] elevatorPidController: Target=  34.8, Input=  34.3, Error=   0.4, PIDTerms= 0.090/ 0.013/ 0.000/ 0.000, Output= 0.103(-1.000/1.000), Volt=12.3(9.5)
GlobalTracer.startCompetition_Warn: AUTO_MODE.runPeriodic takes too long (0.022s)
GlobalTracer.startCompetition_Warn: AUTO_MODE.updates takes too long (0.029s)
GlobalTracer.printPidInfo_Info: [7.545] elevatorPidController: Target=  34.8, Input=  34.3, Error=   0.4, PIDTerms= 0.090/ 0.013/ 0.000/ 0.000, Output= 0.103(-1.000/1.000), Volt=12.3(9.5)
GlobalTracer.startCompetition_Warn: AUTO_MODE.runPeriodic takes too long (0.022s)
GlobalTracer.startCompetition_Warn: AUTO_MODE.updates takes too long (0.032s)
GlobalTracer.printPidInfo_Info: [7.626] elevatorPidController: Target=  34.8, Input=  34.3, Error=   0.4, PIDTerms= 0.090/ 0.013/ 0.000/ 0.000, Output= 0.103(-1.000/1.000), Volt=12.4(9.5)
GlobalTracer.startCompetition_Warn: AUTO_MODE.runPeriodic takes too long (0.022s)
GlobalTracer.startCompetition_Warn: AUTO_MODE.updates takes too long (0.026s)
GlobalTracer.printPidInfo_Info: [7.695] elevatorPidController: Target=  34.8, Input=  34.3, Error=   0.4, PIDTerms= 0.090/ 0.013/ 0.000/ 0.000, Output= 0.103(-1.000/1.000), Volt=12.4(9.5)
GlobalTracer.startCompetition_Warn: AUTO_MODE.updates takes too long (0.042s)
GlobalTracer.printPidInfo_Info: [7.775] elevatorPidController: Target=  34.8, Input=  34.3, Error=   0.4, PIDTerms= 0.090/ 0.013/ 0.000/ 0.000, Output= 0.103(-1.000/1.000), Volt=12.4(9.5)
GlobalTracer.startCompetition_Warn: AUTO_MODE.updates takes too long (0.037s)
GlobalTracer.printPidInfo_Info: [7.851] elevatorPidController: Target=  34.8, Input=  34.3, Error=   0.4, PIDTerms= 0.090/ 0.013/ 0.000/ 0.000, Output= 0.103(-1.000/1.000), Volt=12.4(9.5)
GlobalTracer.startCompetition_Warn: AUTO_MODE.updates takes too long (0.040s)
GlobalTracer.printPidInfo_Info: [7.937] elevatorPidController: Target=  34.8, Input=  34.3, Error=   0.4, PIDTerms= 0.090/ 0.013/ 0.000/ 0.000, Output= 0.103(-1.000/1.000), Volt=12.4(9.5)
GlobalTracer.startCompetition_Warn: AUTO_MODE.runPeriodic takes too long (0.024s)
GlobalTracer.startCompetition_Warn: AUTO_MODE.updates takes too long (0.042s)
GlobalTracer.printPidInfo_Info: [8.020] elevatorPidController: Target=  34.8, Input=  34.3, Error=   0.4, PIDTerms= 0.090/ 0.013/ 0.000/ 0.000, Output= 0.103(-1.000/1.000), Volt=12.4(9.5)
GlobalTracer.startCompetition_Warn: AUTO_MODE.updates takes too long (0.029s)
GlobalTracer.printPidInfo_Info: [8.091] elevatorPidController: Target=  34.8, Input=  34.3, Error=   0.4, PIDTerms= 0.090/ 0.013/ 0.000/ 0.000, Output= 0.103(-1.000/1.000), Volt=12.4(9.5)
GlobalTracer.startCompetition_Warn: AUTO_MODE.runPeriodic takes too long (0.020s)
GlobalTracer.startCompetition_Warn: AUTO_MODE.updates takes too long (0.034s)
GlobalTracer.printPidInfo_Info: [8.169] elevatorPidController: Target=  34.8, Input=  34.3, Error=   0.4, PIDTerms= 0.090/ 0.013/ 0.000/ 0.000, Output= 0.103(-1.000/1.000), Volt=12.4(9.5)
GlobalTracer.startCompetition_Warn: AUTO_MODE.updates takes too long (0.021s)
GlobalTracer.printPidInfo_Info: [8.229] elevatorPidController: Target=  34.8, Input=  34.3, Error=   0.4, PIDTerms= 0.090/ 0.013/ 0.000/ 0.000, Output= 0.103(-1.000/1.000), Volt=12.4(9.5)
GlobalTracer.startCompetition_Warn: AUTO_MODE.updates takes too long (0.028s)
GlobalTracer.printPidInfo_Info: [8.289] elevatorPidController: Target=  34.8, Input=  34.3, Error=   0.4, PIDTerms= 0.090/ 0.013/ 0.000/ 0.000, Output= 0.103(-1.000/1.000), Volt=12.3(9.5)
GlobalTracer.startCompetition_Warn: AUTO_MODE.updates takes too long (0.027s)
GlobalTracer.printPidInfo_Info: [8.353] elevatorPidController: Target=  34.8, Input=  34.3, Error=   0.4, PIDTerms= 0.090/ 0.013/ 0.000/ 0.000, Output= 0.103(-1.000/1.000), Volt=12.4(9.5)
GlobalTracer.startCompetition_Warn: AUTO_MODE.updates takes too long (0.030s)
GlobalTracer.printPidInfo_Info: [8.433] elevatorPidController: Target=  34.8, Input=  34.3, Error=   0.4, PIDTerms= 0.090/ 0.013/ 0.000/ 0.000, Output= 0.103(-1.000/1.000), Volt=12.4(9.5)
GlobalTracer.startCompetition_Warn: AUTO_MODE.runPeriodic takes too long (0.022s)
GlobalTracer.startCompetition_Warn: AUTO_MODE.updates takes too long (0.036s)
GlobalTracer.printPidInfo_Info: [8.517] elevatorPidController: Target=  34.8, Input=  34.3, Error=   0.4, PIDTerms= 0.090/ 0.013/ 0.000/ 0.000, Output= 0.103(-1.000/1.000), Volt=12.4(9.5)
GlobalTracer.startCompetition_Warn: AUTO_MODE.runPeriodic takes too long (0.020s)
GlobalTracer.startCompetition_Warn: AUTO_MODE.updates takes too long (0.034s)
GlobalTracer.printPidInfo_Info: [8.591] elevatorPidController: Target=  34.8, Input=  34.3, Error=   0.4, PIDTerms= 0.090/ 0.014/ 0.000/ 0.000, Output= 0.103(-1.000/1.000), Volt=12.4(9.5)
GlobalTracer.startCompetition_Warn: AUTO_MODE.updates takes too long (0.030s)
GlobalTracer.printPidInfo_Info: [8.655] elevatorPidController: Target=  34.8, Input=  34.3, Error=   0.4, PIDTerms= 0.090/ 0.014/ 0.000/ 0.000, Output= 0.103(-1.000/1.000), Volt=12.4(9.5)
GlobalTracer.startCompetition_Warn: AUTO_MODE.updates takes too long (0.034s)
GlobalTracer.printPidInfo_Info: [8.716] elevatorPidController: Target=  34.8, Input=  34.3, Error=   0.4, PIDTerms= 0.090/ 0.014/ 0.000/ 0.000, Output= 0.103(-1.000/1.000), Volt=12.4(9.5)
GlobalTracer.startCompetition_Warn: AUTO_MODE.runPeriodic takes too long (0.025s)
GlobalTracer.startCompetition_Warn: AUTO_MODE.updates takes too long (0.030s)
GlobalTracer.printPidInfo_Info: [8.803] elevatorPidController: Target=  34.8, Input=  34.3, Error=   0.4, PIDTerms= 0.090/ 0.014/ 0.000/ 0.000, Output= 0.103(-1.000/1.000), Volt=12.4(9.5)
GlobalTracer.startCompetition_Warn: AUTO_MODE.runPeriodic takes too long (0.029s)
GlobalTracer.startCompetition_Warn: AUTO_MODE.updates takes too long (0.025s)
GlobalTracer.printPidInfo_Info: [8.878] elevatorPidController: Target=  34.8, Input=  34.3, Error=   0.4, PIDTerms= 0.090/ 0.014/ 0.000/ 0.000, Output= 0.103(-1.000/1.000), Volt=12.4(9.5)
GlobalTracer.startCompetition_Warn: AUTO_MODE.runPeriodic takes too long (0.030s)
GlobalTracer.startCompetition_Warn: AUTO_MODE.updates takes too long (0.048s)
GlobalTracer.printPidInfo_Info: [8.975] elevatorPidController: Target=  34.8, Input=  34.3, Error=   0.4, PIDTerms= 0.090/ 0.014/ 0.000/ 0.000, Output= 0.104(-1.000/1.000), Volt=12.5(9.5)
GlobalTracer.startCompetition_Warn: AUTO_MODE.runPeriodic takes too long (0.021s)
GlobalTracer.startCompetition_Warn: AUTO_MODE.updates takes too long (0.039s)
GlobalTracer.printPidInfo_Info: [9.056] elevatorPidController: Target=  34.8, Input=  34.3, Error=   0.4, PIDTerms= 0.090/ 0.014/ 0.000/ 0.000, Output= 0.104(-1.000/1.000), Volt=12.4(9.5)
GlobalTracer.startCompetition_Warn: AUTO_MODE.updates takes too long (0.035s)
GlobalTracer.printPidInfo_Info: [9.115] elevatorPidController: Target=  34.8, Input=  34.3, Error=   0.4, PIDTerms= 0.090/ 0.014/ 0.000/ 0.000, Output= 0.104(-1.000/1.000), Volt=12.4(9.5)
GlobalTracer.startCompetition_Warn: AUTO_MODE.updates takes too long (0.026s)
GlobalTracer.printPidInfo_Info: [9.177] elevatorPidController: Target=  34.8, Input=  34.3, Error=   0.4, PIDTerms= 0.090/ 0.014/ 0.000/ 0.000, Output= 0.104(-1.000/1.000), Volt=12.4(9.5)
GlobalTracer.startCompetition_Warn: AUTO_MODE.updates takes too long (0.035s)
GlobalTracer.printPidInfo_Info: [9.249] elevatorPidController: Target=  34.8, Input=  34.3, Error=   0.4, PIDTerms= 0.090/ 0.014/ 0.000/ 0.000, Output= 0.104(-1.000/1.000), Volt=12.4(9.5)
GlobalTracer.startCompetition_Warn: AUTO_MODE.updates takes too long (0.029s)
GlobalTracer.printPidInfo_Info: [9.312] elevatorPidController: Target=  34.8, Input=  34.3, Error=   0.4, PIDTerms= 0.090/ 0.014/ 0.000/ 0.000, Output= 0.104(-1.000/1.000), Volt=12.4(9.5)
GlobalTracer.startCompetition_Warn: AUTO_MODE.updates takes too long (0.029s)
GlobalTracer.printPidInfo_Info: [9.378] elevatorPidController: Target=  34.8, Input=  34.3, Error=   0.4, PIDTerms= 0.090/ 0.014/ 0.000/ 0.000, Output= 0.104(-1.000/1.000), Volt=12.4(9.5)
GlobalTracer.startCompetition_Warn: AUTO_MODE.updates takes too long (0.029s)
GlobalTracer.printPidInfo_Info: [9.443] elevatorPidController: Target=  34.8, Input=  34.3, Error=   0.4, PIDTerms= 0.090/ 0.014/ 0.000/ 0.000, Output= 0.104(-1.000/1.000), Volt=12.4(9.5)
GlobalTracer.startCompetition_Warn: AUTO_MODE.updates takes too long (0.027s)
GlobalTracer.printPidInfo_Info: [9.501] elevatorPidController: Target=  34.8, Input=  34.3, Error=   0.4, PIDTerms= 0.090/ 0.014/ 0.000/ 0.000, Output= 0.104(-1.000/1.000), Volt=12.4(9.5)
GlobalTracer.startCompetition_Warn: AUTO_MODE.runPeriodic takes too long (0.020s)
GlobalTracer.startCompetition_Warn: AUTO_MODE.updates takes too long (0.037s)
GlobalTracer.printPidInfo_Info: [9.582] elevatorPidController: Target=  34.8, Input=  34.3, Error=   0.4, PIDTerms= 0.090/ 0.014/ 0.000/ 0.000, Output= 0.104(-1.000/1.000), Volt=12.4(9.5)
GlobalTracer.startCompetition_Warn: AUTO_MODE.runPeriodic takes too long (0.024s)
GlobalTracer.startCompetition_Warn: AUTO_MODE.updates takes too long (0.024s)
GlobalTracer.printPidInfo_Info: [9.658] elevatorPidController: Target=  34.8, Input=  34.3, Error=   0.4, PIDTerms= 0.090/ 0.014/ 0.000/ 0.000, Output= 0.104(-1.000/1.000), Volt=12.4(9.5)
GlobalTracer.startCompetition_Warn: AUTO_MODE.updates takes too long (0.030s)
GlobalTracer.printPidInfo_Info: [9.728] elevatorPidController: Target=  34.8, Input=  34.3, Error=   0.4, PIDTerms= 0.090/ 0.014/ 0.000/ 0.000, Output= 0.104(-1.000/1.000), Volt=12.4(9.5)
GlobalTracer.startCompetition_Warn: AUTO_MODE.updates takes too long (0.033s)
GlobalTracer.printPidInfo_Info: [9.798] elevatorPidController: Target=  34.8, Input=  34.3, Error=   0.4, PIDTerms= 0.090/ 0.014/ 0.000/ 0.000, Output= 0.104(-1.000/1.000), Volt=12.4(9.5)
GlobalTracer.startCompetition_Warn: AUTO_MODE.updates takes too long (0.035s)
GlobalTracer.printPidInfo_Info: [9.873] elevatorPidController: Target=  34.8, Input=  34.3, Error=   0.4, PIDTerms= 0.090/ 0.014/ 0.000/ 0.000, Output= 0.104(-1.000/1.000), Volt=12.4(9.5)
GlobalTracer.startCompetition_Warn: AUTO_MODE.runPeriodic takes too long (0.020s)
GlobalTracer.startCompetition_Warn: AUTO_MODE.updates takes too long (0.029s)
GlobalTracer.printPidInfo_Info: [9.943] elevatorPidController: Target=  34.8, Input=  34.3, Error=   0.4, PIDTerms= 0.090/ 0.014/ 0.000/ 0.000, Output= 0.104(-1.000/1.000), Volt=12.4(9.5)
GlobalTracer.startCompetition_Warn: AUTO_MODE.updates takes too long (0.028s)
GlobalTracer.printPidInfo_Info: [10.001] elevatorPidController: Target=  34.8, Input=  34.3, Error=   0.4, PIDTerms= 0.090/ 0.014/ 0.000/ 0.000, Output= 0.104(-1.000/1.000), Volt=12.4(9.5)
GlobalTracer.startCompetition_Warn: AUTO_MODE.updates takes too long (0.035s)
GlobalTracer.printPidInfo_Info: [10.074] elevatorPidController: Target=  34.8, Input=  34.3, Error=   0.4, PIDTerms= 0.090/ 0.014/ 0.000/ 0.000, Output= 0.104(-1.000/1.000), Volt=12.4(9.5)
GlobalTracer.startCompetition_Warn: AUTO_MODE.updates takes too long (0.025s)
GlobalTracer.printPidInfo_Info: [10.134] elevatorPidController: Target=  34.8, Input=  34.3, Error=   0.4, PIDTerms= 0.090/ 0.014/ 0.000/ 0.000, Output= 0.104(-1.000/1.000), Volt=12.4(9.5)
GlobalTracer.startCompetition_Warn: AUTO_MODE.updates takes too long (0.027s)
GlobalTracer.printPidInfo_Info: [10.184] elevatorPidController: Target=  34.8, Input=  34.3, Error=   0.4, PIDTerms= 0.090/ 0.014/ 0.000/ 0.000, Output= 0.104(-1.000/1.000), Volt=12.4(9.5)
GlobalTracer.startCompetition_Warn: AUTO_MODE.updates takes too long (0.037s)
GlobalTracer.printPidInfo_Info: [10.254] elevatorPidController: Target=  34.8, Input=  34.3, Error=   0.4, PIDTerms= 0.090/ 0.014/ 0.000/ 0.000, Output= 0.104(-1.000/1.000), Volt=12.4(9.5)
GlobalTracer.startCompetition_Warn: AUTO_MODE.updates takes too long (0.033s)
GlobalTracer.printPidInfo_Info: [10.322] elevatorPidController: Target=  34.8, Input=  34.3, Error=   0.4, PIDTerms= 0.090/ 0.014/ 0.000/ 0.000, Output= 0.104(-1.000/1.000), Volt=12.4(9.5)
GlobalTracer.startCompetition_Warn: AUTO_MODE.runPeriodic takes too long (0.023s)
GlobalTracer.startCompetition_Warn: AUTO_MODE.updates takes too long (0.045s)
GlobalTracer.printPidInfo_Info: [10.405] elevatorPidController: Target=  34.8, Input=  34.3, Error=   0.4, PIDTerms= 0.090/ 0.014/ 0.000/ 0.000, Output= 0.104(-1.000/1.000), Volt=12.4(9.5)
GlobalTracer.startCompetition_Warn: AUTO_MODE.updates takes too long (0.040s)
GlobalTracer.printPidInfo_Info: [10.490] elevatorPidController: Target=  34.8, Input=  34.3, Error=   0.4, PIDTerms= 0.090/ 0.014/ 0.000/ 0.000, Output= 0.104(-1.000/1.000), Volt=12.4(9.5)
GlobalTracer.startCompetition_Warn: AUTO_MODE.updates takes too long (0.025s)
GlobalTracer.printPidInfo_Info: [10.548] elevatorPidController: Target=  34.8, Input=  34.3, Error=   0.4, PIDTerms= 0.090/ 0.014/ 0.000/ 0.000, Output= 0.104(-1.000/1.000), Volt=12.4(9.5)
GlobalTracer.startCompetition_Warn: AUTO_MODE.updates takes too long (0.034s)
GlobalTracer.printPidInfo_Info: [10.612] elevatorPidController: Target=  34.8, Input=  34.3, Error=   0.4, PIDTerms= 0.090/ 0.014/ 0.000/ 0.000, Output= 0.104(-1.000/1.000), Volt=12.4(9.5)
GlobalTracer.startCompetition_Warn: AUTO_MODE.updates takes too long (0.032s)
GlobalTracer.printPidInfo_Info: [10.678] elevatorPidController: Target=  34.8, Input=  34.3, Error=   0.4, PIDTerms= 0.090/ 0.014/ 0.000/ 0.000, Output= 0.104(-1.000/1.000), Volt=12.4(9.5)
GlobalTracer.startCompetition_Warn: AUTO_MODE.updates takes too long (0.040s)
GlobalTracer.printPidInfo_Info: [10.753] elevatorPidController: Target=  34.8, Input=  34.3, Error=   0.4, PIDTerms= 0.090/ 0.014/ 0.000/ 0.000, Output= 0.104(-1.000/1.000), Volt=12.4(9.5)
GlobalTracer.startCompetition_Warn: AUTO_MODE.runPeriodic takes too long (0.020s)
GlobalTracer.startCompetition_Warn: AUTO_MODE.updates takes too long (0.032s)
GlobalTracer.printPidInfo_Info: [10.824] elevatorPidController: Target=  34.8, Input=  34.3, Error=   0.4, PIDTerms= 0.090/ 0.015/ 0.000/ 0.000, Output= 0.104(-1.000/1.000), Volt=12.4(9.5)
GlobalTracer.startCompetition_Warn: AUTO_MODE.runPeriodic takes too long (0.021s)
GlobalTracer.startCompetition_Warn: AUTO_MODE.updates takes too long (0.033s)
GlobalTracer.printPidInfo_Info: [10.902] elevatorPidController: Target=  34.8, Input=  34.3, Error=   0.4, PIDTerms= 0.090/ 0.015/ 0.000/ 0.000, Output= 0.104(-1.000/1.000), Volt=12.4(9.5)
GlobalTracer.startCompetition_Warn: AUTO_MODE.runPeriodic takes too long (0.021s)
GlobalTracer.startCompetition_Warn: AUTO_MODE.updates takes too long (0.036s)
GlobalTracer.printPidInfo_Info: [10.974] elevatorPidController: Target=  34.8, Input=  34.3, Error=   0.4, PIDTerms= 0.090/ 0.015/ 0.000/ 0.000, Output= 0.104(-1.000/1.000), Volt=12.4(9.5)
GlobalTracer.startCompetition_Warn: AUTO_MODE.runPeriodic takes too long (0.020s)
GlobalTracer.startCompetition_Warn: AUTO_MODE.updates takes too long (0.040s)
GlobalTracer.printPidInfo_Info: [11.061] elevatorPidController: Target=  34.8, Input=  34.3, Error=   0.4, PIDTerms= 0.090/ 0.015/ 0.000/ 0.000, Output= 0.104(-1.000/1.000), Volt=12.4(9.5)
GlobalTracer.startCompetition_Warn: AUTO_MODE.runPeriodic takes too long (0.021s)
GlobalTracer.startCompetition_Warn: AUTO_MODE.updates takes too long (0.030s)
GlobalTracer.printPidInfo_Info: [11.132] elevatorPidController: Target=  34.8, Input=  34.3, Error=   0.4, PIDTerms= 0.090/ 0.015/ 0.000/ 0.000, Output= 0.104(-1.000/1.000), Volt=12.4(9.5)
GlobalTracer.startCompetition_Warn: AUTO_MODE.runPeriodic takes too long (0.021s)
GlobalTracer.startCompetition_Warn: AUTO_MODE.updates takes too long (0.033s)
GlobalTracer.printPidInfo_Info: [11.219] elevatorPidController: Target=  34.8, Input=  34.3, Error=   0.4, PIDTerms= 0.090/ 0.015/ 0.000/ 0.000, Output= 0.105(-1.000/1.000), Volt=12.5(9.5)
GlobalTracer.startCompetition_Warn: AUTO_MODE.updates takes too long (0.028s)
GlobalTracer.printPidInfo_Info: [11.296] elevatorPidController: Target=  34.8, Input=  34.3, Error=   0.4, PIDTerms= 0.090/ 0.015/ 0.000/ 0.000, Output= 0.105(-1.000/1.000), Volt=12.4(9.5)
GlobalTracer.startCompetition_Warn: AUTO_MODE.updates takes too long (0.035s)
GlobalTracer.printPidInfo_Info: [11.372] elevatorPidController: Target=  34.8, Input=  34.3, Error=   0.4, PIDTerms= 0.090/ 0.015/ 0.000/ 0.000, Output= 0.105(-1.000/1.000), Volt=12.4(9.5)
GlobalTracer.startCompetition_Warn: AUTO_MODE.updates takes too long (0.028s)
GlobalTracer.printPidInfo_Info: [11.431] elevatorPidController: Target=  34.8, Input=  34.3, Error=   0.4, PIDTerms= 0.090/ 0.015/ 0.000/ 0.000, Output= 0.105(-1.000/1.000), Volt=12.4(9.5)
GlobalTracer.startCompetition_Warn: AUTO_MODE.updates takes too long (0.040s)
GlobalTracer.printPidInfo_Info: [11.508] elevatorPidController: Target=  34.8, Input=  34.3, Error=   0.4, PIDTerms= 0.090/ 0.015/ 0.000/ 0.000, Output= 0.105(-1.000/1.000), Volt=12.4(9.5)
GlobalTracer.startCompetition_Warn: AUTO_MODE.updates takes too long (0.026s)
GlobalTracer.printPidInfo_Info: [11.577] elevatorPidController: Target=  34.8, Input=  34.3, Error=   0.4, PIDTerms= 0.090/ 0.015/ 0.000/ 0.000, Output= 0.105(-1.000/1.000), Volt=12.4(9.5)
GlobalTracer.startCompetition_Warn: AUTO_MODE.updates takes too long (0.027s)
GlobalTracer.printPidInfo_Info: [11.634] elevatorPidController: Target=  34.8, Input=  34.3, Error=   0.4, PIDTerms= 0.090/ 0.015/ 0.000/ 0.000, Output= 0.105(-1.000/1.000), Volt=12.4(9.5)
GlobalTracer.startCompetition_Warn: AUTO_MODE.updates takes too long (0.036s)
GlobalTracer.printPidInfo_Info: [11.709] elevatorPidController: Target=  34.8, Input=  34.3, Error=   0.4, PIDTerms= 0.090/ 0.015/ 0.000/ 0.000, Output= 0.105(-1.000/1.000), Volt=12.4(9.5)
GlobalTracer.startCompetition_Warn: AUTO_MODE.updates takes too long (0.029s)
GlobalTracer.printPidInfo_Info: [11.777] elevatorPidController: Target=  34.8, Input=  34.3, Error=   0.4, PIDTerms= 0.090/ 0.015/ 0.000/ 0.000, Output= 0.105(-1.000/1.000), Volt=12.4(9.5)
GlobalTracer.startCompetition_Warn: AUTO_MODE.runPeriodic takes too long (0.021s)
GlobalTracer.startCompetition_Warn: AUTO_MODE.updates takes too long (0.030s)
GlobalTracer.printPidInfo_Info: [11.850] elevatorPidController: Target=  34.8, Input=  34.3, Error=   0.4, PIDTerms= 0.090/ 0.015/ 0.000/ 0.000, Output= 0.105(-1.000/1.000), Volt=12.4(9.5)
GlobalTracer.startCompetition_Warn: AUTO_MODE.updates takes too long (0.030s)
GlobalTracer.printPidInfo_Info: [11.917] elevatorPidController: Target=  34.8, Input=  34.3, Error=   0.4, PIDTerms= 0.090/ 0.015/ 0.000/ 0.000, Output= 0.105(-1.000/1.000), Volt=12.4(9.5)
GlobalTracer.startCompetition_Warn: AUTO_MODE.updates takes too long (0.029s)
GlobalTracer.printPidInfo_Info: [11.989] elevatorPidController: Target=  34.8, Input=  34.3, Error=   0.4, PIDTerms= 0.090/ 0.015/ 0.000/ 0.000, Output= 0.105(-1.000/1.000), Volt=12.5(9.5)
GlobalTracer.startCompetition_Warn: AUTO_MODE.updates takes too long (0.025s)
GlobalTracer.printPidInfo_Info: [12.050] elevatorPidController: Target=  34.8, Input=  34.3, Error=   0.4, PIDTerms= 0.090/ 0.015/ 0.000/ 0.000, Output= 0.105(-1.000/1.000), Volt=12.4(9.5)
GlobalTracer.startCompetition_Warn: AUTO_MODE.updates takes too long (0.024s)
GlobalTracer.printPidInfo_Info: [12.105] elevatorPidController: Target=  34.8, Input=  34.3, Error=   0.4, PIDTerms= 0.090/ 0.015/ 0.000/ 0.000, Output= 0.105(-1.000/1.000), Volt=12.4(9.5)
GlobalTracer.startCompetition_Warn: AUTO_MODE.updates takes too long (0.029s)
GlobalTracer.printPidInfo_Info: [12.171] elevatorPidController: Target=  34.8, Input=  34.3, Error=   0.4, PIDTerms= 0.090/ 0.015/ 0.000/ 0.000, Output= 0.105(-1.000/1.000), Volt=12.4(9.5)
GlobalTracer.startCompetition_Warn: AUTO_MODE.updates takes too long (0.029s)
GlobalTracer.printPidInfo_Info: [12.234] elevatorPidController: Target=  34.8, Input=  34.3, Error=   0.4, PIDTerms= 0.090/ 0.015/ 0.000/ 0.000, Output= 0.105(-1.000/1.000), Volt=12.5(9.5)
GlobalTracer.startCompetition_Warn: AUTO_MODE.updates takes too long (0.025s)
GlobalTracer.printPidInfo_Info: [12.300] elevatorPidController: Target=  34.8, Input=  34.3, Error=   0.4, PIDTerms= 0.090/ 0.015/ 0.000/ 0.000, Output= 0.105(-1.000/1.000), Volt=12.4(9.5)
GlobalTracer.startCompetition_Warn: AUTO_MODE.updates takes too long (0.028s)
GlobalTracer.printPidInfo_Info: [12.373] elevatorPidController: Target=  34.8, Input=  34.3, Error=   0.4, PIDTerms= 0.090/ 0.015/ 0.000/ 0.000, Output= 0.105(-1.000/1.000), Volt=12.4(9.5)
GlobalTracer.startCompetition_Warn: AUTO_MODE.updates takes too long (0.023s)
GlobalTracer.printPidInfo_Info: [12.439] elevatorPidController: Target=  34.8, Input=  34.3, Error=   0.4, PIDTerms= 0.090/ 0.015/ 0.000/ 0.000, Output= 0.105(-1.000/1.000), Volt=12.4(9.5)
GlobalTracer.startCompetition_Warn: AUTO_MODE.updates takes too long (0.038s)
GlobalTracer.printPidInfo_Info: [12.516] elevatorPidController: Target=  34.8, Input=  34.3, Error=   0.4, PIDTerms= 0.090/ 0.015/ 0.000/ 0.000, Output= 0.105(-1.000/1.000), Volt=12.4(9.5)
GlobalTracer.startCompetition_Warn: AUTO_MODE.updates takes too long (0.041s)
GlobalTracer.printPidInfo_Info: [12.595] elevatorPidController: Target=  34.8, Input=  34.3, Error=   0.4, PIDTerms= 0.090/ 0.015/ 0.000/ 0.000, Output= 0.105(-1.000/1.000), Volt=12.4(9.5)
GlobalTracer.startCompetition_Warn: AUTO_MODE.updates takes too long (0.027s)
GlobalTracer.printPidInfo_Info: [12.653] elevatorPidController: Target=  34.8, Input=  34.3, Error=   0.4, PIDTerms= 0.090/ 0.015/ 0.000/ 0.000, Output= 0.105(-1.000/1.000), Volt=12.4(9.5)
GlobalTracer.startCompetition_Warn: AUTO_MODE.runPeriodic takes too long (0.032s)
GlobalTracer.startCompetition_Warn: AUTO_MODE.updates takes too long (0.032s)
GlobalTracer.printPidInfo_Info: [12.748] elevatorPidController: Target=  34.8, Input=  34.3, Error=   0.4, PIDTerms= 0.090/ 0.015/ 0.000/ 0.000, Output= 0.105(-1.000/1.000), Volt=12.4(9.5)
GlobalTracer.startCompetition_Warn: AUTO_MODE.updates takes too long (0.037s)
GlobalTracer.printPidInfo_Info: [12.825] elevatorPidController: Target=  34.8, Input=  34.3, Error=   0.4, PIDTerms= 0.090/ 0.015/ 0.000/ 0.000, Output= 0.105(-1.000/1.000), Volt=12.4(9.5)
GlobalTracer.startCompetition_Warn: AUTO_MODE.updates takes too long (0.029s)
GlobalTracer.printPidInfo_Info: [12.897] elevatorPidController: Target=  34.8, Input=  34.3, Error=   0.4, PIDTerms= 0.090/ 0.015/ 0.000/ 0.000, Output= 0.105(-1.000/1.000), Volt=12.4(9.5)
GlobalTracer.startCompetition_Warn: AUTO_MODE.updates takes too long (0.032s)
GlobalTracer.printPidInfo_Info: [12.965] elevatorPidController: Target=  34.8, Input=  34.3, Error=   0.4, PIDTerms= 0.090/ 0.015/ 0.000/ 0.000, Output= 0.105(-1.000/1.000), Volt=12.4(9.5)
GlobalTracer.printPidInfo_Info: [13.012] elevatorPidController: Target=  34.8, Input=  34.3, Error=   0.4, PIDTerms= 0.090/ 0.016/ 0.000/ 0.000, Output= 0.105(-1.000/1.000), Volt=12.4(9.5)
GlobalTracer.startCompetition_Warn: AUTO_MODE.runPeriodic takes too long (0.024s)
GlobalTracer.startCompetition_Warn: AUTO_MODE.updates takes too long (0.038s)
GlobalTracer.printPidInfo_Info: [13.094] elevatorPidController: Target=  34.8, Input=  34.3, Error=   0.4, PIDTerms= 0.090/ 0.016/ 0.000/ 0.000, Output= 0.105(-1.000/1.000), Volt=12.4(9.5)
GlobalTracer.startCompetition_Warn: AUTO_MODE.updates takes too long (0.028s)
GlobalTracer.printPidInfo_Info: [13.156] elevatorPidController: Target=  34.8, Input=  34.3, Error=   0.4, PIDTerms= 0.090/ 0.016/ 0.000/ 0.000, Output= 0.105(-1.000/1.000), Volt=12.4(9.5)
GlobalTracer.startCompetition_Warn: AUTO_MODE.updates takes too long (0.029s)
GlobalTracer.printPidInfo_Info: [13.225] elevatorPidController: Target=  34.8, Input=  34.3, Error=   0.4, PIDTerms= 0.090/ 0.016/ 0.000/ 0.000, Output= 0.105(-1.000/1.000), Volt=12.4(9.5)
GlobalTracer.startCompetition_Warn: AUTO_MODE.updates takes too long (0.026s)
GlobalTracer.printPidInfo_Info: [13.279] elevatorPidController: Target=  34.8, Input=  34.3, Error=   0.4, PIDTerms= 0.090/ 0.016/ 0.000/ 0.000, Output= 0.105(-1.000/1.000), Volt=12.4(9.5)
GlobalTracer.startCompetition_Warn: AUTO_MODE.runPeriodic takes too long (0.022s)
GlobalTracer.startCompetition_Warn: AUTO_MODE.updates takes too long (0.027s)
GlobalTracer.printPidInfo_Info: [13.358] elevatorPidController: Target=  34.8, Input=  34.3, Error=   0.4, PIDTerms= 0.090/ 0.016/ 0.000/ 0.000, Output= 0.105(-1.000/1.000), Volt=12.4(9.5)
GlobalTracer.startCompetition_Warn: AUTO_MODE.runPeriodic takes too long (0.021s)
GlobalTracer.startCompetition_Warn: AUTO_MODE.updates takes too long (0.032s)
GlobalTracer.printPidInfo_Info: [13.437] elevatorPidController: Target=  34.8, Input=  34.3, Error=   0.4, PIDTerms= 0.090/ 0.016/ 0.000/ 0.000, Output= 0.106(-1.000/1.000), Volt=12.4(9.5)
GlobalTracer.startCompetition_Warn: AUTO_MODE.updates takes too long (0.037s)
GlobalTracer.printPidInfo_Info: [13.498] elevatorPidController: Target=  34.8, Input=  34.3, Error=   0.4, PIDTerms= 0.090/ 0.016/ 0.000/ 0.000, Output= 0.106(-1.000/1.000), Volt=12.4(9.5)
GlobalTracer.startCompetition_Warn: AUTO_MODE.updates takes too long (0.022s)
GlobalTracer.printPidInfo_Info: [13.562] elevatorPidController: Target=  34.8, Input=  34.3, Error=   0.4, PIDTerms= 0.090/ 0.016/ 0.000/ 0.000, Output= 0.106(-1.000/1.000), Volt=12.4(9.5)
GlobalTracer.startCompetition_Warn: AUTO_MODE.runPeriodic takes too long (0.021s)
GlobalTracer.startCompetition_Warn: AUTO_MODE.updates takes too long (0.025s)
GlobalTracer.printPidInfo_Info: [13.634] elevatorPidController: Target=  34.8, Input=  34.3, Error=   0.4, PIDTerms= 0.090/ 0.016/ 0.000/ 0.000, Output= 0.106(-1.000/1.000), Volt=12.4(9.5)
GlobalTracer.startCompetition_Warn: AUTO_MODE.updates takes too long (0.026s)
GlobalTracer.printPidInfo_Info: [13.705] elevatorPidController: Target=  34.8, Input=  34.3, Error=   0.4, PIDTerms= 0.090/ 0.016/ 0.000/ 0.000, Output= 0.106(-1.000/1.000), Volt=12.4(9.5)
GlobalTracer.startCompetition_Warn: AUTO_MODE.updates takes too long (0.040s)
GlobalTracer.printPidInfo_Info: [13.776] elevatorPidController: Target=  34.8, Input=  34.3, Error=   0.4, PIDTerms= 0.090/ 0.016/ 0.000/ 0.000, Output= 0.106(-1.000/1.000), Volt=12.4(9.5)
GlobalTracer.printPidInfo_Info: [13.834] elevatorPidController: Target=  34.8, Input=  34.3, Error=   0.4, PIDTerms= 0.090/ 0.016/ 0.000/ 0.000, Output= 0.106(-1.000/1.000), Volt=12.4(9.5)
GlobalTracer.startCompetition_Warn: AUTO_MODE.runPeriodic takes too long (0.020s)
GlobalTracer.startCompetition_Warn: AUTO_MODE.updates takes too long (0.031s)
GlobalTracer.printPidInfo_Info: [13.908] elevatorPidController: Target=  34.8, Input=  34.3, Error=   0.4, PIDTerms= 0.090/ 0.016/ 0.000/ 0.000, Output= 0.106(-1.000/1.000), Volt=12.4(9.5)
GlobalTracer.startCompetition_Warn: AUTO_MODE.runPeriodic takes too long (0.027s)
GlobalTracer.startCompetition_Warn: AUTO_MODE.updates takes too long (0.020s)
GlobalTracer.printPidInfo_Info: [13.975] elevatorPidController: Target=  34.8, Input=  34.3, Error=   0.4, PIDTerms= 0.090/ 0.016/ 0.000/ 0.000, Output= 0.106(-1.000/1.000), Volt=12.5(9.5)
GlobalTracer.printPidInfo_Info: [14.024] elevatorPidController: Target=  34.8, Input=  34.3, Error=   0.4, PIDTerms= 0.090/ 0.016/ 0.000/ 0.000, Output= 0.106(-1.000/1.000), Volt=12.5(9.5)
GlobalTracer.startCompetition_Warn: AUTO_MODE.updates takes too long (0.022s)
GlobalTracer.printPidInfo_Info: [14.068] elevatorPidController: Target=  34.8, Input=  34.3, Error=   0.4, PIDTerms= 0.090/ 0.016/ 0.000/ 0.000, Output= 0.106(-1.000/1.000), Volt=12.4(9.5)
GlobalTracer.startCompetition_Warn: AUTO_MODE.updates takes too long (0.033s)
GlobalTracer.printPidInfo_Info: [14.132] elevatorPidController: Target=  34.8, Input=  34.3, Error=   0.4, PIDTerms= 0.090/ 0.016/ 0.000/ 0.000, Output= 0.106(-1.000/1.000), Volt=12.4(9.5)
GlobalTracer.startCompetition_Warn: AUTO_MODE.updates takes too long (0.039s)
GlobalTracer.printPidInfo_Info: [14.212] elevatorPidController: Target=  34.8, Input=  34.3, Error=   0.4, PIDTerms= 0.090/ 0.016/ 0.000/ 0.000, Output= 0.106(-1.000/1.000), Volt=12.5(9.5)
GlobalTracer.startCompetition_Warn: AUTO_MODE.runPeriodic takes too long (0.021s)
GlobalTracer.startCompetition_Warn: AUTO_MODE.updates takes too long (0.029s)
GlobalTracer.printPidInfo_Info: [14.290] elevatorPidController: Target=  34.8, Input=  34.3, Error=   0.4, PIDTerms= 0.090/ 0.016/ 0.000/ 0.000, Output= 0.106(-1.000/1.000), Volt=12.4(9.5)
GlobalTracer.startCompetition_Warn: AUTO_MODE.updates takes too long (0.030s)
GlobalTracer.printPidInfo_Info: [14.344] elevatorPidController: Target=  34.8, Input=  34.3, Error=   0.4, PIDTerms= 0.090/ 0.016/ 0.000/ 0.000, Output= 0.106(-1.000/1.000), Volt=12.4(9.5)
GlobalTracer.startCompetition_Warn: AUTO_MODE.updates takes too long (0.030s)
GlobalTracer.printPidInfo_Info: [14.417] elevatorPidController: Target=  34.8, Input=  34.3, Error=   0.4, PIDTerms= 0.090/ 0.016/ 0.000/ 0.000, Output= 0.106(-1.000/1.000), Volt=12.4(9.5)
GlobalTracer.startCompetition_Warn: AUTO_MODE.updates takes too long (0.030s)
GlobalTracer.printPidInfo_Info: [14.490] elevatorPidController: Target=  34.8, Input=  34.3, Error=   0.4, PIDTerms= 0.090/ 0.016/ 0.000/ 0.000, Output= 0.106(-1.000/1.000), Volt=12.4(9.5)
GlobalTracer.startCompetition_Warn: AUTO_MODE.updates takes too long (0.030s)
GlobalTracer.printPidInfo_Info: [14.556] elevatorPidController: Target=  34.8, Input=  34.3, Error=   0.4, PIDTerms= 0.090/ 0.016/ 0.000/ 0.000, Output= 0.106(-1.000/1.000), Volt=12.4(9.5)
GlobalTracer.startCompetition_Warn: AUTO_MODE.updates takes too long (0.023s)
GlobalTracer.printPidInfo_Info: [14.617] elevatorPidController: Target=  34.8, Input=  34.3, Error=   0.4, PIDTerms= 0.090/ 0.016/ 0.000/ 0.000, Output= 0.106(-1.000/1.000), Volt=12.4(9.5)
GlobalTracer.startCompetition_Warn: AUTO_MODE.updates takes too long (0.028s)
GlobalTracer.printPidInfo_Info: [14.682] elevatorPidController: Target=  34.8, Input=  34.3, Error=   0.4, PIDTerms= 0.090/ 0.016/ 0.000/ 0.000, Output= 0.106(-1.000/1.000), Volt=12.4(9.5)
GlobalTracer.startCompetition_Warn: AUTO_MODE.updates takes too long (0.035s)
GlobalTracer.printPidInfo_Info: [14.756] elevatorPidController: Target=  34.8, Input=  34.3, Error=   0.4, PIDTerms= 0.090/ 0.016/ 0.000/ 0.000, Output= 0.106(-1.000/1.000), Volt=12.4(9.5)
GlobalTracer.startCompetition_Warn: AUTO_MODE.updates takes too long (0.026s)
GlobalTracer.printPidInfo_Info: [14.816] elevatorPidController: Target=  34.8, Input=  34.3, Error=   0.4, PIDTerms= 0.090/ 0.016/ 0.000/ 0.000, Output= 0.106(-1.000/1.000), Volt=12.4(9.5)
GlobalTracer.startCompetition_Warn: AUTO_MODE.updates takes too long (0.034s)
GlobalTracer.printPidInfo_Info: [14.891] elevatorPidController: Target=  34.8, Input=  34.3, Error=   0.4, PIDTerms= 0.090/ 0.016/ 0.000/ 0.000, Output= 0.106(-1.000/1.000), Volt=12.4(9.5)
GlobalTracer.startCompetition_Warn: AUTO_MODE.updates takes too long (0.030s)
GlobalTracer.printPidInfo_Info: [14.946] elevatorPidController: Target=  34.8, Input=  34.3, Error=   0.4, PIDTerms= 0.090/ 0.016/ 0.000/ 0.000, Output= 0.106(-1.000/1.000), Volt=12.4(9.5)
GlobalTracer.startCompetition_Warn: AUTO_MODE.runPeriodic takes too long (0.021s)
GlobalTracer.startCompetition_Warn: AUTO_MODE.updates takes too long (0.028s)
GlobalTracer.printPidInfo_Info: [15.013] elevatorPidController: Target=  34.8, Input=  34.3, Error=   0.4, PIDTerms= 0.090/ 0.016/ 0.000/ 0.000, Output= 0.106(-1.000/1.000), Volt=12.5(9.5)
GlobalTracer.startCompetition_Warn: AUTO_MODE.runPeriodic takes too long (0.024s)
GlobalTracer.startCompetition_Warn: AUTO_MODE.updates takes too long (0.038s)
GlobalTracer.printPidInfo_Info: [15.100] elevatorPidController: Target=  34.8, Input=  34.3, Error=   0.4, PIDTerms= 0.090/ 0.016/ 0.000/ 0.000, Output= 0.106(-1.000/1.000), Volt=12.5(9.5)
GlobalTracer.startCompetition_Warn: AUTO_MODE.updates takes too long (0.029s)
GlobalTracer.printPidInfo_Info: [15.164] elevatorPidController: Target=  34.8, Input=  34.3, Error=   0.4, PIDTerms= 0.090/ 0.016/ 0.000/ 0.000, Output= 0.106(-1.000/1.000), Volt=12.5(9.5)
GlobalTracer.startCompetition_Warn: AUTO_MODE.updates takes too long (0.022s)
GlobalTracer.printPidInfo_Info: [15.232] elevatorPidController: Target=  34.8, Input=  34.3, Error=   0.4, PIDTerms= 0.090/ 0.016/ 0.000/ 0.000, Output= 0.106(-1.000/1.000), Volt=12.4(9.5)
GlobalTracer.startCompetition_Warn: AUTO_MODE.updates takes too long (0.034s)
GlobalTracer.printPidInfo_Info: [15.295] elevatorPidController: Target=  34.8, Input=  34.3, Error=   0.4, PIDTerms= 0.090/ 0.017/ 0.000/ 0.000, Output= 0.106(-1.000/1.000), Volt=12.5(9.5)
GlobalTracer.startCompetition_Warn: AUTO_MODE.updates takes too long (0.037s)
GlobalTracer.Vision_Info: Pixy is disabled!
GlobalTracer.TaskPerformance_Info: leftDriveStick.prePeriodic: PrePeriodic=0.000012, PostPeriodic=NaN, PreContinuous=NaN, PostContinous=NaN
GlobalTracer.TaskPerformance_Info: rightDriveStick.prePeriodic: PrePeriodic=0.000007, PostPeriodic=NaN, PreContinuous=NaN, PostContinous=NaN
GlobalTracer.TaskPerformance_Info: operatorStick.prePeriodic: PrePeriodic=0.000005, PostPeriodic=NaN, PreContinuous=NaN, PostContinous=NaN
GlobalTracer.TaskPerformance_Info: TrcRobotBattery.preContinuous: PrePeriodic=NaN, PostPeriodic=NaN, PreContinuous=0.002429, PostContinous=NaN
GlobalTracer.TaskPerformance_Info: LeftSonar.preContinuous: PrePeriodic=NaN, PostPeriodic=NaN, PreContinuous=NaN, PostContinous=NaN
GlobalTracer.TaskPerformance_Info: LeftSonar.preContinuous: PrePeriodic=NaN, PostPeriodic=NaN, PreContinuous=NaN, PostContinous=NaN
GlobalTracer.TaskPerformance_Info: RightSonar.preContinuous: PrePeriodic=NaN, PostPeriodic=NaN, PreContinuous=0.001108, PostContinous=NaN
GlobalTracer.TaskPerformance_Info: RightSonar.preContinuous: PrePeriodic=NaN, PostPeriodic=NaN, PreContinuous=0.000270, PostContinous=NaN
GlobalTracer.TaskPerformance_Info: LeftFrontWheel.stop: PrePeriodic=NaN, PostPeriodic=NaN, PreContinuous=NaN, PostContinous=NaN
GlobalTracer.TaskPerformance_Info: LeftFrontWheel.preContinuousTask: PrePeriodic=NaN, PostPeriodic=NaN, PreContinuous=NaN, PostContinous=NaN
GlobalTracer.TaskPerformance_Info: LeftRearWheel.stop: PrePeriodic=NaN, PostPeriodic=NaN, PreContinuous=NaN, PostContinous=NaN
GlobalTracer.TaskPerformance_Info: LeftRearWheel.preContinuousTask: PrePeriodic=NaN, PostPeriodic=NaN, PreContinuous=NaN, PostContinous=NaN
GlobalTracer.TaskPerformance_Info: RightFrontWheel.stop: PrePeriodic=NaN, PostPeriodic=NaN, PreContinuous=NaN, PostContinous=NaN
GlobalTracer.TaskPerformance_Info: RightFrontWheel.preContinuousTask: PrePeriodic=NaN, PostPeriodic=NaN, PreContinuous=NaN, PostContinous=NaN
GlobalTracer.TaskPerformance_Info: RightRearWheel.stop: PrePeriodic=NaN, PostPeriodic=NaN, PreContinuous=NaN, PostContinous=NaN
GlobalTracer.TaskPerformance_Info: RightRearWheel.preContinuousTask: PrePeriodic=NaN, PostPeriodic=NaN, PreContinuous=NaN, PostContinous=NaN
GlobalTracer.TaskPerformance_Info: TrcDriveBase.stop: PrePeriodic=NaN, PostPeriodic=NaN, PreContinuous=NaN, PostContinous=NaN
GlobalTracer.TaskPerformance_Info: TrcDriveBase.preContinuous: PrePeriodic=NaN, PostPeriodic=NaN, PreContinuous=0.006558, PostContinous=NaN
GlobalTracer.TaskPerformance_Info:    pidDrive.stop: PrePeriodic=NaN, PostPeriodic=NaN, PreContinuous=NaN, PostContinous=NaN
GlobalTracer.TaskPerformance_Info: pidDrive.postContinuous: PrePeriodic=NaN, PostPeriodic=NaN, PreContinuous=NaN, PostContinous=0.028879
GlobalTracer.TaskPerformance_Info: elevatorMotor.stop: PrePeriodic=NaN, PostPeriodic=NaN, PreContinuous=NaN, PostContinous=NaN
GlobalTracer.TaskPerformance_Info: elevatorMotor.preContinuousTask: PrePeriodic=NaN, PostPeriodic=NaN, PreContinuous=NaN, PostContinous=NaN
GlobalTracer.TaskPerformance_Info:    elevator.stop: PrePeriodic=NaN, PostPeriodic=NaN, PreContinuous=NaN, PostContinous=NaN
GlobalTracer.TaskPerformance_Info: elevator.postContinuous: PrePeriodic=NaN, PostPeriodic=NaN, PreContinuous=NaN, PostContinous=0.001721
GlobalTracer.TaskPerformance_Info: elevatorMotor.preContinuous: PrePeriodic=NaN, PostPeriodic=NaN, PreContinuous=0.000496, PostContinous=NaN
GlobalTracer.TaskPerformance_Info: LeftPickupMotor.stop: PrePeriodic=NaN, PostPeriodic=NaN, PreContinuous=NaN, PostContinous=NaN
GlobalTracer.TaskPerformance_Info: LeftPickupMotor.preContinuousTask: PrePeriodic=NaN, PostPeriodic=NaN, PreContinuous=NaN, PostContinous=NaN
GlobalTracer.TaskPerformance_Info: RightPickupMotor.stop: PrePeriodic=NaN, PostPeriodic=NaN, PreContinuous=NaN, PostContinous=NaN
GlobalTracer.TaskPerformance_Info: RightPickupMotor.preContinuousTask: PrePeriodic=NaN, PostPeriodic=NaN, PreContinuous=NaN, PostContinous=NaN
GlobalTracer.TaskPerformance_Info: CubePickupClaw.stop: PrePeriodic=NaN, PostPeriodic=NaN, PreContinuous=NaN, PostContinous=NaN
GlobalTracer.TaskPerformance_Info: CubePickupClaw.postContinuous: PrePeriodic=NaN, PostPeriodic=NaN, PreContinuous=NaN, PostContinous=NaN
GlobalTracer.TaskPerformance_Info: CubePickupClaw.preContinuous: PrePeriodic=NaN, PostPeriodic=NaN, PreContinuous=NaN, PostContinous=NaN
GlobalTracer.TaskPerformance_Info: CubePickupDeploy.stop: PrePeriodic=NaN, PostPeriodic=NaN, PreContinuous=NaN, PostContinous=NaN
GlobalTracer.TaskPerformance_Info: CubePickupDeploy.postContinuous: PrePeriodic=NaN, PostPeriodic=NaN, PreContinuous=NaN, PostContinous=NaN
GlobalTracer.TaskPerformance_Info: CubePickupDeploy.preContinuous: PrePeriodic=NaN, PostPeriodic=NaN, PreContinuous=NaN, PostContinous=NaN
GlobalTracer.TaskPerformance_Info: CubeProximityTrigger.preContinuous: PrePeriodic=NaN, PostPeriodic=NaN, PreContinuous=NaN, PostContinous=NaN
GlobalTracer.TaskPerformance_Info: PickupCurrentTrigger.preContinuous: PrePeriodic=NaN, PostPeriodic=NaN, PreContinuous=NaN, PostContinous=NaN
GlobalTracer.TaskPerformance_Info:       pickupTask: PrePeriodic=NaN, PostPeriodic=NaN, PreContinuous=NaN, PostContinous=NaN
GlobalTracer.TaskPerformance_Info: pickupTimer.preContinuous: PrePeriodic=NaN, PostPeriodic=NaN, PreContinuous=NaN, PostContinous=NaN
GlobalTracer.TaskPerformance_Info: WinchMaster.stop: PrePeriodic=NaN, PostPeriodic=NaN, PreContinuous=NaN, PostContinous=NaN
GlobalTracer.TaskPerformance_Info: WinchMaster.preContinuousTask: PrePeriodic=NaN, PostPeriodic=NaN, PreContinuous=NaN, PostContinous=NaN
GlobalTracer.TaskPerformance_Info:  WinchSlave.stop: PrePeriodic=NaN, PostPeriodic=NaN, PreContinuous=NaN, PostContinous=NaN
GlobalTracer.TaskPerformance_Info: WinchSlave.preContinuousTask: PrePeriodic=NaN, PostPeriodic=NaN, PreContinuous=NaN, PostContinous=NaN
GlobalTracer.TaskPerformance_Info: leftFlipper.stop: PrePeriodic=NaN, PostPeriodic=NaN, PreContinuous=NaN, PostContinous=NaN
GlobalTracer.TaskPerformance_Info: leftFlipper.postContinuous: PrePeriodic=NaN, PostPeriodic=NaN, PreContinuous=NaN, PostContinous=NaN
GlobalTracer.TaskPerformance_Info: leftFlipper.preContinuous: PrePeriodic=NaN, PostPeriodic=NaN, PreContinuous=NaN, PostContinous=NaN
GlobalTracer.TaskPerformance_Info: rightFlipper.stop: PrePeriodic=NaN, PostPeriodic=NaN, PreContinuous=NaN, PostContinous=NaN
GlobalTracer.TaskPerformance_Info: rightFlipper.postContinuous: PrePeriodic=NaN, PostPeriodic=NaN, PreContinuous=NaN, PostContinous=NaN
GlobalTracer.TaskPerformance_Info: rightFlipper.preContinuous: PrePeriodic=NaN, PostPeriodic=NaN, PreContinuous=NaN, PostContinous=NaN
GlobalTracer.TaskPerformance_Info: VisionTrigger.preContinuous: PrePeriodic=NaN, PostPeriodic=NaN, PreContinuous=NaN, PostContinous=NaN
GlobalTracer.TaskPerformance_Info: ExchangeTrigger.preContinuous: PrePeriodic=NaN, PostPeriodic=NaN, PreContinuous=NaN, PostContinous=NaN
GlobalTracer.TaskPerformance_Info: FrcTest.preContinuous: PrePeriodic=NaN, PostPeriodic=NaN, PreContinuous=NaN, PostContinous=NaN
GlobalTracer.TaskPerformance_Info: CmdAutoSideSwitch.preContinuous: PrePeriodic=NaN, PostPeriodic=NaN, PreContinuous=NaN, PostContinous=NaN
GlobalTracer.TaskPerformance_Info: LeftSonarTrigger.preContinuous: PrePeriodic=NaN, PostPeriodic=NaN, PreContinuous=NaN, PostContinous=NaN
GlobalTracer.TaskPerformance_Info: RightSonarTrigger.preContinuous: PrePeriodic=NaN, PostPeriodic=NaN, PreContinuous=0.001052, PostContinous=NaN
GlobalTracer.startCompetition_Warn: AUTO_MODE.stopMode takes too long (0.134s)
GlobalTracer.Robot_Info: TotalEnergy=0.959Wh
