GlobalTracer.FirstPowerUp_Info: Sat Mar 31 13:06:52 PDT 2018[0.576]: ***** Starting autonomous *****
GlobalTracer.FirstPowerUp_Info: WAAMV_Elimination_  2 (Red1) [FMSConnected=true]
GlobalTracer.CmdAutoSwitch_Info: [0.614] delay=0.0, fwdDistance=235.0, startPos=MID_POS, fastDelivery=true, getSecondCube=false
GlobalTracer.CmdAutoSwitch_Info: alliance=Red, gameSpecificMsg=RLR, delay=0.000, fwdDistance=235, startPosition=MID_POS, flipInFlight=false
GlobalTracer.Vision_Info: Pixy is enabled!
GlobalTracer.FrcAuto.startMode_Info: [0.653] startMode done!
GlobalTracer.startCompetition_Warn: AUTO_MODE.startMode takes too long (0.646s)
GlobalTracer.Robot_Info: [0.654]   DO_DELAY: xPos=  0.00,yPos=  0.00,heading=   0.0/   0.0,volts=12.9(12.9)
GlobalTracer.startCompetition_Warn: AUTO_MODE.runPeriodic takes too long (0.305s)
GlobalTracer.startCompetition_Warn: AUTO_MODE.updates takes too long (0.035s)
GlobalTracer.startCompetition_Warn: AUTO_MODE takes too long (1.027s)
GlobalTracer.Robot_Info: [1.019] DRIVE_DIAGONAL_TO_SWITCH: xPos=  0.00,yPos=  0.00,heading=   0.0/  25.0,volts=12.9(12.9)
GlobalTracer.printPidInfo_Info: [1.019] elevatorPidController: Target=  34.8, Input=   0.0, Error=  26.8, PIDTerms= 0.000/ 0.000/ 0.000/ 0.000, Output= 0.000(-1.000/1.000), Volt=12.9(12.9)
GlobalTracer.startCompetition_Warn: AUTO_MODE.runContinuous takes too long (0.021s)
GlobalTracer.printPidInfo_Info: encoderXPidCtrl: Target=   0.0, Input=   0.0, Error=   0.0, PIDTerms= 0.000/ 0.000/ 0.000/ 0.000, Output= 0.000(-0.700/0.700), Volt=12.9(12.9)
GlobalTracer.printPidInfo_Info: encoderYPidCtrl: Target= 110.0, Input=   0.0, Error= 110.0, PIDTerms= 2.200/ 0.000/ 0.000/ 0.000, Output= 0.600(-0.600/0.600), Volt=12.9(12.9)
GlobalTracer.printPidInfo_Info: gyroTurnPidCtrl: Target=  25.0, Input=   0.0, Error=  25.0, PIDTerms= 0.500/ 0.000/ 0.000/ 0.000, Output= 0.500(-0.700/0.700), Volt=12.9(12.9)
GlobalTracer.startCompetition_Warn: AUTO_MODE.postContinuousTasks takes too long (0.029s)
GlobalTracer.startCompetition_Warn: AUTO_MODE.updates takes too long (0.037s)
GlobalTracer.startCompetition_Warn: AUTO_MODE takes too long (0.122s)
GlobalTracer.printPidInfo_Info: [1.145] elevatorPidController: Target=  34.8, Input=   8.0, Error=  26.8, PIDTerms= 5.350/ 0.001/ 0.000/ 0.000, Output= 1.000(-1.000/1.000), Volt=9.4(9.3)
GlobalTracer.startCompetition_Warn: AUTO_MODE.runPeriodic takes too long (0.036s)
GlobalTracer.printPidInfo_Info: encoderXPidCtrl: Target=   0.0, Input=   0.1, Error=  -0.1, PIDTerms=-0.025/ 0.000/-0.011/ 0.000, Output=-0.036(-0.700/0.700), Volt=10.0(9.3)
GlobalTracer.printPidInfo_Info: encoderYPidCtrl: Target= 110.0, Input=   0.7, Error= 109.3, PIDTerms= 2.186/ 0.000/-0.008/ 0.000, Output= 0.600(-0.600/0.600), Volt=10.0(9.3)
GlobalTracer.printPidInfo_Info: gyroTurnPidCtrl: Target=  25.0, Input=   0.4, Error=  24.6, PIDTerms= 0.492/ 0.000/-0.005/ 0.000, Output= 0.487(-0.700/0.700), Volt=10.0(9.3)
GlobalTracer.startCompetition_Warn: AUTO_MODE.postContinuousTasks takes too long (0.065s)
GlobalTracer.startCompetition_Warn: AUTO_MODE.updates takes too long (0.033s)
GlobalTracer.startCompetition_Warn: AUTO_MODE takes too long (0.165s)
GlobalTracer.printPidInfo_Info: [1.310] elevatorPidController: Target=  34.8, Input=  12.8, Error=  22.0, PIDTerms= 4.396/ 0.005/-0.000/ 0.000, Output= 1.000(-1.000/1.000), Volt=10.1(9.3)
GlobalTracer.printPidInfo_Info: encoderXPidCtrl: Target=   0.0, Input=   0.9, Error=  -0.9, PIDTerms=-0.229/ 0.000/-0.086/ 0.000, Output=-0.315(-0.700/0.700), Volt=10.1(9.3)
GlobalTracer.printPidInfo_Info: encoderYPidCtrl: Target= 110.0, Input=   5.2, Error= 104.8, PIDTerms= 2.097/ 0.000/-0.048/ 0.000, Output= 0.600(-0.600/0.600), Volt=10.1(9.3)
GlobalTracer.printPidInfo_Info: gyroTurnPidCtrl: Target=  25.0, Input=   9.4, Error=  15.6, PIDTerms= 0.313/ 0.000/-0.111/ 0.000, Output= 0.201(-0.700/0.700), Volt=10.1(9.3)
GlobalTracer.startCompetition_Warn: AUTO_MODE.postContinuousTasks takes too long (0.024s)
GlobalTracer.startCompetition_Warn: AUTO_MODE.updates takes too long (0.025s)
GlobalTracer.printPidInfo_Info: [1.398] elevatorPidController: Target=  34.8, Input=   9.5, Error=  25.3, PIDTerms= 5.052/ 0.008/ 0.000/ 0.000, Output= 1.000(-1.000/1.000), Volt=10.3(9.3)
GlobalTracer.printPidInfo_Info: encoderXPidCtrl: Target=   0.0, Input=   1.0, Error=  -1.0, PIDTerms=-0.258/ 0.000/-0.022/ 0.000, Output=-0.279(-0.700/0.700), Volt=10.3(9.3)
GlobalTracer.printPidInfo_Info: encoderYPidCtrl: Target= 110.0, Input=   8.0, Error= 102.0, PIDTerms= 2.040/ 0.000/-0.053/ 0.000, Output= 0.600(-0.600/0.600), Volt=10.3(9.3)
GlobalTracer.printPidInfo_Info: gyroTurnPidCtrl: Target=  25.0, Input=  15.3, Error=   9.7, PIDTerms= 0.194/ 0.000/-0.129/ 0.000, Output= 0.066(-0.700/0.700), Volt=10.4(9.3)
GlobalTracer.startCompetition_Warn: AUTO_MODE.postContinuousTasks takes too long (0.024s)
GlobalTracer.startCompetition_Warn: AUTO_MODE.updates takes too long (0.037s)
GlobalTracer.printPidInfo_Info: [1.493] elevatorPidController: Target=  34.8, Input=  12.4, Error=  22.3, PIDTerms= 4.467/ 0.010/-0.000/ 0.000, Output= 1.000(-1.000/1.000), Volt=10.3(9.3)
GlobalTracer.startCompetition_Warn: AUTO_MODE.runPeriodic takes too long (0.021s)
GlobalTracer.printPidInfo_Info: encoderXPidCtrl: Target=   0.0, Input=   0.7, Error=  -0.7, PIDTerms=-0.165/ 0.000/ 0.051/ 0.000, Output=-0.114(-0.700/0.700), Volt=10.5(9.3)
GlobalTracer.printPidInfo_Info: encoderYPidCtrl: Target= 110.0, Input=  12.2, Error=  97.8, PIDTerms= 1.956/ 0.000/-0.058/ 0.000, Output= 0.600(-0.600/0.600), Volt=10.5(9.3)
GlobalTracer.printPidInfo_Info: gyroTurnPidCtrl: Target=  25.0, Input=  21.3, Error=   3.7, PIDTerms= 0.074/ 0.000/-0.098/ 0.000, Output=-0.024(-0.700/0.700), Volt=10.5(9.3)
GlobalTracer.startCompetition_Warn: AUTO_MODE.postContinuousTasks takes too long (0.026s)
GlobalTracer.startCompetition_Warn: AUTO_MODE.updates takes too long (0.048s)
GlobalTracer.startCompetition_Warn: AUTO_MODE takes too long (0.118s)
GlobalTracer.printPidInfo_Info: [1.613] elevatorPidController: Target=  34.8, Input=  16.2, Error=  18.6, PIDTerms= 3.712/ 0.012/-0.000/ 0.000, Output= 1.000(-1.000/1.000), Volt=10.8(9.3)
GlobalTracer.startCompetition_Warn: AUTO_MODE.runPeriodic takes too long (0.030s)
GlobalTracer.printPidInfo_Info: encoderXPidCtrl: Target=   0.0, Input=  -0.1, Error=   0.1, PIDTerms= 0.015/ 0.000/ 0.081/ 0.000, Output= 0.096(-0.700/0.700), Volt=10.9(9.3)
GlobalTracer.printPidInfo_Info: encoderYPidCtrl: Target= 110.0, Input=  18.4, Error=  91.6, PIDTerms= 1.831/ 0.000/-0.070/ 0.000, Output= 0.600(-0.600/0.600), Volt=10.9(9.3)
GlobalTracer.printPidInfo_Info: gyroTurnPidCtrl: Target=  25.0, Input=  26.4, Error=  -1.4, PIDTerms=-0.029/ 0.000/-0.067/ 0.000, Output=-0.096(-0.700/0.700), Volt=11.0(9.3)
GlobalTracer.startCompetition_Warn: AUTO_MODE.postContinuousTasks takes too long (0.048s)
GlobalTracer.startCompetition_Warn: AUTO_MODE.updates takes too long (0.052s)
GlobalTracer.startCompetition_Warn: AUTO_MODE takes too long (0.155s)
GlobalTracer.printPidInfo_Info: [1.770] elevatorPidController: Target=  34.8, Input=  22.6, Error=  12.2, PIDTerms= 2.440/ 0.014/-0.000/ 0.000, Output= 1.000(-1.000/1.000), Volt=10.8(9.3)
GlobalTracer.startCompetition_Warn: AUTO_MODE.runPeriodic takes too long (0.021s)
GlobalTracer.printPidInfo_Info: encoderXPidCtrl: Target=   0.0, Input=  -0.4, Error=   0.4, PIDTerms= 0.099/ 0.000/ 0.036/ 0.000, Output= 0.135(-0.700/0.700), Volt=10.7(9.3)
GlobalTracer.printPidInfo_Info: encoderYPidCtrl: Target= 110.0, Input=  27.6, Error=  82.4, PIDTerms= 1.649/ 0.000/-0.099/ 0.000, Output= 0.600(-0.600/0.600), Volt=10.7(9.3)
GlobalTracer.printPidInfo_Info: gyroTurnPidCtrl: Target=  25.0, Input=  29.0, Error=  -4.0, PIDTerms=-0.079/ 0.000/-0.032/ 0.000, Output=-0.112(-0.700/0.700), Volt=10.7(9.3)
GlobalTracer.startCompetition_Warn: AUTO_MODE.updates takes too long (0.024s)
GlobalTracer.printPidInfo_Info: [1.840] elevatorPidController: Target=  34.8, Input=  26.5, Error=   8.2, PIDTerms= 1.646/ 0.014/-0.000/ 0.000, Output= 1.000(-1.000/1.000), Volt=10.7(9.3)
GlobalTracer.startCompetition_Warn: AUTO_MODE.runPeriodic takes too long (0.039s)
GlobalTracer.printPidInfo_Info: encoderXPidCtrl: Target=   0.0, Input=  -0.3, Error=   0.3, PIDTerms= 0.087/ 0.000/-0.008/ 0.000, Output= 0.079(-0.700/0.700), Volt=11.0(9.3)
GlobalTracer.printPidInfo_Info: encoderYPidCtrl: Target= 110.0, Input=  31.2, Error=  78.8, PIDTerms= 1.576/ 0.000/-0.065/ 0.000, Output= 0.600(-0.600/0.600), Volt=10.8(9.3)
GlobalTracer.printPidInfo_Info: gyroTurnPidCtrl: Target=  25.0, Input=  28.7, Error=  -3.7, PIDTerms=-0.075/ 0.000/ 0.005/ 0.000, Output=-0.070(-0.700/0.700), Volt=10.8(9.3)
GlobalTracer.startCompetition_Warn: AUTO_MODE.updates takes too long (0.029s)
GlobalTracer.printPidInfo_Info: [1.935] elevatorPidController: Target=  34.8, Input=  29.8, Error=   5.0, PIDTerms= 0.993/ 0.015/-0.000/ 0.000, Output= 1.000(-1.000/1.000), Volt=10.9(9.3)
GlobalTracer.printPidInfo_Info: encoderXPidCtrl: Target=   0.0, Input=  -0.2, Error=   0.2, PIDTerms= 0.053/ 0.000/-0.028/ 0.000, Output= 0.025(-0.700/0.700), Volt=11.0(9.3)
GlobalTracer.printPidInfo_Info: encoderYPidCtrl: Target= 110.0, Input=  37.7, Error=  72.3, PIDTerms= 1.445/ 0.000/-0.133/ 0.000, Output= 0.600(-0.600/0.600), Volt=11.0(9.3)
GlobalTracer.printPidInfo_Info: gyroTurnPidCtrl: Target=  25.0, Input=  27.6, Error=  -2.6, PIDTerms=-0.052/ 0.000/ 0.027/ 0.000, Output=-0.024(-0.700/0.700), Volt=11.0(9.3)
GlobalTracer.startCompetition_Warn: AUTO_MODE.updates takes too long (0.036s)
GlobalTracer.printPidInfo_Info: [2.016] elevatorPidController: Target=  34.8, Input=  33.1, Error=   1.7, PIDTerms= 0.339/ 0.015/-0.000/ 0.000, Output= 0.354(-1.000/1.000), Volt=11.5(9.3)
GlobalTracer.startCompetition_Warn: AUTO_MODE.runPeriodic takes too long (0.032s)
GlobalTracer.printPidInfo_Info: encoderXPidCtrl: Target=   0.0, Input=  -0.2, Error=   0.2, PIDTerms= 0.038/ 0.000/-0.009/ 0.000, Output= 0.029(-0.700/0.700), Volt=11.4(9.3)
GlobalTracer.printPidInfo_Info: encoderYPidCtrl: Target= 110.0, Input=  43.2, Error=  66.8, PIDTerms= 1.336/ 0.000/-0.086/ 0.000, Output= 0.600(-0.600/0.600), Volt=11.4(9.3)
GlobalTracer.printPidInfo_Info: gyroTurnPidCtrl: Target=  25.0, Input=  26.6, Error=  -1.6, PIDTerms=-0.031/ 0.000/ 0.019/ 0.000, Output=-0.013(-0.700/0.700), Volt=11.4(9.3)
GlobalTracer.startCompetition_Warn: AUTO_MODE.updates takes too long (0.029s)
GlobalTracer.printPidInfo_Info: [2.101] elevatorPidController: Target=  34.8, Input=  35.9, Error=  -1.1, PIDTerms=-0.225/ 0.015/-0.000/ 0.000, Output=-0.211(-1.000/1.000), Volt=11.5(9.3)
GlobalTracer.startCompetition_Warn: AUTO_MODE.runPeriodic takes too long (0.020s)
GlobalTracer.printPidInfo_Info: encoderXPidCtrl: Target=   0.0, Input=  -0.1, Error=   0.1, PIDTerms= 0.015/ 0.000/-0.016/ 0.000, Output=-0.001(-0.700/0.700), Volt=11.6(9.3)
GlobalTracer.printPidInfo_Info: encoderYPidCtrl: Target= 110.0, Input=  49.7, Error=  60.3, PIDTerms= 1.206/ 0.000/-0.115/ 0.000, Output= 0.600(-0.600/0.600), Volt=11.6(9.3)
GlobalTracer.printPidInfo_Info: gyroTurnPidCtrl: Target=  25.0, Input=  25.8, Error=  -0.8, PIDTerms=-0.015/ 0.000/ 0.016/ 0.000, Output= 0.001(-0.700/0.700), Volt=11.6(9.3)
GlobalTracer.startCompetition_Warn: AUTO_MODE.postContinuousTasks takes too long (0.020s)
GlobalTracer.startCompetition_Warn: AUTO_MODE.updates takes too long (0.038s)
GlobalTracer.startCompetition_Warn: AUTO_MODE takes too long (0.100s)
GlobalTracer.printPidInfo_Info: [2.202] elevatorPidController: Target=  34.8, Input=  36.2, Error=  -1.4, PIDTerms=-0.288/ 0.015/-0.000/ 0.000, Output=-0.274(-1.000/1.000), Volt=11.6(9.3)
GlobalTracer.printPidInfo_Info: encoderXPidCtrl: Target=   0.0, Input=   0.0, Error=  -0.0, PIDTerms=-0.002/ 0.000/-0.011/ 0.000, Output=-0.013(-0.700/0.700), Volt=11.6(9.3)
GlobalTracer.printPidInfo_Info: encoderYPidCtrl: Target= 110.0, Input=  57.3, Error=  52.7, PIDTerms= 1.055/ 0.000/-0.119/ 0.000, Output= 0.600(-0.600/0.600), Volt=11.8(9.3)
GlobalTracer.printPidInfo_Info: gyroTurnPidCtrl: Target=  25.0, Input=  25.6, Error=  -0.6, PIDTerms=-0.013/ 0.000/ 0.002/ 0.000, Output=-0.010(-0.700/0.700), Volt=11.8(9.3)
GlobalTracer.startCompetition_Warn: AUTO_MODE.updates takes too long (0.027s)
GlobalTracer.printPidInfo_Info: [2.279] elevatorPidController: Target=  34.8, Input=  34.8, Error=  -0.1, PIDTerms=-0.016/ 0.015/ 0.000/ 0.000, Output=-0.001(-1.000/1.000), Volt=11.7(9.3)
GlobalTracer.printPidInfo_Info: encoderXPidCtrl: Target=   0.0, Input=  -0.0, Error=   0.0, PIDTerms= 0.006/ 0.000/ 0.007/ 0.000, Output= 0.013(-0.700/0.700), Volt=11.7(9.3)
GlobalTracer.printPidInfo_Info: encoderYPidCtrl: Target= 110.0, Input=  62.7, Error=  47.3, PIDTerms= 0.946/ 0.000/-0.112/ 0.000, Output= 0.600(-0.600/0.600), Volt=11.7(9.3)
GlobalTracer.printPidInfo_Info: gyroTurnPidCtrl: Target=  25.0, Input=  25.9, Error=  -0.9, PIDTerms=-0.018/ 0.000/-0.006/ 0.000, Output=-0.024(-0.700/0.700), Volt=11.7(9.3)
GlobalTracer.startCompetition_Warn: AUTO_MODE.updates takes too long (0.027s)
GlobalTracer.printPidInfo_Info: [2.345] elevatorPidController: Target=  34.8, Input=  33.9, Error=   0.9, PIDTerms= 0.170/ 0.015/ 0.000/ 0.000, Output= 0.185(-1.000/1.000), Volt=11.6(9.3)
GlobalTracer.printPidInfo_Info: encoderXPidCtrl: Target=   0.0, Input=  -0.0, Error=   0.0, PIDTerms= 0.012/ 0.000/ 0.005/ 0.000, Output= 0.017(-0.700/0.700), Volt=11.6(9.3)
GlobalTracer.printPidInfo_Info: encoderYPidCtrl: Target= 110.0, Input=  68.9, Error=  41.1, PIDTerms= 0.823/ 0.000/-0.136/ 0.000, Output= 0.600(-0.600/0.600), Volt=11.6(9.3)
GlobalTracer.printPidInfo_Info: gyroTurnPidCtrl: Target=  25.0, Input=  26.2, Error=  -1.2, PIDTerms=-0.023/ 0.000/-0.007/ 0.000, Output=-0.031(-0.700/0.700), Volt=11.6(9.3)
GlobalTracer.startCompetition_Warn: AUTO_MODE.updates takes too long (0.027s)
GlobalTracer.printPidInfo_Info: [2.419] elevatorPidController: Target=  34.8, Input=  33.5, Error=   1.2, PIDTerms= 0.243/ 0.015/ 0.000/ 0.000, Output= 0.258(-1.000/1.000), Volt=11.6(9.3)
GlobalTracer.printPidInfo_Info: encoderXPidCtrl: Target=   0.0, Input=   0.2, Error=  -0.2, PIDTerms=-0.054/ 0.000/-0.059/ 0.000, Output=-0.113(-0.700/0.700), Volt=11.7(9.3)
GlobalTracer.printPidInfo_Info: encoderYPidCtrl: Target= 110.0, Input=  73.9, Error=  36.1, PIDTerms= 0.721/ 0.000/-0.106/ 0.000, Output= 0.600(-0.600/0.600), Volt=11.7(9.3)
GlobalTracer.printPidInfo_Info: gyroTurnPidCtrl: Target=  25.0, Input=  26.5, Error=  -1.5, PIDTerms=-0.029/ 0.000/-0.007/ 0.000, Output=-0.037(-0.700/0.700), Volt=11.7(9.3)
GlobalTracer.startCompetition_Warn: AUTO_MODE.updates takes too long (0.027s)
GlobalTracer.printPidInfo_Info: [2.491] elevatorPidController: Target=  34.8, Input=  33.6, Error=   1.1, PIDTerms= 0.222/ 0.015/-0.000/ 0.000, Output= 0.237(-1.000/1.000), Volt=11.7(9.3)
GlobalTracer.printPidInfo_Info: encoderXPidCtrl: Target=   0.0, Input=  -0.0, Error=   0.0, PIDTerms= 0.005/ 0.000/ 0.049/ 0.000, Output= 0.053(-0.700/0.700), Volt=11.6(9.3)
GlobalTracer.printPidInfo_Info: encoderYPidCtrl: Target= 110.0, Input=  80.0, Error=  30.0, PIDTerms= 0.600/ 0.000/-0.136/ 0.000, Output= 0.464(-0.600/0.600), Volt=11.6(9.3)
GlobalTracer.printPidInfo_Info: gyroTurnPidCtrl: Target=  25.0, Input=  26.6, Error=  -1.6, PIDTerms=-0.031/ 0.000/-0.003/ 0.000, Output=-0.034(-0.700/0.700), Volt=11.6(9.3)
GlobalTracer.startCompetition_Warn: AUTO_MODE.updates takes too long (0.027s)
GlobalTracer.printPidInfo_Info: [2.558] elevatorPidController: Target=  34.8, Input=  33.7, Error=   1.1, PIDTerms= 0.215/ 0.015/-0.000/ 0.000, Output= 0.230(-1.000/1.000), Volt=12.1(9.3)
GlobalTracer.printPidInfo_Info: encoderXPidCtrl: Target=   0.0, Input=  -0.1, Error=   0.1, PIDTerms= 0.028/ 0.000/ 0.019/ 0.000, Output= 0.047(-0.700/0.700), Volt=12.1(9.3)
GlobalTracer.printPidInfo_Info: encoderYPidCtrl: Target= 110.0, Input=  85.0, Error=  25.0, PIDTerms= 0.500/ 0.000/-0.101/ 0.000, Output= 0.399(-0.600/0.600), Volt=12.1(9.3)
GlobalTracer.printPidInfo_Info: gyroTurnPidCtrl: Target=  25.0, Input=  26.6, Error=  -1.6, PIDTerms=-0.032/ 0.000/-0.000/ 0.000, Output=-0.032(-0.700/0.700), Volt=12.1(9.3)
GlobalTracer.startCompetition_Warn: AUTO_MODE.updates takes too long (0.035s)
GlobalTracer.printPidInfo_Info: [2.642] elevatorPidController: Target=  34.8, Input=  33.7, Error=   1.0, PIDTerms= 0.202/ 0.015/-0.000/ 0.000, Output= 0.217(-1.000/1.000), Volt=12.2(9.3)
GlobalTracer.printPidInfo_Info: encoderXPidCtrl: Target=   0.0, Input=  -0.1, Error=   0.1, PIDTerms= 0.014/ 0.000/-0.010/ 0.000, Output= 0.004(-0.700/0.700), Volt=12.2(9.3)
GlobalTracer.printPidInfo_Info: encoderYPidCtrl: Target= 110.0, Input=  93.0, Error=  17.0, PIDTerms= 0.341/ 0.000/-0.137/ 0.000, Output= 0.204(-0.600/0.600), Volt=12.2(9.3)
GlobalTracer.printPidInfo_Info: gyroTurnPidCtrl: Target=  25.0, Input=  26.4, Error=  -1.4, PIDTerms=-0.029/ 0.000/ 0.003/ 0.000, Output=-0.025(-0.700/0.700), Volt=12.2(9.3)
GlobalTracer.startCompetition_Warn: AUTO_MODE.updates takes too long (0.028s)
GlobalTracer.printPidInfo_Info: [2.721] elevatorPidController: Target=  34.8, Input=  33.8, Error=   1.0, PIDTerms= 0.193/ 0.015/-0.000/ 0.000, Output= 0.208(-1.000/1.000), Volt=12.4(9.3)
GlobalTracer.printPidInfo_Info: encoderXPidCtrl: Target=   0.0, Input=   0.2, Error=  -0.2, PIDTerms=-0.055/ 0.000/-0.053/ 0.000, Output=-0.108(-0.700/0.700), Volt=12.4(9.3)
GlobalTracer.printPidInfo_Info: encoderYPidCtrl: Target= 110.0, Input=  97.8, Error=  12.2, PIDTerms= 0.245/ 0.000/-0.093/ 0.000, Output= 0.152(-0.600/0.600), Volt=12.4(9.3)
GlobalTracer.printPidInfo_Info: gyroTurnPidCtrl: Target=  25.0, Input=  26.0, Error=  -1.0, PIDTerms=-0.020/ 0.000/ 0.009/ 0.000, Output=-0.011(-0.700/0.700), Volt=12.4(9.3)
GlobalTracer.startCompetition_Warn: AUTO_MODE.updates takes too long (0.028s)
GlobalTracer.printPidInfo_Info: [2.798] elevatorPidController: Target=  34.8, Input=  33.8, Error=   0.9, PIDTerms= 0.184/ 0.015/-0.000/ 0.000, Output= 0.200(-1.000/1.000), Volt=12.3(9.3)
GlobalTracer.startCompetition_Warn: AUTO_MODE.runPeriodic takes too long (0.033s)
GlobalTracer.printPidInfo_Info: encoderXPidCtrl: Target=   0.0, Input=  -0.0, Error=   0.0, PIDTerms= 0.012/ 0.000/ 0.042/ 0.000, Output= 0.054(-0.700/0.700), Volt=12.4(9.3)
GlobalTracer.printPidInfo_Info: encoderYPidCtrl: Target= 110.0, Input= 102.6, Error=   7.4, PIDTerms= 0.149/ 0.000/-0.076/ 0.000, Output= 0.073(-0.600/0.600), Volt=12.4(9.3)
GlobalTracer.printPidInfo_Info: gyroTurnPidCtrl: Target=  25.0, Input=  25.3, Error=  -0.3, PIDTerms=-0.006/ 0.000/ 0.013/ 0.000, Output= 0.006(-0.700/0.700), Volt=12.4(9.3)
GlobalTracer.startCompetition_Warn: AUTO_MODE.updates takes too long (0.052s)
GlobalTracer.startCompetition_Warn: AUTO_MODE takes too long (0.120s)
GlobalTracer.startCompetition_Warn: AUTO_MODE.preContinuousTasks takes too long (0.033s)
GlobalTracer.printPidInfo_Info: [2.918] elevatorPidController: Target=  34.8, Input=  33.8, Error=   0.9, PIDTerms= 0.184/ 0.015/ 0.000/ 0.000, Output= 0.200(-1.000/1.000), Volt=12.3(9.3)
GlobalTracer.startCompetition_Warn: AUTO_MODE.runPeriodic takes too long (0.037s)
GlobalTracer.printPidInfo_Info: encoderXPidCtrl: Target=   0.0, Input=  -0.6, Error=   0.0, PIDTerms= 0.143/ 0.000/ 0.053/ 0.000, Output= 0.000(-0.700/0.700), Volt=12.3(9.3)
GlobalTracer.printPidInfo_Info: encoderYPidCtrl: Target=   0.0, Input= 109.5, Error=   0.0, PIDTerms= 0.011/ 0.000/-0.070/ 0.000, Output= 0.000(-0.600/0.600), Volt=12.3(9.3)
GlobalTracer.printPidInfo_Info: gyroTurnPidCtrl: Target=   0.0, Input=  24.1, Error=   0.0, PIDTerms= 0.018/ 0.000/ 0.015/ 0.000, Output= 0.000(-0.700/0.700), Volt=12.3(9.3)
GlobalTracer.startCompetition_Warn: AUTO_MODE.postContinuousTasks takes too long (0.024s)
GlobalTracer.startCompetition_Warn: AUTO_MODE.updates takes too long (0.073s)
GlobalTracer.startCompetition_Warn: AUTO_MODE takes too long (0.179s)
GlobalTracer.startCompetition_Warn: AUTO_MODE.preContinuousTasks takes too long (0.028s)
GlobalTracer.Robot_Info: [3.097] THROW_CUBE: xPos= -0.72,yPos=118.16,heading=  15.9/  25.0,volts=12.3(9.3)
GlobalTracer.printPidInfo_Info: [3.097] elevatorPidController: Target=  34.8, Input=  33.9, Error=   0.8, PIDTerms= 0.169/ 0.015/-0.000/ 0.000, Output= 0.184(-1.000/1.000), Volt=12.3(9.3)
GlobalTracer.startCompetition_Warn: AUTO_MODE.runPeriodic takes too long (0.022s)
GlobalTracer.startCompetition_Warn: AUTO_MODE.updates takes too long (0.067s)
GlobalTracer.startCompetition_Warn: AUTO_MODE takes too long (0.145s)
GlobalTracer.startCompetition_Warn: AUTO_MODE.preContinuousTasks takes too long (0.020s)
GlobalTracer.printPidInfo_Info: [3.242] elevatorPidController: Target=  34.8, Input=  34.0, Error=   0.8, PIDTerms= 0.156/ 0.016/-0.000/ 0.000, Output= 0.171(-1.000/1.000), Volt=10.6(9.3)
GlobalTracer.startCompetition_Warn: AUTO_MODE.runPeriodic takes too long (0.025s)
GlobalTracer.startCompetition_Warn: AUTO_MODE.updates takes too long (0.052s)
GlobalTracer.startCompetition_Warn: AUTO_MODE takes too long (0.115s)
GlobalTracer.startCompetition_Warn: AUTO_MODE.preContinuousTasks takes too long (0.027s)
GlobalTracer.printPidInfo_Info: [3.358] elevatorPidController: Target=  34.8, Input=  34.0, Error=   0.8, PIDTerms= 0.156/ 0.016/ 0.000/ 0.000, Output= 0.171(-1.000/1.000), Volt=10.9(9.3)
GlobalTracer.startCompetition_Warn: AUTO_MODE.updates takes too long (0.080s)
GlobalTracer.startCompetition_Warn: AUTO_MODE takes too long (0.138s)
GlobalTracer.printPidInfo_Info: [3.502] elevatorPidController: Target=  34.8, Input=  34.0, Error=   0.8, PIDTerms= 0.154/ 0.016/-0.000/ 0.000, Output= 0.170(-1.000/1.000), Volt=11.4(9.3)
GlobalTracer.startCompetition_Warn: AUTO_MODE.runPeriodic takes too long (0.022s)
GlobalTracer.startCompetition_Warn: AUTO_MODE.updates takes too long (0.063s)
GlobalTracer.startCompetition_Warn: AUTO_MODE takes too long (0.109s)
GlobalTracer.startCompetition_Warn: AUTO_MODE.preContinuousTasks takes too long (0.028s)
GlobalTracer.printPidInfo_Info: [3.611] elevatorPidController: Target=  34.8, Input=  34.0, Error=   0.8, PIDTerms= 0.150/ 0.016/-0.000/ 0.000, Output= 0.166(-1.000/1.000), Volt=11.6(9.3)
GlobalTracer.startCompetition_Warn: AUTO_MODE.runPeriodic takes too long (0.035s)
GlobalTracer.startCompetition_Warn: AUTO_MODE.updates takes too long (0.049s)
GlobalTracer.startCompetition_Warn: AUTO_MODE takes too long (0.124s)
GlobalTracer.printPidInfo_Info: [3.735] elevatorPidController: Target=  34.8, Input=  34.2, Error=   0.5, PIDTerms= 0.104/ 0.016/-0.000/ 0.000, Output= 0.120(-1.000/1.000), Volt=11.6(9.3)
GlobalTracer.startCompetition_Warn: AUTO_MODE.runPeriodic takes too long (0.034s)
GlobalTracer.startCompetition_Warn: AUTO_MODE.updates takes too long (0.050s)
GlobalTracer.startCompetition_Warn: AUTO_MODE takes too long (0.118s)
GlobalTracer.printPidInfo_Info: [3.855] elevatorPidController: Target=  34.8, Input=  34.3, Error=   0.5, PIDTerms= 0.094/ 0.016/-0.000/ 0.000, Output= 0.110(-1.000/1.000), Volt=11.8(9.3)
GlobalTracer.startCompetition_Warn: AUTO_MODE.runPeriodic takes too long (0.028s)
GlobalTracer.startCompetition_Warn: AUTO_MODE.updates takes too long (0.054s)
GlobalTracer.startCompetition_Warn: AUTO_MODE takes too long (0.114s)
GlobalTracer.printPidInfo_Info: [3.970] elevatorPidController: Target=  34.8, Input=  34.3, Error=   0.5, PIDTerms= 0.100/ 0.016/ 0.000/ 0.000, Output= 0.116(-1.000/1.000), Volt=11.8(9.3)
GlobalTracer.startCompetition_Warn: AUTO_MODE.runPeriodic takes too long (0.034s)
GlobalTracer.startCompetition_Warn: AUTO_MODE.updates takes too long (0.044s)
GlobalTracer.startCompetition_Warn: AUTO_MODE takes too long (0.113s)
GlobalTracer.printPidInfo_Info: [4.084] elevatorPidController: Target=  34.8, Input=  34.3, Error=   0.5, PIDTerms= 0.100/ 0.016/ 0.000/ 0.000, Output= 0.116(-1.000/1.000), Volt=11.8(9.3)
GlobalTracer.startCompetition_Warn: AUTO_MODE.runPeriodic takes too long (0.021s)
GlobalTracer.startCompetition_Warn: AUTO_MODE.updates takes too long (0.027s)
GlobalTracer.Robot_Info: [4.161]       DONE: xPos= -1.95,yPos=114.42,heading= -16.2/  25.0,volts=11.9(9.3)
GlobalTracer.printPidInfo_Info: [4.161] elevatorPidController: Target=   8.0, Input=  34.3, Error= -26.3, PIDTerms= 0.098/ 0.016/-0.000/ 0.000, Output= 0.000(-1.000/1.000), Volt=11.9(9.3)
GlobalTracer.startCompetition_Warn: AUTO_MODE.runPeriodic takes too long (0.023s)
GlobalTracer.startCompetition_Warn: AUTO_MODE.updates takes too long (0.033s)
GlobalTracer.printPidInfo_Info: [4.246] elevatorPidController: Target=   8.0, Input=  34.3, Error= -26.3, PIDTerms=-5.252/-0.001/ 0.000/ 0.000, Output=-1.000(-1.000/1.000), Volt=10.8(9.3)
GlobalTracer.startCompetition_Warn: AUTO_MODE.runPeriodic takes too long (0.023s)
GlobalTracer.startCompetition_Warn: AUTO_MODE.updates takes too long (0.022s)
GlobalTracer.printPidInfo_Info: [4.314] elevatorPidController: Target=   8.0, Input=  32.1, Error= -24.1, PIDTerms=-4.826/-0.003/ 0.000/ 0.000, Output=-1.000(-1.000/1.000), Volt=12.0(9.3)
GlobalTracer.startCompetition_Warn: AUTO_MODE.updates takes too long (0.024s)
GlobalTracer.printPidInfo_Info: [4.363] elevatorPidController: Target=   8.0, Input=  29.7, Error= -21.7, PIDTerms=-4.346/-0.004/ 0.000/ 0.000, Output=-1.000(-1.000/1.000), Volt=12.1(9.3)
GlobalTracer.startCompetition_Warn: AUTO_MODE.updates takes too long (0.037s)
GlobalTracer.printPidInfo_Info: [4.438] elevatorPidController: Target=   8.0, Input=  25.7, Error= -17.7, PIDTerms=-3.541/-0.005/ 0.000/ 0.000, Output=-1.000(-1.000/1.000), Volt=12.2(9.3)
GlobalTracer.startCompetition_Warn: AUTO_MODE.updates takes too long (0.032s)
GlobalTracer.printPidInfo_Info: [4.506] elevatorPidController: Target=   8.0, Input=  20.3, Error= -12.3, PIDTerms=-2.469/-0.006/ 0.000/ 0.000, Output=-1.000(-1.000/1.000), Volt=12.2(9.3)
GlobalTracer.startCompetition_Warn: AUTO_MODE.updates takes too long (0.026s)
GlobalTracer.printPidInfo_Info: [4.570] elevatorPidController: Target=   8.0, Input=  14.8, Error=  -6.8, PIDTerms=-1.367/-0.006/ 0.000/ 0.000, Output=-1.000(-1.000/1.000), Volt=12.2(9.3)
GlobalTracer.printPidInfo_Info: [4.631] elevatorPidController: Target=   8.0, Input=  10.5, Error=  -2.5, PIDTerms=-0.497/-0.006/ 0.000/ 0.000, Output=-0.504(-1.000/1.000), Volt=12.4(9.3)
GlobalTracer.startCompetition_Warn: AUTO_MODE.runPeriodic takes too long (0.021s)
GlobalTracer.startCompetition_Warn: AUTO_MODE.updates takes too long (0.024s)
GlobalTracer.printPidInfo_Info: [4.697] elevatorPidController: Target=   8.0, Input=   5.9, Error=   2.1, PIDTerms= 0.414/-0.006/ 0.000/ 0.000, Output= 0.408(-1.000/1.000), Volt=11.7(9.3)
GlobalTracer.startCompetition_Warn: AUTO_MODE.runPeriodic takes too long (0.021s)
GlobalTracer.startCompetition_Warn: AUTO_MODE.updates takes too long (0.033s)
GlobalTracer.printPidInfo_Info: [4.773] elevatorPidController: Target=   8.0, Input=   4.0, Error=   4.0, PIDTerms= 0.807/-0.006/ 0.000/ 0.000, Output= 0.801(-1.000/1.000), Volt=11.5(9.3)
GlobalTracer.startCompetition_Warn: AUTO_MODE.runPeriodic takes too long (0.020s)
GlobalTracer.startCompetition_Warn: AUTO_MODE.updates takes too long (0.026s)
GlobalTracer.printPidInfo_Info: [4.837] elevatorPidController: Target=   8.0, Input=   5.3, Error=   2.7, PIDTerms= 0.530/-0.006/-0.000/ 0.000, Output= 0.524(-1.000/1.000), Volt=12.0(9.3)
GlobalTracer.startCompetition_Warn: AUTO_MODE.runPeriodic takes too long (0.021s)
GlobalTracer.startCompetition_Warn: AUTO_MODE.updates takes too long (0.029s)
GlobalTracer.printPidInfo_Info: [4.903] elevatorPidController: Target=   8.0, Input=   6.8, Error=   1.2, PIDTerms= 0.232/-0.006/-0.000/ 0.000, Output= 0.226(-1.000/1.000), Volt=12.3(9.3)
GlobalTracer.startCompetition_Warn: AUTO_MODE.updates takes too long (0.022s)
GlobalTracer.printPidInfo_Info: [4.958] elevatorPidController: Target=   8.0, Input=   8.1, Error=  -0.1, PIDTerms=-0.016/-0.006/-0.000/ 0.000, Output=-0.022(-1.000/1.000), Volt=12.3(9.3)
GlobalTracer.startCompetition_Warn: AUTO_MODE.updates takes too long (0.021s)
GlobalTracer.printPidInfo_Info: [5.012] elevatorPidController: Target=   8.0, Input=   8.5, Error=  -0.5, PIDTerms=-0.095/-0.006/-0.000/ 0.000, Output=-0.100(-1.000/1.000), Volt=12.4(9.3)
GlobalTracer.startCompetition_Warn: AUTO_MODE.updates takes too long (0.035s)
GlobalTracer.printPidInfo_Info: [5.081] elevatorPidController: Target=   8.0, Input=   8.4, Error=  -0.4, PIDTerms=-0.083/-0.006/ 0.000/ 0.000, Output=-0.089(-1.000/1.000), Volt=12.4(9.3)
GlobalTracer.startCompetition_Warn: AUTO_MODE.runPeriodic takes too long (0.021s)
GlobalTracer.startCompetition_Warn: AUTO_MODE.updates takes too long (0.025s)
GlobalTracer.printPidInfo_Info: [5.152] elevatorPidController: Target=   8.0, Input=   7.7, Error=   0.3, PIDTerms= 0.050/-0.006/ 0.000/ 0.000, Output= 0.044(-1.000/1.000), Volt=12.4(9.3)
GlobalTracer.startCompetition_Warn: AUTO_MODE.updates takes too long (0.034s)
GlobalTracer.printPidInfo_Info: [5.222] elevatorPidController: Target=   8.0, Input=   7.4, Error=   0.6, PIDTerms= 0.125/-0.006/ 0.000/ 0.000, Output= 0.119(-1.000/1.000), Volt=12.4(9.3)
GlobalTracer.startCompetition_Warn: AUTO_MODE.updates takes too long (0.032s)
GlobalTracer.printPidInfo_Info: [5.300] elevatorPidController: Target=   8.0, Input=   7.4, Error=   0.6, PIDTerms= 0.110/-0.006/-0.000/ 0.000, Output= 0.105(-1.000/1.000), Volt=12.4(9.3)
GlobalTracer.startCompetition_Warn: AUTO_MODE.updates takes too long (0.025s)
GlobalTracer.printPidInfo_Info: [5.361] elevatorPidController: Target=   8.0, Input=   7.5, Error=   0.5, PIDTerms= 0.109/-0.006/-0.000/ 0.000, Output= 0.103(-1.000/1.000), Volt=12.4(9.3)
GlobalTracer.startCompetition_Warn: AUTO_MODE.updates takes too long (0.038s)
GlobalTracer.printPidInfo_Info: [5.440] elevatorPidController: Target=   8.0, Input=   7.5, Error=   0.5, PIDTerms= 0.109/-0.006/ 0.000/ 0.000, Output= 0.103(-1.000/1.000), Volt=12.4(9.3)
GlobalTracer.startCompetition_Warn: AUTO_MODE.updates takes too long (0.030s)
GlobalTracer.printPidInfo_Info: [5.504] elevatorPidController: Target=   8.0, Input=   7.5, Error=   0.5, PIDTerms= 0.109/-0.006/ 0.000/ 0.000, Output= 0.103(-1.000/1.000), Volt=12.4(9.3)
GlobalTracer.startCompetition_Warn: AUTO_MODE.runPeriodic takes too long (0.021s)
GlobalTracer.startCompetition_Warn: AUTO_MODE.updates takes too long (0.036s)
GlobalTracer.printPidInfo_Info: [5.586] elevatorPidController: Target=   8.0, Input=   7.5, Error=   0.5, PIDTerms= 0.107/-0.006/-0.000/ 0.000, Output= 0.102(-1.000/1.000), Volt=12.4(9.3)
GlobalTracer.startCompetition_Warn: AUTO_MODE.updates takes too long (0.020s)
GlobalTracer.printPidInfo_Info: [5.647] elevatorPidController: Target=   8.0, Input=   7.5, Error=   0.5, PIDTerms= 0.107/-0.006/ 0.000/ 0.000, Output= 0.102(-1.000/1.000), Volt=12.4(9.3)
GlobalTracer.startCompetition_Warn: AUTO_MODE.runPeriodic takes too long (0.025s)
GlobalTracer.startCompetition_Warn: AUTO_MODE.updates takes too long (0.040s)
GlobalTracer.printPidInfo_Info: [5.735] elevatorPidController: Target=   8.0, Input=   7.5, Error=   0.5, PIDTerms= 0.107/-0.006/ 0.000/ 0.000, Output= 0.102(-1.000/1.000), Volt=12.4(9.3)
GlobalTracer.startCompetition_Warn: AUTO_MODE.runPeriodic takes too long (0.020s)
GlobalTracer.startCompetition_Warn: AUTO_MODE.updates takes too long (0.029s)
GlobalTracer.printPidInfo_Info: [5.801] elevatorPidController: Target=   8.0, Input=   7.5, Error=   0.5, PIDTerms= 0.107/-0.006/ 0.000/ 0.000, Output= 0.102(-1.000/1.000), Volt=12.4(9.3)
GlobalTracer.startCompetition_Warn: AUTO_MODE.runPeriodic takes too long (0.022s)
GlobalTracer.startCompetition_Warn: AUTO_MODE.updates takes too long (0.030s)
GlobalTracer.printPidInfo_Info: [5.877] elevatorPidController: Target=   8.0, Input=   7.5, Error=   0.5, PIDTerms= 0.107/-0.005/ 0.000/ 0.000, Output= 0.102(-1.000/1.000), Volt=12.4(9.3)
GlobalTracer.startCompetition_Warn: AUTO_MODE.runPeriodic takes too long (0.025s)
GlobalTracer.startCompetition_Warn: AUTO_MODE.updates takes too long (0.039s)
GlobalTracer.printPidInfo_Info: [5.964] elevatorPidController: Target=   8.0, Input=   7.5, Error=   0.5, PIDTerms= 0.107/-0.005/ 0.000/ 0.000, Output= 0.102(-1.000/1.000), Volt=12.4(9.3)
GlobalTracer.startCompetition_Warn: AUTO_MODE.runPeriodic takes too long (0.021s)
GlobalTracer.startCompetition_Warn: AUTO_MODE.updates takes too long (0.031s)
GlobalTracer.printPidInfo_Info: [6.040] elevatorPidController: Target=   8.0, Input=   7.5, Error=   0.5, PIDTerms= 0.107/-0.005/ 0.000/ 0.000, Output= 0.102(-1.000/1.000), Volt=12.4(9.3)
GlobalTracer.startCompetition_Warn: AUTO_MODE.runPeriodic takes too long (0.021s)
GlobalTracer.startCompetition_Warn: AUTO_MODE.updates takes too long (0.026s)
GlobalTracer.printPidInfo_Info: [6.118] elevatorPidController: Target=   8.0, Input=   7.5, Error=   0.5, PIDTerms= 0.107/-0.005/ 0.000/ 0.000, Output= 0.102(-1.000/1.000), Volt=12.4(9.3)
GlobalTracer.startCompetition_Warn: AUTO_MODE.updates takes too long (0.031s)
GlobalTracer.printPidInfo_Info: [6.187] elevatorPidController: Target=   8.0, Input=   7.5, Error=   0.5, PIDTerms= 0.107/-0.005/ 0.000/ 0.000, Output= 0.102(-1.000/1.000), Volt=12.4(9.3)
GlobalTracer.startCompetition_Warn: AUTO_MODE.updates takes too long (0.033s)
GlobalTracer.printPidInfo_Info: [6.260] elevatorPidController: Target=   8.0, Input=   7.5, Error=   0.5, PIDTerms= 0.107/-0.005/ 0.000/ 0.000, Output= 0.102(-1.000/1.000), Volt=12.4(9.3)
GlobalTracer.startCompetition_Warn: AUTO_MODE.updates takes too long (0.030s)
GlobalTracer.printPidInfo_Info: [6.323] elevatorPidController: Target=   8.0, Input=   7.5, Error=   0.5, PIDTerms= 0.107/-0.005/ 0.000/ 0.000, Output= 0.102(-1.000/1.000), Volt=12.4(9.3)
GlobalTracer.startCompetition_Warn: AUTO_MODE.runPeriodic takes too long (0.024s)
GlobalTracer.startCompetition_Warn: AUTO_MODE.updates takes too long (0.028s)
GlobalTracer.printPidInfo_Info: [6.403] elevatorPidController: Target=   8.0, Input=   7.5, Error=   0.5, PIDTerms= 0.107/-0.005/ 0.000/ 0.000, Output= 0.102(-1.000/1.000), Volt=12.4(9.3)
GlobalTracer.startCompetition_Warn: AUTO_MODE.runPeriodic takes too long (0.029s)
GlobalTracer.startCompetition_Warn: AUTO_MODE.updates takes too long (0.028s)
GlobalTracer.printPidInfo_Info: [6.489] elevatorPidController: Target=   8.0, Input=   7.5, Error=   0.5, PIDTerms= 0.107/-0.005/ 0.000/ 0.000, Output= 0.102(-1.000/1.000), Volt=12.5(9.3)
GlobalTracer.startCompetition_Warn: AUTO_MODE.runPeriodic takes too long (0.022s)
GlobalTracer.startCompetition_Warn: AUTO_MODE.updates takes too long (0.029s)
GlobalTracer.printPidInfo_Info: [6.567] elevatorPidController: Target=   8.0, Input=   7.5, Error=   0.5, PIDTerms= 0.107/-0.005/ 0.000/ 0.000, Output= 0.102(-1.000/1.000), Volt=12.4(9.3)
GlobalTracer.startCompetition_Warn: AUTO_MODE.updates takes too long (0.042s)
GlobalTracer.printPidInfo_Info: [6.657] elevatorPidController: Target=   8.0, Input=   7.5, Error=   0.5, PIDTerms= 0.107/-0.005/ 0.000/ 0.000, Output= 0.102(-1.000/1.000), Volt=12.4(9.3)
GlobalTracer.startCompetition_Warn: AUTO_MODE.runPeriodic takes too long (0.023s)
GlobalTracer.startCompetition_Warn: AUTO_MODE.updates takes too long (0.030s)
GlobalTracer.printPidInfo_Info: [6.727] elevatorPidController: Target=   8.0, Input=   7.5, Error=   0.5, PIDTerms= 0.107/-0.005/ 0.000/ 0.000, Output= 0.102(-1.000/1.000), Volt=12.4(9.3)
GlobalTracer.startCompetition_Warn: AUTO_MODE.updates takes too long (0.021s)
GlobalTracer.printPidInfo_Info: [6.787] elevatorPidController: Target=   8.0, Input=   7.5, Error=   0.5, PIDTerms= 0.107/-0.005/ 0.000/ 0.000, Output= 0.102(-1.000/1.000), Volt=12.4(9.3)
GlobalTracer.startCompetition_Warn: AUTO_MODE.runPeriodic takes too long (0.022s)
GlobalTracer.startCompetition_Warn: AUTO_MODE.updates takes too long (0.031s)
GlobalTracer.printPidInfo_Info: [6.864] elevatorPidController: Target=   8.0, Input=   7.5, Error=   0.5, PIDTerms= 0.107/-0.005/ 0.000/ 0.000, Output= 0.103(-1.000/1.000), Volt=12.4(9.3)
GlobalTracer.startCompetition_Warn: AUTO_MODE.runPeriodic takes too long (0.021s)
GlobalTracer.startCompetition_Warn: AUTO_MODE.updates takes too long (0.034s)
GlobalTracer.printPidInfo_Info: [6.940] elevatorPidController: Target=   8.0, Input=   7.5, Error=   0.5, PIDTerms= 0.107/-0.005/ 0.000/ 0.000, Output= 0.103(-1.000/1.000), Volt=12.4(9.3)
GlobalTracer.startCompetition_Warn: AUTO_MODE.updates takes too long (0.038s)
GlobalTracer.printPidInfo_Info: [7.000] elevatorPidController: Target=   8.0, Input=   7.5, Error=   0.5, PIDTerms= 0.107/-0.005/ 0.000/ 0.000, Output= 0.103(-1.000/1.000), Volt=12.4(9.3)
GlobalTracer.startCompetition_Warn: AUTO_MODE.updates takes too long (0.038s)
GlobalTracer.printPidInfo_Info: [7.077] elevatorPidController: Target=   8.0, Input=   7.5, Error=   0.5, PIDTerms= 0.107/-0.005/ 0.000/ 0.000, Output= 0.103(-1.000/1.000), Volt=12.4(9.3)
GlobalTracer.startCompetition_Warn: AUTO_MODE.updates takes too long (0.028s)
GlobalTracer.printPidInfo_Info: [7.143] elevatorPidController: Target=   8.0, Input=   7.5, Error=   0.5, PIDTerms= 0.107/-0.005/ 0.000/ 0.000, Output= 0.103(-1.000/1.000), Volt=12.4(9.3)
GlobalTracer.startCompetition_Warn: AUTO_MODE.runPeriodic takes too long (0.020s)
GlobalTracer.startCompetition_Warn: AUTO_MODE.updates takes too long (0.026s)
GlobalTracer.printPidInfo_Info: [7.219] elevatorPidController: Target=   8.0, Input=   7.5, Error=   0.5, PIDTerms= 0.107/-0.005/ 0.000/ 0.000, Output= 0.103(-1.000/1.000), Volt=12.4(9.3)
GlobalTracer.startCompetition_Warn: AUTO_MODE.runPeriodic takes too long (0.022s)
GlobalTracer.startCompetition_Warn: AUTO_MODE.updates takes too long (0.033s)
GlobalTracer.printPidInfo_Info: [7.296] elevatorPidController: Target=   8.0, Input=   7.5, Error=   0.5, PIDTerms= 0.107/-0.005/ 0.000/ 0.000, Output= 0.103(-1.000/1.000), Volt=12.4(9.3)
GlobalTracer.startCompetition_Warn: AUTO_MODE.updates takes too long (0.036s)
GlobalTracer.printPidInfo_Info: [7.367] elevatorPidController: Target=   8.0, Input=   7.5, Error=   0.5, PIDTerms= 0.107/-0.005/ 0.000/ 0.000, Output= 0.103(-1.000/1.000), Volt=12.4(9.3)
GlobalTracer.startCompetition_Warn: AUTO_MODE.updates takes too long (0.031s)
GlobalTracer.printPidInfo_Info: [7.436] elevatorPidController: Target=   8.0, Input=   7.5, Error=   0.5, PIDTerms= 0.107/-0.005/ 0.000/ 0.000, Output= 0.103(-1.000/1.000), Volt=12.5(9.3)
GlobalTracer.startCompetition_Warn: AUTO_MODE.runPeriodic takes too long (0.021s)
GlobalTracer.startCompetition_Warn: AUTO_MODE.updates takes too long (0.028s)
GlobalTracer.printPidInfo_Info: [7.507] elevatorPidController: Target=   8.0, Input=   7.5, Error=   0.5, PIDTerms= 0.107/-0.005/ 0.000/ 0.000, Output= 0.103(-1.000/1.000), Volt=12.5(9.3)
GlobalTracer.startCompetition_Warn: AUTO_MODE.updates takes too long (0.046s)
GlobalTracer.printPidInfo_Info: [7.592] elevatorPidController: Target=   8.0, Input=   7.5, Error=   0.5, PIDTerms= 0.107/-0.005/ 0.000/ 0.000, Output= 0.103(-1.000/1.000), Volt=12.4(9.3)
GlobalTracer.startCompetition_Warn: AUTO_MODE.updates takes too long (0.020s)
GlobalTracer.printPidInfo_Info: [7.655] elevatorPidController: Target=   8.0, Input=   7.5, Error=   0.5, PIDTerms= 0.107/-0.005/ 0.000/ 0.000, Output= 0.103(-1.000/1.000), Volt=12.4(9.3)
GlobalTracer.startCompetition_Warn: AUTO_MODE.updates takes too long (0.030s)
GlobalTracer.printPidInfo_Info: [7.712] elevatorPidController: Target=   8.0, Input=   7.5, Error=   0.5, PIDTerms= 0.107/-0.004/ 0.000/ 0.000, Output= 0.103(-1.000/1.000), Volt=12.4(9.3)
GlobalTracer.startCompetition_Warn: AUTO_MODE.updates takes too long (0.026s)
GlobalTracer.printPidInfo_Info: [7.767] elevatorPidController: Target=   8.0, Input=   7.5, Error=   0.5, PIDTerms= 0.107/-0.004/ 0.000/ 0.000, Output= 0.103(-1.000/1.000), Volt=12.4(9.3)
GlobalTracer.startCompetition_Warn: AUTO_MODE.updates takes too long (0.043s)
GlobalTracer.printPidInfo_Info: [7.847] elevatorPidController: Target=   8.0, Input=   7.5, Error=   0.5, PIDTerms= 0.107/-0.004/ 0.000/ 0.000, Output= 0.103(-1.000/1.000), Volt=12.4(9.3)
GlobalTracer.startCompetition_Warn: AUTO_MODE.updates takes too long (0.029s)
GlobalTracer.printPidInfo_Info: [7.912] elevatorPidController: Target=   8.0, Input=   7.5, Error=   0.5, PIDTerms= 0.107/-0.004/ 0.000/ 0.000, Output= 0.103(-1.000/1.000), Volt=12.4(9.3)
GlobalTracer.printPidInfo_Info: [7.970] elevatorPidController: Target=   8.0, Input=   7.5, Error=   0.5, PIDTerms= 0.107/-0.004/ 0.000/ 0.000, Output= 0.103(-1.000/1.000), Volt=12.4(9.3)
GlobalTracer.startCompetition_Warn: AUTO_MODE.updates takes too long (0.030s)
GlobalTracer.printPidInfo_Info: [8.038] elevatorPidController: Target=   8.0, Input=   7.5, Error=   0.5, PIDTerms= 0.107/-0.004/ 0.000/ 0.000, Output= 0.103(-1.000/1.000), Volt=12.4(9.3)
GlobalTracer.startCompetition_Warn: AUTO_MODE.updates takes too long (0.029s)
GlobalTracer.printPidInfo_Info: [8.102] elevatorPidController: Target=   8.0, Input=   7.5, Error=   0.5, PIDTerms= 0.107/-0.004/ 0.000/ 0.000, Output= 0.103(-1.000/1.000), Volt=12.4(9.3)
GlobalTracer.startCompetition_Warn: AUTO_MODE.runPeriodic takes too long (0.024s)
GlobalTracer.startCompetition_Warn: AUTO_MODE.updates takes too long (0.030s)
GlobalTracer.printPidInfo_Info: [8.178] elevatorPidController: Target=   8.0, Input=   7.5, Error=   0.5, PIDTerms= 0.107/-0.004/ 0.000/ 0.000, Output= 0.103(-1.000/1.000), Volt=12.5(9.3)
GlobalTracer.startCompetition_Warn: AUTO_MODE.updates takes too long (0.034s)
GlobalTracer.printPidInfo_Info: [8.255] elevatorPidController: Target=   8.0, Input=   7.5, Error=   0.5, PIDTerms= 0.107/-0.004/ 0.000/ 0.000, Output= 0.103(-1.000/1.000), Volt=12.4(9.3)
GlobalTracer.startCompetition_Warn: AUTO_MODE.updates takes too long (0.027s)
GlobalTracer.printPidInfo_Info: [8.322] elevatorPidController: Target=   8.0, Input=   7.5, Error=   0.5, PIDTerms= 0.107/-0.004/ 0.000/ 0.000, Output= 0.103(-1.000/1.000), Volt=12.4(9.3)
GlobalTracer.startCompetition_Warn: AUTO_MODE.updates takes too long (0.038s)
GlobalTracer.printPidInfo_Info: [8.401] elevatorPidController: Target=   8.0, Input=   7.5, Error=   0.5, PIDTerms= 0.107/-0.004/ 0.000/ 0.000, Output= 0.103(-1.000/1.000), Volt=12.4(9.3)
GlobalTracer.startCompetition_Warn: AUTO_MODE.updates takes too long (0.041s)
GlobalTracer.printPidInfo_Info: [8.487] elevatorPidController: Target=   8.0, Input=   7.5, Error=   0.5, PIDTerms= 0.107/-0.004/ 0.000/ 0.000, Output= 0.103(-1.000/1.000), Volt=12.5(9.3)
GlobalTracer.startCompetition_Warn: AUTO_MODE.updates takes too long (0.025s)
GlobalTracer.startCompetition_Warn: AUTO_MODE.preContinuousTasks takes too long (0.021s)
GlobalTracer.printPidInfo_Info: [8.555] elevatorPidController: Target=   8.0, Input=   7.5, Error=   0.5, PIDTerms= 0.107/-0.004/ 0.000/ 0.000, Output= 0.103(-1.000/1.000), Volt=12.4(9.3)
GlobalTracer.startCompetition_Warn: AUTO_MODE.runPeriodic takes too long (0.023s)
GlobalTracer.startCompetition_Warn: AUTO_MODE.updates takes too long (0.027s)
GlobalTracer.printPidInfo_Info: [8.644] elevatorPidController: Target=   8.0, Input=   7.5, Error=   0.5, PIDTerms= 0.107/-0.004/ 0.000/ 0.000, Output= 0.103(-1.000/1.000), Volt=12.4(9.3)
GlobalTracer.startCompetition_Warn: AUTO_MODE.updates takes too long (0.027s)
GlobalTracer.printPidInfo_Info: [8.704] elevatorPidController: Target=   8.0, Input=   7.5, Error=   0.5, PIDTerms= 0.107/-0.004/ 0.000/ 0.000, Output= 0.104(-1.000/1.000), Volt=12.4(9.3)
GlobalTracer.startCompetition_Warn: AUTO_MODE.updates takes too long (0.031s)
GlobalTracer.printPidInfo_Info: [8.784] elevatorPidController: Target=   8.0, Input=   7.5, Error=   0.5, PIDTerms= 0.107/-0.004/ 0.000/ 0.000, Output= 0.104(-1.000/1.000), Volt=12.4(9.3)
GlobalTracer.startCompetition_Warn: AUTO_MODE.updates takes too long (0.041s)
GlobalTracer.printPidInfo_Info: [8.865] elevatorPidController: Target=   8.0, Input=   7.5, Error=   0.5, PIDTerms= 0.107/-0.004/ 0.000/ 0.000, Output= 0.104(-1.000/1.000), Volt=12.4(9.3)
GlobalTracer.startCompetition_Warn: AUTO_MODE.runPeriodic takes too long (0.023s)
GlobalTracer.startCompetition_Warn: AUTO_MODE.updates takes too long (0.026s)
GlobalTracer.printPidInfo_Info: [8.939] elevatorPidController: Target=   8.0, Input=   7.5, Error=   0.5, PIDTerms= 0.107/-0.004/ 0.000/ 0.000, Output= 0.104(-1.000/1.000), Volt=12.4(9.3)
GlobalTracer.startCompetition_Warn: AUTO_MODE.updates takes too long (0.031s)
GlobalTracer.printPidInfo_Info: [9.007] elevatorPidController: Target=   8.0, Input=   7.5, Error=   0.5, PIDTerms= 0.107/-0.004/ 0.000/ 0.000, Output= 0.104(-1.000/1.000), Volt=12.4(9.3)
GlobalTracer.startCompetition_Warn: AUTO_MODE.updates takes too long (0.039s)
GlobalTracer.printPidInfo_Info: [9.081] elevatorPidController: Target=   8.0, Input=   7.5, Error=   0.5, PIDTerms= 0.107/-0.004/ 0.000/ 0.000, Output= 0.104(-1.000/1.000), Volt=12.4(9.3)
GlobalTracer.startCompetition_Warn: AUTO_MODE.updates takes too long (0.027s)
GlobalTracer.printPidInfo_Info: [9.143] elevatorPidController: Target=   8.0, Input=   7.5, Error=   0.5, PIDTerms= 0.107/-0.004/ 0.000/ 0.000, Output= 0.104(-1.000/1.000), Volt=12.4(9.3)
GlobalTracer.startCompetition_Warn: AUTO_MODE.updates takes too long (0.026s)
GlobalTracer.printPidInfo_Info: [9.209] elevatorPidController: Target=   8.0, Input=   7.5, Error=   0.5, PIDTerms= 0.107/-0.004/ 0.000/ 0.000, Output= 0.104(-1.000/1.000), Volt=12.4(9.3)
GlobalTracer.startCompetition_Warn: AUTO_MODE.updates takes too long (0.037s)
GlobalTracer.printPidInfo_Info: [9.285] elevatorPidController: Target=   8.0, Input=   7.5, Error=   0.5, PIDTerms= 0.107/-0.004/ 0.000/ 0.000, Output= 0.104(-1.000/1.000), Volt=12.4(9.3)
GlobalTracer.startCompetition_Warn: AUTO_MODE.updates takes too long (0.031s)
GlobalTracer.printPidInfo_Info: [9.351] elevatorPidController: Target=   8.0, Input=   7.5, Error=   0.5, PIDTerms= 0.107/-0.004/ 0.000/ 0.000, Output= 0.104(-1.000/1.000), Volt=12.4(9.3)
GlobalTracer.startCompetition_Warn: AUTO_MODE.updates takes too long (0.039s)
GlobalTracer.printPidInfo_Info: [9.422] elevatorPidController: Target=   8.0, Input=   7.5, Error=   0.5, PIDTerms= 0.107/-0.004/ 0.000/ 0.000, Output= 0.104(-1.000/1.000), Volt=12.4(9.3)
GlobalTracer.startCompetition_Warn: AUTO_MODE.updates takes too long (0.035s)
GlobalTracer.printPidInfo_Info: [9.498] elevatorPidController: Target=   8.0, Input=   7.5, Error=   0.5, PIDTerms= 0.107/-0.004/ 0.000/ 0.000, Output= 0.104(-1.000/1.000), Volt=12.4(9.3)
GlobalTracer.startCompetition_Warn: AUTO_MODE.updates takes too long (0.030s)
GlobalTracer.printPidInfo_Info: [9.565] elevatorPidController: Target=   8.0, Input=   7.5, Error=   0.5, PIDTerms= 0.107/-0.003/ 0.000/ 0.000, Output= 0.104(-1.000/1.000), Volt=12.5(9.3)
GlobalTracer.startCompetition_Warn: AUTO_MODE.updates takes too long (0.025s)
GlobalTracer.printPidInfo_Info: [9.629] elevatorPidController: Target=   8.0, Input=   7.5, Error=   0.5, PIDTerms= 0.107/-0.003/ 0.000/ 0.000, Output= 0.104(-1.000/1.000), Volt=12.5(9.3)
GlobalTracer.startCompetition_Warn: AUTO_MODE.updates takes too long (0.033s)
GlobalTracer.printPidInfo_Info: [9.701] elevatorPidController: Target=   8.0, Input=   7.5, Error=   0.5, PIDTerms= 0.107/-0.003/ 0.000/ 0.000, Output= 0.104(-1.000/1.000), Volt=12.4(9.3)
GlobalTracer.startCompetition_Warn: AUTO_MODE.updates takes too long (0.029s)
GlobalTracer.printPidInfo_Info: [9.760] elevatorPidController: Target=   8.0, Input=   7.5, Error=   0.5, PIDTerms= 0.107/-0.003/ 0.000/ 0.000, Output= 0.104(-1.000/1.000), Volt=12.4(9.3)
GlobalTracer.startCompetition_Warn: AUTO_MODE.updates takes too long (0.026s)
GlobalTracer.printPidInfo_Info: [9.822] elevatorPidController: Target=   8.0, Input=   7.5, Error=   0.5, PIDTerms= 0.107/-0.003/ 0.000/ 0.000, Output= 0.104(-1.000/1.000), Volt=12.5(9.3)
GlobalTracer.startCompetition_Warn: AUTO_MODE.runPeriodic takes too long (0.021s)
GlobalTracer.startCompetition_Warn: AUTO_MODE.updates takes too long (0.034s)
GlobalTracer.printPidInfo_Info: [9.903] elevatorPidController: Target=   8.0, Input=   7.5, Error=   0.5, PIDTerms= 0.107/-0.003/ 0.000/ 0.000, Output= 0.104(-1.000/1.000), Volt=12.4(9.3)
GlobalTracer.startCompetition_Warn: AUTO_MODE.updates takes too long (0.024s)
GlobalTracer.printPidInfo_Info: [9.961] elevatorPidController: Target=   8.0, Input=   7.5, Error=   0.5, PIDTerms= 0.107/-0.003/ 0.000/ 0.000, Output= 0.104(-1.000/1.000), Volt=12.4(9.3)
GlobalTracer.startCompetition_Warn: AUTO_MODE.updates takes too long (0.035s)
GlobalTracer.printPidInfo_Info: [10.027] elevatorPidController: Target=   8.0, Input=   7.5, Error=   0.5, PIDTerms= 0.107/-0.003/ 0.000/ 0.000, Output= 0.104(-1.000/1.000), Volt=12.4(9.3)
GlobalTracer.startCompetition_Warn: AUTO_MODE.updates takes too long (0.029s)
GlobalTracer.printPidInfo_Info: [10.085] elevatorPidController: Target=   8.0, Input=   7.5, Error=   0.5, PIDTerms= 0.107/-0.003/ 0.000/ 0.000, Output= 0.104(-1.000/1.000), Volt=12.4(9.3)
GlobalTracer.startCompetition_Warn: AUTO_MODE.updates takes too long (0.032s)
GlobalTracer.printPidInfo_Info: [10.147] elevatorPidController: Target=   8.0, Input=   7.5, Error=   0.5, PIDTerms= 0.107/-0.003/ 0.000/ 0.000, Output= 0.104(-1.000/1.000), Volt=12.4(9.3)
GlobalTracer.startCompetition_Warn: AUTO_MODE.updates takes too long (0.034s)
GlobalTracer.printPidInfo_Info: [10.214] elevatorPidController: Target=   8.0, Input=   7.5, Error=   0.5, PIDTerms= 0.107/-0.003/ 0.000/ 0.000, Output= 0.104(-1.000/1.000), Volt=12.5(9.3)
GlobalTracer.startCompetition_Warn: AUTO_MODE.updates takes too long (0.035s)
GlobalTracer.printPidInfo_Info: [10.287] elevatorPidController: Target=   8.0, Input=   7.5, Error=   0.5, PIDTerms= 0.107/-0.003/ 0.000/ 0.000, Output= 0.104(-1.000/1.000), Volt=12.4(9.3)
GlobalTracer.startCompetition_Warn: AUTO_MODE.updates takes too long (0.034s)
GlobalTracer.printPidInfo_Info: [10.357] elevatorPidController: Target=   8.0, Input=   7.5, Error=   0.5, PIDTerms= 0.107/-0.003/ 0.000/ 0.000, Output= 0.104(-1.000/1.000), Volt=12.4(9.3)
GlobalTracer.startCompetition_Warn: AUTO_MODE.updates takes too long (0.039s)
GlobalTracer.printPidInfo_Info: [10.434] elevatorPidController: Target=   8.0, Input=   7.5, Error=   0.5, PIDTerms= 0.107/-0.003/ 0.000/ 0.000, Output= 0.104(-1.000/1.000), Volt=12.5(9.3)
GlobalTracer.startCompetition_Warn: AUTO_MODE.updates takes too long (0.039s)
GlobalTracer.printPidInfo_Info: [10.502] elevatorPidController: Target=   8.0, Input=   7.5, Error=   0.5, PIDTerms= 0.107/-0.003/ 0.000/ 0.000, Output= 0.104(-1.000/1.000), Volt=12.4(9.3)
GlobalTracer.startCompetition_Warn: AUTO_MODE.updates takes too long (0.029s)
GlobalTracer.printPidInfo_Info: [10.573] elevatorPidController: Target=   8.0, Input=   7.5, Error=   0.5, PIDTerms= 0.107/-0.003/ 0.000/ 0.000, Output= 0.105(-1.000/1.000), Volt=12.5(9.3)
GlobalTracer.startCompetition_Warn: AUTO_MODE.updates takes too long (0.023s)
GlobalTracer.printPidInfo_Info: [10.624] elevatorPidController: Target=   8.0, Input=   7.5, Error=   0.5, PIDTerms= 0.107/-0.003/ 0.000/ 0.000, Output= 0.105(-1.000/1.000), Volt=12.5(9.3)
GlobalTracer.startCompetition_Warn: AUTO_MODE.runPeriodic takes too long (0.023s)
GlobalTracer.startCompetition_Warn: AUTO_MODE.updates takes too long (0.041s)
GlobalTracer.printPidInfo_Info: [10.711] elevatorPidController: Target=   8.0, Input=   7.5, Error=   0.5, PIDTerms= 0.107/-0.003/ 0.000/ 0.000, Output= 0.105(-1.000/1.000), Volt=12.4(9.3)
GlobalTracer.startCompetition_Warn: AUTO_MODE.updates takes too long (0.029s)
GlobalTracer.printPidInfo_Info: [10.773] elevatorPidController: Target=   8.0, Input=   7.5, Error=   0.5, PIDTerms= 0.107/-0.003/ 0.000/ 0.000, Output= 0.105(-1.000/1.000), Volt=12.4(9.3)
GlobalTracer.startCompetition_Warn: AUTO_MODE.updates takes too long (0.026s)
GlobalTracer.printPidInfo_Info: [10.836] elevatorPidController: Target=   8.0, Input=   7.5, Error=   0.5, PIDTerms= 0.107/-0.003/ 0.000/ 0.000, Output= 0.105(-1.000/1.000), Volt=12.4(9.3)
GlobalTracer.startCompetition_Warn: AUTO_MODE.runPeriodic takes too long (0.022s)
GlobalTracer.startCompetition_Warn: AUTO_MODE.updates takes too long (0.028s)
GlobalTracer.printPidInfo_Info: [10.907] elevatorPidController: Target=   8.0, Input=   7.5, Error=   0.5, PIDTerms= 0.107/-0.003/ 0.000/ 0.000, Output= 0.105(-1.000/1.000), Volt=12.4(9.3)
GlobalTracer.startCompetition_Warn: AUTO_MODE.updates takes too long (0.027s)
GlobalTracer.printPidInfo_Info: [10.974] elevatorPidController: Target=   8.0, Input=   7.5, Error=   0.5, PIDTerms= 0.107/-0.003/ 0.000/ 0.000, Output= 0.105(-1.000/1.000), Volt=12.4(9.3)
GlobalTracer.startCompetition_Warn: AUTO_MODE.updates takes too long (0.036s)
GlobalTracer.printPidInfo_Info: [11.039] elevatorPidController: Target=   8.0, Input=   7.5, Error=   0.5, PIDTerms= 0.107/-0.003/ 0.000/ 0.000, Output= 0.105(-1.000/1.000), Volt=12.5(9.3)
GlobalTracer.startCompetition_Warn: AUTO_MODE.runPeriodic takes too long (0.022s)
GlobalTracer.startCompetition_Warn: AUTO_MODE.updates takes too long (0.035s)
GlobalTracer.printPidInfo_Info: [11.121] elevatorPidController: Target=   8.0, Input=   7.5, Error=   0.5, PIDTerms= 0.107/-0.003/ 0.000/ 0.000, Output= 0.105(-1.000/1.000), Volt=12.3(9.3)
GlobalTracer.startCompetition_Warn: AUTO_MODE.updates takes too long (0.031s)
GlobalTracer.printPidInfo_Info: [11.183] elevatorPidController: Target=   8.0, Input=   7.5, Error=   0.5, PIDTerms= 0.107/-0.003/ 0.000/ 0.000, Output= 0.105(-1.000/1.000), Volt=12.5(9.3)
GlobalTracer.startCompetition_Warn: AUTO_MODE.updates takes too long (0.036s)
GlobalTracer.printPidInfo_Info: [11.262] elevatorPidController: Target=   8.0, Input=   7.5, Error=   0.5, PIDTerms= 0.107/-0.003/ 0.000/ 0.000, Output= 0.105(-1.000/1.000), Volt=12.5(9.3)
GlobalTracer.startCompetition_Warn: AUTO_MODE.runPeriodic takes too long (0.022s)
GlobalTracer.startCompetition_Warn: AUTO_MODE.updates takes too long (0.036s)
GlobalTracer.printPidInfo_Info: [11.342] elevatorPidController: Target=   8.0, Input=   7.5, Error=   0.5, PIDTerms= 0.107/-0.003/ 0.000/ 0.000, Output= 0.105(-1.000/1.000), Volt=12.4(9.3)
GlobalTracer.startCompetition_Warn: AUTO_MODE.updates takes too long (0.033s)
GlobalTracer.printPidInfo_Info: [11.417] elevatorPidController: Target=   8.0, Input=   7.5, Error=   0.5, PIDTerms= 0.107/-0.002/ 0.000/ 0.000, Output= 0.105(-1.000/1.000), Volt=12.4(9.3)
GlobalTracer.startCompetition_Warn: AUTO_MODE.updates takes too long (0.033s)
GlobalTracer.printPidInfo_Info: [11.485] elevatorPidController: Target=   8.0, Input=   7.5, Error=   0.5, PIDTerms= 0.107/-0.002/ 0.000/ 0.000, Output= 0.105(-1.000/1.000), Volt=12.5(9.3)
GlobalTracer.startCompetition_Warn: AUTO_MODE.runPeriodic takes too long (0.021s)
GlobalTracer.startCompetition_Warn: AUTO_MODE.updates takes too long (0.041s)
GlobalTracer.printPidInfo_Info: [11.572] elevatorPidController: Target=   8.0, Input=   7.5, Error=   0.5, PIDTerms= 0.107/-0.002/ 0.000/ 0.000, Output= 0.105(-1.000/1.000), Volt=12.4(9.3)
GlobalTracer.printPidInfo_Info: [11.624] elevatorPidController: Target=   8.0, Input=   7.5, Error=   0.5, PIDTerms= 0.107/-0.002/ 0.000/ 0.000, Output= 0.105(-1.000/1.000), Volt=12.4(9.3)
GlobalTracer.startCompetition_Warn: AUTO_MODE.updates takes too long (0.026s)
GlobalTracer.printPidInfo_Info: [11.696] elevatorPidController: Target=   8.0, Input=   7.5, Error=   0.5, PIDTerms= 0.107/-0.002/ 0.000/ 0.000, Output= 0.105(-1.000/1.000), Volt=12.5(9.3)
GlobalTracer.startCompetition_Warn: AUTO_MODE.updates takes too long (0.033s)
GlobalTracer.printPidInfo_Info: [11.762] elevatorPidController: Target=   8.0, Input=   7.5, Error=   0.5, PIDTerms= 0.107/-0.002/ 0.000/ 0.000, Output= 0.105(-1.000/1.000), Volt=12.4(9.3)
GlobalTracer.startCompetition_Warn: AUTO_MODE.updates takes too long (0.028s)
GlobalTracer.printPidInfo_Info: [11.825] elevatorPidController: Target=   8.0, Input=   7.5, Error=   0.5, PIDTerms= 0.107/-0.002/ 0.000/ 0.000, Output= 0.105(-1.000/1.000), Volt=12.4(9.3)
GlobalTracer.startCompetition_Warn: AUTO_MODE.updates takes too long (0.032s)
GlobalTracer.printPidInfo_Info: [11.898] elevatorPidController: Target=   8.0, Input=   7.5, Error=   0.5, PIDTerms= 0.107/-0.002/ 0.000/ 0.000, Output= 0.105(-1.000/1.000), Volt=12.4(9.3)
GlobalTracer.startCompetition_Warn: AUTO_MODE.runPeriodic takes too long (0.023s)
GlobalTracer.startCompetition_Warn: AUTO_MODE.updates takes too long (0.041s)
GlobalTracer.printPidInfo_Info: [11.989] elevatorPidController: Target=   8.0, Input=   7.5, Error=   0.5, PIDTerms= 0.107/-0.002/ 0.000/ 0.000, Output= 0.105(-1.000/1.000), Volt=12.4(9.3)
GlobalTracer.startCompetition_Warn: AUTO_MODE.updates takes too long (0.031s)
GlobalTracer.printPidInfo_Info: [12.051] elevatorPidController: Target=   8.0, Input=   7.5, Error=   0.5, PIDTerms= 0.107/-0.002/ 0.000/ 0.000, Output= 0.105(-1.000/1.000), Volt=12.4(9.3)
GlobalTracer.startCompetition_Warn: AUTO_MODE.updates takes too long (0.032s)
GlobalTracer.printPidInfo_Info: [12.123] elevatorPidController: Target=   8.0, Input=   7.5, Error=   0.5, PIDTerms= 0.107/-0.002/ 0.000/ 0.000, Output= 0.105(-1.000/1.000), Volt=12.5(9.3)
GlobalTracer.startCompetition_Warn: AUTO_MODE.updates takes too long (0.028s)
GlobalTracer.printPidInfo_Info: [12.186] elevatorPidController: Target=   8.0, Input=   7.5, Error=   0.5, PIDTerms= 0.107/-0.002/ 0.000/ 0.000, Output= 0.105(-1.000/1.000), Volt=12.4(9.3)
GlobalTracer.startCompetition_Warn: AUTO_MODE.updates takes too long (0.037s)
GlobalTracer.printPidInfo_Info: [12.261] elevatorPidController: Target=   8.0, Input=   7.5, Error=   0.5, PIDTerms= 0.107/-0.002/ 0.000/ 0.000, Output= 0.105(-1.000/1.000), Volt=12.5(9.3)
GlobalTracer.startCompetition_Warn: AUTO_MODE.updates takes too long (0.025s)
GlobalTracer.printPidInfo_Info: [12.313] elevatorPidController: Target=   8.0, Input=   7.5, Error=   0.5, PIDTerms= 0.107/-0.002/ 0.000/ 0.000, Output= 0.105(-1.000/1.000), Volt=12.5(9.3)
GlobalTracer.startCompetition_Warn: AUTO_MODE.updates takes too long (0.034s)
GlobalTracer.printPidInfo_Info: [12.381] elevatorPidController: Target=   8.0, Input=   7.5, Error=   0.5, PIDTerms= 0.107/-0.002/ 0.000/ 0.000, Output= 0.105(-1.000/1.000), Volt=12.4(9.3)
GlobalTracer.startCompetition_Warn: AUTO_MODE.updates takes too long (0.028s)
GlobalTracer.printPidInfo_Info: [12.441] elevatorPidController: Target=   8.0, Input=   7.5, Error=   0.5, PIDTerms= 0.107/-0.002/ 0.000/ 0.000, Output= 0.106(-1.000/1.000), Volt=12.4(9.3)
GlobalTracer.startCompetition_Warn: AUTO_MODE.updates takes too long (0.029s)
GlobalTracer.printPidInfo_Info: [12.511] elevatorPidController: Target=   8.0, Input=   7.5, Error=   0.5, PIDTerms= 0.107/-0.002/ 0.000/ 0.000, Output= 0.106(-1.000/1.000), Volt=12.5(9.3)
GlobalTracer.startCompetition_Warn: AUTO_MODE.updates takes too long (0.034s)
GlobalTracer.printPidInfo_Info: [12.581] elevatorPidController: Target=   8.0, Input=   7.5, Error=   0.5, PIDTerms= 0.107/-0.002/ 0.000/ 0.000, Output= 0.106(-1.000/1.000), Volt=12.4(9.3)
GlobalTracer.startCompetition_Warn: AUTO_MODE.updates takes too long (0.024s)
GlobalTracer.printPidInfo_Info: [12.645] elevatorPidController: Target=   8.0, Input=   7.5, Error=   0.5, PIDTerms= 0.107/-0.002/ 0.000/ 0.000, Output= 0.106(-1.000/1.000), Volt=12.4(9.3)
GlobalTracer.startCompetition_Warn: AUTO_MODE.updates takes too long (0.030s)
GlobalTracer.printPidInfo_Info: [12.716] elevatorPidController: Target=   8.0, Input=   7.5, Error=   0.5, PIDTerms= 0.107/-0.002/ 0.000/ 0.000, Output= 0.106(-1.000/1.000), Volt=12.4(9.3)
GlobalTracer.startCompetition_Warn: AUTO_MODE.updates takes too long (0.025s)
GlobalTracer.printPidInfo_Info: [12.777] elevatorPidController: Target=   8.0, Input=   7.5, Error=   0.5, PIDTerms= 0.107/-0.002/ 0.000/ 0.000, Output= 0.106(-1.000/1.000), Volt=12.4(9.3)
GlobalTracer.startCompetition_Warn: AUTO_MODE.updates takes too long (0.032s)
GlobalTracer.printPidInfo_Info: [12.855] elevatorPidController: Target=   8.0, Input=   7.5, Error=   0.5, PIDTerms= 0.107/-0.002/ 0.000/ 0.000, Output= 0.106(-1.000/1.000), Volt=12.4(9.3)
GlobalTracer.startCompetition_Warn: AUTO_MODE.updates takes too long (0.033s)
GlobalTracer.printPidInfo_Info: [12.919] elevatorPidController: Target=   8.0, Input=   7.5, Error=   0.5, PIDTerms= 0.107/-0.002/ 0.000/ 0.000, Output= 0.106(-1.000/1.000), Volt=12.4(9.3)
GlobalTracer.startCompetition_Warn: AUTO_MODE.updates takes too long (0.034s)
GlobalTracer.printPidInfo_Info: [13.001] elevatorPidController: Target=   8.0, Input=   7.5, Error=   0.5, PIDTerms= 0.107/-0.002/ 0.000/ 0.000, Output= 0.106(-1.000/1.000), Volt=12.4(9.3)
GlobalTracer.startCompetition_Warn: AUTO_MODE.updates takes too long (0.035s)
GlobalTracer.printPidInfo_Info: [13.073] elevatorPidController: Target=   8.0, Input=   7.5, Error=   0.5, PIDTerms= 0.107/-0.002/ 0.000/ 0.000, Output= 0.106(-1.000/1.000), Volt=12.4(9.3)
GlobalTracer.startCompetition_Warn: AUTO_MODE.updates takes too long (0.036s)
GlobalTracer.printPidInfo_Info: [13.148] elevatorPidController: Target=   8.0, Input=   7.5, Error=   0.5, PIDTerms= 0.107/-0.002/ 0.000/ 0.000, Output= 0.106(-1.000/1.000), Volt=12.4(9.3)
GlobalTracer.startCompetition_Warn: AUTO_MODE.runPeriodic takes too long (0.022s)
GlobalTracer.startCompetition_Warn: AUTO_MODE.updates takes too long (0.029s)
GlobalTracer.printPidInfo_Info: [13.228] elevatorPidController: Target=   8.0, Input=   7.5, Error=   0.5, PIDTerms= 0.107/-0.002/ 0.000/ 0.000, Output= 0.106(-1.000/1.000), Volt=12.4(9.3)
GlobalTracer.startCompetition_Warn: AUTO_MODE.updates takes too long (0.028s)
GlobalTracer.printPidInfo_Info: [13.293] elevatorPidController: Target=   8.0, Input=   7.5, Error=   0.5, PIDTerms= 0.107/-0.001/ 0.000/ 0.000, Output= 0.106(-1.000/1.000), Volt=12.4(9.3)
GlobalTracer.startCompetition_Warn: AUTO_MODE.runPeriodic takes too long (0.020s)
GlobalTracer.startCompetition_Warn: AUTO_MODE.updates takes too long (0.026s)
GlobalTracer.printPidInfo_Info: [13.364] elevatorPidController: Target=   8.0, Input=   7.5, Error=   0.5, PIDTerms= 0.107/-0.001/ 0.000/ 0.000, Output= 0.106(-1.000/1.000), Volt=12.4(9.3)
GlobalTracer.startCompetition_Warn: AUTO_MODE.updates takes too long (0.030s)
GlobalTracer.printPidInfo_Info: [13.433] elevatorPidController: Target=   8.0, Input=   7.5, Error=   0.5, PIDTerms= 0.107/-0.001/ 0.000/ 0.000, Output= 0.106(-1.000/1.000), Volt=12.4(9.3)
GlobalTracer.startCompetition_Warn: AUTO_MODE.runPeriodic takes too long (0.021s)
GlobalTracer.startCompetition_Warn: AUTO_MODE.updates takes too long (0.038s)
GlobalTracer.printPidInfo_Info: [13.515] elevatorPidController: Target=   8.0, Input=   7.5, Error=   0.5, PIDTerms= 0.107/-0.001/ 0.000/ 0.000, Output= 0.106(-1.000/1.000), Volt=12.5(9.3)
GlobalTracer.startCompetition_Warn: AUTO_MODE.updates takes too long (0.025s)
GlobalTracer.printPidInfo_Info: [13.581] elevatorPidController: Target=   8.0, Input=   7.5, Error=   0.5, PIDTerms= 0.107/-0.001/ 0.000/ 0.000, Output= 0.106(-1.000/1.000), Volt=12.5(9.3)
GlobalTracer.startCompetition_Warn: AUTO_MODE.updates takes too long (0.024s)
GlobalTracer.printPidInfo_Info: [13.637] elevatorPidController: Target=   8.0, Input=   7.5, Error=   0.5, PIDTerms= 0.107/-0.001/ 0.000/ 0.000, Output= 0.106(-1.000/1.000), Volt=12.4(9.3)
GlobalTracer.startCompetition_Warn: AUTO_MODE.updates takes too long (0.033s)
GlobalTracer.printPidInfo_Info: [13.706] elevatorPidController: Target=   8.0, Input=   7.5, Error=   0.5, PIDTerms= 0.107/-0.001/ 0.000/ 0.000, Output= 0.106(-1.000/1.000), Volt=12.4(9.3)
GlobalTracer.startCompetition_Warn: AUTO_MODE.updates takes too long (0.024s)
GlobalTracer.printPidInfo_Info: [13.769] elevatorPidController: Target=   8.0, Input=   7.5, Error=   0.5, PIDTerms= 0.107/-0.001/ 0.000/ 0.000, Output= 0.106(-1.000/1.000), Volt=12.5(9.3)
GlobalTracer.startCompetition_Warn: AUTO_MODE.updates takes too long (0.032s)
GlobalTracer.printPidInfo_Info: [13.841] elevatorPidController: Target=   8.0, Input=   7.5, Error=   0.5, PIDTerms= 0.107/-0.001/ 0.000/ 0.000, Output= 0.106(-1.000/1.000), Volt=12.4(9.3)
GlobalTracer.startCompetition_Warn: AUTO_MODE.updates takes too long (0.029s)
GlobalTracer.printPidInfo_Info: [13.905] elevatorPidController: Target=   8.0, Input=   7.5, Error=   0.5, PIDTerms= 0.107/-0.001/ 0.000/ 0.000, Output= 0.106(-1.000/1.000), Volt=12.4(9.3)
GlobalTracer.startCompetition_Warn: AUTO_MODE.updates takes too long (0.030s)
GlobalTracer.printPidInfo_Info: [13.979] elevatorPidController: Target=   8.0, Input=   7.5, Error=   0.5, PIDTerms= 0.107/-0.001/ 0.000/ 0.000, Output= 0.106(-1.000/1.000), Volt=12.4(9.3)
GlobalTracer.startCompetition_Warn: AUTO_MODE.updates takes too long (0.037s)
GlobalTracer.printPidInfo_Info: [14.043] elevatorPidController: Target=   8.0, Input=   7.5, Error=   0.5, PIDTerms= 0.107/-0.001/ 0.000/ 0.000, Output= 0.106(-1.000/1.000), Volt=12.4(9.3)
GlobalTracer.startCompetition_Warn: AUTO_MODE.updates takes too long (0.031s)
GlobalTracer.printPidInfo_Info: [14.112] elevatorPidController: Target=   8.0, Input=   7.5, Error=   0.5, PIDTerms= 0.107/-0.001/ 0.000/ 0.000, Output= 0.106(-1.000/1.000), Volt=12.4(9.3)
GlobalTracer.startCompetition_Warn: AUTO_MODE.runPeriodic takes too long (0.021s)
GlobalTracer.startCompetition_Warn: AUTO_MODE.updates takes too long (0.035s)
GlobalTracer.printPidInfo_Info: [14.197] elevatorPidController: Target=   8.0, Input=   7.5, Error=   0.5, PIDTerms= 0.107/-0.001/ 0.000/ 0.000, Output= 0.106(-1.000/1.000), Volt=12.4(9.3)
GlobalTracer.startCompetition_Warn: AUTO_MODE.updates takes too long (0.028s)
GlobalTracer.printPidInfo_Info: [14.263] elevatorPidController: Target=   8.0, Input=   7.5, Error=   0.5, PIDTerms= 0.107/-0.001/ 0.000/ 0.000, Output= 0.107(-1.000/1.000), Volt=12.4(9.3)
GlobalTracer.startCompetition_Warn: AUTO_MODE.updates takes too long (0.035s)
GlobalTracer.printPidInfo_Info: [14.343] elevatorPidController: Target=   8.0, Input=   7.5, Error=   0.5, PIDTerms= 0.107/-0.001/ 0.000/ 0.000, Output= 0.107(-1.000/1.000), Volt=12.5(9.3)
GlobalTracer.startCompetition_Warn: AUTO_MODE.updates takes too long (0.035s)
GlobalTracer.printPidInfo_Info: [14.416] elevatorPidController: Target=   8.0, Input=   7.5, Error=   0.5, PIDTerms= 0.107/-0.001/ 0.000/ 0.000, Output= 0.107(-1.000/1.000), Volt=12.4(9.3)
GlobalTracer.startCompetition_Warn: AUTO_MODE.updates takes too long (0.025s)
GlobalTracer.printPidInfo_Info: [14.473] elevatorPidController: Target=   8.0, Input=   7.5, Error=   0.5, PIDTerms= 0.107/-0.001/ 0.000/ 0.000, Output= 0.107(-1.000/1.000), Volt=12.4(9.3)
GlobalTracer.startCompetition_Warn: AUTO_MODE.updates takes too long (0.036s)
GlobalTracer.printPidInfo_Info: [14.544] elevatorPidController: Target=   8.0, Input=   7.5, Error=   0.5, PIDTerms= 0.107/-0.001/ 0.000/ 0.000, Output= 0.107(-1.000/1.000), Volt=12.5(9.3)
GlobalTracer.startCompetition_Warn: AUTO_MODE.updates takes too long (0.037s)
GlobalTracer.printPidInfo_Info: [14.604] elevatorPidController: Target=   8.0, Input=   7.5, Error=   0.5, PIDTerms= 0.107/-0.001/ 0.000/ 0.000, Output= 0.107(-1.000/1.000), Volt=12.4(9.3)
GlobalTracer.startCompetition_Warn: AUTO_MODE.updates takes too long (0.033s)
GlobalTracer.printPidInfo_Info: [14.677] elevatorPidController: Target=   8.0, Input=   7.5, Error=   0.5, PIDTerms= 0.107/-0.001/ 0.000/ 0.000, Output= 0.107(-1.000/1.000), Volt=12.4(9.3)
GlobalTracer.startCompetition_Warn: AUTO_MODE.updates takes too long (0.031s)
GlobalTracer.printPidInfo_Info: [14.744] elevatorPidController: Target=   8.0, Input=   7.5, Error=   0.5, PIDTerms= 0.107/-0.001/ 0.000/ 0.000, Output= 0.107(-1.000/1.000), Volt=12.4(9.3)
GlobalTracer.startCompetition_Warn: AUTO_MODE.updates takes too long (0.033s)
GlobalTracer.printPidInfo_Info: [14.822] elevatorPidController: Target=   8.0, Input=   7.5, Error=   0.5, PIDTerms= 0.107/-0.001/ 0.000/ 0.000, Output= 0.107(-1.000/1.000), Volt=12.4(9.3)
GlobalTracer.startCompetition_Warn: AUTO_MODE.updates takes too long (0.031s)
GlobalTracer.printPidInfo_Info: [14.885] elevatorPidController: Target=   8.0, Input=   7.5, Error=   0.5, PIDTerms= 0.107/-0.001/ 0.000/ 0.000, Output= 0.107(-1.000/1.000), Volt=12.4(9.3)
GlobalTracer.startCompetition_Warn: AUTO_MODE.updates takes too long (0.032s)
GlobalTracer.printPidInfo_Info: [14.963] elevatorPidController: Target=   8.0, Input=   7.5, Error=   0.5, PIDTerms= 0.107/-0.001/ 0.000/ 0.000, Output= 0.107(-1.000/1.000), Volt=12.5(9.3)
GlobalTracer.startCompetition_Warn: AUTO_MODE.updates takes too long (0.042s)
GlobalTracer.startCompetition_Warn: AUTO_MODE.preContinuousTasks takes too long (0.028s)
GlobalTracer.printPidInfo_Info: [15.041] elevatorPidController: Target=   8.0, Input=   7.5, Error=   0.5, PIDTerms= 0.107/-0.001/ 0.000/ 0.000, Output= 0.107(-1.000/1.000), Volt=12.4(9.3)
GlobalTracer.startCompetition_Warn: AUTO_MODE.updates takes too long (0.042s)
GlobalTracer.printPidInfo_Info: [15.135] elevatorPidController: Target=   8.0, Input=   7.5, Error=   0.5, PIDTerms= 0.107/-0.001/ 0.000/ 0.000, Output= 0.107(-1.000/1.000), Volt=12.4(9.3)
GlobalTracer.startCompetition_Warn: AUTO_MODE.updates takes too long (0.034s)
GlobalTracer.printPidInfo_Info: [15.204] elevatorPidController: Target=   8.0, Input=   7.5, Error=   0.5, PIDTerms= 0.107/-0.000/ 0.000/ 0.000, Output= 0.107(-1.000/1.000), Volt=12.5(9.3)
GlobalTracer.startCompetition_Warn: AUTO_MODE.updates takes too long (0.034s)
GlobalTracer.printPidInfo_Info: [15.284] elevatorPidController: Target=   8.0, Input=   7.5, Error=   0.5, PIDTerms= 0.107/-0.000/ 0.000/ 0.000, Output= 0.107(-1.000/1.000), Volt=12.5(9.3)
GlobalTracer.startCompetition_Warn: AUTO_MODE.updates takes too long (0.038s)
GlobalTracer.Vision_Info: Pixy is disabled!
GlobalTracer.TaskPerformance_Info: leftDriveStick.prePeriodic: PrePeriodic=0.000014, PostPeriodic=NaN, PreContinuous=NaN, PostContinous=NaN
GlobalTracer.TaskPerformance_Info: rightDriveStick.prePeriodic: PrePeriodic=0.000008, PostPeriodic=NaN, PreContinuous=NaN, PostContinous=NaN
GlobalTracer.TaskPerformance_Info: operatorStick.prePeriodic: PrePeriodic=0.000005, PostPeriodic=NaN, PreContinuous=NaN, PostContinous=NaN
GlobalTracer.TaskPerformance_Info: TrcRobotBattery.preContinuous: PrePeriodic=NaN, PostPeriodic=NaN, PreContinuous=0.002597, PostContinous=NaN
GlobalTracer.TaskPerformance_Info: LeftSonar.preContinuous: PrePeriodic=NaN, PostPeriodic=NaN, PreContinuous=NaN, PostContinous=NaN
GlobalTracer.TaskPerformance_Info: LeftSonar.preContinuous: PrePeriodic=NaN, PostPeriodic=NaN, PreContinuous=NaN, PostContinous=NaN
GlobalTracer.TaskPerformance_Info: RightSonar.preContinuous: PrePeriodic=NaN, PostPeriodic=NaN, PreContinuous=NaN, PostContinous=NaN
GlobalTracer.TaskPerformance_Info: RightSonar.preContinuous: PrePeriodic=NaN, PostPeriodic=NaN, PreContinuous=NaN, PostContinous=NaN
GlobalTracer.TaskPerformance_Info: LeftFrontWheel.stop: PrePeriodic=NaN, PostPeriodic=NaN, PreContinuous=NaN, PostContinous=NaN
GlobalTracer.TaskPerformance_Info: LeftFrontWheel.preContinuousTask: PrePeriodic=NaN, PostPeriodic=NaN, PreContinuous=NaN, PostContinous=NaN
GlobalTracer.TaskPerformance_Info: LeftRearWheel.stop: PrePeriodic=NaN, PostPeriodic=NaN, PreContinuous=NaN, PostContinous=NaN
GlobalTracer.TaskPerformance_Info: LeftRearWheel.preContinuousTask: PrePeriodic=NaN, PostPeriodic=NaN, PreContinuous=NaN, PostContinous=NaN
GlobalTracer.TaskPerformance_Info: RightFrontWheel.stop: PrePeriodic=NaN, PostPeriodic=NaN, PreContinuous=NaN, PostContinous=NaN
GlobalTracer.TaskPerformance_Info: RightFrontWheel.preContinuousTask: PrePeriodic=NaN, PostPeriodic=NaN, PreContinuous=NaN, PostContinous=NaN
GlobalTracer.TaskPerformance_Info: RightRearWheel.stop: PrePeriodic=NaN, PostPeriodic=NaN, PreContinuous=NaN, PostContinous=NaN
GlobalTracer.TaskPerformance_Info: RightRearWheel.preContinuousTask: PrePeriodic=NaN, PostPeriodic=NaN, PreContinuous=NaN, PostContinous=NaN
GlobalTracer.TaskPerformance_Info: TrcDriveBase.stop: PrePeriodic=NaN, PostPeriodic=NaN, PreContinuous=NaN, PostContinous=NaN
GlobalTracer.TaskPerformance_Info: TrcDriveBase.preContinuous: PrePeriodic=NaN, PostPeriodic=NaN, PreContinuous=0.007252, PostContinous=NaN
GlobalTracer.TaskPerformance_Info:    pidDrive.stop: PrePeriodic=NaN, PostPeriodic=NaN, PreContinuous=NaN, PostContinous=NaN
GlobalTracer.TaskPerformance_Info: pidDrive.postContinuous: PrePeriodic=NaN, PostPeriodic=NaN, PreContinuous=NaN, PostContinous=0.017136
GlobalTracer.TaskPerformance_Info: elevatorMotor.stop: PrePeriodic=NaN, PostPeriodic=NaN, PreContinuous=NaN, PostContinous=NaN
GlobalTracer.TaskPerformance_Info: elevatorMotor.preContinuousTask: PrePeriodic=NaN, PostPeriodic=NaN, PreContinuous=NaN, PostContinous=NaN
GlobalTracer.TaskPerformance_Info:    elevator.stop: PrePeriodic=NaN, PostPeriodic=NaN, PreContinuous=NaN, PostContinous=NaN
GlobalTracer.TaskPerformance_Info: elevator.postContinuous: PrePeriodic=NaN, PostPeriodic=NaN, PreContinuous=NaN, PostContinous=0.001761
GlobalTracer.TaskPerformance_Info: elevatorMotor.preContinuous: PrePeriodic=NaN, PostPeriodic=NaN, PreContinuous=0.000537, PostContinous=NaN
GlobalTracer.TaskPerformance_Info: LeftPickupMotor.stop: PrePeriodic=NaN, PostPeriodic=NaN, PreContinuous=NaN, PostContinous=NaN
GlobalTracer.TaskPerformance_Info: LeftPickupMotor.preContinuousTask: PrePeriodic=NaN, PostPeriodic=NaN, PreContinuous=NaN, PostContinous=NaN
GlobalTracer.TaskPerformance_Info: RightPickupMotor.stop: PrePeriodic=NaN, PostPeriodic=NaN, PreContinuous=NaN, PostContinous=NaN
GlobalTracer.TaskPerformance_Info: RightPickupMotor.preContinuousTask: PrePeriodic=NaN, PostPeriodic=NaN, PreContinuous=NaN, PostContinous=NaN
GlobalTracer.TaskPerformance_Info: CubePickupClaw.stop: PrePeriodic=NaN, PostPeriodic=NaN, PreContinuous=NaN, PostContinous=NaN
GlobalTracer.TaskPerformance_Info: CubePickupClaw.postContinuous: PrePeriodic=NaN, PostPeriodic=NaN, PreContinuous=NaN, PostContinous=NaN
GlobalTracer.TaskPerformance_Info: CubePickupClaw.preContinuous: PrePeriodic=NaN, PostPeriodic=NaN, PreContinuous=NaN, PostContinous=NaN
GlobalTracer.TaskPerformance_Info: CubePickupDeploy.stop: PrePeriodic=NaN, PostPeriodic=NaN, PreContinuous=NaN, PostContinous=NaN
GlobalTracer.TaskPerformance_Info: CubePickupDeploy.postContinuous: PrePeriodic=NaN, PostPeriodic=NaN, PreContinuous=NaN, PostContinous=NaN
GlobalTracer.TaskPerformance_Info: CubePickupDeploy.preContinuous: PrePeriodic=NaN, PostPeriodic=NaN, PreContinuous=NaN, PostContinous=NaN
GlobalTracer.TaskPerformance_Info: CubeProximityTrigger.preContinuous: PrePeriodic=NaN, PostPeriodic=NaN, PreContinuous=NaN, PostContinous=NaN
GlobalTracer.TaskPerformance_Info: PickupCurrentTrigger.preContinuous: PrePeriodic=NaN, PostPeriodic=NaN, PreContinuous=NaN, PostContinous=NaN
GlobalTracer.TaskPerformance_Info:       pickupTask: PrePeriodic=NaN, PostPeriodic=NaN, PreContinuous=NaN, PostContinous=NaN
GlobalTracer.TaskPerformance_Info: pickupTimer.preContinuous: PrePeriodic=NaN, PostPeriodic=NaN, PreContinuous=NaN, PostContinous=NaN
GlobalTracer.TaskPerformance_Info: WinchMaster.stop: PrePeriodic=NaN, PostPeriodic=NaN, PreContinuous=NaN, PostContinous=NaN
GlobalTracer.TaskPerformance_Info: WinchMaster.preContinuousTask: PrePeriodic=NaN, PostPeriodic=NaN, PreContinuous=NaN, PostContinous=NaN
GlobalTracer.TaskPerformance_Info:  WinchSlave.stop: PrePeriodic=NaN, PostPeriodic=NaN, PreContinuous=NaN, PostContinous=NaN
GlobalTracer.TaskPerformance_Info: WinchSlave.preContinuousTask: PrePeriodic=NaN, PostPeriodic=NaN, PreContinuous=NaN, PostContinous=NaN
GlobalTracer.TaskPerformance_Info: leftFlipper.stop: PrePeriodic=NaN, PostPeriodic=NaN, PreContinuous=NaN, PostContinous=NaN
GlobalTracer.TaskPerformance_Info: leftFlipper.postContinuous: PrePeriodic=NaN, PostPeriodic=NaN, PreContinuous=NaN, PostContinous=NaN
GlobalTracer.TaskPerformance_Info: leftFlipper.preContinuous: PrePeriodic=NaN, PostPeriodic=NaN, PreContinuous=NaN, PostContinous=NaN
GlobalTracer.TaskPerformance_Info: rightFlipper.stop: PrePeriodic=NaN, PostPeriodic=NaN, PreContinuous=NaN, PostContinous=NaN
GlobalTracer.TaskPerformance_Info: rightFlipper.postContinuous: PrePeriodic=NaN, PostPeriodic=NaN, PreContinuous=NaN, PostContinous=NaN
GlobalTracer.TaskPerformance_Info: rightFlipper.preContinuous: PrePeriodic=NaN, PostPeriodic=NaN, PreContinuous=NaN, PostContinous=NaN
GlobalTracer.TaskPerformance_Info: VisionTrigger.preContinuous: PrePeriodic=NaN, PostPeriodic=NaN, PreContinuous=NaN, PostContinous=NaN
GlobalTracer.TaskPerformance_Info: ExchangeTrigger.preContinuous: PrePeriodic=NaN, PostPeriodic=NaN, PreContinuous=NaN, PostContinous=NaN
GlobalTracer.TaskPerformance_Info: FrcTest.preContinuous: PrePeriodic=NaN, PostPeriodic=NaN, PreContinuous=NaN, PostContinous=NaN
GlobalTracer.TaskPerformance_Info: CmdAutoSwitch.preContinuous: PrePeriodic=NaN, PostPeriodic=NaN, PreContinuous=0.000074, PostContinous=NaN
GlobalTracer.TaskPerformance_Info: LeftSonarTrigger.preContinuous: PrePeriodic=NaN, PostPeriodic=NaN, PreContinuous=NaN, PostContinous=NaN
GlobalTracer.TaskPerformance_Info: RightSonarTrigger.preContinuous: PrePeriodic=NaN, PostPeriodic=NaN, PreContinuous=NaN, PostContinous=NaN
GlobalTracer.startCompetition_Warn: AUTO_MODE.stopMode takes too long (0.105s)
GlobalTracer.Robot_Info: TotalEnergy=0.576Wh
