GlobalTracer.FirstPowerUp_Info: Sat Mar 24 15:23:52 PDT 2018: ***** Starting autonomous *****
GlobalTracer.FirstPowerUp_Info: WASNO_Qualification_ 24 (Red1) [FMSConnected=true]
GlobalTracer.CmdAutoSwitch_Info: alliance=Red, gameSpecificMsg=LLL, delay=0.000, fwdDistance=60, startPosition=0.0, flipInFlight=false
GlobalTracer.Vision_Info: Pixy is enabled!
GlobalTracer.Robot_Info: [0.596]   DO_DELAY: xPos=  0.00,yPos=  0.00,heading=   0.0/   0.0,volts=12.7(12.5)
GlobalTracer.startCompetition_Warn: AUTO_MODE takes too long (0.700s)

GlobalTracer.Robot_Info: [0.699] DRIVE_DIAGONAL_TO_SWITCH: xPos=  0.00,yPos=  0.00,heading=   0.0/ -30.0,volts=12.7(12.5)
GlobalTracer.printPidInfo_Info: [0.699] encoderXPidCtrl: Target=   0.0, Input=   0.0, Error=   0.0, PIDTerms= 0.000/ 0.000/ 0.000/ 0.000, Output= 0.000(-0.700/0.700), Volt=12.7(12.5)
GlobalTracer.printPidInfo_Info: [0.699] encoderYPidCtrl: Target= 121.2, Input=   0.0, Error= 121.2, PIDTerms= 0.000/ 0.000/ 0.000/ 0.000, Output= 0.000(-0.600/0.600), Volt=12.7(12.5)
GlobalTracer.printPidInfo_Info: [0.699] gyroTurnPidCtrl: Target= -30.0, Input=   0.0, Error= -30.0, PIDTerms= 0.000/ 0.000/ 0.000/ 0.000, Output= 0.000(-0.700/0.700), Volt=12.7(12.5)
GlobalTracer.printPidInfo_Info: [0.699] elevatorPidController: Target=  34.8, Input=   0.0, Error=  26.8, PIDTerms= 0.000/ 0.000/ 0.000/ 0.000, Output= 0.000(-1.000/1.000), Volt=12.7(12.5)
GlobalTracer.startCompetition_Warn: AUTO_MODE takes too long (0.142s)

GlobalTracer.printPidInfo_Info: [0.846] encoderXPidCtrl: Target=   0.0, Input=   0.0, Error=   0.0, PIDTerms= 0.000/ 0.000/ 0.000/ 0.000, Output= 0.000(-0.700/0.700), Volt=9.0(9.0)
GlobalTracer.printPidInfo_Info: [0.846] encoderYPidCtrl: Target= 121.2, Input=   0.0, Error= 121.2, PIDTerms= 2.061/ 0.000/ 0.000/ 0.000, Output= 0.600(-0.600/0.600), Volt=9.4(9.0)
GlobalTracer.printPidInfo_Info: [0.846] gyroTurnPidCtrl: Target= -30.0, Input=   0.0, Error= -30.0, PIDTerms=-0.540/ 0.000/ 0.000/-0.000, Output=-0.540(-0.700/0.700), Volt=9.4(9.0)
GlobalTracer.printPidInfo_Info: [0.846] elevatorPidController: Target=  34.8, Input=   8.0, Error=  26.8, PIDTerms= 5.350/ 0.002/ 0.000/ 0.000, Output= 1.000(-1.000/1.000), Volt=9.5(9.0)
GlobalTracer.startCompetition_Warn: AUTO_MODE takes too long (0.182s)

GlobalTracer.printPidInfo_Info: [1.031] encoderXPidCtrl: Target=   0.0, Input=   0.3, Error=  -0.3, PIDTerms=-0.039/ 0.000/-0.021/ 0.000, Output=-0.060(-0.700/0.700), Volt=10.0(9.0)
GlobalTracer.printPidInfo_Info: [1.031] encoderYPidCtrl: Target= 121.2, Input=   0.9, Error= 120.3, PIDTerms= 2.045/ 0.000/-0.005/ 0.000, Output= 0.600(-0.600/0.600), Volt=10.0(9.0)
GlobalTracer.printPidInfo_Info: [1.031] gyroTurnPidCtrl: Target= -30.0, Input=  -0.8, Error= -29.3, PIDTerms=-0.527/ 0.000/ 0.007/-0.000, Output=-0.520(-0.700/0.700), Volt=10.1(9.0)
GlobalTracer.printPidInfo_Info: [1.031] elevatorPidController: Target=  34.8, Input=  10.9, Error=  23.9, PIDTerms= 4.774/ 0.006/-0.000/ 0.000, Output= 1.000(-1.000/1.000), Volt=10.2(9.0)
GlobalTracer.startCompetition_Warn: AUTO_MODE takes too long (0.291s)

GlobalTracer.printPidInfo_Info: [1.322] encoderXPidCtrl: Target=   0.0, Input=  -0.5, Error=   0.5, PIDTerms= 0.072/ 0.000/ 0.042/ 0.000, Output= 0.114(-0.700/0.700), Volt=10.4(9.0)
GlobalTracer.printPidInfo_Info: [1.322] encoderYPidCtrl: Target= 121.2, Input=   7.6, Error= 113.6, PIDTerms= 1.931/ 0.000/-0.025/ 0.000, Output= 0.600(-0.600/0.600), Volt=10.5(9.0)
GlobalTracer.printPidInfo_Info: [1.322] gyroTurnPidCtrl: Target= -30.0, Input= -13.9, Error= -16.1, PIDTerms=-0.289/ 0.000/ 0.080/-0.000, Output=-0.209(-0.700/0.700), Volt=10.5(9.0)
GlobalTracer.printPidInfo_Info: [1.322] elevatorPidController: Target=  34.8, Input=  19.8, Error=  14.9, PIDTerms= 2.987/ 0.010/-0.000/ 0.000, Output= 1.000(-1.000/1.000), Volt=10.5(9.0)
GlobalTracer.startCompetition_Warn: AUTO_MODE takes too long (0.141s)

GlobalTracer.printPidInfo_Info: [1.467] encoderXPidCtrl: Target=   0.0, Input=  -1.7, Error=   1.7, PIDTerms= 0.257/ 0.000/ 0.084/ 0.000, Output= 0.341(-0.700/0.700), Volt=10.3(9.0)
GlobalTracer.printPidInfo_Info: [1.467] encoderYPidCtrl: Target= 121.2, Input=  21.9, Error=  99.3, PIDTerms= 1.688/ 0.000/-0.065/ 0.000, Output= 0.600(-0.600/0.600), Volt=10.6(9.0)
GlobalTracer.printPidInfo_Info: [1.467] gyroTurnPidCtrl: Target= -30.0, Input= -38.0, Error=   8.0, PIDTerms= 0.144/ 0.000/ 0.174/-0.000, Output= 0.318(-0.700/0.700), Volt=10.6(9.0)
GlobalTracer.printPidInfo_Info: [1.467] elevatorPidController: Target=  34.8, Input=  27.5, Error=   7.2, PIDTerms= 1.447/ 0.011/-0.000/ 0.000, Output= 1.000(-1.000/1.000), Volt=10.6(9.0)
GlobalTracer.printPidInfo_Info: [1.553] encoderXPidCtrl: Target=   0.0, Input=  -0.6, Error=   0.6, PIDTerms= 0.088/ 0.000/-0.174/ 0.000, Output=-0.085(-0.700/0.700), Volt=10.4(9.0)
GlobalTracer.printPidInfo_Info: [1.553] encoderYPidCtrl: Target= 121.2, Input=  31.5, Error=  89.7, PIDTerms= 1.525/ 0.000/-0.099/ 0.000, Output= 0.600(-0.600/0.600), Volt=10.4(9.0)
GlobalTracer.printPidInfo_Info: [1.553] gyroTurnPidCtrl: Target= -30.0, Input= -47.8, Error=  17.8, PIDTerms= 0.320/ 0.000/ 0.161/-0.000, Output= 0.480(-0.700/0.700), Volt=10.1(9.0)
GlobalTracer.printPidInfo_Info: [1.553] elevatorPidController: Target=  34.8, Input=  30.2, Error=   4.5, PIDTerms= 0.907/ 0.012/-0.000/ 0.000, Output= 0.918(-1.000/1.000), Volt=10.1(9.0)
GlobalTracer.printPidInfo_Info: [1.614] encoderXPidCtrl: Target=   0.0, Input=   0.2, Error=  -0.2, PIDTerms=-0.029/ 0.000/-0.189/ 0.000, Output=-0.218(-0.700/0.700), Volt=10.8(9.0)
GlobalTracer.printPidInfo_Info: [1.614] encoderYPidCtrl: Target= 121.2, Input=  37.7, Error=  83.5, PIDTerms= 1.420/ 0.000/-0.100/ 0.000, Output= 0.600(-0.600/0.600), Volt=10.8(9.0)
GlobalTracer.printPidInfo_Info: [1.614] gyroTurnPidCtrl: Target= -30.0, Input= -49.4, Error=  19.4, PIDTerms= 0.348/ 0.000/ 0.041/-0.000, Output= 0.390(-0.700/0.700), Volt=10.8(9.0)
GlobalTracer.printPidInfo_Info: [1.614] elevatorPidController: Target=  34.8, Input=  32.2, Error=   2.5, PIDTerms= 0.503/ 0.012/-0.000/ 0.000, Output= 0.514(-1.000/1.000), Volt=10.8(9.0)
GlobalTracer.printPidInfo_Info: [1.678] encoderXPidCtrl: Target=   0.0, Input=   0.4, Error=  -0.4, PIDTerms=-0.060/ 0.000/-0.044/ 0.000, Output=-0.104(-0.700/0.700), Volt=10.9(9.0)
GlobalTracer.printPidInfo_Info: [1.678] encoderYPidCtrl: Target= 121.2, Input=  41.7, Error=  79.6, PIDTerms= 1.353/ 0.000/-0.056/ 0.000, Output= 0.600(-0.600/0.600), Volt=11.0(9.0)
GlobalTracer.printPidInfo_Info: [1.678] gyroTurnPidCtrl: Target= -30.0, Input= -48.4, Error=  18.4, PIDTerms= 0.331/ 0.000/-0.022/-0.000, Output= 0.309(-0.700/0.700), Volt=11.0(9.0)
GlobalTracer.printPidInfo_Info: [1.678] elevatorPidController: Target=  34.8, Input=  34.3, Error=   0.5, PIDTerms= 0.091/ 0.012/-0.000/ 0.000, Output= 0.103(-1.000/1.000), Volt=11.0(9.0)
GlobalTracer.startCompetition_Warn: AUTO_MODE takes too long (0.150s)

GlobalTracer.printPidInfo_Info: [1.830] encoderXPidCtrl: Target=   0.0, Input=   0.8, Error=  -0.8, PIDTerms=-0.113/ 0.000/-0.079/ 0.000, Output=-0.192(-0.700/0.700), Volt=11.1(9.0)
GlobalTracer.printPidInfo_Info: [1.830] encoderYPidCtrl: Target= 121.2, Input=  46.3, Error=  74.9, PIDTerms= 1.274/ 0.000/-0.069/ 0.000, Output= 0.600(-0.600/0.600), Volt=11.1(9.0)
GlobalTracer.printPidInfo_Info: [1.830] gyroTurnPidCtrl: Target= -30.0, Input= -46.3, Error=  16.3, PIDTerms= 0.293/ 0.000/-0.050/-0.000, Output= 0.243(-0.700/0.700), Volt=11.1(9.0)
GlobalTracer.printPidInfo_Info: [1.830] elevatorPidController: Target=  34.8, Input=  34.9, Error=  -0.2, PIDTerms=-0.039/ 0.012/-0.000/ 0.000, Output=-0.027(-1.000/1.000), Volt=11.3(9.0)
GlobalTracer.startCompetition_Warn: AUTO_MODE takes too long (0.213s)

GlobalTracer.printPidInfo_Info: [2.045] encoderXPidCtrl: Target=   0.0, Input=   0.7, Error=  -0.7, PIDTerms=-0.112/ 0.000/ 0.000/ 0.000, Output=-0.112(-0.700/0.700), Volt=11.7(9.0)
GlobalTracer.printPidInfo_Info: [2.045] encoderYPidCtrl: Target= 121.2, Input=  58.7, Error=  62.5, PIDTerms= 1.063/ 0.000/-0.056/ 0.000, Output= 0.600(-0.600/0.600), Volt=11.7(9.0)
GlobalTracer.printPidInfo_Info: [2.045] gyroTurnPidCtrl: Target= -30.0, Input= -36.8, Error=   6.8, PIDTerms= 0.122/ 0.000/-0.069/-0.000, Output= 0.054(-0.700/0.700), Volt=11.7(9.0)
GlobalTracer.printPidInfo_Info: [2.045] elevatorPidController: Target=  34.8, Input=  34.7, Error=   0.1, PIDTerms= 0.014/ 0.012/ 0.000/ 0.000, Output= 0.026(-1.000/1.000), Volt=11.6(9.0)
GlobalTracer.startCompetition_Warn: AUTO_MODE takes too long (0.194s)

GlobalTracer.printPidInfo_Info: [2.239] encoderXPidCtrl: Target=   0.0, Input=  -1.2, Error=   1.2, PIDTerms= 0.186/ 0.000/ 0.146/ 0.000, Output= 0.332(-0.700/0.700), Volt=11.3(9.0)
GlobalTracer.printPidInfo_Info: [2.239] encoderYPidCtrl: Target= 121.2, Input=  75.6, Error=  45.7, PIDTerms= 0.776/ 0.000/-0.083/ 0.000, Output= 0.600(-0.600/0.600), Volt=11.3(9.0)
GlobalTracer.printPidInfo_Info: [2.239] gyroTurnPidCtrl: Target= -30.0, Input= -25.5, Error=  -4.5, PIDTerms=-0.082/ 0.000/-0.089/-0.000, Output=-0.171(-0.700/0.700), Volt=11.4(9.0)
GlobalTracer.printPidInfo_Info: [2.239] elevatorPidController: Target=  34.8, Input=  34.4, Error=   0.4, PIDTerms= 0.077/ 0.012/ 0.000/ 0.000, Output= 0.089(-1.000/1.000), Volt=11.4(9.0)
GlobalTracer.startCompetition_Warn: AUTO_MODE takes too long (0.123s)

GlobalTracer.printPidInfo_Info: [2.368] encoderXPidCtrl: Target=   0.0, Input=  -1.1, Error=   1.1, PIDTerms= 0.165/ 0.000/-0.011/ 0.000, Output= 0.154(-0.700/0.700), Volt=12.1(9.0)
GlobalTracer.printPidInfo_Info: [2.368] encoderYPidCtrl: Target= 121.2, Input=  91.6, Error=  29.6, PIDTerms= 0.504/ 0.000/-0.087/ 0.000, Output= 0.417(-0.600/0.600), Volt=12.1(9.0)
GlobalTracer.printPidInfo_Info: [2.368] gyroTurnPidCtrl: Target= -30.0, Input= -21.7, Error=  -8.3, PIDTerms=-0.150/ 0.000/-0.033/-0.000, Output=-0.182(-0.700/0.700), Volt=12.1(9.0)
GlobalTracer.printPidInfo_Info: [2.368] elevatorPidController: Target=  34.8, Input=  34.4, Error=   0.4, PIDTerms= 0.078/ 0.012/ 0.000/ 0.000, Output= 0.090(-1.000/1.000), Volt=12.1(9.0)
GlobalTracer.startCompetition_Warn: AUTO_MODE takes too long (0.109s)

GlobalTracer.printPidInfo_Info: [2.477] encoderXPidCtrl: Target=   0.0, Input=   0.6, Error=  -0.6, PIDTerms=-0.084/ 0.000/-0.251/ 0.000, Output=-0.335(-0.700/0.700), Volt=11.9(9.0)
GlobalTracer.printPidInfo_Info: [2.477] encoderYPidCtrl: Target= 121.2, Input= 103.9, Error=  17.4, PIDTerms= 0.295/ 0.000/-0.123/ 0.000, Output= 0.172(-0.600/0.600), Volt=11.9(9.0)
GlobalTracer.printPidInfo_Info: [2.477] gyroTurnPidCtrl: Target= -30.0, Input= -23.7, Error=  -6.3, PIDTerms=-0.113/ 0.000/ 0.033/-0.000, Output=-0.081(-0.700/0.700), Volt=11.9(9.0)
GlobalTracer.printPidInfo_Info: [2.477] elevatorPidController: Target=  34.8, Input=  34.4, Error=   0.4, PIDTerms= 0.078/ 0.012/ 0.000/ 0.000, Output= 0.090(-1.000/1.000), Volt=11.9(9.0)
GlobalTracer.startCompetition_Warn: AUTO_MODE takes too long (0.121s)

GlobalTracer.printPidInfo_Info: [2.599] encoderXPidCtrl: Target=   0.0, Input=   0.9, Error=  -0.9, PIDTerms=-0.128/ 0.000/-0.040/ 0.000, Output=-0.168(-0.700/0.700), Volt=12.3(9.0)
GlobalTracer.printPidInfo_Info: [2.599] encoderYPidCtrl: Target= 121.2, Input= 112.6, Error=   8.7, PIDTerms= 0.147/ 0.000/-0.079/ 0.000, Output= 0.069(-0.600/0.600), Volt=12.3(9.0)
GlobalTracer.printPidInfo_Info: [2.599] gyroTurnPidCtrl: Target= -30.0, Input= -27.4, Error=  -2.6, PIDTerms=-0.047/ 0.000/ 0.053/-0.000, Output= 0.007(-0.700/0.700), Volt=12.3(9.0)
GlobalTracer.printPidInfo_Info: [2.599] elevatorPidController: Target=  34.8, Input=  34.4, Error=   0.4, PIDTerms= 0.078/ 0.012/ 0.000/ 0.000, Output= 0.090(-1.000/1.000), Volt=12.3(9.0)
GlobalTracer.startCompetition_Warn: AUTO_MODE takes too long (0.125s)

GlobalTracer.Robot_Info: [2.728] THROW_CUBE: xPos= -1.17,yPos=125.10,heading= -34.9/ -30.0,volts=12.5(9.0)
GlobalTracer.printPidInfo_Info: [2.728] elevatorPidController: Target=  34.8, Input=  34.4, Error=   0.4, PIDTerms= 0.078/ 0.012/ 0.000/ 0.000, Output= 0.090(-1.000/1.000), Volt=12.5(9.0)
GlobalTracer.Robot_Info: [2.818]       DONE: xPos= -1.38,yPos=129.60,heading= -36.5/ -30.0,volts=9.6(9.0)
GlobalTracer.printPidInfo_Info: [2.818] elevatorPidController: Target=   6.0, Input=  34.4, Error= -28.4, PIDTerms= 0.078/ 0.012/ 0.000/ 0.000, Output= 0.000(-1.000/1.000), Volt=9.6(9.0)
GlobalTracer.printPidInfo_Info: [2.884] elevatorPidController: Target=   6.0, Input=  34.4, Error= -28.4, PIDTerms=-5.672/-0.001/ 0.000/ 0.000, Output=-1.000(-1.000/1.000), Volt=9.7(9.0)
GlobalTracer.printPidInfo_Info: [2.957] elevatorPidController: Target=   6.0, Input=  32.9, Error= -26.9, PIDTerms=-5.386/-0.003/ 0.000/ 0.000, Output=-1.000(-1.000/1.000), Volt=10.5(9.0)
GlobalTracer.printPidInfo_Info: [3.022] elevatorPidController: Target=   6.0, Input=  30.1, Error= -24.1, PIDTerms=-4.815/-0.004/ 0.000/ 0.000, Output=-1.000(-1.000/1.000), Volt=10.7(9.0)
GlobalTracer.printPidInfo_Info: [3.089] elevatorPidController: Target=   6.0, Input=  25.7, Error= -19.7, PIDTerms=-3.948/-0.005/ 0.000/ 0.000, Output=-1.000(-1.000/1.000), Volt=10.9(9.0)
GlobalTracer.printPidInfo_Info: [3.142] elevatorPidController: Target=   6.0, Input=  22.3, Error= -16.3, PIDTerms=-3.266/-0.006/ 0.000/ 0.000, Output=-1.000(-1.000/1.000), Volt=11.1(9.0)
GlobalTracer.printPidInfo_Info: [3.206] elevatorPidController: Target=   6.0, Input=  18.8, Error= -12.8, PIDTerms=-2.564/-0.007/ 0.000/ 0.000, Output=-1.000(-1.000/1.000), Volt=11.2(9.0)
GlobalTracer.printPidInfo_Info: [3.252] elevatorPidController: Target=   6.0, Input=  15.3, Error=  -9.3, PIDTerms=-1.859/-0.008/ 0.000/ 0.000, Output=-1.000(-1.000/1.000), Volt=11.3(9.0)
GlobalTracer.printPidInfo_Info: [3.337] elevatorPidController: Target=   6.0, Input=  11.5, Error=  -5.5, PIDTerms=-1.099/-0.008/ 0.000/ 0.000, Output=-1.000(-1.000/1.000), Volt=11.7(9.0)
GlobalTracer.printPidInfo_Info: [3.385] elevatorPidController: Target=   6.0, Input=   7.3, Error=  -1.3, PIDTerms=-0.268/-0.008/ 0.000/ 0.000, Output=-0.276(-1.000/1.000), Volt=11.6(9.0)
GlobalTracer.printPidInfo_Info: [3.463] elevatorPidController: Target=   6.0, Input=   8.1, Error=  -2.1, PIDTerms=-0.423/-0.008/-0.000/ 0.000, Output=-0.431(-1.000/1.000), Volt=11.7(9.0)
GlobalTracer.printPidInfo_Info: [3.509] elevatorPidController: Target=   6.0, Input=   8.3, Error=  -2.3, PIDTerms=-0.452/-0.008/-0.000/ 0.000, Output=-0.460(-1.000/1.000), Volt=11.8(9.0)
GlobalTracer.printPidInfo_Info: [3.591] elevatorPidController: Target=   6.0, Input=   8.4, Error=  -2.4, PIDTerms=-0.489/-0.009/-0.000/ 0.000, Output=-0.497(-1.000/1.000), Volt=11.8(9.0)
GlobalTracer.printPidInfo_Info: [3.637] elevatorPidController: Target=   6.0, Input=   8.5, Error=  -2.5, PIDTerms=-0.490/-0.009/-0.000/ 0.000, Output=-0.499(-1.000/1.000), Volt=11.9(9.0)
GlobalTracer.printPidInfo_Info: [3.703] elevatorPidController: Target=   6.0, Input=   8.4, Error=  -2.4, PIDTerms=-0.487/-0.009/ 0.000/ 0.000, Output=-0.496(-1.000/1.000), Volt=11.9(9.0)
GlobalTracer.printPidInfo_Info: [3.755] elevatorPidController: Target=   6.0, Input=   8.5, Error=  -2.5, PIDTerms=-0.490/-0.009/-0.000/ 0.000, Output=-0.499(-1.000/1.000), Volt=11.8(9.0)
GlobalTracer.printPidInfo_Info: [3.810] elevatorPidController: Target=   6.0, Input=   8.5, Error=  -2.5, PIDTerms=-0.490/-0.009/ 0.000/ 0.000, Output=-0.499(-1.000/1.000), Volt=11.7(9.0)
GlobalTracer.printPidInfo_Info: [3.878] elevatorPidController: Target=   6.0, Input=   8.5, Error=  -2.5, PIDTerms=-0.490/-0.009/ 0.000/ 0.000, Output=-0.500(-1.000/1.000), Volt=11.8(9.0)
GlobalTracer.printPidInfo_Info: [3.936] elevatorPidController: Target=   6.0, Input=   8.5, Error=  -2.5, PIDTerms=-0.490/-0.009/ 0.000/ 0.000, Output=-0.500(-1.000/1.000), Volt=11.9(9.0)
GlobalTracer.printPidInfo_Info: [4.000] elevatorPidController: Target=   6.0, Input=   8.5, Error=  -2.5, PIDTerms=-0.490/-0.010/ 0.000/ 0.000, Output=-0.500(-1.000/1.000), Volt=11.8(9.0)
GlobalTracer.printPidInfo_Info: [4.072] elevatorPidController: Target=   6.0, Input=   8.5, Error=  -2.5, PIDTerms=-0.490/-0.010/ 0.000/ 0.000, Output=-0.500(-1.000/1.000), Volt=12.1(9.0)
GlobalTracer.printPidInfo_Info: [4.118] elevatorPidController: Target=   6.0, Input=   8.5, Error=  -2.5, PIDTerms=-0.490/-0.010/ 0.000/ 0.000, Output=-0.500(-1.000/1.000), Volt=12.1(9.0)
GlobalTracer.printPidInfo_Info: [4.187] elevatorPidController: Target=   6.0, Input=   8.5, Error=  -2.5, PIDTerms=-0.490/-0.010/ 0.000/ 0.000, Output=-0.500(-1.000/1.000), Volt=11.8(9.0)
GlobalTracer.printPidInfo_Info: [4.253] elevatorPidController: Target=   6.0, Input=   8.5, Error=  -2.5, PIDTerms=-0.490/-0.010/ 0.000/ 0.000, Output=-0.500(-1.000/1.000), Volt=11.9(9.0)
GlobalTracer.printPidInfo_Info: [4.313] elevatorPidController: Target=   6.0, Input=   8.5, Error=  -2.5, PIDTerms=-0.490/-0.010/ 0.000/ 0.000, Output=-0.501(-1.000/1.000), Volt=11.8(9.0)
GlobalTracer.printPidInfo_Info: [4.375] elevatorPidController: Target=   6.0, Input=   8.5, Error=  -2.5, PIDTerms=-0.490/-0.010/ 0.000/ 0.000, Output=-0.501(-1.000/1.000), Volt=12.0(9.0)
GlobalTracer.printPidInfo_Info: [4.450] elevatorPidController: Target=   6.0, Input=   8.5, Error=  -2.5, PIDTerms=-0.490/-0.011/ 0.000/ 0.000, Output=-0.501(-1.000/1.000), Volt=11.9(9.0)
GlobalTracer.printPidInfo_Info: [4.507] elevatorPidController: Target=   6.0, Input=   8.5, Error=  -2.5, PIDTerms=-0.490/-0.011/ 0.000/ 0.000, Output=-0.501(-1.000/1.000), Volt=11.8(9.0)
GlobalTracer.printPidInfo_Info: [4.554] elevatorPidController: Target=   6.0, Input=   8.5, Error=  -2.5, PIDTerms=-0.490/-0.011/ 0.000/ 0.000, Output=-0.501(-1.000/1.000), Volt=12.0(9.0)
GlobalTracer.printPidInfo_Info: [4.602] elevatorPidController: Target=   6.0, Input=   8.5, Error=  -2.5, PIDTerms=-0.490/-0.011/ 0.000/ 0.000, Output=-0.501(-1.000/1.000), Volt=11.8(9.0)
GlobalTracer.printPidInfo_Info: [4.674] elevatorPidController: Target=   6.0, Input=   8.5, Error=  -2.5, PIDTerms=-0.490/-0.011/ 0.000/ 0.000, Output=-0.502(-1.000/1.000), Volt=12.0(9.0)
GlobalTracer.printPidInfo_Info: [4.736] elevatorPidController: Target=   6.0, Input=   8.5, Error=  -2.5, PIDTerms=-0.490/-0.011/ 0.000/ 0.000, Output=-0.502(-1.000/1.000), Volt=11.8(9.0)
GlobalTracer.printPidInfo_Info: [4.794] elevatorPidController: Target=   6.0, Input=   8.5, Error=  -2.5, PIDTerms=-0.490/-0.012/ 0.000/ 0.000, Output=-0.502(-1.000/1.000), Volt=11.8(9.0)
GlobalTracer.printPidInfo_Info: [4.842] elevatorPidController: Target=   6.0, Input=   8.5, Error=  -2.5, PIDTerms=-0.490/-0.012/ 0.000/ 0.000, Output=-0.502(-1.000/1.000), Volt=12.0(9.0)
GlobalTracer.printPidInfo_Info: [4.905] elevatorPidController: Target=   6.0, Input=   8.5, Error=  -2.5, PIDTerms=-0.490/-0.012/ 0.000/ 0.000, Output=-0.502(-1.000/1.000), Volt=12.0(9.0)
GlobalTracer.printPidInfo_Info: [4.955] elevatorPidController: Target=   6.0, Input=   8.5, Error=  -2.5, PIDTerms=-0.490/-0.012/ 0.000/ 0.000, Output=-0.502(-1.000/1.000), Volt=11.9(9.0)
GlobalTracer.printPidInfo_Info: [5.025] elevatorPidController: Target=   6.0, Input=   8.5, Error=  -2.5, PIDTerms=-0.490/-0.012/ 0.000/ 0.000, Output=-0.502(-1.000/1.000), Volt=11.8(9.0)
GlobalTracer.printPidInfo_Info: [5.081] elevatorPidController: Target=   6.0, Input=   8.5, Error=  -2.5, PIDTerms=-0.490/-0.012/ 0.000/ 0.000, Output=-0.503(-1.000/1.000), Volt=12.1(9.0)
GlobalTracer.printPidInfo_Info: [5.157] elevatorPidController: Target=   6.0, Input=   8.5, Error=  -2.5, PIDTerms=-0.490/-0.012/ 0.000/ 0.000, Output=-0.503(-1.000/1.000), Volt=11.9(9.0)
GlobalTracer.printPidInfo_Info: [5.217] elevatorPidController: Target=   6.0, Input=   8.5, Error=  -2.5, PIDTerms=-0.490/-0.013/ 0.000/ 0.000, Output=-0.503(-1.000/1.000), Volt=12.0(9.0)
GlobalTracer.printPidInfo_Info: [5.286] elevatorPidController: Target=   6.0, Input=   8.5, Error=  -2.5, PIDTerms=-0.490/-0.013/ 0.000/ 0.000, Output=-0.503(-1.000/1.000), Volt=12.0(9.0)
GlobalTracer.printPidInfo_Info: [5.340] elevatorPidController: Target=   6.0, Input=   8.5, Error=  -2.5, PIDTerms=-0.490/-0.013/ 0.000/ 0.000, Output=-0.503(-1.000/1.000), Volt=11.9(9.0)
GlobalTracer.printPidInfo_Info: [5.399] elevatorPidController: Target=   6.0, Input=   8.5, Error=  -2.5, PIDTerms=-0.490/-0.013/ 0.000/ 0.000, Output=-0.503(-1.000/1.000), Volt=12.0(9.0)
GlobalTracer.printPidInfo_Info: [5.448] elevatorPidController: Target=   6.0, Input=   8.5, Error=  -2.5, PIDTerms=-0.490/-0.013/ 0.000/ 0.000, Output=-0.503(-1.000/1.000), Volt=12.1(9.0)
GlobalTracer.printPidInfo_Info: [5.519] elevatorPidController: Target=   6.0, Input=   8.5, Error=  -2.5, PIDTerms=-0.490/-0.013/ 0.000/ 0.000, Output=-0.504(-1.000/1.000), Volt=12.0(9.0)
GlobalTracer.printPidInfo_Info: [5.578] elevatorPidController: Target=   6.0, Input=   8.5, Error=  -2.5, PIDTerms=-0.490/-0.013/ 0.000/ 0.000, Output=-0.504(-1.000/1.000), Volt=11.9(9.0)
GlobalTracer.printPidInfo_Info: [5.644] elevatorPidController: Target=   6.0, Input=   8.5, Error=  -2.5, PIDTerms=-0.490/-0.014/ 0.000/ 0.000, Output=-0.504(-1.000/1.000), Volt=11.9(9.0)
GlobalTracer.printPidInfo_Info: [5.699] elevatorPidController: Target=   6.0, Input=   8.5, Error=  -2.5, PIDTerms=-0.490/-0.014/ 0.000/ 0.000, Output=-0.504(-1.000/1.000), Volt=11.8(9.0)
GlobalTracer.printPidInfo_Info: [5.768] elevatorPidController: Target=   6.0, Input=   8.5, Error=  -2.5, PIDTerms=-0.490/-0.014/ 0.000/ 0.000, Output=-0.504(-1.000/1.000), Volt=11.9(9.0)
GlobalTracer.printPidInfo_Info: [5.835] elevatorPidController: Target=   6.0, Input=   8.5, Error=  -2.5, PIDTerms=-0.490/-0.014/ 0.000/ 0.000, Output=-0.504(-1.000/1.000), Volt=11.8(9.0)
GlobalTracer.printPidInfo_Info: [5.900] elevatorPidController: Target=   6.0, Input=   8.5, Error=  -2.5, PIDTerms=-0.490/-0.014/ 0.000/ 0.000, Output=-0.505(-1.000/1.000), Volt=12.0(9.0)
GlobalTracer.printPidInfo_Info: [5.947] elevatorPidController: Target=   6.0, Input=   8.5, Error=  -2.5, PIDTerms=-0.490/-0.014/ 0.000/ 0.000, Output=-0.505(-1.000/1.000), Volt=11.9(9.0)
GlobalTracer.printPidInfo_Info: [6.013] elevatorPidController: Target=   6.0, Input=   8.5, Error=  -2.5, PIDTerms=-0.490/-0.015/ 0.000/ 0.000, Output=-0.505(-1.000/1.000), Volt=12.0(9.0)
GlobalTracer.printPidInfo_Info: [6.069] elevatorPidController: Target=   6.0, Input=   8.5, Error=  -2.5, PIDTerms=-0.490/-0.015/ 0.000/ 0.000, Output=-0.505(-1.000/1.000), Volt=12.1(9.0)
GlobalTracer.printPidInfo_Info: [6.138] elevatorPidController: Target=   6.0, Input=   8.5, Error=  -2.5, PIDTerms=-0.490/-0.015/ 0.000/ 0.000, Output=-0.505(-1.000/1.000), Volt=12.0(9.0)
GlobalTracer.printPidInfo_Info: [6.193] elevatorPidController: Target=   6.0, Input=   8.5, Error=  -2.5, PIDTerms=-0.490/-0.015/ 0.000/ 0.000, Output=-0.505(-1.000/1.000), Volt=11.9(9.0)
GlobalTracer.printPidInfo_Info: [6.261] elevatorPidController: Target=   6.0, Input=   8.5, Error=  -2.5, PIDTerms=-0.490/-0.015/ 0.000/ 0.000, Output=-0.505(-1.000/1.000), Volt=12.0(9.0)
GlobalTracer.printPidInfo_Info: [6.311] elevatorPidController: Target=   6.0, Input=   8.5, Error=  -2.5, PIDTerms=-0.490/-0.015/ 0.000/ 0.000, Output=-0.506(-1.000/1.000), Volt=12.1(9.0)
GlobalTracer.printPidInfo_Info: [6.382] elevatorPidController: Target=   6.0, Input=   8.5, Error=  -2.5, PIDTerms=-0.490/-0.015/ 0.000/ 0.000, Output=-0.506(-1.000/1.000), Volt=11.9(9.0)
GlobalTracer.printPidInfo_Info: [6.448] elevatorPidController: Target=   6.0, Input=   8.5, Error=  -2.5, PIDTerms=-0.490/-0.016/ 0.000/ 0.000, Output=-0.506(-1.000/1.000), Volt=11.8(9.0)
GlobalTracer.printPidInfo_Info: [6.520] elevatorPidController: Target=   6.0, Input=   8.5, Error=  -2.5, PIDTerms=-0.490/-0.016/ 0.000/ 0.000, Output=-0.506(-1.000/1.000), Volt=11.9(9.0)
GlobalTracer.printPidInfo_Info: [6.575] elevatorPidController: Target=   6.0, Input=   8.5, Error=  -2.5, PIDTerms=-0.490/-0.016/ 0.000/ 0.000, Output=-0.506(-1.000/1.000), Volt=11.9(9.0)
GlobalTracer.printPidInfo_Info: [6.639] elevatorPidController: Target=   6.0, Input=   8.5, Error=  -2.5, PIDTerms=-0.490/-0.016/ 0.000/ 0.000, Output=-0.506(-1.000/1.000), Volt=12.1(9.0)
GlobalTracer.printPidInfo_Info: [6.686] elevatorPidController: Target=   6.0, Input=   8.5, Error=  -2.5, PIDTerms=-0.490/-0.016/ 0.000/ 0.000, Output=-0.506(-1.000/1.000), Volt=11.9(9.0)
GlobalTracer.printPidInfo_Info: [6.763] elevatorPidController: Target=   6.0, Input=   8.5, Error=  -2.5, PIDTerms=-0.490/-0.016/ 0.000/ 0.000, Output=-0.507(-1.000/1.000), Volt=11.9(9.0)
GlobalTracer.printPidInfo_Info: [6.825] elevatorPidController: Target=   6.0, Input=   8.5, Error=  -2.5, PIDTerms=-0.490/-0.016/ 0.000/ 0.000, Output=-0.507(-1.000/1.000), Volt=12.0(9.0)
GlobalTracer.printPidInfo_Info: [6.888] elevatorPidController: Target=   6.0, Input=   8.5, Error=  -2.5, PIDTerms=-0.490/-0.017/ 0.000/ 0.000, Output=-0.507(-1.000/1.000), Volt=11.9(9.0)
GlobalTracer.printPidInfo_Info: [6.941] elevatorPidController: Target=   6.0, Input=   8.5, Error=  -2.5, PIDTerms=-0.490/-0.017/ 0.000/ 0.000, Output=-0.507(-1.000/1.000), Volt=11.9(9.0)
GlobalTracer.printPidInfo_Info: [7.019] elevatorPidController: Target=   6.0, Input=   8.5, Error=  -2.5, PIDTerms=-0.490/-0.017/ 0.000/ 0.000, Output=-0.507(-1.000/1.000), Volt=12.1(9.0)
GlobalTracer.printPidInfo_Info: [7.062] elevatorPidController: Target=   6.0, Input=   8.5, Error=  -2.5, PIDTerms=-0.490/-0.017/ 0.000/ 0.000, Output=-0.507(-1.000/1.000), Volt=12.1(9.0)
GlobalTracer.printPidInfo_Info: [7.134] elevatorPidController: Target=   6.0, Input=   8.5, Error=  -2.5, PIDTerms=-0.490/-0.017/ 0.000/ 0.000, Output=-0.508(-1.000/1.000), Volt=11.9(9.0)
GlobalTracer.printPidInfo_Info: [7.183] elevatorPidController: Target=   6.0, Input=   8.5, Error=  -2.5, PIDTerms=-0.490/-0.017/ 0.000/ 0.000, Output=-0.508(-1.000/1.000), Volt=11.9(9.0)
GlobalTracer.printPidInfo_Info: [7.250] elevatorPidController: Target=   6.0, Input=   8.5, Error=  -2.5, PIDTerms=-0.490/-0.018/ 0.000/ 0.000, Output=-0.508(-1.000/1.000), Volt=11.9(9.0)
GlobalTracer.printPidInfo_Info: [7.302] elevatorPidController: Target=   6.0, Input=   8.5, Error=  -2.5, PIDTerms=-0.490/-0.018/ 0.000/ 0.000, Output=-0.508(-1.000/1.000), Volt=11.9(9.0)
GlobalTracer.printPidInfo_Info: [7.370] elevatorPidController: Target=   6.0, Input=   8.5, Error=  -2.5, PIDTerms=-0.490/-0.018/ 0.000/ 0.000, Output=-0.508(-1.000/1.000), Volt=12.1(9.0)
GlobalTracer.printPidInfo_Info: [7.431] elevatorPidController: Target=   6.0, Input=   8.5, Error=  -2.5, PIDTerms=-0.490/-0.018/ 0.000/ 0.000, Output=-0.508(-1.000/1.000), Volt=11.9(9.0)
GlobalTracer.printPidInfo_Info: [7.489] elevatorPidController: Target=   6.0, Input=   8.5, Error=  -2.5, PIDTerms=-0.490/-0.018/ 0.000/ 0.000, Output=-0.508(-1.000/1.000), Volt=11.9(9.0)
GlobalTracer.printPidInfo_Info: [7.532] elevatorPidController: Target=   6.0, Input=   8.5, Error=  -2.5, PIDTerms=-0.490/-0.018/ 0.000/ 0.000, Output=-0.509(-1.000/1.000), Volt=11.9(9.0)
GlobalTracer.printPidInfo_Info: [7.610] elevatorPidController: Target=   6.0, Input=   8.5, Error=  -2.5, PIDTerms=-0.490/-0.018/ 0.000/ 0.000, Output=-0.509(-1.000/1.000), Volt=11.9(9.0)
GlobalTracer.printPidInfo_Info: [7.664] elevatorPidController: Target=   6.0, Input=   8.5, Error=  -2.5, PIDTerms=-0.490/-0.019/ 0.000/ 0.000, Output=-0.509(-1.000/1.000), Volt=12.0(9.0)
GlobalTracer.printPidInfo_Info: [7.733] elevatorPidController: Target=   6.0, Input=   8.5, Error=  -2.5, PIDTerms=-0.490/-0.019/ 0.000/ 0.000, Output=-0.509(-1.000/1.000), Volt=12.1(9.0)
GlobalTracer.printPidInfo_Info: [7.791] elevatorPidController: Target=   6.0, Input=   8.5, Error=  -2.5, PIDTerms=-0.490/-0.019/ 0.000/ 0.000, Output=-0.509(-1.000/1.000), Volt=11.8(9.0)
GlobalTracer.printPidInfo_Info: [7.849] elevatorPidController: Target=   6.0, Input=   8.5, Error=  -2.5, PIDTerms=-0.490/-0.019/ 0.000/ 0.000, Output=-0.509(-1.000/1.000), Volt=11.9(9.0)
GlobalTracer.printPidInfo_Info: [7.895] elevatorPidController: Target=   6.0, Input=   8.5, Error=  -2.5, PIDTerms=-0.490/-0.019/ 0.000/ 0.000, Output=-0.509(-1.000/1.000), Volt=11.9(9.0)
GlobalTracer.printPidInfo_Info: [7.949] elevatorPidController: Target=   6.0, Input=   8.5, Error=  -2.5, PIDTerms=-0.490/-0.019/ 0.000/ 0.000, Output=-0.510(-1.000/1.000), Volt=12.0(9.0)
GlobalTracer.printPidInfo_Info: [8.020] elevatorPidController: Target=   6.0, Input=   8.5, Error=  -2.5, PIDTerms=-0.490/-0.019/ 0.000/ 0.000, Output=-0.510(-1.000/1.000), Volt=11.9(9.0)
GlobalTracer.printPidInfo_Info: [8.076] elevatorPidController: Target=   6.0, Input=   8.5, Error=  -2.5, PIDTerms=-0.490/-0.020/ 0.000/ 0.000, Output=-0.510(-1.000/1.000), Volt=12.0(9.0)
GlobalTracer.printPidInfo_Info: [8.147] elevatorPidController: Target=   6.0, Input=   8.5, Error=  -2.5, PIDTerms=-0.490/-0.020/ 0.000/ 0.000, Output=-0.510(-1.000/1.000), Volt=11.9(9.0)
GlobalTracer.printPidInfo_Info: [8.217] elevatorPidController: Target=   6.0, Input=   8.5, Error=  -2.5, PIDTerms=-0.490/-0.020/ 0.000/ 0.000, Output=-0.510(-1.000/1.000), Volt=12.1(9.0)
GlobalTracer.printPidInfo_Info: [8.280] elevatorPidController: Target=   6.0, Input=   8.5, Error=  -2.5, PIDTerms=-0.490/-0.020/ 0.000/ 0.000, Output=-0.510(-1.000/1.000), Volt=11.9(9.0)
GlobalTracer.printPidInfo_Info: [8.339] elevatorPidController: Target=   6.0, Input=   8.5, Error=  -2.5, PIDTerms=-0.490/-0.020/ 0.000/ 0.000, Output=-0.510(-1.000/1.000), Volt=11.9(9.0)
GlobalTracer.printPidInfo_Info: [8.400] elevatorPidController: Target=   6.0, Input=   8.5, Error=  -2.5, PIDTerms=-0.490/-0.020/ 0.000/ 0.000, Output=-0.511(-1.000/1.000), Volt=12.0(9.0)
GlobalTracer.printPidInfo_Info: [8.451] elevatorPidController: Target=   6.0, Input=   8.5, Error=  -2.5, PIDTerms=-0.490/-0.021/ 0.000/ 0.000, Output=-0.511(-1.000/1.000), Volt=12.0(9.0)
GlobalTracer.printPidInfo_Info: [8.529] elevatorPidController: Target=   6.0, Input=   8.5, Error=  -2.5, PIDTerms=-0.490/-0.021/ 0.000/ 0.000, Output=-0.511(-1.000/1.000), Volt=11.9(9.0)
GlobalTracer.printPidInfo_Info: [8.575] elevatorPidController: Target=   6.0, Input=   8.5, Error=  -2.5, PIDTerms=-0.490/-0.021/ 0.000/ 0.000, Output=-0.511(-1.000/1.000), Volt=11.8(9.0)
GlobalTracer.printPidInfo_Info: [8.652] elevatorPidController: Target=   6.0, Input=   8.5, Error=  -2.5, PIDTerms=-0.490/-0.021/ 0.000/ 0.000, Output=-0.511(-1.000/1.000), Volt=11.9(9.0)
GlobalTracer.printPidInfo_Info: [8.703] elevatorPidController: Target=   6.0, Input=   8.5, Error=  -2.5, PIDTerms=-0.490/-0.021/ 0.000/ 0.000, Output=-0.511(-1.000/1.000), Volt=11.9(9.0)
GlobalTracer.printPidInfo_Info: [8.779] elevatorPidController: Target=   6.0, Input=   8.5, Error=  -2.5, PIDTerms=-0.490/-0.021/ 0.000/ 0.000, Output=-0.512(-1.000/1.000), Volt=12.0(9.0)
GlobalTracer.printPidInfo_Info: [8.825] elevatorPidController: Target=   6.0, Input=   8.5, Error=  -2.5, PIDTerms=-0.490/-0.021/ 0.000/ 0.000, Output=-0.512(-1.000/1.000), Volt=12.1(9.0)
GlobalTracer.printPidInfo_Info: [8.892] elevatorPidController: Target=   6.0, Input=   8.5, Error=  -2.5, PIDTerms=-0.490/-0.022/ 0.000/ 0.000, Output=-0.512(-1.000/1.000), Volt=12.1(9.0)
GlobalTracer.printPidInfo_Info: [8.955] elevatorPidController: Target=   6.0, Input=   8.5, Error=  -2.5, PIDTerms=-0.490/-0.022/ 0.000/ 0.000, Output=-0.512(-1.000/1.000), Volt=11.9(9.0)
GlobalTracer.printPidInfo_Info: [9.038] elevatorPidController: Target=   6.0, Input=   8.5, Error=  -2.5, PIDTerms=-0.490/-0.022/ 0.000/ 0.000, Output=-0.512(-1.000/1.000), Volt=12.0(9.0)
GlobalTracer.printPidInfo_Info: [9.085] elevatorPidController: Target=   6.0, Input=   8.5, Error=  -2.5, PIDTerms=-0.490/-0.022/ 0.000/ 0.000, Output=-0.512(-1.000/1.000), Volt=11.8(9.0)
GlobalTracer.printPidInfo_Info: [9.162] elevatorPidController: Target=   6.0, Input=   8.5, Error=  -2.5, PIDTerms=-0.490/-0.022/ 0.000/ 0.000, Output=-0.512(-1.000/1.000), Volt=12.0(9.0)
GlobalTracer.printPidInfo_Info: [9.206] elevatorPidController: Target=   6.0, Input=   8.5, Error=  -2.5, PIDTerms=-0.490/-0.022/ 0.000/ 0.000, Output=-0.513(-1.000/1.000), Volt=12.0(9.0)
GlobalTracer.printPidInfo_Info: [9.286] elevatorPidController: Target=   6.0, Input=   8.5, Error=  -2.5, PIDTerms=-0.490/-0.023/ 0.000/ 0.000, Output=-0.513(-1.000/1.000), Volt=12.0(9.0)
GlobalTracer.printPidInfo_Info: [9.341] elevatorPidController: Target=   6.0, Input=   8.5, Error=  -2.5, PIDTerms=-0.490/-0.023/ 0.000/ 0.000, Output=-0.513(-1.000/1.000), Volt=11.9(9.0)
GlobalTracer.printPidInfo_Info: [9.418] elevatorPidController: Target=   6.0, Input=   8.5, Error=  -2.5, PIDTerms=-0.490/-0.023/ 0.000/ 0.000, Output=-0.513(-1.000/1.000), Volt=12.0(9.0)
GlobalTracer.printPidInfo_Info: [9.472] elevatorPidController: Target=   6.0, Input=   8.5, Error=  -2.5, PIDTerms=-0.490/-0.023/ 0.000/ 0.000, Output=-0.513(-1.000/1.000), Volt=12.0(9.0)
GlobalTracer.printPidInfo_Info: [9.543] elevatorPidController: Target=   6.0, Input=   8.5, Error=  -2.5, PIDTerms=-0.490/-0.023/ 0.000/ 0.000, Output=-0.513(-1.000/1.000), Volt=11.9(9.0)
GlobalTracer.printPidInfo_Info: [9.603] elevatorPidController: Target=   6.0, Input=   8.5, Error=  -2.5, PIDTerms=-0.490/-0.023/ 0.000/ 0.000, Output=-0.514(-1.000/1.000), Volt=12.1(9.0)
GlobalTracer.printPidInfo_Info: [9.663] elevatorPidController: Target=   6.0, Input=   8.5, Error=  -2.5, PIDTerms=-0.490/-0.023/ 0.000/ 0.000, Output=-0.514(-1.000/1.000), Volt=11.8(9.0)
GlobalTracer.printPidInfo_Info: [9.713] elevatorPidController: Target=   6.0, Input=   8.5, Error=  -2.5, PIDTerms=-0.490/-0.024/ 0.000/ 0.000, Output=-0.514(-1.000/1.000), Volt=12.0(9.0)
GlobalTracer.printPidInfo_Info: [9.762] elevatorPidController: Target=   6.0, Input=   8.5, Error=  -2.5, PIDTerms=-0.490/-0.024/ 0.000/ 0.000, Output=-0.514(-1.000/1.000), Volt=12.1(9.0)
GlobalTracer.printPidInfo_Info: [9.829] elevatorPidController: Target=   6.0, Input=   8.5, Error=  -2.5, PIDTerms=-0.490/-0.024/ 0.000/ 0.000, Output=-0.514(-1.000/1.000), Volt=11.9(9.0)
GlobalTracer.printPidInfo_Info: [9.892] elevatorPidController: Target=   6.0, Input=   8.5, Error=  -2.5, PIDTerms=-0.490/-0.024/ 0.000/ 0.000, Output=-0.514(-1.000/1.000), Volt=12.2(9.0)
GlobalTracer.printPidInfo_Info: [9.955] elevatorPidController: Target=   6.0, Input=   8.5, Error=  -2.5, PIDTerms=-0.490/-0.024/ 0.000/ 0.000, Output=-0.514(-1.000/1.000), Volt=12.2(9.0)
GlobalTracer.printPidInfo_Info: [10.033] elevatorPidController: Target=   6.0, Input=   8.5, Error=  -2.5, PIDTerms=-0.490/-0.024/ 0.000/ 0.000, Output=-0.515(-1.000/1.000), Volt=11.9(9.0)
GlobalTracer.printPidInfo_Info: [10.082] elevatorPidController: Target=   6.0, Input=   8.5, Error=  -2.5, PIDTerms=-0.490/-0.024/ 0.000/ 0.000, Output=-0.515(-1.000/1.000), Volt=11.9(9.0)
GlobalTracer.printPidInfo_Info: [10.160] elevatorPidController: Target=   6.0, Input=   8.5, Error=  -2.5, PIDTerms=-0.490/-0.025/ 0.000/ 0.000, Output=-0.515(-1.000/1.000), Volt=12.0(9.0)
GlobalTracer.printPidInfo_Info: [10.204] elevatorPidController: Target=   6.0, Input=   8.5, Error=  -2.5, PIDTerms=-0.490/-0.025/ 0.000/ 0.000, Output=-0.515(-1.000/1.000), Volt=11.9(9.0)
GlobalTracer.printPidInfo_Info: [10.260] elevatorPidController: Target=   6.0, Input=   8.5, Error=  -2.5, PIDTerms=-0.490/-0.025/ 0.000/ 0.000, Output=-0.515(-1.000/1.000), Volt=12.0(9.0)
GlobalTracer.printPidInfo_Info: [10.320] elevatorPidController: Target=   6.0, Input=   8.5, Error=  -2.5, PIDTerms=-0.490/-0.025/ 0.000/ 0.000, Output=-0.515(-1.000/1.000), Volt=11.9(9.0)
GlobalTracer.printPidInfo_Info: [10.396] elevatorPidController: Target=   6.0, Input=   8.5, Error=  -2.5, PIDTerms=-0.490/-0.025/ 0.000/ 0.000, Output=-0.516(-1.000/1.000), Volt=11.9(9.0)
GlobalTracer.printPidInfo_Info: [10.456] elevatorPidController: Target=   6.0, Input=   8.5, Error=  -2.5, PIDTerms=-0.490/-0.025/ 0.000/ 0.000, Output=-0.516(-1.000/1.000), Volt=12.0(9.0)
GlobalTracer.printPidInfo_Info: [10.525] elevatorPidController: Target=   6.0, Input=   8.5, Error=  -2.5, PIDTerms=-0.490/-0.026/ 0.000/ 0.000, Output=-0.516(-1.000/1.000), Volt=12.0(9.0)
GlobalTracer.printPidInfo_Info: [10.585] elevatorPidController: Target=   6.0, Input=   8.5, Error=  -2.5, PIDTerms=-0.490/-0.026/ 0.000/ 0.000, Output=-0.516(-1.000/1.000), Volt=12.1(9.0)
GlobalTracer.printPidInfo_Info: [10.624] elevatorPidController: Target=   6.0, Input=   8.5, Error=  -2.5, PIDTerms=-0.490/-0.026/ 0.000/ 0.000, Output=-0.516(-1.000/1.000), Volt=12.2(9.0)
GlobalTracer.printPidInfo_Info: [10.663] elevatorPidController: Target=   6.0, Input=   8.5, Error=  -2.5, PIDTerms=-0.490/-0.026/ 0.000/ 0.000, Output=-0.516(-1.000/1.000), Volt=12.0(9.0)
GlobalTracer.printPidInfo_Info: [10.724] elevatorPidController: Target=   6.0, Input=   8.5, Error=  -2.5, PIDTerms=-0.490/-0.026/ 0.000/ 0.000, Output=-0.516(-1.000/1.000), Volt=12.1(9.0)
GlobalTracer.printPidInfo_Info: [10.802] elevatorPidController: Target=   6.0, Input=   8.5, Error=  -2.5, PIDTerms=-0.490/-0.026/ 0.000/ 0.000, Output=-0.517(-1.000/1.000), Volt=12.0(9.0)
GlobalTracer.printPidInfo_Info: [10.857] elevatorPidController: Target=   6.0, Input=   8.5, Error=  -2.5, PIDTerms=-0.490/-0.026/ 0.000/ 0.000, Output=-0.517(-1.000/1.000), Volt=11.9(9.0)
GlobalTracer.printPidInfo_Info: [10.924] elevatorPidController: Target=   6.0, Input=   8.5, Error=  -2.5, PIDTerms=-0.490/-0.027/ 0.000/ 0.000, Output=-0.517(-1.000/1.000), Volt=11.9(9.0)
GlobalTracer.printPidInfo_Info: [10.986] elevatorPidController: Target=   6.0, Input=   8.5, Error=  -2.5, PIDTerms=-0.490/-0.027/ 0.000/ 0.000, Output=-0.517(-1.000/1.000), Volt=12.1(9.0)
GlobalTracer.printPidInfo_Info: [11.062] elevatorPidController: Target=   6.0, Input=   8.5, Error=  -2.5, PIDTerms=-0.490/-0.027/ 0.000/ 0.000, Output=-0.517(-1.000/1.000), Volt=12.1(9.0)
GlobalTracer.printPidInfo_Info: [11.119] elevatorPidController: Target=   6.0, Input=   8.5, Error=  -2.5, PIDTerms=-0.490/-0.027/ 0.000/ 0.000, Output=-0.517(-1.000/1.000), Volt=11.9(9.0)
GlobalTracer.printPidInfo_Info: [11.193] elevatorPidController: Target=   6.0, Input=   8.5, Error=  -2.5, PIDTerms=-0.490/-0.027/ 0.000/ 0.000, Output=-0.517(-1.000/1.000), Volt=12.0(9.0)
GlobalTracer.printPidInfo_Info: [11.243] elevatorPidController: Target=   6.0, Input=   8.5, Error=  -2.5, PIDTerms=-0.490/-0.027/ 0.000/ 0.000, Output=-0.518(-1.000/1.000), Volt=11.9(9.0)
GlobalTracer.printPidInfo_Info: [11.302] elevatorPidController: Target=   6.0, Input=   8.5, Error=  -2.5, PIDTerms=-0.490/-0.027/ 0.000/ 0.000, Output=-0.518(-1.000/1.000), Volt=12.0(9.0)
GlobalTracer.printPidInfo_Info: [11.363] elevatorPidController: Target=   6.0, Input=   8.5, Error=  -2.5, PIDTerms=-0.490/-0.028/ 0.000/ 0.000, Output=-0.518(-1.000/1.000), Volt=12.0(9.0)
GlobalTracer.printPidInfo_Info: [11.428] elevatorPidController: Target=   6.0, Input=   8.5, Error=  -2.5, PIDTerms=-0.490/-0.028/ 0.000/ 0.000, Output=-0.518(-1.000/1.000), Volt=11.9(9.0)
GlobalTracer.printPidInfo_Info: [11.489] elevatorPidController: Target=   6.0, Input=   8.5, Error=  -2.5, PIDTerms=-0.490/-0.028/ 0.000/ 0.000, Output=-0.518(-1.000/1.000), Volt=12.1(9.0)
GlobalTracer.printPidInfo_Info: [11.563] elevatorPidController: Target=   6.0, Input=   8.5, Error=  -2.5, PIDTerms=-0.490/-0.028/ 0.000/ 0.000, Output=-0.518(-1.000/1.000), Volt=11.9(9.0)
GlobalTracer.printPidInfo_Info: [11.607] elevatorPidController: Target=   6.0, Input=   8.5, Error=  -2.5, PIDTerms=-0.490/-0.028/ 0.000/ 0.000, Output=-0.519(-1.000/1.000), Volt=11.9(9.0)
GlobalTracer.printPidInfo_Info: [11.653] elevatorPidController: Target=   6.0, Input=   8.5, Error=  -2.5, PIDTerms=-0.490/-0.028/ 0.000/ 0.000, Output=-0.519(-1.000/1.000), Volt=12.0(9.0)
GlobalTracer.printPidInfo_Info: [11.702] elevatorPidController: Target=   6.0, Input=   8.5, Error=  -2.5, PIDTerms=-0.490/-0.028/ 0.000/ 0.000, Output=-0.519(-1.000/1.000), Volt=12.3(9.0)
GlobalTracer.printPidInfo_Info: [11.762] elevatorPidController: Target=   6.0, Input=   8.5, Error=  -2.5, PIDTerms=-0.490/-0.029/ 0.000/ 0.000, Output=-0.519(-1.000/1.000), Volt=12.0(9.0)
GlobalTracer.printPidInfo_Info: [11.838] elevatorPidController: Target=   6.0, Input=   8.5, Error=  -2.5, PIDTerms=-0.490/-0.029/ 0.000/ 0.000, Output=-0.519(-1.000/1.000), Volt=12.0(9.0)
GlobalTracer.printPidInfo_Info: [11.922] elevatorPidController: Target=   6.0, Input=   8.5, Error=  -2.5, PIDTerms=-0.490/-0.029/ 0.000/ 0.000, Output=-0.519(-1.000/1.000), Volt=12.0(9.0)
GlobalTracer.printPidInfo_Info: [11.954] elevatorPidController: Target=   6.0, Input=   8.5, Error=  -2.5, PIDTerms=-0.490/-0.029/ 0.000/ 0.000, Output=-0.519(-1.000/1.000), Volt=12.0(9.0)
GlobalTracer.printPidInfo_Info: [12.007] elevatorPidController: Target=   6.0, Input=   8.5, Error=  -2.5, PIDTerms=-0.490/-0.029/ 0.000/ 0.000, Output=-0.519(-1.000/1.000), Volt=12.1(9.0)
GlobalTracer.printPidInfo_Info: [12.063] elevatorPidController: Target=   6.0, Input=   8.5, Error=  -2.5, PIDTerms=-0.490/-0.029/ 0.000/ 0.000, Output=-0.520(-1.000/1.000), Volt=12.0(9.0)
GlobalTracer.printPidInfo_Info: [12.143] elevatorPidController: Target=   6.0, Input=   8.5, Error=  -2.5, PIDTerms=-0.490/-0.030/ 0.000/ 0.000, Output=-0.520(-1.000/1.000), Volt=11.9(9.0)
GlobalTracer.printPidInfo_Info: [12.194] elevatorPidController: Target=   6.0, Input=   8.5, Error=  -2.5, PIDTerms=-0.490/-0.030/ 0.000/ 0.000, Output=-0.520(-1.000/1.000), Volt=12.1(9.0)
GlobalTracer.printPidInfo_Info: [12.260] elevatorPidController: Target=   6.0, Input=   8.5, Error=  -2.5, PIDTerms=-0.490/-0.030/ 0.000/ 0.000, Output=-0.520(-1.000/1.000), Volt=11.9(9.0)
GlobalTracer.printPidInfo_Info: [12.308] elevatorPidController: Target=   6.0, Input=   8.5, Error=  -2.5, PIDTerms=-0.490/-0.030/ 0.000/ 0.000, Output=-0.520(-1.000/1.000), Volt=11.9(9.0)
GlobalTracer.printPidInfo_Info: [12.384] elevatorPidController: Target=   6.0, Input=   8.5, Error=  -2.5, PIDTerms=-0.490/-0.030/ 0.000/ 0.000, Output=-0.520(-1.000/1.000), Volt=11.9(9.0)
GlobalTracer.printPidInfo_Info: [12.443] elevatorPidController: Target=   6.0, Input=   8.5, Error=  -2.5, PIDTerms=-0.490/-0.030/ 0.000/ 0.000, Output=-0.521(-1.000/1.000), Volt=11.9(9.0)
GlobalTracer.printPidInfo_Info: [12.520] elevatorPidController: Target=   6.0, Input=   8.5, Error=  -2.5, PIDTerms=-0.490/-0.030/ 0.000/ 0.000, Output=-0.521(-1.000/1.000), Volt=12.1(9.0)
GlobalTracer.printPidInfo_Info: [12.573] elevatorPidController: Target=   6.0, Input=   8.5, Error=  -2.5, PIDTerms=-0.490/-0.031/ 0.000/ 0.000, Output=-0.521(-1.000/1.000), Volt=12.0(9.0)
GlobalTracer.printPidInfo_Info: [12.644] elevatorPidController: Target=   6.0, Input=   8.5, Error=  -2.5, PIDTerms=-0.490/-0.031/ 0.000/ 0.000, Output=-0.521(-1.000/1.000), Volt=11.9(9.0)
GlobalTracer.printPidInfo_Info: [12.693] elevatorPidController: Target=   6.0, Input=   8.5, Error=  -2.5, PIDTerms=-0.490/-0.031/ 0.000/ 0.000, Output=-0.521(-1.000/1.000), Volt=12.0(9.0)
GlobalTracer.printPidInfo_Info: [12.765] elevatorPidController: Target=   6.0, Input=   8.5, Error=  -2.5, PIDTerms=-0.490/-0.031/ 0.000/ 0.000, Output=-0.521(-1.000/1.000), Volt=11.9(9.0)
GlobalTracer.printPidInfo_Info: [12.801] elevatorPidController: Target=   6.0, Input=   8.5, Error=  -2.5, PIDTerms=-0.490/-0.031/ 0.000/ 0.000, Output=-0.521(-1.000/1.000), Volt=11.9(9.0)
GlobalTracer.printPidInfo_Info: [12.863] elevatorPidController: Target=   6.0, Input=   8.5, Error=  -2.5, PIDTerms=-0.490/-0.031/ 0.000/ 0.000, Output=-0.522(-1.000/1.000), Volt=12.0(9.0)
GlobalTracer.printPidInfo_Info: [12.921] elevatorPidController: Target=   6.0, Input=   8.5, Error=  -2.5, PIDTerms=-0.490/-0.031/ 0.000/ 0.000, Output=-0.522(-1.000/1.000), Volt=12.0(9.0)
GlobalTracer.printPidInfo_Info: [12.982] elevatorPidController: Target=   6.0, Input=   8.5, Error=  -2.5, PIDTerms=-0.490/-0.032/ 0.000/ 0.000, Output=-0.522(-1.000/1.000), Volt=11.8(9.0)
GlobalTracer.printPidInfo_Info: [13.043] elevatorPidController: Target=   6.0, Input=   8.5, Error=  -2.5, PIDTerms=-0.490/-0.032/ 0.000/ 0.000, Output=-0.522(-1.000/1.000), Volt=12.0(9.0)
GlobalTracer.printPidInfo_Info: [13.096] elevatorPidController: Target=   6.0, Input=   8.5, Error=  -2.5, PIDTerms=-0.490/-0.032/ 0.000/ 0.000, Output=-0.522(-1.000/1.000), Volt=12.0(9.0)
GlobalTracer.printPidInfo_Info: [13.157] elevatorPidController: Target=   6.0, Input=   8.5, Error=  -2.5, PIDTerms=-0.490/-0.032/ 0.000/ 0.000, Output=-0.522(-1.000/1.000), Volt=11.9(9.0)
GlobalTracer.printPidInfo_Info: [13.226] elevatorPidController: Target=   6.0, Input=   8.5, Error=  -2.5, PIDTerms=-0.490/-0.032/ 0.000/ 0.000, Output=-0.522(-1.000/1.000), Volt=12.0(9.0)
GlobalTracer.printPidInfo_Info: [13.283] elevatorPidController: Target=   6.0, Input=   8.5, Error=  -2.5, PIDTerms=-0.490/-0.032/ 0.000/ 0.000, Output=-0.523(-1.000/1.000), Volt=12.1(9.0)
GlobalTracer.printPidInfo_Info: [13.361] elevatorPidController: Target=   6.0, Input=   8.5, Error=  -2.5, PIDTerms=-0.490/-0.033/ 0.000/ 0.000, Output=-0.523(-1.000/1.000), Volt=12.1(9.0)
GlobalTracer.printPidInfo_Info: [13.419] elevatorPidController: Target=   6.0, Input=   8.5, Error=  -2.5, PIDTerms=-0.490/-0.033/ 0.000/ 0.000, Output=-0.523(-1.000/1.000), Volt=12.0(9.0)
GlobalTracer.printPidInfo_Info: [13.478] elevatorPidController: Target=   6.0, Input=   8.5, Error=  -2.5, PIDTerms=-0.490/-0.033/ 0.000/ 0.000, Output=-0.523(-1.000/1.000), Volt=11.9(9.0)
GlobalTracer.printPidInfo_Info: [13.530] elevatorPidController: Target=   6.0, Input=   8.5, Error=  -2.5, PIDTerms=-0.490/-0.033/ 0.000/ 0.000, Output=-0.523(-1.000/1.000), Volt=12.1(9.0)
GlobalTracer.printPidInfo_Info: [13.581] elevatorPidController: Target=   6.0, Input=   8.5, Error=  -2.5, PIDTerms=-0.490/-0.033/ 0.000/ 0.000, Output=-0.523(-1.000/1.000), Volt=11.9(9.0)
GlobalTracer.printPidInfo_Info: [13.642] elevatorPidController: Target=   6.0, Input=   8.5, Error=  -2.5, PIDTerms=-0.490/-0.033/ 0.000/ 0.000, Output=-0.523(-1.000/1.000), Volt=11.9(9.0)
GlobalTracer.printPidInfo_Info: [13.701] elevatorPidController: Target=   6.0, Input=   8.5, Error=  -2.5, PIDTerms=-0.490/-0.033/ 0.000/ 0.000, Output=-0.524(-1.000/1.000), Volt=12.0(9.0)
GlobalTracer.printPidInfo_Info: [13.767] elevatorPidController: Target=   6.0, Input=   8.5, Error=  -2.5, PIDTerms=-0.490/-0.034/ 0.000/ 0.000, Output=-0.524(-1.000/1.000), Volt=12.2(9.0)
GlobalTracer.printPidInfo_Info: [13.836] elevatorPidController: Target=   6.0, Input=   8.5, Error=  -2.5, PIDTerms=-0.490/-0.034/ 0.000/ 0.000, Output=-0.524(-1.000/1.000), Volt=11.9(9.0)
GlobalTracer.printPidInfo_Info: [13.884] elevatorPidController: Target=   6.0, Input=   8.5, Error=  -2.5, PIDTerms=-0.490/-0.034/ 0.000/ 0.000, Output=-0.524(-1.000/1.000), Volt=11.9(9.0)
GlobalTracer.printPidInfo_Info: [13.962] elevatorPidController: Target=   6.0, Input=   8.5, Error=  -2.5, PIDTerms=-0.490/-0.034/ 0.000/ 0.000, Output=-0.524(-1.000/1.000), Volt=12.0(9.0)
GlobalTracer.printPidInfo_Info: [14.019] elevatorPidController: Target=   6.0, Input=   8.5, Error=  -2.5, PIDTerms=-0.490/-0.034/ 0.000/ 0.000, Output=-0.524(-1.000/1.000), Volt=12.0(9.0)
GlobalTracer.printPidInfo_Info: [14.082] elevatorPidController: Target=   6.0, Input=   8.5, Error=  -2.5, PIDTerms=-0.490/-0.034/ 0.000/ 0.000, Output=-0.525(-1.000/1.000), Volt=12.1(9.0)
GlobalTracer.printPidInfo_Info: [14.129] elevatorPidController: Target=   6.0, Input=   8.5, Error=  -2.5, PIDTerms=-0.490/-0.034/ 0.000/ 0.000, Output=-0.525(-1.000/1.000), Volt=12.1(9.0)
GlobalTracer.printPidInfo_Info: [14.196] elevatorPidController: Target=   6.0, Input=   8.5, Error=  -2.5, PIDTerms=-0.490/-0.035/ 0.000/ 0.000, Output=-0.525(-1.000/1.000), Volt=11.9(9.0)
GlobalTracer.printPidInfo_Info: [14.250] elevatorPidController: Target=   6.0, Input=   8.5, Error=  -2.5, PIDTerms=-0.490/-0.035/ 0.000/ 0.000, Output=-0.525(-1.000/1.000), Volt=11.9(9.0)
GlobalTracer.printPidInfo_Info: [14.319] elevatorPidController: Target=   6.0, Input=   8.5, Error=  -2.5, PIDTerms=-0.490/-0.035/ 0.000/ 0.000, Output=-0.525(-1.000/1.000), Volt=12.0(9.0)
GlobalTracer.printPidInfo_Info: [14.374] elevatorPidController: Target=   6.0, Input=   8.5, Error=  -2.5, PIDTerms=-0.490/-0.035/ 0.000/ 0.000, Output=-0.525(-1.000/1.000), Volt=12.0(9.0)
GlobalTracer.printPidInfo_Info: [14.445] elevatorPidController: Target=   6.0, Input=   8.5, Error=  -2.5, PIDTerms=-0.490/-0.035/ 0.000/ 0.000, Output=-0.525(-1.000/1.000), Volt=12.0(9.0)
GlobalTracer.printPidInfo_Info: [14.515] elevatorPidController: Target=   6.0, Input=   8.5, Error=  -2.5, PIDTerms=-0.490/-0.035/ 0.000/ 0.000, Output=-0.526(-1.000/1.000), Volt=12.0(9.0)
GlobalTracer.printPidInfo_Info: [14.579] elevatorPidController: Target=   6.0, Input=   8.5, Error=  -2.5, PIDTerms=-0.490/-0.036/ 0.000/ 0.000, Output=-0.526(-1.000/1.000), Volt=11.9(9.0)
GlobalTracer.printPidInfo_Info: [14.633] elevatorPidController: Target=   6.0, Input=   8.5, Error=  -2.5, PIDTerms=-0.490/-0.036/ 0.000/ 0.000, Output=-0.526(-1.000/1.000), Volt=12.0(9.0)
GlobalTracer.printPidInfo_Info: [14.705] elevatorPidController: Target=   6.0, Input=   8.5, Error=  -2.5, PIDTerms=-0.490/-0.036/ 0.000/ 0.000, Output=-0.526(-1.000/1.000), Volt=11.9(9.0)
GlobalTracer.printPidInfo_Info: [14.762] elevatorPidController: Target=   6.0, Input=   8.5, Error=  -2.5, PIDTerms=-0.490/-0.036/ 0.000/ 0.000, Output=-0.526(-1.000/1.000), Volt=11.8(9.0)
GlobalTracer.printPidInfo_Info: [14.835] elevatorPidController: Target=   6.0, Input=   8.5, Error=  -2.5, PIDTerms=-0.490/-0.036/ 0.000/ 0.000, Output=-0.526(-1.000/1.000), Volt=11.9(9.0)
GlobalTracer.printPidInfo_Info: [14.888] elevatorPidController: Target=   6.0, Input=   8.5, Error=  -2.5, PIDTerms=-0.490/-0.036/ 0.000/ 0.000, Output=-0.527(-1.000/1.000), Volt=12.2(9.0)
GlobalTracer.printPidInfo_Info: [14.961] elevatorPidController: Target=   6.0, Input=   8.5, Error=  -2.5, PIDTerms=-0.490/-0.036/ 0.000/ 0.000, Output=-0.527(-1.000/1.000), Volt=12.0(9.0)
GlobalTracer.printPidInfo_Info: [15.021] elevatorPidController: Target=   6.0, Input=   8.5, Error=  -2.5, PIDTerms=-0.490/-0.037/ 0.000/ 0.000, Output=-0.527(-1.000/1.000), Volt=12.1(9.0)
GlobalTracer.printPidInfo_Info: [15.086] elevatorPidController: Target=   6.0, Input=   8.5, Error=  -2.5, PIDTerms=-0.490/-0.037/ 0.000/ 0.000, Output=-0.527(-1.000/1.000), Volt=11.9(9.0)
GlobalTracer.printPidInfo_Info: [15.134] elevatorPidController: Target=   6.0, Input=   8.5, Error=  -2.5, PIDTerms=-0.490/-0.037/ 0.000/ 0.000, Output=-0.527(-1.000/1.000), Volt=12.0(9.0)
GlobalTracer.printPidInfo_Info: [15.181] elevatorPidController: Target=   6.0, Input=   8.5, Error=  -2.5, PIDTerms=-0.490/-0.037/ 0.000/ 0.000, Output=-0.527(-1.000/1.000), Volt=11.8(9.0)
GlobalTracer.printPidInfo_Info: [15.249] elevatorPidController: Target=   6.0, Input=   8.5, Error=  -2.5, PIDTerms=-0.490/-0.037/ 0.000/ 0.000, Output=-0.527(-1.000/1.000), Volt=12.0(9.0)
GlobalTracer.printPidInfo_Info: [15.307] elevatorPidController: Target=   6.0, Input=   8.5, Error=  -2.5, PIDTerms=-0.490/-0.037/ 0.000/ 0.000, Output=-0.528(-1.000/1.000), Volt=11.9(9.0)
GlobalTracer.printPidInfo_Info: [15.354] elevatorPidController: Target=   6.0, Input=   8.5, Error=  -2.5, PIDTerms=-0.490/-0.037/ 0.000/ 0.000, Output=-0.528(-1.000/1.000), Volt=12.5(9.0)
GlobalTracer.Diagnostics_Info: ### Diagnostics: left sonar did not change enough and might be unplugged
GlobalTracer.Diagnostics_Info: ### Diagnostics: right sonar did not change enough and might be unplugged
GlobalTracer.Vision_Info: Pixy is disabled!
GlobalTracer.Robot_Info: TotalEnergy=1.361
