GlobalTracer.FirstPowerUp_Info: Sat Mar 24 17:48:51 PDT 2018: ***** Starting autonomous *****
GlobalTracer.FirstPowerUp_Info: WASNO_Qualification_ 43 (Blue1) [FMSConnected=true]
GlobalTracer.CmdAutoSwitch_Info: alliance=Blue, gameSpecificMsg=RLR, delay=0.000, fwdDistance=60, startPosition=0.0, flipInFlight=false
GlobalTracer.Vision_Info: Pixy is enabled!
GlobalTracer.Robot_Info: [0.586]   DO_DELAY: xPos=  0.00,yPos=  0.00,heading=   0.0/   0.0,volts=12.8(12.6)
GlobalTracer.PowerUse_Info: Battery - currVoltage: 12.80, lowestVoltage: 12.60
GlobalTracer.PowerUse_Info: Power: pdpTotalCurrent: 0.00 elev: 0.13 winch: 0.00, pickup: 0.00, total: 0.00
GlobalTracer.startCompetition_Warn: AUTO_MODE takes too long (0.710s)

GlobalTracer.Robot_Info: [0.696] DRIVE_DIAGONAL_TO_SWITCH: xPos=  0.00,yPos=  0.00,heading=   0.0/  25.0,volts=12.8(12.6)
GlobalTracer.printPidInfo_Info: [0.696] encoderXPidCtrl: Target=   0.0, Input=   0.0, Error=   0.0, PIDTerms= 0.000/ 0.000/ 0.000/ 0.000, Output= 0.000(-0.700/0.700), Volt=12.8(12.6)
GlobalTracer.printPidInfo_Info: [0.696] encoderYPidCtrl: Target= 121.2, Input=   0.0, Error= 121.2, PIDTerms= 0.000/ 0.000/ 0.000/ 0.000, Output= 0.000(-0.600/0.600), Volt=12.8(12.6)
GlobalTracer.printPidInfo_Info: [0.696] gyroTurnPidCtrl: Target=  25.0, Input=   0.0, Error=  25.0, PIDTerms= 0.000/ 0.000/ 0.000/ 0.000, Output= 0.000(-0.700/0.700), Volt=12.8(12.6)
GlobalTracer.printPidInfo_Info: [0.696] elevatorPidController: Target=  34.8, Input=   0.0, Error=  26.8, PIDTerms= 0.000/ 0.000/ 0.000/ 0.000, Output= 0.000(-1.000/1.000), Volt=12.8(12.6)
GlobalTracer.PowerUse_Info: Battery - currVoltage: 12.80, lowestVoltage: 12.60
GlobalTracer.PowerUse_Info: Power: pdpTotalCurrent: 0.00 elev: 0.13 winch: 0.00, pickup: 0.00, total: 0.00
GlobalTracer.startCompetition_Warn: AUTO_MODE takes too long (0.148s)

GlobalTracer.printPidInfo_Info: [0.847] encoderXPidCtrl: Target=   0.0, Input=   0.0, Error=   0.0, PIDTerms= 0.000/ 0.000/ 0.000/ 0.000, Output= 0.000(-0.700/0.700), Volt=8.8(9.3)
GlobalTracer.printPidInfo_Info: [0.847] encoderYPidCtrl: Target= 121.2, Input=   0.0, Error= 121.2, PIDTerms= 2.061/ 0.000/ 0.000/ 0.000, Output= 0.600(-0.600/0.600), Volt=8.8(9.3)
GlobalTracer.printPidInfo_Info: [0.847] gyroTurnPidCtrl: Target=  25.0, Input=   0.0, Error=  25.0, PIDTerms= 0.450/ 0.000/ 0.000/ 0.000, Output= 0.450(-0.700/0.700), Volt=8.8(9.3)
GlobalTracer.printPidInfo_Info: [0.847] elevatorPidController: Target=  34.8, Input=   8.0, Error=  26.8, PIDTerms= 5.350/ 0.002/ 0.000/ 0.000, Output= 1.000(-1.000/1.000), Volt=9.1(9.3)
GlobalTracer.PowerUse_Info: Battery - currVoltage: 9.65, lowestVoltage: 9.25
GlobalTracer.PowerUse_Info: Power: pdpTotalCurrent: 171.25 elev: 26.25 winch: 0.00, pickup: 0.00, total: 0.00
GlobalTracer.startCompetition_Warn: AUTO_MODE takes too long (0.151s)

GlobalTracer.printPidInfo_Info: [1.003] encoderXPidCtrl: Target=   0.0, Input=   0.1, Error=  -0.1, PIDTerms=-0.018/ 0.000/-0.010/ 0.000, Output=-0.028(-0.700/0.700), Volt=9.4(9.2)
GlobalTracer.printPidInfo_Info: [1.003] encoderYPidCtrl: Target= 121.2, Input=   0.6, Error= 120.6, PIDTerms= 2.050/ 0.000/-0.004/ 0.000, Output= 0.600(-0.600/0.600), Volt=9.7(9.2)
GlobalTracer.printPidInfo_Info: [1.003] gyroTurnPidCtrl: Target=  25.0, Input=   0.5, Error=  24.5, PIDTerms= 0.441/ 0.000/-0.004/ 0.000, Output= 0.437(-0.700/0.700), Volt=9.7(9.2)
GlobalTracer.printPidInfo_Info: [1.003] elevatorPidController: Target=  34.8, Input=  11.6, Error=  23.1, PIDTerms= 4.626/ 0.006/-0.000/ 0.000, Output= 1.000(-1.000/1.000), Volt=9.7(9.2)
GlobalTracer.PowerUse_Info: Battery - currVoltage: 9.65, lowestVoltage: 9.15
GlobalTracer.PowerUse_Info: Power: pdpTotalCurrent: 136.75 elev: 30.75 winch: 0.00, pickup: 0.00, total: 0.06
GlobalTracer.startCompetition_Warn: AUTO_MODE takes too long (0.172s)

GlobalTracer.printPidInfo_Info: [1.181] encoderXPidCtrl: Target=   0.0, Input=   1.0, Error=  -1.0, PIDTerms=-0.152/ 0.000/-0.083/ 0.000, Output=-0.235(-0.700/0.700), Volt=10.3(9.2)
GlobalTracer.printPidInfo_Info: [1.181] encoderYPidCtrl: Target= 121.2, Input=   4.9, Error= 116.3, PIDTerms= 1.978/ 0.000/-0.026/ 0.000, Output= 0.600(-0.600/0.600), Volt=10.2(9.2)
GlobalTracer.printPidInfo_Info: [1.181] gyroTurnPidCtrl: Target=  25.0, Input=   6.9, Error=  18.1, PIDTerms= 0.325/ 0.000/-0.064/ 0.000, Output= 0.261(-0.700/0.700), Volt=10.2(9.2)
GlobalTracer.printPidInfo_Info: [1.181] elevatorPidController: Target=  34.8, Input=  16.8, Error=  18.0, PIDTerms= 3.592/ 0.008/-0.000/ 0.000, Output= 1.000(-1.000/1.000), Volt=10.3(9.2)
GlobalTracer.PowerUse_Info: Battery - currVoltage: 10.30, lowestVoltage: 9.15
GlobalTracer.PowerUse_Info: Power: pdpTotalCurrent: 108.00 elev: 30.75 winch: 0.00, pickup: 0.00, total: 0.12
GlobalTracer.startCompetition_Warn: AUTO_MODE takes too long (0.202s)

GlobalTracer.printPidInfo_Info: [1.389] encoderXPidCtrl: Target=   0.0, Input=   0.9, Error=  -0.9, PIDTerms=-0.133/ 0.000/ 0.010/ 0.000, Output=-0.124(-0.700/0.700), Volt=10.6(9.2)
GlobalTracer.printPidInfo_Info: [1.389] encoderYPidCtrl: Target= 121.2, Input=  12.6, Error= 108.7, PIDTerms= 1.848/ 0.000/-0.040/ 0.000, Output= 0.600(-0.600/0.600), Volt=10.6(9.2)
GlobalTracer.printPidInfo_Info: [1.389] gyroTurnPidCtrl: Target=  25.0, Input=  19.8, Error=   5.2, PIDTerms= 0.094/ 0.000/-0.108/ 0.000, Output=-0.014(-0.700/0.700), Volt=10.6(9.2)
GlobalTracer.printPidInfo_Info: [1.389] elevatorPidController: Target=  34.8, Input=  23.4, Error=  11.4, PIDTerms= 2.272/ 0.011/-0.000/ 0.000, Output= 1.000(-1.000/1.000), Volt=10.6(9.2)
GlobalTracer.PowerUse_Info: Battery - currVoltage: 10.65, lowestVoltage: 9.15
GlobalTracer.PowerUse_Info: Power: pdpTotalCurrent: 86.00 elev: 30.50 winch: 0.00, pickup: 0.00, total: 0.17
GlobalTracer.startCompetition_Warn: AUTO_MODE takes too long (0.265s)

GlobalTracer.printPidInfo_Info: [1.681] encoderXPidCtrl: Target=   0.0, Input=  -0.4, Error=   0.4, PIDTerms= 0.065/ 0.000/ 0.075/ 0.000, Output= 0.140(-0.700/0.700), Volt=11.4(9.2)
GlobalTracer.printPidInfo_Info: [1.681] encoderYPidCtrl: Target= 121.2, Input=  24.8, Error=  96.4, PIDTerms= 1.639/ 0.000/-0.046/ 0.000, Output= 0.600(-0.600/0.600), Volt=11.4(9.2)
GlobalTracer.printPidInfo_Info: [1.681] gyroTurnPidCtrl: Target=  25.0, Input=  32.5, Error=  -7.5, PIDTerms=-0.135/ 0.000/-0.077/ 0.000, Output=-0.212(-0.700/0.700), Volt=11.4(9.2)
GlobalTracer.printPidInfo_Info: [1.681] elevatorPidController: Target=  34.8, Input=  34.3, Error=   0.5, PIDTerms= 0.098/ 0.011/-0.000/ 0.000, Output= 0.109(-1.000/1.000), Volt=11.4(9.2)
GlobalTracer.PowerUse_Info: Battery - currVoltage: 11.30, lowestVoltage: 9.15
GlobalTracer.PowerUse_Info: Power: pdpTotalCurrent: 48.25 elev: 0.75 winch: 0.00, pickup: 0.00, total: 0.23
GlobalTracer.startCompetition_Warn: AUTO_MODE takes too long (0.215s)

GlobalTracer.printPidInfo_Info: [1.897] encoderXPidCtrl: Target=   0.0, Input=  -1.5, Error=   1.5, PIDTerms= 0.226/ 0.000/ 0.060/ 0.000, Output= 0.287(-0.700/0.700), Volt=11.5(9.2)
GlobalTracer.printPidInfo_Info: [1.897] encoderYPidCtrl: Target= 121.2, Input=  47.4, Error=  73.8, PIDTerms= 1.254/ 0.000/-0.084/ 0.000, Output= 0.600(-0.600/0.600), Volt=11.5(9.2)
GlobalTracer.printPidInfo_Info: [1.897] gyroTurnPidCtrl: Target=  25.0, Input=  34.6, Error=  -9.6, PIDTerms=-0.173/ 0.000/-0.012/ 0.000, Output=-0.185(-0.700/0.700), Volt=11.5(9.2)
GlobalTracer.printPidInfo_Info: [1.897] elevatorPidController: Target=  34.8, Input=  36.0, Error=  -1.3, PIDTerms=-0.258/ 0.010/-0.000/ 0.000, Output=-0.248(-1.000/1.000), Volt=11.4(9.2)
GlobalTracer.PowerUse_Info: Battery - currVoltage: 11.35, lowestVoltage: 9.15
GlobalTracer.PowerUse_Info: Power: pdpTotalCurrent: 46.63 elev: 1.00 winch: 0.00, pickup: 0.00, total: 0.26
GlobalTracer.startCompetition_Warn: AUTO_MODE takes too long (0.145s)

GlobalTracer.printPidInfo_Info: [2.044] encoderXPidCtrl: Target=   0.0, Input=  -0.8, Error=   0.8, PIDTerms= 0.126/ 0.000/-0.069/ 0.000, Output= 0.057(-0.700/0.700), Volt=11.6(9.2)
GlobalTracer.printPidInfo_Info: [2.044] encoderYPidCtrl: Target= 121.2, Input=  63.9, Error=  57.3, PIDTerms= 0.974/ 0.000/-0.113/ 0.000, Output= 0.600(-0.600/0.600), Volt=11.7(9.2)
GlobalTracer.printPidInfo_Info: [2.044] gyroTurnPidCtrl: Target=  25.0, Input=  26.9, Error=  -1.9, PIDTerms=-0.033/ 0.000/ 0.085/ 0.000, Output= 0.052(-0.700/0.700), Volt=11.7(9.2)
GlobalTracer.printPidInfo_Info: [2.044] elevatorPidController: Target=  34.8, Input=  34.4, Error=   0.3, PIDTerms= 0.061/ 0.011/ 0.000/ 0.000, Output= 0.072(-1.000/1.000), Volt=11.7(9.2)
GlobalTracer.PowerUse_Info: Battery - currVoltage: 11.70, lowestVoltage: 9.15
GlobalTracer.PowerUse_Info: Power: pdpTotalCurrent: 35.00 elev: 0.38 winch: 0.00, pickup: 0.00, total: 0.28
GlobalTracer.startCompetition_Warn: AUTO_MODE takes too long (0.211s)

GlobalTracer.printPidInfo_Info: [2.255] encoderXPidCtrl: Target=   0.0, Input=   0.7, Error=  -0.7, PIDTerms=-0.101/ 0.000/-0.108/ 0.000, Output=-0.209(-0.700/0.700), Volt=11.3(9.2)
GlobalTracer.printPidInfo_Info: [2.255] encoderYPidCtrl: Target= 121.2, Input=  76.2, Error=  45.0, PIDTerms= 0.765/ 0.000/-0.058/ 0.000, Output= 0.600(-0.600/0.600), Volt=11.4(9.2)
GlobalTracer.printPidInfo_Info: [2.255] gyroTurnPidCtrl: Target=  25.0, Input=  21.0, Error=   4.0, PIDTerms= 0.073/ 0.000/ 0.045/ 0.000, Output= 0.117(-0.700/0.700), Volt=11.4(9.2)
GlobalTracer.printPidInfo_Info: [2.255] elevatorPidController: Target=  34.8, Input=  33.5, Error=   1.2, PIDTerms= 0.247/ 0.011/ 0.000/ 0.000, Output= 0.258(-1.000/1.000), Volt=11.4(9.2)
GlobalTracer.PowerUse_Info: Battery - currVoltage: 11.30, lowestVoltage: 9.15
GlobalTracer.PowerUse_Info: Power: pdpTotalCurrent: 56.50 elev: 6.13 winch: 0.00, pickup: 0.00, total: 0.32
GlobalTracer.startCompetition_Warn: AUTO_MODE takes too long (0.189s)

GlobalTracer.printPidInfo_Info: [2.451] encoderXPidCtrl: Target=   0.0, Input=   1.4, Error=  -1.4, PIDTerms=-0.204/ 0.000/-0.055/ 0.000, Output=-0.259(-0.700/0.700), Volt=12.2(9.2)
GlobalTracer.printPidInfo_Info: [2.451] encoderYPidCtrl: Target= 121.2, Input=  96.5, Error=  24.8, PIDTerms= 0.421/ 0.000/-0.109/ 0.000, Output= 0.312(-0.600/0.600), Volt=12.2(9.2)
GlobalTracer.printPidInfo_Info: [2.451] gyroTurnPidCtrl: Target=  25.0, Input=  20.0, Error=   5.0, PIDTerms= 0.089/ 0.000/ 0.008/ 0.000, Output= 0.097(-0.700/0.700), Volt=12.2(9.2)
GlobalTracer.printPidInfo_Info: [2.451] elevatorPidController: Target=  34.8, Input=  33.8, Error=   1.0, PIDTerms= 0.196/ 0.011/-0.000/ 0.000, Output= 0.207(-1.000/1.000), Volt=12.1(9.2)
GlobalTracer.PowerUse_Info: Battery - currVoltage: 12.05, lowestVoltage: 9.15
GlobalTracer.PowerUse_Info: Power: pdpTotalCurrent: 19.75 elev: 4.50 winch: 0.00, pickup: 0.00, total: 0.35
GlobalTracer.startCompetition_Warn: AUTO_MODE takes too long (0.211s)

GlobalTracer.printPidInfo_Info: [2.664] encoderXPidCtrl: Target=   0.0, Input=  -0.2, Error=   0.2, PIDTerms= 0.025/ 0.000/ 0.108/ 0.000, Output= 0.133(-0.700/0.700), Volt=12.4(9.2)
GlobalTracer.printPidInfo_Info: [2.664] encoderYPidCtrl: Target= 121.2, Input= 114.8, Error=   6.5, PIDTerms= 0.110/ 0.000/-0.086/ 0.000, Output= 0.024(-0.600/0.600), Volt=12.4(9.2)
GlobalTracer.printPidInfo_Info: [2.664] gyroTurnPidCtrl: Target=  25.0, Input=  24.8, Error=   0.2, PIDTerms= 0.003/ 0.000/-0.036/ 0.000, Output=-0.033(-0.700/0.700), Volt=12.4(9.2)
GlobalTracer.printPidInfo_Info: [2.664] elevatorPidController: Target=  34.8, Input=  33.8, Error=   0.9, PIDTerms= 0.184/ 0.011/-0.000/ 0.000, Output= 0.196(-1.000/1.000), Volt=12.4(9.2)
GlobalTracer.PowerUse_Info: Battery - currVoltage: 12.30, lowestVoltage: 9.15
GlobalTracer.PowerUse_Info: Power: pdpTotalCurrent: 10.00 elev: 3.38 winch: 0.00, pickup: 0.00, total: 0.36
GlobalTracer.startCompetition_Warn: AUTO_MODE takes too long (0.182s)

GlobalTracer.printPidInfo_Info: [2.848] encoderXPidCtrl: Target=   0.0, Input=  -2.0, Error=   2.0, PIDTerms= 0.302/ 0.000/ 0.133/ 0.000, Output= 0.435(-0.700/0.700), Volt=11.1(9.2)
GlobalTracer.printPidInfo_Info: [2.848] encoderYPidCtrl: Target= 121.2, Input= 129.7, Error=  -8.4, PIDTerms=-0.144/ 0.000/-0.072/ 0.000, Output=-0.215(-0.600/0.600), Volt=11.4(9.2)
GlobalTracer.printPidInfo_Info: [2.848] gyroTurnPidCtrl: Target=  25.0, Input=  31.3, Error=  -6.3, PIDTerms=-0.113/ 0.000/-0.050/ 0.000, Output=-0.163(-0.700/0.700), Volt=11.4(9.2)
GlobalTracer.printPidInfo_Info: [2.848] elevatorPidController: Target=  34.8, Input=  34.0, Error=   0.7, PIDTerms= 0.146/ 0.011/-0.000/ 0.000, Output= 0.157(-1.000/1.000), Volt=11.4(9.2)
GlobalTracer.PowerUse_Info: Battery - currVoltage: 11.60, lowestVoltage: 9.15
GlobalTracer.PowerUse_Info: Power: pdpTotalCurrent: 45.75 elev: 2.00 winch: 0.00, pickup: 0.00, total: 0.39
GlobalTracer.startCompetition_Warn: AUTO_MODE takes too long (0.154s)

GlobalTracer.printPidInfo_Info: [3.002] encoderXPidCtrl: Target=   0.0, Input=  -1.5, Error=   1.5, PIDTerms= 0.218/ 0.000/-0.057/ 0.000, Output= 0.161(-0.700/0.700), Volt=11.5(9.2)
GlobalTracer.printPidInfo_Info: [3.002] encoderYPidCtrl: Target= 121.2, Input= 132.4, Error= -11.2, PIDTerms=-0.190/ 0.000/-0.019/ 0.000, Output=-0.209(-0.600/0.600), Volt=11.5(9.2)
GlobalTracer.printPidInfo_Info: [3.002] gyroTurnPidCtrl: Target=  25.0, Input=  19.1, Error=   5.9, PIDTerms= 0.107/ 0.000/ 0.133/ 0.000, Output= 0.240(-0.700/0.700), Volt=11.5(9.2)
GlobalTracer.printPidInfo_Info: [3.002] elevatorPidController: Target=  34.8, Input=  34.1, Error=   0.6, PIDTerms= 0.121/ 0.011/-0.000/ 0.000, Output= 0.133(-1.000/1.000), Volt=11.5(9.2)
GlobalTracer.PowerUse_Info: Battery - currVoltage: 11.45, lowestVoltage: 9.15
GlobalTracer.PowerUse_Info: Power: pdpTotalCurrent: 40.88 elev: 1.63 winch: 0.00, pickup: 0.00, total: 0.41
GlobalTracer.printPidInfo_Info: [3.094] encoderXPidCtrl: Target=   0.0, Input=   4.1, Error=  -4.1, PIDTerms=-0.612/ 0.000/-0.707/ 0.000, Output=-0.700(-0.700/0.700), Volt=10.9(9.2)
GlobalTracer.printPidInfo_Info: [3.094] encoderYPidCtrl: Target= 121.2, Input= 129.1, Error=  -7.8, PIDTerms=-0.133/ 0.000/ 0.029/ 0.000, Output=-0.104(-0.600/0.600), Volt=10.9(9.2)
GlobalTracer.printPidInfo_Info: [3.094] gyroTurnPidCtrl: Target=  25.0, Input=  10.2, Error=  14.8, PIDTerms= 0.267/ 0.000/ 0.121/ 0.000, Output= 0.388(-0.700/0.700), Volt=10.9(9.2)
GlobalTracer.printPidInfo_Info: [3.094] elevatorPidController: Target=  34.8, Input=  34.2, Error=   0.6, PIDTerms= 0.120/ 0.011/-0.000/ 0.000, Output= 0.131(-1.000/1.000), Volt=10.9(9.2)
GlobalTracer.printPidInfo_Info: [3.182] encoderXPidCtrl: Target=   0.0, Input=   3.6, Error=  -3.6, PIDTerms=-0.541/ 0.000/ 0.096/ 0.000, Output=-0.446(-0.700/0.700), Volt=11.6(9.2)
GlobalTracer.printPidInfo_Info: [3.182] encoderYPidCtrl: Target= 121.2, Input= 127.5, Error=  -6.2, PIDTerms=-0.106/ 0.000/ 0.022/ 0.000, Output=-0.084(-0.600/0.600), Volt=11.6(9.2)
GlobalTracer.printPidInfo_Info: [3.182] gyroTurnPidCtrl: Target=  25.0, Input=   7.3, Error=  17.7, PIDTerms= 0.318/ 0.000/ 0.062/ 0.000, Output= 0.379(-0.700/0.700), Volt=10.0(9.2)
GlobalTracer.printPidInfo_Info: [3.182] elevatorPidController: Target=  34.8, Input=  34.2, Error=   0.6, PIDTerms= 0.120/ 0.012/ 0.000/ 0.000, Output= 0.131(-1.000/1.000), Volt=10.0(9.2)
GlobalTracer.PowerUse_Info: Battery - currVoltage: 10.05, lowestVoltage: 9.15
GlobalTracer.PowerUse_Info: Power: pdpTotalCurrent: 113.75 elev: 1.38 winch: 0.00, pickup: 0.00, total: 0.43
GlobalTracer.startCompetition_Warn: AUTO_MODE takes too long (0.146s)

GlobalTracer.printPidInfo_Info: [3.329] encoderXPidCtrl: Target=   0.0, Input=  -0.3, Error=   0.3, PIDTerms= 0.041/ 0.000/ 0.393/ 0.000, Output= 0.434(-0.700/0.700), Volt=11.0(9.2)
GlobalTracer.printPidInfo_Info: [3.329] encoderYPidCtrl: Target= 121.2, Input= 127.5, Error=  -6.2, PIDTerms=-0.106/ 0.000/ 0.000/ 0.000, Output=-0.106(-0.600/0.600), Volt=11.0(9.2)
GlobalTracer.printPidInfo_Info: [3.329] gyroTurnPidCtrl: Target=  25.0, Input=   3.7, Error=  21.3, PIDTerms= 0.384/ 0.000/ 0.040/ 0.000, Output= 0.423(-0.700/0.700), Volt=11.4(9.2)
GlobalTracer.printPidInfo_Info: [3.329] elevatorPidController: Target=  34.8, Input=  34.2, Error=   0.6, PIDTerms= 0.120/ 0.012/ 0.000/ 0.000, Output= 0.132(-1.000/1.000), Volt=11.4(9.2)
GlobalTracer.PowerUse_Info: Battery - currVoltage: 11.35, lowestVoltage: 9.15
GlobalTracer.PowerUse_Info: Power: pdpTotalCurrent: 81.75 elev: 1.38 winch: 0.00, pickup: 0.00, total: 0.49
GlobalTracer.startCompetition_Warn: AUTO_MODE takes too long (0.108s)

GlobalTracer.printPidInfo_Info: [3.438] encoderXPidCtrl: Target=   0.0, Input=  -0.2, Error=   0.2, PIDTerms= 0.037/ 0.000/-0.003/ 0.000, Output= 0.034(-0.700/0.700), Volt=12.4(9.2)
GlobalTracer.printPidInfo_Info: [3.438] encoderYPidCtrl: Target= 121.2, Input= 125.8, Error=  -4.5, PIDTerms=-0.077/ 0.000/ 0.015/ 0.000, Output=-0.063(-0.600/0.600), Volt=12.4(9.2)
GlobalTracer.printPidInfo_Info: [3.438] gyroTurnPidCtrl: Target=  25.0, Input=  10.8, Error=  14.2, PIDTerms= 0.256/ 0.000/-0.099/ 0.000, Output= 0.157(-0.700/0.700), Volt=12.4(9.2)
GlobalTracer.printPidInfo_Info: [3.438] elevatorPidController: Target=  34.8, Input=  34.2, Error=   0.5, PIDTerms= 0.104/ 0.012/-0.000/ 0.000, Output= 0.116(-1.000/1.000), Volt=12.4(9.2)
GlobalTracer.PowerUse_Info: Battery - currVoltage: 12.30, lowestVoltage: 9.15
GlobalTracer.PowerUse_Info: Power: pdpTotalCurrent: 5.75 elev: 1.50 winch: 0.00, pickup: 0.00, total: 0.50
GlobalTracer.startCompetition_Warn: AUTO_MODE takes too long (0.118s)

GlobalTracer.printPidInfo_Info: [3.557] encoderXPidCtrl: Target=   0.0, Input=   2.6, Error=  -2.6, PIDTerms=-0.390/ 0.000/-0.353/ 0.000, Output=-0.700(-0.700/0.700), Volt=10.1(9.2)
GlobalTracer.printPidInfo_Info: [3.557] encoderYPidCtrl: Target= 121.2, Input= 123.7, Error=  -2.4, PIDTerms=-0.041/ 0.000/ 0.018/ 0.000, Output=-0.024(-0.600/0.600), Volt=9.7(9.2)
GlobalTracer.printPidInfo_Info: [3.557] gyroTurnPidCtrl: Target=  25.0, Input=  16.6, Error=   8.4, PIDTerms= 0.151/ 0.000/-0.077/ 0.000, Output= 0.074(-0.700/0.700), Volt=9.7(9.2)
GlobalTracer.printPidInfo_Info: [3.557] elevatorPidController: Target=  34.8, Input=  34.2, Error=   0.5, PIDTerms= 0.103/ 0.012/-0.000/ 0.000, Output= 0.114(-1.000/1.000), Volt=9.7(9.2)
GlobalTracer.PowerUse_Info: Battery - currVoltage: 9.70, lowestVoltage: 9.15
GlobalTracer.PowerUse_Info: Power: pdpTotalCurrent: 47.63 elev: 1.00 winch: 0.00, pickup: 0.00, total: 0.52
GlobalTracer.startCompetition_Warn: AUTO_MODE takes too long (0.120s)

GlobalTracer.printPidInfo_Info: [3.679] encoderXPidCtrl: Target=   0.0, Input=   2.0, Error=  -2.0, PIDTerms=-0.297/ 0.000/ 0.094/ 0.000, Output=-0.203(-0.700/0.700), Volt=12.1(9.2)
GlobalTracer.printPidInfo_Info: [3.679] encoderYPidCtrl: Target= 121.2, Input= 122.4, Error=  -1.2, PIDTerms=-0.020/ 0.000/ 0.012/ 0.000, Output=-0.008(-0.600/0.600), Volt=12.1(9.2)
GlobalTracer.printPidInfo_Info: [3.679] gyroTurnPidCtrl: Target=  25.0, Input=  20.7, Error=   4.3, PIDTerms= 0.077/ 0.000/-0.067/ 0.000, Output= 0.010(-0.700/0.700), Volt=12.1(9.2)
GlobalTracer.printPidInfo_Info: [3.679] elevatorPidController: Target=  34.8, Input=  34.2, Error=   0.5, PIDTerms= 0.104/ 0.012/ 0.000/ 0.000, Output= 0.116(-1.000/1.000), Volt=12.1(9.2)
GlobalTracer.PowerUse_Info: Battery - currVoltage: 12.10, lowestVoltage: 9.15
GlobalTracer.PowerUse_Info: Power: pdpTotalCurrent: 42.88 elev: 1.38 winch: 0.00, pickup: 0.00, total: 0.53
GlobalTracer.startCompetition_Warn: AUTO_MODE takes too long (0.166s)

GlobalTracer.printPidInfo_Info: [3.847] encoderXPidCtrl: Target=   0.0, Input=   0.3, Error=  -0.3, PIDTerms=-0.051/ 0.000/ 0.148/ 0.000, Output= 0.097(-0.700/0.700), Volt=12.4(9.2)
GlobalTracer.printPidInfo_Info: [3.847] encoderYPidCtrl: Target= 121.2, Input= 122.5, Error=  -1.2, PIDTerms=-0.021/ 0.000/-0.000/ 0.000, Output=-0.021(-0.600/0.600), Volt=12.4(9.2)
GlobalTracer.printPidInfo_Info: [3.847] gyroTurnPidCtrl: Target=  25.0, Input=  22.8, Error=   2.2, PIDTerms= 0.040/ 0.000/-0.020/ 0.000, Output= 0.020(-0.700/0.700), Volt=12.4(9.2)
GlobalTracer.printPidInfo_Info: [3.847] elevatorPidController: Target=  34.8, Input=  34.2, Error=   0.5, PIDTerms= 0.104/ 0.012/ 0.000/ 0.000, Output= 0.116(-1.000/1.000), Volt=12.4(9.2)
GlobalTracer.PowerUse_Info: Battery - currVoltage: 12.35, lowestVoltage: 9.15
GlobalTracer.PowerUse_Info: Power: pdpTotalCurrent: 2.13 elev: 1.38 winch: 0.00, pickup: 0.00, total: 0.54
GlobalTracer.startCompetition_Warn: AUTO_MODE takes too long (0.124s)

GlobalTracer.Robot_Info: [3.972] THROW_CUBE: xPos= -0.18,yPos=121.43,heading=  24.5/  25.0,volts=12.5(9.2)
GlobalTracer.printPidInfo_Info: [3.972] elevatorPidController: Target=  34.8, Input=  34.2, Error=   0.5, PIDTerms= 0.104/ 0.012/ 0.000/ 0.000, Output= 0.116(-1.000/1.000), Volt=12.5(9.2)
GlobalTracer.PowerUse_Info: Battery - currVoltage: 12.50, lowestVoltage: 9.15
GlobalTracer.PowerUse_Info: Power: pdpTotalCurrent: 2.13 elev: 1.50 winch: 0.00, pickup: 12.75, total: 0.54
GlobalTracer.Robot_Info: [4.056]       DONE: xPos= -0.20,yPos=121.26,heading=  24.6/  25.0,volts=11.4(9.2)
GlobalTracer.printPidInfo_Info: [4.056] elevatorPidController: Target=   6.0, Input=  34.2, Error= -28.2, PIDTerms= 0.104/ 0.012/ 0.000/ 0.000, Output= 0.000(-1.000/1.000), Volt=11.4(9.2)
GlobalTracer.printPidInfo_Info: [4.113] elevatorPidController: Target=   6.0, Input=  34.2, Error= -28.2, PIDTerms=-5.646/-0.000/ 0.000/ 0.000, Output=-1.000(-1.000/1.000), Volt=10.7(9.2)
GlobalTracer.PowerUse_Info: Battery - currVoltage: 11.00, lowestVoltage: 9.15
GlobalTracer.PowerUse_Info: Power: pdpTotalCurrent: 71.50 elev: 41.63 winch: 0.00, pickup: 39.25, total: 0.56
GlobalTracer.printPidInfo_Info: [4.185] elevatorPidController: Target=   6.0, Input=  32.3, Error= -26.3, PIDTerms=-5.252/-0.002/ 0.000/ 0.000, Output=-1.000(-1.000/1.000), Volt=11.5(9.2)
GlobalTracer.printPidInfo_Info: [4.239] elevatorPidController: Target=   6.0, Input=  30.0, Error= -24.0, PIDTerms=-4.802/-0.003/ 0.000/ 0.000, Output=-1.000(-1.000/1.000), Volt=11.6(9.2)
GlobalTracer.PowerUse_Info: Battery - currVoltage: 11.70, lowestVoltage: 9.15
GlobalTracer.PowerUse_Info: Power: pdpTotalCurrent: 56.88 elev: 12.13 winch: 0.00, pickup: 24.00, total: 0.58
GlobalTracer.startCompetition_Warn: AUTO_MODE takes too long (0.100s)

GlobalTracer.printPidInfo_Info: [4.343] elevatorPidController: Target=   6.0, Input=  23.9, Error= -17.9, PIDTerms=-3.581/-0.005/ 0.000/ 0.000, Output=-1.000(-1.000/1.000), Volt=11.9(9.2)
GlobalTracer.PowerUse_Info: Battery - currVoltage: 11.95, lowestVoltage: 9.15
GlobalTracer.PowerUse_Info: Power: pdpTotalCurrent: 31.13 elev: 9.63 winch: 0.00, pickup: 19.38, total: 0.60
GlobalTracer.printPidInfo_Info: [4.411] elevatorPidController: Target=   6.0, Input=  17.4, Error= -11.4, PIDTerms=-2.290/-0.006/ 0.000/ 0.000, Output=-1.000(-1.000/1.000), Volt=12.0(9.2)
GlobalTracer.printPidInfo_Info: [4.472] elevatorPidController: Target=   6.0, Input=  14.9, Error=  -8.9, PIDTerms=-1.790/-0.007/ 0.000/ 0.000, Output=-1.000(-1.000/1.000), Volt=11.9(9.2)
GlobalTracer.PowerUse_Info: Battery - currVoltage: 12.00, lowestVoltage: 9.15
GlobalTracer.PowerUse_Info: Power: pdpTotalCurrent: 28.00 elev: 11.38 winch: 0.00, pickup: 16.38, total: 0.61
GlobalTracer.printPidInfo_Info: [4.545] elevatorPidController: Target=   6.0, Input=   9.5, Error=  -3.5, PIDTerms=-0.701/-0.007/ 0.000/ 0.000, Output=-0.708(-1.000/1.000), Volt=12.4(9.2)
GlobalTracer.printPidInfo_Info: [4.603] elevatorPidController: Target=   6.0, Input=   7.2, Error=  -1.2, PIDTerms=-0.245/-0.007/ 0.000/ 0.000, Output=-0.252(-1.000/1.000), Volt=12.3(9.2)
GlobalTracer.PowerUse_Info: Battery - currVoltage: 12.25, lowestVoltage: 9.15
GlobalTracer.PowerUse_Info: Power: pdpTotalCurrent: 15.25 elev: 0.13 winch: 0.00, pickup: 14.63, total: 0.62
GlobalTracer.printPidInfo_Info: [4.693] elevatorPidController: Target=   6.0, Input=   8.0, Error=  -2.0, PIDTerms=-0.407/-0.007/-0.000/ 0.000, Output=-0.414(-1.000/1.000), Volt=12.2(9.2)
GlobalTracer.printPidInfo_Info: [4.744] elevatorPidController: Target=   6.0, Input=   8.2, Error=  -2.2, PIDTerms=-0.434/-0.007/-0.000/ 0.000, Output=-0.442(-1.000/1.000), Volt=12.2(9.2)
GlobalTracer.PowerUse_Info: Battery - currVoltage: 12.25, lowestVoltage: 9.15
GlobalTracer.PowerUse_Info: Power: pdpTotalCurrent: 13.50 elev: 0.13 winch: 0.00, pickup: 13.00, total: 0.63
GlobalTracer.printPidInfo_Info: [4.829] elevatorPidController: Target=   6.0, Input=   8.2, Error=  -2.2, PIDTerms=-0.439/-0.007/-0.000/ 0.000, Output=-0.446(-1.000/1.000), Volt=12.3(9.2)
GlobalTracer.printPidInfo_Info: [4.872] elevatorPidController: Target=   6.0, Input=   8.2, Error=  -2.2, PIDTerms=-0.439/-0.008/ 0.000/ 0.000, Output=-0.446(-1.000/1.000), Volt=12.3(9.2)
GlobalTracer.PowerUse_Info: Battery - currVoltage: 12.25, lowestVoltage: 9.15
GlobalTracer.PowerUse_Info: Power: pdpTotalCurrent: 12.50 elev: 0.13 winch: 0.00, pickup: 12.13, total: 0.63
GlobalTracer.printPidInfo_Info: [4.948] elevatorPidController: Target=   6.0, Input=   8.2, Error=  -2.2, PIDTerms=-0.439/-0.008/ 0.000/ 0.000, Output=-0.446(-1.000/1.000), Volt=12.3(9.2)
GlobalTracer.printPidInfo_Info: [5.012] elevatorPidController: Target=   6.0, Input=   8.2, Error=  -2.2, PIDTerms=-0.442/-0.008/-0.000/ 0.000, Output=-0.449(-1.000/1.000), Volt=12.3(9.2)
GlobalTracer.PowerUse_Info: Battery - currVoltage: 12.25, lowestVoltage: 9.15
GlobalTracer.PowerUse_Info: Power: pdpTotalCurrent: 11.88 elev: 0.13 winch: 0.00, pickup: 11.75, total: 0.64
GlobalTracer.printPidInfo_Info: [5.092] elevatorPidController: Target=   6.0, Input=   8.2, Error=  -2.2, PIDTerms=-0.442/-0.008/ 0.000/ 0.000, Output=-0.450(-1.000/1.000), Volt=12.3(9.2)
GlobalTracer.printPidInfo_Info: [5.139] elevatorPidController: Target=   6.0, Input=   8.2, Error=  -2.2, PIDTerms=-0.442/-0.008/ 0.000/ 0.000, Output=-0.450(-1.000/1.000), Volt=12.4(9.2)
GlobalTracer.PowerUse_Info: Battery - currVoltage: 12.30, lowestVoltage: 9.15
GlobalTracer.PowerUse_Info: Power: pdpTotalCurrent: 11.50 elev: 0.13 winch: 0.00, pickup: 11.63, total: 0.64
GlobalTracer.printPidInfo_Info: [5.212] elevatorPidController: Target=   6.0, Input=   8.2, Error=  -2.2, PIDTerms=-0.443/-0.008/-0.000/ 0.000, Output=-0.451(-1.000/1.000), Volt=12.4(9.2)
GlobalTracer.printPidInfo_Info: [5.266] elevatorPidController: Target=   6.0, Input=   8.2, Error=  -2.2, PIDTerms=-0.443/-0.008/ 0.000/ 0.000, Output=-0.451(-1.000/1.000), Volt=12.4(9.2)
GlobalTracer.PowerUse_Info: Battery - currVoltage: 12.35, lowestVoltage: 9.15
GlobalTracer.PowerUse_Info: Power: pdpTotalCurrent: 11.38 elev: 0.13 winch: 0.00, pickup: 11.25, total: 0.65
GlobalTracer.printPidInfo_Info: [5.348] elevatorPidController: Target=   6.0, Input=   8.2, Error=  -2.2, PIDTerms=-0.443/-0.009/ 0.000/ 0.000, Output=-0.452(-1.000/1.000), Volt=12.4(9.2)
GlobalTracer.printPidInfo_Info: [5.398] elevatorPidController: Target=   6.0, Input=   8.2, Error=  -2.2, PIDTerms=-0.443/-0.009/ 0.000/ 0.000, Output=-0.452(-1.000/1.000), Volt=12.4(9.2)
GlobalTracer.PowerUse_Info: Battery - currVoltage: 12.40, lowestVoltage: 9.15
GlobalTracer.PowerUse_Info: Power: pdpTotalCurrent: 11.25 elev: 0.13 winch: 0.00, pickup: 11.25, total: 0.65
GlobalTracer.printPidInfo_Info: [5.489] elevatorPidController: Target=   6.0, Input=   8.2, Error=  -2.2, PIDTerms=-0.443/-0.009/ 0.000/ 0.000, Output=-0.452(-1.000/1.000), Volt=12.4(9.2)
GlobalTracer.printPidInfo_Info: [5.528] elevatorPidController: Target=   6.0, Input=   8.2, Error=  -2.2, PIDTerms=-0.443/-0.009/ 0.000/ 0.000, Output=-0.452(-1.000/1.000), Volt=12.4(9.2)
GlobalTracer.PowerUse_Info: Battery - currVoltage: 12.35, lowestVoltage: 9.15
GlobalTracer.PowerUse_Info: Power: pdpTotalCurrent: 11.00 elev: 0.13 winch: 0.00, pickup: 11.25, total: 0.66
GlobalTracer.printPidInfo_Info: [5.608] elevatorPidController: Target=   6.0, Input=   8.2, Error=  -2.2, PIDTerms=-0.443/-0.009/ 0.000/ 0.000, Output=-0.452(-1.000/1.000), Volt=12.3(9.2)
GlobalTracer.printPidInfo_Info: [5.661] elevatorPidController: Target=   6.0, Input=   8.2, Error=  -2.2, PIDTerms=-0.443/-0.009/ 0.000/ 0.000, Output=-0.452(-1.000/1.000), Volt=12.3(9.2)
GlobalTracer.PowerUse_Info: Battery - currVoltage: 12.30, lowestVoltage: 9.15
GlobalTracer.PowerUse_Info: Power: pdpTotalCurrent: 10.75 elev: 0.13 winch: 0.00, pickup: 11.00, total: 0.66
GlobalTracer.printPidInfo_Info: [5.754] elevatorPidController: Target=   6.0, Input=   8.2, Error=  -2.2, PIDTerms=-0.443/-0.009/ 0.000/ 0.000, Output=-0.452(-1.000/1.000), Volt=12.4(9.2)
GlobalTracer.printPidInfo_Info: [5.810] elevatorPidController: Target=   6.0, Input=   8.2, Error=  -2.2, PIDTerms=-0.443/-0.010/ 0.000/ 0.000, Output=-0.453(-1.000/1.000), Volt=12.4(9.2)
GlobalTracer.PowerUse_Info: Battery - currVoltage: 12.35, lowestVoltage: 9.15
GlobalTracer.PowerUse_Info: Power: pdpTotalCurrent: 10.63 elev: 0.13 winch: 0.00, pickup: 10.88, total: 0.67
GlobalTracer.printPidInfo_Info: [5.891] elevatorPidController: Target=   6.0, Input=   8.2, Error=  -2.2, PIDTerms=-0.443/-0.010/ 0.000/ 0.000, Output=-0.453(-1.000/1.000), Volt=12.4(9.2)
GlobalTracer.printPidInfo_Info: [5.951] elevatorPidController: Target=   6.0, Input=   8.2, Error=  -2.2, PIDTerms=-0.443/-0.010/ 0.000/ 0.000, Output=-0.453(-1.000/1.000), Volt=12.4(9.2)
GlobalTracer.PowerUse_Info: Battery - currVoltage: 12.35, lowestVoltage: 9.15
GlobalTracer.PowerUse_Info: Power: pdpTotalCurrent: 10.63 elev: 0.13 winch: 0.00, pickup: 11.13, total: 0.67
GlobalTracer.printPidInfo_Info: [6.034] elevatorPidController: Target=   6.0, Input=   8.2, Error=  -2.2, PIDTerms=-0.443/-0.010/ 0.000/ 0.000, Output=-0.453(-1.000/1.000), Volt=12.4(9.2)
GlobalTracer.printPidInfo_Info: [6.094] elevatorPidController: Target=   6.0, Input=   8.2, Error=  -2.2, PIDTerms=-0.443/-0.010/ 0.000/ 0.000, Output=-0.453(-1.000/1.000), Volt=12.4(9.2)
GlobalTracer.PowerUse_Info: Battery - currVoltage: 12.35, lowestVoltage: 9.15
GlobalTracer.PowerUse_Info: Power: pdpTotalCurrent: 10.63 elev: 0.13 winch: 0.00, pickup: 11.00, total: 0.68
GlobalTracer.printPidInfo_Info: [6.163] elevatorPidController: Target=   6.0, Input=   8.2, Error=  -2.2, PIDTerms=-0.443/-0.010/ 0.000/ 0.000, Output=-0.453(-1.000/1.000), Volt=12.4(9.2)
GlobalTracer.printPidInfo_Info: [6.226] elevatorPidController: Target=   6.0, Input=   8.2, Error=  -2.2, PIDTerms=-0.443/-0.010/ 0.000/ 0.000, Output=-0.453(-1.000/1.000), Volt=12.4(9.2)
GlobalTracer.PowerUse_Info: Battery - currVoltage: 12.40, lowestVoltage: 9.15
GlobalTracer.PowerUse_Info: Power: pdpTotalCurrent: 10.63 elev: 0.13 winch: 0.00, pickup: 11.13, total: 0.68
GlobalTracer.printPidInfo_Info: [6.308] elevatorPidController: Target=   6.0, Input=   8.2, Error=  -2.2, PIDTerms=-0.443/-0.011/ 0.000/ 0.000, Output=-0.454(-1.000/1.000), Volt=12.5(9.2)
GlobalTracer.printPidInfo_Info: [6.367] elevatorPidController: Target=   6.0, Input=   8.2, Error=  -2.2, PIDTerms=-0.443/-0.011/ 0.000/ 0.000, Output=-0.454(-1.000/1.000), Volt=12.4(9.2)
GlobalTracer.PowerUse_Info: Battery - currVoltage: 12.40, lowestVoltage: 9.15
GlobalTracer.PowerUse_Info: Power: pdpTotalCurrent: 10.38 elev: 0.13 winch: 0.00, pickup: 11.00, total: 0.69
GlobalTracer.printPidInfo_Info: [6.453] elevatorPidController: Target=   6.0, Input=   8.2, Error=  -2.2, PIDTerms=-0.443/-0.011/ 0.000/ 0.000, Output=-0.454(-1.000/1.000), Volt=12.5(9.2)
GlobalTracer.printPidInfo_Info: [6.497] elevatorPidController: Target=   6.0, Input=   8.2, Error=  -2.2, PIDTerms=-0.443/-0.011/ 0.000/ 0.000, Output=-0.454(-1.000/1.000), Volt=12.4(9.2)
GlobalTracer.PowerUse_Info: Battery - currVoltage: 12.40, lowestVoltage: 9.15
GlobalTracer.PowerUse_Info: Power: pdpTotalCurrent: 10.63 elev: 0.13 winch: 0.00, pickup: 11.00, total: 0.69
GlobalTracer.printPidInfo_Info: [6.586] elevatorPidController: Target=   6.0, Input=   8.2, Error=  -2.2, PIDTerms=-0.443/-0.011/ 0.000/ 0.000, Output=-0.454(-1.000/1.000), Volt=12.4(9.2)
GlobalTracer.printPidInfo_Info: [6.643] elevatorPidController: Target=   6.0, Input=   8.2, Error=  -2.2, PIDTerms=-0.443/-0.011/ 0.000/ 0.000, Output=-0.454(-1.000/1.000), Volt=12.4(9.2)
GlobalTracer.PowerUse_Info: Battery - currVoltage: 12.35, lowestVoltage: 9.15
GlobalTracer.PowerUse_Info: Power: pdpTotalCurrent: 10.63 elev: 0.13 winch: 0.00, pickup: 11.00, total: 0.70
GlobalTracer.printPidInfo_Info: [6.731] elevatorPidController: Target=   6.0, Input=   8.2, Error=  -2.2, PIDTerms=-0.443/-0.012/ 0.000/ 0.000, Output=-0.455(-1.000/1.000), Volt=12.4(9.2)
GlobalTracer.printPidInfo_Info: [6.787] elevatorPidController: Target=   6.0, Input=   8.2, Error=  -2.2, PIDTerms=-0.443/-0.012/ 0.000/ 0.000, Output=-0.455(-1.000/1.000), Volt=12.4(9.2)
GlobalTracer.PowerUse_Info: Battery - currVoltage: 12.40, lowestVoltage: 9.15
GlobalTracer.PowerUse_Info: Power: pdpTotalCurrent: 10.25 elev: 0.13 winch: 0.00, pickup: 10.88, total: 0.70
GlobalTracer.printPidInfo_Info: [6.873] elevatorPidController: Target=   6.0, Input=   8.2, Error=  -2.2, PIDTerms=-0.443/-0.012/ 0.000/ 0.000, Output=-0.455(-1.000/1.000), Volt=12.4(9.2)
GlobalTracer.printPidInfo_Info: [6.914] elevatorPidController: Target=   6.0, Input=   8.2, Error=  -2.2, PIDTerms=-0.443/-0.012/ 0.000/ 0.000, Output=-0.455(-1.000/1.000), Volt=12.3(9.2)
GlobalTracer.PowerUse_Info: Battery - currVoltage: 12.35, lowestVoltage: 9.15
GlobalTracer.PowerUse_Info: Power: pdpTotalCurrent: 10.50 elev: 0.13 winch: 0.00, pickup: 11.00, total: 0.71
GlobalTracer.printPidInfo_Info: [6.990] elevatorPidController: Target=   6.0, Input=   8.2, Error=  -2.2, PIDTerms=-0.443/-0.012/ 0.000/ 0.000, Output=-0.455(-1.000/1.000), Volt=12.4(9.2)
GlobalTracer.printPidInfo_Info: [7.047] elevatorPidController: Target=   6.0, Input=   8.2, Error=  -2.2, PIDTerms=-0.443/-0.012/ 0.000/ 0.000, Output=-0.455(-1.000/1.000), Volt=12.4(9.2)
GlobalTracer.PowerUse_Info: Battery - currVoltage: 12.40, lowestVoltage: 9.15
GlobalTracer.PowerUse_Info: Power: pdpTotalCurrent: 10.50 elev: 0.13 winch: 0.00, pickup: 11.00, total: 0.71
GlobalTracer.printPidInfo_Info: [7.127] elevatorPidController: Target=   6.0, Input=   8.2, Error=  -2.2, PIDTerms=-0.443/-0.013/ 0.000/ 0.000, Output=-0.456(-1.000/1.000), Volt=12.4(9.2)
GlobalTracer.printPidInfo_Info: [7.174] elevatorPidController: Target=   6.0, Input=   8.2, Error=  -2.2, PIDTerms=-0.443/-0.013/ 0.000/ 0.000, Output=-0.456(-1.000/1.000), Volt=12.4(9.2)
GlobalTracer.PowerUse_Info: Battery - currVoltage: 12.35, lowestVoltage: 9.15
GlobalTracer.PowerUse_Info: Power: pdpTotalCurrent: 10.38 elev: 0.13 winch: 0.00, pickup: 11.00, total: 0.72
GlobalTracer.printPidInfo_Info: [7.252] elevatorPidController: Target=   6.0, Input=   8.2, Error=  -2.2, PIDTerms=-0.443/-0.013/ 0.000/ 0.000, Output=-0.456(-1.000/1.000), Volt=12.4(9.2)
GlobalTracer.printPidInfo_Info: [7.307] elevatorPidController: Target=   6.0, Input=   8.2, Error=  -2.2, PIDTerms=-0.443/-0.013/ 0.000/ 0.000, Output=-0.456(-1.000/1.000), Volt=12.4(9.2)
GlobalTracer.PowerUse_Info: Battery - currVoltage: 12.40, lowestVoltage: 9.15
GlobalTracer.PowerUse_Info: Power: pdpTotalCurrent: 10.13 elev: 0.13 winch: 0.00, pickup: 10.75, total: 0.72
GlobalTracer.printPidInfo_Info: [7.366] elevatorPidController: Target=   6.0, Input=   8.2, Error=  -2.2, PIDTerms=-0.443/-0.013/ 0.000/ 0.000, Output=-0.456(-1.000/1.000), Volt=12.4(9.2)
GlobalTracer.printPidInfo_Info: [7.438] elevatorPidController: Target=   6.0, Input=   8.2, Error=  -2.2, PIDTerms=-0.443/-0.013/ 0.000/ 0.000, Output=-0.456(-1.000/1.000), Volt=12.4(9.2)
GlobalTracer.PowerUse_Info: Battery - currVoltage: 12.40, lowestVoltage: 9.15
GlobalTracer.PowerUse_Info: Power: pdpTotalCurrent: 10.50 elev: 0.13 winch: 0.00, pickup: 11.00, total: 0.73
GlobalTracer.printPidInfo_Info: [7.511] elevatorPidController: Target=   6.0, Input=   8.2, Error=  -2.2, PIDTerms=-0.443/-0.013/ 0.000/ 0.000, Output=-0.456(-1.000/1.000), Volt=12.4(9.2)
GlobalTracer.printPidInfo_Info: [7.571] elevatorPidController: Target=   6.0, Input=   8.2, Error=  -2.2, PIDTerms=-0.443/-0.013/ 0.000/ 0.000, Output=-0.456(-1.000/1.000), Volt=12.4(9.2)
GlobalTracer.PowerUse_Info: Battery - currVoltage: 12.35, lowestVoltage: 9.15
GlobalTracer.PowerUse_Info: Power: pdpTotalCurrent: 10.38 elev: 0.13 winch: 0.00, pickup: 11.00, total: 0.73
GlobalTracer.printPidInfo_Info: [7.656] elevatorPidController: Target=   6.0, Input=   8.2, Error=  -2.2, PIDTerms=-0.443/-0.014/ 0.000/ 0.000, Output=-0.457(-1.000/1.000), Volt=12.3(9.2)
GlobalTracer.printPidInfo_Info: [7.717] elevatorPidController: Target=   6.0, Input=   8.2, Error=  -2.2, PIDTerms=-0.443/-0.014/ 0.000/ 0.000, Output=-0.457(-1.000/1.000), Volt=12.4(9.2)
GlobalTracer.PowerUse_Info: Battery - currVoltage: 12.40, lowestVoltage: 9.15
GlobalTracer.PowerUse_Info: Power: pdpTotalCurrent: 10.50 elev: 0.13 winch: 0.00, pickup: 10.75, total: 0.74
GlobalTracer.printPidInfo_Info: [7.808] elevatorPidController: Target=   6.0, Input=   8.2, Error=  -2.2, PIDTerms=-0.443/-0.014/ 0.000/ 0.000, Output=-0.457(-1.000/1.000), Volt=12.4(9.2)
GlobalTracer.printPidInfo_Info: [7.861] elevatorPidController: Target=   6.0, Input=   8.2, Error=  -2.2, PIDTerms=-0.443/-0.014/ 0.000/ 0.000, Output=-0.457(-1.000/1.000), Volt=12.4(9.2)
GlobalTracer.PowerUse_Info: Battery - currVoltage: 12.35, lowestVoltage: 9.15
GlobalTracer.PowerUse_Info: Power: pdpTotalCurrent: 10.38 elev: 0.13 winch: 0.00, pickup: 11.00, total: 0.74
GlobalTracer.printPidInfo_Info: [7.955] elevatorPidController: Target=   6.0, Input=   8.2, Error=  -2.2, PIDTerms=-0.443/-0.014/ 0.000/ 0.000, Output=-0.457(-1.000/1.000), Volt=12.4(9.2)
GlobalTracer.PowerUse_Info: Battery - currVoltage: 12.40, lowestVoltage: 9.15
GlobalTracer.PowerUse_Info: Power: pdpTotalCurrent: 10.38 elev: 0.13 winch: 0.00, pickup: 11.13, total: 0.74
GlobalTracer.printPidInfo_Info: [8.033] elevatorPidController: Target=   6.0, Input=   8.2, Error=  -2.2, PIDTerms=-0.443/-0.015/ 0.000/ 0.000, Output=-0.458(-1.000/1.000), Volt=12.4(9.2)
GlobalTracer.printPidInfo_Info: [8.091] elevatorPidController: Target=   6.0, Input=   8.2, Error=  -2.2, PIDTerms=-0.443/-0.015/ 0.000/ 0.000, Output=-0.458(-1.000/1.000), Volt=12.4(9.2)
GlobalTracer.PowerUse_Info: Battery - currVoltage: 12.40, lowestVoltage: 9.15
GlobalTracer.PowerUse_Info: Power: pdpTotalCurrent: 10.63 elev: 0.13 winch: 0.00, pickup: 11.00, total: 0.75
GlobalTracer.printPidInfo_Info: [8.170] elevatorPidController: Target=   6.0, Input=   8.2, Error=  -2.2, PIDTerms=-0.443/-0.015/ 0.000/ 0.000, Output=-0.458(-1.000/1.000), Volt=12.4(9.2)
GlobalTracer.printPidInfo_Info: [8.226] elevatorPidController: Target=   6.0, Input=   8.2, Error=  -2.2, PIDTerms=-0.443/-0.015/ 0.000/ 0.000, Output=-0.458(-1.000/1.000), Volt=12.4(9.2)
GlobalTracer.PowerUse_Info: Battery - currVoltage: 12.45, lowestVoltage: 9.15
GlobalTracer.PowerUse_Info: Power: pdpTotalCurrent: 10.25 elev: 0.13 winch: 0.00, pickup: 10.88, total: 0.75
GlobalTracer.printPidInfo_Info: [8.306] elevatorPidController: Target=   6.0, Input=   8.2, Error=  -2.2, PIDTerms=-0.443/-0.015/ 0.000/ 0.000, Output=-0.458(-1.000/1.000), Volt=12.4(9.2)
GlobalTracer.printPidInfo_Info: [8.363] elevatorPidController: Target=   6.0, Input=   8.2, Error=  -2.2, PIDTerms=-0.443/-0.015/ 0.000/ 0.000, Output=-0.458(-1.000/1.000), Volt=12.4(9.2)
GlobalTracer.PowerUse_Info: Battery - currVoltage: 12.50, lowestVoltage: 9.15
GlobalTracer.PowerUse_Info: Power: pdpTotalCurrent: 10.25 elev: 0.13 winch: 0.00, pickup: 10.75, total: 0.76
GlobalTracer.printPidInfo_Info: [8.446] elevatorPidController: Target=   6.0, Input=   8.2, Error=  -2.2, PIDTerms=-0.443/-0.015/ 0.000/ 0.000, Output=-0.458(-1.000/1.000), Volt=12.4(9.2)
GlobalTracer.printPidInfo_Info: [8.503] elevatorPidController: Target=   6.0, Input=   8.2, Error=  -2.2, PIDTerms=-0.443/-0.016/ 0.000/ 0.000, Output=-0.459(-1.000/1.000), Volt=12.4(9.2)
GlobalTracer.PowerUse_Info: Battery - currVoltage: 12.40, lowestVoltage: 9.15
GlobalTracer.PowerUse_Info: Power: pdpTotalCurrent: 10.25 elev: 0.13 winch: 0.00, pickup: 10.88, total: 0.76
GlobalTracer.printPidInfo_Info: [8.594] elevatorPidController: Target=   6.0, Input=   8.2, Error=  -2.2, PIDTerms=-0.443/-0.016/ 0.000/ 0.000, Output=-0.459(-1.000/1.000), Volt=12.4(9.2)
GlobalTracer.printPidInfo_Info: [8.648] elevatorPidController: Target=   6.0, Input=   8.2, Error=  -2.2, PIDTerms=-0.443/-0.016/ 0.000/ 0.000, Output=-0.459(-1.000/1.000), Volt=12.4(9.2)
GlobalTracer.PowerUse_Info: Battery - currVoltage: 12.40, lowestVoltage: 9.15
GlobalTracer.PowerUse_Info: Power: pdpTotalCurrent: 10.25 elev: 0.13 winch: 0.00, pickup: 10.88, total: 0.77
GlobalTracer.printPidInfo_Info: [8.734] elevatorPidController: Target=   6.0, Input=   8.2, Error=  -2.2, PIDTerms=-0.443/-0.016/ 0.000/ 0.000, Output=-0.459(-1.000/1.000), Volt=12.4(9.2)
GlobalTracer.printPidInfo_Info: [8.800] elevatorPidController: Target=   6.0, Input=   8.2, Error=  -2.2, PIDTerms=-0.443/-0.016/ 0.000/ 0.000, Output=-0.459(-1.000/1.000), Volt=12.4(9.2)
GlobalTracer.PowerUse_Info: Battery - currVoltage: 12.35, lowestVoltage: 9.15
GlobalTracer.PowerUse_Info: Power: pdpTotalCurrent: 10.13 elev: 0.13 winch: 0.00, pickup: 11.00, total: 0.77
GlobalTracer.printPidInfo_Info: [8.874] elevatorPidController: Target=   6.0, Input=   8.2, Error=  -2.2, PIDTerms=-0.443/-0.016/ 0.000/ 0.000, Output=-0.459(-1.000/1.000), Volt=12.4(9.2)
GlobalTracer.printPidInfo_Info: [8.931] elevatorPidController: Target=   6.0, Input=   8.2, Error=  -2.2, PIDTerms=-0.443/-0.017/ 0.000/ 0.000, Output=-0.460(-1.000/1.000), Volt=12.4(9.2)
GlobalTracer.PowerUse_Info: Battery - currVoltage: 12.40, lowestVoltage: 9.15
GlobalTracer.PowerUse_Info: Power: pdpTotalCurrent: 10.25 elev: 0.13 winch: 0.00, pickup: 11.00, total: 0.78
GlobalTracer.printPidInfo_Info: [9.023] elevatorPidController: Target=   6.0, Input=   8.2, Error=  -2.2, PIDTerms=-0.443/-0.017/ 0.000/ 0.000, Output=-0.460(-1.000/1.000), Volt=12.3(9.2)
GlobalTracer.printPidInfo_Info: [9.084] elevatorPidController: Target=   6.0, Input=   8.2, Error=  -2.2, PIDTerms=-0.443/-0.017/ 0.000/ 0.000, Output=-0.460(-1.000/1.000), Volt=12.4(9.2)
GlobalTracer.PowerUse_Info: Battery - currVoltage: 12.35, lowestVoltage: 9.15
GlobalTracer.PowerUse_Info: Power: pdpTotalCurrent: 10.38 elev: 0.13 winch: 0.00, pickup: 10.88, total: 0.78
GlobalTracer.printPidInfo_Info: [9.155] elevatorPidController: Target=   6.0, Input=   8.2, Error=  -2.2, PIDTerms=-0.443/-0.017/ 0.000/ 0.000, Output=-0.460(-1.000/1.000), Volt=12.4(9.2)
GlobalTracer.printPidInfo_Info: [9.215] elevatorPidController: Target=   6.0, Input=   8.2, Error=  -2.2, PIDTerms=-0.443/-0.017/ 0.000/ 0.000, Output=-0.460(-1.000/1.000), Volt=12.5(9.2)
GlobalTracer.PowerUse_Info: Battery - currVoltage: 12.40, lowestVoltage: 9.15
GlobalTracer.PowerUse_Info: Power: pdpTotalCurrent: 10.25 elev: 0.13 winch: 0.00, pickup: 10.88, total: 0.79
GlobalTracer.printPidInfo_Info: [9.302] elevatorPidController: Target=   6.0, Input=   8.2, Error=  -2.2, PIDTerms=-0.443/-0.017/ 0.000/ 0.000, Output=-0.460(-1.000/1.000), Volt=12.5(9.2)
GlobalTracer.printPidInfo_Info: [9.374] elevatorPidController: Target=   6.0, Input=   8.2, Error=  -2.2, PIDTerms=-0.443/-0.017/ 0.000/ 0.000, Output=-0.460(-1.000/1.000), Volt=12.5(9.2)
GlobalTracer.PowerUse_Info: Battery - currVoltage: 12.45, lowestVoltage: 9.15
GlobalTracer.PowerUse_Info: Power: pdpTotalCurrent: 10.38 elev: 0.13 winch: 0.00, pickup: 10.88, total: 0.79
GlobalTracer.printPidInfo_Info: [9.461] elevatorPidController: Target=   6.0, Input=   8.2, Error=  -2.2, PIDTerms=-0.443/-0.018/ 0.000/ 0.000, Output=-0.461(-1.000/1.000), Volt=12.4(9.2)
GlobalTracer.printPidInfo_Info: [9.512] elevatorPidController: Target=   6.0, Input=   8.2, Error=  -2.2, PIDTerms=-0.443/-0.018/ 0.000/ 0.000, Output=-0.461(-1.000/1.000), Volt=12.4(9.2)
GlobalTracer.PowerUse_Info: Battery - currVoltage: 12.35, lowestVoltage: 9.15
GlobalTracer.PowerUse_Info: Power: pdpTotalCurrent: 10.38 elev: 0.13 winch: 0.00, pickup: 11.00, total: 0.80
GlobalTracer.printPidInfo_Info: [9.576] elevatorPidController: Target=   6.0, Input=   8.2, Error=  -2.2, PIDTerms=-0.443/-0.018/ 0.000/ 0.000, Output=-0.461(-1.000/1.000), Volt=12.4(9.2)
GlobalTracer.printPidInfo_Info: [9.642] elevatorPidController: Target=   6.0, Input=   8.2, Error=  -2.2, PIDTerms=-0.443/-0.018/ 0.000/ 0.000, Output=-0.461(-1.000/1.000), Volt=12.4(9.2)
GlobalTracer.PowerUse_Info: Battery - currVoltage: 12.40, lowestVoltage: 9.15
GlobalTracer.PowerUse_Info: Power: pdpTotalCurrent: 10.25 elev: 0.13 winch: 0.00, pickup: 11.00, total: 0.80
GlobalTracer.printPidInfo_Info: [9.720] elevatorPidController: Target=   6.0, Input=   8.2, Error=  -2.2, PIDTerms=-0.443/-0.018/ 0.000/ 0.000, Output=-0.461(-1.000/1.000), Volt=12.4(9.2)
GlobalTracer.printPidInfo_Info: [9.779] elevatorPidController: Target=   6.0, Input=   8.2, Error=  -2.2, PIDTerms=-0.443/-0.018/ 0.000/ 0.000, Output=-0.461(-1.000/1.000), Volt=12.4(9.2)
GlobalTracer.PowerUse_Info: Battery - currVoltage: 12.40, lowestVoltage: 9.15
GlobalTracer.PowerUse_Info: Power: pdpTotalCurrent: 10.25 elev: 0.13 winch: 0.00, pickup: 11.00, total: 0.81
GlobalTracer.printPidInfo_Info: [9.871] elevatorPidController: Target=   6.0, Input=   8.2, Error=  -2.2, PIDTerms=-0.443/-0.019/ 0.000/ 0.000, Output=-0.462(-1.000/1.000), Volt=12.4(9.2)
GlobalTracer.printPidInfo_Info: [9.931] elevatorPidController: Target=   6.0, Input=   8.2, Error=  -2.2, PIDTerms=-0.443/-0.019/ 0.000/ 0.000, Output=-0.462(-1.000/1.000), Volt=12.4(9.2)
GlobalTracer.PowerUse_Info: Battery - currVoltage: 12.35, lowestVoltage: 9.15
GlobalTracer.PowerUse_Info: Power: pdpTotalCurrent: 10.13 elev: 0.13 winch: 0.00, pickup: 10.88, total: 0.81
GlobalTracer.printPidInfo_Info: [10.011] elevatorPidController: Target=   6.0, Input=   8.2, Error=  -2.2, PIDTerms=-0.443/-0.019/ 0.000/ 0.000, Output=-0.462(-1.000/1.000), Volt=12.4(9.2)
GlobalTracer.printPidInfo_Info: [10.067] elevatorPidController: Target=   6.0, Input=   8.2, Error=  -2.2, PIDTerms=-0.443/-0.019/ 0.000/ 0.000, Output=-0.462(-1.000/1.000), Volt=12.4(9.2)
GlobalTracer.PowerUse_Info: Battery - currVoltage: 12.40, lowestVoltage: 9.15
GlobalTracer.PowerUse_Info: Power: pdpTotalCurrent: 10.25 elev: 0.13 winch: 0.00, pickup: 10.75, total: 0.82
GlobalTracer.printPidInfo_Info: [10.150] elevatorPidController: Target=   6.0, Input=   8.2, Error=  -2.2, PIDTerms=-0.443/-0.019/ 0.000/ 0.000, Output=-0.462(-1.000/1.000), Volt=12.4(9.2)
GlobalTracer.printPidInfo_Info: [10.210] elevatorPidController: Target=   6.0, Input=   8.2, Error=  -2.2, PIDTerms=-0.443/-0.019/ 0.000/ 0.000, Output=-0.462(-1.000/1.000), Volt=12.4(9.2)
GlobalTracer.PowerUse_Info: Battery - currVoltage: 12.40, lowestVoltage: 9.15
GlobalTracer.PowerUse_Info: Power: pdpTotalCurrent: 10.13 elev: 0.13 winch: 0.00, pickup: 11.00, total: 0.82
GlobalTracer.printPidInfo_Info: [10.294] elevatorPidController: Target=   6.0, Input=   8.2, Error=  -2.2, PIDTerms=-0.443/-0.020/ 0.000/ 0.000, Output=-0.463(-1.000/1.000), Volt=12.4(9.2)
GlobalTracer.printPidInfo_Info: [10.334] elevatorPidController: Target=   6.0, Input=   8.2, Error=  -2.2, PIDTerms=-0.443/-0.020/ 0.000/ 0.000, Output=-0.463(-1.000/1.000), Volt=12.4(9.2)
GlobalTracer.PowerUse_Info: Battery - currVoltage: 12.40, lowestVoltage: 9.15
GlobalTracer.PowerUse_Info: Power: pdpTotalCurrent: 10.13 elev: 0.13 winch: 0.00, pickup: 10.88, total: 0.83
GlobalTracer.printPidInfo_Info: [10.411] elevatorPidController: Target=   6.0, Input=   8.2, Error=  -2.2, PIDTerms=-0.443/-0.020/ 0.000/ 0.000, Output=-0.463(-1.000/1.000), Volt=12.4(9.2)
GlobalTracer.printPidInfo_Info: [10.474] elevatorPidController: Target=   6.0, Input=   8.2, Error=  -2.2, PIDTerms=-0.443/-0.020/ 0.000/ 0.000, Output=-0.463(-1.000/1.000), Volt=12.4(9.2)
GlobalTracer.PowerUse_Info: Battery - currVoltage: 12.40, lowestVoltage: 9.15
GlobalTracer.PowerUse_Info: Power: pdpTotalCurrent: 10.38 elev: 0.13 winch: 0.00, pickup: 10.88, total: 0.83
GlobalTracer.printPidInfo_Info: [10.554] elevatorPidController: Target=   6.0, Input=   8.2, Error=  -2.2, PIDTerms=-0.443/-0.020/ 0.000/ 0.000, Output=-0.463(-1.000/1.000), Volt=12.4(9.2)
GlobalTracer.printPidInfo_Info: [10.597] elevatorPidController: Target=   6.0, Input=   8.2, Error=  -2.2, PIDTerms=-0.443/-0.020/ 0.000/ 0.000, Output=-0.463(-1.000/1.000), Volt=12.4(9.2)
GlobalTracer.PowerUse_Info: Battery - currVoltage: 12.40, lowestVoltage: 9.15
GlobalTracer.PowerUse_Info: Power: pdpTotalCurrent: 10.25 elev: 0.13 winch: 0.00, pickup: 10.88, total: 0.84
GlobalTracer.printPidInfo_Info: [10.687] elevatorPidController: Target=   6.0, Input=   8.2, Error=  -2.2, PIDTerms=-0.443/-0.020/ 0.000/ 0.000, Output=-0.463(-1.000/1.000), Volt=12.4(9.2)
GlobalTracer.printPidInfo_Info: [10.729] elevatorPidController: Target=   6.0, Input=   8.2, Error=  -2.2, PIDTerms=-0.443/-0.020/ 0.000/ 0.000, Output=-0.463(-1.000/1.000), Volt=12.4(9.2)
GlobalTracer.PowerUse_Info: Battery - currVoltage: 12.40, lowestVoltage: 9.15
GlobalTracer.PowerUse_Info: Power: pdpTotalCurrent: 10.13 elev: 0.13 winch: 0.00, pickup: 11.00, total: 0.84
GlobalTracer.printPidInfo_Info: [10.818] elevatorPidController: Target=   6.0, Input=   8.2, Error=  -2.2, PIDTerms=-0.443/-0.021/ 0.000/ 0.000, Output=-0.464(-1.000/1.000), Volt=12.4(9.2)
GlobalTracer.printPidInfo_Info: [10.874] elevatorPidController: Target=   6.0, Input=   8.2, Error=  -2.2, PIDTerms=-0.443/-0.021/ 0.000/ 0.000, Output=-0.464(-1.000/1.000), Volt=12.4(9.2)
GlobalTracer.PowerUse_Info: Battery - currVoltage: 12.40, lowestVoltage: 9.15
GlobalTracer.PowerUse_Info: Power: pdpTotalCurrent: 10.25 elev: 0.13 winch: 0.00, pickup: 11.00, total: 0.85
GlobalTracer.printPidInfo_Info: [10.953] elevatorPidController: Target=   6.0, Input=   8.2, Error=  -2.2, PIDTerms=-0.443/-0.021/ 0.000/ 0.000, Output=-0.464(-1.000/1.000), Volt=12.4(9.2)
GlobalTracer.printPidInfo_Info: [11.011] elevatorPidController: Target=   6.0, Input=   8.2, Error=  -2.2, PIDTerms=-0.443/-0.021/ 0.000/ 0.000, Output=-0.464(-1.000/1.000), Volt=12.4(9.2)
GlobalTracer.PowerUse_Info: Battery - currVoltage: 12.40, lowestVoltage: 9.15
GlobalTracer.PowerUse_Info: Power: pdpTotalCurrent: 10.00 elev: 0.13 winch: 0.00, pickup: 10.63, total: 0.85
GlobalTracer.printPidInfo_Info: [11.109] elevatorPidController: Target=   6.0, Input=   8.2, Error=  -2.2, PIDTerms=-0.443/-0.021/ 0.000/ 0.000, Output=-0.464(-1.000/1.000), Volt=12.4(9.2)
GlobalTracer.PowerUse_Info: Battery - currVoltage: 12.40, lowestVoltage: 9.15
GlobalTracer.PowerUse_Info: Power: pdpTotalCurrent: 10.25 elev: 0.13 winch: 0.00, pickup: 10.88, total: 0.86
GlobalTracer.printPidInfo_Info: [11.189] elevatorPidController: Target=   6.0, Input=   8.2, Error=  -2.2, PIDTerms=-0.443/-0.022/ 0.000/ 0.000, Output=-0.464(-1.000/1.000), Volt=12.4(9.2)
GlobalTracer.printPidInfo_Info: [11.249] elevatorPidController: Target=   6.0, Input=   8.2, Error=  -2.2, PIDTerms=-0.443/-0.022/ 0.000/ 0.000, Output=-0.465(-1.000/1.000), Volt=12.4(9.2)
GlobalTracer.PowerUse_Info: Battery - currVoltage: 12.40, lowestVoltage: 9.15
GlobalTracer.PowerUse_Info: Power: pdpTotalCurrent: 10.00 elev: 0.13 winch: 0.00, pickup: 10.88, total: 0.86
GlobalTracer.printPidInfo_Info: [11.331] elevatorPidController: Target=   6.0, Input=   8.2, Error=  -2.2, PIDTerms=-0.443/-0.022/ 0.000/ 0.000, Output=-0.465(-1.000/1.000), Volt=12.5(9.2)
GlobalTracer.printPidInfo_Info: [11.391] elevatorPidController: Target=   6.0, Input=   8.2, Error=  -2.2, PIDTerms=-0.443/-0.022/ 0.000/ 0.000, Output=-0.465(-1.000/1.000), Volt=12.4(9.2)
GlobalTracer.PowerUse_Info: Battery - currVoltage: 12.40, lowestVoltage: 9.15
GlobalTracer.PowerUse_Info: Power: pdpTotalCurrent: 10.25 elev: 0.13 winch: 0.00, pickup: 10.75, total: 0.87
GlobalTracer.printPidInfo_Info: [11.469] elevatorPidController: Target=   6.0, Input=   8.2, Error=  -2.2, PIDTerms=-0.443/-0.022/ 0.000/ 0.000, Output=-0.465(-1.000/1.000), Volt=12.5(9.2)
GlobalTracer.printPidInfo_Info: [11.520] elevatorPidController: Target=   6.0, Input=   8.2, Error=  -2.2, PIDTerms=-0.443/-0.022/ 0.000/ 0.000, Output=-0.465(-1.000/1.000), Volt=12.5(9.2)
GlobalTracer.PowerUse_Info: Battery - currVoltage: 12.40, lowestVoltage: 9.15
GlobalTracer.PowerUse_Info: Power: pdpTotalCurrent: 10.13 elev: 0.13 winch: 0.00, pickup: 10.75, total: 0.87
GlobalTracer.printPidInfo_Info: [11.610] elevatorPidController: Target=   6.0, Input=   8.2, Error=  -2.2, PIDTerms=-0.443/-0.022/ 0.000/ 0.000, Output=-0.465(-1.000/1.000), Volt=12.4(9.2)
GlobalTracer.printPidInfo_Info: [11.677] elevatorPidController: Target=   6.0, Input=   8.2, Error=  -2.2, PIDTerms=-0.443/-0.023/ 0.000/ 0.000, Output=-0.466(-1.000/1.000), Volt=12.4(9.2)
GlobalTracer.PowerUse_Info: Battery - currVoltage: 12.40, lowestVoltage: 9.15
GlobalTracer.PowerUse_Info: Power: pdpTotalCurrent: 10.13 elev: 0.13 winch: 0.00, pickup: 11.00, total: 0.88
GlobalTracer.printPidInfo_Info: [11.755] elevatorPidController: Target=   6.0, Input=   8.2, Error=  -2.2, PIDTerms=-0.443/-0.023/ 0.000/ 0.000, Output=-0.466(-1.000/1.000), Volt=12.4(9.2)
GlobalTracer.printPidInfo_Info: [11.825] elevatorPidController: Target=   6.0, Input=   8.2, Error=  -2.2, PIDTerms=-0.443/-0.023/ 0.000/ 0.000, Output=-0.466(-1.000/1.000), Volt=12.4(9.2)
GlobalTracer.PowerUse_Info: Battery - currVoltage: 12.40, lowestVoltage: 9.15
GlobalTracer.PowerUse_Info: Power: pdpTotalCurrent: 10.25 elev: 0.13 winch: 0.00, pickup: 11.00, total: 0.88
GlobalTracer.printPidInfo_Info: [11.893] elevatorPidController: Target=   6.0, Input=   8.2, Error=  -2.2, PIDTerms=-0.443/-0.023/ 0.000/ 0.000, Output=-0.466(-1.000/1.000), Volt=12.4(9.2)
GlobalTracer.printPidInfo_Info: [11.957] elevatorPidController: Target=   6.0, Input=   8.2, Error=  -2.2, PIDTerms=-0.443/-0.023/ 0.000/ 0.000, Output=-0.466(-1.000/1.000), Volt=12.4(9.2)
GlobalTracer.PowerUse_Info: Battery - currVoltage: 12.35, lowestVoltage: 9.15
GlobalTracer.PowerUse_Info: Power: pdpTotalCurrent: 10.25 elev: 0.13 winch: 0.00, pickup: 10.63, total: 0.88
GlobalTracer.printPidInfo_Info: [12.046] elevatorPidController: Target=   6.0, Input=   8.2, Error=  -2.2, PIDTerms=-0.443/-0.023/ 0.000/ 0.000, Output=-0.466(-1.000/1.000), Volt=12.4(9.2)
GlobalTracer.printPidInfo_Info: [12.105] elevatorPidController: Target=   6.0, Input=   8.2, Error=  -2.2, PIDTerms=-0.443/-0.024/ 0.000/ 0.000, Output=-0.467(-1.000/1.000), Volt=12.4(9.2)
GlobalTracer.PowerUse_Info: Battery - currVoltage: 12.40, lowestVoltage: 9.15
GlobalTracer.PowerUse_Info: Power: pdpTotalCurrent: 10.13 elev: 0.13 winch: 0.00, pickup: 10.88, total: 0.89
GlobalTracer.printPidInfo_Info: [12.190] elevatorPidController: Target=   6.0, Input=   8.2, Error=  -2.2, PIDTerms=-0.443/-0.024/ 0.000/ 0.000, Output=-0.467(-1.000/1.000), Volt=12.4(9.2)
GlobalTracer.printPidInfo_Info: [12.251] elevatorPidController: Target=   6.0, Input=   8.2, Error=  -2.2, PIDTerms=-0.443/-0.024/ 0.000/ 0.000, Output=-0.467(-1.000/1.000), Volt=12.4(9.2)
GlobalTracer.PowerUse_Info: Battery - currVoltage: 12.45, lowestVoltage: 9.15
GlobalTracer.PowerUse_Info: Power: pdpTotalCurrent: 10.13 elev: 0.13 winch: 0.00, pickup: 10.75, total: 0.90
GlobalTracer.printPidInfo_Info: [12.339] elevatorPidController: Target=   6.0, Input=   8.2, Error=  -2.2, PIDTerms=-0.443/-0.024/ 0.000/ 0.000, Output=-0.467(-1.000/1.000), Volt=12.4(9.2)
GlobalTracer.printPidInfo_Info: [12.397] elevatorPidController: Target=   6.0, Input=   8.2, Error=  -2.2, PIDTerms=-0.443/-0.024/ 0.000/ 0.000, Output=-0.467(-1.000/1.000), Volt=12.4(9.2)
GlobalTracer.PowerUse_Info: Battery - currVoltage: 12.45, lowestVoltage: 9.15
GlobalTracer.PowerUse_Info: Power: pdpTotalCurrent: 10.13 elev: 0.13 winch: 0.00, pickup: 10.88, total: 0.90
GlobalTracer.printPidInfo_Info: [12.469] elevatorPidController: Target=   6.0, Input=   8.2, Error=  -2.2, PIDTerms=-0.443/-0.024/ 0.000/ 0.000, Output=-0.467(-1.000/1.000), Volt=12.4(9.2)
GlobalTracer.printPidInfo_Info: [12.525] elevatorPidController: Target=   6.0, Input=   8.2, Error=  -2.2, PIDTerms=-0.443/-0.024/ 0.000/ 0.000, Output=-0.467(-1.000/1.000), Volt=12.4(9.2)
GlobalTracer.PowerUse_Info: Battery - currVoltage: 12.45, lowestVoltage: 9.15
GlobalTracer.PowerUse_Info: Power: pdpTotalCurrent: 10.25 elev: 0.13 winch: 0.00, pickup: 10.88, total: 0.90
GlobalTracer.printPidInfo_Info: [12.609] elevatorPidController: Target=   6.0, Input=   8.2, Error=  -2.2, PIDTerms=-0.443/-0.025/ 0.000/ 0.000, Output=-0.468(-1.000/1.000), Volt=12.4(9.2)
GlobalTracer.printPidInfo_Info: [12.665] elevatorPidController: Target=   6.0, Input=   8.2, Error=  -2.2, PIDTerms=-0.443/-0.025/ 0.000/ 0.000, Output=-0.468(-1.000/1.000), Volt=12.4(9.2)
GlobalTracer.PowerUse_Info: Battery - currVoltage: 12.35, lowestVoltage: 9.15
GlobalTracer.PowerUse_Info: Power: pdpTotalCurrent: 10.13 elev: 0.13 winch: 0.00, pickup: 10.75, total: 0.91
GlobalTracer.printPidInfo_Info: [12.741] elevatorPidController: Target=   6.0, Input=   8.2, Error=  -2.2, PIDTerms=-0.443/-0.025/ 0.000/ 0.000, Output=-0.468(-1.000/1.000), Volt=12.4(9.2)
GlobalTracer.printPidInfo_Info: [12.806] elevatorPidController: Target=   6.0, Input=   8.2, Error=  -2.2, PIDTerms=-0.443/-0.025/ 0.000/ 0.000, Output=-0.468(-1.000/1.000), Volt=12.4(9.2)
GlobalTracer.PowerUse_Info: Battery - currVoltage: 12.40, lowestVoltage: 9.15
GlobalTracer.PowerUse_Info: Power: pdpTotalCurrent: 10.13 elev: 0.13 winch: 0.00, pickup: 11.00, total: 0.91
GlobalTracer.printPidInfo_Info: [12.891] elevatorPidController: Target=   6.0, Input=   8.2, Error=  -2.2, PIDTerms=-0.443/-0.025/ 0.000/ 0.000, Output=-0.468(-1.000/1.000), Volt=12.4(9.2)
GlobalTracer.printPidInfo_Info: [12.946] elevatorPidController: Target=   6.0, Input=   8.2, Error=  -2.2, PIDTerms=-0.443/-0.025/ 0.000/ 0.000, Output=-0.468(-1.000/1.000), Volt=12.4(9.2)
GlobalTracer.PowerUse_Info: Battery - currVoltage: 12.35, lowestVoltage: 9.15
GlobalTracer.PowerUse_Info: Power: pdpTotalCurrent: 10.13 elev: 0.13 winch: 0.00, pickup: 10.88, total: 0.92
GlobalTracer.printPidInfo_Info: [13.034] elevatorPidController: Target=   6.0, Input=   8.2, Error=  -2.2, PIDTerms=-0.443/-0.026/ 0.000/ 0.000, Output=-0.469(-1.000/1.000), Volt=12.4(9.2)
GlobalTracer.printPidInfo_Info: [13.084] elevatorPidController: Target=   6.0, Input=   8.2, Error=  -2.2, PIDTerms=-0.443/-0.026/ 0.000/ 0.000, Output=-0.469(-1.000/1.000), Volt=12.5(9.2)
GlobalTracer.PowerUse_Info: Battery - currVoltage: 12.45, lowestVoltage: 9.15
GlobalTracer.PowerUse_Info: Power: pdpTotalCurrent: 10.00 elev: 0.13 winch: 0.00, pickup: 10.88, total: 0.92
GlobalTracer.printPidInfo_Info: [13.167] elevatorPidController: Target=   6.0, Input=   8.2, Error=  -2.2, PIDTerms=-0.443/-0.026/ 0.000/ 0.000, Output=-0.469(-1.000/1.000), Volt=12.4(9.2)
GlobalTracer.printPidInfo_Info: [13.217] elevatorPidController: Target=   6.0, Input=   8.2, Error=  -2.2, PIDTerms=-0.443/-0.026/ 0.000/ 0.000, Output=-0.469(-1.000/1.000), Volt=12.4(9.2)
GlobalTracer.PowerUse_Info: Battery - currVoltage: 12.40, lowestVoltage: 9.15
GlobalTracer.PowerUse_Info: Power: pdpTotalCurrent: 10.25 elev: 0.13 winch: 0.00, pickup: 10.88, total: 0.93
GlobalTracer.printPidInfo_Info: [13.293] elevatorPidController: Target=   6.0, Input=   8.2, Error=  -2.2, PIDTerms=-0.443/-0.026/ 0.000/ 0.000, Output=-0.469(-1.000/1.000), Volt=12.4(9.2)
GlobalTracer.printPidInfo_Info: [13.352] elevatorPidController: Target=   6.0, Input=   8.2, Error=  -2.2, PIDTerms=-0.443/-0.026/ 0.000/ 0.000, Output=-0.469(-1.000/1.000), Volt=12.4(9.2)
GlobalTracer.PowerUse_Info: Battery - currVoltage: 12.45, lowestVoltage: 9.15
GlobalTracer.PowerUse_Info: Power: pdpTotalCurrent: 10.38 elev: 0.13 winch: 0.00, pickup: 11.00, total: 0.93
GlobalTracer.printPidInfo_Info: [13.433] elevatorPidController: Target=   6.0, Input=   8.2, Error=  -2.2, PIDTerms=-0.443/-0.026/ 0.000/ 0.000, Output=-0.469(-1.000/1.000), Volt=12.4(9.2)
GlobalTracer.printPidInfo_Info: [13.486] elevatorPidController: Target=   6.0, Input=   8.2, Error=  -2.2, PIDTerms=-0.443/-0.027/ 0.000/ 0.000, Output=-0.470(-1.000/1.000), Volt=12.4(9.2)
GlobalTracer.PowerUse_Info: Battery - currVoltage: 12.40, lowestVoltage: 9.15
GlobalTracer.PowerUse_Info: Power: pdpTotalCurrent: 10.13 elev: 0.13 winch: 0.00, pickup: 11.00, total: 0.94
GlobalTracer.printPidInfo_Info: [13.573] elevatorPidController: Target=   6.0, Input=   8.2, Error=  -2.2, PIDTerms=-0.443/-0.027/ 0.000/ 0.000, Output=-0.470(-1.000/1.000), Volt=12.4(9.2)
GlobalTracer.printPidInfo_Info: [13.624] elevatorPidController: Target=   6.0, Input=   8.2, Error=  -2.2, PIDTerms=-0.443/-0.027/ 0.000/ 0.000, Output=-0.470(-1.000/1.000), Volt=12.4(9.2)
GlobalTracer.PowerUse_Info: Battery - currVoltage: 12.35, lowestVoltage: 9.15
GlobalTracer.PowerUse_Info: Power: pdpTotalCurrent: 10.00 elev: 0.13 winch: 0.00, pickup: 10.88, total: 0.94
GlobalTracer.printPidInfo_Info: [13.714] elevatorPidController: Target=   6.0, Input=   8.2, Error=  -2.2, PIDTerms=-0.443/-0.027/ 0.000/ 0.000, Output=-0.470(-1.000/1.000), Volt=12.4(9.2)
GlobalTracer.printPidInfo_Info: [13.763] elevatorPidController: Target=   6.0, Input=   8.2, Error=  -2.2, PIDTerms=-0.443/-0.027/ 0.000/ 0.000, Output=-0.470(-1.000/1.000), Volt=12.4(9.2)
GlobalTracer.PowerUse_Info: Battery - currVoltage: 12.40, lowestVoltage: 9.15
GlobalTracer.PowerUse_Info: Power: pdpTotalCurrent: 10.25 elev: 0.13 winch: 0.00, pickup: 11.00, total: 0.95
GlobalTracer.printPidInfo_Info: [13.849] elevatorPidController: Target=   6.0, Input=   8.2, Error=  -2.2, PIDTerms=-0.443/-0.027/ 0.000/ 0.000, Output=-0.470(-1.000/1.000), Volt=12.4(9.2)
GlobalTracer.printPidInfo_Info: [13.895] elevatorPidController: Target=   6.0, Input=   8.2, Error=  -2.2, PIDTerms=-0.443/-0.027/ 0.000/ 0.000, Output=-0.470(-1.000/1.000), Volt=12.4(9.2)
GlobalTracer.PowerUse_Info: Battery - currVoltage: 12.35, lowestVoltage: 9.15
GlobalTracer.PowerUse_Info: Power: pdpTotalCurrent: 10.13 elev: 0.13 winch: 0.00, pickup: 11.00, total: 0.95
GlobalTracer.printPidInfo_Info: [13.968] elevatorPidController: Target=   6.0, Input=   8.2, Error=  -2.2, PIDTerms=-0.443/-0.028/ 0.000/ 0.000, Output=-0.471(-1.000/1.000), Volt=12.4(9.2)
GlobalTracer.printPidInfo_Info: [14.008] elevatorPidController: Target=   6.0, Input=   8.2, Error=  -2.2, PIDTerms=-0.443/-0.028/ 0.000/ 0.000, Output=-0.471(-1.000/1.000), Volt=12.4(9.2)
GlobalTracer.PowerUse_Info: Battery - currVoltage: 12.40, lowestVoltage: 9.15
GlobalTracer.PowerUse_Info: Power: pdpTotalCurrent: 10.13 elev: 0.13 winch: 0.00, pickup: 10.63, total: 0.96
GlobalTracer.printPidInfo_Info: [14.073] elevatorPidController: Target=   6.0, Input=   8.2, Error=  -2.2, PIDTerms=-0.443/-0.028/ 0.000/ 0.000, Output=-0.471(-1.000/1.000), Volt=12.4(9.2)
GlobalTracer.printPidInfo_Info: [14.118] elevatorPidController: Target=   6.0, Input=   8.2, Error=  -2.2, PIDTerms=-0.443/-0.028/ 0.000/ 0.000, Output=-0.471(-1.000/1.000), Volt=12.4(9.2)
GlobalTracer.PowerUse_Info: Battery - currVoltage: 12.40, lowestVoltage: 9.15
GlobalTracer.PowerUse_Info: Power: pdpTotalCurrent: 10.00 elev: 0.13 winch: 0.00, pickup: 11.00, total: 0.96
GlobalTracer.printPidInfo_Info: [14.197] elevatorPidController: Target=   6.0, Input=   8.2, Error=  -2.2, PIDTerms=-0.443/-0.028/ 0.000/ 0.000, Output=-0.471(-1.000/1.000), Volt=12.5(9.2)
GlobalTracer.printPidInfo_Info: [14.256] elevatorPidController: Target=   6.0, Input=   8.2, Error=  -2.2, PIDTerms=-0.443/-0.028/ 0.000/ 0.000, Output=-0.471(-1.000/1.000), Volt=12.4(9.2)
GlobalTracer.PowerUse_Info: Battery - currVoltage: 12.40, lowestVoltage: 9.15
GlobalTracer.PowerUse_Info: Power: pdpTotalCurrent: 10.13 elev: 0.13 winch: 0.00, pickup: 10.88, total: 0.97
GlobalTracer.printPidInfo_Info: [14.336] elevatorPidController: Target=   6.0, Input=   8.2, Error=  -2.2, PIDTerms=-0.443/-0.028/ 0.000/ 0.000, Output=-0.471(-1.000/1.000), Volt=12.4(9.2)
GlobalTracer.printPidInfo_Info: [14.394] elevatorPidController: Target=   6.0, Input=   8.2, Error=  -2.2, PIDTerms=-0.443/-0.029/ 0.000/ 0.000, Output=-0.472(-1.000/1.000), Volt=12.4(9.2)
GlobalTracer.PowerUse_Info: Battery - currVoltage: 12.45, lowestVoltage: 9.15
GlobalTracer.PowerUse_Info: Power: pdpTotalCurrent: 10.00 elev: 0.13 winch: 0.00, pickup: 10.75, total: 0.97
GlobalTracer.printPidInfo_Info: [14.467] elevatorPidController: Target=   6.0, Input=   8.2, Error=  -2.2, PIDTerms=-0.443/-0.029/ 0.000/ 0.000, Output=-0.472(-1.000/1.000), Volt=12.4(9.2)
GlobalTracer.printPidInfo_Info: [14.510] elevatorPidController: Target=   6.0, Input=   8.2, Error=  -2.2, PIDTerms=-0.443/-0.029/ 0.000/ 0.000, Output=-0.472(-1.000/1.000), Volt=12.4(9.2)
GlobalTracer.PowerUse_Info: Battery - currVoltage: 12.40, lowestVoltage: 9.15
GlobalTracer.PowerUse_Info: Power: pdpTotalCurrent: 10.25 elev: 0.13 winch: 0.00, pickup: 10.88, total: 0.97
GlobalTracer.printPidInfo_Info: [14.592] elevatorPidController: Target=   6.0, Input=   8.2, Error=  -2.2, PIDTerms=-0.443/-0.029/ 0.000/ 0.000, Output=-0.472(-1.000/1.000), Volt=12.4(9.2)
GlobalTracer.printPidInfo_Info: [14.653] elevatorPidController: Target=   6.0, Input=   8.2, Error=  -2.2, PIDTerms=-0.443/-0.029/ 0.000/ 0.000, Output=-0.472(-1.000/1.000), Volt=12.4(9.2)
GlobalTracer.PowerUse_Info: Battery - currVoltage: 12.40, lowestVoltage: 9.15
GlobalTracer.PowerUse_Info: Power: pdpTotalCurrent: 10.25 elev: 0.13 winch: 0.00, pickup: 11.00, total: 0.98
GlobalTracer.printPidInfo_Info: [14.726] elevatorPidController: Target=   6.0, Input=   8.2, Error=  -2.2, PIDTerms=-0.443/-0.029/ 0.000/ 0.000, Output=-0.472(-1.000/1.000), Volt=12.4(9.2)
GlobalTracer.printPidInfo_Info: [14.772] elevatorPidController: Target=   6.0, Input=   8.2, Error=  -2.2, PIDTerms=-0.443/-0.029/ 0.000/ 0.000, Output=-0.472(-1.000/1.000), Volt=12.4(9.2)
GlobalTracer.PowerUse_Info: Battery - currVoltage: 12.40, lowestVoltage: 9.15
GlobalTracer.PowerUse_Info: Power: pdpTotalCurrent: 10.00 elev: 0.13 winch: 0.00, pickup: 10.75, total: 0.98
GlobalTracer.printPidInfo_Info: [14.852] elevatorPidController: Target=   6.0, Input=   8.2, Error=  -2.2, PIDTerms=-0.443/-0.030/ 0.000/ 0.000, Output=-0.473(-1.000/1.000), Volt=12.4(9.2)
GlobalTracer.printPidInfo_Info: [14.914] elevatorPidController: Target=   6.0, Input=   8.2, Error=  -2.2, PIDTerms=-0.443/-0.030/ 0.000/ 0.000, Output=-0.473(-1.000/1.000), Volt=12.4(9.2)
GlobalTracer.PowerUse_Info: Battery - currVoltage: 12.35, lowestVoltage: 9.15
GlobalTracer.PowerUse_Info: Power: pdpTotalCurrent: 10.00 elev: 0.13 winch: 0.00, pickup: 10.88, total: 0.99
GlobalTracer.printPidInfo_Info: [15.001] elevatorPidController: Target=   6.0, Input=   8.2, Error=  -2.2, PIDTerms=-0.443/-0.030/ 0.000/ 0.000, Output=-0.473(-1.000/1.000), Volt=12.4(9.2)
GlobalTracer.printPidInfo_Info: [15.065] elevatorPidController: Target=   6.0, Input=   8.2, Error=  -2.2, PIDTerms=-0.443/-0.030/ 0.000/ 0.000, Output=-0.473(-1.000/1.000), Volt=12.4(9.2)
GlobalTracer.PowerUse_Info: Battery - currVoltage: 12.40, lowestVoltage: 9.15
GlobalTracer.PowerUse_Info: Power: pdpTotalCurrent: 10.13 elev: 0.13 winch: 0.00, pickup: 10.88, total: 0.99
GlobalTracer.printPidInfo_Info: [15.135] elevatorPidController: Target=   6.0, Input=   8.2, Error=  -2.2, PIDTerms=-0.443/-0.030/ 0.000/ 0.000, Output=-0.473(-1.000/1.000), Volt=12.4(9.2)
GlobalTracer.printPidInfo_Info: [15.196] elevatorPidController: Target=   6.0, Input=   8.2, Error=  -2.2, PIDTerms=-0.443/-0.030/ 0.000/ 0.000, Output=-0.473(-1.000/1.000), Volt=12.5(9.2)
GlobalTracer.PowerUse_Info: Battery - currVoltage: 12.35, lowestVoltage: 9.15
GlobalTracer.PowerUse_Info: Power: pdpTotalCurrent: 10.00 elev: 0.13 winch: 0.00, pickup: 10.75, total: 1.00
GlobalTracer.printPidInfo_Info: [15.272] elevatorPidController: Target=   6.0, Input=   8.2, Error=  -2.2, PIDTerms=-0.443/-0.031/ 0.000/ 0.000, Output=-0.474(-1.000/1.000), Volt=12.4(9.2)
GlobalTracer.Diagnostics_Info: ### Diagnostics: left sonar did not change enough and might be unplugged
GlobalTracer.Diagnostics_Info: ### Diagnostics: right sonar did not change enough and might be unplugged
GlobalTracer.Vision_Info: Pixy is disabled!
GlobalTracer.Robot_Info: TotalEnergy=1.001
