GlobalTracer.FirstPowerUp_Info: Sat Mar 24 11:09:37 PDT 2018: ***** Starting autonomous *****
GlobalTracer.FirstPowerUp_Info: WASNO_Qualification_  1 (Blue3) [FMSConnected=true]
GlobalTracer.CmdAutoSwitch_Info: alliance=Blue, gameSpecificMsg=RLR, delay=0.000, fwdDistance=60, startPosition=102.0, flipInFlight=true
GlobalTracer.Vision_Info: Pixy is enabled!
GlobalTracer.Robot_Info: [1.014]   DO_DELAY: xPos=  0.00,yPos=  0.00,heading=   0.0/   0.0,volts=12.7(12.7)
GlobalTracer.startCompetition_Warn: AUTO_MODE takes too long (1.104s)

GlobalTracer.Robot_Info: [1.100] DRIVE_FORWARD_DISTANCE: xPos=  0.00,yPos=  0.00,heading=   0.0/   0.0,volts=12.7(12.7)
GlobalTracer.printPidInfo_Info: [1.100] encoderXPidCtrl: Target=   0.0, Input=   0.0, Error=   0.0, PIDTerms= 0.000/ 0.000/ 0.000/ 0.000, Output= 0.000(-0.700/0.700), Volt=12.7(12.7)
GlobalTracer.printPidInfo_Info: [1.100] encoderYPidCtrl: Target=-129.0, Input=   0.0, Error=-129.0, PIDTerms= 0.000/ 0.000/ 0.000/ 0.000, Output= 0.000(-0.600/0.600), Volt=12.7(12.7)
GlobalTracer.printPidInfo_Info: [1.100] gyroTurnPidCtrl: Target=   0.0, Input=   0.0, Error=   0.0, PIDTerms= 0.000/ 0.000/ 0.000/ 0.000, Output= 0.000(-0.700/0.700), Volt=12.7(12.7)
GlobalTracer.SonarTrigger_Info: [1.209] prevZone=-1, currZone=1, distance=136.23
GlobalTracer.printPidInfo_Info: [1.209] encoderXPidCtrl: Target=   0.0, Input=   0.0, Error=   0.0, PIDTerms= 0.000/ 0.000/ 0.000/ 0.000, Output= 0.000(-0.700/0.700), Volt=11.1(11.1)
GlobalTracer.printPidInfo_Info: [1.209] encoderYPidCtrl: Target=-129.0, Input=   0.0, Error=-129.0, PIDTerms=-3.870/ 0.000/ 0.000/-0.000, Output=-0.600(-0.600/0.600), Volt=11.1(11.1)
GlobalTracer.printPidInfo_Info: [1.209] gyroTurnPidCtrl: Target=   0.0, Input=   0.0, Error=   0.0, PIDTerms= 0.000/ 0.000/ 0.000/ 0.000, Output= 0.000(-0.700/0.700), Volt=11.1(11.1)
GlobalTracer.printPidInfo_Info: [1.252] encoderXPidCtrl: Target=   0.0, Input=  -0.0, Error=   0.0, PIDTerms= 0.006/ 0.000/ 0.010/ 0.000, Output= 0.016(-0.700/0.700), Volt=10.8(10.8)
GlobalTracer.printPidInfo_Info: [1.252] encoderYPidCtrl: Target=-129.0, Input=  -0.5, Error=-128.5, PIDTerms=-3.856/ 0.000/ 0.007/-0.000, Output=-0.600(-0.600/0.600), Volt=10.9(10.8)
GlobalTracer.printPidInfo_Info: [1.252] gyroTurnPidCtrl: Target=   0.0, Input=   0.0, Error=   0.0, PIDTerms= 0.000/ 0.000/ 0.000/ 0.000, Output= 0.000(-0.700/0.700), Volt=10.9(10.8)
GlobalTracer.printPidInfo_Info: [1.316] encoderXPidCtrl: Target=   0.0, Input=  -0.1, Error=   0.1, PIDTerms= 0.021/ 0.000/ 0.022/ 0.000, Output= 0.043(-0.700/0.700), Volt=10.9(10.8)
GlobalTracer.printPidInfo_Info: [1.316] encoderYPidCtrl: Target=-129.0, Input=  -1.2, Error=-127.8, PIDTerms=-3.835/ 0.000/ 0.010/-0.000, Output=-0.600(-0.600/0.600), Volt=10.9(10.8)
GlobalTracer.printPidInfo_Info: [1.316] gyroTurnPidCtrl: Target=   0.0, Input=  -0.1, Error=   0.1, PIDTerms= 0.001/ 0.000/ 0.001/ 0.000, Output= 0.002(-0.700/0.700), Volt=10.9(10.8)
GlobalTracer.printPidInfo_Info: [1.376] encoderXPidCtrl: Target=   0.0, Input=  -0.7, Error=   0.7, PIDTerms= 0.106/ 0.000/ 0.136/ 0.000, Output= 0.242(-0.700/0.700), Volt=10.7(10.8)
GlobalTracer.printPidInfo_Info: [1.376] encoderYPidCtrl: Target=-129.0, Input=  -4.1, Error=-124.9, PIDTerms=-3.748/ 0.000/ 0.047/-0.000, Output=-0.600(-0.600/0.600), Volt=10.7(10.8)
GlobalTracer.printPidInfo_Info: [1.376] gyroTurnPidCtrl: Target=   0.0, Input=  -0.3, Error=   0.3, PIDTerms= 0.004/ 0.000/ 0.004/ 0.000, Output= 0.008(-0.700/0.700), Volt=10.9(10.8)
GlobalTracer.startCompetition_Warn: AUTO_MODE takes too long (0.174s)

GlobalTracer.printPidInfo_Info: [1.552] encoderXPidCtrl: Target=   0.0, Input=  -0.9, Error=   0.9, PIDTerms= 0.140/ 0.000/ 0.028/ 0.000, Output= 0.167(-0.700/0.700), Volt=11.2(10.8)
GlobalTracer.printPidInfo_Info: [1.552] encoderYPidCtrl: Target=-129.0, Input=  -6.5, Error=-122.5, PIDTerms=-3.676/ 0.000/ 0.019/-0.000, Output=-0.600(-0.600/0.600), Volt=11.2(10.8)
GlobalTracer.printPidInfo_Info: [1.552] gyroTurnPidCtrl: Target=   0.0, Input=  -0.7, Error=   0.7, PIDTerms= 0.009/ 0.000/ 0.003/ 0.000, Output= 0.012(-0.700/0.700), Volt=11.2(10.8)
GlobalTracer.printPidInfo_Info: [1.644] encoderXPidCtrl: Target=   0.0, Input=  -0.3, Error=   0.3, PIDTerms= 0.051/ 0.000/-0.062/ 0.000, Output=-0.011(-0.700/0.700), Volt=11.4(10.8)
GlobalTracer.printPidInfo_Info: [1.644] encoderYPidCtrl: Target=-129.0, Input= -15.7, Error=-113.3, PIDTerms=-3.400/ 0.000/ 0.064/-0.000, Output=-0.600(-0.600/0.600), Volt=11.4(10.8)
GlobalTracer.printPidInfo_Info: [1.644] gyroTurnPidCtrl: Target=   0.0, Input=  -0.2, Error=   0.2, PIDTerms= 0.002/ 0.000/-0.004/ 0.000, Output=-0.002(-0.700/0.700), Volt=11.4(10.8)
GlobalTracer.printPidInfo_Info: [1.729] encoderXPidCtrl: Target=   0.0, Input=  -0.0, Error=   0.0, PIDTerms= 0.005/ 0.000/-0.067/ 0.000, Output=-0.062(-0.700/0.700), Volt=11.5(10.8)
GlobalTracer.printPidInfo_Info: [1.729] encoderYPidCtrl: Target=-129.0, Input= -20.7, Error=-108.3, PIDTerms=-3.248/ 0.000/ 0.074/-0.000, Output=-0.600(-0.600/0.600), Volt=11.5(10.8)
GlobalTracer.printPidInfo_Info: [1.729] gyroTurnPidCtrl: Target=   0.0, Input=   0.2, Error=  -0.2, PIDTerms=-0.003/ 0.000/-0.006/ 0.000, Output=-0.009(-0.700/0.700), Volt=11.5(10.8)
GlobalTracer.printPidInfo_Info: [1.819] encoderXPidCtrl: Target=   0.0, Input=  -0.1, Error=   0.1, PIDTerms= 0.016/ 0.000/ 0.011/ 0.000, Output= 0.027(-0.700/0.700), Volt=11.7(10.8)
GlobalTracer.printPidInfo_Info: [1.819] encoderYPidCtrl: Target=-129.0, Input= -26.3, Error=-102.7, PIDTerms=-3.080/ 0.000/ 0.055/-0.000, Output=-0.600(-0.600/0.600), Volt=11.7(10.8)
GlobalTracer.printPidInfo_Info: [1.819] gyroTurnPidCtrl: Target=   0.0, Input=   0.5, Error=  -0.5, PIDTerms=-0.006/ 0.000/-0.002/ 0.000, Output=-0.008(-0.700/0.700), Volt=11.7(10.8)
GlobalTracer.printPidInfo_Info: [1.908] encoderXPidCtrl: Target=   0.0, Input=  -0.3, Error=   0.3, PIDTerms= 0.049/ 0.000/ 0.052/ 0.000, Output= 0.100(-0.700/0.700), Volt=11.7(10.8)
GlobalTracer.printPidInfo_Info: [1.908] encoderYPidCtrl: Target=-129.0, Input= -34.0, Error= -95.0, PIDTerms=-2.850/ 0.000/ 0.121/-0.000, Output=-0.600(-0.600/0.600), Volt=11.7(10.8)
GlobalTracer.printPidInfo_Info: [1.908] gyroTurnPidCtrl: Target=   0.0, Input=   0.7, Error=  -0.7, PIDTerms=-0.008/ 0.000/-0.003/ 0.000, Output=-0.011(-0.700/0.700), Volt=11.7(10.8)
GlobalTracer.printPidInfo_Info: [1.998] encoderXPidCtrl: Target=   0.0, Input=  -0.4, Error=   0.4, PIDTerms= 0.061/ 0.000/ 0.012/ 0.000, Output= 0.073(-0.700/0.700), Volt=11.8(10.8)
GlobalTracer.printPidInfo_Info: [1.998] encoderYPidCtrl: Target=-129.0, Input= -40.5, Error= -88.5, PIDTerms=-2.656/ 0.000/ 0.061/-0.000, Output=-0.600(-0.600/0.600), Volt=11.7(10.8)
GlobalTracer.printPidInfo_Info: [1.998] gyroTurnPidCtrl: Target=   0.0, Input=   0.8, Error=  -0.8, PIDTerms=-0.009/ 0.000/-0.001/ 0.000, Output=-0.011(-0.700/0.700), Volt=11.7(10.8)
GlobalTracer.printPidInfo_Info: [2.078] encoderXPidCtrl: Target=   0.0, Input=  -0.4, Error=   0.4, PIDTerms= 0.057/ 0.000/-0.005/ 0.000, Output= 0.052(-0.700/0.700), Volt=11.8(10.8)
GlobalTracer.printPidInfo_Info: [2.078] encoderYPidCtrl: Target=-129.0, Input= -48.9, Error= -80.1, PIDTerms=-2.404/ 0.000/ 0.102/-0.000, Output=-0.600(-0.600/0.600), Volt=11.8(10.8)
GlobalTracer.printPidInfo_Info: [2.078] gyroTurnPidCtrl: Target=   0.0, Input=   0.9, Error=  -0.9, PIDTerms=-0.011/ 0.000/-0.002/ 0.000, Output=-0.013(-0.700/0.700), Volt=11.8(10.8)
GlobalTracer.printPidInfo_Info: [2.170] encoderXPidCtrl: Target=   0.0, Input=  -0.4, Error=   0.4, PIDTerms= 0.056/ 0.000/-0.002/ 0.000, Output= 0.054(-0.700/0.700), Volt=11.8(10.8)
GlobalTracer.printPidInfo_Info: [2.170] encoderYPidCtrl: Target=-129.0, Input= -55.9, Error= -73.1, PIDTerms=-2.193/ 0.000/ 0.074/-0.000, Output=-0.600(-0.600/0.600), Volt=11.8(10.8)
GlobalTracer.printPidInfo_Info: [2.170] gyroTurnPidCtrl: Target=   0.0, Input=   1.0, Error=  -1.0, PIDTerms=-0.012/ 0.000/-0.001/ 0.000, Output=-0.013(-0.700/0.700), Volt=11.8(10.8)
GlobalTracer.printPidInfo_Info: [2.238] encoderXPidCtrl: Target=   0.0, Input=  -0.4, Error=   0.4, PIDTerms= 0.056/ 0.000/ 0.001/ 0.000, Output= 0.057(-0.700/0.700), Volt=11.9(10.8)
GlobalTracer.printPidInfo_Info: [2.238] encoderYPidCtrl: Target=-129.0, Input= -63.2, Error= -65.8, PIDTerms=-1.974/ 0.000/ 0.115/-0.000, Output=-0.600(-0.600/0.600), Volt=11.9(10.8)
GlobalTracer.printPidInfo_Info: [2.238] gyroTurnPidCtrl: Target=   0.0, Input=   1.1, Error=  -1.1, PIDTerms=-0.014/ 0.000/-0.002/ 0.000, Output=-0.016(-0.700/0.700), Volt=11.9(10.8)
GlobalTracer.printPidInfo_Info: [2.327] encoderXPidCtrl: Target=   0.0, Input=  -0.4, Error=   0.4, PIDTerms= 0.062/ 0.000/ 0.007/ 0.000, Output= 0.069(-0.700/0.700), Volt=11.9(10.8)
GlobalTracer.printPidInfo_Info: [2.327] encoderYPidCtrl: Target=-129.0, Input= -70.6, Error= -58.4, PIDTerms=-1.751/ 0.000/ 0.077/-0.000, Output=-0.600(-0.600/0.600), Volt=11.9(10.8)
GlobalTracer.printPidInfo_Info: [2.327] gyroTurnPidCtrl: Target=   0.0, Input=   1.2, Error=  -1.2, PIDTerms=-0.015/ 0.000/-0.001/ 0.000, Output=-0.016(-0.700/0.700), Volt=11.9(10.8)
GlobalTracer.printPidInfo_Info: [2.398] encoderXPidCtrl: Target=   0.0, Input=  -0.3, Error=   0.3, PIDTerms= 0.051/ 0.000/-0.019/ 0.000, Output= 0.032(-0.700/0.700), Volt=11.9(10.8)
GlobalTracer.printPidInfo_Info: [2.398] encoderYPidCtrl: Target=-129.0, Input= -78.2, Error= -50.8, PIDTerms=-1.523/ 0.000/ 0.122/-0.000, Output=-0.600(-0.600/0.600), Volt=11.9(10.8)
GlobalTracer.printPidInfo_Info: [2.398] gyroTurnPidCtrl: Target=   0.0, Input=   1.3, Error=  -1.3, PIDTerms=-0.016/ 0.000/-0.001/ 0.000, Output=-0.017(-0.700/0.700), Volt=11.9(10.8)
GlobalTracer.printPidInfo_Info: [2.496] encoderXPidCtrl: Target=   0.0, Input=  -0.3, Error=   0.3, PIDTerms= 0.043/ 0.000/-0.007/ 0.000, Output= 0.036(-0.700/0.700), Volt=12.0(10.8)
GlobalTracer.printPidInfo_Info: [2.496] encoderYPidCtrl: Target=-129.0, Input= -86.0, Error= -43.0, PIDTerms=-1.291/ 0.000/ 0.069/-0.000, Output=-0.600(-0.600/0.600), Volt=11.9(10.8)
GlobalTracer.printPidInfo_Info: [2.496] gyroTurnPidCtrl: Target=   0.0, Input=   1.3, Error=  -1.3, PIDTerms=-0.016/ 0.000/ 0.000/ 0.000, Output=-0.016(-0.700/0.700), Volt=11.9(10.8)
GlobalTracer.printPidInfo_Info: [2.583] encoderXPidCtrl: Target=   0.0, Input=  -0.3, Error=   0.3, PIDTerms= 0.052/ 0.000/ 0.012/ 0.000, Output= 0.064(-0.700/0.700), Volt=12.0(10.8)
GlobalTracer.printPidInfo_Info: [2.583] encoderYPidCtrl: Target=-129.0, Input= -95.9, Error= -33.1, PIDTerms=-0.994/ 0.000/ 0.136/-0.000, Output=-0.600(-0.600/0.600), Volt=12.0(10.8)
GlobalTracer.printPidInfo_Info: [2.583] gyroTurnPidCtrl: Target=   0.0, Input=   1.3, Error=  -1.3, PIDTerms=-0.015/ 0.000/ 0.000/ 0.000, Output=-0.015(-0.700/0.700), Volt=12.0(10.8)
GlobalTracer.printPidInfo_Info: [2.677] encoderXPidCtrl: Target=   0.0, Input=  -0.3, Error=   0.3, PIDTerms= 0.048/ 0.000/-0.004/ 0.000, Output= 0.044(-0.700/0.700), Volt=12.0(10.8)
GlobalTracer.printPidInfo_Info: [2.677] encoderYPidCtrl: Target=-129.0, Input=-103.9, Error= -25.1, PIDTerms=-0.753/ 0.000/ 0.080/-0.000, Output=-0.600(-0.600/0.600), Volt=12.0(10.8)
GlobalTracer.printPidInfo_Info: [2.677] gyroTurnPidCtrl: Target=   0.0, Input=   1.2, Error=  -1.2, PIDTerms=-0.014/ 0.000/ 0.001/ 0.000, Output=-0.014(-0.700/0.700), Volt=12.0(10.8)
GlobalTracer.printPidInfo_Info: [2.752] encoderXPidCtrl: Target=   0.0, Input=  -0.3, Error=   0.3, PIDTerms= 0.047/ 0.000/-0.001/ 0.000, Output= 0.047(-0.700/0.700), Volt=12.6(10.8)
GlobalTracer.printPidInfo_Info: [2.752] encoderYPidCtrl: Target=-129.0, Input=-114.0, Error= -15.0, PIDTerms=-0.451/ 0.000/ 0.131/-0.000, Output=-0.320(-0.600/0.600), Volt=12.6(10.8)
GlobalTracer.printPidInfo_Info: [2.752] gyroTurnPidCtrl: Target=   0.0, Input=   1.1, Error=  -1.1, PIDTerms=-0.013/ 0.000/ 0.001/ 0.000, Output=-0.012(-0.700/0.700), Volt=12.6(10.8)
GlobalTracer.printPidInfo_Info: [2.838] encoderXPidCtrl: Target=   0.0, Input=  -0.7, Error=   0.7, PIDTerms= 0.108/ 0.000/ 0.073/ 0.000, Output= 0.181(-0.700/0.700), Volt=12.6(10.8)
GlobalTracer.printPidInfo_Info: [2.838] encoderYPidCtrl: Target=-129.0, Input=-120.6, Error=  -8.4, PIDTerms=-0.253/ 0.000/ 0.079/-0.000, Output=-0.174(-0.600/0.600), Volt=12.6(10.8)
GlobalTracer.printPidInfo_Info: [2.838] gyroTurnPidCtrl: Target=   0.0, Input=   1.1, Error=  -1.1, PIDTerms=-0.013/ 0.000/ 0.000/ 0.000, Output=-0.013(-0.700/0.700), Volt=12.6(10.8)
GlobalTracer.printPidInfo_Info: [2.918] encoderXPidCtrl: Target=   0.0, Input=  -0.0, Error=   0.0, PIDTerms= 0.000/ 0.000/-0.145/ 0.000, Output=-0.145(-0.700/0.700), Volt=12.1(10.8)
GlobalTracer.printPidInfo_Info: [2.918] encoderYPidCtrl: Target=-129.0, Input=-128.8, Error=  -0.2, PIDTerms=-0.005/ 0.000/ 0.111/-0.000, Output= 0.106(-0.600/0.600), Volt=12.0(10.8)
GlobalTracer.printPidInfo_Info: [2.918] gyroTurnPidCtrl: Target=   0.0, Input=   0.9, Error=  -0.9, PIDTerms=-0.010/ 0.000/ 0.003/ 0.000, Output=-0.007(-0.700/0.700), Volt=12.0(10.8)
GlobalTracer.startCompetition_Warn: AUTO_MODE takes too long (0.114s)

GlobalTracer.SonarTrigger_Info: [3.040] prevZone=1, currZone=0, distance=15.52
GlobalTracer.AutoSwitchPeriodic_Info: sonarDistance=14.1, yPos=138.3
GlobalTracer.Robot_Info: [3.040] CHECK_SONAR_DISTANCE: xPos=  0.07,yPos=-138.30,heading=  -0.4/   0.0,volts=11.8(10.8)
GlobalTracer.Robot_Info: [3.101] SONAR_FLIP_CUBE: xPos=  0.19,yPos=-140.16,heading=  -1.1/   0.0,volts=12.5(10.8)
GlobalTracer.Robot_Info: [3.642] SONAR_POSITION_TO_STRAFE: xPos=  0.35,yPos=-150.59,heading=  -1.7/   0.0,volts=12.6(10.8)
GlobalTracer.printPidInfo_Info: [3.642] encoderXPidCtrl: Target=   0.4, Input=   0.6, Error=   0.0, PIDTerms=-0.092/ 0.000/-0.082/ 0.000, Output= 0.000(-0.700/0.700), Volt=12.6(10.8)
GlobalTracer.printPidInfo_Info: [3.642] encoderYPidCtrl: Target=-221.3, Input=-134.2, Error= -70.7, PIDTerms= 0.157/ 0.000/ 0.048/-0.000, Output= 0.000(-0.600/0.600), Volt=12.5(10.8)
GlobalTracer.printPidInfo_Info: [3.642] gyroTurnPidCtrl: Target=   0.0, Input=   0.5, Error=   1.7, PIDTerms=-0.006/ 0.000/ 0.003/ 0.000, Output= 0.000(-0.700/0.700), Volt=12.5(10.8)
GlobalTracer.startCompetition_Warn: AUTO_MODE takes too long (0.100s)

GlobalTracer.printPidInfo_Info: [3.744] encoderXPidCtrl: Target=   0.4, Input=   0.4, Error=   0.0, PIDTerms= 0.000/ 0.000/ 0.000/ 0.000, Output= 0.000(-0.700/0.700), Volt=11.1(10.8)
GlobalTracer.printPidInfo_Info: [3.744] encoderYPidCtrl: Target=-221.3, Input=-150.6, Error= -70.7, PIDTerms=-2.121/ 0.000/ 0.000/-0.000, Output=-0.600(-0.600/0.600), Volt=10.6(10.8)
GlobalTracer.printPidInfo_Info: [3.744] gyroTurnPidCtrl: Target=   0.0, Input=  -1.7, Error=   1.7, PIDTerms= 0.020/ 0.000/ 0.000/ 0.000, Output= 0.020(-0.700/0.700), Volt=10.6(10.8)
GlobalTracer.printPidInfo_Info: [3.836] encoderXPidCtrl: Target=   0.4, Input=   0.3, Error=   0.1, PIDTerms= 0.013/ 0.000/ 0.016/ 0.000, Output= 0.029(-0.700/0.700), Volt=10.9(10.7)
GlobalTracer.printPidInfo_Info: [3.836] encoderYPidCtrl: Target=-221.3, Input=-151.2, Error= -70.1, PIDTerms=-2.103/ 0.000/ 0.008/-0.000, Output=-0.600(-0.600/0.600), Volt=10.9(10.7)
GlobalTracer.printPidInfo_Info: [3.836] gyroTurnPidCtrl: Target=   0.0, Input=  -1.9, Error=   1.9, PIDTerms= 0.023/ 0.000/ 0.003/ 0.000, Output= 0.026(-0.700/0.700), Volt=10.8(10.7)
GlobalTracer.printPidInfo_Info: [3.932] encoderXPidCtrl: Target=   0.4, Input=  -0.3, Error=   0.7, PIDTerms= 0.102/ 0.000/ 0.091/ 0.000, Output= 0.193(-0.700/0.700), Volt=10.6(10.6)
GlobalTracer.printPidInfo_Info: [3.932] encoderYPidCtrl: Target=-221.3, Input=-154.1, Error= -67.2, PIDTerms=-2.016/ 0.000/ 0.030/-0.000, Output=-0.600(-0.600/0.600), Volt=10.6(10.6)
GlobalTracer.printPidInfo_Info: [3.932] gyroTurnPidCtrl: Target=   0.0, Input=  -2.3, Error=   2.3, PIDTerms= 0.028/ 0.000/ 0.004/ 0.000, Output= 0.032(-0.700/0.700), Volt=10.7(10.6)
GlobalTracer.printPidInfo_Info: [3.986] encoderXPidCtrl: Target=   0.4, Input=  -1.0, Error=   1.3, PIDTerms= 0.200/ 0.000/ 0.138/ 0.000, Output= 0.338(-0.700/0.700), Volt=10.4(10.6)
GlobalTracer.printPidInfo_Info: [3.986] encoderYPidCtrl: Target=-221.3, Input=-157.5, Error= -63.7, PIDTerms=-1.912/ 0.000/ 0.049/-0.000, Output=-0.600(-0.600/0.600), Volt=10.4(10.6)
GlobalTracer.printPidInfo_Info: [3.986] gyroTurnPidCtrl: Target=   0.0, Input=  -3.0, Error=   3.0, PIDTerms= 0.035/ 0.000/ 0.009/ 0.000, Output= 0.044(-0.700/0.700), Volt=10.4(10.6)
GlobalTracer.printPidInfo_Info: [4.061] encoderXPidCtrl: Target=   0.4, Input=  -0.8, Error=   1.1, PIDTerms= 0.171/ 0.000/-0.041/ 0.000, Output= 0.130(-0.700/0.700), Volt=11.1(10.3)
GlobalTracer.printPidInfo_Info: [4.061] encoderYPidCtrl: Target=-221.3, Input=-160.2, Error= -61.1, PIDTerms=-1.834/ 0.000/ 0.038/-0.000, Output=-0.600(-0.600/0.600), Volt=11.1(10.3)
GlobalTracer.printPidInfo_Info: [4.061] gyroTurnPidCtrl: Target=   0.0, Input=  -2.7, Error=   2.7, PIDTerms= 0.032/ 0.000/-0.004/ 0.000, Output= 0.029(-0.700/0.700), Volt=11.1(10.3)
GlobalTracer.printPidInfo_Info: [4.123] encoderXPidCtrl: Target=   0.4, Input=  -0.3, Error=   0.6, PIDTerms= 0.091/ 0.000/-0.114/ 0.000, Output=-0.023(-0.700/0.700), Volt=11.5(10.3)
GlobalTracer.printPidInfo_Info: [4.123] encoderYPidCtrl: Target=-221.3, Input=-164.2, Error= -57.0, PIDTerms=-1.711/ 0.000/ 0.058/-0.000, Output=-0.600(-0.600/0.600), Volt=11.3(10.3)
GlobalTracer.printPidInfo_Info: [4.123] gyroTurnPidCtrl: Target=   0.0, Input=  -1.9, Error=   1.9, PIDTerms= 0.023/ 0.000/-0.012/ 0.000, Output= 0.011(-0.700/0.700), Volt=11.3(10.3)
GlobalTracer.printPidInfo_Info: [4.205] encoderXPidCtrl: Target=   0.4, Input=  -0.1, Error=   0.5, PIDTerms= 0.069/ 0.000/-0.031/ 0.000, Output= 0.038(-0.700/0.700), Volt=11.4(10.3)
GlobalTracer.printPidInfo_Info: [4.205] encoderYPidCtrl: Target=-221.3, Input=-167.8, Error= -53.5, PIDTerms=-1.604/ 0.000/ 0.049/-0.000, Output=-0.600(-0.600/0.600), Volt=11.4(10.3)
GlobalTracer.printPidInfo_Info: [4.205] gyroTurnPidCtrl: Target=   0.0, Input=  -1.2, Error=   1.2, PIDTerms= 0.014/ 0.000/-0.010/ 0.000, Output= 0.005(-0.700/0.700), Volt=11.4(10.3)
GlobalTracer.printPidInfo_Info: [4.283] encoderXPidCtrl: Target=   0.4, Input=  -0.2, Error=   0.6, PIDTerms= 0.084/ 0.000/ 0.025/ 0.000, Output= 0.108(-0.700/0.700), Volt=11.5(10.3)
GlobalTracer.printPidInfo_Info: [4.283] encoderYPidCtrl: Target=-221.3, Input=-173.2, Error= -48.1, PIDTerms=-1.444/ 0.000/ 0.086/-0.000, Output=-0.600(-0.600/0.600), Volt=11.5(10.3)
GlobalTracer.printPidInfo_Info: [4.283] gyroTurnPidCtrl: Target=   0.0, Input=  -0.4, Error=   0.4, PIDTerms= 0.004/ 0.000/-0.013/ 0.000, Output=-0.009(-0.700/0.700), Volt=11.5(10.3)
GlobalTracer.startCompetition_Warn: AUTO_MODE takes too long (0.111s)

GlobalTracer.printPidInfo_Info: [4.395] encoderXPidCtrl: Target=   0.4, Input=  -0.2, Error=   0.5, PIDTerms= 0.076/ 0.000/-0.007/ 0.000, Output= 0.069(-0.700/0.700), Volt=11.5(10.3)
GlobalTracer.printPidInfo_Info: [4.395] encoderYPidCtrl: Target=-221.3, Input=-179.0, Error= -42.3, PIDTerms=-1.270/ 0.000/ 0.052/-0.000, Output=-0.600(-0.600/0.600), Volt=11.5(10.3)
GlobalTracer.printPidInfo_Info: [4.395] gyroTurnPidCtrl: Target=   0.0, Input=   0.1, Error=  -0.1, PIDTerms=-0.001/ 0.000/-0.004/ 0.000, Output=-0.005(-0.700/0.700), Volt=11.6(10.3)
GlobalTracer.printPidInfo_Info: [4.482] encoderXPidCtrl: Target=   0.4, Input=  -0.3, Error=   0.7, PIDTerms= 0.102/ 0.000/ 0.026/ 0.000, Output= 0.128(-0.700/0.700), Volt=11.6(10.3)
GlobalTracer.printPidInfo_Info: [4.482] encoderYPidCtrl: Target=-221.3, Input=-187.1, Error= -34.2, PIDTerms=-1.026/ 0.000/ 0.082/-0.000, Output=-0.600(-0.600/0.600), Volt=11.6(10.3)
GlobalTracer.printPidInfo_Info: [4.482] gyroTurnPidCtrl: Target=   0.0, Input=   0.5, Error=  -0.5, PIDTerms=-0.006/ 0.000/-0.004/ 0.000, Output=-0.011(-0.700/0.700), Volt=11.6(10.3)
GlobalTracer.printPidInfo_Info: [4.558] encoderXPidCtrl: Target=   0.4, Input=   0.1, Error=   0.3, PIDTerms= 0.043/ 0.000/-0.075/ 0.000, Output=-0.031(-0.700/0.700), Volt=11.8(10.3)
GlobalTracer.printPidInfo_Info: [4.558] encoderYPidCtrl: Target=-221.3, Input=-195.0, Error= -26.3, PIDTerms=-0.789/ 0.000/ 0.101/-0.000, Output=-0.600(-0.600/0.600), Volt=11.8(10.3)
GlobalTracer.printPidInfo_Info: [4.558] gyroTurnPidCtrl: Target=   0.0, Input=   0.9, Error=  -0.9, PIDTerms=-0.010/ 0.000/-0.004/ 0.000, Output=-0.014(-0.700/0.700), Volt=11.8(10.3)
GlobalTracer.printPidInfo_Info: [4.628] encoderXPidCtrl: Target=   0.4, Input=   0.2, Error=   0.1, PIDTerms= 0.018/ 0.000/-0.035/ 0.000, Output=-0.017(-0.700/0.700), Volt=12.2(10.3)
GlobalTracer.printPidInfo_Info: [4.628] encoderYPidCtrl: Target=-221.3, Input=-201.9, Error= -19.4, PIDTerms=-0.581/ 0.000/ 0.095/-0.000, Output=-0.487(-0.600/0.600), Volt=12.2(10.3)
GlobalTracer.printPidInfo_Info: [4.628] gyroTurnPidCtrl: Target=   0.0, Input=   1.0, Error=  -1.0, PIDTerms=-0.012/ 0.000/-0.002/ 0.000, Output=-0.014(-0.700/0.700), Volt=12.1(10.3)
GlobalTracer.printPidInfo_Info: [4.688] encoderXPidCtrl: Target=   0.4, Input=   0.1, Error=   0.2, PIDTerms= 0.037/ 0.000/ 0.031/ 0.000, Output= 0.068(-0.700/0.700), Volt=12.5(10.3)
GlobalTracer.printPidInfo_Info: [4.688] encoderYPidCtrl: Target=-221.3, Input=-207.4, Error= -13.9, PIDTerms=-0.417/ 0.000/ 0.089/-0.000, Output=-0.328(-0.600/0.600), Volt=12.5(10.3)
GlobalTracer.printPidInfo_Info: [4.688] gyroTurnPidCtrl: Target=   0.0, Input=   1.0, Error=  -1.0, PIDTerms=-0.012/ 0.000/-0.000/ 0.000, Output=-0.013(-0.700/0.700), Volt=12.5(10.3)
GlobalTracer.printPidInfo_Info: [4.754] encoderXPidCtrl: Target=   0.4, Input=   0.0, Error=   0.3, PIDTerms= 0.051/ 0.000/ 0.019/ 0.000, Output= 0.070(-0.700/0.700), Volt=12.5(10.3)
GlobalTracer.printPidInfo_Info: [4.754] encoderYPidCtrl: Target=-221.3, Input=-212.6, Error=  -8.7, PIDTerms=-0.261/ 0.000/ 0.074/-0.000, Output=-0.188(-0.600/0.600), Volt=12.6(10.3)
GlobalTracer.printPidInfo_Info: [4.754] gyroTurnPidCtrl: Target=   0.0, Input=   0.9, Error=  -0.9, PIDTerms=-0.011/ 0.000/ 0.001/ 0.000, Output=-0.010(-0.700/0.700), Volt=12.6(10.3)
GlobalTracer.printPidInfo_Info: [4.818] encoderXPidCtrl: Target=   0.4, Input=  -0.0, Error=   0.4, PIDTerms= 0.060/ 0.000/ 0.018/ 0.000, Output= 0.078(-0.700/0.700), Volt=12.4(10.3)
GlobalTracer.printPidInfo_Info: [4.818] encoderYPidCtrl: Target=-221.3, Input=-218.5, Error=  -2.8, PIDTerms=-0.084/ 0.000/ 0.114/-0.000, Output= 0.030(-0.600/0.600), Volt=12.4(10.3)
GlobalTracer.printPidInfo_Info: [4.818] gyroTurnPidCtrl: Target=   0.0, Input=   0.8, Error=  -0.8, PIDTerms=-0.010/ 0.000/ 0.002/ 0.000, Output=-0.008(-0.700/0.700), Volt=12.4(10.3)
GlobalTracer.printPidInfo_Info: [4.896] encoderXPidCtrl: Target=   0.4, Input=   0.5, Error=  -0.2, PIDTerms=-0.025/ 0.000/-0.096/ 0.000, Output=-0.122(-0.700/0.700), Volt=12.2(10.3)
GlobalTracer.printPidInfo_Info: [4.896] encoderYPidCtrl: Target=-221.3, Input=-222.9, Error=   1.6, PIDTerms= 0.047/ 0.000/ 0.049/-0.000, Output= 0.096(-0.600/0.600), Volt=12.1(10.3)
GlobalTracer.printPidInfo_Info: [4.896] gyroTurnPidCtrl: Target=   0.0, Input=   0.6, Error=  -0.6, PIDTerms=-0.008/ 0.000/ 0.002/ 0.000, Output=-0.005(-0.700/0.700), Volt=12.1(10.3)
GlobalTracer.printPidInfo_Info: [4.977] encoderXPidCtrl: Target=   0.4, Input=   1.2, Error=  -0.8, PIDTerms=-0.127/ 0.000/-0.154/ 0.000, Output=-0.281(-0.700/0.700), Volt=11.4(10.3)
GlobalTracer.printPidInfo_Info: [4.977] encoderYPidCtrl: Target=-221.3, Input=-226.4, Error=   5.1, PIDTerms= 0.153/ 0.000/ 0.054/-0.000, Output= 0.207(-0.600/0.600), Volt=11.5(10.3)
GlobalTracer.printPidInfo_Info: [4.977] gyroTurnPidCtrl: Target=   0.0, Input=  -0.3, Error=   0.3, PIDTerms= 0.003/ 0.000/ 0.014/ 0.000, Output= 0.017(-0.700/0.700), Volt=11.5(10.3)
GlobalTracer.printPidInfo_Info: [5.059] encoderXPidCtrl: Target=   0.4, Input=   1.3, Error=  -1.0, PIDTerms=-0.144/ 0.000/-0.021/ 0.000, Output=-0.165(-0.700/0.700), Volt=11.7(10.3)
GlobalTracer.printPidInfo_Info: [5.059] encoderYPidCtrl: Target=-221.3, Input=-228.7, Error=   7.4, PIDTerms= 0.221/ 0.000/ 0.027/-0.000, Output= 0.249(-0.600/0.600), Volt=11.7(10.3)
GlobalTracer.printPidInfo_Info: [5.059] gyroTurnPidCtrl: Target=   0.0, Input=  -1.7, Error=   1.7, PIDTerms= 0.020/ 0.000/ 0.017/ 0.000, Output= 0.037(-0.700/0.700), Volt=11.7(10.3)
GlobalTracer.printPidInfo_Info: [5.139] encoderXPidCtrl: Target=   0.4, Input=   0.8, Error=  -0.5, PIDTerms=-0.071/ 0.000/ 0.097/ 0.000, Output= 0.026(-0.700/0.700), Volt=11.8(10.3)
GlobalTracer.printPidInfo_Info: [5.139] encoderYPidCtrl: Target=-221.3, Input=-229.9, Error=   8.6, PIDTerms= 0.257/ 0.000/ 0.016/-0.000, Output= 0.273(-0.600/0.600), Volt=11.8(10.3)
GlobalTracer.printPidInfo_Info: [5.139] gyroTurnPidCtrl: Target=   0.0, Input=  -3.0, Error=   3.0, PIDTerms= 0.036/ 0.000/ 0.017/ 0.000, Output= 0.052(-0.700/0.700), Volt=11.8(10.3)
GlobalTracer.printPidInfo_Info: [5.207] encoderXPidCtrl: Target=   0.4, Input=   0.8, Error=  -0.4, PIDTerms=-0.065/ 0.000/ 0.007/ 0.000, Output=-0.059(-0.700/0.700), Volt=11.9(10.3)
GlobalTracer.printPidInfo_Info: [5.207] encoderYPidCtrl: Target=-221.3, Input=-230.6, Error=   9.3, PIDTerms= 0.280/ 0.000/ 0.009/-0.000, Output= 0.289(-0.600/0.600), Volt=11.7(10.3)
GlobalTracer.printPidInfo_Info: [5.207] gyroTurnPidCtrl: Target=   0.0, Input=  -3.6, Error=   3.6, PIDTerms= 0.043/ 0.000/ 0.007/ 0.000, Output= 0.050(-0.700/0.700), Volt=11.7(10.3)
GlobalTracer.printPidInfo_Info: [5.275] encoderXPidCtrl: Target=   0.4, Input=   1.2, Error=  -0.9, PIDTerms=-0.130/ 0.000/-0.115/ 0.000, Output=-0.244(-0.700/0.700), Volt=11.4(10.3)
GlobalTracer.printPidInfo_Info: [5.275] encoderYPidCtrl: Target=-221.3, Input=-230.6, Error=   9.3, PIDTerms= 0.279/ 0.000/-0.000/-0.000, Output= 0.279(-0.600/0.600), Volt=11.4(10.3)
GlobalTracer.printPidInfo_Info: [5.275] gyroTurnPidCtrl: Target=   0.0, Input=  -4.2, Error=   4.2, PIDTerms= 0.050/ 0.000/ 0.011/ 0.000, Output= 0.061(-0.700/0.700), Volt=11.4(10.3)
GlobalTracer.printPidInfo_Info: [5.366] encoderXPidCtrl: Target=   0.4, Input=   1.5, Error=  -1.2, PIDTerms=-0.175/ 0.000/-0.052/ 0.000, Output=-0.227(-0.700/0.700), Volt=11.7(10.3)
GlobalTracer.printPidInfo_Info: [5.366] encoderYPidCtrl: Target=-221.3, Input=-230.1, Error=   8.8, PIDTerms= 0.265/ 0.000/-0.006/-0.000, Output= 0.259(-0.600/0.600), Volt=11.7(10.3)
GlobalTracer.printPidInfo_Info: [5.366] gyroTurnPidCtrl: Target=   0.0, Input=  -4.3, Error=   4.3, PIDTerms= 0.051/ 0.000/ 0.001/ 0.000, Output= 0.053(-0.700/0.700), Volt=11.6(10.3)
GlobalTracer.printPidInfo_Info: [5.437] encoderXPidCtrl: Target=   0.4, Input=   1.5, Error=  -1.1, PIDTerms=-0.167/ 0.000/ 0.011/ 0.000, Output=-0.156(-0.700/0.700), Volt=11.9(10.3)
GlobalTracer.printPidInfo_Info: [5.437] encoderYPidCtrl: Target=-221.3, Input=-229.5, Error=   8.2, PIDTerms= 0.246/ 0.000/-0.008/-0.000, Output= 0.238(-0.600/0.600), Volt=11.9(10.3)
GlobalTracer.printPidInfo_Info: [5.437] gyroTurnPidCtrl: Target=   0.0, Input=  -4.0, Error=   4.0, PIDTerms= 0.048/ 0.000/-0.004/ 0.000, Output= 0.044(-0.700/0.700), Volt=11.9(10.3)
GlobalTracer.printPidInfo_Info: [5.515] encoderXPidCtrl: Target=   0.4, Input=   1.3, Error=  -1.0, PIDTerms=-0.149/ 0.000/ 0.023/ 0.000, Output=-0.126(-0.700/0.700), Volt=12.1(10.3)
GlobalTracer.printPidInfo_Info: [5.515] encoderYPidCtrl: Target=-221.3, Input=-228.2, Error=   7.0, PIDTerms= 0.209/ 0.000/-0.016/-0.000, Output= 0.193(-0.600/0.600), Volt=12.1(10.3)
GlobalTracer.printPidInfo_Info: [5.515] gyroTurnPidCtrl: Target=   0.0, Input=  -3.6, Error=   3.6, PIDTerms= 0.043/ 0.000/-0.005/ 0.000, Output= 0.038(-0.700/0.700), Volt=12.1(10.3)
GlobalTracer.printPidInfo_Info: [5.596] encoderXPidCtrl: Target=   0.4, Input=   1.2, Error=  -0.8, PIDTerms=-0.123/ 0.000/ 0.039/ 0.000, Output=-0.084(-0.700/0.700), Volt=12.3(10.3)
GlobalTracer.printPidInfo_Info: [5.596] encoderYPidCtrl: Target=-221.3, Input=-226.7, Error=   5.4, PIDTerms= 0.162/ 0.000/-0.023/-0.000, Output= 0.139(-0.600/0.600), Volt=12.3(10.3)
GlobalTracer.printPidInfo_Info: [5.596] gyroTurnPidCtrl: Target=   0.0, Input=  -3.2, Error=   3.2, PIDTerms= 0.038/ 0.000/-0.006/ 0.000, Output= 0.032(-0.700/0.700), Volt=12.3(10.3)
GlobalTracer.printPidInfo_Info: [5.689] encoderXPidCtrl: Target=   0.4, Input=   1.1, Error=  -0.7, PIDTerms=-0.105/ 0.000/ 0.019/ 0.000, Output=-0.085(-0.700/0.700), Volt=12.4(10.3)
GlobalTracer.printPidInfo_Info: [5.689] encoderYPidCtrl: Target=-221.3, Input=-225.1, Error=   3.8, PIDTerms= 0.113/ 0.000/-0.018/-0.000, Output= 0.095(-0.600/0.600), Volt=12.4(10.3)
GlobalTracer.printPidInfo_Info: [5.689] gyroTurnPidCtrl: Target=   0.0, Input=  -2.8, Error=   2.8, PIDTerms= 0.034/ 0.000/-0.004/ 0.000, Output= 0.030(-0.700/0.700), Volt=12.4(10.3)
GlobalTracer.printPidInfo_Info: [5.787] encoderXPidCtrl: Target=   0.4, Input=   1.0, Error=  -0.6, PIDTerms=-0.092/ 0.000/ 0.013/ 0.000, Output=-0.079(-0.700/0.700), Volt=12.5(10.3)
GlobalTracer.printPidInfo_Info: [5.787] encoderYPidCtrl: Target=-221.3, Input=-223.3, Error=   2.0, PIDTerms= 0.060/ 0.000/-0.019/-0.000, Output= 0.041(-0.600/0.600), Volt=12.5(10.3)
GlobalTracer.printPidInfo_Info: [5.787] gyroTurnPidCtrl: Target=   0.0, Input=  -2.4, Error=   2.4, PIDTerms= 0.028/ 0.000/-0.005/ 0.000, Output= 0.023(-0.700/0.700), Volt=12.5(10.3)
GlobalTracer.printPidInfo_Info: [5.849] encoderXPidCtrl: Target=   0.4, Input=   0.9, Error=  -0.5, PIDTerms=-0.077/ 0.000/ 0.019/ 0.000, Output=-0.058(-0.700/0.700), Volt=12.5(10.3)
GlobalTracer.printPidInfo_Info: [5.849] encoderYPidCtrl: Target=-221.3, Input=-221.7, Error=   0.5, PIDTerms= 0.014/ 0.000/-0.019/-0.000, Output=-0.006(-0.600/0.600), Volt=12.5(10.3)
GlobalTracer.printPidInfo_Info: [5.849] gyroTurnPidCtrl: Target=   0.0, Input=  -2.1, Error=   2.1, PIDTerms= 0.025/ 0.000/-0.003/ 0.000, Output= 0.022(-0.700/0.700), Volt=12.5(10.3)
GlobalTracer.printPidInfo_Info: [5.938] encoderXPidCtrl: Target=   0.4, Input=   0.8, Error=  -0.4, PIDTerms=-0.066/ 0.000/ 0.015/ 0.000, Output=-0.051(-0.700/0.700), Volt=12.5(10.3)
GlobalTracer.printPidInfo_Info: [5.938] encoderYPidCtrl: Target=-221.3, Input=-220.8, Error=  -0.5, PIDTerms=-0.015/ 0.000/-0.013/-0.000, Output=-0.028(-0.600/0.600), Volt=12.5(10.3)
GlobalTracer.printPidInfo_Info: [5.938] gyroTurnPidCtrl: Target=   0.0, Input=  -2.0, Error=   2.0, PIDTerms= 0.024/ 0.000/-0.002/ 0.000, Output= 0.022(-0.700/0.700), Volt=12.5(10.3)
GlobalTracer.Robot_Info: [6.019] START_STRAFE: xPos=  0.73,yPos=-219.52,heading=  -1.9/   0.0,volts=12.5(10.3)
GlobalTracer.Robot_Info: [6.120] START_VISION_STRAFE: xPos=  0.74,yPos=-219.33,heading=  -2.2/   0.0,volts=12.5(10.3)
GlobalTracer.printPidInfo_Info: [6.100] encoderXPidCtrl: Target=  36.7, Input=   0.8, Error=  36.0, PIDTerms=-0.060/ 0.000/ 0.006/ 0.000, Output= 0.000(-0.450/0.450), Volt=12.5(10.3)
GlobalTracer.printPidInfo_Info: [6.100] encoderYPidCtrl: Target=-219.3, Input=-219.9, Error=   0.0, PIDTerms=-0.041/ 0.000/-0.010/-0.000, Output= 0.000(-0.600/0.600), Volt=12.5(10.3)
GlobalTracer.printPidInfo_Info: [6.100] gyroTurnPidCtrl: Target=   0.0, Input=  -1.7, Error=   2.2, PIDTerms= 0.020/ 0.000/-0.003/ 0.000, Output= 0.000(-0.700/0.700), Volt=12.5(10.3)
GlobalTracer.startCompetition_Warn: AUTO_MODE takes too long (0.117s)

GlobalTracer.getPixyTargetX_Info: Cube not found!
GlobalTracer.printPidInfo_Info: [6.218] encoderXPidCtrl: Target=  36.7, Input=   0.7, Error=  36.0, PIDTerms= 5.400/ 0.000/ 0.000/ 0.000, Output= 0.450(-0.450/0.450), Volt=11.4(10.3)
GlobalTracer.printPidInfo_Info: [6.218] encoderYPidCtrl: Target=-219.3, Input=-219.3, Error=   0.0, PIDTerms= 0.000/ 0.000/ 0.000/-0.000, Output= 0.000(-0.600/0.600), Volt=11.2(10.3)
GlobalTracer.printPidInfo_Info: [6.218] gyroTurnPidCtrl: Target=   0.0, Input=  -2.2, Error=   2.2, PIDTerms= 0.026/ 0.000/ 0.000/ 0.000, Output= 0.026(-0.700/0.700), Volt=11.2(10.3)
GlobalTracer.getPixyTargetX_Info: Cube not found!
GlobalTracer.printPidInfo_Info: [6.301] encoderXPidCtrl: Target=  36.7, Input=   1.1, Error=  35.6, PIDTerms= 5.345/ 0.000/-0.055/ 0.000, Output= 0.450(-0.450/0.450), Volt=11.2(10.3)
GlobalTracer.printPidInfo_Info: [6.301] encoderYPidCtrl: Target=-219.3, Input=-219.3, Error=  -0.0, PIDTerms=-0.001/ 0.000/-0.000/-0.000, Output=-0.001(-0.600/0.600), Volt=11.2(10.3)
GlobalTracer.printPidInfo_Info: [6.301] gyroTurnPidCtrl: Target=   0.0, Input=  -2.0, Error=   2.0, PIDTerms= 0.024/ 0.000/-0.001/ 0.000, Output= 0.023(-0.700/0.700), Volt=11.2(10.3)
GlobalTracer.getPixyTargetX_Info: Cube not found!
GlobalTracer.printPidInfo_Info: [6.380] encoderXPidCtrl: Target=  36.7, Input=   1.8, Error=  34.9, PIDTerms= 5.242/ 0.000/-0.137/ 0.000, Output= 0.450(-0.450/0.450), Volt=11.0(10.3)
GlobalTracer.printPidInfo_Info: [6.380] encoderYPidCtrl: Target=-219.3, Input=-218.9, Error=  -0.4, PIDTerms=-0.012/ 0.000/-0.005/-0.000, Output=-0.016(-0.600/0.600), Volt=11.2(10.3)
GlobalTracer.printPidInfo_Info: [6.380] gyroTurnPidCtrl: Target=   0.0, Input=  -1.8, Error=   1.8, PIDTerms= 0.021/ 0.000/-0.004/ 0.000, Output= 0.018(-0.700/0.700), Volt=11.2(10.3)
GlobalTracer.startCompetition_Warn: AUTO_MODE takes too long (0.102s)

GlobalTracer.getPixyTargetX_Info: Cube not found!
GlobalTracer.printPidInfo_Info: [6.487] encoderXPidCtrl: Target=  36.7, Input=   2.4, Error=  34.3, PIDTerms= 5.149/ 0.000/-0.096/ 0.000, Output= 0.450(-0.450/0.450), Volt=11.1(10.3)
GlobalTracer.printPidInfo_Info: [6.487] encoderYPidCtrl: Target=-219.3, Input=-218.8, Error=  -0.5, PIDTerms=-0.016/ 0.000/-0.002/-0.000, Output=-0.018(-0.600/0.600), Volt=11.1(10.3)
GlobalTracer.printPidInfo_Info: [6.487] gyroTurnPidCtrl: Target=   0.0, Input=  -1.1, Error=   1.1, PIDTerms= 0.013/ 0.000/-0.007/ 0.000, Output= 0.005(-0.700/0.700), Volt=11.2(10.3)
GlobalTracer.getPixyTargetX_Info: Cube not found!
GlobalTracer.printPidInfo_Info: [6.556] encoderXPidCtrl: Target=  36.7, Input=   3.3, Error=  33.4, PIDTerms= 5.009/ 0.000/-0.164/ 0.000, Output= 0.450(-0.450/0.450), Volt=11.2(10.3)
GlobalTracer.printPidInfo_Info: [6.556] encoderYPidCtrl: Target=-219.3, Input=-218.6, Error=  -0.7, PIDTerms=-0.022/ 0.000/-0.002/-0.000, Output=-0.024(-0.600/0.600), Volt=11.2(10.3)
GlobalTracer.printPidInfo_Info: [6.556] gyroTurnPidCtrl: Target=   0.0, Input=   0.3, Error=  -0.3, PIDTerms=-0.003/ 0.000/-0.016/ 0.000, Output=-0.019(-0.700/0.700), Volt=11.2(10.3)
GlobalTracer.startCompetition_Warn: AUTO_MODE takes too long (0.103s)

GlobalTracer.getPixyTargetX_Info: Cube not found!
GlobalTracer.printPidInfo_Info: [6.660] encoderXPidCtrl: Target=  36.7, Input=   4.2, Error=  32.5, PIDTerms= 4.878/ 0.000/-0.189/ 0.000, Output= 0.450(-0.450/0.450), Volt=11.2(10.3)
GlobalTracer.printPidInfo_Info: [6.660] encoderYPidCtrl: Target=-219.3, Input=-218.5, Error=  -0.8, PIDTerms=-0.025/ 0.000/-0.001/-0.000, Output=-0.026(-0.600/0.600), Volt=11.2(10.3)
GlobalTracer.printPidInfo_Info: [6.660] gyroTurnPidCtrl: Target=   0.0, Input=   0.9, Error=  -0.9, PIDTerms=-0.011/ 0.000/-0.009/ 0.000, Output=-0.020(-0.700/0.700), Volt=11.2(10.3)
GlobalTracer.startCompetition_Warn: AUTO_MODE takes too long (0.113s)

GlobalTracer.getPixyTargetX_Info: Cube not found!
GlobalTracer.printPidInfo_Info: [6.778] encoderXPidCtrl: Target=  36.7, Input=   5.1, Error=  31.6, PIDTerms= 4.740/ 0.000/-0.102/ 0.000, Output= 0.450(-0.450/0.450), Volt=11.2(10.3)
GlobalTracer.printPidInfo_Info: [6.778] encoderYPidCtrl: Target=-219.3, Input=-218.5, Error=  -0.8, PIDTerms=-0.024/ 0.000/ 0.000/-0.000, Output=-0.024(-0.600/0.600), Volt=11.2(10.3)
GlobalTracer.printPidInfo_Info: [6.778] gyroTurnPidCtrl: Target=   0.0, Input=   1.3, Error=  -1.3, PIDTerms=-0.015/ 0.000/-0.003/ 0.000, Output=-0.018(-0.700/0.700), Volt=11.2(10.3)
GlobalTracer.startCompetition_Warn: AUTO_MODE takes too long (0.114s)

GlobalTracer.getPixyTargetX_Info: Cube not found!
GlobalTracer.printPidInfo_Info: [6.896] encoderXPidCtrl: Target=  36.7, Input=   6.6, Error=  30.2, PIDTerms= 4.528/ 0.000/-0.184/ 0.000, Output= 0.450(-0.450/0.450), Volt=11.1(10.3)
GlobalTracer.printPidInfo_Info: [6.896] encoderYPidCtrl: Target=-219.3, Input=-218.4, Error=  -0.9, PIDTerms=-0.027/ 0.000/-0.001/-0.000, Output=-0.027(-0.600/0.600), Volt=11.1(10.3)
GlobalTracer.printPidInfo_Info: [6.896] gyroTurnPidCtrl: Target=   0.0, Input=   1.4, Error=  -1.4, PIDTerms=-0.017/ 0.000/-0.001/ 0.000, Output=-0.017(-0.700/0.700), Volt=11.1(10.3)
GlobalTracer.getPixyTargetX_Info: Cube not found!
GlobalTracer.printPidInfo_Info: [6.962] encoderXPidCtrl: Target=  36.7, Input=   8.0, Error=  28.8, PIDTerms= 4.318/ 0.000/-0.251/ 0.000, Output= 0.450(-0.450/0.450), Volt=11.2(10.3)
GlobalTracer.printPidInfo_Info: [6.962] encoderYPidCtrl: Target=-219.3, Input=-218.4, Error=  -1.0, PIDTerms=-0.029/ 0.000/-0.001/-0.000, Output=-0.029(-0.600/0.600), Volt=11.2(10.3)
GlobalTracer.printPidInfo_Info: [6.962] gyroTurnPidCtrl: Target=   0.0, Input=   1.0, Error=  -1.0, PIDTerms=-0.012/ 0.000/ 0.005/ 0.000, Output=-0.007(-0.700/0.700), Volt=11.2(10.3)
GlobalTracer.getPixyTargetX_Info: Cube not found!
GlobalTracer.printPidInfo_Info: [7.055] encoderXPidCtrl: Target=  36.7, Input=   8.7, Error=  28.0, PIDTerms= 4.205/ 0.000/-0.126/ 0.000, Output= 0.450(-0.450/0.450), Volt=11.2(10.3)
GlobalTracer.printPidInfo_Info: [7.055] encoderYPidCtrl: Target=-219.3, Input=-218.2, Error=  -1.1, PIDTerms=-0.033/ 0.000/-0.002/-0.000, Output=-0.034(-0.600/0.600), Volt=11.2(10.3)
GlobalTracer.printPidInfo_Info: [7.055] gyroTurnPidCtrl: Target=   0.0, Input=   0.9, Error=  -0.9, PIDTerms=-0.011/ 0.000/ 0.001/ 0.000, Output=-0.009(-0.700/0.700), Volt=11.2(10.3)
GlobalTracer.getPixyTargetX_Info: Cube not found!
GlobalTracer.printPidInfo_Info: [7.126] encoderXPidCtrl: Target=  36.7, Input=   9.9, Error=  26.9, PIDTerms= 4.028/ 0.000/-0.222/ 0.000, Output= 0.450(-0.450/0.450), Volt=11.2(10.3)
GlobalTracer.printPidInfo_Info: [7.126] encoderYPidCtrl: Target=-219.3, Input=-218.3, Error=  -1.0, PIDTerms=-0.030/ 0.000/ 0.001/-0.000, Output=-0.029(-0.600/0.600), Volt=11.2(10.3)
GlobalTracer.printPidInfo_Info: [7.126] gyroTurnPidCtrl: Target=   0.0, Input=   0.5, Error=  -0.5, PIDTerms=-0.006/ 0.000/ 0.005/ 0.000, Output=-0.001(-0.700/0.700), Volt=11.2(10.3)
GlobalTracer.getPixyTargetX_Info: Cube not found!
GlobalTracer.printPidInfo_Info: [7.210] encoderXPidCtrl: Target=  36.7, Input=  10.7, Error=  26.0, PIDTerms= 3.907/ 0.000/-0.152/ 0.000, Output= 0.450(-0.450/0.450), Volt=11.2(10.3)
GlobalTracer.printPidInfo_Info: [7.210] encoderYPidCtrl: Target=-219.3, Input=-218.2, Error=  -1.1, PIDTerms=-0.032/ 0.000/-0.001/-0.000, Output=-0.033(-0.600/0.600), Volt=11.4(10.3)
GlobalTracer.printPidInfo_Info: [7.210] gyroTurnPidCtrl: Target=   0.0, Input=   0.4, Error=  -0.4, PIDTerms=-0.004/ 0.000/ 0.002/ 0.000, Output=-0.002(-0.700/0.700), Volt=11.4(10.3)
GlobalTracer.getPixyTargetX_Info: Cube not found!
GlobalTracer.printPidInfo_Info: [7.278] encoderXPidCtrl: Target=  36.7, Input=  11.7, Error=  25.0, PIDTerms= 3.756/ 0.000/-0.238/ 0.000, Output= 0.450(-0.450/0.450), Volt=11.2(10.3)
GlobalTracer.printPidInfo_Info: [7.278] encoderYPidCtrl: Target=-219.3, Input=-218.3, Error=  -1.0, PIDTerms=-0.030/ 0.000/ 0.001/-0.000, Output=-0.028(-0.600/0.600), Volt=11.3(10.3)
GlobalTracer.printPidInfo_Info: [7.278] gyroTurnPidCtrl: Target=   0.0, Input=   0.4, Error=  -0.4, PIDTerms=-0.005/ 0.000/-0.000/ 0.000, Output=-0.005(-0.700/0.700), Volt=11.3(10.3)
GlobalTracer.startCompetition_Warn: AUTO_MODE takes too long (0.116s)

GlobalTracer.getPixyTargetX_Info: Cube not found!
GlobalTracer.printPidInfo_Info: [7.397] encoderXPidCtrl: Target=  36.7, Input=  13.0, Error=  23.8, PIDTerms= 3.565/ 0.000/-0.202/ 0.000, Output= 0.450(-0.450/0.450), Volt=11.2(10.3)
GlobalTracer.printPidInfo_Info: [7.397] encoderYPidCtrl: Target=-219.3, Input=-218.3, Error=  -1.0, PIDTerms=-0.031/ 0.000/-0.000/-0.000, Output=-0.031(-0.600/0.600), Volt=11.2(10.3)
GlobalTracer.printPidInfo_Info: [7.397] gyroTurnPidCtrl: Target=   0.0, Input=   0.5, Error=  -0.5, PIDTerms=-0.006/ 0.000/-0.001/ 0.000, Output=-0.008(-0.700/0.700), Volt=11.2(10.3)
GlobalTracer.startCompetition_Warn: AUTO_MODE takes too long (0.100s)

GlobalTracer.getPixyTargetX_Info: Cube not found!
GlobalTracer.printPidInfo_Info: [7.500] encoderXPidCtrl: Target=  36.7, Input=  14.8, Error=  22.0, PIDTerms= 3.294/ 0.000/-0.231/ 0.000, Output= 0.450(-0.450/0.450), Volt=11.1(10.3)
GlobalTracer.printPidInfo_Info: [7.500] encoderYPidCtrl: Target=-219.3, Input=-218.4, Error=  -0.9, PIDTerms=-0.028/ 0.000/ 0.001/-0.000, Output=-0.027(-0.600/0.600), Volt=11.2(10.3)
GlobalTracer.printPidInfo_Info: [7.500] gyroTurnPidCtrl: Target=   0.0, Input=   0.8, Error=  -0.8, PIDTerms=-0.009/ 0.000/-0.002/ 0.000, Output=-0.011(-0.700/0.700), Volt=11.2(10.3)
GlobalTracer.getPixyTargetX_Info: Found cube: x=270.7, y=255.6, angle=46.6
GlobalTracer.VisionTrigger_Info: prevZone=-1, currZone=2, value=270.66
GlobalTracer.printPidInfo_Info: [7.579] encoderXPidCtrl: Target=  36.7, Input=  16.2, Error=  20.6, PIDTerms= 3.083/ 0.000/-0.250/ 0.000, Output= 0.450(-0.450/0.450), Volt=11.1(10.3)
GlobalTracer.printPidInfo_Info: [7.579] encoderYPidCtrl: Target=-219.3, Input=-218.6, Error=  -0.7, PIDTerms=-0.021/ 0.000/ 0.003/-0.000, Output=-0.019(-0.600/0.600), Volt=11.1(10.3)
GlobalTracer.printPidInfo_Info: [7.579] gyroTurnPidCtrl: Target=   0.0, Input=   0.9, Error=  -0.9, PIDTerms=-0.010/ 0.000/-0.001/ 0.000, Output=-0.012(-0.700/0.700), Volt=11.1(10.3)
GlobalTracer.getPixyTargetX_Info: Found cube: x=205.3, y=191.7, angle=47.0
GlobalTracer.printPidInfo_Info: [7.660] encoderXPidCtrl: Target=  36.7, Input=  17.2, Error=  19.5, PIDTerms= 2.925/ 0.000/-0.167/ 0.000, Output= 0.450(-0.450/0.450), Volt=11.1(10.3)
GlobalTracer.printPidInfo_Info: [7.660] encoderYPidCtrl: Target=-219.3, Input=-218.8, Error=  -0.5, PIDTerms=-0.016/ 0.000/ 0.002/-0.000, Output=-0.014(-0.600/0.600), Volt=11.1(10.3)
GlobalTracer.printPidInfo_Info: [7.660] gyroTurnPidCtrl: Target=   0.0, Input=   0.4, Error=  -0.4, PIDTerms=-0.005/ 0.000/ 0.005/ 0.000, Output= 0.000(-0.700/0.700), Volt=11.1(10.3)
GlobalTracer.getPixyTargetX_Info: Found cube: x=149.4, y=143.8, angle=46.1
GlobalTracer.printPidInfo_Info: [7.748] encoderXPidCtrl: Target=  36.7, Input=  18.2, Error=  18.5, PIDTerms= 2.778/ 0.000/-0.183/ 0.000, Output= 0.450(-0.450/0.450), Volt=11.1(10.3)
GlobalTracer.printPidInfo_Info: [7.748] encoderYPidCtrl: Target=-219.3, Input=-219.0, Error=  -0.3, PIDTerms=-0.009/ 0.000/ 0.003/-0.000, Output=-0.006(-0.600/0.600), Volt=11.2(10.3)
GlobalTracer.printPidInfo_Info: [7.748] gyroTurnPidCtrl: Target=   0.0, Input=   0.2, Error=  -0.2, PIDTerms=-0.002/ 0.000/ 0.003/ 0.000, Output= 0.001(-0.700/0.700), Volt=11.2(10.3)
GlobalTracer.startCompetition_Warn: AUTO_MODE takes too long (0.105s)

GlobalTracer.getPixyTargetX_Info: Found cube: x=97.9, y=100.0, angle=44.4
GlobalTracer.printPidInfo_Info: [7.857] encoderXPidCtrl: Target=  36.7, Input=  19.2, Error=  17.5, PIDTerms= 2.627/ 0.000/-0.158/ 0.000, Output= 0.450(-0.450/0.450), Volt=11.2(10.3)
GlobalTracer.printPidInfo_Info: [7.857] encoderYPidCtrl: Target=-219.3, Input=-219.0, Error=  -0.3, PIDTerms=-0.009/ 0.000/-0.000/-0.000, Output=-0.010(-0.600/0.600), Volt=11.2(10.3)
GlobalTracer.printPidInfo_Info: [7.857] gyroTurnPidCtrl: Target=   0.0, Input=   0.1, Error=  -0.1, PIDTerms=-0.002/ 0.000/ 0.000/ 0.000, Output=-0.002(-0.700/0.700), Volt=11.2(10.3)
GlobalTracer.startCompetition_Warn: AUTO_MODE takes too long (0.109s)

GlobalTracer.getPixyTargetX_Info: Found cube: x=81.4, y=82.1, angle=44.7
GlobalTracer.printPidInfo_Info: [7.971] encoderXPidCtrl: Target=  36.7, Input=  20.8, Error=  16.0, PIDTerms= 2.396/ 0.000/-0.192/ 0.000, Output= 0.450(-0.450/0.450), Volt=11.1(10.3)
GlobalTracer.printPidInfo_Info: [7.971] encoderYPidCtrl: Target=-219.3, Input=-219.1, Error=  -0.3, PIDTerms=-0.008/ 0.000/ 0.001/-0.000, Output=-0.007(-0.600/0.600), Volt=11.1(10.3)
GlobalTracer.printPidInfo_Info: [7.971] gyroTurnPidCtrl: Target=   0.0, Input=   0.5, Error=  -0.5, PIDTerms=-0.006/ 0.000/-0.003/ 0.000, Output=-0.009(-0.700/0.700), Volt=11.1(10.3)
GlobalTracer.getPixyTargetX_Info: Found cube: x=60.8, y=63.9, angle=43.6
GlobalTracer.printPidInfo_Info: [8.038] encoderXPidCtrl: Target=  36.7, Input=  22.2, Error=  14.5, PIDTerms= 2.176/ 0.000/-0.279/ 0.000, Output= 0.450(-0.450/0.450), Volt=11.3(10.3)
GlobalTracer.printPidInfo_Info: [8.038] encoderYPidCtrl: Target=-219.3, Input=-218.9, Error=  -0.4, PIDTerms=-0.013/ 0.000/-0.002/-0.000, Output=-0.015(-0.600/0.600), Volt=11.3(10.3)
GlobalTracer.printPidInfo_Info: [8.038] gyroTurnPidCtrl: Target=   0.0, Input=   0.7, Error=  -0.7, PIDTerms=-0.008/ 0.000/-0.003/ 0.000, Output=-0.011(-0.700/0.700), Volt=11.3(10.3)
GlobalTracer.startCompetition_Warn: AUTO_MODE takes too long (0.101s)

GlobalTracer.getPixyTargetX_Info: Found cube: x=57.4, y=62.2, angle=42.7
GlobalTracer.printPidInfo_Info: [8.142] encoderXPidCtrl: Target=  36.7, Input=  23.0, Error=  13.7, PIDTerms= 2.061/ 0.000/-0.130/ 0.000, Output= 0.450(-0.450/0.450), Volt=11.3(10.3)
GlobalTracer.printPidInfo_Info: [8.142] encoderYPidCtrl: Target=-219.3, Input=-219.0, Error=  -0.3, PIDTerms=-0.010/ 0.000/ 0.001/-0.000, Output=-0.010(-0.600/0.600), Volt=11.3(10.3)
GlobalTracer.printPidInfo_Info: [8.142] gyroTurnPidCtrl: Target=   0.0, Input=   0.9, Error=  -0.9, PIDTerms=-0.010/ 0.000/-0.002/ 0.000, Output=-0.012(-0.700/0.700), Volt=11.2(10.3)
GlobalTracer.getPixyTargetX_Info: Found cube: x=50.9, y=56.1, angle=42.2
GlobalTracer.printPidInfo_Info: [8.240] encoderXPidCtrl: Target=  36.7, Input=  24.2, Error=  12.5, PIDTerms= 1.882/ 0.000/-0.171/ 0.000, Output= 0.450(-0.450/0.450), Volt=11.2(10.3)
GlobalTracer.printPidInfo_Info: [8.240] encoderYPidCtrl: Target=-219.3, Input=-218.9, Error=  -0.4, PIDTerms=-0.013/ 0.000/-0.001/-0.000, Output=-0.014(-0.600/0.600), Volt=11.2(10.3)
GlobalTracer.printPidInfo_Info: [8.240] gyroTurnPidCtrl: Target=   0.0, Input=   0.9, Error=  -0.9, PIDTerms=-0.010/ 0.000/-0.000/ 0.000, Output=-0.011(-0.700/0.700), Volt=11.2(10.3)
GlobalTracer.getPixyTargetX_Info: Found cube: x=68.3, y=82.1, angle=39.7
GlobalTracer.printPidInfo_Info: [8.316] encoderXPidCtrl: Target=  36.7, Input=  25.6, Error=  11.2, PIDTerms= 1.677/ 0.000/-0.255/ 0.000, Output= 0.450(-0.450/0.450), Volt=11.1(10.3)
GlobalTracer.printPidInfo_Info: [8.316] encoderYPidCtrl: Target=-219.3, Input=-218.7, Error=  -0.7, PIDTerms=-0.020/ 0.000/-0.003/-0.000, Output=-0.022(-0.600/0.600), Volt=11.1(10.3)
GlobalTracer.printPidInfo_Info: [8.316] gyroTurnPidCtrl: Target=   0.0, Input=   0.8, Error=  -0.8, PIDTerms=-0.010/ 0.000/ 0.000/ 0.000, Output=-0.010(-0.700/0.700), Volt=11.1(10.3)
GlobalTracer.getPixyTargetX_Info: Found cube: x=60.8, y=63.9, angle=43.6
GlobalTracer.printPidInfo_Info: [8.394] encoderXPidCtrl: Target=  36.7, Input=  26.6, Error=  10.1, PIDTerms= 1.520/ 0.000/-0.194/ 0.000, Output= 0.450(-0.450/0.450), Volt=11.3(10.3)
GlobalTracer.printPidInfo_Info: [8.394] encoderYPidCtrl: Target=-219.3, Input=-218.5, Error=  -0.8, PIDTerms=-0.025/ 0.000/-0.002/-0.000, Output=-0.027(-0.600/0.600), Volt=11.3(10.3)
GlobalTracer.printPidInfo_Info: [8.394] gyroTurnPidCtrl: Target=   0.0, Input=   0.8, Error=  -0.8, PIDTerms=-0.010/ 0.000/ 0.000/ 0.000, Output=-0.009(-0.700/0.700), Volt=11.0(10.3)
GlobalTracer.getPixyTargetX_Info: Found cube: x=59.4, y=62.2, angle=43.7
GlobalTracer.printPidInfo_Info: [8.466] encoderXPidCtrl: Target=  36.7, Input=  27.9, Error=   8.9, PIDTerms= 1.333/ 0.000/-0.281/ 0.000, Output= 0.450(-0.450/0.450), Volt=11.3(10.3)
GlobalTracer.printPidInfo_Info: [8.466] encoderYPidCtrl: Target=-219.3, Input=-218.4, Error=  -1.0, PIDTerms=-0.029/ 0.000/-0.002/-0.000, Output=-0.031(-0.600/0.600), Volt=11.3(10.3)
GlobalTracer.printPidInfo_Info: [8.466] gyroTurnPidCtrl: Target=   0.0, Input=   0.6, Error=  -0.6, PIDTerms=-0.008/ 0.000/ 0.002/ 0.000, Output=-0.005(-0.700/0.700), Volt=11.3(10.3)
GlobalTracer.getPixyTargetX_Info: Found cube: x=35.3, y=41.8, angle=40.1
GlobalTracer.printPidInfo_Info: [8.556] encoderXPidCtrl: Target=  36.7, Input=  28.5, Error=   8.3, PIDTerms= 1.239/ 0.000/-0.106/ 0.000, Output= 0.450(-0.450/0.450), Volt=11.1(10.3)
GlobalTracer.printPidInfo_Info: [8.556] encoderYPidCtrl: Target=-219.3, Input=-218.4, Error=  -0.9, PIDTerms=-0.028/ 0.000/ 0.000/-0.000, Output=-0.028(-0.600/0.600), Volt=11.1(10.3)
GlobalTracer.printPidInfo_Info: [8.556] gyroTurnPidCtrl: Target=   0.0, Input=   0.5, Error=  -0.5, PIDTerms=-0.006/ 0.000/ 0.001/ 0.000, Output=-0.005(-0.700/0.700), Volt=11.1(10.3)
GlobalTracer.startCompetition_Warn: AUTO_MODE takes too long (0.106s)

GlobalTracer.getPixyTargetX_Info: Found cube: x=30.6, y=38.3, angle=38.6
GlobalTracer.printPidInfo_Info: [8.663] encoderXPidCtrl: Target=  36.7, Input=  29.7, Error=   7.1, PIDTerms= 1.059/ 0.000/-0.246/ 0.000, Output= 0.450(-0.450/0.450), Volt=11.2(10.3)
GlobalTracer.printPidInfo_Info: [8.663] encoderYPidCtrl: Target=-219.3, Input=-218.5, Error=  -0.9, PIDTerms=-0.026/ 0.000/ 0.001/-0.000, Output=-0.026(-0.600/0.600), Volt=11.2(10.3)
GlobalTracer.printPidInfo_Info: [8.663] gyroTurnPidCtrl: Target=   0.0, Input=   0.6, Error=  -0.6, PIDTerms=-0.008/ 0.000/-0.002/ 0.000, Output=-0.010(-0.700/0.700), Volt=11.2(10.3)
GlobalTracer.startCompetition_Warn: AUTO_MODE takes too long (0.108s)

GlobalTracer.getPixyTargetX_Info: Found cube: x=31.5, y=37.7, angle=39.9
GlobalTracer.printPidInfo_Info: [8.772] encoderXPidCtrl: Target=  36.7, Input=  31.0, Error=   5.7, PIDTerms= 0.862/ 0.000/-0.156/ 0.000, Output= 0.450(-0.450/0.450), Volt=11.2(10.3)
GlobalTracer.printPidInfo_Info: [8.772] encoderYPidCtrl: Target=-219.3, Input=-218.5, Error=  -0.9, PIDTerms=-0.026/ 0.000/ 0.000/-0.000, Output=-0.026(-0.600/0.600), Volt=11.1(10.3)
GlobalTracer.printPidInfo_Info: [8.772] gyroTurnPidCtrl: Target=   0.0, Input=   1.2, Error=  -1.2, PIDTerms=-0.014/ 0.000/-0.004/ 0.000, Output=-0.019(-0.700/0.700), Volt=11.1(10.3)
GlobalTracer.startCompetition_Warn: AUTO_MODE takes too long (0.127s)

GlobalTracer.getPixyTargetX_Info: Found cube: x=25.6, y=34.8, angle=36.3
GlobalTracer.printPidInfo_Info: [8.901] encoderXPidCtrl: Target=  36.7, Input=  32.5, Error=   4.2, PIDTerms= 0.636/ 0.000/-0.178/ 0.000, Output= 0.450(-0.450/0.450), Volt=11.3(10.3)
GlobalTracer.printPidInfo_Info: [8.901] encoderYPidCtrl: Target=-219.3, Input=-218.4, Error=  -0.9, PIDTerms=-0.028/ 0.000/-0.000/-0.000, Output=-0.028(-0.600/0.600), Volt=11.3(10.3)
GlobalTracer.printPidInfo_Info: [8.901] gyroTurnPidCtrl: Target=   0.0, Input=   1.3, Error=  -1.3, PIDTerms=-0.015/ 0.000/-0.000/ 0.000, Output=-0.015(-0.700/0.700), Volt=11.2(10.3)
GlobalTracer.startCompetition_Warn: AUTO_MODE takes too long (0.135s)

GlobalTracer.getPixyTargetX_Info: Found cube: x=34.4, y=53.5, angle=32.8
GlobalTracer.printPidInfo_Info: [9.038] encoderXPidCtrl: Target=  36.7, Input=  34.1, Error=   2.7, PIDTerms= 0.404/ 0.000/-0.166/ 0.000, Output= 0.238(-0.450/0.450), Volt=11.9(10.3)
GlobalTracer.printPidInfo_Info: [9.038] encoderYPidCtrl: Target=-219.3, Input=-218.7, Error=  -0.6, PIDTerms=-0.019/ 0.000/ 0.002/-0.000, Output=-0.017(-0.600/0.600), Volt=11.9(10.3)
GlobalTracer.printPidInfo_Info: [9.038] gyroTurnPidCtrl: Target=   0.0, Input=   0.9, Error=  -0.9, PIDTerms=-0.011/ 0.000/ 0.002/ 0.000, Output=-0.008(-0.700/0.700), Volt=12.0(10.3)
GlobalTracer.startCompetition_Warn: AUTO_MODE takes too long (0.138s)

GlobalTracer.getPixyTargetX_Info: Found cube: x=22.1, y=28.8, angle=37.5
GlobalTracer.printPidInfo_Info: [9.178] encoderXPidCtrl: Target=  36.7, Input=  35.7, Error=   1.1, PIDTerms= 0.161/ 0.000/-0.197/ 0.000, Output=-0.036(-0.450/0.450), Volt=12.4(10.3)
GlobalTracer.printPidInfo_Info: [9.178] encoderYPidCtrl: Target=-219.3, Input=-218.8, Error=  -0.5, PIDTerms=-0.016/ 0.000/ 0.001/-0.000, Output=-0.014(-0.600/0.600), Volt=12.4(10.3)
GlobalTracer.printPidInfo_Info: [9.178] gyroTurnPidCtrl: Target=   0.0, Input=   0.1, Error=  -0.1, PIDTerms=-0.001/ 0.000/ 0.006/ 0.000, Output= 0.005(-0.700/0.700), Volt=12.4(10.3)
GlobalTracer.startCompetition_Warn: AUTO_MODE takes too long (0.132s)

GlobalTracer.getPixyTargetX_Info: Found cube: x=29.3, y=44.2, angle=33.6
GlobalTracer.printPidInfo_Info: [9.311] encoderXPidCtrl: Target=  36.7, Input=  35.9, Error=   0.9, PIDTerms= 0.130/ 0.000/-0.020/ 0.000, Output= 0.110(-0.450/0.450), Volt=12.3(10.3)
GlobalTracer.printPidInfo_Info: [9.311] encoderYPidCtrl: Target=-219.3, Input=-219.2, Error=  -0.1, PIDTerms=-0.003/ 0.000/ 0.003/-0.000, Output= 0.000(-0.600/0.600), Volt=12.3(10.3)
GlobalTracer.printPidInfo_Info: [9.311] gyroTurnPidCtrl: Target=   0.0, Input=  -0.8, Error=   0.8, PIDTerms= 0.009/ 0.000/ 0.006/ 0.000, Output= 0.015(-0.700/0.700), Volt=12.3(10.3)
GlobalTracer.startCompetition_Warn: AUTO_MODE takes too long (0.105s)

GlobalTracer.getPixyTargetX_Info: Found cube: x=59.8, y=63.9, angle=43.1
GlobalTracer.VisionStrafePeriodic_Info: visionEvent=false, driveEvent=true
GlobalTracer.Robot_Info: [9.443] VISION_DONE: xPos= 35.95,yPos=-219.53,heading=  -0.7/   0.0,volts=12.4(10.3)
GlobalTracer.startCompetition_Warn: AUTO_MODE takes too long (0.101s)

GlobalTracer.getPixyTargetX_Info: Found cube: x=33.6, y=50.0, angle=33.9
GlobalTracer.Robot_Info: [9.520] PRECISION_STRAFE: xPos= 35.93,yPos=-219.50,heading=  -0.7/   0.0,volts=12.4(10.3)
GlobalTracer.printPidInfo_Info: [9.520] encoderXPidCtrl: Target=  69.5, Input=  35.9, Error=  33.6, PIDTerms= 0.130/ 0.000/ 0.000/ 0.000, Output= 0.000(-0.450/0.450), Volt=12.4(10.3)
GlobalTracer.printPidInfo_Info: [9.520] encoderYPidCtrl: Target=-219.5, Input=-219.5, Error=   0.0, PIDTerms= 0.004/ 0.000/ 0.002/-0.000, Output= 0.000(-0.600/0.600), Volt=12.4(10.3)
GlobalTracer.printPidInfo_Info: [9.520] gyroTurnPidCtrl: Target=   0.0, Input=  -0.9, Error=   0.7, PIDTerms= 0.010/ 0.000/ 0.001/ 0.000, Output= 0.000(-0.700/0.700), Volt=12.4(10.3)
GlobalTracer.startCompetition_Warn: AUTO_MODE takes too long (0.128s)

GlobalTracer.printPidInfo_Info: [9.650] encoderXPidCtrl: Target=  69.5, Input=  35.9, Error=  33.6, PIDTerms= 5.036/ 0.000/ 0.000/ 0.000, Output= 0.450(-0.450/0.450), Volt=11.1(10.3)
GlobalTracer.printPidInfo_Info: [9.650] encoderYPidCtrl: Target=-219.5, Input=-219.5, Error=   0.0, PIDTerms= 0.000/ 0.000/ 0.000/-0.000, Output= 0.000(-0.600/0.600), Volt=11.1(10.3)
GlobalTracer.printPidInfo_Info: [9.650] gyroTurnPidCtrl: Target=   0.0, Input=  -0.7, Error=   0.7, PIDTerms= 0.009/ 0.000/ 0.000/ 0.000, Output= 0.009(-0.700/0.700), Volt=11.0(10.3)
GlobalTracer.startCompetition_Warn: AUTO_MODE takes too long (0.113s)

GlobalTracer.printPidInfo_Info: [9.764] encoderXPidCtrl: Target=  69.5, Input=  36.2, Error=  33.3, PIDTerms= 4.995/ 0.000/-0.040/ 0.000, Output= 0.450(-0.450/0.450), Volt=11.1(10.3)
GlobalTracer.printPidInfo_Info: [9.764] encoderYPidCtrl: Target=-219.5, Input=-219.4, Error=  -0.1, PIDTerms=-0.002/ 0.000/-0.001/-0.000, Output=-0.003(-0.600/0.600), Volt=11.1(10.3)
GlobalTracer.printPidInfo_Info: [9.764] gyroTurnPidCtrl: Target=   0.0, Input=  -0.7, Error=   0.7, PIDTerms= 0.009/ 0.000/-0.000/ 0.000, Output= 0.008(-0.700/0.700), Volt=11.1(10.3)
GlobalTracer.startCompetition_Warn: AUTO_MODE takes too long (0.135s)

GlobalTracer.printPidInfo_Info: [9.902] encoderXPidCtrl: Target=  69.5, Input=  37.0, Error=  32.5, PIDTerms= 4.880/ 0.000/-0.078/ 0.000, Output= 0.450(-0.450/0.450), Volt=11.1(10.3)
GlobalTracer.printPidInfo_Info: [9.902] encoderYPidCtrl: Target=-219.5, Input=-219.2, Error=  -0.3, PIDTerms=-0.009/ 0.000/-0.002/-0.000, Output=-0.011(-0.600/0.600), Volt=11.1(10.3)
GlobalTracer.printPidInfo_Info: [9.902] gyroTurnPidCtrl: Target=   0.0, Input=   0.0, Error=   0.0, PIDTerms= 0.000/ 0.000/-0.005/ 0.000, Output=-0.005(-0.700/0.700), Volt=11.1(10.3)
GlobalTracer.startCompetition_Warn: AUTO_MODE takes too long (0.153s)

GlobalTracer.printPidInfo_Info: [10.057] encoderXPidCtrl: Target=  69.5, Input=  38.0, Error=  31.5, PIDTerms= 4.725/ 0.000/-0.110/ 0.000, Output= 0.450(-0.450/0.450), Volt=11.0(10.3)
GlobalTracer.printPidInfo_Info: [10.057] encoderYPidCtrl: Target=-219.5, Input=-218.8, Error=  -0.7, PIDTerms=-0.021/ 0.000/-0.003/-0.000, Output=-0.024(-0.600/0.600), Volt=11.1(10.3)
GlobalTracer.printPidInfo_Info: [10.057] gyroTurnPidCtrl: Target=   0.0, Input=   1.4, Error=  -1.4, PIDTerms=-0.016/ 0.000/-0.010/ 0.000, Output=-0.026(-0.700/0.700), Volt=11.1(10.3)
GlobalTracer.startCompetition_Warn: AUTO_MODE takes too long (0.113s)

GlobalTracer.printPidInfo_Info: [10.173] encoderXPidCtrl: Target=  69.5, Input=  39.1, Error=  30.4, PIDTerms= 4.561/ 0.000/-0.129/ 0.000, Output= 0.450(-0.450/0.450), Volt=11.0(10.3)
GlobalTracer.printPidInfo_Info: [10.173] encoderYPidCtrl: Target=-219.5, Input=-218.3, Error=  -1.2, PIDTerms=-0.036/ 0.000/-0.004/-0.000, Output=-0.040(-0.600/0.600), Volt=11.0(10.3)
GlobalTracer.printPidInfo_Info: [10.173] gyroTurnPidCtrl: Target=   0.0, Input=   3.1, Error=  -3.1, PIDTerms=-0.037/ 0.000/-0.013/ 0.000, Output=-0.050(-0.700/0.700), Volt=10.8(10.3)
GlobalTracer.printPidInfo_Info: [10.255] encoderXPidCtrl: Target=  69.5, Input=  39.8, Error=  29.7, PIDTerms= 4.459/ 0.000/-0.095/ 0.000, Output= 0.450(-0.450/0.450), Volt=11.0(10.3)
GlobalTracer.printPidInfo_Info: [10.255] encoderYPidCtrl: Target=-219.5, Input=-218.2, Error=  -1.3, PIDTerms=-0.039/ 0.000/-0.001/-0.000, Output=-0.040(-0.600/0.600), Volt=11.0(10.3)
GlobalTracer.printPidInfo_Info: [10.255] gyroTurnPidCtrl: Target=   0.0, Input=   3.7, Error=  -3.7, PIDTerms=-0.045/ 0.000/-0.006/ 0.000, Output=-0.051(-0.700/0.700), Volt=11.0(10.3)
GlobalTracer.printPidInfo_Info: [10.315] encoderXPidCtrl: Target=  69.5, Input=  40.2, Error=  29.3, PIDTerms= 4.394/ 0.000/-0.093/ 0.000, Output= 0.450(-0.450/0.450), Volt=10.9(10.3)
GlobalTracer.printPidInfo_Info: [10.315] encoderYPidCtrl: Target=-219.5, Input=-218.1, Error=  -1.4, PIDTerms=-0.041/ 0.000/-0.001/-0.000, Output=-0.041(-0.600/0.600), Volt=10.9(10.3)
GlobalTracer.printPidInfo_Info: [10.315] gyroTurnPidCtrl: Target=   0.0, Input=   3.4, Error=  -3.4, PIDTerms=-0.041/ 0.000/ 0.005/ 0.000, Output=-0.036(-0.700/0.700), Volt=10.9(10.3)
GlobalTracer.printPidInfo_Info: [10.384] encoderXPidCtrl: Target=  69.5, Input=  40.5, Error=  29.0, PIDTerms= 4.345/ 0.000/-0.074/ 0.000, Output= 0.450(-0.450/0.450), Volt=11.0(10.3)
GlobalTracer.printPidInfo_Info: [10.384] encoderYPidCtrl: Target=-219.5, Input=-218.1, Error=  -1.4, PIDTerms=-0.043/ 0.000/-0.001/-0.000, Output=-0.044(-0.600/0.600), Volt=11.0(10.3)
GlobalTracer.printPidInfo_Info: [10.384] gyroTurnPidCtrl: Target=   0.0, Input=   2.9, Error=  -2.9, PIDTerms=-0.035/ 0.000/ 0.008/ 0.000, Output=-0.027(-0.700/0.700), Volt=11.0(10.3)
GlobalTracer.printPidInfo_Info: [10.438] encoderXPidCtrl: Target=  69.5, Input=  41.1, Error=  28.4, PIDTerms= 4.254/ 0.000/-0.164/ 0.000, Output= 0.450(-0.450/0.450), Volt=11.0(10.3)
GlobalTracer.printPidInfo_Info: [10.438] encoderYPidCtrl: Target=-219.5, Input=-218.2, Error=  -1.3, PIDTerms=-0.039/ 0.000/ 0.002/-0.000, Output=-0.036(-0.600/0.600), Volt=11.0(10.3)
GlobalTracer.printPidInfo_Info: [10.438] gyroTurnPidCtrl: Target=   0.0, Input=   2.3, Error=  -2.3, PIDTerms=-0.028/ 0.000/ 0.010/ 0.000, Output=-0.017(-0.700/0.700), Volt=11.0(10.3)
GlobalTracer.printPidInfo_Info: [10.520] encoderXPidCtrl: Target=  69.5, Input=  41.6, Error=  27.9, PIDTerms= 4.190/ 0.000/-0.085/ 0.000, Output= 0.450(-0.450/0.450), Volt=11.1(10.3)
GlobalTracer.printPidInfo_Info: [10.520] encoderYPidCtrl: Target=-219.5, Input=-218.3, Error=  -1.2, PIDTerms=-0.035/ 0.000/ 0.002/-0.000, Output=-0.034(-0.600/0.600), Volt=11.1(10.3)
GlobalTracer.printPidInfo_Info: [10.520] gyroTurnPidCtrl: Target=   0.0, Input=   2.2, Error=  -2.2, PIDTerms=-0.026/ 0.000/ 0.002/ 0.000, Output=-0.025(-0.700/0.700), Volt=11.1(10.3)
GlobalTracer.printPidInfo_Info: [10.570] encoderXPidCtrl: Target=  69.5, Input=  42.4, Error=  27.1, PIDTerms= 4.071/ 0.000/-0.205/ 0.000, Output= 0.450(-0.450/0.450), Volt=11.1(10.3)
GlobalTracer.printPidInfo_Info: [10.570] encoderYPidCtrl: Target=-219.5, Input=-218.5, Error=  -1.0, PIDTerms=-0.031/ 0.000/ 0.002/-0.000, Output=-0.029(-0.600/0.600), Volt=11.1(10.3)
GlobalTracer.printPidInfo_Info: [10.570] gyroTurnPidCtrl: Target=   0.0, Input=   1.9, Error=  -1.9, PIDTerms=-0.022/ 0.000/ 0.006/ 0.000, Output=-0.017(-0.700/0.700), Volt=11.1(10.3)
GlobalTracer.printPidInfo_Info: [10.621] encoderXPidCtrl: Target=  69.5, Input=  42.8, Error=  26.7, PIDTerms= 4.006/ 0.000/-0.132/ 0.000, Output= 0.450(-0.450/0.450), Volt=11.1(10.3)
GlobalTracer.printPidInfo_Info: [10.621] encoderYPidCtrl: Target=-219.5, Input=-218.5, Error=  -1.0, PIDTerms=-0.030/ 0.000/ 0.001/-0.000, Output=-0.028(-0.600/0.600), Volt=11.1(10.3)
GlobalTracer.printPidInfo_Info: [10.621] gyroTurnPidCtrl: Target=   0.0, Input=   2.0, Error=  -2.0, PIDTerms=-0.025/ 0.000/-0.004/ 0.000, Output=-0.028(-0.700/0.700), Volt=11.1(10.3)
GlobalTracer.printPidInfo_Info: [10.680] encoderXPidCtrl: Target=  69.5, Input=  43.3, Error=  26.2, PIDTerms= 3.923/ 0.000/-0.148/ 0.000, Output= 0.450(-0.450/0.450), Volt=11.1(10.3)
GlobalTracer.printPidInfo_Info: [10.680] encoderYPidCtrl: Target=-219.5, Input=-218.6, Error=  -0.9, PIDTerms=-0.026/ 0.000/ 0.002/-0.000, Output=-0.023(-0.600/0.600), Volt=11.1(10.3)
GlobalTracer.printPidInfo_Info: [10.680] gyroTurnPidCtrl: Target=   0.0, Input=   2.0, Error=  -2.0, PIDTerms=-0.024/ 0.000/ 0.001/ 0.000, Output=-0.023(-0.700/0.700), Volt=11.1(10.3)
GlobalTracer.printPidInfo_Info: [10.772] encoderXPidCtrl: Target=  69.5, Input=  44.0, Error=  25.5, PIDTerms= 3.820/ 0.000/-0.118/ 0.000, Output= 0.450(-0.450/0.450), Volt=11.3(10.3)
GlobalTracer.printPidInfo_Info: [10.772] encoderYPidCtrl: Target=-219.5, Input=-218.7, Error=  -0.8, PIDTerms=-0.024/ 0.000/ 0.001/-0.000, Output=-0.023(-0.600/0.600), Volt=11.3(10.3)
GlobalTracer.printPidInfo_Info: [10.772] gyroTurnPidCtrl: Target=   0.0, Input=   1.9, Error=  -1.9, PIDTerms=-0.023/ 0.000/ 0.001/ 0.000, Output=-0.021(-0.700/0.700), Volt=11.3(10.3)
GlobalTracer.printPidInfo_Info: [10.831] encoderXPidCtrl: Target=  69.5, Input=  45.0, Error=  24.5, PIDTerms= 3.673/ 0.000/-0.251/ 0.000, Output= 0.450(-0.450/0.450), Volt=11.0(10.3)
GlobalTracer.printPidInfo_Info: [10.831] encoderYPidCtrl: Target=-219.5, Input=-218.8, Error=  -0.7, PIDTerms=-0.022/ 0.000/ 0.001/-0.000, Output=-0.020(-0.600/0.600), Volt=11.0(10.3)
GlobalTracer.printPidInfo_Info: [10.831] gyroTurnPidCtrl: Target=   0.0, Input=   1.1, Error=  -1.1, PIDTerms=-0.014/ 0.000/ 0.013/ 0.000, Output=-0.001(-0.700/0.700), Volt=11.0(10.3)
GlobalTracer.printPidInfo_Info: [10.920] encoderXPidCtrl: Target=  69.5, Input=  45.7, Error=  23.8, PIDTerms= 3.573/ 0.000/-0.130/ 0.000, Output= 0.450(-0.450/0.450), Volt=11.1(10.3)
GlobalTracer.printPidInfo_Info: [10.920] encoderYPidCtrl: Target=-219.5, Input=-218.9, Error=  -0.6, PIDTerms=-0.019/ 0.000/ 0.001/-0.000, Output=-0.018(-0.600/0.600), Volt=11.1(10.3)
GlobalTracer.printPidInfo_Info: [10.920] gyroTurnPidCtrl: Target=   0.0, Input=   0.8, Error=  -0.8, PIDTerms=-0.009/ 0.000/ 0.005/ 0.000, Output=-0.004(-0.700/0.700), Volt=11.1(10.3)
GlobalTracer.startCompetition_Warn: AUTO_MODE takes too long (0.121s)

GlobalTracer.printPidInfo_Info: [11.042] encoderXPidCtrl: Target=  69.5, Input=  46.7, Error=  22.8, PIDTerms= 3.418/ 0.000/-0.153/ 0.000, Output= 0.450(-0.450/0.450), Volt=11.2(10.3)
GlobalTracer.printPidInfo_Info: [11.042] encoderYPidCtrl: Target=-219.5, Input=-219.0, Error=  -0.5, PIDTerms=-0.016/ 0.000/ 0.001/-0.000, Output=-0.015(-0.600/0.600), Volt=11.2(10.3)
GlobalTracer.printPidInfo_Info: [11.042] gyroTurnPidCtrl: Target=   0.0, Input=   0.6, Error=  -0.6, PIDTerms=-0.007/ 0.000/ 0.002/ 0.000, Output=-0.005(-0.700/0.700), Volt=11.2(10.3)
GlobalTracer.printPidInfo_Info: [11.138] encoderXPidCtrl: Target=  69.5, Input=  48.3, Error=  21.2, PIDTerms= 3.179/ 0.000/-0.214/ 0.000, Output= 0.450(-0.450/0.450), Volt=11.0(10.3)
GlobalTracer.printPidInfo_Info: [11.138] encoderYPidCtrl: Target=-219.5, Input=-219.0, Error=  -0.5, PIDTerms=-0.015/ 0.000/ 0.000/-0.000, Output=-0.014(-0.600/0.600), Volt=11.0(10.3)
GlobalTracer.printPidInfo_Info: [11.138] gyroTurnPidCtrl: Target=   0.0, Input=   0.9, Error=  -0.9, PIDTerms=-0.011/ 0.000/-0.003/ 0.000, Output=-0.014(-0.700/0.700), Volt=11.0(10.3)
GlobalTracer.printPidInfo_Info: [11.227] encoderXPidCtrl: Target=  69.5, Input=  49.6, Error=  19.9, PIDTerms= 2.991/ 0.000/-0.257/ 0.000, Output= 0.450(-0.450/0.450), Volt=11.0(10.3)
GlobalTracer.printPidInfo_Info: [11.227] encoderYPidCtrl: Target=-219.5, Input=-219.1, Error=  -0.4, PIDTerms=-0.013/ 0.000/ 0.001/-0.000, Output=-0.012(-0.600/0.600), Volt=11.0(10.3)
GlobalTracer.printPidInfo_Info: [11.227] gyroTurnPidCtrl: Target=   0.0, Input=   1.2, Error=  -1.2, PIDTerms=-0.014/ 0.000/-0.004/ 0.000, Output=-0.018(-0.700/0.700), Volt=11.0(10.3)
GlobalTracer.printPidInfo_Info: [11.320] encoderXPidCtrl: Target=  69.5, Input=  50.8, Error=  18.7, PIDTerms= 2.811/ 0.000/-0.167/ 0.000, Output= 0.450(-0.450/0.450), Volt=11.0(10.3)
GlobalTracer.printPidInfo_Info: [11.320] encoderYPidCtrl: Target=-219.5, Input=-219.0, Error=  -0.5, PIDTerms=-0.014/ 0.000/-0.000/-0.000, Output=-0.015(-0.600/0.600), Volt=11.0(10.3)
GlobalTracer.printPidInfo_Info: [11.320] gyroTurnPidCtrl: Target=   0.0, Input=   1.4, Error=  -1.4, PIDTerms=-0.016/ 0.000/-0.002/ 0.000, Output=-0.018(-0.700/0.700), Volt=11.0(10.3)
GlobalTracer.printPidInfo_Info: [11.391] encoderXPidCtrl: Target=  69.5, Input=  52.0, Error=  17.5, PIDTerms= 2.621/ 0.000/-0.273/ 0.000, Output= 0.450(-0.450/0.450), Volt=11.1(10.3)
GlobalTracer.printPidInfo_Info: [11.391] encoderYPidCtrl: Target=-219.5, Input=-219.0, Error=  -0.5, PIDTerms=-0.014/ 0.000/-0.000/-0.000, Output=-0.014(-0.600/0.600), Volt=11.1(10.3)
GlobalTracer.printPidInfo_Info: [11.391] gyroTurnPidCtrl: Target=   0.0, Input=   1.1, Error=  -1.1, PIDTerms=-0.014/ 0.000/ 0.003/ 0.000, Output=-0.011(-0.700/0.700), Volt=11.1(10.3)
GlobalTracer.printPidInfo_Info: [11.483] encoderXPidCtrl: Target=  69.5, Input=  52.6, Error=  16.9, PIDTerms= 2.531/ 0.000/-0.085/ 0.000, Output= 0.450(-0.450/0.450), Volt=11.2(10.3)
GlobalTracer.printPidInfo_Info: [11.483] encoderYPidCtrl: Target=-219.5, Input=-219.1, Error=  -0.4, PIDTerms=-0.011/ 0.000/ 0.001/-0.000, Output=-0.010(-0.600/0.600), Volt=11.2(10.3)
GlobalTracer.printPidInfo_Info: [11.483] gyroTurnPidCtrl: Target=   0.0, Input=   0.8, Error=  -0.8, PIDTerms=-0.010/ 0.000/ 0.003/ 0.000, Output=-0.007(-0.700/0.700), Volt=11.2(10.3)
GlobalTracer.printPidInfo_Info: [11.567] encoderXPidCtrl: Target=  69.5, Input=  53.9, Error=  15.6, PIDTerms= 2.347/ 0.000/-0.278/ 0.000, Output= 0.450(-0.450/0.450), Volt=11.1(10.3)
GlobalTracer.printPidInfo_Info: [11.567] encoderYPidCtrl: Target=-219.5, Input=-219.2, Error=  -0.3, PIDTerms=-0.009/ 0.000/ 0.001/-0.000, Output=-0.008(-0.600/0.600), Volt=11.1(10.3)
GlobalTracer.printPidInfo_Info: [11.567] gyroTurnPidCtrl: Target=   0.0, Input=   0.3, Error=  -0.3, PIDTerms=-0.004/ 0.000/ 0.008/ 0.000, Output= 0.005(-0.700/0.700), Volt=11.1(10.3)
GlobalTracer.printPidInfo_Info: [11.656] encoderXPidCtrl: Target=  69.5, Input=  54.9, Error=  14.6, PIDTerms= 2.183/ 0.000/-0.153/ 0.000, Output= 0.450(-0.450/0.450), Volt=10.9(10.3)
GlobalTracer.printPidInfo_Info: [11.656] encoderYPidCtrl: Target=-219.5, Input=-219.2, Error=  -0.3, PIDTerms=-0.009/ 0.000/-0.000/-0.000, Output=-0.009(-0.600/0.600), Volt=10.9(10.3)
GlobalTracer.printPidInfo_Info: [11.656] gyroTurnPidCtrl: Target=   0.0, Input=   0.1, Error=  -0.1, PIDTerms=-0.001/ 0.000/ 0.002/ 0.000, Output= 0.002(-0.700/0.700), Volt=11.2(10.3)
GlobalTracer.printPidInfo_Info: [11.718] encoderXPidCtrl: Target=  69.5, Input=  56.3, Error=  13.2, PIDTerms= 1.978/ 0.000/-0.327/ 0.000, Output= 0.450(-0.450/0.450), Volt=11.2(10.3)
GlobalTracer.printPidInfo_Info: [11.718] encoderYPidCtrl: Target=-219.5, Input=-219.2, Error=  -0.3, PIDTerms=-0.010/ 0.000/-0.000/-0.000, Output=-0.010(-0.600/0.600), Volt=11.2(10.3)
GlobalTracer.printPidInfo_Info: [11.718] gyroTurnPidCtrl: Target=   0.0, Input=   0.2, Error=  -0.2, PIDTerms=-0.002/ 0.000/-0.002/ 0.000, Output=-0.004(-0.700/0.700), Volt=11.2(10.3)
GlobalTracer.printPidInfo_Info: [11.797] encoderXPidCtrl: Target=  69.5, Input=  57.2, Error=  12.4, PIDTerms= 1.853/ 0.000/-0.157/ 0.000, Output= 0.450(-0.450/0.450), Volt=11.2(10.3)
GlobalTracer.printPidInfo_Info: [11.797] encoderYPidCtrl: Target=-219.5, Input=-219.2, Error=  -0.3, PIDTerms=-0.009/ 0.000/ 0.000/-0.000, Output=-0.009(-0.600/0.600), Volt=11.2(10.3)
GlobalTracer.printPidInfo_Info: [11.797] gyroTurnPidCtrl: Target=   0.0, Input=   0.7, Error=  -0.7, PIDTerms=-0.008/ 0.000/-0.007/ 0.000, Output=-0.015(-0.700/0.700), Volt=11.2(10.3)
GlobalTracer.printPidInfo_Info: [11.880] encoderXPidCtrl: Target=  69.5, Input=  58.2, Error=  11.3, PIDTerms= 1.701/ 0.000/-0.202/ 0.000, Output= 0.450(-0.450/0.450), Volt=11.1(10.3)
GlobalTracer.printPidInfo_Info: [11.880] encoderYPidCtrl: Target=-219.5, Input=-219.1, Error=  -0.4, PIDTerms=-0.011/ 0.000/-0.001/-0.000, Output=-0.012(-0.600/0.600), Volt=11.1(10.3)
GlobalTracer.printPidInfo_Info: [11.880] gyroTurnPidCtrl: Target=   0.0, Input=   1.0, Error=  -1.0, PIDTerms=-0.012/ 0.000/-0.004/ 0.000, Output=-0.015(-0.700/0.700), Volt=11.1(10.3)
GlobalTracer.startCompetition_Warn: AUTO_MODE takes too long (0.108s)

GlobalTracer.printPidInfo_Info: [11.988] encoderXPidCtrl: Target=  69.5, Input=  59.1, Error=  10.4, PIDTerms= 1.558/ 0.000/-0.133/ 0.000, Output= 0.450(-0.450/0.450), Volt=11.2(10.3)
GlobalTracer.printPidInfo_Info: [11.988] encoderYPidCtrl: Target=-219.5, Input=-219.1, Error=  -0.4, PIDTerms=-0.013/ 0.000/-0.001/-0.000, Output=-0.013(-0.600/0.600), Volt=11.1(10.3)
GlobalTracer.printPidInfo_Info: [11.988] gyroTurnPidCtrl: Target=   0.0, Input=   1.3, Error=  -1.3, PIDTerms=-0.015/ 0.000/-0.003/ 0.000, Output=-0.018(-0.700/0.700), Volt=11.1(10.3)
GlobalTracer.printPidInfo_Info: [12.068] encoderXPidCtrl: Target=  69.5, Input=  60.3, Error=   9.2, PIDTerms= 1.384/ 0.000/-0.241/ 0.000, Output= 0.450(-0.450/0.450), Volt=11.1(10.3)
GlobalTracer.printPidInfo_Info: [12.068] encoderYPidCtrl: Target=-219.5, Input=-219.2, Error=  -0.3, PIDTerms=-0.010/ 0.000/ 0.001/-0.000, Output=-0.009(-0.600/0.600), Volt=11.1(10.3)
GlobalTracer.printPidInfo_Info: [12.068] gyroTurnPidCtrl: Target=   0.0, Input=   1.4, Error=  -1.4, PIDTerms=-0.017/ 0.000/-0.003/ 0.000, Output=-0.020(-0.700/0.700), Volt=11.1(10.3)
GlobalTracer.printPidInfo_Info: [12.153] encoderXPidCtrl: Target=  69.5, Input=  61.2, Error=   8.3, PIDTerms= 1.247/ 0.000/-0.126/ 0.000, Output= 0.450(-0.450/0.450), Volt=11.1(10.3)
GlobalTracer.printPidInfo_Info: [12.153] encoderYPidCtrl: Target=-219.5, Input=-219.0, Error=  -0.5, PIDTerms=-0.015/ 0.000/-0.001/-0.000, Output=-0.016(-0.600/0.600), Volt=11.1(10.3)
GlobalTracer.printPidInfo_Info: [12.153] gyroTurnPidCtrl: Target=   0.0, Input=   1.5, Error=  -1.5, PIDTerms=-0.018/ 0.000/-0.000/ 0.000, Output=-0.018(-0.700/0.700), Volt=11.1(10.3)
GlobalTracer.printPidInfo_Info: [12.243] encoderXPidCtrl: Target=  69.5, Input=  62.4, Error=   7.1, PIDTerms= 1.062/ 0.000/-0.301/ 0.000, Output= 0.450(-0.450/0.450), Volt=11.1(10.3)
GlobalTracer.printPidInfo_Info: [12.243] encoderYPidCtrl: Target=-219.5, Input=-218.9, Error=  -0.6, PIDTerms=-0.018/ 0.000/-0.002/-0.000, Output=-0.020(-0.600/0.600), Volt=11.1(10.3)
GlobalTracer.printPidInfo_Info: [12.243] gyroTurnPidCtrl: Target=   0.0, Input=   1.4, Error=  -1.4, PIDTerms=-0.017/ 0.000/ 0.001/ 0.000, Output=-0.015(-0.700/0.700), Volt=11.1(10.3)
GlobalTracer.printPidInfo_Info: [12.321] encoderXPidCtrl: Target=  69.5, Input=  63.5, Error=   6.0, PIDTerms= 0.907/ 0.000/-0.147/ 0.000, Output= 0.450(-0.450/0.450), Volt=11.1(10.3)
GlobalTracer.printPidInfo_Info: [12.321] encoderYPidCtrl: Target=-219.5, Input=-218.7, Error=  -0.8, PIDTerms=-0.024/ 0.000/-0.002/-0.000, Output=-0.026(-0.600/0.600), Volt=11.1(10.3)
GlobalTracer.printPidInfo_Info: [12.321] gyroTurnPidCtrl: Target=   0.0, Input=   1.0, Error=  -1.0, PIDTerms=-0.012/ 0.000/ 0.004/ 0.000, Output=-0.008(-0.700/0.700), Volt=11.1(10.3)
GlobalTracer.printPidInfo_Info: [12.383] encoderXPidCtrl: Target=  69.5, Input=  64.1, Error=   5.4, PIDTerms= 0.806/ 0.000/-0.152/ 0.000, Output= 0.450(-0.450/0.450), Volt=11.0(10.3)
GlobalTracer.printPidInfo_Info: [12.383] encoderYPidCtrl: Target=-219.5, Input=-218.8, Error=  -0.7, PIDTerms=-0.021/ 0.000/ 0.001/-0.000, Output=-0.020(-0.600/0.600), Volt=11.0(10.3)
GlobalTracer.printPidInfo_Info: [12.383] gyroTurnPidCtrl: Target=   0.0, Input=   0.9, Error=  -0.9, PIDTerms=-0.011/ 0.000/ 0.000/ 0.000, Output=-0.011(-0.700/0.700), Volt=11.0(10.3)
GlobalTracer.printPidInfo_Info: [12.471] encoderXPidCtrl: Target=  69.5, Input=  65.0, Error=   4.5, PIDTerms= 0.680/ 0.000/-0.161/ 0.000, Output= 0.450(-0.450/0.450), Volt=11.2(10.3)
GlobalTracer.printPidInfo_Info: [12.471] encoderYPidCtrl: Target=-219.5, Input=-218.6, Error=  -0.9, PIDTerms=-0.027/ 0.000/-0.002/-0.000, Output=-0.029(-0.600/0.600), Volt=11.1(10.3)
GlobalTracer.printPidInfo_Info: [12.471] gyroTurnPidCtrl: Target=   0.0, Input=   0.9, Error=  -0.9, PIDTerms=-0.011/ 0.000/ 0.000/ 0.000, Output=-0.011(-0.700/0.700), Volt=11.1(10.3)
GlobalTracer.printPidInfo_Info: [12.544] encoderXPidCtrl: Target=  69.5, Input=  66.1, Error=   3.4, PIDTerms= 0.506/ 0.000/-0.227/ 0.000, Output= 0.279(-0.450/0.450), Volt=11.8(10.3)
GlobalTracer.printPidInfo_Info: [12.544] encoderYPidCtrl: Target=-219.5, Input=-218.7, Error=  -0.8, PIDTerms=-0.024/ 0.000/ 0.001/-0.000, Output=-0.023(-0.600/0.600), Volt=11.8(10.3)
GlobalTracer.printPidInfo_Info: [12.544] gyroTurnPidCtrl: Target=   0.0, Input=   1.2, Error=  -1.2, PIDTerms=-0.014/ 0.000/-0.003/ 0.000, Output=-0.017(-0.700/0.700), Volt=11.8(10.3)
GlobalTracer.printPidInfo_Info: [12.639] encoderXPidCtrl: Target=  69.5, Input=  66.7, Error=   2.8, PIDTerms= 0.424/ 0.000/-0.096/ 0.000, Output= 0.328(-0.450/0.450), Volt=11.6(10.3)
GlobalTracer.printPidInfo_Info: [12.639] encoderYPidCtrl: Target=-219.5, Input=-218.7, Error=  -0.8, PIDTerms=-0.024/ 0.000/-0.000/-0.000, Output=-0.024(-0.600/0.600), Volt=11.6(10.3)
GlobalTracer.printPidInfo_Info: [12.639] gyroTurnPidCtrl: Target=   0.0, Input=   1.4, Error=  -1.4, PIDTerms=-0.016/ 0.000/-0.002/ 0.000, Output=-0.018(-0.700/0.700), Volt=11.6(10.3)
GlobalTracer.printPidInfo_Info: [12.699] encoderXPidCtrl: Target=  69.5, Input=  67.4, Error=   2.1, PIDTerms= 0.308/ 0.000/-0.146/ 0.000, Output= 0.162(-0.450/0.450), Volt=12.1(10.3)
GlobalTracer.printPidInfo_Info: [12.699] encoderYPidCtrl: Target=-219.5, Input=-219.0, Error=  -0.5, PIDTerms=-0.016/ 0.000/ 0.003/-0.000, Output=-0.013(-0.600/0.600), Volt=12.1(10.3)
GlobalTracer.printPidInfo_Info: [12.699] gyroTurnPidCtrl: Target=   0.0, Input=   1.6, Error=  -1.6, PIDTerms=-0.019/ 0.000/-0.003/ 0.000, Output=-0.022(-0.700/0.700), Volt=12.1(10.3)
GlobalTracer.printPidInfo_Info: [12.779] encoderXPidCtrl: Target=  69.5, Input=  67.7, Error=   1.8, PIDTerms= 0.276/ 0.000/-0.051/ 0.000, Output= 0.224(-0.450/0.450), Volt=12.0(10.3)
GlobalTracer.printPidInfo_Info: [12.779] encoderYPidCtrl: Target=-219.5, Input=-219.1, Error=  -0.4, PIDTerms=-0.013/ 0.000/ 0.002/-0.000, Output=-0.011(-0.600/0.600), Volt=12.0(10.3)
GlobalTracer.printPidInfo_Info: [12.779] gyroTurnPidCtrl: Target=   0.0, Input=   1.3, Error=  -1.3, PIDTerms=-0.016/ 0.000/ 0.004/ 0.000, Output=-0.012(-0.700/0.700), Volt=12.0(10.3)
GlobalTracer.printPidInfo_Info: [12.862] encoderXPidCtrl: Target=  69.5, Input=  67.7, Error=   1.8, PIDTerms= 0.264/ 0.000/-0.016/ 0.000, Output= 0.247(-0.450/0.450), Volt=11.8(10.3)
GlobalTracer.printPidInfo_Info: [12.862] encoderYPidCtrl: Target=-219.5, Input=-219.2, Error=  -0.3, PIDTerms=-0.010/ 0.000/ 0.001/-0.000, Output=-0.009(-0.600/0.600), Volt=11.8(10.3)
GlobalTracer.printPidInfo_Info: [12.862] gyroTurnPidCtrl: Target=   0.0, Input=   1.0, Error=  -1.0, PIDTerms=-0.012/ 0.000/ 0.005/ 0.000, Output=-0.007(-0.700/0.700), Volt=11.8(10.3)
GlobalTracer.printPidInfo_Info: [12.936] encoderXPidCtrl: Target=  69.5, Input=  67.8, Error=   1.7, PIDTerms= 0.257/ 0.000/-0.009/ 0.000, Output= 0.248(-0.450/0.450), Volt=11.9(10.3)
GlobalTracer.printPidInfo_Info: [12.936] encoderYPidCtrl: Target=-219.5, Input=-219.2, Error=  -0.3, PIDTerms=-0.010/ 0.000/ 0.000/-0.000, Output=-0.010(-0.600/0.600), Volt=11.9(10.3)
GlobalTracer.printPidInfo_Info: [12.936] gyroTurnPidCtrl: Target=   0.0, Input=   0.8, Error=  -0.8, PIDTerms=-0.010/ 0.000/ 0.002/ 0.000, Output=-0.008(-0.700/0.700), Volt=11.9(10.3)
GlobalTracer.printPidInfo_Info: [12.998] encoderXPidCtrl: Target=  69.5, Input=  67.8, Error=   1.7, PIDTerms= 0.251/ 0.000/-0.008/ 0.000, Output= 0.244(-0.450/0.450), Volt=11.8(10.3)
GlobalTracer.printPidInfo_Info: [12.998] encoderYPidCtrl: Target=-219.5, Input=-219.1, Error=  -0.4, PIDTerms=-0.011/ 0.000/-0.001/-0.000, Output=-0.012(-0.600/0.600), Volt=11.8(10.3)
GlobalTracer.printPidInfo_Info: [12.998] gyroTurnPidCtrl: Target=   0.0, Input=   0.8, Error=  -0.8, PIDTerms=-0.009/ 0.000/ 0.000/ 0.000, Output=-0.009(-0.700/0.700), Volt=11.8(10.3)
GlobalTracer.startCompetition_Warn: AUTO_MODE takes too long (0.105s)

GlobalTracer.printPidInfo_Info: [13.105] encoderXPidCtrl: Target=  69.5, Input=  67.8, Error=   1.7, PIDTerms= 0.250/ 0.000/-0.001/ 0.000, Output= 0.249(-0.450/0.450), Volt=11.8(10.3)
GlobalTracer.printPidInfo_Info: [13.105] encoderYPidCtrl: Target=-219.5, Input=-219.1, Error=  -0.4, PIDTerms=-0.012/ 0.000/-0.000/-0.000, Output=-0.012(-0.600/0.600), Volt=11.8(10.3)
GlobalTracer.printPidInfo_Info: [13.105] gyroTurnPidCtrl: Target=   0.0, Input=   0.8, Error=  -0.8, PIDTerms=-0.009/ 0.000/ 0.000/ 0.000, Output=-0.009(-0.700/0.700), Volt=11.8(10.3)
GlobalTracer.printPidInfo_Info: [13.176] encoderXPidCtrl: Target=  69.5, Input=  67.8, Error=   1.7, PIDTerms= 0.249/ 0.000/-0.002/ 0.000, Output= 0.247(-0.450/0.450), Volt=11.9(10.3)
GlobalTracer.printPidInfo_Info: [13.176] encoderYPidCtrl: Target=-219.5, Input=-219.1, Error=  -0.4, PIDTerms=-0.012/ 0.000/-0.000/-0.000, Output=-0.012(-0.600/0.600), Volt=11.9(10.3)
GlobalTracer.printPidInfo_Info: [13.176] gyroTurnPidCtrl: Target=   0.0, Input=   0.8, Error=  -0.8, PIDTerms=-0.009/ 0.000/ 0.000/ 0.000, Output=-0.009(-0.700/0.700), Volt=11.9(10.3)
GlobalTracer.printPidInfo_Info: [13.238] encoderXPidCtrl: Target=  69.5, Input=  67.8, Error=   1.7, PIDTerms= 0.249/ 0.000/ 0.000/ 0.000, Output= 0.249(-0.450/0.450), Volt=11.8(10.3)
GlobalTracer.printPidInfo_Info: [13.238] encoderYPidCtrl: Target=-219.5, Input=-219.1, Error=  -0.4, PIDTerms=-0.011/ 0.000/ 0.000/-0.000, Output=-0.011(-0.600/0.600), Volt=11.8(10.3)
GlobalTracer.printPidInfo_Info: [13.238] gyroTurnPidCtrl: Target=   0.0, Input=   0.7, Error=  -0.7, PIDTerms=-0.009/ 0.000/ 0.000/ 0.000, Output=-0.009(-0.700/0.700), Volt=11.8(10.3)
GlobalTracer.startCompetition_Warn: AUTO_MODE takes too long (0.102s)

GlobalTracer.printPidInfo_Info: [13.342] encoderXPidCtrl: Target=  69.5, Input=  67.8, Error=   1.7, PIDTerms= 0.248/ 0.000/-0.001/ 0.000, Output= 0.248(-0.450/0.450), Volt=11.8(10.3)
GlobalTracer.printPidInfo_Info: [13.342] encoderYPidCtrl: Target=-219.5, Input=-219.1, Error=  -0.4, PIDTerms=-0.011/ 0.000/ 0.000/-0.000, Output=-0.011(-0.600/0.600), Volt=11.8(10.3)
GlobalTracer.printPidInfo_Info: [13.342] gyroTurnPidCtrl: Target=   0.0, Input=   0.7, Error=  -0.7, PIDTerms=-0.009/ 0.000/ 0.000/ 0.000, Output=-0.009(-0.700/0.700), Volt=11.8(10.3)
GlobalTracer.startCompetition_Warn: AUTO_MODE takes too long (0.133s)

GlobalTracer.printPidInfo_Info: [13.476] encoderXPidCtrl: Target=  69.5, Input=  67.8, Error=   1.7, PIDTerms= 0.248/ 0.000/-0.000/ 0.000, Output= 0.247(-0.450/0.450), Volt=11.8(10.3)
GlobalTracer.printPidInfo_Info: [13.476] encoderYPidCtrl: Target=-219.5, Input=-219.1, Error=  -0.4, PIDTerms=-0.011/ 0.000/ 0.000/-0.000, Output=-0.011(-0.600/0.600), Volt=11.8(10.3)
GlobalTracer.printPidInfo_Info: [13.476] gyroTurnPidCtrl: Target=   0.0, Input=   0.7, Error=  -0.7, PIDTerms=-0.009/ 0.000/ 0.000/ 0.000, Output=-0.008(-0.700/0.700), Volt=11.8(10.3)
GlobalTracer.printPidInfo_Info: [13.572] encoderXPidCtrl: Target=  69.5, Input=  67.9, Error=   1.6, PIDTerms= 0.247/ 0.000/-0.001/ 0.000, Output= 0.246(-0.450/0.450), Volt=11.8(10.3)
GlobalTracer.printPidInfo_Info: [13.572] encoderYPidCtrl: Target=-219.5, Input=-219.1, Error=  -0.4, PIDTerms=-0.011/ 0.000/ 0.000/-0.000, Output=-0.011(-0.600/0.600), Volt=11.8(10.3)
GlobalTracer.printPidInfo_Info: [13.572] gyroTurnPidCtrl: Target=   0.0, Input=   0.7, Error=  -0.7, PIDTerms=-0.008/ 0.000/ 0.000/ 0.000, Output=-0.008(-0.700/0.700), Volt=11.8(10.3)
GlobalTracer.printPidInfo_Info: [13.666] encoderXPidCtrl: Target=  69.5, Input=  67.9, Error=   1.6, PIDTerms= 0.247/ 0.000/ 0.000/ 0.000, Output= 0.247(-0.450/0.450), Volt=11.8(10.3)
GlobalTracer.printPidInfo_Info: [13.666] encoderYPidCtrl: Target=-219.5, Input=-219.1, Error=  -0.4, PIDTerms=-0.011/ 0.000/ 0.000/-0.000, Output=-0.011(-0.600/0.600), Volt=11.8(10.3)
GlobalTracer.printPidInfo_Info: [13.666] gyroTurnPidCtrl: Target=   0.0, Input=   0.7, Error=  -0.7, PIDTerms=-0.008/ 0.000/ 0.000/ 0.000, Output=-0.008(-0.700/0.700), Volt=11.8(10.3)
GlobalTracer.printPidInfo_Info: [13.745] encoderXPidCtrl: Target=  69.5, Input=  67.9, Error=   1.6, PIDTerms= 0.247/ 0.000/ 0.000/ 0.000, Output= 0.247(-0.450/0.450), Volt=11.9(10.3)
GlobalTracer.printPidInfo_Info: [13.745] encoderYPidCtrl: Target=-219.5, Input=-219.1, Error=  -0.4, PIDTerms=-0.011/ 0.000/ 0.000/-0.000, Output=-0.011(-0.600/0.600), Volt=11.9(10.3)
GlobalTracer.printPidInfo_Info: [13.745] gyroTurnPidCtrl: Target=   0.0, Input=   0.7, Error=  -0.7, PIDTerms=-0.008/ 0.000/ 0.000/ 0.000, Output=-0.008(-0.700/0.700), Volt=11.9(10.3)
GlobalTracer.printPidInfo_Info: [13.825] encoderXPidCtrl: Target=  69.5, Input=  67.9, Error=   1.6, PIDTerms= 0.246/ 0.000/-0.001/ 0.000, Output= 0.246(-0.450/0.450), Volt=11.8(10.3)
GlobalTracer.printPidInfo_Info: [13.825] encoderYPidCtrl: Target=-219.5, Input=-219.1, Error=  -0.4, PIDTerms=-0.011/ 0.000/ 0.000/-0.000, Output=-0.011(-0.600/0.600), Volt=11.8(10.3)
GlobalTracer.printPidInfo_Info: [13.825] gyroTurnPidCtrl: Target=   0.0, Input=   0.7, Error=  -0.7, PIDTerms=-0.008/ 0.000/ 0.000/ 0.000, Output=-0.008(-0.700/0.700), Volt=11.8(10.3)
GlobalTracer.printPidInfo_Info: [13.890] encoderXPidCtrl: Target=  69.5, Input=  67.9, Error=   1.6, PIDTerms= 0.246/ 0.000/ 0.000/ 0.000, Output= 0.246(-0.450/0.450), Volt=12.0(10.3)
GlobalTracer.printPidInfo_Info: [13.890] encoderYPidCtrl: Target=-219.5, Input=-219.1, Error=  -0.4, PIDTerms=-0.011/ 0.000/ 0.000/-0.000, Output=-0.011(-0.600/0.600), Volt=11.9(10.3)
GlobalTracer.printPidInfo_Info: [13.890] gyroTurnPidCtrl: Target=   0.0, Input=   0.7, Error=  -0.7, PIDTerms=-0.008/ 0.000/ 0.000/ 0.000, Output=-0.008(-0.700/0.700), Volt=11.9(10.3)
GlobalTracer.startCompetition_Warn: AUTO_MODE takes too long (0.102s)

GlobalTracer.printPidInfo_Info: [13.992] encoderXPidCtrl: Target=  69.5, Input=  67.9, Error=   1.6, PIDTerms= 0.246/ 0.000/ 0.000/ 0.000, Output= 0.246(-0.450/0.450), Volt=11.9(10.3)
GlobalTracer.printPidInfo_Info: [13.992] encoderYPidCtrl: Target=-219.5, Input=-219.1, Error=  -0.4, PIDTerms=-0.011/ 0.000/ 0.000/-0.000, Output=-0.011(-0.600/0.600), Volt=11.9(10.3)
GlobalTracer.printPidInfo_Info: [13.992] gyroTurnPidCtrl: Target=   0.0, Input=   0.7, Error=  -0.7, PIDTerms=-0.008/ 0.000/ 0.000/ 0.000, Output=-0.008(-0.700/0.700), Volt=11.9(10.3)
GlobalTracer.printPidInfo_Info: [14.055] encoderXPidCtrl: Target=  69.5, Input=  67.9, Error=   1.6, PIDTerms= 0.246/ 0.000/ 0.000/ 0.000, Output= 0.246(-0.450/0.450), Volt=11.9(10.3)
GlobalTracer.printPidInfo_Info: [14.055] encoderYPidCtrl: Target=-219.5, Input=-219.1, Error=  -0.4, PIDTerms=-0.011/ 0.000/ 0.000/-0.000, Output=-0.011(-0.600/0.600), Volt=11.9(10.3)
GlobalTracer.printPidInfo_Info: [14.055] gyroTurnPidCtrl: Target=   0.0, Input=   0.7, Error=  -0.7, PIDTerms=-0.008/ 0.000/ 0.000/ 0.000, Output=-0.008(-0.700/0.700), Volt=11.9(10.3)
GlobalTracer.printPidInfo_Info: [14.149] encoderXPidCtrl: Target=  69.5, Input=  67.9, Error=   1.6, PIDTerms= 0.246/ 0.000/-0.001/ 0.000, Output= 0.245(-0.450/0.450), Volt=11.8(10.3)
GlobalTracer.printPidInfo_Info: [14.149] encoderYPidCtrl: Target=-219.5, Input=-219.1, Error=  -0.4, PIDTerms=-0.011/ 0.000/ 0.000/-0.000, Output=-0.011(-0.600/0.600), Volt=11.8(10.3)
GlobalTracer.printPidInfo_Info: [14.149] gyroTurnPidCtrl: Target=   0.0, Input=   0.6, Error=  -0.6, PIDTerms=-0.008/ 0.000/ 0.000/ 0.000, Output=-0.008(-0.700/0.700), Volt=11.8(10.3)
GlobalTracer.startCompetition_Warn: AUTO_MODE takes too long (0.113s)

GlobalTracer.printPidInfo_Info: [14.262] encoderXPidCtrl: Target=  69.5, Input=  67.9, Error=   1.6, PIDTerms= 0.245/ 0.000/-0.001/ 0.000, Output= 0.244(-0.450/0.450), Volt=11.8(10.3)
GlobalTracer.printPidInfo_Info: [14.262] encoderYPidCtrl: Target=-219.5, Input=-219.1, Error=  -0.4, PIDTerms=-0.011/ 0.000/ 0.000/-0.000, Output=-0.011(-0.600/0.600), Volt=11.8(10.3)
GlobalTracer.printPidInfo_Info: [14.262] gyroTurnPidCtrl: Target=   0.0, Input=   0.6, Error=  -0.6, PIDTerms=-0.008/ 0.000/ 0.000/ 0.000, Output=-0.007(-0.700/0.700), Volt=11.8(10.3)
GlobalTracer.printPidInfo_Info: [14.340] encoderXPidCtrl: Target=  69.5, Input=  67.9, Error=   1.6, PIDTerms= 0.244/ 0.000/-0.001/ 0.000, Output= 0.244(-0.450/0.450), Volt=11.8(10.3)
GlobalTracer.printPidInfo_Info: [14.340] encoderYPidCtrl: Target=-219.5, Input=-219.1, Error=  -0.4, PIDTerms=-0.011/ 0.000/ 0.000/-0.000, Output=-0.011(-0.600/0.600), Volt=11.8(10.3)
GlobalTracer.printPidInfo_Info: [14.340] gyroTurnPidCtrl: Target=   0.0, Input=   0.6, Error=  -0.6, PIDTerms=-0.007/ 0.000/ 0.000/ 0.000, Output=-0.007(-0.700/0.700), Volt=11.8(10.3)
GlobalTracer.startCompetition_Warn: AUTO_MODE takes too long (0.103s)

GlobalTracer.printPidInfo_Info: [14.443] encoderXPidCtrl: Target=  69.5, Input=  67.9, Error=   1.6, PIDTerms= 0.244/ 0.000/ 0.000/ 0.000, Output= 0.244(-0.450/0.450), Volt=11.8(10.3)
GlobalTracer.printPidInfo_Info: [14.443] encoderYPidCtrl: Target=-219.5, Input=-219.1, Error=  -0.4, PIDTerms=-0.011/ 0.000/ 0.000/-0.000, Output=-0.011(-0.600/0.600), Volt=11.8(10.3)
GlobalTracer.printPidInfo_Info: [14.443] gyroTurnPidCtrl: Target=   0.0, Input=   0.6, Error=  -0.6, PIDTerms=-0.007/ 0.000/ 0.000/ 0.000, Output=-0.007(-0.700/0.700), Volt=11.8(10.3)
GlobalTracer.printPidInfo_Info: [14.526] encoderXPidCtrl: Target=  69.5, Input=  67.9, Error=   1.6, PIDTerms= 0.244/ 0.000/ 0.000/ 0.000, Output= 0.244(-0.450/0.450), Volt=11.8(10.3)
GlobalTracer.printPidInfo_Info: [14.526] encoderYPidCtrl: Target=-219.5, Input=-219.1, Error=  -0.4, PIDTerms=-0.011/ 0.000/ 0.000/-0.000, Output=-0.011(-0.600/0.600), Volt=11.8(10.3)
GlobalTracer.printPidInfo_Info: [14.526] gyroTurnPidCtrl: Target=   0.0, Input=   0.6, Error=  -0.6, PIDTerms=-0.007/ 0.000/ 0.000/ 0.000, Output=-0.007(-0.700/0.700), Volt=11.8(10.3)
GlobalTracer.printPidInfo_Info: [14.605] encoderXPidCtrl: Target=  69.5, Input=  67.9, Error=   1.6, PIDTerms= 0.244/ 0.000/ 0.000/ 0.000, Output= 0.244(-0.450/0.450), Volt=11.9(10.3)
GlobalTracer.printPidInfo_Info: [14.605] encoderYPidCtrl: Target=-219.5, Input=-219.1, Error=  -0.4, PIDTerms=-0.011/ 0.000/ 0.000/-0.000, Output=-0.011(-0.600/0.600), Volt=11.9(10.3)
GlobalTracer.printPidInfo_Info: [14.605] gyroTurnPidCtrl: Target=   0.0, Input=   0.6, Error=  -0.6, PIDTerms=-0.007/ 0.000/ 0.000/ 0.000, Output=-0.007(-0.700/0.700), Volt=11.9(10.3)
GlobalTracer.printPidInfo_Info: [14.688] encoderXPidCtrl: Target=  69.5, Input=  67.9, Error=   1.6, PIDTerms= 0.244/ 0.000/-0.001/ 0.000, Output= 0.243(-0.450/0.450), Volt=11.8(10.3)
GlobalTracer.printPidInfo_Info: [14.688] encoderYPidCtrl: Target=-219.5, Input=-219.1, Error=  -0.4, PIDTerms=-0.011/ 0.000/ 0.000/-0.000, Output=-0.011(-0.600/0.600), Volt=11.8(10.3)
GlobalTracer.printPidInfo_Info: [14.688] gyroTurnPidCtrl: Target=   0.0, Input=   0.6, Error=  -0.6, PIDTerms=-0.007/ 0.000/ 0.000/ 0.000, Output=-0.007(-0.700/0.700), Volt=11.8(10.3)
GlobalTracer.printPidInfo_Info: [14.759] encoderXPidCtrl: Target=  69.5, Input=  67.9, Error=   1.6, PIDTerms= 0.244/ 0.000/ 0.000/ 0.000, Output= 0.244(-0.450/0.450), Volt=11.9(10.3)
GlobalTracer.printPidInfo_Info: [14.759] encoderYPidCtrl: Target=-219.5, Input=-219.1, Error=  -0.4, PIDTerms=-0.011/ 0.000/ 0.000/-0.000, Output=-0.011(-0.600/0.600), Volt=11.9(10.3)
GlobalTracer.printPidInfo_Info: [14.759] gyroTurnPidCtrl: Target=   0.0, Input=   0.6, Error=  -0.6, PIDTerms=-0.007/ 0.000/ 0.000/ 0.000, Output=-0.007(-0.700/0.700), Volt=11.9(10.3)
GlobalTracer.printPidInfo_Info: [14.800] encoderXPidCtrl: Target=  69.5, Input=  67.9, Error=   1.6, PIDTerms= 0.244/ 0.000/ 0.000/ 0.000, Output= 0.244(-0.450/0.450), Volt=11.9(10.3)
GlobalTracer.printPidInfo_Info: [14.800] encoderYPidCtrl: Target=-219.5, Input=-219.1, Error=  -0.4, PIDTerms=-0.011/ 0.000/ 0.000/-0.000, Output=-0.011(-0.600/0.600), Volt=11.9(10.3)
GlobalTracer.printPidInfo_Info: [14.800] gyroTurnPidCtrl: Target=   0.0, Input=   0.6, Error=  -0.6, PIDTerms=-0.007/ 0.000/ 0.000/ 0.000, Output=-0.007(-0.700/0.700), Volt=11.9(10.3)
GlobalTracer.printPidInfo_Info: [14.875] encoderXPidCtrl: Target=  69.5, Input=  67.9, Error=   1.6, PIDTerms= 0.244/ 0.000/ 0.000/ 0.000, Output= 0.244(-0.450/0.450), Volt=11.9(10.3)
GlobalTracer.printPidInfo_Info: [14.875] encoderYPidCtrl: Target=-219.5, Input=-219.1, Error=  -0.4, PIDTerms=-0.011/ 0.000/ 0.000/-0.000, Output=-0.011(-0.600/0.600), Volt=11.9(10.3)
GlobalTracer.printPidInfo_Info: [14.875] gyroTurnPidCtrl: Target=   0.0, Input=   0.6, Error=  -0.6, PIDTerms=-0.007/ 0.000/ 0.000/ 0.000, Output=-0.007(-0.700/0.700), Volt=11.9(10.3)
GlobalTracer.printPidInfo_Info: [14.943] encoderXPidCtrl: Target=  69.5, Input=  67.9, Error=   1.6, PIDTerms= 0.244/ 0.000/ 0.000/ 0.000, Output= 0.244(-0.450/0.450), Volt=11.9(10.3)
GlobalTracer.printPidInfo_Info: [14.943] encoderYPidCtrl: Target=-219.5, Input=-219.1, Error=  -0.4, PIDTerms=-0.011/ 0.000/ 0.000/-0.000, Output=-0.011(-0.600/0.600), Volt=11.9(10.3)
GlobalTracer.printPidInfo_Info: [14.943] gyroTurnPidCtrl: Target=   0.0, Input=   0.6, Error=  -0.6, PIDTerms=-0.007/ 0.000/ 0.000/ 0.000, Output=-0.007(-0.700/0.700), Volt=11.9(10.3)
GlobalTracer.printPidInfo_Info: [14.999] encoderXPidCtrl: Target=  69.5, Input=  67.9, Error=   1.6, PIDTerms= 0.243/ 0.000/-0.001/ 0.000, Output= 0.243(-0.450/0.450), Volt=11.9(10.3)
GlobalTracer.printPidInfo_Info: [14.999] encoderYPidCtrl: Target=-219.5, Input=-219.2, Error=  -0.3, PIDTerms=-0.010/ 0.000/ 0.000/-0.000, Output=-0.010(-0.600/0.600), Volt=11.9(10.3)
GlobalTracer.printPidInfo_Info: [14.999] gyroTurnPidCtrl: Target=   0.0, Input=   0.6, Error=  -0.6, PIDTerms=-0.007/ 0.000/ 0.000/ 0.000, Output=-0.007(-0.700/0.700), Volt=11.9(10.3)
GlobalTracer.printPidInfo_Info: [15.078] encoderXPidCtrl: Target=  69.5, Input=  67.9, Error=   1.6, PIDTerms= 0.243/ 0.000/ 0.000/ 0.000, Output= 0.243(-0.450/0.450), Volt=11.9(10.3)
GlobalTracer.printPidInfo_Info: [15.078] encoderYPidCtrl: Target=-219.5, Input=-219.2, Error=  -0.3, PIDTerms=-0.010/ 0.000/ 0.000/-0.000, Output=-0.010(-0.600/0.600), Volt=11.9(10.3)
GlobalTracer.printPidInfo_Info: [15.078] gyroTurnPidCtrl: Target=   0.0, Input=   0.6, Error=  -0.6, PIDTerms=-0.007/ 0.000/ 0.000/ 0.000, Output=-0.007(-0.700/0.700), Volt=11.9(10.3)
GlobalTracer.printPidInfo_Info: [15.138] encoderXPidCtrl: Target=  69.5, Input=  67.9, Error=   1.6, PIDTerms= 0.242/ 0.000/-0.001/ 0.000, Output= 0.241(-0.450/0.450), Volt=11.9(10.3)
GlobalTracer.printPidInfo_Info: [15.138] encoderYPidCtrl: Target=-219.5, Input=-219.2, Error=  -0.3, PIDTerms=-0.010/ 0.000/ 0.000/-0.000, Output=-0.010(-0.600/0.600), Volt=11.9(10.3)
GlobalTracer.printPidInfo_Info: [15.138] gyroTurnPidCtrl: Target=   0.0, Input=   0.6, Error=  -0.6, PIDTerms=-0.007/ 0.000/ 0.000/ 0.000, Output=-0.006(-0.700/0.700), Volt=11.9(10.3)
GlobalTracer.printPidInfo_Info: [15.230] encoderXPidCtrl: Target=  69.5, Input=  67.9, Error=   1.6, PIDTerms= 0.242/ 0.000/-0.001/ 0.000, Output= 0.241(-0.450/0.450), Volt=11.9(10.3)
GlobalTracer.printPidInfo_Info: [15.230] encoderYPidCtrl: Target=-219.5, Input=-219.2, Error=  -0.3, PIDTerms=-0.010/ 0.000/-0.000/-0.000, Output=-0.010(-0.600/0.600), Volt=11.9(10.3)
GlobalTracer.printPidInfo_Info: [15.230] gyroTurnPidCtrl: Target=   0.0, Input=   0.6, Error=  -0.6, PIDTerms=-0.007/ 0.000/ 0.000/ 0.000, Output=-0.006(-0.700/0.700), Volt=11.9(10.3)
GlobalTracer.Vision_Info: Pixy is disabled!
GlobalTracer.Robot_Info: TotalEnergy=2.017
