GlobalTracer.FirstPowerUp_Info: Sat Mar 24 18:43:25 PDT 2018: ***** Starting autonomous *****
GlobalTracer.FirstPowerUp_Info: WASNO_Qualification_ 50 (Blue2) [FMSConnected=true]
GlobalTracer.CmdAutoSwitch_Info: alliance=Blue, gameSpecificMsg=LRL, delay=0.000, fwdDistance=60, startPosition=0.0, flipInFlight=false
GlobalTracer.Vision_Info: Pixy is enabled!
GlobalTracer.Robot_Info: [0.885]   DO_DELAY: xPos=  0.00,yPos=  0.00,heading=   0.0/   0.0,volts=12.6(12.5)
GlobalTracer.PowerUse_Info: Battery - currVoltage: 12.55, lowestVoltage: 12.45
GlobalTracer.PowerUse_Info: Power: pdpTotalCurrent: 0.00 elev: 0.13 winch: 0.00, pickup: 0.00, total: 0.00
GlobalTracer.startCompetition_Warn: AUTO_MODE takes too long (1.019s)

GlobalTracer.Robot_Info: [1.013] DRIVE_DIAGONAL_TO_SWITCH: xPos=  0.00,yPos=  0.00,heading=   0.0/ -25.0,volts=12.5(12.5)
GlobalTracer.printPidInfo_Info: [1.013] encoderXPidCtrl: Target=   0.0, Input=   0.0, Error=   0.0, PIDTerms= 0.000/ 0.000/ 0.000/ 0.000, Output= 0.000(-0.700/0.700), Volt=12.5(12.5)
GlobalTracer.printPidInfo_Info: [1.013] encoderYPidCtrl: Target= 121.2, Input=   0.0, Error= 121.2, PIDTerms= 0.000/ 0.000/ 0.000/ 0.000, Output= 0.000(-0.600/0.600), Volt=12.5(12.5)
GlobalTracer.printPidInfo_Info: [1.013] gyroTurnPidCtrl: Target= -25.0, Input=   0.0, Error= -25.0, PIDTerms= 0.000/ 0.000/ 0.000/ 0.000, Output= 0.000(-0.700/0.700), Volt=12.5(12.5)
GlobalTracer.printPidInfo_Info: [1.013] elevatorPidController: Target=  34.8, Input=   0.0, Error=  26.8, PIDTerms= 0.000/ 0.000/ 0.000/ 0.000, Output= 0.000(-1.000/1.000), Volt=12.5(12.5)
GlobalTracer.PowerUse_Info: Battery - currVoltage: 12.50, lowestVoltage: 12.45
GlobalTracer.PowerUse_Info: Power: pdpTotalCurrent: 0.00 elev: 0.13 winch: 0.00, pickup: 0.00, total: 0.00
GlobalTracer.startCompetition_Warn: AUTO_MODE takes too long (0.122s)

GlobalTracer.printPidInfo_Info: [1.136] encoderXPidCtrl: Target=   0.0, Input=   0.0, Error=   0.0, PIDTerms= 0.000/ 0.000/ 0.000/ 0.000, Output= 0.000(-0.700/0.700), Volt=9.2(9.2)
GlobalTracer.printPidInfo_Info: [1.136] encoderYPidCtrl: Target= 121.2, Input=   0.0, Error= 121.2, PIDTerms= 2.061/ 0.000/ 0.000/ 0.000, Output= 0.600(-0.600/0.600), Volt=9.2(9.2)
GlobalTracer.printPidInfo_Info: [1.136] gyroTurnPidCtrl: Target= -25.0, Input=   0.0, Error= -25.0, PIDTerms=-0.450/ 0.000/ 0.000/-0.000, Output=-0.450(-0.700/0.700), Volt=9.2(9.2)
GlobalTracer.printPidInfo_Info: [1.136] elevatorPidController: Target=  34.8, Input=   8.0, Error=  26.8, PIDTerms= 5.350/ 0.002/ 0.000/ 0.000, Output= 1.000(-1.000/1.000), Volt=9.1(9.2)
GlobalTracer.PowerUse_Info: Battery - currVoltage: 9.10, lowestVoltage: 9.20
GlobalTracer.PowerUse_Info: Power: pdpTotalCurrent: 15.50 elev: 35.38 winch: 0.00, pickup: 0.00, total: 0.00
GlobalTracer.startCompetition_Warn: AUTO_MODE takes too long (0.100s)

GlobalTracer.printPidInfo_Info: [1.238] encoderXPidCtrl: Target=   0.0, Input=  -0.0, Error=   0.0, PIDTerms= 0.005/ 0.000/ 0.004/ 0.000, Output= 0.009(-0.700/0.700), Volt=10.1(9.2)
GlobalTracer.printPidInfo_Info: [1.238] encoderYPidCtrl: Target= 121.2, Input=   0.2, Error= 121.1, PIDTerms= 2.058/ 0.000/-0.001/ 0.000, Output= 0.600(-0.600/0.600), Volt=10.1(9.2)
GlobalTracer.printPidInfo_Info: [1.238] gyroTurnPidCtrl: Target= -25.0, Input=   0.0, Error= -25.0, PIDTerms=-0.450/ 0.000/ 0.000/-0.000, Output=-0.450(-0.700/0.700), Volt=10.1(9.2)
GlobalTracer.printPidInfo_Info: [1.238] elevatorPidController: Target=  34.8, Input=  10.3, Error=  24.4, PIDTerms= 4.887/ 0.005/-0.000/ 0.000, Output= 1.000(-1.000/1.000), Volt=10.1(9.2)
GlobalTracer.PowerUse_Info: Battery - currVoltage: 10.10, lowestVoltage: 9.20
GlobalTracer.PowerUse_Info: Power: pdpTotalCurrent: 125.75 elev: 23.25 winch: 0.00, pickup: 0.00, total: 0.05
GlobalTracer.printPidInfo_Info: [1.321] encoderXPidCtrl: Target=   0.0, Input=  -0.9, Error=   0.9, PIDTerms= 0.128/ 0.000/ 0.143/ 0.000, Output= 0.271(-0.700/0.700), Volt=9.9(9.2)
GlobalTracer.printPidInfo_Info: [1.321] encoderYPidCtrl: Target= 121.2, Input=   2.9, Error= 118.3, PIDTerms= 2.012/ 0.000/-0.032/ 0.000, Output= 0.600(-0.600/0.600), Volt=10.1(9.2)
GlobalTracer.printPidInfo_Info: [1.321] gyroTurnPidCtrl: Target= -25.0, Input=  -2.5, Error= -22.5, PIDTerms=-0.404/ 0.000/ 0.047/-0.000, Output=-0.357(-0.700/0.700), Volt=10.1(9.2)
GlobalTracer.printPidInfo_Info: [1.321] elevatorPidController: Target=  34.8, Input=   9.2, Error=  25.5, PIDTerms= 5.104/ 0.007/ 0.000/ 0.000, Output= 1.000(-1.000/1.000), Volt=10.1(9.2)
GlobalTracer.printPidInfo_Info: [1.386] encoderXPidCtrl: Target=   0.0, Input=  -1.7, Error=   1.7, PIDTerms= 0.261/ 0.000/ 0.193/ 0.000, Output= 0.454(-0.700/0.700), Volt=10.2(9.2)
GlobalTracer.printPidInfo_Info: [1.386] encoderYPidCtrl: Target= 121.2, Input=   6.1, Error= 115.1, PIDTerms= 1.957/ 0.000/-0.046/ 0.000, Output= 0.600(-0.600/0.600), Volt=10.2(9.2)
GlobalTracer.printPidInfo_Info: [1.386] gyroTurnPidCtrl: Target= -25.0, Input=  -5.7, Error= -19.3, PIDTerms=-0.347/ 0.000/ 0.074/-0.000, Output=-0.273(-0.700/0.700), Volt=10.2(9.2)
GlobalTracer.printPidInfo_Info: [1.386] elevatorPidController: Target=  34.8, Input=  11.2, Error=  23.5, PIDTerms= 4.704/ 0.008/-0.000/ 0.000, Output= 1.000(-1.000/1.000), Volt=10.1(9.2)
GlobalTracer.PowerUse_Info: Battery - currVoltage: 10.15, lowestVoltage: 9.20
GlobalTracer.PowerUse_Info: Power: pdpTotalCurrent: 110.75 elev: 31.25 winch: 0.00, pickup: 0.00, total: 0.11
GlobalTracer.startCompetition_Warn: AUTO_MODE takes too long (0.217s)

GlobalTracer.printPidInfo_Info: [1.606] encoderXPidCtrl: Target=   0.0, Input=  -1.7, Error=   1.7, PIDTerms= 0.261/ 0.000/-0.000/ 0.000, Output= 0.261(-0.700/0.700), Volt=10.2(9.2)
GlobalTracer.printPidInfo_Info: [1.606] encoderYPidCtrl: Target= 121.2, Input=   8.2, Error= 113.0, PIDTerms= 1.921/ 0.000/-0.014/ 0.000, Output= 0.600(-0.600/0.600), Volt=10.2(9.2)
GlobalTracer.printPidInfo_Info: [1.606] gyroTurnPidCtrl: Target= -25.0, Input=  -9.4, Error= -15.6, PIDTerms=-0.280/ 0.000/ 0.039/-0.000, Output=-0.242(-0.700/0.700), Volt=10.5(9.2)
GlobalTracer.printPidInfo_Info: [1.606] elevatorPidController: Target=  34.8, Input=  17.2, Error=  17.5, PIDTerms= 3.507/ 0.011/-0.000/ 0.000, Output= 1.000(-1.000/1.000), Volt=10.5(9.2)
GlobalTracer.PowerUse_Info: Battery - currVoltage: 10.35, lowestVoltage: 9.20
GlobalTracer.PowerUse_Info: Power: pdpTotalCurrent: 102.13 elev: 29.38 winch: 0.00, pickup: 0.00, total: 0.17
GlobalTracer.startCompetition_Warn: AUTO_MODE takes too long (0.223s)

GlobalTracer.printPidInfo_Info: [1.831] encoderXPidCtrl: Target=   0.0, Input=   0.0, Error=  -0.0, PIDTerms=-0.007/ 0.000/-0.116/ 0.000, Output=-0.123(-0.700/0.700), Volt=10.5(9.2)
GlobalTracer.printPidInfo_Info: [1.831] encoderYPidCtrl: Target= 121.2, Input=  19.3, Error= 101.9, PIDTerms= 1.733/ 0.000/-0.048/ 0.000, Output= 0.600(-0.600/0.600), Volt=10.5(9.2)
GlobalTracer.printPidInfo_Info: [1.831] gyroTurnPidCtrl: Target= -25.0, Input= -19.4, Error=  -5.6, PIDTerms=-0.101/ 0.000/ 0.068/-0.000, Output=-0.033(-0.700/0.700), Volt=10.5(9.2)
GlobalTracer.printPidInfo_Info: [1.831] elevatorPidController: Target=  34.8, Input=  26.3, Error=   8.5, PIDTerms= 1.690/ 0.013/-0.000/ 0.000, Output= 1.000(-1.000/1.000), Volt=10.5(9.2)
GlobalTracer.PowerUse_Info: Battery - currVoltage: 10.55, lowestVoltage: 9.20
GlobalTracer.PowerUse_Info: Power: pdpTotalCurrent: 86.75 elev: 31.25 winch: 0.00, pickup: 0.00, total: 0.23
GlobalTracer.startCompetition_Warn: AUTO_MODE takes too long (0.185s)

GlobalTracer.printPidInfo_Info: [2.020] encoderXPidCtrl: Target=   0.0, Input=   0.6, Error=  -0.6, PIDTerms=-0.093/ 0.000/-0.044/ 0.000, Output=-0.137(-0.700/0.700), Volt=11.2(9.2)
GlobalTracer.printPidInfo_Info: [2.020] encoderYPidCtrl: Target= 121.2, Input=  32.0, Error=  89.3, PIDTerms= 1.518/ 0.000/-0.065/ 0.000, Output= 0.600(-0.600/0.600), Volt=11.2(9.2)
GlobalTracer.printPidInfo_Info: [2.020] gyroTurnPidCtrl: Target= -25.0, Input= -27.5, Error=   2.5, PIDTerms= 0.046/ 0.000/ 0.067/-0.000, Output= 0.113(-0.700/0.700), Volt=11.1(9.2)
GlobalTracer.printPidInfo_Info: [2.020] elevatorPidController: Target=  34.8, Input=  33.2, Error=   1.6, PIDTerms= 0.312/ 0.013/-0.000/ 0.000, Output= 0.325(-1.000/1.000), Volt=11.1(9.2)
GlobalTracer.PowerUse_Info: Battery - currVoltage: 11.15, lowestVoltage: 9.20
GlobalTracer.PowerUse_Info: Power: pdpTotalCurrent: 53.63 elev: 3.00 winch: 0.00, pickup: 0.00, total: 0.26
GlobalTracer.startCompetition_Warn: AUTO_MODE takes too long (0.178s)

GlobalTracer.printPidInfo_Info: [2.198] encoderXPidCtrl: Target=   0.0, Input=   0.2, Error=  -0.2, PIDTerms=-0.031/ 0.000/ 0.031/ 0.000, Output=-0.000(-0.700/0.700), Volt=11.3(9.2)
GlobalTracer.printPidInfo_Info: [2.198] encoderYPidCtrl: Target= 121.2, Input=  45.0, Error=  76.3, PIDTerms= 1.297/ 0.000/-0.065/ 0.000, Output= 0.600(-0.600/0.600), Volt=11.3(9.2)
GlobalTracer.printPidInfo_Info: [2.198] gyroTurnPidCtrl: Target= -25.0, Input= -30.2, Error=   5.2, PIDTerms= 0.093/ 0.000/ 0.021/-0.000, Output= 0.115(-0.700/0.700), Volt=11.3(9.2)
GlobalTracer.printPidInfo_Info: [2.198] elevatorPidController: Target=  34.8, Input=  36.7, Error=  -2.0, PIDTerms=-0.392/ 0.013/-0.000/ 0.000, Output=-0.379(-1.000/1.000), Volt=11.3(9.2)
GlobalTracer.PowerUse_Info: Battery - currVoltage: 11.30, lowestVoltage: 9.20
GlobalTracer.PowerUse_Info: Power: pdpTotalCurrent: 45.13 elev: 3.63 winch: 0.00, pickup: 0.00, total: 0.29
GlobalTracer.startCompetition_Warn: AUTO_MODE takes too long (0.131s)

GlobalTracer.printPidInfo_Info: [2.337] encoderXPidCtrl: Target=   0.0, Input=  -0.4, Error=   0.4, PIDTerms= 0.058/ 0.000/ 0.062/ 0.000, Output= 0.120(-0.700/0.700), Volt=11.4(9.2)
GlobalTracer.printPidInfo_Info: [2.337] encoderYPidCtrl: Target= 121.2, Input=  59.5, Error=  61.7, PIDTerms= 1.050/ 0.000/-0.100/ 0.000, Output= 0.600(-0.600/0.600), Volt=11.4(9.2)
GlobalTracer.printPidInfo_Info: [2.337] gyroTurnPidCtrl: Target= -25.0, Input= -27.3, Error=   2.3, PIDTerms= 0.042/ 0.000/-0.032/-0.000, Output= 0.010(-0.700/0.700), Volt=11.4(9.2)
GlobalTracer.printPidInfo_Info: [2.337] elevatorPidController: Target=  34.8, Input=  34.4, Error=   0.4, PIDTerms= 0.071/ 0.013/ 0.000/ 0.000, Output= 0.084(-1.000/1.000), Volt=11.4(9.2)
GlobalTracer.PowerUse_Info: Battery - currVoltage: 11.40, lowestVoltage: 9.20
GlobalTracer.PowerUse_Info: Power: pdpTotalCurrent: 39.25 elev: 1.38 winch: 0.00, pickup: 0.00, total: 0.31
GlobalTracer.startCompetition_Warn: AUTO_MODE takes too long (0.166s)

GlobalTracer.printPidInfo_Info: [2.505] encoderXPidCtrl: Target=   0.0, Input=  -0.4, Error=   0.4, PIDTerms= 0.064/ 0.000/ 0.004/ 0.000, Output= 0.068(-0.700/0.700), Volt=11.4(9.2)
GlobalTracer.printPidInfo_Info: [2.505] encoderYPidCtrl: Target= 121.2, Input=  71.5, Error=  49.7, PIDTerms= 0.845/ 0.000/-0.078/ 0.000, Output= 0.600(-0.600/0.600), Volt=11.3(9.2)
GlobalTracer.printPidInfo_Info: [2.505] gyroTurnPidCtrl: Target= -25.0, Input= -24.1, Error=  -0.9, PIDTerms=-0.016/ 0.000/-0.033/-0.000, Output=-0.049(-0.700/0.700), Volt=11.3(9.2)
GlobalTracer.printPidInfo_Info: [2.505] elevatorPidController: Target=  34.8, Input=  33.1, Error=   1.6, PIDTerms= 0.329/ 0.013/ 0.000/ 0.000, Output= 0.342(-1.000/1.000), Volt=11.3(9.2)
GlobalTracer.PowerUse_Info: Battery - currVoltage: 11.20, lowestVoltage: 9.20
GlobalTracer.PowerUse_Info: Power: pdpTotalCurrent: 43.75 elev: 9.00 winch: 0.00, pickup: 0.00, total: 0.33
GlobalTracer.startCompetition_Warn: AUTO_MODE takes too long (0.164s)

GlobalTracer.printPidInfo_Info: [2.672] encoderXPidCtrl: Target=   0.0, Input=  -0.2, Error=   0.2, PIDTerms= 0.037/ 0.000/-0.016/ 0.000, Output= 0.020(-0.700/0.700), Volt=11.6(9.2)
GlobalTracer.printPidInfo_Info: [2.672] encoderYPidCtrl: Target= 121.2, Input=  85.8, Error=  35.5, PIDTerms= 0.603/ 0.000/-0.084/ 0.000, Output= 0.518(-0.600/0.600), Volt=11.6(9.2)
GlobalTracer.printPidInfo_Info: [2.672] gyroTurnPidCtrl: Target= -25.0, Input= -21.4, Error=  -3.6, PIDTerms=-0.064/ 0.000/-0.026/-0.000, Output=-0.090(-0.700/0.700), Volt=11.7(9.2)
GlobalTracer.printPidInfo_Info: [2.672] elevatorPidController: Target=  34.8, Input=  33.8, Error=   0.9, PIDTerms= 0.189/ 0.013/-0.000/ 0.000, Output= 0.202(-1.000/1.000), Volt=11.7(9.2)
GlobalTracer.PowerUse_Info: Battery - currVoltage: 11.80, lowestVoltage: 9.20
GlobalTracer.PowerUse_Info: Power: pdpTotalCurrent: 28.38 elev: 3.50 winch: 0.00, pickup: 0.00, total: 0.37
GlobalTracer.startCompetition_Warn: AUTO_MODE takes too long (0.167s)

GlobalTracer.printPidInfo_Info: [2.840] encoderXPidCtrl: Target=   0.0, Input=   1.5, Error=  -1.5, PIDTerms=-0.222/ 0.000/-0.152/ 0.000, Output=-0.373(-0.700/0.700), Volt=10.1(9.2)
GlobalTracer.printPidInfo_Info: [2.840] encoderYPidCtrl: Target= 121.2, Input=  98.2, Error=  23.0, PIDTerms= 0.391/ 0.000/-0.073/ 0.000, Output= 0.318(-0.600/0.600), Volt=10.1(9.2)
GlobalTracer.printPidInfo_Info: [2.840] gyroTurnPidCtrl: Target= -25.0, Input=   4.0, Error= -29.0, PIDTerms=-0.522/ 0.000/-0.239/-0.000, Output=-0.700(-0.700/0.700), Volt=10.1(9.2)
GlobalTracer.printPidInfo_Info: [2.840] elevatorPidController: Target=  34.8, Input=  34.0, Error=   0.7, PIDTerms= 0.147/ 0.014/-0.000/ 0.000, Output= 0.161(-1.000/1.000), Volt=10.2(9.2)
GlobalTracer.PowerUse_Info: Battery - currVoltage: 9.95, lowestVoltage: 9.20
GlobalTracer.PowerUse_Info: Power: pdpTotalCurrent: 109.38 elev: 2.00 winch: 0.00, pickup: 0.00, total: 0.39
GlobalTracer.startCompetition_Warn: AUTO_MODE takes too long (0.140s)

GlobalTracer.printPidInfo_Info: [2.982] encoderXPidCtrl: Target=   0.0, Input=   2.2, Error=  -2.2, PIDTerms=-0.334/ 0.000/-0.066/ 0.000, Output=-0.400(-0.700/0.700), Volt=11.0(9.2)
GlobalTracer.printPidInfo_Info: [2.982] encoderYPidCtrl: Target= 121.2, Input= 109.2, Error=  12.1, PIDTerms= 0.205/ 0.000/-0.064/ 0.000, Output= 0.141(-0.600/0.600), Volt=11.0(9.2)
GlobalTracer.printPidInfo_Info: [2.982] gyroTurnPidCtrl: Target= -25.0, Input=  30.7, Error= -55.7, PIDTerms=-1.003/ 0.000/-0.251/-0.000, Output=-0.700(-0.700/0.700), Volt=11.3(9.2)
GlobalTracer.printPidInfo_Info: [2.982] elevatorPidController: Target=  34.8, Input=  34.0, Error=   0.7, PIDTerms= 0.149/ 0.014/ 0.000/ 0.000, Output= 0.162(-1.000/1.000), Volt=11.3(9.2)
GlobalTracer.PowerUse_Info: Battery - currVoltage: 11.55, lowestVoltage: 9.20
GlobalTracer.PowerUse_Info: Power: pdpTotalCurrent: 93.75 elev: 2.25 winch: 0.00, pickup: 0.00, total: 0.43
GlobalTracer.startCompetition_Warn: AUTO_MODE takes too long (0.127s)

GlobalTracer.printPidInfo_Info: [3.111] encoderXPidCtrl: Target=   0.0, Input=  -0.9, Error=   0.9, PIDTerms= 0.133/ 0.000/ 0.399/ 0.000, Output= 0.532(-0.700/0.700), Volt=10.2(9.2)
GlobalTracer.printPidInfo_Info: [3.111] encoderYPidCtrl: Target= 121.2, Input= 113.8, Error=   7.4, PIDTerms= 0.126/ 0.000/-0.040/ 0.000, Output= 0.086(-0.600/0.600), Volt=10.2(9.2)
GlobalTracer.printPidInfo_Info: [3.111] gyroTurnPidCtrl: Target= -25.0, Input=  40.2, Error= -65.2, PIDTerms=-1.173/ 0.000/-0.129/-0.000, Output=-0.700(-0.700/0.700), Volt=10.7(9.2)
GlobalTracer.printPidInfo_Info: [3.111] elevatorPidController: Target=  34.8, Input=  34.2, Error=   0.6, PIDTerms= 0.116/ 0.014/-0.000/ 0.000, Output= 0.129(-1.000/1.000), Volt=10.7(9.2)
GlobalTracer.PowerUse_Info: Battery - currVoltage: 10.65, lowestVoltage: 9.20
GlobalTracer.PowerUse_Info: Power: pdpTotalCurrent: 64.38 elev: 1.25 winch: 0.00, pickup: 0.00, total: 0.45
GlobalTracer.startCompetition_Warn: AUTO_MODE takes too long (0.115s)

GlobalTracer.printPidInfo_Info: [3.227] encoderXPidCtrl: Target=   0.0, Input=  -7.2, Error=   7.2, PIDTerms= 1.082/ 0.000/ 0.792/ 0.000, Output= 0.700(-0.700/0.700), Volt=10.4(9.2)
GlobalTracer.printPidInfo_Info: [3.227] encoderYPidCtrl: Target= 121.2, Input= 117.1, Error=   4.1, PIDTerms= 0.070/ 0.000/-0.028/ 0.000, Output= 0.042(-0.600/0.600), Volt=10.4(9.2)
GlobalTracer.printPidInfo_Info: [3.227] gyroTurnPidCtrl: Target= -25.0, Input=  37.5, Error= -62.5, PIDTerms=-1.125/ 0.000/ 0.036/-0.000, Output=-0.700(-0.700/0.700), Volt=10.4(9.2)
GlobalTracer.printPidInfo_Info: [3.227] elevatorPidController: Target=  34.8, Input=  34.4, Error=   0.4, PIDTerms= 0.078/ 0.014/-0.000/ 0.000, Output= 0.092(-1.000/1.000), Volt=10.5(9.2)
GlobalTracer.PowerUse_Info: Battery - currVoltage: 10.45, lowestVoltage: 9.20
GlobalTracer.PowerUse_Info: Power: pdpTotalCurrent: 97.63 elev: 1.00 winch: 0.00, pickup: 0.00, total: 0.48
GlobalTracer.printPidInfo_Info: [3.313] encoderXPidCtrl: Target=   0.0, Input=  -5.9, Error=   5.9, PIDTerms= 0.884/ 0.000/-0.198/ 0.000, Output= 0.686(-0.700/0.700), Volt=11.1(9.2)
GlobalTracer.printPidInfo_Info: [3.313] encoderYPidCtrl: Target= 121.2, Input= 120.1, Error=   1.2, PIDTerms= 0.020/ 0.000/-0.029/ 0.000, Output=-0.010(-0.600/0.600), Volt=11.1(9.2)
GlobalTracer.printPidInfo_Info: [3.313] gyroTurnPidCtrl: Target= -25.0, Input=  27.9, Error= -52.9, PIDTerms=-0.951/ 0.000/ 0.154/-0.000, Output=-0.700(-0.700/0.700), Volt=11.1(9.2)
GlobalTracer.printPidInfo_Info: [3.313] elevatorPidController: Target=  34.8, Input=  34.3, Error=   0.5, PIDTerms= 0.098/ 0.014/ 0.000/ 0.000, Output= 0.112(-1.000/1.000), Volt=10.8(9.2)
GlobalTracer.printPidInfo_Info: [3.404] encoderXPidCtrl: Target=   0.0, Input=  -3.0, Error=   3.0, PIDTerms= 0.453/ 0.000/-0.634/ 0.000, Output=-0.180(-0.700/0.700), Volt=10.2(9.2)
GlobalTracer.printPidInfo_Info: [3.404] encoderYPidCtrl: Target= 121.2, Input= 118.9, Error=   2.4, PIDTerms= 0.040/ 0.000/ 0.018/ 0.000, Output= 0.058(-0.600/0.600), Volt=10.2(9.2)
GlobalTracer.printPidInfo_Info: [3.404] gyroTurnPidCtrl: Target= -25.0, Input=  21.6, Error= -46.6, PIDTerms=-0.839/ 0.000/ 0.146/-0.000, Output=-0.693(-0.700/0.700), Volt=10.2(9.2)
GlobalTracer.printPidInfo_Info: [3.404] elevatorPidController: Target=  34.8, Input=  34.3, Error=   0.5, PIDTerms= 0.098/ 0.014/ 0.000/ 0.000, Output= 0.112(-1.000/1.000), Volt=10.4(9.2)
GlobalTracer.PowerUse_Info: Battery - currVoltage: 10.35, lowestVoltage: 9.20
GlobalTracer.PowerUse_Info: Power: pdpTotalCurrent: 89.50 elev: 1.00 winch: 0.00, pickup: 0.00, total: 0.51
GlobalTracer.startCompetition_Warn: AUTO_MODE takes too long (0.102s)

GlobalTracer.printPidInfo_Info: [3.509] encoderXPidCtrl: Target=   0.0, Input=  -1.0, Error=   1.0, PIDTerms= 0.151/ 0.000/-0.251/ 0.000, Output=-0.100(-0.700/0.700), Volt=11.1(9.2)
GlobalTracer.printPidInfo_Info: [3.509] encoderYPidCtrl: Target= 121.2, Input= 118.9, Error=   2.4, PIDTerms= 0.041/ 0.000/ 0.000/ 0.000, Output= 0.041(-0.600/0.600), Volt=11.1(9.2)
GlobalTracer.printPidInfo_Info: [3.509] gyroTurnPidCtrl: Target= -25.0, Input=  14.9, Error= -39.9, PIDTerms=-0.718/ 0.000/ 0.090/-0.000, Output=-0.628(-0.700/0.700), Volt=11.1(9.2)
GlobalTracer.printPidInfo_Info: [3.509] elevatorPidController: Target=  34.8, Input=  34.3, Error=   0.5, PIDTerms= 0.098/ 0.014/ 0.000/ 0.000, Output= 0.112(-1.000/1.000), Volt=11.1(9.2)
GlobalTracer.printPidInfo_Info: [3.564] encoderXPidCtrl: Target=   0.0, Input=  -1.2, Error=   1.2, PIDTerms= 0.184/ 0.000/ 0.051/ 0.000, Output= 0.235(-0.700/0.700), Volt=11.8(9.2)
GlobalTracer.printPidInfo_Info: [3.564] encoderYPidCtrl: Target= 121.2, Input= 119.7, Error=   1.5, PIDTerms= 0.026/ 0.000/-0.014/ 0.000, Output= 0.012(-0.600/0.600), Volt=11.8(9.2)
GlobalTracer.printPidInfo_Info: [3.564] gyroTurnPidCtrl: Target= -25.0, Input=   0.2, Error= -25.2, PIDTerms=-0.453/ 0.000/ 0.365/-0.000, Output=-0.088(-0.700/0.700), Volt=12.0(9.2)
GlobalTracer.printPidInfo_Info: [3.564] elevatorPidController: Target=  34.8, Input=  34.3, Error=   0.5, PIDTerms= 0.098/ 0.014/ 0.000/ 0.000, Output= 0.112(-1.000/1.000), Volt=12.0(9.2)
GlobalTracer.PowerUse_Info: Battery - currVoltage: 12.00, lowestVoltage: 9.20
GlobalTracer.PowerUse_Info: Power: pdpTotalCurrent: 52.13 elev: 1.13 winch: 0.00, pickup: 0.00, total: 0.55
GlobalTracer.printPidInfo_Info: [3.655] encoderXPidCtrl: Target=   0.0, Input=  -1.3, Error=   1.3, PIDTerms= 0.195/ 0.000/ 0.013/ 0.000, Output= 0.207(-0.700/0.700), Volt=12.1(9.2)
GlobalTracer.printPidInfo_Info: [3.655] encoderYPidCtrl: Target= 121.2, Input= 120.0, Error=   1.2, PIDTerms= 0.021/ 0.000/-0.003/ 0.000, Output= 0.018(-0.600/0.600), Volt=12.1(9.2)
GlobalTracer.printPidInfo_Info: [3.655] gyroTurnPidCtrl: Target= -25.0, Input=  -9.8, Error= -15.2, PIDTerms=-0.274/ 0.000/ 0.187/-0.000, Output=-0.087(-0.700/0.700), Volt=12.1(9.2)
GlobalTracer.printPidInfo_Info: [3.655] elevatorPidController: Target=  34.8, Input=  34.3, Error=   0.5, PIDTerms= 0.098/ 0.014/ 0.000/ 0.000, Output= 0.113(-1.000/1.000), Volt=12.1(9.2)
GlobalTracer.printPidInfo_Info: [3.733] encoderXPidCtrl: Target=   0.0, Input=  -0.4, Error=   0.4, PIDTerms= 0.053/ 0.000/-0.203/ 0.000, Output=-0.150(-0.700/0.700), Volt=11.4(9.2)
GlobalTracer.printPidInfo_Info: [3.733] encoderYPidCtrl: Target= 121.2, Input= 120.5, Error=   0.8, PIDTerms= 0.013/ 0.000/-0.007/ 0.000, Output= 0.006(-0.600/0.600), Volt=11.4(9.2)
GlobalTracer.printPidInfo_Info: [3.733] gyroTurnPidCtrl: Target= -25.0, Input= -23.4, Error=  -1.6, PIDTerms=-0.029/ 0.000/ 0.312/-0.000, Output= 0.283(-0.700/0.700), Volt=11.5(9.2)
GlobalTracer.printPidInfo_Info: [3.733] elevatorPidController: Target=  34.8, Input=  34.3, Error=   0.4, PIDTerms= 0.087/ 0.014/-0.000/ 0.000, Output= 0.101(-1.000/1.000), Volt=11.5(9.2)
GlobalTracer.PowerUse_Info: Battery - currVoltage: 11.50, lowestVoltage: 9.20
GlobalTracer.PowerUse_Info: Power: pdpTotalCurrent: 26.50 elev: 1.00 winch: 0.00, pickup: 0.00, total: 0.56
GlobalTracer.printPidInfo_Info: [3.816] encoderXPidCtrl: Target=   0.0, Input=   0.1, Error=  -0.1, PIDTerms=-0.014/ 0.000/-0.075/ 0.000, Output=-0.089(-0.700/0.700), Volt=12.0(9.2)
GlobalTracer.printPidInfo_Info: [3.816] encoderYPidCtrl: Target= 121.2, Input= 120.9, Error=   0.3, PIDTerms= 0.005/ 0.000/-0.005/ 0.000, Output= 0.001(-0.600/0.600), Volt=12.0(9.2)
GlobalTracer.printPidInfo_Info: [3.816] gyroTurnPidCtrl: Target= -25.0, Input= -28.2, Error=   3.2, PIDTerms= 0.058/ 0.000/ 0.086/-0.000, Output= 0.144(-0.700/0.700), Volt=12.0(9.2)
GlobalTracer.printPidInfo_Info: [3.816] elevatorPidController: Target=  34.8, Input=  34.3, Error=   0.4, PIDTerms= 0.087/ 0.014/ 0.000/ 0.000, Output= 0.101(-1.000/1.000), Volt=12.0(9.2)
GlobalTracer.Robot_Info: [3.883] TURN_BACK_NORTH: xPos=  0.00,yPos=121.15,heading= -26.7/   0.0,volts=12.3(9.2)
GlobalTracer.printPidInfo_Info: [3.883] encoderXPidCtrl: Target=   0.0, Input=   0.0, Error=   0.0, PIDTerms=-0.003/ 0.000/ 0.017/ 0.000, Output= 0.000(-0.700/0.700), Volt=12.3(9.2)
GlobalTracer.printPidInfo_Info: [3.883] encoderYPidCtrl: Target= 121.1, Input= 121.0, Error=   0.0, PIDTerms= 0.004/ 0.000/-0.002/ 0.000, Output= 0.000(-0.600/0.600), Volt=12.3(9.2)
GlobalTracer.printPidInfo_Info: [3.883] gyroTurnPidCtrl: Target=   0.0, Input= -28.3, Error=  26.7, PIDTerms= 0.060/ 0.000/ 0.003/-0.000, Output= 0.000(-0.700/0.700), Volt=12.3(9.2)
GlobalTracer.printPidInfo_Info: [3.883] elevatorPidController: Target=  34.8, Input=  34.3, Error=   0.4, PIDTerms= 0.087/ 0.014/ 0.000/ 0.000, Output= 0.101(-1.000/1.000), Volt=12.3(9.2)
GlobalTracer.PowerUse_Info: Battery - currVoltage: 12.25, lowestVoltage: 9.20
GlobalTracer.PowerUse_Info: Power: pdpTotalCurrent: 7.13 elev: 1.00 winch: 0.00, pickup: 0.00, total: 0.56
GlobalTracer.printPidInfo_Info: [3.979] encoderXPidCtrl: Target=   0.0, Input=   0.0, Error=   0.0, PIDTerms= 0.000/ 0.000/ 0.000/ 0.000, Output= 0.000(-0.700/0.700), Volt=10.9(9.2)
GlobalTracer.printPidInfo_Info: [3.979] encoderYPidCtrl: Target= 121.1, Input= 121.1, Error=   0.0, PIDTerms= 0.000/ 0.000/ 0.000/ 0.000, Output= 0.000(-0.600/0.600), Volt=10.9(9.2)
GlobalTracer.printPidInfo_Info: [3.979] gyroTurnPidCtrl: Target=   0.0, Input= -26.7, Error=  26.7, PIDTerms= 0.481/ 0.000/ 0.000/ 0.000, Output= 0.481(-0.700/0.700), Volt=10.9(9.2)
GlobalTracer.printPidInfo_Info: [3.979] elevatorPidController: Target=  34.8, Input=  34.3, Error=   0.4, PIDTerms= 0.087/ 0.014/ 0.000/ 0.000, Output= 0.101(-1.000/1.000), Volt=10.9(9.2)
GlobalTracer.printPidInfo_Info: [4.052] encoderXPidCtrl: Target=   0.0, Input=   0.0, Error=   0.0, PIDTerms= 0.000/ 0.000/ 0.000/ 0.000, Output= 0.000(-0.700/0.700), Volt=11.1(9.2)
GlobalTracer.printPidInfo_Info: [4.052] encoderYPidCtrl: Target= 121.1, Input= 121.4, Error=  -0.2, PIDTerms=-0.004/ 0.000/-0.003/ 0.000, Output=-0.007(-0.600/0.600), Volt=11.1(9.2)
GlobalTracer.printPidInfo_Info: [4.052] gyroTurnPidCtrl: Target=   0.0, Input= -26.0, Error=  26.0, PIDTerms= 0.469/ 0.000/-0.015/ 0.000, Output= 0.454(-0.700/0.700), Volt=11.1(9.2)
GlobalTracer.printPidInfo_Info: [4.052] elevatorPidController: Target=  34.8, Input=  34.3, Error=   0.4, PIDTerms= 0.087/ 0.014/ 0.000/ 0.000, Output= 0.101(-1.000/1.000), Volt=11.2(9.2)
GlobalTracer.PowerUse_Info: Battery - currVoltage: 11.15, lowestVoltage: 9.20
GlobalTracer.PowerUse_Info: Power: pdpTotalCurrent: 62.75 elev: 1.00 winch: 0.00, pickup: 0.00, total: 0.58
GlobalTracer.printPidInfo_Info: [4.143] encoderXPidCtrl: Target=   0.0, Input=   0.1, Error=  -0.1, PIDTerms=-0.017/ 0.000/-0.019/ 0.000, Output=-0.036(-0.700/0.700), Volt=11.5(9.2)
GlobalTracer.printPidInfo_Info: [4.143] encoderYPidCtrl: Target= 121.1, Input= 121.5, Error=  -0.3, PIDTerms=-0.005/ 0.000/-0.001/ 0.000, Output=-0.006(-0.600/0.600), Volt=11.6(9.2)
GlobalTracer.printPidInfo_Info: [4.143] gyroTurnPidCtrl: Target=   0.0, Input= -23.6, Error=  23.6, PIDTerms= 0.424/ 0.000/-0.043/ 0.000, Output= 0.381(-0.700/0.700), Volt=11.6(9.2)
GlobalTracer.printPidInfo_Info: [4.143] elevatorPidController: Target=  34.8, Input=  34.3, Error=   0.4, PIDTerms= 0.087/ 0.014/ 0.000/ 0.000, Output= 0.101(-1.000/1.000), Volt=11.6(9.2)
GlobalTracer.printPidInfo_Info: [4.240] encoderXPidCtrl: Target=   0.0, Input=   0.1, Error=  -0.1, PIDTerms=-0.012/ 0.000/ 0.007/ 0.000, Output=-0.005(-0.700/0.700), Volt=12.0(9.2)
GlobalTracer.printPidInfo_Info: [4.240] encoderYPidCtrl: Target= 121.1, Input= 121.3, Error=  -0.2, PIDTerms=-0.003/ 0.000/ 0.002/ 0.000, Output=-0.001(-0.600/0.600), Volt=12.0(9.2)
GlobalTracer.printPidInfo_Info: [4.240] gyroTurnPidCtrl: Target=   0.0, Input= -19.2, Error=  19.2, PIDTerms= 0.345/ 0.000/-0.087/ 0.000, Output= 0.259(-0.700/0.700), Volt=12.0(9.2)
GlobalTracer.printPidInfo_Info: [4.240] elevatorPidController: Target=  34.8, Input=  34.3, Error=   0.4, PIDTerms= 0.087/ 0.014/ 0.000/ 0.000, Output= 0.101(-1.000/1.000), Volt=12.0(9.2)
GlobalTracer.PowerUse_Info: Battery - currVoltage: 11.95, lowestVoltage: 9.20
GlobalTracer.PowerUse_Info: Power: pdpTotalCurrent: 14.75 elev: 1.00 winch: 0.00, pickup: 0.00, total: 0.60
GlobalTracer.printPidInfo_Info: [4.326] encoderXPidCtrl: Target=   0.0, Input=   0.0, Error=  -0.0, PIDTerms=-0.000/ 0.000/ 0.011/ 0.000, Output= 0.011(-0.700/0.700), Volt=12.2(9.2)
GlobalTracer.printPidInfo_Info: [4.326] encoderYPidCtrl: Target= 121.1, Input= 121.4, Error=  -0.3, PIDTerms=-0.005/ 0.000/-0.001/ 0.000, Output=-0.006(-0.600/0.600), Volt=12.2(9.2)
GlobalTracer.printPidInfo_Info: [4.326] gyroTurnPidCtrl: Target=   0.0, Input= -12.6, Error=  12.6, PIDTerms= 0.227/ 0.000/-0.104/ 0.000, Output= 0.123(-0.700/0.700), Volt=12.2(9.2)
GlobalTracer.printPidInfo_Info: [4.326] elevatorPidController: Target=  34.8, Input=  34.3, Error=   0.4, PIDTerms= 0.087/ 0.014/ 0.000/ 0.000, Output= 0.101(-1.000/1.000), Volt=12.2(9.2)
GlobalTracer.printPidInfo_Info: [4.400] encoderXPidCtrl: Target=   0.0, Input=  -0.0, Error=   0.0, PIDTerms= 0.006/ 0.000/ 0.009/ 0.000, Output= 0.015(-0.700/0.700), Volt=12.3(9.2)
GlobalTracer.printPidInfo_Info: [4.400] encoderYPidCtrl: Target= 121.1, Input= 121.6, Error=  -0.5, PIDTerms=-0.008/ 0.000/-0.003/ 0.000, Output=-0.012(-0.600/0.600), Volt=12.3(9.2)
GlobalTracer.printPidInfo_Info: [4.400] gyroTurnPidCtrl: Target=   0.0, Input=  -6.5, Error=   6.5, PIDTerms= 0.116/ 0.000/-0.140/ 0.000, Output=-0.024(-0.700/0.700), Volt=12.3(9.2)
GlobalTracer.printPidInfo_Info: [4.400] elevatorPidController: Target=  34.8, Input=  34.3, Error=   0.4, PIDTerms= 0.087/ 0.014/ 0.000/ 0.000, Output= 0.101(-1.000/1.000), Volt=12.3(9.2)
GlobalTracer.PowerUse_Info: Battery - currVoltage: 12.30, lowestVoltage: 9.20
GlobalTracer.PowerUse_Info: Power: pdpTotalCurrent: 0.00 elev: 1.00 winch: 0.00, pickup: 0.00, total: 0.60
GlobalTracer.postContinuousTask_Info: Stalled=false, Expired=true
GlobalTracer.Robot_Info: [4.489] THROW_CUBE: xPos= -0.08,yPos=121.87,heading=  -2.5/   0.0,volts=12.3(9.2)
GlobalTracer.printPidInfo_Info: [4.489] elevatorPidController: Target=  34.8, Input=  34.3, Error=   0.4, PIDTerms= 0.088/ 0.014/ 0.000/ 0.000, Output= 0.103(-1.000/1.000), Volt=12.3(9.2)
GlobalTracer.Robot_Info: [4.571]       DONE: xPos= -0.08,yPos=121.76,heading=  -3.0/   0.0,volts=11.3(9.2)
GlobalTracer.printPidInfo_Info: [4.571] elevatorPidController: Target=   6.0, Input=  34.3, Error= -28.3, PIDTerms= 0.088/ 0.014/ 0.000/ 0.000, Output= 0.000(-1.000/1.000), Volt=11.3(9.2)
GlobalTracer.PowerUse_Info: Battery - currVoltage: 11.40, lowestVoltage: 9.20
GlobalTracer.PowerUse_Info: Power: pdpTotalCurrent: 44.75 elev: 1.00 winch: 0.00, pickup: 51.88, total: 0.60
GlobalTracer.printPidInfo_Info: [4.655] elevatorPidController: Target=   6.0, Input=  34.3, Error= -28.3, PIDTerms=-5.662/-0.001/ 0.000/ 0.000, Output=-1.000(-1.000/1.000), Volt=10.6(9.2)
GlobalTracer.printPidInfo_Info: [4.729] elevatorPidController: Target=   6.0, Input=  33.5, Error= -27.5, PIDTerms=-5.491/-0.002/ 0.000/ 0.000, Output=-1.000(-1.000/1.000), Volt=11.3(9.2)
GlobalTracer.PowerUse_Info: Battery - currVoltage: 11.30, lowestVoltage: 9.20
GlobalTracer.PowerUse_Info: Power: pdpTotalCurrent: 63.63 elev: 17.75 winch: 0.00, pickup: 27.00, total: 0.63
GlobalTracer.printPidInfo_Info: [4.806] elevatorPidController: Target=   6.0, Input=  27.9, Error= -21.9, PIDTerms=-4.381/-0.004/ 0.000/ 0.000, Output=-1.000(-1.000/1.000), Volt=11.6(9.2)
GlobalTracer.printPidInfo_Info: [4.882] elevatorPidController: Target=   6.0, Input=  24.3, Error= -18.3, PIDTerms=-3.661/-0.005/ 0.000/ 0.000, Output=-1.000(-1.000/1.000), Volt=11.7(9.2)
GlobalTracer.PowerUse_Info: Battery - currVoltage: 11.70, lowestVoltage: 9.20
GlobalTracer.PowerUse_Info: Power: pdpTotalCurrent: 28.38 elev: 10.38 winch: 0.00, pickup: 18.88, total: 0.65
GlobalTracer.printPidInfo_Info: [4.965] elevatorPidController: Target=   6.0, Input=  19.3, Error= -13.3, PIDTerms=-2.653/-0.007/ 0.000/ 0.000, Output=-1.000(-1.000/1.000), Volt=11.7(9.2)
GlobalTracer.printPidInfo_Info: [5.035] elevatorPidController: Target=   6.0, Input=  14.2, Error=  -8.2, PIDTerms=-1.638/-0.007/ 0.000/ 0.000, Output=-1.000(-1.000/1.000), Volt=11.8(9.2)
GlobalTracer.PowerUse_Info: Battery - currVoltage: 11.75, lowestVoltage: 9.20
GlobalTracer.PowerUse_Info: Power: pdpTotalCurrent: 25.38 elev: 8.38 winch: 0.00, pickup: 16.75, total: 0.66
GlobalTracer.printPidInfo_Info: [5.127] elevatorPidController: Target=   6.0, Input=   8.7, Error=  -2.7, PIDTerms=-0.543/-0.007/ 0.000/ 0.000, Output=-0.551(-1.000/1.000), Volt=12.0(9.2)
GlobalTracer.PowerUse_Info: Battery - currVoltage: 12.00, lowestVoltage: 9.20
GlobalTracer.PowerUse_Info: Power: pdpTotalCurrent: 19.88 elev: 0.13 winch: 0.00, pickup: 18.38, total: 0.67
GlobalTracer.printPidInfo_Info: [5.202] elevatorPidController: Target=   6.0, Input=   4.7, Error=   1.3, PIDTerms= 0.251/-0.007/ 0.000/ 0.000, Output= 0.243(-1.000/1.000), Volt=11.8(9.2)
GlobalTracer.printPidInfo_Info: [5.279] elevatorPidController: Target=   6.0, Input=   8.2, Error=  -2.2, PIDTerms=-0.437/-0.007/-0.000/ 0.000, Output=-0.445(-1.000/1.000), Volt=11.6(9.2)
GlobalTracer.PowerUse_Info: Battery - currVoltage: 11.60, lowestVoltage: 9.20
GlobalTracer.PowerUse_Info: Power: pdpTotalCurrent: 19.88 elev: 6.00 winch: 0.00, pickup: 14.88, total: 0.68
GlobalTracer.printPidInfo_Info: [5.367] elevatorPidController: Target=   6.0, Input=   7.7, Error=  -1.7, PIDTerms=-0.336/-0.008/ 0.000/ 0.000, Output=-0.343(-1.000/1.000), Volt=12.0(9.2)
GlobalTracer.printPidInfo_Info: [5.410] elevatorPidController: Target=   6.0, Input=   8.0, Error=  -2.0, PIDTerms=-0.400/-0.008/-0.000/ 0.000, Output=-0.408(-1.000/1.000), Volt=12.0(9.2)
GlobalTracer.PowerUse_Info: Battery - currVoltage: 11.95, lowestVoltage: 9.20
GlobalTracer.PowerUse_Info: Power: pdpTotalCurrent: 13.38 elev: 0.13 winch: 0.00, pickup: 13.38, total: 0.69
GlobalTracer.printPidInfo_Info: [5.484] elevatorPidController: Target=   6.0, Input=   8.0, Error=  -2.0, PIDTerms=-0.399/-0.008/ 0.000/ 0.000, Output=-0.406(-1.000/1.000), Volt=12.0(9.2)
GlobalTracer.printPidInfo_Info: [5.522] elevatorPidController: Target=   6.0, Input=   8.0, Error=  -2.0, PIDTerms=-0.400/-0.008/-0.000/ 0.000, Output=-0.408(-1.000/1.000), Volt=12.0(9.2)
GlobalTracer.PowerUse_Info: Battery - currVoltage: 12.00, lowestVoltage: 9.20
GlobalTracer.PowerUse_Info: Power: pdpTotalCurrent: 12.50 elev: 0.13 winch: 0.00, pickup: 12.63, total: 0.69
GlobalTracer.printPidInfo_Info: [5.608] elevatorPidController: Target=   6.0, Input=   8.0, Error=  -2.0, PIDTerms=-0.401/-0.008/-0.000/ 0.000, Output=-0.410(-1.000/1.000), Volt=12.1(9.2)
GlobalTracer.printPidInfo_Info: [5.685] elevatorPidController: Target=   6.0, Input=   8.0, Error=  -2.0, PIDTerms=-0.401/-0.008/ 0.000/ 0.000, Output=-0.410(-1.000/1.000), Volt=12.1(9.2)
GlobalTracer.PowerUse_Info: Battery - currVoltage: 12.10, lowestVoltage: 9.20
GlobalTracer.PowerUse_Info: Power: pdpTotalCurrent: 12.13 elev: 0.13 winch: 0.00, pickup: 11.88, total: 0.70
GlobalTracer.printPidInfo_Info: [5.774] elevatorPidController: Target=   6.0, Input=   8.0, Error=  -2.0, PIDTerms=-0.401/-0.008/ 0.000/ 0.000, Output=-0.410(-1.000/1.000), Volt=12.1(9.2)
GlobalTracer.printPidInfo_Info: [5.832] elevatorPidController: Target=   6.0, Input=   8.0, Error=  -2.0, PIDTerms=-0.401/-0.009/ 0.000/ 0.000, Output=-0.410(-1.000/1.000), Volt=12.2(9.2)
GlobalTracer.PowerUse_Info: Battery - currVoltage: 12.05, lowestVoltage: 9.20
GlobalTracer.PowerUse_Info: Power: pdpTotalCurrent: 11.38 elev: 0.13 winch: 0.00, pickup: 11.63, total: 0.70
GlobalTracer.printPidInfo_Info: [5.917] elevatorPidController: Target=   6.0, Input=   8.0, Error=  -2.0, PIDTerms=-0.401/-0.009/ 0.000/ 0.000, Output=-0.410(-1.000/1.000), Volt=12.1(9.2)
GlobalTracer.printPidInfo_Info: [5.964] elevatorPidController: Target=   6.0, Input=   8.0, Error=  -2.0, PIDTerms=-0.401/-0.009/ 0.000/ 0.000, Output=-0.410(-1.000/1.000), Volt=12.1(9.2)
GlobalTracer.PowerUse_Info: Battery - currVoltage: 12.05, lowestVoltage: 9.20
GlobalTracer.PowerUse_Info: Power: pdpTotalCurrent: 11.38 elev: 0.13 winch: 0.00, pickup: 11.50, total: 0.71
GlobalTracer.printPidInfo_Info: [6.057] elevatorPidController: Target=   6.0, Input=   8.0, Error=  -2.0, PIDTerms=-0.401/-0.009/ 0.000/ 0.000, Output=-0.410(-1.000/1.000), Volt=12.1(9.2)
GlobalTracer.printPidInfo_Info: [6.109] elevatorPidController: Target=   6.0, Input=   8.0, Error=  -2.0, PIDTerms=-0.401/-0.009/ 0.000/ 0.000, Output=-0.411(-1.000/1.000), Volt=12.1(9.2)
GlobalTracer.PowerUse_Info: Battery - currVoltage: 12.10, lowestVoltage: 9.20
GlobalTracer.PowerUse_Info: Power: pdpTotalCurrent: 11.13 elev: 0.13 winch: 0.00, pickup: 11.63, total: 0.71
GlobalTracer.printPidInfo_Info: [6.184] elevatorPidController: Target=   6.0, Input=   8.0, Error=  -2.0, PIDTerms=-0.401/-0.009/ 0.000/ 0.000, Output=-0.411(-1.000/1.000), Volt=12.1(9.2)
GlobalTracer.printPidInfo_Info: [6.251] elevatorPidController: Target=   6.0, Input=   8.0, Error=  -2.0, PIDTerms=-0.401/-0.009/ 0.000/ 0.000, Output=-0.411(-1.000/1.000), Volt=12.1(9.2)
GlobalTracer.PowerUse_Info: Battery - currVoltage: 12.10, lowestVoltage: 9.20
GlobalTracer.PowerUse_Info: Power: pdpTotalCurrent: 11.00 elev: 0.13 winch: 0.00, pickup: 11.63, total: 0.72
GlobalTracer.printPidInfo_Info: [6.341] elevatorPidController: Target=   6.0, Input=   8.0, Error=  -2.0, PIDTerms=-0.401/-0.010/ 0.000/ 0.000, Output=-0.411(-1.000/1.000), Volt=12.1(9.2)
GlobalTracer.printPidInfo_Info: [6.385] elevatorPidController: Target=   6.0, Input=   8.0, Error=  -2.0, PIDTerms=-0.401/-0.010/ 0.000/ 0.000, Output=-0.411(-1.000/1.000), Volt=12.1(9.2)
GlobalTracer.PowerUse_Info: Battery - currVoltage: 12.10, lowestVoltage: 9.20
GlobalTracer.PowerUse_Info: Power: pdpTotalCurrent: 11.00 elev: 0.13 winch: 0.00, pickup: 11.25, total: 0.73
GlobalTracer.printPidInfo_Info: [6.464] elevatorPidController: Target=   6.0, Input=   8.0, Error=  -2.0, PIDTerms=-0.401/-0.010/ 0.000/ 0.000, Output=-0.411(-1.000/1.000), Volt=12.2(9.2)
GlobalTracer.printPidInfo_Info: [6.528] elevatorPidController: Target=   6.0, Input=   8.0, Error=  -2.0, PIDTerms=-0.401/-0.010/ 0.000/ 0.000, Output=-0.411(-1.000/1.000), Volt=12.1(9.2)
GlobalTracer.PowerUse_Info: Battery - currVoltage: 12.15, lowestVoltage: 9.20
GlobalTracer.PowerUse_Info: Power: pdpTotalCurrent: 10.88 elev: 0.13 winch: 0.00, pickup: 11.25, total: 0.73
GlobalTracer.startCompetition_Warn: AUTO_MODE takes too long (0.109s)

GlobalTracer.printPidInfo_Info: [6.638] elevatorPidController: Target=   6.0, Input=   8.0, Error=  -2.0, PIDTerms=-0.401/-0.010/ 0.000/ 0.000, Output=-0.412(-1.000/1.000), Volt=12.1(9.2)
GlobalTracer.printPidInfo_Info: [6.697] elevatorPidController: Target=   6.0, Input=   8.0, Error=  -2.0, PIDTerms=-0.401/-0.010/ 0.000/ 0.000, Output=-0.412(-1.000/1.000), Volt=12.1(9.2)
GlobalTracer.PowerUse_Info: Battery - currVoltage: 12.10, lowestVoltage: 9.20
GlobalTracer.PowerUse_Info: Power: pdpTotalCurrent: 10.88 elev: 0.13 winch: 0.00, pickup: 11.38, total: 0.74
GlobalTracer.printPidInfo_Info: [6.767] elevatorPidController: Target=   6.0, Input=   8.0, Error=  -2.0, PIDTerms=-0.401/-0.010/ 0.000/ 0.000, Output=-0.412(-1.000/1.000), Volt=12.2(9.2)
GlobalTracer.printPidInfo_Info: [6.816] elevatorPidController: Target=   6.0, Input=   8.0, Error=  -2.0, PIDTerms=-0.401/-0.011/ 0.000/ 0.000, Output=-0.412(-1.000/1.000), Volt=12.1(9.2)
GlobalTracer.PowerUse_Info: Battery - currVoltage: 12.10, lowestVoltage: 9.20
GlobalTracer.PowerUse_Info: Power: pdpTotalCurrent: 11.00 elev: 0.13 winch: 0.00, pickup: 11.38, total: 0.74
GlobalTracer.printPidInfo_Info: [6.877] elevatorPidController: Target=   6.0, Input=   8.0, Error=  -2.0, PIDTerms=-0.401/-0.011/ 0.000/ 0.000, Output=-0.412(-1.000/1.000), Volt=12.2(9.2)
GlobalTracer.printPidInfo_Info: [6.945] elevatorPidController: Target=   6.0, Input=   8.0, Error=  -2.0, PIDTerms=-0.401/-0.011/ 0.000/ 0.000, Output=-0.412(-1.000/1.000), Volt=12.2(9.2)
GlobalTracer.PowerUse_Info: Battery - currVoltage: 12.15, lowestVoltage: 9.20
GlobalTracer.PowerUse_Info: Power: pdpTotalCurrent: 10.75 elev: 0.13 winch: 0.00, pickup: 11.25, total: 0.75
GlobalTracer.startCompetition_Warn: AUTO_MODE takes too long (0.107s)

GlobalTracer.printPidInfo_Info: [7.052] elevatorPidController: Target=   6.0, Input=   8.0, Error=  -2.0, PIDTerms=-0.401/-0.011/ 0.000/ 0.000, Output=-0.412(-1.000/1.000), Volt=12.1(9.2)
GlobalTracer.printPidInfo_Info: [7.098] elevatorPidController: Target=   6.0, Input=   8.0, Error=  -2.0, PIDTerms=-0.401/-0.011/ 0.000/ 0.000, Output=-0.413(-1.000/1.000), Volt=12.1(9.2)
GlobalTracer.PowerUse_Info: Battery - currVoltage: 12.10, lowestVoltage: 9.20
GlobalTracer.PowerUse_Info: Power: pdpTotalCurrent: 11.00 elev: 0.13 winch: 0.00, pickup: 11.25, total: 0.75
GlobalTracer.startCompetition_Warn: AUTO_MODE takes too long (0.107s)

GlobalTracer.printPidInfo_Info: [7.207] elevatorPidController: Target=   6.0, Input=   8.0, Error=  -2.0, PIDTerms=-0.401/-0.011/ 0.000/ 0.000, Output=-0.413(-1.000/1.000), Volt=12.1(9.2)
GlobalTracer.PowerUse_Info: Battery - currVoltage: 12.10, lowestVoltage: 9.20
GlobalTracer.PowerUse_Info: Power: pdpTotalCurrent: 10.88 elev: 0.13 winch: 0.00, pickup: 11.38, total: 0.76
GlobalTracer.printPidInfo_Info: [7.291] elevatorPidController: Target=   6.0, Input=   8.0, Error=  -2.0, PIDTerms=-0.401/-0.011/ 0.000/ 0.000, Output=-0.413(-1.000/1.000), Volt=12.2(9.2)
GlobalTracer.printPidInfo_Info: [7.358] elevatorPidController: Target=   6.0, Input=   8.0, Error=  -2.0, PIDTerms=-0.401/-0.012/ 0.000/ 0.000, Output=-0.413(-1.000/1.000), Volt=12.1(9.2)
GlobalTracer.PowerUse_Info: Battery - currVoltage: 12.10, lowestVoltage: 9.20
GlobalTracer.PowerUse_Info: Power: pdpTotalCurrent: 10.63 elev: 0.13 winch: 0.00, pickup: 11.13, total: 0.76
GlobalTracer.printPidInfo_Info: [7.447] elevatorPidController: Target=   6.0, Input=   8.0, Error=  -2.0, PIDTerms=-0.401/-0.012/ 0.000/ 0.000, Output=-0.413(-1.000/1.000), Volt=12.1(9.2)
GlobalTracer.printPidInfo_Info: [7.487] elevatorPidController: Target=   6.0, Input=   8.0, Error=  -2.0, PIDTerms=-0.401/-0.012/ 0.000/ 0.000, Output=-0.413(-1.000/1.000), Volt=12.2(9.2)
GlobalTracer.PowerUse_Info: Battery - currVoltage: 12.20, lowestVoltage: 9.20
GlobalTracer.PowerUse_Info: Power: pdpTotalCurrent: 10.63 elev: 0.13 winch: 0.00, pickup: 11.13, total: 0.77
GlobalTracer.printPidInfo_Info: [7.585] elevatorPidController: Target=   6.0, Input=   8.0, Error=  -2.0, PIDTerms=-0.401/-0.012/ 0.000/ 0.000, Output=-0.414(-1.000/1.000), Volt=12.2(9.2)
GlobalTracer.printPidInfo_Info: [7.625] elevatorPidController: Target=   6.0, Input=   8.0, Error=  -2.0, PIDTerms=-0.401/-0.012/ 0.000/ 0.000, Output=-0.414(-1.000/1.000), Volt=12.2(9.2)
GlobalTracer.PowerUse_Info: Battery - currVoltage: 12.15, lowestVoltage: 9.20
GlobalTracer.PowerUse_Info: Power: pdpTotalCurrent: 10.63 elev: 0.13 winch: 0.00, pickup: 11.13, total: 0.77
GlobalTracer.printPidInfo_Info: [7.712] elevatorPidController: Target=   6.0, Input=   8.0, Error=  -2.0, PIDTerms=-0.401/-0.012/ 0.000/ 0.000, Output=-0.414(-1.000/1.000), Volt=12.2(9.2)
GlobalTracer.printPidInfo_Info: [7.782] elevatorPidController: Target=   6.0, Input=   8.0, Error=  -2.0, PIDTerms=-0.401/-0.012/ 0.000/ 0.000, Output=-0.414(-1.000/1.000), Volt=12.2(9.2)
GlobalTracer.PowerUse_Info: Battery - currVoltage: 12.15, lowestVoltage: 9.20
GlobalTracer.PowerUse_Info: Power: pdpTotalCurrent: 10.63 elev: 0.13 winch: 0.00, pickup: 11.25, total: 0.78
GlobalTracer.printPidInfo_Info: [7.847] elevatorPidController: Target=   6.0, Input=   8.0, Error=  -2.0, PIDTerms=-0.401/-0.013/ 0.000/ 0.000, Output=-0.414(-1.000/1.000), Volt=12.2(9.2)
GlobalTracer.printPidInfo_Info: [7.912] elevatorPidController: Target=   6.0, Input=   8.0, Error=  -2.0, PIDTerms=-0.401/-0.013/ 0.000/ 0.000, Output=-0.414(-1.000/1.000), Volt=12.2(9.2)
GlobalTracer.PowerUse_Info: Battery - currVoltage: 12.10, lowestVoltage: 9.20
GlobalTracer.PowerUse_Info: Power: pdpTotalCurrent: 10.63 elev: 0.13 winch: 0.00, pickup: 11.38, total: 0.78
GlobalTracer.printPidInfo_Info: [7.984] elevatorPidController: Target=   6.0, Input=   8.0, Error=  -2.0, PIDTerms=-0.401/-0.013/ 0.000/ 0.000, Output=-0.414(-1.000/1.000), Volt=12.2(9.2)
GlobalTracer.printPidInfo_Info: [8.042] elevatorPidController: Target=   6.0, Input=   8.0, Error=  -2.0, PIDTerms=-0.401/-0.013/ 0.000/ 0.000, Output=-0.414(-1.000/1.000), Volt=12.2(9.2)
GlobalTracer.PowerUse_Info: Battery - currVoltage: 12.15, lowestVoltage: 9.20
GlobalTracer.PowerUse_Info: Power: pdpTotalCurrent: 10.75 elev: 0.13 winch: 0.00, pickup: 11.38, total: 0.78
GlobalTracer.printPidInfo_Info: [8.121] elevatorPidController: Target=   6.0, Input=   8.0, Error=  -2.0, PIDTerms=-0.401/-0.013/ 0.000/ 0.000, Output=-0.415(-1.000/1.000), Volt=12.1(9.2)
GlobalTracer.printPidInfo_Info: [8.186] elevatorPidController: Target=   6.0, Input=   8.0, Error=  -2.0, PIDTerms=-0.401/-0.013/ 0.000/ 0.000, Output=-0.415(-1.000/1.000), Volt=12.2(9.2)
GlobalTracer.PowerUse_Info: Battery - currVoltage: 12.15, lowestVoltage: 9.20
GlobalTracer.PowerUse_Info: Power: pdpTotalCurrent: 10.63 elev: 0.13 winch: 0.00, pickup: 11.38, total: 0.79
GlobalTracer.printPidInfo_Info: [8.246] elevatorPidController: Target=   6.0, Input=   8.0, Error=  -2.0, PIDTerms=-0.401/-0.013/ 0.000/ 0.000, Output=-0.415(-1.000/1.000), Volt=12.1(9.2)
GlobalTracer.printPidInfo_Info: [8.306] elevatorPidController: Target=   6.0, Input=   8.0, Error=  -2.0, PIDTerms=-0.401/-0.014/ 0.000/ 0.000, Output=-0.415(-1.000/1.000), Volt=12.1(9.2)
GlobalTracer.PowerUse_Info: Battery - currVoltage: 12.10, lowestVoltage: 9.20
GlobalTracer.PowerUse_Info: Power: pdpTotalCurrent: 10.75 elev: 0.13 winch: 0.00, pickup: 11.25, total: 0.79
GlobalTracer.printPidInfo_Info: [8.365] elevatorPidController: Target=   6.0, Input=   8.0, Error=  -2.0, PIDTerms=-0.401/-0.014/ 0.000/ 0.000, Output=-0.415(-1.000/1.000), Volt=12.2(9.2)
GlobalTracer.printPidInfo_Info: [8.424] elevatorPidController: Target=   6.0, Input=   8.0, Error=  -2.0, PIDTerms=-0.401/-0.014/ 0.000/ 0.000, Output=-0.415(-1.000/1.000), Volt=12.1(9.2)
GlobalTracer.PowerUse_Info: Battery - currVoltage: 12.10, lowestVoltage: 9.20
GlobalTracer.PowerUse_Info: Power: pdpTotalCurrent: 10.63 elev: 0.13 winch: 0.00, pickup: 11.13, total: 0.80
GlobalTracer.printPidInfo_Info: [8.523] elevatorPidController: Target=   6.0, Input=   8.0, Error=  -2.0, PIDTerms=-0.401/-0.014/ 0.000/ 0.000, Output=-0.415(-1.000/1.000), Volt=12.2(9.2)
GlobalTracer.printPidInfo_Info: [8.577] elevatorPidController: Target=   6.0, Input=   8.0, Error=  -2.0, PIDTerms=-0.401/-0.014/ 0.000/ 0.000, Output=-0.416(-1.000/1.000), Volt=12.2(9.2)
GlobalTracer.PowerUse_Info: Battery - currVoltage: 12.20, lowestVoltage: 9.20
GlobalTracer.PowerUse_Info: Power: pdpTotalCurrent: 10.38 elev: 0.13 winch: 0.00, pickup: 11.13, total: 0.80
GlobalTracer.startCompetition_Warn: AUTO_MODE takes too long (0.102s)

GlobalTracer.printPidInfo_Info: [8.680] elevatorPidController: Target=   6.0, Input=   8.0, Error=  -2.0, PIDTerms=-0.401/-0.014/ 0.000/ 0.000, Output=-0.416(-1.000/1.000), Volt=12.2(9.2)
GlobalTracer.printPidInfo_Info: [8.720] elevatorPidController: Target=   6.0, Input=   8.0, Error=  -2.0, PIDTerms=-0.401/-0.014/ 0.000/ 0.000, Output=-0.416(-1.000/1.000), Volt=12.2(9.2)
GlobalTracer.PowerUse_Info: Battery - currVoltage: 12.15, lowestVoltage: 9.20
GlobalTracer.PowerUse_Info: Power: pdpTotalCurrent: 10.50 elev: 0.13 winch: 0.00, pickup: 11.25, total: 0.81
GlobalTracer.startCompetition_Warn: AUTO_MODE takes too long (0.102s)

GlobalTracer.printPidInfo_Info: [8.824] elevatorPidController: Target=   6.0, Input=   8.0, Error=  -2.0, PIDTerms=-0.401/-0.015/ 0.000/ 0.000, Output=-0.416(-1.000/1.000), Volt=12.2(9.2)
GlobalTracer.printPidInfo_Info: [8.858] elevatorPidController: Target=   6.0, Input=   8.0, Error=  -2.0, PIDTerms=-0.401/-0.015/ 0.000/ 0.000, Output=-0.416(-1.000/1.000), Volt=12.2(9.2)
GlobalTracer.PowerUse_Info: Battery - currVoltage: 12.15, lowestVoltage: 9.20
GlobalTracer.PowerUse_Info: Power: pdpTotalCurrent: 10.50 elev: 0.13 winch: 0.00, pickup: 11.00, total: 0.81
GlobalTracer.printPidInfo_Info: [8.946] elevatorPidController: Target=   6.0, Input=   8.0, Error=  -2.0, PIDTerms=-0.401/-0.015/ 0.000/ 0.000, Output=-0.416(-1.000/1.000), Volt=12.2(9.2)
GlobalTracer.printPidInfo_Info: [9.013] elevatorPidController: Target=   6.0, Input=   8.0, Error=  -2.0, PIDTerms=-0.401/-0.015/ 0.000/ 0.000, Output=-0.416(-1.000/1.000), Volt=12.2(9.2)
GlobalTracer.PowerUse_Info: Battery - currVoltage: 12.10, lowestVoltage: 9.20
GlobalTracer.PowerUse_Info: Power: pdpTotalCurrent: 10.38 elev: 0.13 winch: 0.00, pickup: 11.13, total: 0.82
GlobalTracer.printPidInfo_Info: [9.085] elevatorPidController: Target=   6.0, Input=   8.0, Error=  -2.0, PIDTerms=-0.401/-0.015/ 0.000/ 0.000, Output=-0.417(-1.000/1.000), Volt=12.1(9.2)
GlobalTracer.printPidInfo_Info: [9.155] elevatorPidController: Target=   6.0, Input=   8.0, Error=  -2.0, PIDTerms=-0.401/-0.015/ 0.000/ 0.000, Output=-0.417(-1.000/1.000), Volt=12.2(9.2)
GlobalTracer.PowerUse_Info: Battery - currVoltage: 12.15, lowestVoltage: 9.20
GlobalTracer.PowerUse_Info: Power: pdpTotalCurrent: 10.38 elev: 0.13 winch: 0.00, pickup: 11.00, total: 0.82
GlobalTracer.printPidInfo_Info: [9.253] elevatorPidController: Target=   6.0, Input=   8.0, Error=  -2.0, PIDTerms=-0.401/-0.015/ 0.000/ 0.000, Output=-0.417(-1.000/1.000), Volt=12.1(9.2)
GlobalTracer.printPidInfo_Info: [9.298] elevatorPidController: Target=   6.0, Input=   8.0, Error=  -2.0, PIDTerms=-0.401/-0.016/ 0.000/ 0.000, Output=-0.417(-1.000/1.000), Volt=12.2(9.2)
GlobalTracer.PowerUse_Info: Battery - currVoltage: 12.15, lowestVoltage: 9.20
GlobalTracer.PowerUse_Info: Power: pdpTotalCurrent: 10.38 elev: 0.13 winch: 0.00, pickup: 11.00, total: 0.83
GlobalTracer.startCompetition_Warn: AUTO_MODE takes too long (0.105s)

GlobalTracer.printPidInfo_Info: [9.404] elevatorPidController: Target=   6.0, Input=   8.0, Error=  -2.0, PIDTerms=-0.401/-0.016/ 0.000/ 0.000, Output=-0.417(-1.000/1.000), Volt=12.2(9.2)
GlobalTracer.PowerUse_Info: Battery - currVoltage: 12.20, lowestVoltage: 9.20
GlobalTracer.PowerUse_Info: Power: pdpTotalCurrent: 10.38 elev: 0.13 winch: 0.00, pickup: 11.13, total: 0.83
GlobalTracer.printPidInfo_Info: [9.471] elevatorPidController: Target=   6.0, Input=   8.0, Error=  -2.0, PIDTerms=-0.401/-0.016/ 0.000/ 0.000, Output=-0.417(-1.000/1.000), Volt=12.2(9.2)
GlobalTracer.printPidInfo_Info: [9.539] elevatorPidController: Target=   6.0, Input=   8.0, Error=  -2.0, PIDTerms=-0.401/-0.016/ 0.000/ 0.000, Output=-0.417(-1.000/1.000), Volt=12.1(9.2)
GlobalTracer.PowerUse_Info: Battery - currVoltage: 12.15, lowestVoltage: 9.20
GlobalTracer.PowerUse_Info: Power: pdpTotalCurrent: 10.50 elev: 0.13 winch: 0.00, pickup: 11.13, total: 0.84
GlobalTracer.printPidInfo_Info: [9.608] elevatorPidController: Target=   6.0, Input=   8.0, Error=  -2.0, PIDTerms=-0.401/-0.016/ 0.000/ 0.000, Output=-0.418(-1.000/1.000), Volt=12.2(9.2)
GlobalTracer.printPidInfo_Info: [9.667] elevatorPidController: Target=   6.0, Input=   8.0, Error=  -2.0, PIDTerms=-0.401/-0.016/ 0.000/ 0.000, Output=-0.418(-1.000/1.000), Volt=12.2(9.2)
GlobalTracer.PowerUse_Info: Battery - currVoltage: 12.15, lowestVoltage: 9.20
GlobalTracer.PowerUse_Info: Power: pdpTotalCurrent: 10.50 elev: 0.13 winch: 0.00, pickup: 11.13, total: 0.84
GlobalTracer.printPidInfo_Info: [9.766] elevatorPidController: Target=   6.0, Input=   8.0, Error=  -2.0, PIDTerms=-0.401/-0.016/ 0.000/ 0.000, Output=-0.418(-1.000/1.000), Volt=12.1(9.2)
GlobalTracer.printPidInfo_Info: [9.806] elevatorPidController: Target=   6.0, Input=   8.0, Error=  -2.0, PIDTerms=-0.401/-0.017/ 0.000/ 0.000, Output=-0.418(-1.000/1.000), Volt=12.2(9.2)
GlobalTracer.PowerUse_Info: Battery - currVoltage: 12.20, lowestVoltage: 9.20
GlobalTracer.PowerUse_Info: Power: pdpTotalCurrent: 10.38 elev: 0.13 winch: 0.00, pickup: 11.00, total: 0.85
GlobalTracer.printPidInfo_Info: [9.902] elevatorPidController: Target=   6.0, Input=   8.0, Error=  -2.0, PIDTerms=-0.401/-0.017/ 0.000/ 0.000, Output=-0.418(-1.000/1.000), Volt=12.2(9.2)
GlobalTracer.printPidInfo_Info: [9.945] elevatorPidController: Target=   6.0, Input=   8.0, Error=  -2.0, PIDTerms=-0.401/-0.017/ 0.000/ 0.000, Output=-0.418(-1.000/1.000), Volt=12.2(9.2)
GlobalTracer.PowerUse_Info: Battery - currVoltage: 12.20, lowestVoltage: 9.20
GlobalTracer.PowerUse_Info: Power: pdpTotalCurrent: 10.38 elev: 0.13 winch: 0.00, pickup: 11.00, total: 0.85
GlobalTracer.printPidInfo_Info: [10.036] elevatorPidController: Target=   6.0, Input=   8.0, Error=  -2.0, PIDTerms=-0.401/-0.017/ 0.000/ 0.000, Output=-0.418(-1.000/1.000), Volt=12.2(9.2)
GlobalTracer.printPidInfo_Info: [10.086] elevatorPidController: Target=   6.0, Input=   8.0, Error=  -2.0, PIDTerms=-0.401/-0.017/ 0.000/ 0.000, Output=-0.419(-1.000/1.000), Volt=12.2(9.2)
GlobalTracer.PowerUse_Info: Battery - currVoltage: 12.15, lowestVoltage: 9.20
GlobalTracer.PowerUse_Info: Power: pdpTotalCurrent: 10.38 elev: 0.13 winch: 0.00, pickup: 11.00, total: 0.86
GlobalTracer.printPidInfo_Info: [10.145] elevatorPidController: Target=   6.0, Input=   8.0, Error=  -2.0, PIDTerms=-0.401/-0.017/ 0.000/ 0.000, Output=-0.419(-1.000/1.000), Volt=12.2(9.2)
GlobalTracer.printPidInfo_Info: [10.194] elevatorPidController: Target=   6.0, Input=   8.0, Error=  -2.0, PIDTerms=-0.401/-0.017/ 0.000/ 0.000, Output=-0.419(-1.000/1.000), Volt=12.2(9.2)
GlobalTracer.PowerUse_Info: Battery - currVoltage: 12.15, lowestVoltage: 9.20
GlobalTracer.PowerUse_Info: Power: pdpTotalCurrent: 10.38 elev: 0.13 winch: 0.00, pickup: 11.00, total: 0.86
GlobalTracer.printPidInfo_Info: [10.262] elevatorPidController: Target=   6.0, Input=   8.0, Error=  -2.0, PIDTerms=-0.401/-0.018/ 0.000/ 0.000, Output=-0.419(-1.000/1.000), Volt=12.1(9.2)
GlobalTracer.printPidInfo_Info: [10.306] elevatorPidController: Target=   6.0, Input=   8.0, Error=  -2.0, PIDTerms=-0.401/-0.018/ 0.000/ 0.000, Output=-0.419(-1.000/1.000), Volt=12.1(9.2)
GlobalTracer.PowerUse_Info: Battery - currVoltage: 12.15, lowestVoltage: 9.20
GlobalTracer.PowerUse_Info: Power: pdpTotalCurrent: 10.25 elev: 0.13 winch: 0.00, pickup: 10.88, total: 0.86
GlobalTracer.printPidInfo_Info: [10.364] elevatorPidController: Target=   6.0, Input=   8.0, Error=  -2.0, PIDTerms=-0.401/-0.018/ 0.000/ 0.000, Output=-0.419(-1.000/1.000), Volt=12.2(9.2)
GlobalTracer.printPidInfo_Info: [10.408] elevatorPidController: Target=   6.0, Input=   8.0, Error=  -2.0, PIDTerms=-0.401/-0.018/ 0.000/ 0.000, Output=-0.419(-1.000/1.000), Volt=12.2(9.2)
GlobalTracer.PowerUse_Info: Battery - currVoltage: 12.15, lowestVoltage: 9.20
GlobalTracer.PowerUse_Info: Power: pdpTotalCurrent: 10.38 elev: 0.13 winch: 0.00, pickup: 11.13, total: 0.87
GlobalTracer.printPidInfo_Info: [10.489] elevatorPidController: Target=   6.0, Input=   8.0, Error=  -2.0, PIDTerms=-0.401/-0.018/ 0.000/ 0.000, Output=-0.419(-1.000/1.000), Volt=12.2(9.2)
GlobalTracer.printPidInfo_Info: [10.559] elevatorPidController: Target=   6.0, Input=   8.0, Error=  -2.0, PIDTerms=-0.401/-0.018/ 0.000/ 0.000, Output=-0.419(-1.000/1.000), Volt=12.2(9.2)
GlobalTracer.PowerUse_Info: Battery - currVoltage: 12.15, lowestVoltage: 9.20
GlobalTracer.PowerUse_Info: Power: pdpTotalCurrent: 10.38 elev: 0.13 winch: 0.00, pickup: 11.13, total: 0.87
GlobalTracer.printPidInfo_Info: [10.617] elevatorPidController: Target=   6.0, Input=   8.0, Error=  -2.0, PIDTerms=-0.401/-0.018/ 0.000/ 0.000, Output=-0.420(-1.000/1.000), Volt=12.2(9.2)
GlobalTracer.printPidInfo_Info: [10.662] elevatorPidController: Target=   6.0, Input=   8.0, Error=  -2.0, PIDTerms=-0.401/-0.018/ 0.000/ 0.000, Output=-0.420(-1.000/1.000), Volt=12.2(9.2)
GlobalTracer.printPidInfo_Info: [10.708] elevatorPidController: Target=   6.0, Input=   8.0, Error=  -2.0, PIDTerms=-0.401/-0.018/ 0.000/ 0.000, Output=-0.420(-1.000/1.000), Volt=12.2(9.2)
GlobalTracer.PowerUse_Info: Battery - currVoltage: 12.20, lowestVoltage: 9.20
GlobalTracer.PowerUse_Info: Power: pdpTotalCurrent: 10.50 elev: 0.13 winch: 0.00, pickup: 11.13, total: 0.88
GlobalTracer.startCompetition_Warn: AUTO_MODE takes too long (0.106s)

GlobalTracer.printPidInfo_Info: [10.816] elevatorPidController: Target=   6.0, Input=   8.0, Error=  -2.0, PIDTerms=-0.401/-0.019/ 0.000/ 0.000, Output=-0.420(-1.000/1.000), Volt=12.3(9.2)
GlobalTracer.PowerUse_Info: Battery - currVoltage: 12.25, lowestVoltage: 9.20
GlobalTracer.PowerUse_Info: Power: pdpTotalCurrent: 10.50 elev: 0.13 winch: 0.00, pickup: 11.25, total: 0.88
GlobalTracer.startCompetition_Warn: AUTO_MODE takes too long (0.156s)

GlobalTracer.printPidInfo_Info: [10.975] elevatorPidController: Target=   6.0, Input=   8.0, Error=  -2.0, PIDTerms=-0.401/-0.019/ 0.000/ 0.000, Output=-0.420(-1.000/1.000), Volt=12.2(9.2)
GlobalTracer.PowerUse_Info: Battery - currVoltage: 12.15, lowestVoltage: 9.20
GlobalTracer.PowerUse_Info: Power: pdpTotalCurrent: 10.38 elev: 0.13 winch: 0.00, pickup: 10.88, total: 0.89
GlobalTracer.startCompetition_Warn: AUTO_MODE takes too long (0.164s)

GlobalTracer.printPidInfo_Info: [11.141] elevatorPidController: Target=   6.0, Input=   8.0, Error=  -2.0, PIDTerms=-0.401/-0.019/ 0.000/ 0.000, Output=-0.421(-1.000/1.000), Volt=12.2(9.2)
GlobalTracer.PowerUse_Info: Battery - currVoltage: 12.15, lowestVoltage: 9.20
GlobalTracer.PowerUse_Info: Power: pdpTotalCurrent: 10.50 elev: 0.13 winch: 0.00, pickup: 11.00, total: 0.89
GlobalTracer.startCompetition_Warn: AUTO_MODE takes too long (0.108s)

GlobalTracer.printPidInfo_Info: [11.253] elevatorPidController: Target=   6.0, Input=   8.0, Error=  -2.0, PIDTerms=-0.401/-0.019/ 0.000/ 0.000, Output=-0.421(-1.000/1.000), Volt=12.2(9.2)
GlobalTracer.PowerUse_Info: Battery - currVoltage: 12.10, lowestVoltage: 9.20
GlobalTracer.PowerUse_Info: Power: pdpTotalCurrent: 10.25 elev: 0.13 winch: 0.00, pickup: 11.00, total: 0.90
GlobalTracer.startCompetition_Warn: AUTO_MODE takes too long (0.159s)

GlobalTracer.printPidInfo_Info: [11.414] elevatorPidController: Target=   6.0, Input=   8.0, Error=  -2.0, PIDTerms=-0.401/-0.020/ 0.000/ 0.000, Output=-0.421(-1.000/1.000), Volt=12.2(9.2)
GlobalTracer.PowerUse_Info: Battery - currVoltage: 12.20, lowestVoltage: 9.20
GlobalTracer.PowerUse_Info: Power: pdpTotalCurrent: 10.13 elev: 0.13 winch: 0.00, pickup: 10.63, total: 0.90
GlobalTracer.startCompetition_Warn: AUTO_MODE takes too long (0.192s)

GlobalTracer.printPidInfo_Info: [11.609] elevatorPidController: Target=   6.0, Input=   8.0, Error=  -2.0, PIDTerms=-0.401/-0.020/ 0.000/ 0.000, Output=-0.422(-1.000/1.000), Volt=12.2(9.2)
GlobalTracer.PowerUse_Info: Battery - currVoltage: 12.20, lowestVoltage: 9.20
GlobalTracer.PowerUse_Info: Power: pdpTotalCurrent: 10.38 elev: 0.13 winch: 0.00, pickup: 11.00, total: 0.91
GlobalTracer.startCompetition_Warn: AUTO_MODE takes too long (0.167s)

GlobalTracer.printPidInfo_Info: [11.779] elevatorPidController: Target=   6.0, Input=   8.0, Error=  -2.0, PIDTerms=-0.401/-0.020/ 0.000/ 0.000, Output=-0.422(-1.000/1.000), Volt=12.2(9.2)
GlobalTracer.PowerUse_Info: Battery - currVoltage: 12.20, lowestVoltage: 9.20
GlobalTracer.PowerUse_Info: Power: pdpTotalCurrent: 10.38 elev: 0.13 winch: 0.00, pickup: 11.00, total: 0.92
GlobalTracer.startCompetition_Warn: AUTO_MODE takes too long (0.104s)

GlobalTracer.printPidInfo_Info: [11.885] elevatorPidController: Target=   6.0, Input=   8.0, Error=  -2.0, PIDTerms=-0.401/-0.021/ 0.000/ 0.000, Output=-0.422(-1.000/1.000), Volt=12.2(9.2)
GlobalTracer.PowerUse_Info: Battery - currVoltage: 12.15, lowestVoltage: 9.20
GlobalTracer.PowerUse_Info: Power: pdpTotalCurrent: 10.25 elev: 0.13 winch: 0.00, pickup: 11.00, total: 0.92
GlobalTracer.startCompetition_Warn: AUTO_MODE takes too long (0.176s)

GlobalTracer.printPidInfo_Info: [12.064] elevatorPidController: Target=   6.0, Input=   8.0, Error=  -2.0, PIDTerms=-0.401/-0.021/ 0.000/ 0.000, Output=-0.422(-1.000/1.000), Volt=12.2(9.2)
GlobalTracer.PowerUse_Info: Battery - currVoltage: 12.15, lowestVoltage: 9.20
GlobalTracer.PowerUse_Info: Power: pdpTotalCurrent: 10.38 elev: 0.13 winch: 0.00, pickup: 11.00, total: 0.93
GlobalTracer.startCompetition_Warn: AUTO_MODE takes too long (0.107s)

GlobalTracer.printPidInfo_Info: [12.172] elevatorPidController: Target=   6.0, Input=   8.0, Error=  -2.0, PIDTerms=-0.401/-0.021/ 0.000/ 0.000, Output=-0.423(-1.000/1.000), Volt=12.2(9.2)
GlobalTracer.printPidInfo_Info: [12.245] elevatorPidController: Target=   6.0, Input=   8.0, Error=  -2.0, PIDTerms=-0.401/-0.021/ 0.000/ 0.000, Output=-0.423(-1.000/1.000), Volt=12.2(9.2)
GlobalTracer.PowerUse_Info: Battery - currVoltage: 12.20, lowestVoltage: 9.20
GlobalTracer.PowerUse_Info: Power: pdpTotalCurrent: 10.25 elev: 0.13 winch: 0.00, pickup: 11.00, total: 0.93
GlobalTracer.printPidInfo_Info: [12.323] elevatorPidController: Target=   6.0, Input=   8.0, Error=  -2.0, PIDTerms=-0.401/-0.022/ 0.000/ 0.000, Output=-0.423(-1.000/1.000), Volt=12.2(9.2)
GlobalTracer.printPidInfo_Info: [12.379] elevatorPidController: Target=   6.0, Input=   8.0, Error=  -2.0, PIDTerms=-0.401/-0.022/ 0.000/ 0.000, Output=-0.423(-1.000/1.000), Volt=12.1(9.2)
GlobalTracer.PowerUse_Info: Battery - currVoltage: 12.10, lowestVoltage: 9.20
GlobalTracer.PowerUse_Info: Power: pdpTotalCurrent: 10.25 elev: 0.13 winch: 0.00, pickup: 11.13, total: 0.94
GlobalTracer.startCompetition_Warn: AUTO_MODE takes too long (0.101s)

GlobalTracer.printPidInfo_Info: [12.482] elevatorPidController: Target=   6.0, Input=   8.0, Error=  -2.0, PIDTerms=-0.401/-0.022/ 0.000/ 0.000, Output=-0.423(-1.000/1.000), Volt=12.2(9.2)
GlobalTracer.PowerUse_Info: Battery - currVoltage: 12.15, lowestVoltage: 9.20
GlobalTracer.PowerUse_Info: Power: pdpTotalCurrent: 10.13 elev: 0.13 winch: 0.00, pickup: 11.00, total: 0.94
GlobalTracer.printPidInfo_Info: [12.550] elevatorPidController: Target=   6.0, Input=   8.0, Error=  -2.0, PIDTerms=-0.401/-0.022/ 0.000/ 0.000, Output=-0.424(-1.000/1.000), Volt=12.3(9.2)
GlobalTracer.printPidInfo_Info: [12.599] elevatorPidController: Target=   6.0, Input=   8.0, Error=  -2.0, PIDTerms=-0.401/-0.022/ 0.000/ 0.000, Output=-0.424(-1.000/1.000), Volt=12.2(9.2)
GlobalTracer.PowerUse_Info: Battery - currVoltage: 12.15, lowestVoltage: 9.20
GlobalTracer.PowerUse_Info: Power: pdpTotalCurrent: 10.13 elev: 0.13 winch: 0.00, pickup: 11.00, total: 0.95
GlobalTracer.printPidInfo_Info: [12.672] elevatorPidController: Target=   6.0, Input=   8.0, Error=  -2.0, PIDTerms=-0.401/-0.022/ 0.000/ 0.000, Output=-0.424(-1.000/1.000), Volt=12.3(9.2)
GlobalTracer.printPidInfo_Info: [12.738] elevatorPidController: Target=   6.0, Input=   8.0, Error=  -2.0, PIDTerms=-0.401/-0.022/ 0.000/ 0.000, Output=-0.424(-1.000/1.000), Volt=12.2(9.2)
GlobalTracer.PowerUse_Info: Battery - currVoltage: 12.20, lowestVoltage: 9.20
GlobalTracer.PowerUse_Info: Power: pdpTotalCurrent: 10.13 elev: 0.13 winch: 0.00, pickup: 10.88, total: 0.95
GlobalTracer.printPidInfo_Info: [12.806] elevatorPidController: Target=   6.0, Input=   8.0, Error=  -2.0, PIDTerms=-0.401/-0.023/ 0.000/ 0.000, Output=-0.424(-1.000/1.000), Volt=12.2(9.2)
GlobalTracer.printPidInfo_Info: [12.866] elevatorPidController: Target=   6.0, Input=   8.0, Error=  -2.0, PIDTerms=-0.401/-0.023/ 0.000/ 0.000, Output=-0.424(-1.000/1.000), Volt=12.2(9.2)
GlobalTracer.PowerUse_Info: Battery - currVoltage: 12.20, lowestVoltage: 9.20
GlobalTracer.PowerUse_Info: Power: pdpTotalCurrent: 10.25 elev: 0.13 winch: 0.00, pickup: 10.88, total: 0.95
GlobalTracer.printPidInfo_Info: [12.942] elevatorPidController: Target=   6.0, Input=   8.0, Error=  -2.0, PIDTerms=-0.401/-0.023/ 0.000/ 0.000, Output=-0.424(-1.000/1.000), Volt=12.3(9.2)
GlobalTracer.printPidInfo_Info: [12.992] elevatorPidController: Target=   6.0, Input=   8.0, Error=  -2.0, PIDTerms=-0.401/-0.023/ 0.000/ 0.000, Output=-0.424(-1.000/1.000), Volt=12.2(9.2)
GlobalTracer.PowerUse_Info: Battery - currVoltage: 12.15, lowestVoltage: 9.20
GlobalTracer.PowerUse_Info: Power: pdpTotalCurrent: 10.25 elev: 0.13 winch: 0.00, pickup: 10.88, total: 0.96
GlobalTracer.printPidInfo_Info: [13.083] elevatorPidController: Target=   6.0, Input=   8.0, Error=  -2.0, PIDTerms=-0.401/-0.023/ 0.000/ 0.000, Output=-0.425(-1.000/1.000), Volt=12.2(9.2)
GlobalTracer.printPidInfo_Info: [13.153] elevatorPidController: Target=   6.0, Input=   8.0, Error=  -2.0, PIDTerms=-0.401/-0.023/ 0.000/ 0.000, Output=-0.425(-1.000/1.000), Volt=12.2(9.2)
GlobalTracer.PowerUse_Info: Battery - currVoltage: 12.25, lowestVoltage: 9.20
GlobalTracer.PowerUse_Info: Power: pdpTotalCurrent: 10.25 elev: 0.13 winch: 0.00, pickup: 10.75, total: 0.96
GlobalTracer.printPidInfo_Info: [13.232] elevatorPidController: Target=   6.0, Input=   8.0, Error=  -2.0, PIDTerms=-0.401/-0.023/ 0.000/ 0.000, Output=-0.425(-1.000/1.000), Volt=12.2(9.2)
GlobalTracer.printPidInfo_Info: [13.307] elevatorPidController: Target=   6.0, Input=   8.0, Error=  -2.0, PIDTerms=-0.401/-0.024/ 0.000/ 0.000, Output=-0.425(-1.000/1.000), Volt=12.1(9.2)
GlobalTracer.PowerUse_Info: Battery - currVoltage: 12.15, lowestVoltage: 9.20
GlobalTracer.PowerUse_Info: Power: pdpTotalCurrent: 10.25 elev: 0.13 winch: 0.00, pickup: 11.00, total: 0.97
GlobalTracer.printPidInfo_Info: [13.384] elevatorPidController: Target=   6.0, Input=   8.0, Error=  -2.0, PIDTerms=-0.401/-0.024/ 0.000/ 0.000, Output=-0.425(-1.000/1.000), Volt=12.1(9.2)
GlobalTracer.printPidInfo_Info: [13.438] elevatorPidController: Target=   6.0, Input=   8.0, Error=  -2.0, PIDTerms=-0.401/-0.024/ 0.000/ 0.000, Output=-0.425(-1.000/1.000), Volt=12.2(9.2)
GlobalTracer.PowerUse_Info: Battery - currVoltage: 12.20, lowestVoltage: 9.20
GlobalTracer.PowerUse_Info: Power: pdpTotalCurrent: 10.25 elev: 0.13 winch: 0.00, pickup: 11.00, total: 0.97
GlobalTracer.startCompetition_Warn: AUTO_MODE takes too long (0.200s)

GlobalTracer.printPidInfo_Info: [13.640] elevatorPidController: Target=   6.0, Input=   8.0, Error=  -2.0, PIDTerms=-0.401/-0.024/ 0.000/ 0.000, Output=-0.426(-1.000/1.000), Volt=12.3(9.2)
GlobalTracer.PowerUse_Info: Battery - currVoltage: 12.25, lowestVoltage: 9.20
GlobalTracer.PowerUse_Info: Power: pdpTotalCurrent: 10.38 elev: 0.13 winch: 0.00, pickup: 11.00, total: 0.98
GlobalTracer.startCompetition_Warn: AUTO_MODE takes too long (0.177s)

GlobalTracer.printPidInfo_Info: [13.819] elevatorPidController: Target=   6.0, Input=   8.0, Error=  -2.0, PIDTerms=-0.401/-0.025/ 0.000/ 0.000, Output=-0.426(-1.000/1.000), Volt=12.3(9.2)
GlobalTracer.PowerUse_Info: Battery - currVoltage: 12.25, lowestVoltage: 9.20
GlobalTracer.PowerUse_Info: Power: pdpTotalCurrent: 10.25 elev: 0.13 winch: 0.00, pickup: 11.00, total: 0.99
GlobalTracer.startCompetition_Warn: AUTO_MODE takes too long (0.166s)

GlobalTracer.printPidInfo_Info: [13.988] elevatorPidController: Target=   6.0, Input=   8.0, Error=  -2.0, PIDTerms=-0.401/-0.025/ 0.000/ 0.000, Output=-0.426(-1.000/1.000), Volt=12.2(9.2)
GlobalTracer.PowerUse_Info: Battery - currVoltage: 12.15, lowestVoltage: 9.20
GlobalTracer.PowerUse_Info: Power: pdpTotalCurrent: 10.25 elev: 0.13 winch: 0.00, pickup: 11.00, total: 0.99
GlobalTracer.startCompetition_Warn: AUTO_MODE takes too long (0.182s)

GlobalTracer.printPidInfo_Info: [14.172] elevatorPidController: Target=   6.0, Input=   8.0, Error=  -2.0, PIDTerms=-0.401/-0.025/ 0.000/ 0.000, Output=-0.427(-1.000/1.000), Volt=12.2(9.2)
GlobalTracer.PowerUse_Info: Battery - currVoltage: 12.20, lowestVoltage: 9.20
GlobalTracer.PowerUse_Info: Power: pdpTotalCurrent: 10.25 elev: 0.13 winch: 0.00, pickup: 10.88, total: 1.00
GlobalTracer.startCompetition_Warn: AUTO_MODE takes too long (0.165s)

GlobalTracer.printPidInfo_Info: [14.340] elevatorPidController: Target=   6.0, Input=   8.0, Error=  -2.0, PIDTerms=-0.401/-0.026/ 0.000/ 0.000, Output=-0.427(-1.000/1.000), Volt=12.2(9.2)
GlobalTracer.PowerUse_Info: Battery - currVoltage: 12.20, lowestVoltage: 9.20
GlobalTracer.PowerUse_Info: Power: pdpTotalCurrent: 10.25 elev: 0.13 winch: 0.00, pickup: 11.00, total: 1.01
GlobalTracer.startCompetition_Warn: AUTO_MODE takes too long (0.165s)

GlobalTracer.printPidInfo_Info: [14.507] elevatorPidController: Target=   6.0, Input=   8.0, Error=  -2.0, PIDTerms=-0.401/-0.026/ 0.000/ 0.000, Output=-0.427(-1.000/1.000), Volt=12.2(9.2)
GlobalTracer.PowerUse_Info: Battery - currVoltage: 12.15, lowestVoltage: 9.20
GlobalTracer.PowerUse_Info: Power: pdpTotalCurrent: 10.25 elev: 0.13 winch: 0.00, pickup: 11.00, total: 1.01
GlobalTracer.printPidInfo_Info: [14.587] elevatorPidController: Target=   6.0, Input=   8.0, Error=  -2.0, PIDTerms=-0.401/-0.026/ 0.000/ 0.000, Output=-0.428(-1.000/1.000), Volt=12.2(9.2)
GlobalTracer.printPidInfo_Info: [14.658] elevatorPidController: Target=   6.0, Input=   8.0, Error=  -2.0, PIDTerms=-0.401/-0.026/ 0.000/ 0.000, Output=-0.428(-1.000/1.000), Volt=12.3(9.2)
GlobalTracer.PowerUse_Info: Battery - currVoltage: 12.25, lowestVoltage: 9.20
GlobalTracer.PowerUse_Info: Power: pdpTotalCurrent: 10.00 elev: 0.13 winch: 0.00, pickup: 11.00, total: 1.02
GlobalTracer.printPidInfo_Info: [14.729] elevatorPidController: Target=   6.0, Input=   8.0, Error=  -2.0, PIDTerms=-0.401/-0.026/ 0.000/ 0.000, Output=-0.428(-1.000/1.000), Volt=12.2(9.2)
GlobalTracer.printPidInfo_Info: [14.793] elevatorPidController: Target=   6.0, Input=   8.0, Error=  -2.0, PIDTerms=-0.401/-0.027/ 0.000/ 0.000, Output=-0.428(-1.000/1.000), Volt=12.3(9.2)
GlobalTracer.PowerUse_Info: Battery - currVoltage: 12.25, lowestVoltage: 9.20
GlobalTracer.PowerUse_Info: Power: pdpTotalCurrent: 10.13 elev: 0.13 winch: 0.00, pickup: 11.00, total: 1.02
GlobalTracer.startCompetition_Warn: AUTO_MODE takes too long (0.114s)

GlobalTracer.printPidInfo_Info: [14.909] elevatorPidController: Target=   6.0, Input=   8.0, Error=  -2.0, PIDTerms=-0.401/-0.027/ 0.000/ 0.000, Output=-0.428(-1.000/1.000), Volt=12.2(9.2)
GlobalTracer.PowerUse_Info: Battery - currVoltage: 12.25, lowestVoltage: 9.20
GlobalTracer.PowerUse_Info: Power: pdpTotalCurrent: 10.25 elev: 0.13 winch: 0.00, pickup: 11.00, total: 1.02
GlobalTracer.printPidInfo_Info: [14.981] elevatorPidController: Target=   6.0, Input=   8.0, Error=  -2.0, PIDTerms=-0.401/-0.027/ 0.000/ 0.000, Output=-0.428(-1.000/1.000), Volt=12.2(9.2)
GlobalTracer.printPidInfo_Info: [15.044] elevatorPidController: Target=   6.0, Input=   8.0, Error=  -2.0, PIDTerms=-0.401/-0.027/ 0.000/ 0.000, Output=-0.428(-1.000/1.000), Volt=12.2(9.2)
GlobalTracer.PowerUse_Info: Battery - currVoltage: 12.15, lowestVoltage: 9.20
GlobalTracer.PowerUse_Info: Power: pdpTotalCurrent: 10.13 elev: 0.13 winch: 0.00, pickup: 10.88, total: 1.03
GlobalTracer.printPidInfo_Info: [15.107] elevatorPidController: Target=   6.0, Input=   8.0, Error=  -2.0, PIDTerms=-0.401/-0.027/ 0.000/ 0.000, Output=-0.429(-1.000/1.000), Volt=12.2(9.2)
GlobalTracer.printPidInfo_Info: [15.142] elevatorPidController: Target=   6.0, Input=   8.0, Error=  -2.0, PIDTerms=-0.401/-0.027/ 0.000/ 0.000, Output=-0.429(-1.000/1.000), Volt=12.2(9.2)
GlobalTracer.PowerUse_Info: Battery - currVoltage: 12.15, lowestVoltage: 9.20
GlobalTracer.PowerUse_Info: Power: pdpTotalCurrent: 10.00 elev: 0.13 winch: 0.00, pickup: 10.75, total: 1.03
GlobalTracer.printPidInfo_Info: [15.215] elevatorPidController: Target=   6.0, Input=   8.0, Error=  -2.0, PIDTerms=-0.401/-0.027/ 0.000/ 0.000, Output=-0.429(-1.000/1.000), Volt=12.2(9.2)
GlobalTracer.printPidInfo_Info: [15.280] elevatorPidController: Target=   6.0, Input=   8.0, Error=  -2.0, PIDTerms=-0.401/-0.028/ 0.000/ 0.000, Output=-0.429(-1.000/1.000), Volt=12.2(9.2)
GlobalTracer.PowerUse_Info: Battery - currVoltage: 12.20, lowestVoltage: 9.20
GlobalTracer.PowerUse_Info: Power: pdpTotalCurrent: 10.13 elev: 0.13 winch: 0.00, pickup: 10.75, total: 1.04
GlobalTracer.Diagnostics_Info: ### Diagnostics: left sonar did not change enough and might be unplugged
GlobalTracer.Diagnostics_Info: ### Diagnostics: right sonar did not change enough and might be unplugged
GlobalTracer.Vision_Info: Pixy is disabled!
GlobalTracer.Robot_Info: TotalEnergy=1.038
