GlobalTracer.FirstPowerUp_Info: Sun Mar 25 14:13:45 PDT 2018: ***** Starting autonomous *****
GlobalTracer.FirstPowerUp_Info: WASNO_Elimination_  8 (Blue1) [FMSConnected=true]
GlobalTracer.CmdAutoScale_Info: alliance=Blue, gameSpecificMsg=RRR, delay=0.000, startPosition=102.0, fwdDistance=236
GlobalTracer.Vision_Info: Pixy is enabled!
GlobalTracer.Robot_Info: [0.454]      START: xPos=  0.00,yPos=  0.00,heading=   0.0/   0.0,volts=12.7(12.5)
GlobalTracer.PowerUse_Info: Battery - currVoltage: 12.70, lowestVoltage: 12.50
GlobalTracer.PowerUse_Info: Power: pdpTotalCurrent: 0.00 elev: 0.13 winch: 0.00, pickup: 0.00, total: 0.00
GlobalTracer.startCompetition_Warn: AUTO_MODE takes too long (0.568s)

GlobalTracer.CmdAutoScale_Info: setRangingEnabled(true)
GlobalTracer.CmdAutoScale_Info: setSonarTriggerEnabled(true)
GlobalTracer.Robot_Info: [0.561] DRIVE_TO_SWITCH: xPos=  0.00,yPos=  0.00,heading=   0.0/   0.0,volts=12.7(12.5)
GlobalTracer.printPidInfo_Info: [0.561] encoderXPidCtrl: Target=   0.0, Input=   0.0, Error=   0.0, PIDTerms= 0.000/ 0.000/ 0.000/ 0.000, Output= 0.000(-0.700/0.700), Volt=12.7(12.5)
GlobalTracer.printPidInfo_Info: [0.561] encoderYPidCtrl: Target= 169.0, Input=   0.0, Error= 169.0, PIDTerms= 0.000/ 0.000/ 0.000/ 0.000, Output= 0.000(-0.600/0.600), Volt=12.7(12.5)
GlobalTracer.printPidInfo_Info: [0.561] gyroTurnPidCtrl: Target=   0.0, Input=   0.0, Error=   0.0, PIDTerms= 0.000/ 0.000/ 0.000/ 0.000, Output= 0.000(-0.700/0.700), Volt=12.7(12.5)
GlobalTracer.PowerUse_Info: Battery - currVoltage: 12.70, lowestVoltage: 12.50
GlobalTracer.PowerUse_Info: Power: pdpTotalCurrent: 0.00 elev: 0.13 winch: 0.00, pickup: 0.00, total: 0.00
GlobalTracer.startCompetition_Warn: AUTO_MODE takes too long (0.168s)

GlobalTracer.CmdAutoScale_Info: SonarTriggerEvent: prevZone=-1, currZone=1, value:65.5
GlobalTracer.printPidInfo_Info: [0.734] encoderXPidCtrl: Target=   0.0, Input=   0.0, Error=   0.0, PIDTerms= 0.000/ 0.000/ 0.000/ 0.000, Output= 0.000(-0.700/0.700), Volt=10.5(10.4)
GlobalTracer.printPidInfo_Info: [0.734] encoderYPidCtrl: Target= 169.0, Input=   0.0, Error= 169.0, PIDTerms= 3.380/ 0.000/ 0.000/ 0.000, Output= 0.600(-0.600/0.600), Volt=10.5(10.4)
GlobalTracer.printPidInfo_Info: [0.734] gyroTurnPidCtrl: Target=   0.0, Input=   0.0, Error=   0.0, PIDTerms= 0.000/ 0.000/ 0.000/ 0.000, Output= 0.000(-0.700/0.700), Volt=10.5(10.4)
GlobalTracer.PowerUse_Info: Battery - currVoltage: 10.60, lowestVoltage: 10.40
GlobalTracer.PowerUse_Info: Power: pdpTotalCurrent: 99.25 elev: 0.13 winch: 0.00, pickup: 0.00, total: 0.03
GlobalTracer.startCompetition_Warn: AUTO_MODE takes too long (0.182s)

GlobalTracer.printPidInfo_Info: [0.917] encoderXPidCtrl: Target=   0.0, Input=   0.4, Error=  -0.4, PIDTerms=-0.067/ 0.000/-0.030/ 0.000, Output=-0.097(-0.700/0.700), Volt=10.7(10.4)
GlobalTracer.printPidInfo_Info: [0.917] encoderYPidCtrl: Target= 169.0, Input=   1.6, Error= 167.4, PIDTerms= 3.348/ 0.000/-0.007/ 0.000, Output= 0.600(-0.600/0.600), Volt=10.7(10.4)
GlobalTracer.printPidInfo_Info: [0.917] gyroTurnPidCtrl: Target=   0.0, Input=  -0.4, Error=   0.4, PIDTerms= 0.008/ 0.000/ 0.003/ 0.000, Output= 0.011(-0.700/0.700), Volt=10.6(10.4)
GlobalTracer.PowerUse_Info: Battery - currVoltage: 10.60, lowestVoltage: 10.40
GlobalTracer.PowerUse_Info: Power: pdpTotalCurrent: 83.00 elev: 0.13 winch: 0.00, pickup: 0.00, total: 0.07
GlobalTracer.startCompetition_Warn: AUTO_MODE takes too long (0.115s)

GlobalTracer.printPidInfo_Info: [1.034] encoderXPidCtrl: Target=   0.0, Input=   1.3, Error=  -1.3, PIDTerms=-0.199/ 0.000/-0.123/ 0.000, Output=-0.322(-0.700/0.700), Volt=10.1(10.1)
GlobalTracer.printPidInfo_Info: [1.034] encoderYPidCtrl: Target= 169.0, Input=   7.7, Error= 161.3, PIDTerms= 3.226/ 0.000/-0.056/ 0.000, Output= 0.600(-0.600/0.600), Volt=10.1(10.1)
GlobalTracer.printPidInfo_Info: [1.034] gyroTurnPidCtrl: Target=   0.0, Input=  -2.1, Error=   2.1, PIDTerms= 0.039/ 0.000/ 0.025/ 0.000, Output= 0.063(-0.700/0.700), Volt=10.1(10.1)
GlobalTracer.PowerUse_Info: Battery - currVoltage: 10.25, lowestVoltage: 10.10
GlobalTracer.PowerUse_Info: Power: pdpTotalCurrent: 93.63 elev: 0.13 winch: 0.00, pickup: 0.00, total: 0.11
GlobalTracer.startCompetition_Warn: AUTO_MODE takes too long (0.163s)

GlobalTracer.printPidInfo_Info: [1.198] encoderXPidCtrl: Target=   0.0, Input=   1.0, Error=  -1.0, PIDTerms=-0.144/ 0.000/ 0.034/ 0.000, Output=-0.110(-0.700/0.700), Volt=11.1(10.1)
GlobalTracer.printPidInfo_Info: [1.198] encoderYPidCtrl: Target= 169.0, Input=  13.1, Error= 155.9, PIDTerms= 3.118/ 0.000/-0.034/ 0.000, Output= 0.600(-0.600/0.600), Volt=11.1(10.1)
GlobalTracer.printPidInfo_Info: [1.198] gyroTurnPidCtrl: Target=   0.0, Input=  -2.6, Error=   2.6, PIDTerms= 0.046/ 0.000/ 0.004/ 0.000, Output= 0.051(-0.700/0.700), Volt=11.1(10.1)
GlobalTracer.PowerUse_Info: Battery - currVoltage: 11.15, lowestVoltage: 10.10
GlobalTracer.PowerUse_Info: Power: pdpTotalCurrent: 56.25 elev: 0.13 winch: 0.00, pickup: 0.00, total: 0.15
GlobalTracer.startCompetition_Warn: AUTO_MODE takes too long (0.242s)

GlobalTracer.printPidInfo_Info: [1.441] encoderXPidCtrl: Target=   0.0, Input=   0.3, Error=  -0.3, PIDTerms=-0.046/ 0.000/ 0.044/ 0.000, Output=-0.002(-0.700/0.700), Volt=11.5(10.1)
GlobalTracer.printPidInfo_Info: [1.441] encoderYPidCtrl: Target= 169.0, Input=  22.8, Error= 146.2, PIDTerms= 2.923/ 0.000/-0.043/ 0.000, Output= 0.600(-0.600/0.600), Volt=11.5(10.1)
GlobalTracer.printPidInfo_Info: [1.441] gyroTurnPidCtrl: Target=   0.0, Input=  -1.8, Error=   1.8, PIDTerms= 0.032/ 0.000/-0.006/ 0.000, Output= 0.026(-0.700/0.700), Volt=11.5(10.1)
GlobalTracer.PowerUse_Info: Battery - currVoltage: 11.50, lowestVoltage: 10.10
GlobalTracer.PowerUse_Info: Power: pdpTotalCurrent: 42.50 elev: 0.13 winch: 0.00, pickup: 0.00, total: 0.18
GlobalTracer.startCompetition_Warn: AUTO_MODE takes too long (0.120s)

GlobalTracer.printPidInfo_Info: [1.562] encoderXPidCtrl: Target=   0.0, Input=  -0.5, Error=   0.5, PIDTerms= 0.068/ 0.000/ 0.069/ 0.000, Output= 0.137(-0.700/0.700), Volt=11.7(10.1)
GlobalTracer.printPidInfo_Info: [1.562] encoderYPidCtrl: Target= 169.0, Input=  40.1, Error= 128.9, PIDTerms= 2.579/ 0.000/-0.105/ 0.000, Output= 0.600(-0.600/0.600), Volt=11.7(10.1)
GlobalTracer.printPidInfo_Info: [1.562] gyroTurnPidCtrl: Target=   0.0, Input=   1.0, Error=  -1.0, PIDTerms=-0.018/ 0.000/-0.027/ 0.000, Output=-0.045(-0.700/0.700), Volt=11.7(10.1)
GlobalTracer.PowerUse_Info: Battery - currVoltage: 11.65, lowestVoltage: 10.10
GlobalTracer.PowerUse_Info: Power: pdpTotalCurrent: 35.88 elev: 0.13 winch: 0.00, pickup: 0.00, total: 0.19
GlobalTracer.startCompetition_Warn: AUTO_MODE takes too long (0.148s)

GlobalTracer.printPidInfo_Info: [1.711] encoderXPidCtrl: Target=   0.0, Input=  -0.3, Error=   0.3, PIDTerms= 0.051/ 0.000/-0.014/ 0.000, Output= 0.037(-0.700/0.700), Volt=11.7(10.1)
GlobalTracer.printPidInfo_Info: [1.711] encoderYPidCtrl: Target= 169.0, Input=  50.8, Error= 118.2, PIDTerms= 2.363/ 0.000/-0.086/ 0.000, Output= 0.600(-0.600/0.600), Volt=11.7(10.1)
GlobalTracer.printPidInfo_Info: [1.711] gyroTurnPidCtrl: Target=   0.0, Input=   2.1, Error=  -2.1, PIDTerms=-0.038/ 0.000/-0.015/ 0.000, Output=-0.053(-0.700/0.700), Volt=11.7(10.1)
GlobalTracer.PowerUse_Info: Battery - currVoltage: 11.65, lowestVoltage: 10.10
GlobalTracer.PowerUse_Info: Power: pdpTotalCurrent: 32.38 elev: 0.13 winch: 0.00, pickup: 0.00, total: 0.21
GlobalTracer.startCompetition_Warn: AUTO_MODE takes too long (0.146s)

GlobalTracer.printPidInfo_Info: [1.861] encoderXPidCtrl: Target=   0.0, Input=   0.2, Error=  -0.2, PIDTerms=-0.028/ 0.000/-0.041/ 0.000, Output=-0.069(-0.700/0.700), Volt=11.7(10.1)
GlobalTracer.printPidInfo_Info: [1.861] encoderYPidCtrl: Target= 169.0, Input=  63.9, Error= 105.1, PIDTerms= 2.103/ 0.000/-0.069/ 0.000, Output= 0.600(-0.600/0.600), Volt=11.7(10.1)
GlobalTracer.printPidInfo_Info: [1.861] gyroTurnPidCtrl: Target=   0.0, Input=   2.0, Error=  -2.0, PIDTerms=-0.036/ 0.000/ 0.001/ 0.000, Output=-0.035(-0.700/0.700), Volt=11.7(10.1)
GlobalTracer.PowerUse_Info: Battery - currVoltage: 11.60, lowestVoltage: 10.10
GlobalTracer.PowerUse_Info: Power: pdpTotalCurrent: 30.25 elev: 0.13 winch: 0.00, pickup: 0.00, total: 0.22
GlobalTracer.startCompetition_Warn: AUTO_MODE takes too long (0.148s)

GlobalTracer.printPidInfo_Info: [2.007] encoderXPidCtrl: Target=   0.0, Input=   0.5, Error=  -0.5, PIDTerms=-0.082/ 0.000/-0.048/ 0.000, Output=-0.130(-0.700/0.700), Volt=11.6(10.1)
GlobalTracer.printPidInfo_Info: [2.007] encoderYPidCtrl: Target= 169.0, Input=  76.6, Error=  92.4, PIDTerms= 1.848/ 0.000/-0.111/ 0.000, Output= 0.600(-0.600/0.600), Volt=11.6(10.1)
GlobalTracer.printPidInfo_Info: [2.007] gyroTurnPidCtrl: Target=   0.0, Input=   0.9, Error=  -0.9, PIDTerms=-0.016/ 0.000/ 0.015/ 0.000, Output=-0.001(-0.700/0.700), Volt=11.6(10.1)
GlobalTracer.PowerUse_Info: Battery - currVoltage: 11.60, lowestVoltage: 10.10
GlobalTracer.PowerUse_Info: Power: pdpTotalCurrent: 31.63 elev: 0.13 winch: 0.00, pickup: 0.00, total: 0.24
GlobalTracer.startCompetition_Warn: AUTO_MODE takes too long (0.135s)

GlobalTracer.printPidInfo_Info: [2.144] encoderXPidCtrl: Target=   0.0, Input=   0.5, Error=  -0.5, PIDTerms=-0.069/ 0.000/ 0.010/ 0.000, Output=-0.059(-0.700/0.700), Volt=11.9(10.1)
GlobalTracer.printPidInfo_Info: [2.144] encoderYPidCtrl: Target= 169.0, Input=  91.5, Error=  77.5, PIDTerms= 1.551/ 0.000/-0.107/ 0.000, Output= 0.600(-0.600/0.600), Volt=11.9(10.1)
GlobalTracer.printPidInfo_Info: [2.144] gyroTurnPidCtrl: Target=   0.0, Input=  -0.4, Error=   0.4, PIDTerms= 0.008/ 0.000/ 0.016/ 0.000, Output= 0.023(-0.700/0.700), Volt=11.9(10.1)
GlobalTracer.PowerUse_Info: Battery - currVoltage: 11.80, lowestVoltage: 10.10
GlobalTracer.PowerUse_Info: Power: pdpTotalCurrent: 25.38 elev: 0.13 winch: 0.00, pickup: 0.00, total: 0.25
GlobalTracer.startCompetition_Warn: AUTO_MODE takes too long (0.160s)

GlobalTracer.printPidInfo_Info: [2.308] encoderXPidCtrl: Target=   0.0, Input=   0.2, Error=  -0.2, PIDTerms=-0.036/ 0.000/ 0.022/ 0.000, Output=-0.013(-0.700/0.700), Volt=11.9(10.1)
GlobalTracer.printPidInfo_Info: [2.308] encoderYPidCtrl: Target= 169.0, Input= 104.0, Error=  65.0, PIDTerms= 1.299/ 0.000/-0.084/ 0.000, Output= 0.600(-0.600/0.600), Volt=11.9(10.1)
GlobalTracer.printPidInfo_Info: [2.308] gyroTurnPidCtrl: Target=   0.0, Input=  -1.3, Error=   1.3, PIDTerms= 0.024/ 0.000/ 0.010/ 0.000, Output= 0.034(-0.700/0.700), Volt=11.9(10.1)
GlobalTracer.PowerUse_Info: Battery - currVoltage: 11.90, lowestVoltage: 10.10
GlobalTracer.PowerUse_Info: Power: pdpTotalCurrent: 22.38 elev: 0.13 winch: 0.00, pickup: 0.00, total: 0.27
GlobalTracer.startCompetition_Warn: AUTO_MODE takes too long (0.129s)

GlobalTracer.printPidInfo_Info: [2.437] encoderXPidCtrl: Target=   0.0, Input=   0.2, Error=  -0.2, PIDTerms=-0.026/ 0.000/ 0.006/ 0.000, Output=-0.021(-0.700/0.700), Volt=11.9(10.1)
GlobalTracer.printPidInfo_Info: [2.437] encoderYPidCtrl: Target= 169.0, Input= 121.0, Error=  48.0, PIDTerms= 0.960/ 0.000/-0.103/ 0.000, Output= 0.600(-0.600/0.600), Volt=11.9(10.1)
GlobalTracer.printPidInfo_Info: [2.437] gyroTurnPidCtrl: Target=   0.0, Input=  -1.0, Error=   1.0, PIDTerms= 0.018/ 0.000/-0.003/ 0.000, Output= 0.015(-0.700/0.700), Volt=11.9(10.1)
GlobalTracer.PowerUse_Info: Battery - currVoltage: 11.85, lowestVoltage: 10.10
GlobalTracer.PowerUse_Info: Power: pdpTotalCurrent: 24.13 elev: 0.13 winch: 0.00, pickup: 0.00, total: 0.28
GlobalTracer.startCompetition_Warn: AUTO_MODE takes too long (0.109s)

GlobalTracer.printPidInfo_Info: [2.548] encoderXPidCtrl: Target=   0.0, Input=   0.2, Error=  -0.2, PIDTerms=-0.035/ 0.000/-0.010/ 0.000, Output=-0.044(-0.700/0.700), Volt=12.1(10.1)
GlobalTracer.printPidInfo_Info: [2.548] encoderYPidCtrl: Target= 169.0, Input= 133.2, Error=  35.8, PIDTerms= 0.716/ 0.000/-0.142/ 0.000, Output= 0.575(-0.600/0.600), Volt=12.1(10.1)
GlobalTracer.printPidInfo_Info: [2.548] gyroTurnPidCtrl: Target=   0.0, Input=  -0.2, Error=   0.2, PIDTerms= 0.003/ 0.000/-0.016/ 0.000, Output=-0.013(-0.700/0.700), Volt=12.0(10.1)
GlobalTracer.PowerUse_Info: Battery - currVoltage: 12.00, lowestVoltage: 10.10
GlobalTracer.PowerUse_Info: Power: pdpTotalCurrent: 14.63 elev: 0.13 winch: 0.00, pickup: 0.00, total: 0.28
GlobalTracer.startCompetition_Warn: AUTO_MODE takes too long (0.144s)

GlobalTracer.CmdAutoScale_Info: SonarTriggerEvent: prevZone=1, currZone=0, value:17.5
GlobalTracer.CmdAutoScale_Info: setSonarTriggerEnabled(false)
GlobalTracer.CmdAutoScale_Info: sonarDistance=17.4, distanceFromWall=48.3, xDistance=12.8, yDistance=177.0
GlobalTracer.Robot_Info: [2.694] CHECK_SONAR_DISTANCE: xPos=  0.07,yPos=159.45,heading=   0.8/   0.0,volts=12.5(10.1)
GlobalTracer.printPidInfo_Info: [2.694] encoderXPidCtrl: Target=  12.8, Input=   0.1, Error=  12.8, PIDTerms=-0.017/ 0.000/ 0.012/ 0.000, Output= 0.000(-0.700/0.700), Volt=12.5(10.1)
GlobalTracer.printPidInfo_Info: [2.694] encoderYPidCtrl: Target= 336.5, Input= 145.4, Error= 177.0, PIDTerms= 0.471/ 0.000/-0.087/ 0.000, Output= 0.000(-0.600/0.600), Volt=12.5(10.1)
GlobalTracer.printPidInfo_Info: [2.694] gyroTurnPidCtrl: Target=   0.0, Input=   0.6, Error=  -0.8, PIDTerms=-0.012/ 0.000/-0.009/ 0.000, Output= 0.000(-0.700/0.700), Volt=12.4(10.1)
GlobalTracer.printPidInfo_Info: [2.694] elevatorPidController: Target=  35.0, Input=   0.0, Error=  27.0, PIDTerms= 0.000/ 0.000/ 0.000/ 0.000, Output= 0.000(-1.000/1.000), Volt=12.4(10.1)
GlobalTracer.PowerUse_Info: Battery - currVoltage: 12.40, lowestVoltage: 10.10
GlobalTracer.PowerUse_Info: Power: pdpTotalCurrent: 0.00 elev: 0.13 winch: 0.00, pickup: 0.00, total: 0.28
GlobalTracer.startCompetition_Warn: AUTO_MODE takes too long (0.203s)

GlobalTracer.printPidInfo_Info: [2.900] encoderXPidCtrl: Target=  12.8, Input=   0.1, Error=  12.8, PIDTerms= 1.915/ 0.000/ 0.000/ 0.000, Output= 0.700(-0.700/0.700), Volt=10.1(10.1)
GlobalTracer.printPidInfo_Info: [2.900] encoderYPidCtrl: Target= 336.5, Input= 159.5, Error= 177.0, PIDTerms= 3.541/ 0.000/ 0.000/ 0.000, Output= 0.600(-0.600/0.600), Volt=10.1(10.1)
GlobalTracer.printPidInfo_Info: [2.900] gyroTurnPidCtrl: Target=   0.0, Input=   0.8, Error=  -0.8, PIDTerms=-0.015/ 0.000/ 0.000/ 0.000, Output=-0.015(-0.700/0.700), Volt=10.0(10.1)
GlobalTracer.printPidInfo_Info: [2.900] elevatorPidController: Target=  35.0, Input=   8.1, Error=  26.9, PIDTerms= 5.389/ 0.003/-0.000/ 0.000, Output= 1.000(-1.000/1.000), Volt=10.0(10.1)
GlobalTracer.PowerUse_Info: Battery - currVoltage: 10.00, lowestVoltage: 10.05
GlobalTracer.PowerUse_Info: Power: pdpTotalCurrent: 69.13 elev: 41.63 winch: 0.00, pickup: 0.00, total: 0.32
GlobalTracer.startCompetition_Warn: AUTO_MODE takes too long (0.137s)

GlobalTracer.printPidInfo_Info: [3.037] encoderXPidCtrl: Target=  12.8, Input=   0.3, Error=  12.5, PIDTerms= 1.879/ 0.000/-0.025/ 0.000, Output= 0.700(-0.700/0.700), Volt=10.2(10.1)
GlobalTracer.printPidInfo_Info: [3.037] encoderYPidCtrl: Target= 336.5, Input= 173.9, Error= 162.6, PIDTerms= 3.252/ 0.000/-0.099/ 0.000, Output= 0.600(-0.600/0.600), Volt=10.2(10.1)
GlobalTracer.printPidInfo_Info: [3.037] gyroTurnPidCtrl: Target=   0.0, Input=  -1.1, Error=   1.1, PIDTerms= 0.020/ 0.000/ 0.021/ 0.000, Output= 0.041(-0.700/0.700), Volt=10.2(10.1)
GlobalTracer.printPidInfo_Info: [3.037] elevatorPidController: Target=  35.0, Input=  10.3, Error=  24.7, PIDTerms= 4.936/ 0.007/-0.000/ 0.000, Output= 1.000(-1.000/1.000), Volt=10.3(10.1)
GlobalTracer.PowerUse_Info: Battery - currVoltage: 10.25, lowestVoltage: 10.05
GlobalTracer.PowerUse_Info: Power: pdpTotalCurrent: 99.75 elev: 29.75 winch: 0.00, pickup: 0.00, total: 0.36
GlobalTracer.startCompetition_Warn: AUTO_MODE takes too long (0.161s)

GlobalTracer.printPidInfo_Info: [3.200] encoderXPidCtrl: Target=  12.8, Input=   2.6, Error=  10.2, PIDTerms= 1.531/ 0.000/-0.219/ 0.000, Output= 0.700(-0.700/0.700), Volt=10.2(10.1)
GlobalTracer.printPidInfo_Info: [3.200] encoderYPidCtrl: Target= 336.5, Input= 184.5, Error= 152.0, PIDTerms= 3.040/ 0.000/-0.067/ 0.000, Output= 0.600(-0.600/0.600), Volt=10.1(10.1)
GlobalTracer.printPidInfo_Info: [3.200] gyroTurnPidCtrl: Target=   0.0, Input=  -1.5, Error=   1.5, PIDTerms= 0.027/ 0.000/ 0.004/ 0.000, Output= 0.032(-0.700/0.700), Volt=10.1(10.1)
GlobalTracer.printPidInfo_Info: [3.200] elevatorPidController: Target=  35.0, Input=  16.2, Error=  18.8, PIDTerms= 3.758/ 0.009/-0.000/ 0.000, Output= 1.000(-1.000/1.000), Volt=10.1(10.1)
GlobalTracer.PowerUse_Info: Battery - currVoltage: 10.05, lowestVoltage: 10.05
GlobalTracer.PowerUse_Info: Power: pdpTotalCurrent: 96.50 elev: 30.25 winch: 0.00, pickup: 0.00, total: 0.40
GlobalTracer.startCompetition_Warn: AUTO_MODE takes too long (0.156s)

GlobalTracer.printPidInfo_Info: [3.356] encoderXPidCtrl: Target=  12.8, Input=   6.0, Error=   6.8, PIDTerms= 1.025/ 0.000/-0.318/ 0.000, Output= 0.700(-0.700/0.700), Volt=10.2(10.1)
GlobalTracer.printPidInfo_Info: [3.356] encoderYPidCtrl: Target= 336.5, Input= 196.7, Error= 139.8, PIDTerms= 2.797/ 0.000/-0.076/ 0.000, Output= 0.600(-0.600/0.600), Volt=10.1(10.1)
GlobalTracer.printPidInfo_Info: [3.356] gyroTurnPidCtrl: Target=   0.0, Input=  -0.3, Error=   0.3, PIDTerms= 0.005/ 0.000/-0.013/ 0.000, Output=-0.008(-0.700/0.700), Volt=10.1(10.1)
GlobalTracer.printPidInfo_Info: [3.356] elevatorPidController: Target=  35.0, Input=  22.3, Error=  12.7, PIDTerms= 2.531/ 0.012/-0.000/ 0.000, Output= 1.000(-1.000/1.000), Volt=10.1(10.1)
GlobalTracer.PowerUse_Info: Battery - currVoltage: 10.00, lowestVoltage: 10.05
GlobalTracer.PowerUse_Info: Power: pdpTotalCurrent: 100.38 elev: 28.00 winch: 0.00, pickup: 0.00, total: 0.45
GlobalTracer.startCompetition_Warn: AUTO_MODE takes too long (0.147s)

GlobalTracer.printPidInfo_Info: [3.504] encoderXPidCtrl: Target=  12.8, Input=   8.9, Error=   4.0, PIDTerms= 0.598/ 0.000/-0.301/ 0.000, Output= 0.297(-0.700/0.700), Volt=10.5(10.1)
GlobalTracer.printPidInfo_Info: [3.504] encoderYPidCtrl: Target= 336.5, Input= 207.6, Error= 128.9, PIDTerms= 2.579/ 0.000/-0.077/ 0.000, Output= 0.600(-0.600/0.600), Volt=10.5(10.1)
GlobalTracer.printPidInfo_Info: [3.504] gyroTurnPidCtrl: Target=   0.0, Input=   1.6, Error=  -1.6, PIDTerms=-0.028/ 0.000/-0.020/ 0.000, Output=-0.048(-0.700/0.700), Volt=10.5(10.1)
GlobalTracer.printPidInfo_Info: [3.504] elevatorPidController: Target=  35.0, Input=  27.8, Error=   7.2, PIDTerms= 1.448/ 0.013/-0.000/ 0.000, Output= 1.000(-1.000/1.000), Volt=10.5(10.1)
GlobalTracer.PowerUse_Info: Battery - currVoltage: 10.25, lowestVoltage: 10.05
GlobalTracer.PowerUse_Info: Power: pdpTotalCurrent: 84.75 elev: 28.13 winch: 0.00, pickup: 0.00, total: 0.49
GlobalTracer.startCompetition_Warn: AUTO_MODE takes too long (0.150s)

GlobalTracer.printPidInfo_Info: [3.654] encoderXPidCtrl: Target=  12.8, Input=  11.4, Error=   1.4, PIDTerms= 0.212/ 0.000/-0.259/ 0.000, Output=-0.047(-0.700/0.700), Volt=11.4(10.1)
GlobalTracer.printPidInfo_Info: [3.654] encoderYPidCtrl: Target= 336.5, Input= 218.4, Error= 118.1, PIDTerms= 2.363/ 0.000/-0.072/ 0.000, Output= 0.600(-0.600/0.600), Volt=11.4(10.1)
GlobalTracer.printPidInfo_Info: [3.654] gyroTurnPidCtrl: Target=   0.0, Input=   2.8, Error=  -2.8, PIDTerms=-0.051/ 0.000/-0.013/ 0.000, Output=-0.064(-0.700/0.700), Volt=11.4(10.1)
GlobalTracer.printPidInfo_Info: [3.654] elevatorPidController: Target=  35.0, Input=  33.9, Error=   1.1, PIDTerms= 0.216/ 0.013/-0.000/ 0.000, Output= 0.228(-1.000/1.000), Volt=11.4(10.1)
GlobalTracer.PowerUse_Info: Battery - currVoltage: 11.35, lowestVoltage: 10.05
GlobalTracer.PowerUse_Info: Power: pdpTotalCurrent: 50.75 elev: 0.25 winch: 0.00, pickup: 0.00, total: 0.51
GlobalTracer.startCompetition_Warn: AUTO_MODE takes too long (0.148s)

GlobalTracer.printPidInfo_Info: [3.806] encoderXPidCtrl: Target=  12.8, Input=  12.8, Error=   0.0, PIDTerms= 0.004/ 0.000/-0.133/ 0.000, Output=-0.129(-0.700/0.700), Volt=11.3(10.1)
GlobalTracer.printPidInfo_Info: [3.806] encoderYPidCtrl: Target= 336.5, Input= 229.7, Error= 106.8, PIDTerms= 2.136/ 0.000/-0.073/ 0.000, Output= 0.600(-0.600/0.600), Volt=11.3(10.1)
GlobalTracer.printPidInfo_Info: [3.806] gyroTurnPidCtrl: Target=   0.0, Input=   2.8, Error=  -2.8, PIDTerms=-0.050/ 0.000/ 0.001/ 0.000, Output=-0.049(-0.700/0.700), Volt=11.3(10.1)
GlobalTracer.printPidInfo_Info: [3.806] elevatorPidController: Target=  35.0, Input=  36.9, Error=  -1.9, PIDTerms=-0.387/ 0.012/-0.000/ 0.000, Output=-0.375(-1.000/1.000), Volt=11.3(10.1)
GlobalTracer.PowerUse_Info: Battery - currVoltage: 11.30, lowestVoltage: 10.05
GlobalTracer.PowerUse_Info: Power: pdpTotalCurrent: 46.25 elev: 3.00 winch: 0.00, pickup: 0.00, total: 0.54
GlobalTracer.startCompetition_Warn: AUTO_MODE takes too long (0.171s)

GlobalTracer.printPidInfo_Info: [3.978] encoderXPidCtrl: Target=  12.8, Input=  12.9, Error=  -0.0, PIDTerms=-0.007/ 0.000/-0.007/ 0.000, Output=-0.014(-0.700/0.700), Volt=11.5(10.1)
GlobalTracer.printPidInfo_Info: [3.978] encoderYPidCtrl: Target= 336.5, Input= 242.4, Error=  94.1, PIDTerms= 1.882/ 0.000/-0.075/ 0.000, Output= 0.600(-0.600/0.600), Volt=11.5(10.1)
GlobalTracer.printPidInfo_Info: [3.978] gyroTurnPidCtrl: Target=   0.0, Input=   1.6, Error=  -1.6, PIDTerms=-0.029/ 0.000/ 0.011/ 0.000, Output=-0.018(-0.700/0.700), Volt=11.5(10.1)
GlobalTracer.printPidInfo_Info: [3.978] elevatorPidController: Target=  35.0, Input=  34.6, Error=   0.4, PIDTerms= 0.071/ 0.012/ 0.000/ 0.000, Output= 0.084(-1.000/1.000), Volt=11.5(10.1)
GlobalTracer.PowerUse_Info: Battery - currVoltage: 11.45, lowestVoltage: 10.05
GlobalTracer.PowerUse_Info: Power: pdpTotalCurrent: 38.50 elev: 1.63 winch: 0.00, pickup: 0.00, total: 0.56
GlobalTracer.startCompetition_Warn: AUTO_MODE takes too long (0.161s)

GlobalTracer.printPidInfo_Info: [4.139] encoderXPidCtrl: Target=  12.8, Input=  12.6, Error=   0.3, PIDTerms= 0.043/ 0.000/ 0.031/ 0.000, Output= 0.075(-0.700/0.700), Volt=11.4(10.1)
GlobalTracer.printPidInfo_Info: [4.139] encoderYPidCtrl: Target= 336.5, Input= 256.1, Error=  80.4, PIDTerms= 1.608/ 0.000/-0.084/ 0.000, Output= 0.600(-0.600/0.600), Volt=11.4(10.1)
GlobalTracer.printPidInfo_Info: [4.139] gyroTurnPidCtrl: Target=   0.0, Input=   0.3, Error=  -0.3, PIDTerms=-0.006/ 0.000/ 0.013/ 0.000, Output= 0.007(-0.700/0.700), Volt=11.4(10.1)
GlobalTracer.printPidInfo_Info: [4.139] elevatorPidController: Target=  35.0, Input=  32.8, Error=   2.2, PIDTerms= 0.441/ 0.013/ 0.000/ 0.000, Output= 0.454(-1.000/1.000), Volt=11.4(10.1)
GlobalTracer.PowerUse_Info: Battery - currVoltage: 11.40, lowestVoltage: 10.05
GlobalTracer.PowerUse_Info: Power: pdpTotalCurrent: 46.13 elev: 15.38 winch: 0.00, pickup: 0.00, total: 0.57
GlobalTracer.startCompetition_Warn: AUTO_MODE takes too long (0.159s)

GlobalTracer.printPidInfo_Info: [4.301] encoderXPidCtrl: Target=  12.8, Input=  12.7, Error=   0.1, PIDTerms= 0.015/ 0.000/-0.018/ 0.000, Output=-0.003(-0.700/0.700), Volt=11.7(10.1)
GlobalTracer.printPidInfo_Info: [4.301] encoderYPidCtrl: Target= 336.5, Input= 270.2, Error=  66.3, PIDTerms= 1.325/ 0.000/-0.087/ 0.000, Output= 0.600(-0.600/0.600), Volt=11.7(10.1)
GlobalTracer.printPidInfo_Info: [4.301] gyroTurnPidCtrl: Target=   0.0, Input=  -0.7, Error=   0.7, PIDTerms= 0.012/ 0.000/ 0.010/ 0.000, Output= 0.022(-0.700/0.700), Volt=11.7(10.1)
GlobalTracer.printPidInfo_Info: [4.301] elevatorPidController: Target=  35.0, Input=  34.2, Error=   0.8, PIDTerms= 0.158/ 0.013/-0.000/ 0.000, Output= 0.171(-1.000/1.000), Volt=11.7(10.1)
GlobalTracer.PowerUse_Info: Battery - currVoltage: 11.70, lowestVoltage: 10.05
GlobalTracer.PowerUse_Info: Power: pdpTotalCurrent: 34.50 elev: 1.63 winch: 0.00, pickup: 0.00, total: 0.59
GlobalTracer.startCompetition_Warn: AUTO_MODE takes too long (0.161s)

GlobalTracer.printPidInfo_Info: [4.468] encoderXPidCtrl: Target=  12.8, Input=  13.6, Error=  -0.8, PIDTerms=-0.117/ 0.000/-0.082/ 0.000, Output=-0.200(-0.700/0.700), Volt=11.5(10.1)
GlobalTracer.printPidInfo_Info: [4.468] encoderYPidCtrl: Target= 336.5, Input= 285.9, Error=  50.6, PIDTerms= 1.012/ 0.000/-0.098/ 0.000, Output= 0.600(-0.600/0.600), Volt=11.5(10.1)
GlobalTracer.printPidInfo_Info: [4.468] gyroTurnPidCtrl: Target=   0.0, Input=  -0.6, Error=   0.6, PIDTerms= 0.012/ 0.000/-0.000/ 0.000, Output= 0.011(-0.700/0.700), Volt=11.5(10.1)
GlobalTracer.printPidInfo_Info: [4.468] elevatorPidController: Target=  35.0, Input=  34.9, Error=   0.1, PIDTerms= 0.021/ 0.013/-0.000/ 0.000, Output= 0.034(-1.000/1.000), Volt=11.4(10.1)
GlobalTracer.PowerUse_Info: Battery - currVoltage: 11.40, lowestVoltage: 10.05
GlobalTracer.PowerUse_Info: Power: pdpTotalCurrent: 41.50 elev: 0.13 winch: 0.00, pickup: 0.00, total: 0.61
GlobalTracer.startCompetition_Warn: AUTO_MODE takes too long (0.162s)

GlobalTracer.printPidInfo_Info: [4.630] encoderXPidCtrl: Target=  12.8, Input=  13.3, Error=  -0.5, PIDTerms=-0.075/ 0.000/ 0.026/ 0.000, Output=-0.050(-0.700/0.700), Volt=11.9(10.1)
GlobalTracer.printPidInfo_Info: [4.630] encoderYPidCtrl: Target= 336.5, Input= 302.8, Error=  33.7, PIDTerms= 0.674/ 0.000/-0.103/ 0.000, Output= 0.571(-0.600/0.600), Volt=11.9(10.1)
GlobalTracer.printPidInfo_Info: [4.630] gyroTurnPidCtrl: Target=   0.0, Input=   0.4, Error=  -0.4, PIDTerms=-0.007/ 0.000/-0.010/ 0.000, Output=-0.017(-0.700/0.700), Volt=11.9(10.1)
GlobalTracer.printPidInfo_Info: [4.630] elevatorPidController: Target=  35.0, Input=  34.5, Error=   0.5, PIDTerms= 0.100/ 0.013/ 0.000/ 0.000, Output= 0.113(-1.000/1.000), Volt=11.9(10.1)
GlobalTracer.PowerUse_Info: Battery - currVoltage: 11.90, lowestVoltage: 10.05
GlobalTracer.PowerUse_Info: Power: pdpTotalCurrent: 27.88 elev: 1.25 winch: 0.00, pickup: 0.00, total: 0.63
GlobalTracer.startCompetition_Warn: AUTO_MODE takes too long (0.132s)

GlobalTracer.printPidInfo_Info: [4.763] encoderXPidCtrl: Target=  12.8, Input=  12.5, Error=   0.3, PIDTerms= 0.044/ 0.000/ 0.078/ 0.000, Output= 0.122(-0.700/0.700), Volt=12.5(10.1)
GlobalTracer.printPidInfo_Info: [4.763] encoderYPidCtrl: Target= 336.5, Input= 318.4, Error=  18.1, PIDTerms= 0.362/ 0.000/-0.101/ 0.000, Output= 0.262(-0.600/0.600), Volt=12.5(10.1)
GlobalTracer.printPidInfo_Info: [4.763] gyroTurnPidCtrl: Target=   0.0, Input=   1.0, Error=  -1.0, PIDTerms=-0.018/ 0.000/-0.007/ 0.000, Output=-0.025(-0.700/0.700), Volt=12.5(10.1)
GlobalTracer.printPidInfo_Info: [4.763] elevatorPidController: Target=  35.0, Input=  34.4, Error=   0.6, PIDTerms= 0.113/ 0.013/ 0.000/ 0.000, Output= 0.126(-1.000/1.000), Volt=12.5(10.1)
GlobalTracer.PowerUse_Info: Battery - currVoltage: 12.55, lowestVoltage: 10.05
GlobalTracer.PowerUse_Info: Power: pdpTotalCurrent: 13.50 elev: 1.63 winch: 0.00, pickup: 0.00, total: 0.63
GlobalTracer.startCompetition_Warn: AUTO_MODE takes too long (0.138s)

GlobalTracer.printPidInfo_Info: [4.903] encoderXPidCtrl: Target=  12.8, Input=  12.6, Error=   0.3, PIDTerms= 0.038/ 0.000/-0.006/ 0.000, Output= 0.032(-0.700/0.700), Volt=12.4(10.1)
GlobalTracer.printPidInfo_Info: [4.903] encoderYPidCtrl: Target= 336.5, Input= 332.0, Error=   4.5, PIDTerms= 0.091/ 0.000/-0.116/ 0.000, Output=-0.026(-0.600/0.600), Volt=12.4(10.1)
GlobalTracer.printPidInfo_Info: [4.903] gyroTurnPidCtrl: Target=   0.0, Input=   1.1, Error=  -1.1, PIDTerms=-0.020/ 0.000/-0.001/ 0.000, Output=-0.021(-0.700/0.700), Volt=12.4(10.1)
GlobalTracer.printPidInfo_Info: [4.903] elevatorPidController: Target=  35.0, Input=  34.4, Error=   0.6, PIDTerms= 0.113/ 0.013/ 0.000/ 0.000, Output= 0.126(-1.000/1.000), Volt=12.4(10.1)
GlobalTracer.PowerUse_Info: Battery - currVoltage: 12.40, lowestVoltage: 10.05
GlobalTracer.PowerUse_Info: Power: pdpTotalCurrent: 4.38 elev: 1.00 winch: 0.00, pickup: 0.00, total: 0.63
GlobalTracer.startCompetition_Warn: AUTO_MODE takes too long (0.173s)

GlobalTracer.printPidInfo_Info: [5.078] encoderXPidCtrl: Target=  12.8, Input=  12.7, Error=   0.1, PIDTerms= 0.022/ 0.000/-0.009/ 0.000, Output= 0.013(-0.700/0.700), Volt=12.0(10.1)
GlobalTracer.printPidInfo_Info: [5.078] encoderYPidCtrl: Target= 336.5, Input= 341.8, Error=  -5.3, PIDTerms=-0.106/ 0.000/-0.060/ 0.000, Output=-0.165(-0.600/0.600), Volt=12.0(10.1)
GlobalTracer.printPidInfo_Info: [5.078] gyroTurnPidCtrl: Target=   0.0, Input=   0.0, Error=  -0.0, PIDTerms=-0.001/ 0.000/ 0.010/ 0.000, Output= 0.009(-0.700/0.700), Volt=12.0(10.1)
GlobalTracer.printPidInfo_Info: [5.078] elevatorPidController: Target=  35.0, Input=  34.7, Error=   0.3, PIDTerms= 0.065/ 0.013/-0.000/ 0.000, Output= 0.079(-1.000/1.000), Volt=12.1(10.1)
GlobalTracer.PowerUse_Info: Battery - currVoltage: 12.05, lowestVoltage: 10.05
GlobalTracer.PowerUse_Info: Power: pdpTotalCurrent: 12.88 elev: 0.50 winch: 0.00, pickup: 0.00, total: 0.65
GlobalTracer.startCompetition_Warn: AUTO_MODE takes too long (0.155s)

GlobalTracer.printPidInfo_Info: [5.238] encoderXPidCtrl: Target=  12.8, Input=  12.9, Error=  -0.0, PIDTerms=-0.004/ 0.000/-0.014/ 0.000, Output=-0.018(-0.700/0.700), Volt=11.7(10.1)
GlobalTracer.printPidInfo_Info: [5.238] encoderYPidCtrl: Target= 336.5, Input= 347.8, Error= -11.3, PIDTerms=-0.227/ 0.000/-0.034/ 0.000, Output=-0.261(-0.600/0.600), Volt=11.7(10.1)
GlobalTracer.printPidInfo_Info: [5.238] gyroTurnPidCtrl: Target=   0.0, Input=  -2.4, Error=   2.4, PIDTerms= 0.043/ 0.000/ 0.022/ 0.000, Output= 0.064(-0.700/0.700), Volt=11.7(10.1)
GlobalTracer.printPidInfo_Info: [5.238] elevatorPidController: Target=  35.0, Input=  34.6, Error=   0.4, PIDTerms= 0.074/ 0.013/ 0.000/ 0.000, Output= 0.087(-1.000/1.000), Volt=11.8(10.1)
GlobalTracer.PowerUse_Info: Battery - currVoltage: 11.85, lowestVoltage: 10.05
GlobalTracer.PowerUse_Info: Power: pdpTotalCurrent: 37.38 elev: 0.63 winch: 0.00, pickup: 0.00, total: 0.65
GlobalTracer.startCompetition_Warn: AUTO_MODE takes too long (0.159s)

GlobalTracer.printPidInfo_Info: [5.400] encoderXPidCtrl: Target=  12.8, Input=  13.5, Error=  -0.6, PIDTerms=-0.093/ 0.000/-0.054/ 0.000, Output=-0.147(-0.700/0.700), Volt=11.8(10.1)
GlobalTracer.printPidInfo_Info: [5.400] encoderYPidCtrl: Target= 336.5, Input= 350.4, Error= -13.9, PIDTerms=-0.279/ 0.000/-0.016/ 0.000, Output=-0.294(-0.600/0.600), Volt=11.8(10.1)
GlobalTracer.printPidInfo_Info: [5.400] gyroTurnPidCtrl: Target=   0.0, Input=  -3.1, Error=   3.1, PIDTerms= 0.056/ 0.000/ 0.007/ 0.000, Output= 0.063(-0.700/0.700), Volt=11.9(10.1)
GlobalTracer.printPidInfo_Info: [5.400] elevatorPidController: Target=  35.0, Input=  34.6, Error=   0.4, PIDTerms= 0.077/ 0.013/ 0.000/ 0.000, Output= 0.090(-1.000/1.000), Volt=11.9(10.1)
GlobalTracer.PowerUse_Info: Battery - currVoltage: 11.80, lowestVoltage: 10.05
GlobalTracer.PowerUse_Info: Power: pdpTotalCurrent: 25.25 elev: 0.75 winch: 0.00, pickup: 0.00, total: 0.67
GlobalTracer.startCompetition_Warn: AUTO_MODE takes too long (0.161s)

GlobalTracer.printPidInfo_Info: [5.563] encoderXPidCtrl: Target=  12.8, Input=  12.1, Error=   0.8, PIDTerms= 0.115/ 0.000/ 0.128/ 0.000, Output= 0.244(-0.700/0.700), Volt=11.3(10.1)
GlobalTracer.printPidInfo_Info: [5.563] encoderYPidCtrl: Target= 336.5, Input= 349.1, Error= -12.6, PIDTerms=-0.252/ 0.000/ 0.008/ 0.000, Output=-0.244(-0.600/0.600), Volt=11.3(10.1)
GlobalTracer.printPidInfo_Info: [5.563] gyroTurnPidCtrl: Target=   0.0, Input=  -3.2, Error=   3.2, PIDTerms= 0.058/ 0.000/ 0.001/ 0.000, Output= 0.060(-0.700/0.700), Volt=11.3(10.1)
GlobalTracer.printPidInfo_Info: [5.563] elevatorPidController: Target=  35.0, Input=  34.6, Error=   0.4, PIDTerms= 0.077/ 0.013/ 0.000/ 0.000, Output= 0.090(-1.000/1.000), Volt=11.5(10.1)
GlobalTracer.PowerUse_Info: Battery - currVoltage: 11.45, lowestVoltage: 10.05
GlobalTracer.PowerUse_Info: Power: pdpTotalCurrent: 38.88 elev: 0.63 winch: 0.00, pickup: 0.00, total: 0.69
GlobalTracer.startCompetition_Warn: AUTO_MODE takes too long (0.101s)

GlobalTracer.printPidInfo_Info: [5.674] encoderXPidCtrl: Target=  12.8, Input=  10.5, Error=   2.4, PIDTerms= 0.358/ 0.000/ 0.186/ 0.000, Output= 0.544(-0.700/0.700), Volt=10.3(10.1)
GlobalTracer.printPidInfo_Info: [5.674] encoderYPidCtrl: Target= 336.5, Input= 346.1, Error=  -9.6, PIDTerms=-0.192/ 0.000/ 0.023/ 0.000, Output=-0.168(-0.600/0.600), Volt=10.3(10.1)
GlobalTracer.printPidInfo_Info: [5.674] gyroTurnPidCtrl: Target=   0.0, Input=  -4.1, Error=   4.1, PIDTerms= 0.073/ 0.000/ 0.010/ 0.000, Output= 0.084(-0.700/0.700), Volt=10.3(10.1)
GlobalTracer.printPidInfo_Info: [5.674] elevatorPidController: Target=  35.0, Input=  34.6, Error=   0.4, PIDTerms= 0.077/ 0.013/ 0.000/ 0.000, Output= 0.090(-1.000/1.000), Volt=10.3(10.1)
GlobalTracer.printPidInfo_Info: [5.766] encoderXPidCtrl: Target=  12.8, Input=  10.9, Error=   1.9, PIDTerms= 0.292/ 0.000/-0.100/ 0.000, Output= 0.192(-0.700/0.700), Volt=12.0(10.1)
GlobalTracer.printPidInfo_Info: [5.766] encoderYPidCtrl: Target= 336.5, Input= 344.3, Error=  -7.8, PIDTerms=-0.157/ 0.000/ 0.026/ 0.000, Output=-0.131(-0.600/0.600), Volt=12.0(10.1)
GlobalTracer.printPidInfo_Info: [5.766] gyroTurnPidCtrl: Target=   0.0, Input=  -3.3, Error=   3.3, PIDTerms= 0.059/ 0.000/-0.019/ 0.000, Output= 0.040(-0.700/0.700), Volt=12.0(10.1)
GlobalTracer.printPidInfo_Info: [5.766] elevatorPidController: Target=  35.0, Input=  34.6, Error=   0.4, PIDTerms= 0.077/ 0.014/ 0.000/ 0.000, Output= 0.090(-1.000/1.000), Volt=12.0(10.1)
GlobalTracer.PowerUse_Info: Battery - currVoltage: 11.95, lowestVoltage: 10.05
GlobalTracer.PowerUse_Info: Power: pdpTotalCurrent: 14.75 elev: 0.75 winch: 0.00, pickup: 0.00, total: 0.71
GlobalTracer.startCompetition_Warn: AUTO_MODE takes too long (0.143s)

GlobalTracer.printPidInfo_Info: [5.913] encoderXPidCtrl: Target=  12.8, Input=  11.3, Error=   1.5, PIDTerms= 0.228/ 0.000/-0.034/ 0.000, Output= 0.194(-0.700/0.700), Volt=12.0(10.1)
GlobalTracer.printPidInfo_Info: [5.913] encoderYPidCtrl: Target= 336.5, Input= 342.3, Error=  -5.8, PIDTerms=-0.116/ 0.000/ 0.011/ 0.000, Output=-0.105(-0.600/0.600), Volt=12.1(10.1)
GlobalTracer.printPidInfo_Info: [5.913] gyroTurnPidCtrl: Target=   0.0, Input=  -1.8, Error=   1.8, PIDTerms= 0.032/ 0.000/-0.013/ 0.000, Output= 0.019(-0.700/0.700), Volt=12.1(10.1)
GlobalTracer.printPidInfo_Info: [5.913] elevatorPidController: Target=  35.0, Input=  34.6, Error=   0.4, PIDTerms= 0.077/ 0.014/ 0.000/ 0.000, Output= 0.090(-1.000/1.000), Volt=12.1(10.1)
GlobalTracer.PowerUse_Info: Battery - currVoltage: 12.05, lowestVoltage: 10.05
GlobalTracer.PowerUse_Info: Power: pdpTotalCurrent: 14.38 elev: 0.75 winch: 0.00, pickup: 0.00, total: 0.72
GlobalTracer.startCompetition_Warn: AUTO_MODE takes too long (0.143s)

GlobalTracer.printPidInfo_Info: [6.058] encoderXPidCtrl: Target=  12.8, Input=  11.6, Error=   1.2, PIDTerms= 0.182/ 0.000/-0.043/ 0.000, Output= 0.139(-0.700/0.700), Volt=12.3(10.1)
GlobalTracer.printPidInfo_Info: [6.058] encoderYPidCtrl: Target= 336.5, Input= 339.6, Error=  -3.1, PIDTerms=-0.062/ 0.000/ 0.026/ 0.000, Output=-0.036(-0.600/0.600), Volt=12.3(10.1)
GlobalTracer.printPidInfo_Info: [6.058] gyroTurnPidCtrl: Target=   0.0, Input=  -0.4, Error=   0.4, PIDTerms= 0.007/ 0.000/-0.021/ 0.000, Output=-0.014(-0.700/0.700), Volt=12.3(10.1)
GlobalTracer.printPidInfo_Info: [6.058] elevatorPidController: Target=  35.0, Input=  34.6, Error=   0.4, PIDTerms= 0.077/ 0.014/ 0.000/ 0.000, Output= 0.090(-1.000/1.000), Volt=12.3(10.1)
GlobalTracer.PowerUse_Info: Battery - currVoltage: 12.25, lowestVoltage: 10.05
GlobalTracer.PowerUse_Info: Power: pdpTotalCurrent: 2.38 elev: 0.75 winch: 0.00, pickup: 0.00, total: 0.72
GlobalTracer.startCompetition_Warn: AUTO_MODE takes too long (0.176s)

GlobalTracer.printPidInfo_Info: [6.236] encoderXPidCtrl: Target=  12.8, Input=  12.1, Error=   0.8, PIDTerms= 0.114/ 0.000/-0.045/ 0.000, Output= 0.068(-0.700/0.700), Volt=12.4(10.1)
GlobalTracer.printPidInfo_Info: [6.236] encoderYPidCtrl: Target= 336.5, Input= 337.1, Error=  -0.6, PIDTerms=-0.012/ 0.000/ 0.016/ 0.000, Output= 0.004(-0.600/0.600), Volt=12.4(10.1)
GlobalTracer.printPidInfo_Info: [6.236] gyroTurnPidCtrl: Target=   0.0, Input=   0.8, Error=  -0.8, PIDTerms=-0.015/ 0.000/-0.013/ 0.000, Output=-0.028(-0.700/0.700), Volt=12.4(10.1)
GlobalTracer.printPidInfo_Info: [6.236] elevatorPidController: Target=  35.0, Input=  34.6, Error=   0.4, PIDTerms= 0.077/ 0.014/ 0.000/ 0.000, Output= 0.090(-1.000/1.000), Volt=12.4(10.1)
GlobalTracer.PowerUse_Info: Battery - currVoltage: 12.40, lowestVoltage: 10.05
GlobalTracer.PowerUse_Info: Power: pdpTotalCurrent: 0.00 elev: 0.75 winch: 0.00, pickup: 0.00, total: 0.72
GlobalTracer.startCompetition_Warn: AUTO_MODE takes too long (0.187s)

GlobalTracer.Robot_Info: [6.426] TURN_TO_FACE_SCALE: xPos= 12.17,yPos=333.75,heading=   0.2/ -90.0,volts=12.5(10.1)
GlobalTracer.printPidInfo_Info: [6.426] encoderXPidCtrl: Target=  12.2, Input=  12.2, Error=   0.0, PIDTerms= 0.096/ 0.000/-0.009/ 0.000, Output= 0.000(-0.700/0.700), Volt=12.5(10.1)
GlobalTracer.printPidInfo_Info: [6.426] encoderYPidCtrl: Target= 333.8, Input= 334.8, Error=   0.0, PIDTerms= 0.034/ 0.000/ 0.011/ 0.000, Output= 0.000(-0.600/0.600), Volt=12.5(10.1)
GlobalTracer.printPidInfo_Info: [6.426] gyroTurnPidCtrl: Target= -90.0, Input=   0.5, Error= -90.2, PIDTerms=-0.009/ 0.000/ 0.003/ 0.000, Output= 0.000(-0.700/0.700), Volt=12.5(10.1)
GlobalTracer.printPidInfo_Info: [6.426] elevatorPidController: Target=  35.0, Input=  34.6, Error=   0.4, PIDTerms= 0.077/ 0.014/ 0.000/ 0.000, Output= 0.091(-1.000/1.000), Volt=12.5(10.1)
GlobalTracer.PowerUse_Info: Battery - currVoltage: 12.45, lowestVoltage: 10.05
GlobalTracer.PowerUse_Info: Power: pdpTotalCurrent: 0.00 elev: 0.75 winch: 0.00, pickup: 0.00, total: 0.72
GlobalTracer.startCompetition_Warn: AUTO_MODE takes too long (0.233s)

GlobalTracer.printPidInfo_Info: [6.663] encoderXPidCtrl: Target=  12.2, Input=  12.2, Error=   0.0, PIDTerms= 0.096/ 0.000/-0.009/ 0.000, Output= 0.000(-0.700/0.700), Volt=9.9(9.8)
GlobalTracer.printPidInfo_Info: [6.663] encoderYPidCtrl: Target= 333.8, Input= 334.8, Error=   0.0, PIDTerms= 0.034/ 0.000/ 0.011/ 0.000, Output= 0.000(-0.600/0.600), Volt=10.0(9.8)
GlobalTracer.printPidInfo_Info: [6.663] gyroTurnPidCtrl: Target= -90.0, Input=   0.2, Error= -90.2, PIDTerms=-1.623/ 0.000/ 0.000/-0.000, Output=-0.700(-0.700/0.700), Volt=10.0(9.8)
GlobalTracer.printPidInfo_Info: [6.663] elevatorPidController: Target=  35.0, Input=  34.6, Error=   0.4, PIDTerms= 0.077/ 0.014/ 0.000/ 0.000, Output= 0.091(-1.000/1.000), Volt=10.0(9.8)
GlobalTracer.PowerUse_Info: Battery - currVoltage: 10.15, lowestVoltage: 9.80
GlobalTracer.PowerUse_Info: Power: pdpTotalCurrent: 105.38 elev: 0.63 winch: 0.00, pickup: 0.00, total: 0.74
GlobalTracer.startCompetition_Warn: AUTO_MODE takes too long (0.194s)

GlobalTracer.printPidInfo_Info: [6.859] encoderXPidCtrl: Target=  12.2, Input=  12.2, Error=   0.0, PIDTerms= 0.096/ 0.000/-0.009/ 0.000, Output= 0.000(-0.700/0.700), Volt=10.5(9.8)
GlobalTracer.printPidInfo_Info: [6.859] encoderYPidCtrl: Target= 333.8, Input= 334.8, Error=   0.0, PIDTerms= 0.034/ 0.000/ 0.011/ 0.000, Output= 0.000(-0.600/0.600), Volt=10.6(9.8)
GlobalTracer.printPidInfo_Info: [6.859] gyroTurnPidCtrl: Target= -90.0, Input=  -2.3, Error= -87.7, PIDTerms=-1.579/ 0.000/ 0.017/-0.000, Output=-0.700(-0.700/0.700), Volt=10.6(9.8)
GlobalTracer.printPidInfo_Info: [6.859] elevatorPidController: Target=  35.0, Input=  34.6, Error=   0.4, PIDTerms= 0.077/ 0.014/ 0.000/ 0.000, Output= 0.091(-1.000/1.000), Volt=10.6(9.8)
GlobalTracer.PowerUse_Info: Battery - currVoltage: 10.70, lowestVoltage: 9.80
GlobalTracer.PowerUse_Info: Power: pdpTotalCurrent: 77.13 elev: 0.63 winch: 0.00, pickup: 0.00, total: 0.79
GlobalTracer.startCompetition_Warn: AUTO_MODE takes too long (0.149s)

GlobalTracer.printPidInfo_Info: [7.010] encoderXPidCtrl: Target=  12.2, Input=  12.2, Error=   0.0, PIDTerms= 0.096/ 0.000/-0.009/ 0.000, Output= 0.000(-0.700/0.700), Volt=10.9(9.8)
GlobalTracer.printPidInfo_Info: [7.010] encoderYPidCtrl: Target= 333.8, Input= 334.8, Error=   0.0, PIDTerms= 0.034/ 0.000/ 0.011/ 0.000, Output= 0.000(-0.600/0.600), Volt=10.8(9.8)
GlobalTracer.printPidInfo_Info: [7.010] gyroTurnPidCtrl: Target= -90.0, Input= -20.9, Error= -69.1, PIDTerms=-1.243/ 0.000/ 0.202/-0.000, Output=-0.700(-0.700/0.700), Volt=10.8(9.8)
GlobalTracer.printPidInfo_Info: [7.010] elevatorPidController: Target=  35.0, Input=  34.6, Error=   0.4, PIDTerms= 0.077/ 0.014/ 0.000/ 0.000, Output= 0.091(-1.000/1.000), Volt=10.8(9.8)
GlobalTracer.PowerUse_Info: Battery - currVoltage: 10.75, lowestVoltage: 9.80
GlobalTracer.PowerUse_Info: Power: pdpTotalCurrent: 69.38 elev: 0.50 winch: 0.00, pickup: 0.00, total: 0.82
GlobalTracer.startCompetition_Warn: AUTO_MODE takes too long (0.147s)

GlobalTracer.printPidInfo_Info: [7.159] encoderXPidCtrl: Target=  12.2, Input=  12.2, Error=   0.0, PIDTerms= 0.096/ 0.000/-0.009/ 0.000, Output= 0.000(-0.700/0.700), Volt=11.4(9.8)
GlobalTracer.printPidInfo_Info: [7.159] encoderYPidCtrl: Target= 333.8, Input= 334.8, Error=   0.0, PIDTerms= 0.034/ 0.000/ 0.011/ 0.000, Output= 0.000(-0.600/0.600), Volt=11.4(9.8)
GlobalTracer.printPidInfo_Info: [7.159] gyroTurnPidCtrl: Target= -90.0, Input= -44.5, Error= -45.5, PIDTerms=-0.819/ 0.000/ 0.222/-0.000, Output=-0.597(-0.700/0.700), Volt=11.4(9.8)
GlobalTracer.printPidInfo_Info: [7.159] elevatorPidController: Target=  35.0, Input=  34.6, Error=   0.4, PIDTerms= 0.077/ 0.014/ 0.000/ 0.000, Output= 0.091(-1.000/1.000), Volt=11.4(9.8)
GlobalTracer.PowerUse_Info: Battery - currVoltage: 11.45, lowestVoltage: 9.80
GlobalTracer.PowerUse_Info: Power: pdpTotalCurrent: 39.50 elev: 0.75 winch: 0.00, pickup: 0.00, total: 0.85
GlobalTracer.printPidInfo_Info: [7.258] encoderXPidCtrl: Target=  12.2, Input=  12.2, Error=   0.0, PIDTerms= 0.096/ 0.000/-0.009/ 0.000, Output= 0.000(-0.700/0.700), Volt=12.4(9.8)
GlobalTracer.printPidInfo_Info: [7.258] encoderYPidCtrl: Target= 333.8, Input= 334.8, Error=   0.0, PIDTerms= 0.034/ 0.000/ 0.011/ 0.000, Output= 0.000(-0.600/0.600), Volt=12.4(9.8)
GlobalTracer.printPidInfo_Info: [7.258] gyroTurnPidCtrl: Target= -90.0, Input= -67.0, Error= -23.0, PIDTerms=-0.415/ 0.000/ 0.294/-0.000, Output=-0.120(-0.700/0.700), Volt=12.4(9.8)
GlobalTracer.printPidInfo_Info: [7.258] elevatorPidController: Target=  35.0, Input=  34.6, Error=   0.4, PIDTerms= 0.078/ 0.014/ 0.000/ 0.000, Output= 0.092(-1.000/1.000), Volt=12.4(9.8)
GlobalTracer.printPidInfo_Info: [7.333] encoderXPidCtrl: Target=  12.2, Input=  12.2, Error=   0.0, PIDTerms= 0.096/ 0.000/-0.009/ 0.000, Output= 0.000(-0.700/0.700), Volt=11.0(9.8)
GlobalTracer.printPidInfo_Info: [7.333] encoderYPidCtrl: Target= 333.8, Input= 334.8, Error=   0.0, PIDTerms= 0.034/ 0.000/ 0.011/ 0.000, Output= 0.000(-0.600/0.600), Volt=11.0(9.8)
GlobalTracer.printPidInfo_Info: [7.333] gyroTurnPidCtrl: Target= -90.0, Input= -85.3, Error=  -4.7, PIDTerms=-0.084/ 0.000/ 0.444/-0.000, Output= 0.360(-0.700/0.700), Volt=11.2(9.8)
GlobalTracer.printPidInfo_Info: [7.333] elevatorPidController: Target=  35.0, Input=  34.6, Error=   0.4, PIDTerms= 0.078/ 0.014/ 0.000/ 0.000, Output= 0.092(-1.000/1.000), Volt=11.2(9.8)
GlobalTracer.PowerUse_Info: Battery - currVoltage: 11.15, lowestVoltage: 9.80
GlobalTracer.PowerUse_Info: Power: pdpTotalCurrent: 28.63 elev: 0.75 winch: 0.00, pickup: 0.00, total: 0.87
GlobalTracer.printPidInfo_Info: [7.431] encoderXPidCtrl: Target=  12.2, Input=  12.2, Error=   0.0, PIDTerms= 0.096/ 0.000/-0.009/ 0.000, Output= 0.000(-0.700/0.700), Volt=11.9(9.8)
GlobalTracer.printPidInfo_Info: [7.431] encoderYPidCtrl: Target= 333.8, Input= 334.8, Error=   0.0, PIDTerms= 0.034/ 0.000/ 0.011/ 0.000, Output= 0.000(-0.600/0.600), Volt=11.9(9.8)
GlobalTracer.printPidInfo_Info: [7.431] gyroTurnPidCtrl: Target= -90.0, Input= -94.6, Error=   4.6, PIDTerms= 0.082/ 0.000/ 0.145/-0.000, Output= 0.227(-0.700/0.700), Volt=11.9(9.8)
GlobalTracer.printPidInfo_Info: [7.431] elevatorPidController: Target=  35.0, Input=  34.6, Error=   0.4, PIDTerms= 0.078/ 0.014/ 0.000/ 0.000, Output= 0.092(-1.000/1.000), Volt=12.0(9.8)
GlobalTracer.PowerUse_Info: Battery - currVoltage: 11.95, lowestVoltage: 9.80
GlobalTracer.PowerUse_Info: Power: pdpTotalCurrent: 23.50 elev: 0.63 winch: 0.00, pickup: 0.00, total: 0.88
GlobalTracer.printPidInfo_Info: [7.521] encoderXPidCtrl: Target=  12.2, Input=  12.2, Error=   0.0, PIDTerms= 0.096/ 0.000/-0.009/ 0.000, Output= 0.000(-0.700/0.700), Volt=12.1(9.8)
GlobalTracer.printPidInfo_Info: [7.521] encoderYPidCtrl: Target= 333.8, Input= 334.8, Error=   0.0, PIDTerms= 0.034/ 0.000/ 0.011/ 0.000, Output= 0.000(-0.600/0.600), Volt=12.1(9.8)
GlobalTracer.printPidInfo_Info: [7.521] gyroTurnPidCtrl: Target= -90.0, Input= -98.6, Error=   8.6, PIDTerms= 0.155/ 0.000/ 0.069/-0.000, Output= 0.224(-0.700/0.700), Volt=12.1(9.8)
GlobalTracer.printPidInfo_Info: [7.521] elevatorPidController: Target=  35.0, Input=  34.6, Error=   0.4, PIDTerms= 0.075/ 0.014/-0.000/ 0.000, Output= 0.090(-1.000/1.000), Volt=12.1(9.8)
GlobalTracer.printPidInfo_Info: [7.600] encoderXPidCtrl: Target=  12.2, Input=  12.2, Error=   0.0, PIDTerms= 0.096/ 0.000/-0.009/ 0.000, Output= 0.000(-0.700/0.700), Volt=12.4(9.8)
GlobalTracer.printPidInfo_Info: [7.600] encoderYPidCtrl: Target= 333.8, Input= 334.8, Error=   0.0, PIDTerms= 0.034/ 0.000/ 0.011/ 0.000, Output= 0.000(-0.600/0.600), Volt=12.4(9.8)
GlobalTracer.printPidInfo_Info: [7.600] gyroTurnPidCtrl: Target= -90.0, Input= -95.5, Error=   5.5, PIDTerms= 0.100/ 0.000/-0.070/-0.000, Output= 0.029(-0.700/0.700), Volt=12.4(9.8)
GlobalTracer.printPidInfo_Info: [7.600] elevatorPidController: Target=  35.0, Input=  34.6, Error=   0.4, PIDTerms= 0.075/ 0.014/ 0.000/ 0.000, Output= 0.090(-1.000/1.000), Volt=12.5(9.8)
GlobalTracer.PowerUse_Info: Battery - currVoltage: 12.45, lowestVoltage: 9.80
GlobalTracer.PowerUse_Info: Power: pdpTotalCurrent: 13.88 elev: 0.75 winch: 0.00, pickup: 0.00, total: 0.89
GlobalTracer.startCompetition_Warn: AUTO_MODE takes too long (0.142s)

GlobalTracer.printPidInfo_Info: [7.743] encoderXPidCtrl: Target=  12.2, Input=  12.2, Error=   0.0, PIDTerms= 0.096/ 0.000/-0.009/ 0.000, Output= 0.000(-0.700/0.700), Volt=12.4(9.8)
GlobalTracer.printPidInfo_Info: [7.743] encoderYPidCtrl: Target= 333.8, Input= 334.8, Error=   0.0, PIDTerms= 0.034/ 0.000/ 0.011/ 0.000, Output= 0.000(-0.600/0.600), Volt=12.4(9.8)
GlobalTracer.printPidInfo_Info: [7.743] gyroTurnPidCtrl: Target= -90.0, Input= -92.7, Error=   2.7, PIDTerms= 0.048/ 0.000/-0.039/-0.000, Output= 0.009(-0.700/0.700), Volt=12.4(9.8)
GlobalTracer.printPidInfo_Info: [7.743] elevatorPidController: Target=  35.0, Input=  34.6, Error=   0.4, PIDTerms= 0.075/ 0.014/ 0.000/ 0.000, Output= 0.090(-1.000/1.000), Volt=12.4(9.8)
GlobalTracer.PowerUse_Info: Battery - currVoltage: 12.40, lowestVoltage: 9.80
GlobalTracer.PowerUse_Info: Power: pdpTotalCurrent: 0.00 elev: 0.75 winch: 0.00, pickup: 0.00, total: 0.89
GlobalTracer.startCompetition_Warn: AUTO_MODE takes too long (0.138s)

GlobalTracer.Robot_Info: [7.883] RAISE_ELEVATOR: xPos= 12.80,yPos=333.77,heading= -92.1/ -90.0,volts=12.4(9.8)
GlobalTracer.printPidInfo_Info: [7.883] elevatorPidController: Target=  70.0, Input=  34.6, Error=  35.4, PIDTerms= 0.075/ 0.014/ 0.000/ 0.000, Output= 0.000(-1.000/1.000), Volt=12.4(9.8)
GlobalTracer.PowerUse_Info: Battery - currVoltage: 12.40, lowestVoltage: 9.80
GlobalTracer.PowerUse_Info: Power: pdpTotalCurrent: 0.00 elev: 0.75 winch: 0.00, pickup: 0.00, total: 0.89
GlobalTracer.startCompetition_Warn: AUTO_MODE takes too long (0.101s)

GlobalTracer.printPidInfo_Info: [7.984] elevatorPidController: Target=  70.0, Input=  34.6, Error=  35.4, PIDTerms= 7.075/ 0.002/ 0.000/ 0.000, Output= 1.000(-1.000/1.000), Volt=10.5(9.8)
GlobalTracer.printPidInfo_Info: [8.040] elevatorPidController: Target=  70.0, Input=  35.5, Error=  34.5, PIDTerms= 6.896/ 0.004/-0.000/ 0.000, Output= 1.000(-1.000/1.000), Volt=10.6(9.8)
GlobalTracer.PowerUse_Info: Battery - currVoltage: 10.85, lowestVoltage: 9.80
GlobalTracer.PowerUse_Info: Power: pdpTotalCurrent: 73.13 elev: 66.50 winch: 0.00, pickup: 0.00, total: 0.91
GlobalTracer.printPidInfo_Info: [8.123] elevatorPidController: Target=  70.0, Input=  37.5, Error=  32.5, PIDTerms= 6.492/ 0.007/-0.000/ 0.000, Output= 1.000(-1.000/1.000), Volt=11.3(9.8)
GlobalTracer.printPidInfo_Info: [8.187] elevatorPidController: Target=  70.0, Input=  39.8, Error=  30.2, PIDTerms= 6.041/ 0.008/-0.000/ 0.000, Output= 1.000(-1.000/1.000), Volt=11.5(9.8)
GlobalTracer.PowerUse_Info: Battery - currVoltage: 11.40, lowestVoltage: 9.80
GlobalTracer.PowerUse_Info: Power: pdpTotalCurrent: 44.00 elev: 34.50 winch: 0.00, pickup: 0.00, total: 0.93
GlobalTracer.printPidInfo_Info: [8.261] elevatorPidController: Target=  70.0, Input=  43.0, Error=  27.0, PIDTerms= 5.390/ 0.011/-0.000/ 0.000, Output= 1.000(-1.000/1.000), Volt=11.7(9.8)
GlobalTracer.printPidInfo_Info: [8.320] elevatorPidController: Target=  70.0, Input=  45.5, Error=  24.5, PIDTerms= 4.890/ 0.012/-0.000/ 0.000, Output= 1.000(-1.000/1.000), Volt=11.4(9.8)
GlobalTracer.PowerUse_Info: Battery - currVoltage: 11.35, lowestVoltage: 9.80
GlobalTracer.PowerUse_Info: Power: pdpTotalCurrent: 36.50 elev: 38.63 winch: 0.00, pickup: 0.00, total: 0.95
GlobalTracer.printPidInfo_Info: [8.396] elevatorPidController: Target=  70.0, Input=  48.5, Error=  21.5, PIDTerms= 4.297/ 0.014/-0.000/ 0.000, Output= 1.000(-1.000/1.000), Volt=11.4(9.8)
GlobalTracer.printPidInfo_Info: [8.459] elevatorPidController: Target=  70.0, Input=  50.1, Error=  19.9, PIDTerms= 3.977/ 0.015/-0.000/ 0.000, Output= 1.000(-1.000/1.000), Volt=11.7(9.8)
GlobalTracer.PowerUse_Info: Battery - currVoltage: 11.50, lowestVoltage: 9.80
GlobalTracer.PowerUse_Info: Power: pdpTotalCurrent: 34.25 elev: 30.75 winch: 0.00, pickup: 0.00, total: 0.96
GlobalTracer.printPidInfo_Info: [8.535] elevatorPidController: Target=  70.0, Input=  54.2, Error=  15.8, PIDTerms= 3.164/ 0.016/-0.000/ 0.000, Output= 1.000(-1.000/1.000), Volt=11.6(9.8)
GlobalTracer.printPidInfo_Info: [8.599] elevatorPidController: Target=  70.0, Input=  55.8, Error=  14.2, PIDTerms= 2.850/ 0.017/-0.000/ 0.000, Output= 1.000(-1.000/1.000), Volt=11.6(9.8)
GlobalTracer.PowerUse_Info: Battery - currVoltage: 11.60, lowestVoltage: 9.80
GlobalTracer.PowerUse_Info: Power: pdpTotalCurrent: 34.88 elev: 31.63 winch: 0.00, pickup: 0.00, total: 0.98
GlobalTracer.printPidInfo_Info: [8.679] elevatorPidController: Target=  70.0, Input=  59.0, Error=  11.0, PIDTerms= 2.196/ 0.018/-0.000/ 0.000, Output= 1.000(-1.000/1.000), Volt=11.4(9.8)
GlobalTracer.printPidInfo_Info: [8.740] elevatorPidController: Target=  70.0, Input=  62.2, Error=   7.8, PIDTerms= 1.553/ 0.018/-0.000/ 0.000, Output= 1.000(-1.000/1.000), Volt=11.7(9.8)
GlobalTracer.PowerUse_Info: Battery - currVoltage: 11.70, lowestVoltage: 9.80
GlobalTracer.PowerUse_Info: Power: pdpTotalCurrent: 36.63 elev: 33.75 winch: 0.00, pickup: 0.00, total: 1.00
GlobalTracer.printPidInfo_Info: [8.815] elevatorPidController: Target=  70.0, Input=  65.5, Error=   4.5, PIDTerms= 0.905/ 0.019/-0.000/ 0.000, Output= 0.924(-1.000/1.000), Volt=11.5(9.8)
GlobalTracer.printPidInfo_Info: [8.867] elevatorPidController: Target=  70.0, Input=  67.0, Error=   3.0, PIDTerms= 0.609/ 0.019/-0.000/ 0.000, Output= 0.628(-1.000/1.000), Volt=12.0(9.8)
GlobalTracer.PowerUse_Info: Battery - currVoltage: 12.00, lowestVoltage: 9.80
GlobalTracer.PowerUse_Info: Power: pdpTotalCurrent: 24.38 elev: 17.25 winch: 0.00, pickup: 0.00, total: 1.01
GlobalTracer.printPidInfo_Info: [8.952] elevatorPidController: Target=  70.0, Input=  69.6, Error=   0.4, PIDTerms= 0.073/ 0.019/-0.000/ 0.000, Output= 0.092(-1.000/1.000), Volt=12.4(9.8)
GlobalTracer.printPidInfo_Info: [8.999] elevatorPidController: Target=  70.0, Input=  70.8, Error=  -0.8, PIDTerms=-0.164/ 0.019/-0.000/ 0.000, Output=-0.145(-1.000/1.000), Volt=12.4(9.8)
GlobalTracer.PowerUse_Info: Battery - currVoltage: 12.35, lowestVoltage: 9.80
GlobalTracer.PowerUse_Info: Power: pdpTotalCurrent: 2.13 elev: 1.25 winch: 0.00, pickup: 0.00, total: 1.02
GlobalTracer.printPidInfo_Info: [9.088] elevatorPidController: Target=  70.0, Input=  70.7, Error=  -0.7, PIDTerms=-0.146/ 0.019/ 0.000/ 0.000, Output=-0.128(-1.000/1.000), Volt=12.4(9.8)
GlobalTracer.printPidInfo_Info: [9.141] elevatorPidController: Target=  70.0, Input=  70.1, Error=  -0.1, PIDTerms=-0.010/ 0.019/ 0.000/ 0.000, Output= 0.008(-1.000/1.000), Volt=12.5(9.8)
GlobalTracer.PowerUse_Info: Battery - currVoltage: 12.45, lowestVoltage: 9.80
GlobalTracer.PowerUse_Info: Power: pdpTotalCurrent: 0.00 elev: 0.13 winch: 0.00, pickup: 0.00, total: 1.02
GlobalTracer.Robot_Info: [9.221] THROW_CUBE: xPos= 12.79,yPos=333.75,heading= -92.1/ -90.0,volts=12.5(9.8)
GlobalTracer.printPidInfo_Info: [9.221] elevatorPidController: Target=  70.0, Input=  70.1, Error=   0.6, PIDTerms=-0.010/ 0.019/ 0.000/ 0.000, Output= 0.000(-1.000/1.000), Volt=12.5(9.8)
GlobalTracer.printPidInfo_Info: [9.296] elevatorPidController: Target=  70.0, Input=  69.4, Error=   0.6, PIDTerms= 0.122/ 0.000/ 0.000/ 0.000, Output= 0.122(-1.000/1.000), Volt=9.6(9.7)
GlobalTracer.PowerUse_Info: Battery - currVoltage: 9.60, lowestVoltage: 9.70
GlobalTracer.PowerUse_Info: Power: pdpTotalCurrent: 118.13 elev: 0.88 winch: 0.00, pickup: 130.13, total: 1.02
GlobalTracer.printPidInfo_Info: [9.377] elevatorPidController: Target=  70.0, Input=  69.4, Error=   0.6, PIDTerms= 0.119/ 0.000/-0.000/ 0.000, Output= 0.119(-1.000/1.000), Volt=9.7(9.7)
GlobalTracer.printPidInfo_Info: [9.448] elevatorPidController: Target=  70.0, Input=  69.4, Error=   0.6, PIDTerms= 0.113/ 0.000/-0.000/ 0.000, Output= 0.113(-1.000/1.000), Volt=10.2(9.7)
GlobalTracer.PowerUse_Info: Battery - currVoltage: 10.15, lowestVoltage: 9.65
GlobalTracer.PowerUse_Info: Power: pdpTotalCurrent: 106.75 elev: 0.88 winch: 0.00, pickup: 98.00, total: 1.06
GlobalTracer.printPidInfo_Info: [9.531] elevatorPidController: Target=  70.0, Input=  69.5, Error=   0.5, PIDTerms= 0.097/ 0.000/-0.000/ 0.000, Output= 0.097(-1.000/1.000), Volt=10.6(9.7)
GlobalTracer.printPidInfo_Info: [9.601] elevatorPidController: Target=  70.0, Input=  69.1, Error=   0.9, PIDTerms= 0.170/ 0.000/ 0.000/ 0.000, Output= 0.170(-1.000/1.000), Volt=11.0(9.7)
GlobalTracer.PowerUse_Info: Battery - currVoltage: 10.95, lowestVoltage: 9.65
GlobalTracer.PowerUse_Info: Power: pdpTotalCurrent: 69.88 elev: 1.50 winch: 0.00, pickup: 55.88, total: 1.10
GlobalTracer.printPidInfo_Info: [9.687] elevatorPidController: Target=  70.0, Input=  69.3, Error=   0.7, PIDTerms= 0.143/ 0.000/-0.000/ 0.000, Output= 0.143(-1.000/1.000), Volt=11.2(9.7)
GlobalTracer.CmdAutoScale_Info: setSonarTriggerEnabled(false)
GlobalTracer.CmdAutoScale_Info: setRangingEnabled(false)
GlobalTracer.Robot_Info: [9.740]       DONE: xPos= 12.80,yPos=333.80,heading= -92.2/ -90.0,volts=11.4(9.7)
GlobalTracer.printPidInfo_Info: [9.740] elevatorPidController: Target=   6.0, Input=  69.3, Error= -63.3, PIDTerms= 0.143/ 0.000/ 0.000/ 0.000, Output= 0.000(-1.000/1.000), Volt=11.4(9.7)
GlobalTracer.PowerUse_Info: Battery - currVoltage: 12.20, lowestVoltage: 9.65
GlobalTracer.PowerUse_Info: Power: pdpTotalCurrent: 43.75 elev: 2.13 winch: 0.00, pickup: 27.25, total: 1.12
GlobalTracer.printPidInfo_Info: [9.828] elevatorPidController: Target=   6.0, Input=  69.3, Error= -63.3, PIDTerms=-12.657/-0.004/ 0.000/ 0.000, Output=-1.000(-1.000/1.000), Volt=12.3(9.7)
GlobalTracer.printPidInfo_Info: [9.897] elevatorPidController: Target=   6.0, Input=  68.9, Error= -62.9, PIDTerms=-12.587/-0.007/ 0.000/ 0.000, Output=-1.000(-1.000/1.000), Volt=11.8(9.7)
GlobalTracer.PowerUse_Info: Battery - currVoltage: 11.85, lowestVoltage: 9.65
GlobalTracer.PowerUse_Info: Power: pdpTotalCurrent: 40.88 elev: 24.38 winch: 0.00, pickup: 0.13, total: 1.14
GlobalTracer.printPidInfo_Info: [9.984] elevatorPidController: Target=   6.0, Input=  63.6, Error= -57.6, PIDTerms=-11.529/-0.012/ 0.000/ 0.000, Output=-1.000(-1.000/1.000), Volt=12.0(9.7)
GlobalTracer.printPidInfo_Info: [10.038] elevatorPidController: Target=   6.0, Input=  59.9, Error= -53.9, PIDTerms=-10.778/-0.015/ 0.000/ 0.000, Output=-1.000(-1.000/1.000), Volt=12.1(9.7)
GlobalTracer.PowerUse_Info: Battery - currVoltage: 12.10, lowestVoltage: 9.65
GlobalTracer.PowerUse_Info: Power: pdpTotalCurrent: 13.38 elev: 12.63 winch: 0.00, pickup: 0.00, total: 1.15
GlobalTracer.printPidInfo_Info: [10.114] elevatorPidController: Target=   6.0, Input=  54.8, Error= -48.8, PIDTerms=-9.767/-0.019/ 0.000/ 0.000, Output=-1.000(-1.000/1.000), Volt=12.1(9.7)
GlobalTracer.printPidInfo_Info: [10.160] elevatorPidController: Target=   6.0, Input=  52.2, Error= -46.2, PIDTerms=-9.242/-0.021/ 0.000/ 0.000, Output=-1.000(-1.000/1.000), Volt=12.2(9.7)
GlobalTracer.PowerUse_Info: Battery - currVoltage: 12.20, lowestVoltage: 9.65
GlobalTracer.PowerUse_Info: Power: pdpTotalCurrent: 9.38 elev: 9.88 winch: 0.00, pickup: 0.00, total: 1.15
GlobalTracer.printPidInfo_Info: [10.240] elevatorPidController: Target=   6.0, Input=  46.9, Error= -40.9, PIDTerms=-8.176/-0.024/ 0.000/ 0.000, Output=-1.000(-1.000/1.000), Volt=12.4(9.7)
GlobalTracer.printPidInfo_Info: [10.294] elevatorPidController: Target=   6.0, Input=  42.1, Error= -36.1, PIDTerms=-7.211/-0.026/ 0.000/ 0.000, Output=-1.000(-1.000/1.000), Volt=12.7(9.7)
GlobalTracer.PowerUse_Info: Battery - currVoltage: 12.65, lowestVoltage: 9.65
GlobalTracer.PowerUse_Info: Power: pdpTotalCurrent: 2.63 elev: 0.00 winch: 0.00, pickup: 0.00, total: 1.15
GlobalTracer.printPidInfo_Info: [10.375] elevatorPidController: Target=   6.0, Input=  37.3, Error= -31.3, PIDTerms=-6.259/-0.028/ 0.000/ 0.000, Output=-1.000(-1.000/1.000), Volt=12.5(9.7)
GlobalTracer.printPidInfo_Info: [10.438] elevatorPidController: Target=   6.0, Input=  31.2, Error= -25.2, PIDTerms=-5.043/-0.030/ 0.000/ 0.000, Output=-1.000(-1.000/1.000), Volt=12.5(9.7)
GlobalTracer.PowerUse_Info: Battery - currVoltage: 12.55, lowestVoltage: 9.65
GlobalTracer.PowerUse_Info: Power: pdpTotalCurrent: 2.75 elev: 0.13 winch: 0.00, pickup: 0.00, total: 1.16
GlobalTracer.printPidInfo_Info: [10.507] elevatorPidController: Target=   6.0, Input=  26.6, Error= -20.6, PIDTerms=-4.121/-0.032/ 0.000/ 0.000, Output=-1.000(-1.000/1.000), Volt=12.5(9.7)
GlobalTracer.printPidInfo_Info: [10.576] elevatorPidController: Target=   6.0, Input=  22.1, Error= -16.1, PIDTerms=-3.221/-0.033/ 0.000/ 0.000, Output=-1.000(-1.000/1.000), Volt=12.5(9.7)
GlobalTracer.PowerUse_Info: Battery - currVoltage: 12.50, lowestVoltage: 9.65
GlobalTracer.PowerUse_Info: Power: pdpTotalCurrent: 0.00 elev: 0.00 winch: 0.00, pickup: 0.00, total: 1.16
GlobalTracer.printPidInfo_Info: [10.646] elevatorPidController: Target=   6.0, Input=  16.0, Error= -10.0, PIDTerms=-1.993/-0.033/ 0.000/ 0.000, Output=-1.000(-1.000/1.000), Volt=12.6(9.7)
GlobalTracer.printPidInfo_Info: [10.703] elevatorPidController: Target=   6.0, Input=  11.4, Error=  -5.4, PIDTerms=-1.082/-0.034/ 0.000/ 0.000, Output=-1.000(-1.000/1.000), Volt=12.6(9.7)
GlobalTracer.PowerUse_Info: Battery - currVoltage: 12.55, lowestVoltage: 9.65
GlobalTracer.PowerUse_Info: Power: pdpTotalCurrent: 0.00 elev: 0.00 winch: 0.00, pickup: 0.00, total: 1.16
GlobalTracer.printPidInfo_Info: [10.778] elevatorPidController: Target=   6.0, Input=   6.0, Error=  -0.0, PIDTerms=-0.003/-0.034/ 0.000/ 0.000, Output=-0.037(-1.000/1.000), Volt=12.5(9.7)
GlobalTracer.printPidInfo_Info: [10.840] elevatorPidController: Target=   6.0, Input=   8.1, Error=  -2.1, PIDTerms=-0.413/-0.034/-0.000/ 0.000, Output=-0.447(-1.000/1.000), Volt=12.5(9.7)
GlobalTracer.PowerUse_Info: Battery - currVoltage: 12.50, lowestVoltage: 9.65
GlobalTracer.PowerUse_Info: Power: pdpTotalCurrent: 0.00 elev: 0.13 winch: 0.00, pickup: 0.00, total: 1.16
GlobalTracer.printPidInfo_Info: [10.925] elevatorPidController: Target=   6.0, Input=   8.2, Error=  -2.2, PIDTerms=-0.440/-0.034/-0.000/ 0.000, Output=-0.474(-1.000/1.000), Volt=12.5(9.7)
GlobalTracer.printPidInfo_Info: [10.989] elevatorPidController: Target=   6.0, Input=   8.3, Error=  -2.3, PIDTerms=-0.452/-0.034/-0.000/ 0.000, Output=-0.486(-1.000/1.000), Volt=12.5(9.7)
GlobalTracer.PowerUse_Info: Battery - currVoltage: 12.50, lowestVoltage: 9.65
GlobalTracer.PowerUse_Info: Power: pdpTotalCurrent: 0.00 elev: 0.13 winch: 0.00, pickup: 0.00, total: 1.16
GlobalTracer.printPidInfo_Info: [11.084] elevatorPidController: Target=   6.0, Input=   8.3, Error=  -2.3, PIDTerms=-0.452/-0.034/ 0.000/ 0.000, Output=-0.486(-1.000/1.000), Volt=12.5(9.7)
GlobalTracer.printPidInfo_Info: [11.149] elevatorPidController: Target=   6.0, Input=   8.3, Error=  -2.3, PIDTerms=-0.452/-0.034/ 0.000/ 0.000, Output=-0.486(-1.000/1.000), Volt=12.5(9.7)
GlobalTracer.PowerUse_Info: Battery - currVoltage: 12.50, lowestVoltage: 9.65
GlobalTracer.PowerUse_Info: Power: pdpTotalCurrent: 0.00 elev: 0.13 winch: 0.00, pickup: 0.00, total: 1.16
GlobalTracer.printPidInfo_Info: [11.234] elevatorPidController: Target=   6.0, Input=   8.3, Error=  -2.3, PIDTerms=-0.452/-0.035/ 0.000/ 0.000, Output=-0.486(-1.000/1.000), Volt=12.6(9.7)
GlobalTracer.PowerUse_Info: Battery - currVoltage: 12.50, lowestVoltage: 9.65
GlobalTracer.PowerUse_Info: Power: pdpTotalCurrent: 0.00 elev: 0.13 winch: 0.00, pickup: 0.00, total: 1.16
GlobalTracer.printPidInfo_Info: [11.321] elevatorPidController: Target=   6.0, Input=   8.3, Error=  -2.3, PIDTerms=-0.452/-0.035/ 0.000/ 0.000, Output=-0.486(-1.000/1.000), Volt=12.5(9.7)
GlobalTracer.printPidInfo_Info: [11.382] elevatorPidController: Target=   6.0, Input=   8.3, Error=  -2.3, PIDTerms=-0.452/-0.035/ 0.000/ 0.000, Output=-0.487(-1.000/1.000), Volt=12.6(9.7)
GlobalTracer.PowerUse_Info: Battery - currVoltage: 12.45, lowestVoltage: 9.65
GlobalTracer.PowerUse_Info: Power: pdpTotalCurrent: 0.00 elev: 0.13 winch: 0.00, pickup: 0.00, total: 1.16
GlobalTracer.printPidInfo_Info: [11.471] elevatorPidController: Target=   6.0, Input=   8.3, Error=  -2.3, PIDTerms=-0.452/-0.035/ 0.000/ 0.000, Output=-0.487(-1.000/1.000), Volt=12.5(9.7)
GlobalTracer.printPidInfo_Info: [11.520] elevatorPidController: Target=   6.0, Input=   8.3, Error=  -2.3, PIDTerms=-0.452/-0.035/ 0.000/ 0.000, Output=-0.487(-1.000/1.000), Volt=12.6(9.7)
GlobalTracer.PowerUse_Info: Battery - currVoltage: 12.55, lowestVoltage: 9.65
GlobalTracer.PowerUse_Info: Power: pdpTotalCurrent: 0.00 elev: 0.13 winch: 0.00, pickup: 0.00, total: 1.16
GlobalTracer.printPidInfo_Info: [11.616] elevatorPidController: Target=   6.0, Input=   8.3, Error=  -2.3, PIDTerms=-0.452/-0.036/ 0.000/ 0.000, Output=-0.487(-1.000/1.000), Volt=12.6(9.7)
GlobalTracer.printPidInfo_Info: [11.669] elevatorPidController: Target=   6.0, Input=   8.3, Error=  -2.3, PIDTerms=-0.452/-0.036/ 0.000/ 0.000, Output=-0.487(-1.000/1.000), Volt=12.6(9.7)
GlobalTracer.PowerUse_Info: Battery - currVoltage: 12.55, lowestVoltage: 9.65
GlobalTracer.PowerUse_Info: Power: pdpTotalCurrent: 0.00 elev: 0.13 winch: 0.00, pickup: 0.00, total: 1.16
GlobalTracer.printPidInfo_Info: [11.749] elevatorPidController: Target=   6.0, Input=   8.3, Error=  -2.3, PIDTerms=-0.452/-0.036/ 0.000/ 0.000, Output=-0.487(-1.000/1.000), Volt=12.5(9.7)
GlobalTracer.printPidInfo_Info: [11.811] elevatorPidController: Target=   6.0, Input=   8.3, Error=  -2.3, PIDTerms=-0.452/-0.036/ 0.000/ 0.000, Output=-0.488(-1.000/1.000), Volt=12.5(9.7)
GlobalTracer.PowerUse_Info: Battery - currVoltage: 12.50, lowestVoltage: 9.65
GlobalTracer.PowerUse_Info: Power: pdpTotalCurrent: 0.00 elev: 0.13 winch: 0.00, pickup: 0.00, total: 1.16
GlobalTracer.printPidInfo_Info: [11.899] elevatorPidController: Target=   6.0, Input=   8.3, Error=  -2.3, PIDTerms=-0.452/-0.036/ 0.000/ 0.000, Output=-0.488(-1.000/1.000), Volt=12.5(9.7)
GlobalTracer.printPidInfo_Info: [11.944] elevatorPidController: Target=   6.0, Input=   8.3, Error=  -2.3, PIDTerms=-0.452/-0.036/ 0.000/ 0.000, Output=-0.488(-1.000/1.000), Volt=12.5(9.7)
GlobalTracer.PowerUse_Info: Battery - currVoltage: 12.50, lowestVoltage: 9.65
GlobalTracer.PowerUse_Info: Power: pdpTotalCurrent: 0.00 elev: 0.13 winch: 0.00, pickup: 0.00, total: 1.16
GlobalTracer.printPidInfo_Info: [12.033] elevatorPidController: Target=   6.0, Input=   8.3, Error=  -2.3, PIDTerms=-0.452/-0.036/ 0.000/ 0.000, Output=-0.488(-1.000/1.000), Volt=12.5(9.7)
GlobalTracer.printPidInfo_Info: [12.084] elevatorPidController: Target=   6.0, Input=   8.3, Error=  -2.3, PIDTerms=-0.452/-0.037/ 0.000/ 0.000, Output=-0.488(-1.000/1.000), Volt=12.6(9.7)
GlobalTracer.PowerUse_Info: Battery - currVoltage: 12.50, lowestVoltage: 9.65
GlobalTracer.PowerUse_Info: Power: pdpTotalCurrent: 0.00 elev: 0.13 winch: 0.00, pickup: 0.00, total: 1.16
GlobalTracer.printPidInfo_Info: [12.167] elevatorPidController: Target=   6.0, Input=   8.3, Error=  -2.3, PIDTerms=-0.452/-0.037/ 0.000/ 0.000, Output=-0.488(-1.000/1.000), Volt=12.5(9.7)
GlobalTracer.printPidInfo_Info: [12.219] elevatorPidController: Target=   6.0, Input=   8.3, Error=  -2.3, PIDTerms=-0.452/-0.037/ 0.000/ 0.000, Output=-0.488(-1.000/1.000), Volt=12.5(9.7)
GlobalTracer.PowerUse_Info: Battery - currVoltage: 12.55, lowestVoltage: 9.65
GlobalTracer.PowerUse_Info: Power: pdpTotalCurrent: 0.00 elev: 0.13 winch: 0.00, pickup: 0.00, total: 1.16
GlobalTracer.printPidInfo_Info: [12.301] elevatorPidController: Target=   6.0, Input=   8.3, Error=  -2.3, PIDTerms=-0.452/-0.037/ 0.000/ 0.000, Output=-0.489(-1.000/1.000), Volt=12.6(9.7)
GlobalTracer.printPidInfo_Info: [12.352] elevatorPidController: Target=   6.0, Input=   8.3, Error=  -2.3, PIDTerms=-0.452/-0.037/ 0.000/ 0.000, Output=-0.489(-1.000/1.000), Volt=12.5(9.7)
GlobalTracer.PowerUse_Info: Battery - currVoltage: 12.50, lowestVoltage: 9.65
GlobalTracer.PowerUse_Info: Power: pdpTotalCurrent: 0.00 elev: 0.13 winch: 0.00, pickup: 0.00, total: 1.16
GlobalTracer.printPidInfo_Info: [12.436] elevatorPidController: Target=   6.0, Input=   8.3, Error=  -2.3, PIDTerms=-0.452/-0.037/ 0.000/ 0.000, Output=-0.489(-1.000/1.000), Volt=12.6(9.7)
GlobalTracer.printPidInfo_Info: [12.481] elevatorPidController: Target=   6.0, Input=   8.3, Error=  -2.3, PIDTerms=-0.452/-0.037/ 0.000/ 0.000, Output=-0.489(-1.000/1.000), Volt=12.6(9.7)
GlobalTracer.PowerUse_Info: Battery - currVoltage: 12.55, lowestVoltage: 9.65
GlobalTracer.PowerUse_Info: Power: pdpTotalCurrent: 0.00 elev: 0.13 winch: 0.00, pickup: 0.00, total: 1.16
GlobalTracer.printPidInfo_Info: [12.563] elevatorPidController: Target=   6.0, Input=   8.3, Error=  -2.3, PIDTerms=-0.452/-0.038/ 0.000/ 0.000, Output=-0.489(-1.000/1.000), Volt=12.6(9.7)
GlobalTracer.printPidInfo_Info: [12.626] elevatorPidController: Target=   6.0, Input=   8.3, Error=  -2.3, PIDTerms=-0.452/-0.038/ 0.000/ 0.000, Output=-0.489(-1.000/1.000), Volt=12.6(9.7)
GlobalTracer.PowerUse_Info: Battery - currVoltage: 12.60, lowestVoltage: 9.65
GlobalTracer.PowerUse_Info: Power: pdpTotalCurrent: 0.00 elev: 0.13 winch: 0.00, pickup: 0.00, total: 1.16
GlobalTracer.printPidInfo_Info: [12.714] elevatorPidController: Target=   6.0, Input=   8.3, Error=  -2.3, PIDTerms=-0.452/-0.038/ 0.000/ 0.000, Output=-0.490(-1.000/1.000), Volt=12.6(9.7)
GlobalTracer.printPidInfo_Info: [12.774] elevatorPidController: Target=   6.0, Input=   8.3, Error=  -2.3, PIDTerms=-0.452/-0.038/ 0.000/ 0.000, Output=-0.490(-1.000/1.000), Volt=12.5(9.7)
GlobalTracer.PowerUse_Info: Battery - currVoltage: 12.50, lowestVoltage: 9.65
GlobalTracer.PowerUse_Info: Power: pdpTotalCurrent: 0.00 elev: 0.13 winch: 0.00, pickup: 0.00, total: 1.16
GlobalTracer.printPidInfo_Info: [12.848] elevatorPidController: Target=   6.0, Input=   8.3, Error=  -2.3, PIDTerms=-0.452/-0.038/ 0.000/ 0.000, Output=-0.490(-1.000/1.000), Volt=12.5(9.7)
GlobalTracer.printPidInfo_Info: [12.916] elevatorPidController: Target=   6.0, Input=   8.3, Error=  -2.3, PIDTerms=-0.452/-0.038/ 0.000/ 0.000, Output=-0.490(-1.000/1.000), Volt=12.5(9.7)
GlobalTracer.PowerUse_Info: Battery - currVoltage: 12.50, lowestVoltage: 9.65
GlobalTracer.PowerUse_Info: Power: pdpTotalCurrent: 0.00 elev: 0.13 winch: 0.00, pickup: 0.00, total: 1.16
GlobalTracer.printPidInfo_Info: [13.000] elevatorPidController: Target=   6.0, Input=   8.3, Error=  -2.3, PIDTerms=-0.452/-0.039/ 0.000/ 0.000, Output=-0.490(-1.000/1.000), Volt=12.5(9.7)
GlobalTracer.printPidInfo_Info: [13.062] elevatorPidController: Target=   6.0, Input=   8.3, Error=  -2.3, PIDTerms=-0.452/-0.039/ 0.000/ 0.000, Output=-0.490(-1.000/1.000), Volt=12.6(9.7)
GlobalTracer.PowerUse_Info: Battery - currVoltage: 12.45, lowestVoltage: 9.65
GlobalTracer.PowerUse_Info: Power: pdpTotalCurrent: 0.00 elev: 0.13 winch: 0.00, pickup: 0.00, total: 1.16
GlobalTracer.printPidInfo_Info: [13.148] elevatorPidController: Target=   6.0, Input=   8.3, Error=  -2.3, PIDTerms=-0.452/-0.039/ 0.000/ 0.000, Output=-0.491(-1.000/1.000), Volt=12.6(9.7)
GlobalTracer.printPidInfo_Info: [13.208] elevatorPidController: Target=   6.0, Input=   8.3, Error=  -2.3, PIDTerms=-0.452/-0.039/ 0.000/ 0.000, Output=-0.491(-1.000/1.000), Volt=12.6(9.7)
GlobalTracer.PowerUse_Info: Battery - currVoltage: 12.55, lowestVoltage: 9.65
GlobalTracer.PowerUse_Info: Power: pdpTotalCurrent: 0.00 elev: 0.13 winch: 0.00, pickup: 0.00, total: 1.16
GlobalTracer.printPidInfo_Info: [13.296] elevatorPidController: Target=   6.0, Input=   8.3, Error=  -2.3, PIDTerms=-0.452/-0.039/ 0.000/ 0.000, Output=-0.491(-1.000/1.000), Volt=12.6(9.7)
GlobalTracer.printPidInfo_Info: [13.357] elevatorPidController: Target=   6.0, Input=   8.3, Error=  -2.3, PIDTerms=-0.452/-0.039/ 0.000/ 0.000, Output=-0.491(-1.000/1.000), Volt=12.6(9.7)
GlobalTracer.PowerUse_Info: Battery - currVoltage: 12.55, lowestVoltage: 9.65
GlobalTracer.PowerUse_Info: Power: pdpTotalCurrent: 0.00 elev: 0.13 winch: 0.00, pickup: 0.00, total: 1.16
GlobalTracer.printPidInfo_Info: [13.441] elevatorPidController: Target=   6.0, Input=   8.3, Error=  -2.3, PIDTerms=-0.452/-0.040/ 0.000/ 0.000, Output=-0.491(-1.000/1.000), Volt=12.6(9.7)
GlobalTracer.printPidInfo_Info: [13.499] elevatorPidController: Target=   6.0, Input=   8.3, Error=  -2.3, PIDTerms=-0.452/-0.040/ 0.000/ 0.000, Output=-0.491(-1.000/1.000), Volt=12.6(9.7)
GlobalTracer.PowerUse_Info: Battery - currVoltage: 12.55, lowestVoltage: 9.65
GlobalTracer.PowerUse_Info: Power: pdpTotalCurrent: 0.00 elev: 0.13 winch: 0.00, pickup: 0.00, total: 1.16
GlobalTracer.printPidInfo_Info: [13.571] elevatorPidController: Target=   6.0, Input=   8.3, Error=  -2.3, PIDTerms=-0.452/-0.040/ 0.000/ 0.000, Output=-0.492(-1.000/1.000), Volt=12.6(9.7)
GlobalTracer.printPidInfo_Info: [13.633] elevatorPidController: Target=   6.0, Input=   8.3, Error=  -2.3, PIDTerms=-0.452/-0.040/ 0.000/ 0.000, Output=-0.492(-1.000/1.000), Volt=12.6(9.7)
GlobalTracer.PowerUse_Info: Battery - currVoltage: 12.55, lowestVoltage: 9.65
GlobalTracer.PowerUse_Info: Power: pdpTotalCurrent: 0.00 elev: 0.13 winch: 0.00, pickup: 0.00, total: 1.16
GlobalTracer.printPidInfo_Info: [13.706] elevatorPidController: Target=   6.0, Input=   8.3, Error=  -2.3, PIDTerms=-0.452/-0.040/ 0.000/ 0.000, Output=-0.492(-1.000/1.000), Volt=12.6(9.7)
GlobalTracer.printPidInfo_Info: [13.769] elevatorPidController: Target=   6.0, Input=   8.3, Error=  -2.3, PIDTerms=-0.452/-0.040/ 0.000/ 0.000, Output=-0.492(-1.000/1.000), Volt=12.6(9.7)
GlobalTracer.PowerUse_Info: Battery - currVoltage: 12.55, lowestVoltage: 9.65
GlobalTracer.PowerUse_Info: Power: pdpTotalCurrent: 0.00 elev: 0.13 winch: 0.00, pickup: 0.00, total: 1.16
GlobalTracer.printPidInfo_Info: [13.847] elevatorPidController: Target=   6.0, Input=   8.3, Error=  -2.3, PIDTerms=-0.452/-0.041/ 0.000/ 0.000, Output=-0.492(-1.000/1.000), Volt=12.6(9.7)
GlobalTracer.printPidInfo_Info: [13.903] elevatorPidController: Target=   6.0, Input=   8.3, Error=  -2.3, PIDTerms=-0.452/-0.041/ 0.000/ 0.000, Output=-0.492(-1.000/1.000), Volt=12.6(9.7)
GlobalTracer.PowerUse_Info: Battery - currVoltage: 12.50, lowestVoltage: 9.65
GlobalTracer.PowerUse_Info: Power: pdpTotalCurrent: 0.00 elev: 0.13 winch: 0.00, pickup: 0.00, total: 1.16
GlobalTracer.printPidInfo_Info: [13.982] elevatorPidController: Target=   6.0, Input=   8.3, Error=  -2.3, PIDTerms=-0.452/-0.041/ 0.000/ 0.000, Output=-0.492(-1.000/1.000), Volt=12.5(9.7)
GlobalTracer.printPidInfo_Info: [14.044] elevatorPidController: Target=   6.0, Input=   8.3, Error=  -2.3, PIDTerms=-0.452/-0.041/ 0.000/ 0.000, Output=-0.493(-1.000/1.000), Volt=12.5(9.7)
GlobalTracer.PowerUse_Info: Battery - currVoltage: 12.50, lowestVoltage: 9.65
GlobalTracer.PowerUse_Info: Power: pdpTotalCurrent: 0.00 elev: 0.13 winch: 0.00, pickup: 0.00, total: 1.16
GlobalTracer.printPidInfo_Info: [14.136] elevatorPidController: Target=   6.0, Input=   8.3, Error=  -2.3, PIDTerms=-0.452/-0.041/ 0.000/ 0.000, Output=-0.493(-1.000/1.000), Volt=12.5(9.7)
GlobalTracer.printPidInfo_Info: [14.187] elevatorPidController: Target=   6.0, Input=   8.3, Error=  -2.3, PIDTerms=-0.452/-0.041/ 0.000/ 0.000, Output=-0.493(-1.000/1.000), Volt=12.6(9.7)
GlobalTracer.PowerUse_Info: Battery - currVoltage: 12.55, lowestVoltage: 9.65
GlobalTracer.PowerUse_Info: Power: pdpTotalCurrent: 0.00 elev: 0.13 winch: 0.00, pickup: 0.00, total: 1.16
GlobalTracer.printPidInfo_Info: [14.266] elevatorPidController: Target=   6.0, Input=   8.3, Error=  -2.3, PIDTerms=-0.452/-0.042/ 0.000/ 0.000, Output=-0.493(-1.000/1.000), Volt=12.6(9.7)
GlobalTracer.printPidInfo_Info: [14.325] elevatorPidController: Target=   6.0, Input=   8.3, Error=  -2.3, PIDTerms=-0.452/-0.042/ 0.000/ 0.000, Output=-0.493(-1.000/1.000), Volt=12.6(9.7)
GlobalTracer.PowerUse_Info: Battery - currVoltage: 12.55, lowestVoltage: 9.65
GlobalTracer.PowerUse_Info: Power: pdpTotalCurrent: 0.00 elev: 0.13 winch: 0.00, pickup: 0.00, total: 1.16
GlobalTracer.printPidInfo_Info: [14.402] elevatorPidController: Target=   6.0, Input=   8.3, Error=  -2.3, PIDTerms=-0.452/-0.042/ 0.000/ 0.000, Output=-0.493(-1.000/1.000), Volt=12.6(9.7)
GlobalTracer.printPidInfo_Info: [14.463] elevatorPidController: Target=   6.0, Input=   8.3, Error=  -2.3, PIDTerms=-0.452/-0.042/ 0.000/ 0.000, Output=-0.494(-1.000/1.000), Volt=12.6(9.7)
GlobalTracer.PowerUse_Info: Battery - currVoltage: 12.55, lowestVoltage: 9.65
GlobalTracer.PowerUse_Info: Power: pdpTotalCurrent: 0.00 elev: 0.13 winch: 0.00, pickup: 0.00, total: 1.16
GlobalTracer.printPidInfo_Info: [14.559] elevatorPidController: Target=   6.0, Input=   8.3, Error=  -2.3, PIDTerms=-0.452/-0.042/ 0.000/ 0.000, Output=-0.494(-1.000/1.000), Volt=12.6(9.7)
GlobalTracer.printPidInfo_Info: [14.613] elevatorPidController: Target=   6.0, Input=   8.3, Error=  -2.3, PIDTerms=-0.452/-0.042/ 0.000/ 0.000, Output=-0.494(-1.000/1.000), Volt=12.5(9.7)
GlobalTracer.PowerUse_Info: Battery - currVoltage: 12.55, lowestVoltage: 9.65
GlobalTracer.PowerUse_Info: Power: pdpTotalCurrent: 0.00 elev: 0.13 winch: 0.00, pickup: 0.00, total: 1.16
GlobalTracer.printPidInfo_Info: [14.708] elevatorPidController: Target=   6.0, Input=   8.3, Error=  -2.3, PIDTerms=-0.452/-0.042/ 0.000/ 0.000, Output=-0.494(-1.000/1.000), Volt=12.6(9.7)
GlobalTracer.printPidInfo_Info: [14.770] elevatorPidController: Target=   6.0, Input=   8.3, Error=  -2.3, PIDTerms=-0.452/-0.043/ 0.000/ 0.000, Output=-0.494(-1.000/1.000), Volt=12.6(9.7)
GlobalTracer.PowerUse_Info: Battery - currVoltage: 12.55, lowestVoltage: 9.65
GlobalTracer.PowerUse_Info: Power: pdpTotalCurrent: 0.00 elev: 0.13 winch: 0.00, pickup: 0.00, total: 1.16
GlobalTracer.printPidInfo_Info: [14.844] elevatorPidController: Target=   6.0, Input=   8.3, Error=  -2.3, PIDTerms=-0.452/-0.043/ 0.000/ 0.000, Output=-0.494(-1.000/1.000), Volt=12.6(9.7)
GlobalTracer.printPidInfo_Info: [14.899] elevatorPidController: Target=   6.0, Input=   8.3, Error=  -2.3, PIDTerms=-0.452/-0.043/ 0.000/ 0.000, Output=-0.495(-1.000/1.000), Volt=12.6(9.7)
GlobalTracer.PowerUse_Info: Battery - currVoltage: 12.55, lowestVoltage: 9.65
GlobalTracer.PowerUse_Info: Power: pdpTotalCurrent: 0.00 elev: 0.13 winch: 0.00, pickup: 0.00, total: 1.16
GlobalTracer.printPidInfo_Info: [14.977] elevatorPidController: Target=   6.0, Input=   8.3, Error=  -2.3, PIDTerms=-0.452/-0.043/ 0.000/ 0.000, Output=-0.495(-1.000/1.000), Volt=12.6(9.7)
GlobalTracer.printPidInfo_Info: [15.029] elevatorPidController: Target=   6.0, Input=   8.3, Error=  -2.3, PIDTerms=-0.452/-0.043/ 0.000/ 0.000, Output=-0.495(-1.000/1.000), Volt=12.5(9.7)
GlobalTracer.PowerUse_Info: Battery - currVoltage: 12.55, lowestVoltage: 9.65
GlobalTracer.PowerUse_Info: Power: pdpTotalCurrent: 0.00 elev: 0.13 winch: 0.00, pickup: 0.00, total: 1.16
GlobalTracer.printPidInfo_Info: [15.110] elevatorPidController: Target=   6.0, Input=   8.3, Error=  -2.3, PIDTerms=-0.452/-0.043/ 0.000/ 0.000, Output=-0.495(-1.000/1.000), Volt=12.5(9.7)
GlobalTracer.printPidInfo_Info: [15.179] elevatorPidController: Target=   6.0, Input=   8.3, Error=  -2.3, PIDTerms=-0.452/-0.044/ 0.000/ 0.000, Output=-0.495(-1.000/1.000), Volt=12.5(9.7)
GlobalTracer.PowerUse_Info: Battery - currVoltage: 12.50, lowestVoltage: 9.65
GlobalTracer.PowerUse_Info: Power: pdpTotalCurrent: 0.00 elev: 0.13 winch: 0.00, pickup: 0.00, total: 1.16
GlobalTracer.printPidInfo_Info: [15.264] elevatorPidController: Target=   6.0, Input=   8.3, Error=  -2.3, PIDTerms=-0.452/-0.044/ 0.000/ 0.000, Output=-0.495(-1.000/1.000), Volt=12.6(9.7)
GlobalTracer.Vision_Info: Pixy is disabled!
GlobalTracer.Robot_Info: TotalEnergy=1.155
