GlobalTracer.FirstPowerUp_Info: Sat Mar 24 15:54:33 PDT 2018: ***** Starting autonomous *****
GlobalTracer.FirstPowerUp_Info: WASNO_Qualification_ 29 (Red3) [FMSConnected=true]
GlobalTracer.CmdAutoSwitch_Info: alliance=Red, gameSpecificMsg=RRR, delay=0.000, fwdDistance=220, startPosition=-102.0, flipInFlight=false
GlobalTracer.Vision_Info: Pixy is enabled!
GlobalTracer.Robot_Info: [0.651]   DO_DELAY: xPos=  0.00,yPos=  0.00,heading=   0.0/   0.0,volts=12.8(12.8)
GlobalTracer.startCompetition_Warn: AUTO_MODE takes too long (0.725s)

GlobalTracer.Robot_Info: [0.728] DRIVE_FORWARD_DISTANCE: xPos=  0.00,yPos=  0.00,heading=   0.0/   0.0,volts=12.8(12.7)
GlobalTracer.printPidInfo_Info: [0.728] encoderXPidCtrl: Target=   0.0, Input=   0.0, Error=   0.0, PIDTerms= 0.000/ 0.000/ 0.000/ 0.000, Output= 0.000(-0.700/0.700), Volt=12.8(12.7)
GlobalTracer.printPidInfo_Info: [0.728] encoderYPidCtrl: Target=-220.0, Input=   0.0, Error=-220.0, PIDTerms= 0.000/ 0.000/ 0.000/ 0.000, Output= 0.000(-0.600/0.600), Volt=12.8(12.7)
GlobalTracer.printPidInfo_Info: [0.728] gyroTurnPidCtrl: Target=   0.0, Input=   0.0, Error=   0.0, PIDTerms= 0.000/ 0.000/ 0.000/ 0.000, Output= 0.000(-0.700/0.700), Volt=12.8(12.7)
GlobalTracer.printPidInfo_Info: [0.814] encoderXPidCtrl: Target=   0.0, Input=   0.0, Error=   0.0, PIDTerms= 0.000/ 0.000/ 0.000/ 0.000, Output= 0.000(-0.700/0.700), Volt=11.0(11.0)
GlobalTracer.printPidInfo_Info: [0.814] encoderYPidCtrl: Target=-220.0, Input=   0.0, Error=-220.0, PIDTerms=-3.740/ 0.000/ 0.000/-0.000, Output=-0.600(-0.600/0.600), Volt=11.0(11.0)
GlobalTracer.printPidInfo_Info: [0.814] gyroTurnPidCtrl: Target=   0.0, Input=   0.0, Error=   0.0, PIDTerms= 0.000/ 0.000/ 0.000/ 0.000, Output= 0.000(-0.700/0.700), Volt=11.0(11.0)
GlobalTracer.printPidInfo_Info: [0.878] encoderXPidCtrl: Target=   0.0, Input=   0.0, Error=  -0.0, PIDTerms=-0.004/ 0.000/-0.005/ 0.000, Output=-0.009(-0.700/0.700), Volt=10.6(10.6)
GlobalTracer.printPidInfo_Info: [0.878] encoderYPidCtrl: Target=-220.0, Input=  -0.0, Error=-220.0, PIDTerms=-3.739/ 0.000/ 0.001/-0.000, Output=-0.600(-0.600/0.600), Volt=10.6(10.6)
GlobalTracer.printPidInfo_Info: [0.878] gyroTurnPidCtrl: Target=   0.0, Input=   0.0, Error=   0.0, PIDTerms= 0.000/ 0.000/ 0.000/ 0.000, Output= 0.000(-0.700/0.700), Volt=10.6(10.6)
GlobalTracer.printPidInfo_Info: [0.962] encoderXPidCtrl: Target=   0.0, Input=  -0.2, Error=   0.2, PIDTerms= 0.036/ 0.000/ 0.066/ 0.000, Output= 0.102(-0.700/0.700), Volt=10.8(10.6)
GlobalTracer.printPidInfo_Info: [0.962] encoderYPidCtrl: Target=-220.0, Input=  -1.3, Error=-218.7, PIDTerms=-3.717/ 0.000/ 0.022/-0.000, Output=-0.600(-0.600/0.600), Volt=10.8(10.6)
GlobalTracer.printPidInfo_Info: [0.962] gyroTurnPidCtrl: Target=   0.0, Input=   0.0, Error=  -0.0, PIDTerms=-0.000/ 0.000/-0.001/ 0.000, Output=-0.001(-0.700/0.700), Volt=10.8(10.6)
GlobalTracer.startCompetition_Warn: AUTO_MODE takes too long (0.109s)

GlobalTracer.printPidInfo_Info: [1.072] encoderXPidCtrl: Target=   0.0, Input=  -0.8, Error=   0.8, PIDTerms= 0.120/ 0.000/ 0.083/ 0.000, Output= 0.202(-0.700/0.700), Volt=10.6(10.6)
GlobalTracer.printPidInfo_Info: [1.072] encoderYPidCtrl: Target=-220.0, Input=  -4.7, Error=-215.3, PIDTerms=-3.659/ 0.000/ 0.034/-0.000, Output=-0.600(-0.600/0.600), Volt=10.8(10.6)
GlobalTracer.printPidInfo_Info: [1.072] gyroTurnPidCtrl: Target=   0.0, Input=  -0.3, Error=   0.3, PIDTerms= 0.006/ 0.000/ 0.006/ 0.000, Output= 0.012(-0.700/0.700), Volt=10.8(10.6)
GlobalTracer.startCompetition_Warn: AUTO_MODE takes too long (0.118s)

GlobalTracer.printPidInfo_Info: [1.193] encoderXPidCtrl: Target=   0.0, Input=  -0.9, Error=   0.9, PIDTerms= 0.128/ 0.000/ 0.007/ 0.000, Output= 0.135(-0.700/0.700), Volt=11.0(10.6)
GlobalTracer.printPidInfo_Info: [1.193] encoderYPidCtrl: Target=-220.0, Input=  -9.1, Error=-210.9, PIDTerms=-3.586/ 0.000/ 0.037/-0.000, Output=-0.600(-0.600/0.600), Volt=11.0(10.6)
GlobalTracer.printPidInfo_Info: [1.193] gyroTurnPidCtrl: Target=   0.0, Input=  -0.3, Error=   0.3, PIDTerms= 0.006/ 0.000/ 0.000/ 0.000, Output= 0.006(-0.700/0.700), Volt=11.0(10.6)
GlobalTracer.startCompetition_Warn: AUTO_MODE takes too long (0.119s)

GlobalTracer.printPidInfo_Info: [1.313] encoderXPidCtrl: Target=   0.0, Input=  -0.5, Error=   0.5, PIDTerms= 0.076/ 0.000/-0.043/ 0.000, Output= 0.033(-0.700/0.700), Volt=11.3(10.6)
GlobalTracer.printPidInfo_Info: [1.313] encoderYPidCtrl: Target=-220.0, Input= -15.5, Error=-204.5, PIDTerms=-3.476/ 0.000/ 0.053/-0.000, Output=-0.600(-0.600/0.600), Volt=11.4(10.6)
GlobalTracer.printPidInfo_Info: [1.313] gyroTurnPidCtrl: Target=   0.0, Input=   0.2, Error=  -0.2, PIDTerms=-0.003/ 0.000/-0.007/ 0.000, Output=-0.009(-0.700/0.700), Volt=11.4(10.6)
GlobalTracer.startCompetition_Warn: AUTO_MODE takes too long (0.174s)

GlobalTracer.printPidInfo_Info: [1.489] encoderXPidCtrl: Target=   0.0, Input=  -0.3, Error=   0.3, PIDTerms= 0.040/ 0.000/-0.023/ 0.000, Output= 0.017(-0.700/0.700), Volt=11.5(10.6)
GlobalTracer.printPidInfo_Info: [1.489] encoderYPidCtrl: Target=-220.0, Input= -23.2, Error=-196.8, PIDTerms=-3.345/ 0.000/ 0.049/-0.000, Output=-0.600(-0.600/0.600), Volt=11.5(10.6)
GlobalTracer.printPidInfo_Info: [1.489] gyroTurnPidCtrl: Target=   0.0, Input=   0.5, Error=  -0.5, PIDTerms=-0.010/ 0.000/-0.004/ 0.000, Output=-0.013(-0.700/0.700), Volt=11.5(10.6)
GlobalTracer.startCompetition_Warn: AUTO_MODE takes too long (0.129s)

GlobalTracer.printPidInfo_Info: [1.622] encoderXPidCtrl: Target=   0.0, Input=  -0.6, Error=   0.6, PIDTerms= 0.097/ 0.000/ 0.037/ 0.000, Output= 0.134(-0.700/0.700), Volt=11.4(10.6)
GlobalTracer.printPidInfo_Info: [1.622] encoderYPidCtrl: Target=-220.0, Input= -37.2, Error=-182.8, PIDTerms=-3.107/ 0.000/ 0.090/-0.000, Output=-0.600(-0.600/0.600), Volt=11.5(10.6)
GlobalTracer.printPidInfo_Info: [1.622] gyroTurnPidCtrl: Target=   0.0, Input=   0.6, Error=  -0.6, PIDTerms=-0.010/ 0.000/-0.000/ 0.000, Output=-0.010(-0.700/0.700), Volt=11.5(10.6)
GlobalTracer.startCompetition_Warn: AUTO_MODE takes too long (0.109s)

GlobalTracer.printPidInfo_Info: [1.735] encoderXPidCtrl: Target=   0.0, Input=  -0.4, Error=   0.4, PIDTerms= 0.053/ 0.000/-0.041/ 0.000, Output= 0.012(-0.700/0.700), Volt=11.7(10.6)
GlobalTracer.printPidInfo_Info: [1.735] encoderYPidCtrl: Target=-220.0, Input= -47.5, Error=-172.5, PIDTerms=-2.932/ 0.000/ 0.093/-0.000, Output=-0.600(-0.600/0.600), Volt=11.7(10.6)
GlobalTracer.printPidInfo_Info: [1.735] gyroTurnPidCtrl: Target=   0.0, Input=   0.5, Error=  -0.5, PIDTerms=-0.010/ 0.000/ 0.000/ 0.000, Output=-0.009(-0.700/0.700), Volt=11.7(10.6)
GlobalTracer.startCompetition_Warn: AUTO_MODE takes too long (0.138s)

GlobalTracer.printPidInfo_Info: [1.874] encoderXPidCtrl: Target=   0.0, Input=  -0.3, Error=   0.3, PIDTerms= 0.038/ 0.000/-0.011/ 0.000, Output= 0.027(-0.700/0.700), Volt=11.8(10.6)
GlobalTracer.printPidInfo_Info: [1.874] encoderYPidCtrl: Target=-220.0, Input= -57.1, Error=-162.9, PIDTerms=-2.769/ 0.000/ 0.073/-0.000, Output=-0.600(-0.600/0.600), Volt=11.8(10.6)
GlobalTracer.printPidInfo_Info: [1.874] gyroTurnPidCtrl: Target=   0.0, Input=   0.6, Error=  -0.6, PIDTerms=-0.011/ 0.000/-0.001/ 0.000, Output=-0.013(-0.700/0.700), Volt=11.8(10.6)
GlobalTracer.startCompetition_Warn: AUTO_MODE takes too long (0.133s)

GlobalTracer.printPidInfo_Info: [2.011] encoderXPidCtrl: Target=   0.0, Input=  -0.4, Error=   0.4, PIDTerms= 0.055/ 0.000/ 0.012/ 0.000, Output= 0.067(-0.700/0.700), Volt=11.8(10.6)
GlobalTracer.printPidInfo_Info: [2.011] encoderYPidCtrl: Target=-220.0, Input= -70.0, Error=-150.0, PIDTerms=-2.550/ 0.000/ 0.088/-0.000, Output=-0.600(-0.600/0.600), Volt=11.8(10.6)
GlobalTracer.printPidInfo_Info: [2.011] gyroTurnPidCtrl: Target=   0.0, Input=   0.7, Error=  -0.7, PIDTerms=-0.013/ 0.000/-0.001/ 0.000, Output=-0.013(-0.700/0.700), Volt=11.8(10.6)
GlobalTracer.startCompetition_Warn: AUTO_MODE takes too long (0.133s)

GlobalTracer.printPidInfo_Info: [2.145] encoderXPidCtrl: Target=   0.0, Input=  -0.4, Error=   0.4, PIDTerms= 0.061/ 0.000/ 0.004/ 0.000, Output= 0.065(-0.700/0.700), Volt=11.8(10.6)
GlobalTracer.printPidInfo_Info: [2.145] encoderYPidCtrl: Target=-220.0, Input= -83.3, Error=-136.7, PIDTerms=-2.323/ 0.000/ 0.082/-0.000, Output=-0.600(-0.600/0.600), Volt=11.8(10.6)
GlobalTracer.printPidInfo_Info: [2.145] gyroTurnPidCtrl: Target=   0.0, Input=   0.7, Error=  -0.7, PIDTerms=-0.012/ 0.000/ 0.000/ 0.000, Output=-0.012(-0.700/0.700), Volt=11.9(10.6)
GlobalTracer.printPidInfo_Info: [2.221] encoderXPidCtrl: Target=   0.0, Input=  -0.3, Error=   0.3, PIDTerms= 0.038/ 0.000/-0.036/ 0.000, Output= 0.003(-0.700/0.700), Volt=11.9(10.6)
GlobalTracer.printPidInfo_Info: [2.221] encoderYPidCtrl: Target=-220.0, Input= -97.1, Error=-122.9, PIDTerms=-2.090/ 0.000/ 0.211/-0.000, Output=-0.600(-0.600/0.600), Volt=11.9(10.6)
GlobalTracer.printPidInfo_Info: [2.221] gyroTurnPidCtrl: Target=   0.0, Input=   0.7, Error=  -0.7, PIDTerms=-0.013/ 0.000/-0.001/ 0.000, Output=-0.014(-0.700/0.700), Volt=11.9(10.6)
GlobalTracer.printPidInfo_Info: [2.320] encoderXPidCtrl: Target=   0.0, Input=  -0.6, Error=   0.6, PIDTerms= 0.095/ 0.000/ 0.054/ 0.000, Output= 0.149(-0.700/0.700), Volt=11.8(10.6)
GlobalTracer.printPidInfo_Info: [2.320] encoderYPidCtrl: Target=-220.0, Input=-103.5, Error=-116.5, PIDTerms=-1.980/ 0.000/ 0.063/-0.000, Output=-0.600(-0.600/0.600), Volt=11.7(10.6)
GlobalTracer.printPidInfo_Info: [2.320] gyroTurnPidCtrl: Target=   0.0, Input=   0.7, Error=  -0.7, PIDTerms=-0.013/ 0.000/ 0.000/ 0.000, Output=-0.013(-0.700/0.700), Volt=11.7(10.6)
GlobalTracer.printPidInfo_Info: [2.400] encoderXPidCtrl: Target=   0.0, Input=  -0.3, Error=   0.3, PIDTerms= 0.046/ 0.000/-0.066/ 0.000, Output=-0.020(-0.700/0.700), Volt=12.0(10.6)
GlobalTracer.printPidInfo_Info: [2.400] encoderYPidCtrl: Target=-220.0, Input=-113.2, Error=-106.8, PIDTerms=-1.815/ 0.000/ 0.130/-0.000, Output=-0.600(-0.600/0.600), Volt=12.0(10.6)
GlobalTracer.printPidInfo_Info: [2.400] gyroTurnPidCtrl: Target=   0.0, Input=   0.6, Error=  -0.6, PIDTerms=-0.012/ 0.000/ 0.002/ 0.000, Output=-0.010(-0.700/0.700), Volt=12.0(10.6)
GlobalTracer.printPidInfo_Info: [2.490] encoderXPidCtrl: Target=   0.0, Input=  -0.0, Error=   0.0, PIDTerms= 0.007/ 0.000/-0.039/ 0.000, Output=-0.033(-0.700/0.700), Volt=11.9(10.6)
GlobalTracer.printPidInfo_Info: [2.490] encoderYPidCtrl: Target=-220.0, Input=-121.2, Error= -98.8, PIDTerms=-1.679/ 0.000/ 0.081/-0.000, Output=-0.600(-0.600/0.600), Volt=11.9(10.6)
GlobalTracer.printPidInfo_Info: [2.490] gyroTurnPidCtrl: Target=   0.0, Input=   0.7, Error=  -0.7, PIDTerms=-0.012/ 0.000/-0.001/ 0.000, Output=-0.013(-0.700/0.700), Volt=11.9(10.6)
GlobalTracer.printPidInfo_Info: [2.559] encoderXPidCtrl: Target=   0.0, Input=  -0.3, Error=   0.3, PIDTerms= 0.043/ 0.000/ 0.051/ 0.000, Output= 0.093(-0.700/0.700), Volt=11.9(10.6)
GlobalTracer.printPidInfo_Info: [2.559] encoderYPidCtrl: Target=-220.0, Input=-131.5, Error= -88.5, PIDTerms=-1.504/ 0.000/ 0.145/-0.000, Output=-0.600(-0.600/0.600), Volt=11.9(10.6)
GlobalTracer.printPidInfo_Info: [2.559] gyroTurnPidCtrl: Target=   0.0, Input=   0.8, Error=  -0.8, PIDTerms=-0.014/ 0.000/-0.002/ 0.000, Output=-0.016(-0.700/0.700), Volt=11.9(10.6)
GlobalTracer.startCompetition_Warn: AUTO_MODE takes too long (0.115s)

GlobalTracer.printPidInfo_Info: [2.678] encoderXPidCtrl: Target=   0.0, Input=  -0.4, Error=   0.4, PIDTerms= 0.054/ 0.000/ 0.010/ 0.000, Output= 0.064(-0.700/0.700), Volt=11.9(10.6)
GlobalTracer.printPidInfo_Info: [2.678] encoderYPidCtrl: Target=-220.0, Input=-137.8, Error= -82.2, PIDTerms=-1.398/ 0.000/ 0.054/-0.000, Output=-0.600(-0.600/0.600), Volt=11.9(10.6)
GlobalTracer.printPidInfo_Info: [2.678] gyroTurnPidCtrl: Target=   0.0, Input=   0.9, Error=  -0.9, PIDTerms=-0.015/ 0.000/-0.001/ 0.000, Output=-0.016(-0.700/0.700), Volt=11.9(10.6)
GlobalTracer.printPidInfo_Info: [2.773] encoderXPidCtrl: Target=   0.0, Input=  -0.1, Error=   0.1, PIDTerms= 0.020/ 0.000/-0.034/ 0.000, Output=-0.014(-0.700/0.700), Volt=11.9(10.6)
GlobalTracer.printPidInfo_Info: [2.773] encoderYPidCtrl: Target=-220.0, Input=-150.1, Error= -69.9, PIDTerms=-1.187/ 0.000/ 0.127/-0.000, Output=-0.600(-0.600/0.600), Volt=12.0(10.6)
GlobalTracer.printPidInfo_Info: [2.773] gyroTurnPidCtrl: Target=   0.0, Input=   1.0, Error=  -1.0, PIDTerms=-0.018/ 0.000/-0.002/ 0.000, Output=-0.020(-0.700/0.700), Volt=12.0(10.6)
GlobalTracer.printPidInfo_Info: [2.828] encoderXPidCtrl: Target=   0.0, Input=  -0.1, Error=   0.1, PIDTerms= 0.008/ 0.000/-0.019/ 0.000, Output=-0.011(-0.700/0.700), Volt=12.0(10.6)
GlobalTracer.printPidInfo_Info: [2.828] encoderYPidCtrl: Target=-220.0, Input=-160.7, Error= -59.3, PIDTerms=-1.009/ 0.000/ 0.158/-0.000, Output=-0.600(-0.600/0.600), Volt=12.0(10.6)
GlobalTracer.printPidInfo_Info: [2.828] gyroTurnPidCtrl: Target=   0.0, Input=   1.0, Error=  -1.0, PIDTerms=-0.018/ 0.000/-0.000/ 0.000, Output=-0.018(-0.700/0.700), Volt=12.0(10.6)
GlobalTracer.startCompetition_Warn: AUTO_MODE takes too long (0.103s)

GlobalTracer.printPidInfo_Info: [2.934] encoderXPidCtrl: Target=   0.0, Input=  -0.1, Error=   0.1, PIDTerms= 0.018/ 0.000/ 0.015/ 0.000, Output= 0.033(-0.700/0.700), Volt=12.0(10.6)
GlobalTracer.printPidInfo_Info: [2.934] encoderYPidCtrl: Target=-220.0, Input=-167.0, Error= -53.0, PIDTerms=-0.901/ 0.000/ 0.098/-0.000, Output=-0.600(-0.600/0.600), Volt=11.9(10.6)
GlobalTracer.printPidInfo_Info: [2.934] gyroTurnPidCtrl: Target=   0.0, Input=   0.9, Error=  -0.9, PIDTerms=-0.016/ 0.000/ 0.002/ 0.000, Output=-0.014(-0.700/0.700), Volt=11.9(10.6)
GlobalTracer.startCompetition_Warn: AUTO_MODE takes too long (0.143s)

GlobalTracer.printPidInfo_Info: [3.079] encoderXPidCtrl: Target=   0.0, Input=  -0.2, Error=   0.2, PIDTerms= 0.029/ 0.000/ 0.008/ 0.000, Output= 0.037(-0.700/0.700), Volt=12.0(10.6)
GlobalTracer.printPidInfo_Info: [3.079] encoderYPidCtrl: Target=-220.0, Input=-177.6, Error= -42.4, PIDTerms=-0.721/ 0.000/ 0.074/-0.000, Output=-0.600(-0.600/0.600), Volt=12.0(10.6)
GlobalTracer.printPidInfo_Info: [3.079] gyroTurnPidCtrl: Target=   0.0, Input=   0.8, Error=  -0.8, PIDTerms=-0.014/ 0.000/ 0.002/ 0.000, Output=-0.012(-0.700/0.700), Volt=12.0(10.6)
GlobalTracer.startCompetition_Warn: AUTO_MODE takes too long (0.123s)

GlobalTracer.printPidInfo_Info: [3.203] encoderXPidCtrl: Target=   0.0, Input=  -0.1, Error=   0.1, PIDTerms= 0.013/ 0.000/-0.011/ 0.000, Output= 0.002(-0.700/0.700), Volt=12.5(10.6)
GlobalTracer.printPidInfo_Info: [3.203] encoderYPidCtrl: Target=-220.0, Input=-193.5, Error= -26.5, PIDTerms=-0.450/ 0.000/ 0.104/-0.000, Output=-0.346(-0.600/0.600), Volt=12.5(10.6)
GlobalTracer.printPidInfo_Info: [3.203] gyroTurnPidCtrl: Target=   0.0, Input=   0.6, Error=  -0.6, PIDTerms=-0.011/ 0.000/ 0.002/ 0.000, Output=-0.009(-0.700/0.700), Volt=12.5(10.6)
GlobalTracer.printPidInfo_Info: [3.298] encoderXPidCtrl: Target=   0.0, Input=  -0.1, Error=   0.1, PIDTerms= 0.020/ 0.000/ 0.008/ 0.000, Output= 0.028(-0.700/0.700), Volt=12.7(10.6)
GlobalTracer.printPidInfo_Info: [3.298] encoderYPidCtrl: Target=-220.0, Input=-207.1, Error= -12.9, PIDTerms=-0.219/ 0.000/ 0.139/-0.000, Output=-0.079(-0.600/0.600), Volt=12.7(10.6)
GlobalTracer.printPidInfo_Info: [3.298] gyroTurnPidCtrl: Target=   0.0, Input=   0.6, Error=  -0.6, PIDTerms=-0.011/ 0.000/-0.000/ 0.000, Output=-0.012(-0.700/0.700), Volt=12.7(10.6)
GlobalTracer.printPidInfo_Info: [3.383] encoderXPidCtrl: Target=   0.0, Input=   0.0, Error=   0.0, PIDTerms= 0.000/ 0.000/-0.027/ 0.000, Output=-0.027(-0.700/0.700), Volt=12.5(10.6)
GlobalTracer.printPidInfo_Info: [3.383] encoderYPidCtrl: Target=-220.0, Input=-214.4, Error=  -5.6, PIDTerms=-0.096/ 0.000/ 0.096/-0.000, Output= 0.000(-0.600/0.600), Volt=12.5(10.6)
GlobalTracer.printPidInfo_Info: [3.383] gyroTurnPidCtrl: Target=   0.0, Input=   0.4, Error=  -0.4, PIDTerms=-0.008/ 0.000/ 0.004/ 0.000, Output=-0.004(-0.700/0.700), Volt=12.5(10.6)
GlobalTracer.printPidInfo_Info: [3.457] encoderXPidCtrl: Target=   0.0, Input=   0.7, Error=  -0.7, PIDTerms=-0.111/ 0.000/-0.114/ 0.000, Output=-0.225(-0.700/0.700), Volt=11.9(10.6)
GlobalTracer.printPidInfo_Info: [3.457] encoderYPidCtrl: Target=-220.0, Input=-220.7, Error=   0.7, PIDTerms= 0.012/ 0.000/ 0.065/-0.000, Output= 0.077(-0.600/0.600), Volt=11.9(10.6)
GlobalTracer.printPidInfo_Info: [3.457] gyroTurnPidCtrl: Target=   0.0, Input=  -0.2, Error=   0.2, PIDTerms= 0.004/ 0.000/ 0.011/ 0.000, Output= 0.015(-0.700/0.700), Volt=11.9(10.6)
GlobalTracer.printPidInfo_Info: [3.543] encoderXPidCtrl: Target=   0.0, Input=   1.3, Error=  -1.3, PIDTerms=-0.193/ 0.000/-0.153/ 0.000, Output=-0.345(-0.700/0.700), Volt=11.2(10.6)
GlobalTracer.printPidInfo_Info: [3.543] encoderYPidCtrl: Target=-220.0, Input=-223.5, Error=   3.5, PIDTerms= 0.059/ 0.000/ 0.052/-0.000, Output= 0.111(-0.600/0.600), Volt=11.2(10.6)
GlobalTracer.printPidInfo_Info: [3.543] gyroTurnPidCtrl: Target=   0.0, Input=  -1.7, Error=   1.7, PIDTerms= 0.031/ 0.000/ 0.045/ 0.000, Output= 0.076(-0.700/0.700), Volt=11.2(10.6)
GlobalTracer.startCompetition_Warn: AUTO_MODE takes too long (0.104s)

GlobalTracer.printPidInfo_Info: [3.650] encoderXPidCtrl: Target=   0.0, Input=   1.1, Error=  -1.1, PIDTerms=-0.170/ 0.000/ 0.021/ 0.000, Output=-0.150(-0.700/0.700), Volt=11.8(10.6)
GlobalTracer.printPidInfo_Info: [3.650] encoderYPidCtrl: Target=-220.0, Input=-227.1, Error=   7.1, PIDTerms= 0.121/ 0.000/ 0.033/-0.000, Output= 0.154(-0.600/0.600), Volt=11.8(10.6)
GlobalTracer.printPidInfo_Info: [3.650] gyroTurnPidCtrl: Target=   0.0, Input=  -4.1, Error=   4.1, PIDTerms= 0.074/ 0.000/ 0.035/ 0.000, Output= 0.109(-0.700/0.700), Volt=11.8(10.6)
GlobalTracer.printPidInfo_Info: [3.739] encoderXPidCtrl: Target=   0.0, Input=   0.5, Error=  -0.5, PIDTerms=-0.073/ 0.000/ 0.127/ 0.000, Output= 0.054(-0.700/0.700), Volt=11.9(10.6)
GlobalTracer.printPidInfo_Info: [3.739] encoderYPidCtrl: Target=-220.0, Input=-229.7, Error=   9.7, PIDTerms= 0.165/ 0.000/ 0.034/-0.000, Output= 0.199(-0.600/0.600), Volt=11.9(10.6)
GlobalTracer.printPidInfo_Info: [3.739] gyroTurnPidCtrl: Target=   0.0, Input=  -4.7, Error=   4.7, PIDTerms= 0.085/ 0.000/ 0.012/ 0.000, Output= 0.097(-0.700/0.700), Volt=11.9(10.6)
GlobalTracer.startCompetition_Warn: AUTO_MODE takes too long (0.141s)

GlobalTracer.printPidInfo_Info: [3.880] encoderXPidCtrl: Target=   0.0, Input=   0.7, Error=  -0.7, PIDTerms=-0.098/ 0.000/-0.017/ 0.000, Output=-0.115(-0.700/0.700), Volt=11.9(10.6)
GlobalTracer.printPidInfo_Info: [3.880] encoderYPidCtrl: Target=-220.0, Input=-231.3, Error=  11.3, PIDTerms= 0.193/ 0.000/ 0.011/-0.000, Output= 0.204(-0.600/0.600), Volt=11.9(10.6)
GlobalTracer.printPidInfo_Info: [3.880] gyroTurnPidCtrl: Target=   0.0, Input=  -4.6, Error=   4.6, PIDTerms= 0.083/ 0.000/-0.001/ 0.000, Output= 0.082(-0.700/0.700), Volt=11.9(10.6)
GlobalTracer.printPidInfo_Info: [3.974] encoderXPidCtrl: Target=   0.0, Input=   1.5, Error=  -1.5, PIDTerms=-0.230/ 0.000/-0.120/ 0.000, Output=-0.349(-0.700/0.700), Volt=11.2(10.6)
GlobalTracer.printPidInfo_Info: [3.974] encoderYPidCtrl: Target=-220.0, Input=-231.4, Error=  11.4, PIDTerms= 0.194/ 0.000/ 0.001/-0.000, Output= 0.195(-0.600/0.600), Volt=11.1(10.6)
GlobalTracer.printPidInfo_Info: [3.974] gyroTurnPidCtrl: Target=   0.0, Input=  -3.8, Error=   3.8, PIDTerms= 0.068/ 0.000/-0.012/ 0.000, Output= 0.056(-0.700/0.700), Volt=11.1(10.6)
GlobalTracer.printPidInfo_Info: [4.053] encoderXPidCtrl: Target=   0.0, Input=   1.8, Error=  -1.8, PIDTerms=-0.268/ 0.000/-0.053/ 0.000, Output=-0.321(-0.700/0.700), Volt=11.3(10.6)
GlobalTracer.printPidInfo_Info: [4.053] encoderYPidCtrl: Target=-220.0, Input=-230.8, Error=  10.8, PIDTerms= 0.183/ 0.000/-0.009/-0.000, Output= 0.174(-0.600/0.600), Volt=11.3(10.6)
GlobalTracer.printPidInfo_Info: [4.053] gyroTurnPidCtrl: Target=   0.0, Input=  -3.5, Error=   3.5, PIDTerms= 0.063/ 0.000/-0.006/ 0.000, Output= 0.058(-0.700/0.700), Volt=11.3(10.6)
GlobalTracer.printPidInfo_Info: [4.147] encoderXPidCtrl: Target=   0.0, Input=   1.6, Error=  -1.6, PIDTerms=-0.236/ 0.000/ 0.030/ 0.000, Output=-0.205(-0.700/0.700), Volt=11.8(10.6)
GlobalTracer.printPidInfo_Info: [4.147] encoderYPidCtrl: Target=-220.0, Input=-230.3, Error=  10.3, PIDTerms= 0.176/ 0.000/-0.004/-0.000, Output= 0.172(-0.600/0.600), Volt=11.8(10.6)
GlobalTracer.printPidInfo_Info: [4.147] gyroTurnPidCtrl: Target=   0.0, Input=  -3.1, Error=   3.1, PIDTerms= 0.057/ 0.000/-0.006/ 0.000, Output= 0.051(-0.700/0.700), Volt=11.8(10.6)
GlobalTracer.printPidInfo_Info: [4.230] encoderXPidCtrl: Target=   0.0, Input=   1.2, Error=  -1.2, PIDTerms=-0.173/ 0.000/ 0.092/ 0.000, Output=-0.081(-0.700/0.700), Volt=12.2(10.6)
GlobalTracer.printPidInfo_Info: [4.230] encoderYPidCtrl: Target=-220.0, Input=-229.2, Error=   9.2, PIDTerms= 0.157/ 0.000/-0.016/-0.000, Output= 0.140(-0.600/0.600), Volt=12.2(10.6)
GlobalTracer.printPidInfo_Info: [4.230] gyroTurnPidCtrl: Target=   0.0, Input=  -2.6, Error=   2.6, PIDTerms= 0.048/ 0.000/-0.012/ 0.000, Output= 0.036(-0.700/0.700), Volt=12.2(10.6)
GlobalTracer.startCompetition_Warn: AUTO_MODE takes too long (0.115s)

GlobalTracer.printPidInfo_Info: [4.350] encoderXPidCtrl: Target=   0.0, Input=   1.0, Error=  -1.0, PIDTerms=-0.148/ 0.000/ 0.019/ 0.000, Output=-0.129(-0.700/0.700), Volt=12.2(10.6)
GlobalTracer.printPidInfo_Info: [4.350] encoderYPidCtrl: Target=-220.0, Input=-228.1, Error=   8.1, PIDTerms= 0.137/ 0.000/-0.009/-0.000, Output= 0.128(-0.600/0.600), Volt=12.3(10.6)
GlobalTracer.printPidInfo_Info: [4.350] gyroTurnPidCtrl: Target=   0.0, Input=  -2.3, Error=   2.3, PIDTerms= 0.041/ 0.000/-0.004/ 0.000, Output= 0.037(-0.700/0.700), Volt=12.3(10.6)
GlobalTracer.printPidInfo_Info: [4.444] encoderXPidCtrl: Target=   0.0, Input=   0.9, Error=  -0.9, PIDTerms=-0.133/ 0.000/ 0.015/ 0.000, Output=-0.118(-0.700/0.700), Volt=12.2(10.6)
GlobalTracer.printPidInfo_Info: [4.444] encoderYPidCtrl: Target=-220.0, Input=-226.4, Error=   6.4, PIDTerms= 0.108/ 0.000/-0.017/-0.000, Output= 0.091(-0.600/0.600), Volt=12.2(10.6)
GlobalTracer.printPidInfo_Info: [4.444] gyroTurnPidCtrl: Target=   0.0, Input=  -2.1, Error=   2.1, PIDTerms= 0.038/ 0.000/-0.003/ 0.000, Output= 0.036(-0.700/0.700), Volt=12.3(10.6)
GlobalTracer.printPidInfo_Info: [4.519] encoderXPidCtrl: Target=   0.0, Input=   0.7, Error=  -0.7, PIDTerms=-0.108/ 0.000/ 0.034/ 0.000, Output=-0.074(-0.700/0.700), Volt=12.4(10.6)
GlobalTracer.printPidInfo_Info: [4.519] encoderYPidCtrl: Target=-220.0, Input=-225.0, Error=   5.0, PIDTerms= 0.085/ 0.000/-0.019/-0.000, Output= 0.066(-0.600/0.600), Volt=12.4(10.6)
GlobalTracer.printPidInfo_Info: [4.519] gyroTurnPidCtrl: Target=   0.0, Input=  -1.8, Error=   1.8, PIDTerms= 0.032/ 0.000/-0.008/ 0.000, Output= 0.024(-0.700/0.700), Volt=12.4(10.6)
GlobalTracer.printPidInfo_Info: [4.615] encoderXPidCtrl: Target=   0.0, Input=   0.6, Error=  -0.6, PIDTerms=-0.097/ 0.000/ 0.012/ 0.000, Output=-0.085(-0.700/0.700), Volt=12.4(10.6)
GlobalTracer.printPidInfo_Info: [4.615] encoderYPidCtrl: Target=-220.0, Input=-224.1, Error=   4.1, PIDTerms= 0.069/ 0.000/-0.010/-0.000, Output= 0.059(-0.600/0.600), Volt=12.4(10.6)
GlobalTracer.printPidInfo_Info: [4.615] gyroTurnPidCtrl: Target=   0.0, Input=  -1.5, Error=   1.5, PIDTerms= 0.027/ 0.000/-0.004/ 0.000, Output= 0.023(-0.700/0.700), Volt=12.4(10.6)
GlobalTracer.printPidInfo_Info: [4.674] encoderXPidCtrl: Target=   0.0, Input=   0.6, Error=  -0.6, PIDTerms=-0.084/ 0.000/ 0.018/ 0.000, Output=-0.066(-0.700/0.700), Volt=12.4(10.6)
GlobalTracer.printPidInfo_Info: [4.674] encoderYPidCtrl: Target=-220.0, Input=-223.0, Error=   3.0, PIDTerms= 0.052/ 0.000/-0.014/-0.000, Output= 0.038(-0.600/0.600), Volt=12.4(10.6)
GlobalTracer.printPidInfo_Info: [4.674] gyroTurnPidCtrl: Target=   0.0, Input=  -1.5, Error=   1.5, PIDTerms= 0.027/ 0.000/-0.001/ 0.000, Output= 0.026(-0.700/0.700), Volt=12.4(10.6)
GlobalTracer.printPidInfo_Info: [4.771] encoderXPidCtrl: Target=   0.0, Input=   0.5, Error=  -0.5, PIDTerms=-0.080/ 0.000/ 0.005/ 0.000, Output=-0.074(-0.700/0.700), Volt=12.4(10.6)
GlobalTracer.printPidInfo_Info: [4.771] encoderYPidCtrl: Target=-220.0, Input=-222.4, Error=   2.4, PIDTerms= 0.040/ 0.000/-0.009/-0.000, Output= 0.031(-0.600/0.600), Volt=12.4(10.6)
GlobalTracer.printPidInfo_Info: [4.771] gyroTurnPidCtrl: Target=   0.0, Input=  -1.5, Error=   1.5, PIDTerms= 0.027/ 0.000/ 0.000/ 0.000, Output= 0.027(-0.700/0.700), Volt=12.4(10.6)
GlobalTracer.printPidInfo_Info: [4.871] encoderXPidCtrl: Target=   0.0, Input=   0.5, Error=  -0.5, PIDTerms=-0.076/ 0.000/ 0.004/ 0.000, Output=-0.072(-0.700/0.700), Volt=12.4(10.6)
GlobalTracer.printPidInfo_Info: [4.871] encoderYPidCtrl: Target=-220.0, Input=-221.7, Error=   1.7, PIDTerms= 0.028/ 0.000/-0.007/-0.000, Output= 0.021(-0.600/0.600), Volt=12.4(10.6)
GlobalTracer.printPidInfo_Info: [4.871] gyroTurnPidCtrl: Target=   0.0, Input=  -1.4, Error=   1.4, PIDTerms= 0.024/ 0.000/-0.002/ 0.000, Output= 0.022(-0.700/0.700), Volt=12.4(10.6)
GlobalTracer.Robot_Info: [4.959] TURN_TO_SWITCH: xPos=  0.49,yPos=-220.67,heading=  -0.8/ -90.0,volts=12.5(10.6)
GlobalTracer.printPidInfo_Info: [4.959] encoderXPidCtrl: Target=   0.5, Input=   0.5, Error=   0.0, PIDTerms=-0.072/ 0.000/ 0.005/ 0.000, Output= 0.000(-0.700/0.700), Volt=12.5(10.6)
GlobalTracer.printPidInfo_Info: [4.959] encoderYPidCtrl: Target=-220.7, Input=-221.1, Error=   0.0, PIDTerms= 0.018/ 0.000/-0.006/-0.000, Output= 0.000(-0.600/0.600), Volt=12.5(10.6)
GlobalTracer.printPidInfo_Info: [4.959] gyroTurnPidCtrl: Target= -90.0, Input=  -1.2, Error= -89.2, PIDTerms= 0.021/ 0.000/-0.003/ 0.000, Output= 0.000(-0.700/0.700), Volt=12.5(10.6)
GlobalTracer.startCompetition_Warn: AUTO_MODE takes too long (0.111s)

GlobalTracer.printPidInfo_Info: [5.073] encoderXPidCtrl: Target=   0.5, Input=   0.5, Error=   0.0, PIDTerms=-0.072/ 0.000/ 0.005/ 0.000, Output= 0.000(-0.700/0.700), Volt=10.0(9.7)
GlobalTracer.printPidInfo_Info: [5.073] encoderYPidCtrl: Target=-220.7, Input=-221.1, Error=   0.0, PIDTerms= 0.018/ 0.000/-0.006/-0.000, Output= 0.000(-0.600/0.600), Volt=10.0(9.7)
GlobalTracer.printPidInfo_Info: [5.073] gyroTurnPidCtrl: Target= -90.0, Input=  -0.8, Error= -89.2, PIDTerms=-1.605/ 0.000/ 0.000/-0.000, Output=-0.700(-0.700/0.700), Volt=10.0(9.7)
GlobalTracer.startCompetition_Warn: AUTO_MODE takes too long (0.116s)

GlobalTracer.printPidInfo_Info: [5.191] encoderXPidCtrl: Target=   0.5, Input=   0.5, Error=   0.0, PIDTerms=-0.072/ 0.000/ 0.005/ 0.000, Output= 0.000(-0.700/0.700), Volt=10.5(9.7)
GlobalTracer.printPidInfo_Info: [5.191] encoderYPidCtrl: Target=-220.7, Input=-221.1, Error=   0.0, PIDTerms= 0.018/ 0.000/-0.006/-0.000, Output= 0.000(-0.600/0.600), Volt=10.5(9.7)
GlobalTracer.printPidInfo_Info: [5.191] gyroTurnPidCtrl: Target= -90.0, Input=  -1.8, Error= -88.3, PIDTerms=-1.588/ 0.000/ 0.011/-0.000, Output=-0.700(-0.700/0.700), Volt=10.5(9.7)
GlobalTracer.startCompetition_Warn: AUTO_MODE takes too long (0.105s)

GlobalTracer.printPidInfo_Info: [5.297] encoderXPidCtrl: Target=   0.5, Input=   0.5, Error=   0.0, PIDTerms=-0.072/ 0.000/ 0.005/ 0.000, Output= 0.000(-0.700/0.700), Volt=10.8(9.7)
GlobalTracer.printPidInfo_Info: [5.297] encoderYPidCtrl: Target=-220.7, Input=-221.1, Error=   0.0, PIDTerms= 0.018/ 0.000/-0.006/-0.000, Output= 0.000(-0.600/0.600), Volt=10.8(9.7)
GlobalTracer.printPidInfo_Info: [5.297] gyroTurnPidCtrl: Target= -90.0, Input=  -9.6, Error= -80.4, PIDTerms=-1.447/ 0.000/ 0.103/-0.000, Output=-0.700(-0.700/0.700), Volt=10.8(9.7)
GlobalTracer.printPidInfo_Info: [5.370] encoderXPidCtrl: Target=   0.5, Input=   0.5, Error=   0.0, PIDTerms=-0.072/ 0.000/ 0.005/ 0.000, Output= 0.000(-0.700/0.700), Volt=10.9(9.7)
GlobalTracer.printPidInfo_Info: [5.370] encoderYPidCtrl: Target=-220.7, Input=-221.1, Error=   0.0, PIDTerms= 0.018/ 0.000/-0.006/-0.000, Output= 0.000(-0.600/0.600), Volt=10.9(9.7)
GlobalTracer.printPidInfo_Info: [5.370] gyroTurnPidCtrl: Target= -90.0, Input= -23.0, Error= -67.0, PIDTerms=-1.206/ 0.000/ 0.344/-0.000, Output=-0.700(-0.700/0.700), Volt=11.0(9.7)
GlobalTracer.startCompetition_Warn: AUTO_MODE takes too long (0.115s)

GlobalTracer.printPidInfo_Info: [5.489] encoderXPidCtrl: Target=   0.5, Input=   0.5, Error=   0.0, PIDTerms=-0.072/ 0.000/ 0.005/ 0.000, Output= 0.000(-0.700/0.700), Volt=11.0(9.7)
GlobalTracer.printPidInfo_Info: [5.489] encoderYPidCtrl: Target=-220.7, Input=-221.1, Error=   0.0, PIDTerms= 0.018/ 0.000/-0.006/-0.000, Output= 0.000(-0.600/0.600), Volt=11.0(9.7)
GlobalTracer.printPidInfo_Info: [5.489] gyroTurnPidCtrl: Target= -90.0, Input= -37.4, Error= -52.6, PIDTerms=-0.946/ 0.000/ 0.220/-0.000, Output=-0.700(-0.700/0.700), Volt=11.0(9.7)
GlobalTracer.startCompetition_Warn: AUTO_MODE takes too long (0.125s)

GlobalTracer.printPidInfo_Info: [5.617] encoderXPidCtrl: Target=   0.5, Input=   0.5, Error=   0.0, PIDTerms=-0.072/ 0.000/ 0.005/ 0.000, Output= 0.000(-0.700/0.700), Volt=12.3(9.7)
GlobalTracer.printPidInfo_Info: [5.617] encoderYPidCtrl: Target=-220.7, Input=-221.1, Error=   0.0, PIDTerms= 0.018/ 0.000/-0.006/-0.000, Output= 0.000(-0.600/0.600), Volt=12.3(9.7)
GlobalTracer.printPidInfo_Info: [5.617] gyroTurnPidCtrl: Target= -90.0, Input= -56.7, Error= -33.3, PIDTerms=-0.600/ 0.000/ 0.242/-0.000, Output=-0.358(-0.700/0.700), Volt=12.3(9.7)
GlobalTracer.startCompetition_Warn: AUTO_MODE takes too long (0.106s)

GlobalTracer.printPidInfo_Info: [5.727] encoderXPidCtrl: Target=   0.5, Input=   0.5, Error=   0.0, PIDTerms=-0.072/ 0.000/ 0.005/ 0.000, Output= 0.000(-0.700/0.700), Volt=11.7(9.7)
GlobalTracer.printPidInfo_Info: [5.727] encoderYPidCtrl: Target=-220.7, Input=-221.1, Error=   0.0, PIDTerms= 0.018/ 0.000/-0.006/-0.000, Output= 0.000(-0.600/0.600), Volt=11.7(9.7)
GlobalTracer.printPidInfo_Info: [5.727] gyroTurnPidCtrl: Target= -90.0, Input= -84.0, Error=  -6.0, PIDTerms=-0.108/ 0.000/ 0.330/-0.000, Output= 0.221(-0.700/0.700), Volt=11.7(9.7)
GlobalTracer.Robot_Info: [5.824] MOVE_ACROSS: xPos= -1.21,yPos=-218.26,heading=-109.5/ -90.0,volts=12.4(9.7)
GlobalTracer.printPidInfo_Info: [5.824] encoderXPidCtrl: Target=  -1.2, Input=   0.5, Error=   0.0, PIDTerms=-0.072/ 0.000/ 0.005/ 0.000, Output= 0.000(-0.700/0.700), Volt=12.4(9.7)
GlobalTracer.printPidInfo_Info: [5.824] encoderYPidCtrl: Target= -49.3, Input=-221.1, Error= 169.0, PIDTerms= 0.018/ 0.000/-0.006/-0.000, Output= 0.000(-0.600/0.600), Volt=12.4(9.7)
GlobalTracer.printPidInfo_Info: [5.824] gyroTurnPidCtrl: Target= -90.0, Input=-104.1, Error=  19.5, PIDTerms= 0.254/ 0.000/ 0.321/-0.000, Output= 0.000(-0.700/0.700), Volt=12.4(9.7)
GlobalTracer.printPidInfo_Info: [5.919] encoderXPidCtrl: Target=  -1.2, Input=  -1.2, Error=   0.0, PIDTerms= 0.000/ 0.000/ 0.000/-0.000, Output= 0.000(-0.700/0.700), Volt=10.0(9.7)
GlobalTracer.printPidInfo_Info: [5.919] encoderYPidCtrl: Target= -49.3, Input=-218.3, Error= 169.0, PIDTerms= 2.873/ 0.000/ 0.000/-0.000, Output= 0.600(-0.600/0.600), Volt=10.0(9.7)
GlobalTracer.printPidInfo_Info: [5.919] gyroTurnPidCtrl: Target= -90.0, Input=-109.5, Error=  19.5, PIDTerms= 0.352/ 0.000/ 0.000/-0.000, Output= 0.352(-0.700/0.700), Volt=9.7(9.7)
GlobalTracer.printPidInfo_Info: [6.007] encoderXPidCtrl: Target=  -1.2, Input=  -1.2, Error=   0.0, PIDTerms= 0.000/ 0.000/ 0.000/-0.000, Output= 0.000(-0.700/0.700), Volt=10.3(9.7)
GlobalTracer.printPidInfo_Info: [6.007] encoderYPidCtrl: Target= -49.3, Input=-217.9, Error= 168.6, PIDTerms= 2.866/ 0.000/-0.006/-0.000, Output= 0.600(-0.600/0.600), Volt=10.2(9.7)
GlobalTracer.printPidInfo_Info: [6.007] gyroTurnPidCtrl: Target= -90.0, Input=-108.6, Error=  18.6, PIDTerms= 0.335/ 0.000/-0.022/-0.000, Output= 0.314(-0.700/0.700), Volt=10.2(9.7)
GlobalTracer.printPidInfo_Info: [6.078] encoderXPidCtrl: Target=  -1.2, Input=  -0.1, Error=  -1.1, PIDTerms=-0.172/ 0.000/-0.194/-0.000, Output=-0.366(-0.700/0.700), Volt=10.3(9.7)
GlobalTracer.printPidInfo_Info: [6.078] encoderYPidCtrl: Target= -49.3, Input=-215.3, Error= 166.0, PIDTerms= 2.823/ 0.000/-0.029/-0.000, Output= 0.600(-0.600/0.600), Volt=10.3(9.7)
GlobalTracer.printPidInfo_Info: [6.078] gyroTurnPidCtrl: Target= -90.0, Input=-107.0, Error=  17.0, PIDTerms= 0.306/ 0.000/-0.030/-0.000, Output= 0.276(-0.700/0.700), Volt=10.3(9.7)
GlobalTracer.printPidInfo_Info: [6.156] encoderXPidCtrl: Target=  -1.2, Input=   1.1, Error=  -2.3, PIDTerms=-0.342/ 0.000/-0.249/-0.000, Output=-0.590(-0.700/0.700), Volt=10.3(9.7)
GlobalTracer.printPidInfo_Info: [6.156] encoderYPidCtrl: Target= -49.3, Input=-212.4, Error= 163.2, PIDTerms= 2.774/ 0.000/-0.042/-0.000, Output= 0.600(-0.600/0.600), Volt=10.3(9.7)
GlobalTracer.printPidInfo_Info: [6.156] gyroTurnPidCtrl: Target= -90.0, Input=-105.1, Error=  15.1, PIDTerms= 0.273/ 0.000/-0.043/-0.000, Output= 0.229(-0.700/0.700), Volt=10.3(9.7)
GlobalTracer.printPidInfo_Info: [6.252] encoderXPidCtrl: Target=  -1.2, Input=   1.5, Error=  -2.7, PIDTerms=-0.404/ 0.000/-0.063/-0.000, Output=-0.466(-0.700/0.700), Volt=10.5(9.7)
GlobalTracer.printPidInfo_Info: [6.252] encoderYPidCtrl: Target= -49.3, Input=-209.4, Error= 160.1, PIDTerms= 2.722/ 0.000/-0.031/-0.000, Output= 0.600(-0.600/0.600), Volt=10.5(9.7)
GlobalTracer.printPidInfo_Info: [6.252] gyroTurnPidCtrl: Target= -90.0, Input=-103.8, Error=  13.8, PIDTerms= 0.248/ 0.000/-0.022/-0.000, Output= 0.226(-0.700/0.700), Volt=10.5(9.7)
GlobalTracer.printPidInfo_Info: [6.331] encoderXPidCtrl: Target=  -1.2, Input=   0.7, Error=  -1.9, PIDTerms=-0.288/ 0.000/ 0.218/-0.000, Output=-0.070(-0.700/0.700), Volt=10.8(9.7)
GlobalTracer.printPidInfo_Info: [6.331] encoderYPidCtrl: Target= -49.3, Input=-205.8, Error= 156.6, PIDTerms= 2.662/ 0.000/-0.067/-0.000, Output= 0.600(-0.600/0.600), Volt=10.8(9.7)
GlobalTracer.printPidInfo_Info: [6.331] gyroTurnPidCtrl: Target= -90.0, Input=-100.6, Error=  10.6, PIDTerms= 0.190/ 0.000/-0.097/-0.000, Output= 0.093(-0.700/0.700), Volt=10.8(9.7)
GlobalTracer.printPidInfo_Info: [6.429] encoderXPidCtrl: Target=  -1.2, Input=   0.5, Error=  -1.7, PIDTerms=-0.256/ 0.000/ 0.026/-0.000, Output=-0.230(-0.700/0.700), Volt=10.7(9.7)
GlobalTracer.printPidInfo_Info: [6.429] encoderYPidCtrl: Target= -49.3, Input=-202.2, Error= 152.9, PIDTerms= 2.599/ 0.000/-0.029/-0.000, Output= 0.600(-0.600/0.600), Volt=10.7(9.7)
GlobalTracer.printPidInfo_Info: [6.429] gyroTurnPidCtrl: Target= -90.0, Input= -98.1, Error=   8.1, PIDTerms= 0.146/ 0.000/-0.031/-0.000, Output= 0.115(-0.700/0.700), Volt=10.6(9.7)
GlobalTracer.printPidInfo_Info: [6.498] encoderXPidCtrl: Target=  -1.2, Input=   0.4, Error=  -1.6, PIDTerms=-0.235/ 0.000/ 0.031/-0.000, Output=-0.203(-0.700/0.700), Volt=10.8(9.7)
GlobalTracer.printPidInfo_Info: [6.498] encoderYPidCtrl: Target= -49.3, Input=-196.5, Error= 147.3, PIDTerms= 2.504/ 0.000/-0.084/-0.000, Output= 0.600(-0.600/0.600), Volt=10.8(9.7)
GlobalTracer.printPidInfo_Info: [6.498] gyroTurnPidCtrl: Target= -90.0, Input= -95.3, Error=   5.3, PIDTerms= 0.096/ 0.000/-0.066/-0.000, Output= 0.030(-0.700/0.700), Volt=10.8(9.7)
GlobalTracer.printPidInfo_Info: [6.585] encoderXPidCtrl: Target=  -1.2, Input=   0.1, Error=  -1.3, PIDTerms=-0.199/ 0.000/ 0.044/-0.000, Output=-0.155(-0.700/0.700), Volt=11.0(9.7)
GlobalTracer.printPidInfo_Info: [6.585] encoderYPidCtrl: Target= -49.3, Input=-192.9, Error= 143.6, PIDTerms= 2.441/ 0.000/-0.045/-0.000, Output= 0.600(-0.600/0.600), Volt=11.0(9.7)
GlobalTracer.printPidInfo_Info: [6.585] gyroTurnPidCtrl: Target= -90.0, Input= -93.6, Error=   3.6, PIDTerms= 0.064/ 0.000/-0.035/-0.000, Output= 0.029(-0.700/0.700), Volt=11.0(9.7)
GlobalTracer.printPidInfo_Info: [6.643] encoderXPidCtrl: Target=  -1.2, Input=  -0.3, Error=  -0.9, PIDTerms=-0.130/ 0.000/ 0.090/-0.000, Output=-0.039(-0.700/0.700), Volt=11.2(9.7)
GlobalTracer.printPidInfo_Info: [6.643] encoderYPidCtrl: Target= -49.3, Input=-186.3, Error= 137.0, PIDTerms= 2.329/ 0.000/-0.086/-0.000, Output= 0.600(-0.600/0.600), Volt=11.2(9.7)
GlobalTracer.printPidInfo_Info: [6.643] gyroTurnPidCtrl: Target= -90.0, Input= -91.8, Error=   1.8, PIDTerms= 0.033/ 0.000/-0.036/-0.000, Output=-0.003(-0.700/0.700), Volt=11.0(9.7)
GlobalTracer.printPidInfo_Info: [6.713] encoderXPidCtrl: Target=  -1.2, Input=  -0.5, Error=  -0.7, PIDTerms=-0.101/ 0.000/ 0.043/-0.000, Output=-0.059(-0.700/0.700), Volt=11.2(9.7)
GlobalTracer.printPidInfo_Info: [6.713] encoderYPidCtrl: Target= -49.3, Input=-182.0, Error= 132.8, PIDTerms= 2.257/ 0.000/-0.064/-0.000, Output= 0.600(-0.600/0.600), Volt=11.2(9.7)
GlobalTracer.printPidInfo_Info: [6.713] gyroTurnPidCtrl: Target= -90.0, Input= -90.8, Error=   0.8, PIDTerms= 0.014/ 0.000/-0.025/-0.000, Output=-0.010(-0.700/0.700), Volt=11.2(9.7)
GlobalTracer.printPidInfo_Info: [6.788] encoderXPidCtrl: Target=  -1.2, Input=  -0.6, Error=  -0.6, PIDTerms=-0.093/ 0.000/ 0.018/-0.000, Output=-0.075(-0.700/0.700), Volt=11.4(9.7)
GlobalTracer.printPidInfo_Info: [6.788] encoderYPidCtrl: Target= -49.3, Input=-177.6, Error= 128.3, PIDTerms= 2.182/ 0.000/-0.096/-0.000, Output= 0.600(-0.600/0.600), Volt=11.4(9.7)
GlobalTracer.printPidInfo_Info: [6.788] gyroTurnPidCtrl: Target= -90.0, Input= -90.0, Error=  -0.0, PIDTerms=-0.001/ 0.000/-0.029/-0.000, Output=-0.029(-0.700/0.700), Volt=11.4(9.7)
GlobalTracer.printPidInfo_Info: [6.878] encoderXPidCtrl: Target=  -1.2, Input=  -0.7, Error=  -0.5, PIDTerms=-0.081/ 0.000/ 0.012/-0.000, Output=-0.069(-0.700/0.700), Volt=11.3(9.7)
GlobalTracer.printPidInfo_Info: [6.878] encoderYPidCtrl: Target= -49.3, Input=-171.3, Error= 122.0, PIDTerms= 2.075/ 0.000/-0.063/-0.000, Output= 0.600(-0.600/0.600), Volt=11.3(9.7)
GlobalTracer.printPidInfo_Info: [6.878] gyroTurnPidCtrl: Target= -90.0, Input= -89.5, Error=  -0.5, PIDTerms=-0.009/ 0.000/-0.008/-0.000, Output=-0.017(-0.700/0.700), Volt=11.3(9.7)
GlobalTracer.printPidInfo_Info: [6.978] encoderXPidCtrl: Target=  -1.2, Input=  -0.8, Error=  -0.4, PIDTerms=-0.060/ 0.000/ 0.020/-0.000, Output=-0.041(-0.700/0.700), Volt=11.5(9.7)
GlobalTracer.printPidInfo_Info: [6.978] encoderYPidCtrl: Target= -49.3, Input=-164.8, Error= 115.6, PIDTerms= 1.965/ 0.000/-0.062/-0.000, Output= 0.600(-0.600/0.600), Volt=11.5(9.7)
GlobalTracer.printPidInfo_Info: [6.978] gyroTurnPidCtrl: Target= -90.0, Input= -88.9, Error=  -1.1, PIDTerms=-0.020/ 0.000/-0.009/-0.000, Output=-0.029(-0.700/0.700), Volt=11.5(9.7)
GlobalTracer.printPidInfo_Info: [7.053] encoderXPidCtrl: Target=  -1.2, Input=  -0.9, Error=  -0.3, PIDTerms=-0.041/ 0.000/ 0.024/-0.000, Output=-0.017(-0.700/0.700), Volt=11.5(9.7)
GlobalTracer.printPidInfo_Info: [7.053] encoderYPidCtrl: Target= -49.3, Input=-156.6, Error= 107.4, PIDTerms= 1.825/ 0.000/-0.106/-0.000, Output= 0.600(-0.600/0.600), Volt=11.5(9.7)
GlobalTracer.printPidInfo_Info: [7.053] gyroTurnPidCtrl: Target= -90.0, Input= -88.3, Error=  -1.7, PIDTerms=-0.031/ 0.000/-0.013/-0.000, Output=-0.043(-0.700/0.700), Volt=11.5(9.7)
GlobalTracer.printPidInfo_Info: [7.153] encoderXPidCtrl: Target=  -1.2, Input=  -0.9, Error=  -0.3, PIDTerms=-0.047/ 0.000/-0.006/-0.000, Output=-0.053(-0.700/0.700), Volt=11.4(9.7)
GlobalTracer.printPidInfo_Info: [7.153] encoderYPidCtrl: Target= -49.3, Input=-149.8, Error= 100.5, PIDTerms= 1.709/ 0.000/-0.069/-0.000, Output= 0.600(-0.600/0.600), Volt=11.4(9.7)
GlobalTracer.printPidInfo_Info: [7.153] gyroTurnPidCtrl: Target= -90.0, Input= -88.0, Error=  -2.0, PIDTerms=-0.037/ 0.000/-0.005/-0.000, Output=-0.042(-0.700/0.700), Volt=11.4(9.7)
GlobalTracer.printPidInfo_Info: [7.220] encoderXPidCtrl: Target=  -1.2, Input=  -0.8, Error=  -0.4, PIDTerms=-0.055/ 0.000/-0.011/-0.000, Output=-0.065(-0.700/0.700), Volt=11.5(9.7)
GlobalTracer.printPidInfo_Info: [7.220] encoderYPidCtrl: Target= -49.3, Input=-141.1, Error=  91.8, PIDTerms= 1.561/ 0.000/-0.127/-0.000, Output= 0.600(-0.600/0.600), Volt=11.5(9.7)
GlobalTracer.printPidInfo_Info: [7.220] gyroTurnPidCtrl: Target= -90.0, Input= -87.5, Error=  -2.5, PIDTerms=-0.045/ 0.000/-0.010/-0.000, Output=-0.055(-0.700/0.700), Volt=11.5(9.7)
GlobalTracer.printPidInfo_Info: [7.296] encoderXPidCtrl: Target=  -1.2, Input=  -1.2, Error=  -0.0, PIDTerms=-0.001/ 0.000/ 0.066/-0.000, Output= 0.064(-0.700/0.700), Volt=11.5(9.7)
GlobalTracer.printPidInfo_Info: [7.296] encoderYPidCtrl: Target= -49.3, Input=-134.6, Error=  85.4, PIDTerms= 1.451/ 0.000/-0.080/-0.000, Output= 0.600(-0.600/0.600), Volt=11.5(9.7)
GlobalTracer.printPidInfo_Info: [7.296] gyroTurnPidCtrl: Target= -90.0, Input= -87.2, Error=  -2.8, PIDTerms=-0.051/ 0.000/-0.007/-0.000, Output=-0.057(-0.700/0.700), Volt=11.5(9.7)
GlobalTracer.printPidInfo_Info: [7.354] encoderXPidCtrl: Target=  -1.2, Input=  -0.9, Error=  -0.3, PIDTerms=-0.050/ 0.000/-0.075/-0.000, Output=-0.125(-0.700/0.700), Volt=11.7(9.7)
GlobalTracer.printPidInfo_Info: [7.354] encoderYPidCtrl: Target= -49.3, Input=-128.9, Error=  79.6, PIDTerms= 1.353/ 0.000/-0.089/-0.000, Output= 0.600(-0.600/0.600), Volt=11.5(9.7)
GlobalTracer.printPidInfo_Info: [7.354] gyroTurnPidCtrl: Target= -90.0, Input= -87.3, Error=  -2.7, PIDTerms=-0.048/ 0.000/ 0.003/-0.000, Output=-0.045(-0.700/0.700), Volt=11.5(9.7)
GlobalTracer.printPidInfo_Info: [7.431] encoderXPidCtrl: Target=  -1.2, Input=  -0.6, Error=  -0.6, PIDTerms=-0.085/ 0.000/-0.051/-0.000, Output=-0.136(-0.700/0.700), Volt=11.5(9.7)
GlobalTracer.printPidInfo_Info: [7.431] encoderYPidCtrl: Target= -49.3, Input=-123.6, Error=  74.3, PIDTerms= 1.263/ 0.000/-0.078/-0.000, Output= 0.600(-0.600/0.600), Volt=11.4(9.7)
GlobalTracer.printPidInfo_Info: [7.431] gyroTurnPidCtrl: Target= -90.0, Input= -87.0, Error=  -3.0, PIDTerms=-0.055/ 0.000/-0.008/-0.000, Output=-0.063(-0.700/0.700), Volt=11.4(9.7)
GlobalTracer.printPidInfo_Info: [7.492] encoderXPidCtrl: Target=  -1.2, Input=  -0.9, Error=  -0.3, PIDTerms=-0.052/ 0.000/ 0.049/-0.000, Output=-0.003(-0.700/0.700), Volt=11.6(9.7)
GlobalTracer.printPidInfo_Info: [7.492] encoderYPidCtrl: Target= -49.3, Input=-116.5, Error=  67.2, PIDTerms= 1.143/ 0.000/-0.107/-0.000, Output= 0.600(-0.600/0.600), Volt=11.6(9.7)
GlobalTracer.printPidInfo_Info: [7.492] gyroTurnPidCtrl: Target= -90.0, Input= -86.7, Error=  -3.3, PIDTerms=-0.059/ 0.000/-0.006/-0.000, Output=-0.066(-0.700/0.700), Volt=11.6(9.7)
GlobalTracer.printPidInfo_Info: [7.573] encoderXPidCtrl: Target=  -1.2, Input=  -1.0, Error=  -0.2, PIDTerms=-0.025/ 0.000/ 0.034/-0.000, Output= 0.009(-0.700/0.700), Volt=11.5(9.7)
GlobalTracer.printPidInfo_Info: [7.573] encoderYPidCtrl: Target= -49.3, Input=-111.3, Error=  62.0, PIDTerms= 1.054/ 0.000/-0.064/-0.000, Output= 0.600(-0.600/0.600), Volt=11.5(9.7)
GlobalTracer.printPidInfo_Info: [7.573] gyroTurnPidCtrl: Target= -90.0, Input= -86.6, Error=  -3.4, PIDTerms=-0.061/ 0.000/-0.002/-0.000, Output=-0.063(-0.700/0.700), Volt=11.7(9.7)
GlobalTracer.printPidInfo_Info: [7.643] encoderXPidCtrl: Target=  -1.2, Input=  -1.0, Error=  -0.2, PIDTerms=-0.029/ 0.000/-0.006/-0.000, Output=-0.035(-0.700/0.700), Volt=11.6(9.7)
GlobalTracer.printPidInfo_Info: [7.643] encoderYPidCtrl: Target= -49.3, Input=-104.2, Error=  55.0, PIDTerms= 0.935/ 0.000/-0.110/-0.000, Output= 0.600(-0.600/0.600), Volt=11.6(9.7)
GlobalTracer.printPidInfo_Info: [7.643] gyroTurnPidCtrl: Target= -90.0, Input= -86.4, Error=  -3.6, PIDTerms=-0.064/ 0.000/-0.005/-0.000, Output=-0.069(-0.700/0.700), Volt=11.7(9.7)
GlobalTracer.printPidInfo_Info: [7.715] encoderXPidCtrl: Target=  -1.2, Input=  -1.0, Error=  -0.2, PIDTerms=-0.037/ 0.000/-0.010/-0.000, Output=-0.047(-0.700/0.700), Volt=11.4(9.7)
GlobalTracer.printPidInfo_Info: [7.715] encoderYPidCtrl: Target= -49.3, Input= -96.3, Error=  47.1, PIDTerms= 0.800/ 0.000/-0.097/-0.000, Output= 0.600(-0.600/0.600), Volt=11.4(9.7)
GlobalTracer.printPidInfo_Info: [7.715] gyroTurnPidCtrl: Target= -90.0, Input= -86.6, Error=  -3.4, PIDTerms=-0.062/ 0.000/ 0.003/-0.000, Output=-0.058(-0.700/0.700), Volt=11.4(9.7)
GlobalTracer.printPidInfo_Info: [7.786] encoderXPidCtrl: Target=  -1.2, Input=  -0.9, Error=  -0.3, PIDTerms=-0.039/ 0.000/-0.004/-0.000, Output=-0.044(-0.700/0.700), Volt=11.4(9.7)
GlobalTracer.printPidInfo_Info: [7.786] encoderYPidCtrl: Target= -49.3, Input= -90.9, Error=  41.6, PIDTerms= 0.707/ 0.000/-0.099/-0.000, Output= 0.600(-0.600/0.600), Volt=11.4(9.7)
GlobalTracer.printPidInfo_Info: [7.786] gyroTurnPidCtrl: Target= -90.0, Input= -87.4, Error=  -2.6, PIDTerms=-0.048/ 0.000/ 0.023/-0.000, Output=-0.025(-0.700/0.700), Volt=11.4(9.7)
GlobalTracer.printPidInfo_Info: [7.865] encoderXPidCtrl: Target=  -1.2, Input=  -1.0, Error=  -0.2, PIDTerms=-0.032/ 0.000/ 0.009/-0.000, Output=-0.022(-0.700/0.700), Volt=11.9(9.7)
GlobalTracer.printPidInfo_Info: [7.865] encoderYPidCtrl: Target= -49.3, Input= -84.4, Error=  35.1, PIDTerms= 0.597/ 0.000/-0.078/-0.000, Output= 0.520(-0.600/0.600), Volt=11.9(9.7)
GlobalTracer.printPidInfo_Info: [7.865] gyroTurnPidCtrl: Target= -90.0, Input= -88.2, Error=  -1.8, PIDTerms=-0.032/ 0.000/ 0.016/-0.000, Output=-0.016(-0.700/0.700), Volt=12.0(9.7)
GlobalTracer.printPidInfo_Info: [7.946] encoderXPidCtrl: Target=  -1.2, Input=  -1.3, Error=   0.1, PIDTerms= 0.012/ 0.000/ 0.054/-0.000, Output= 0.066(-0.700/0.700), Volt=12.4(9.7)
GlobalTracer.printPidInfo_Info: [7.946] encoderYPidCtrl: Target= -49.3, Input= -76.7, Error=  27.4, PIDTerms= 0.466/ 0.000/-0.096/-0.000, Output= 0.370(-0.600/0.600), Volt=12.4(9.7)
GlobalTracer.printPidInfo_Info: [7.946] gyroTurnPidCtrl: Target= -90.0, Input= -88.7, Error=  -1.3, PIDTerms=-0.023/ 0.000/ 0.010/-0.000, Output=-0.014(-0.700/0.700), Volt=12.4(9.7)
GlobalTracer.printPidInfo_Info: [8.041] encoderXPidCtrl: Target=  -1.2, Input=  -1.3, Error=   0.1, PIDTerms= 0.015/ 0.000/ 0.003/-0.000, Output= 0.018(-0.700/0.700), Volt=12.4(9.7)
GlobalTracer.printPidInfo_Info: [8.041] encoderYPidCtrl: Target= -49.3, Input= -69.0, Error=  19.8, PIDTerms= 0.336/ 0.000/-0.090/-0.000, Output= 0.246(-0.600/0.600), Volt=12.4(9.7)
GlobalTracer.printPidInfo_Info: [8.041] gyroTurnPidCtrl: Target= -90.0, Input= -89.2, Error=  -0.8, PIDTerms=-0.014/ 0.000/ 0.010/-0.000, Output=-0.004(-0.700/0.700), Volt=12.4(9.7)
GlobalTracer.printPidInfo_Info: [8.105] encoderXPidCtrl: Target=  -1.2, Input=  -1.1, Error=  -0.1, PIDTerms=-0.020/ 0.000/-0.044/-0.000, Output=-0.064(-0.700/0.700), Volt=12.6(9.7)
GlobalTracer.printPidInfo_Info: [8.105] encoderYPidCtrl: Target= -49.3, Input= -62.2, Error=  13.0, PIDTerms= 0.220/ 0.000/-0.087/-0.000, Output= 0.133(-0.600/0.600), Volt=12.6(9.7)
GlobalTracer.printPidInfo_Info: [8.105] gyroTurnPidCtrl: Target= -90.0, Input= -89.4, Error=  -0.6, PIDTerms=-0.010/ 0.000/ 0.004/-0.000, Output=-0.006(-0.700/0.700), Volt=12.6(9.7)
GlobalTracer.printPidInfo_Info: [8.177] encoderXPidCtrl: Target=  -1.2, Input=  -1.0, Error=  -0.2, PIDTerms=-0.026/ 0.000/-0.008/-0.000, Output=-0.034(-0.700/0.700), Volt=12.6(9.7)
GlobalTracer.printPidInfo_Info: [8.177] encoderYPidCtrl: Target= -49.3, Input= -57.8, Error=   8.5, PIDTerms= 0.145/ 0.000/-0.062/-0.000, Output= 0.083(-0.600/0.600), Volt=12.5(9.7)
GlobalTracer.printPidInfo_Info: [8.177] gyroTurnPidCtrl: Target= -90.0, Input= -89.6, Error=  -0.4, PIDTerms=-0.008/ 0.000/ 0.002/-0.000, Output=-0.006(-0.700/0.700), Volt=12.5(9.7)
GlobalTracer.printPidInfo_Info: [8.235] encoderXPidCtrl: Target=  -1.2, Input=  -1.3, Error=   0.1, PIDTerms= 0.008/ 0.000/ 0.051/-0.000, Output= 0.060(-0.700/0.700), Volt=12.5(9.7)
GlobalTracer.printPidInfo_Info: [8.235] encoderYPidCtrl: Target= -49.3, Input= -54.6, Error=   5.4, PIDTerms= 0.091/ 0.000/-0.048/-0.000, Output= 0.043(-0.600/0.600), Volt=12.5(9.7)
GlobalTracer.printPidInfo_Info: [8.235] gyroTurnPidCtrl: Target= -90.0, Input= -89.7, Error=  -0.3, PIDTerms=-0.006/ 0.000/ 0.003/-0.000, Output=-0.002(-0.700/0.700), Volt=12.5(9.7)
GlobalTracer.printPidInfo_Info: [8.306] encoderXPidCtrl: Target=  -1.2, Input=  -1.6, Error=   0.4, PIDTerms= 0.065/ 0.000/ 0.085/-0.000, Output= 0.151(-0.700/0.700), Volt=12.3(9.7)
GlobalTracer.printPidInfo_Info: [8.306] encoderYPidCtrl: Target= -49.3, Input= -51.8, Error=   2.6, PIDTerms= 0.044/ 0.000/-0.042/-0.000, Output= 0.002(-0.600/0.600), Volt=12.3(9.7)
GlobalTracer.printPidInfo_Info: [8.306] gyroTurnPidCtrl: Target= -90.0, Input= -90.2, Error=   0.2, PIDTerms= 0.004/ 0.000/ 0.012/-0.000, Output= 0.016(-0.700/0.700), Volt=12.3(9.7)
GlobalTracer.printPidInfo_Info: [8.383] encoderXPidCtrl: Target=  -1.2, Input=  -1.5, Error=   0.3, PIDTerms= 0.049/ 0.000/-0.024/-0.000, Output= 0.025(-0.700/0.700), Volt=12.3(9.7)
GlobalTracer.printPidInfo_Info: [8.383] encoderYPidCtrl: Target= -49.3, Input= -48.2, Error=  -1.0, PIDTerms=-0.017/ 0.000/-0.054/-0.000, Output=-0.071(-0.600/0.600), Volt=12.3(9.7)
GlobalTracer.printPidInfo_Info: [8.383] gyroTurnPidCtrl: Target= -90.0, Input= -90.4, Error=   0.4, PIDTerms= 0.007/ 0.000/ 0.005/-0.000, Output= 0.012(-0.700/0.700), Volt=12.3(9.7)
GlobalTracer.printPidInfo_Info: [8.458] encoderXPidCtrl: Target=  -1.2, Input=  -1.5, Error=   0.3, PIDTerms= 0.049/ 0.000/-0.001/-0.000, Output= 0.048(-0.700/0.700), Volt=12.3(9.7)
GlobalTracer.printPidInfo_Info: [8.458] encoderYPidCtrl: Target= -49.3, Input= -45.7, Error=  -3.6, PIDTerms=-0.061/ 0.000/-0.030/-0.000, Output=-0.091(-0.600/0.600), Volt=12.3(9.7)
GlobalTracer.printPidInfo_Info: [8.458] gyroTurnPidCtrl: Target= -90.0, Input= -90.4, Error=   0.4, PIDTerms= 0.008/ 0.000/ 0.001/-0.000, Output= 0.008(-0.700/0.700), Volt=12.3(9.7)
GlobalTracer.printPidInfo_Info: [8.520] encoderXPidCtrl: Target=  -1.2, Input=  -1.5, Error=   0.3, PIDTerms= 0.046/ 0.000/-0.004/-0.000, Output= 0.043(-0.700/0.700), Volt=12.2(9.7)
GlobalTracer.printPidInfo_Info: [8.520] encoderYPidCtrl: Target= -49.3, Input= -44.0, Error=  -5.2, PIDTerms=-0.089/ 0.000/-0.025/-0.000, Output=-0.114(-0.600/0.600), Volt=12.2(9.7)
GlobalTracer.printPidInfo_Info: [8.520] gyroTurnPidCtrl: Target= -90.0, Input= -90.6, Error=   0.6, PIDTerms= 0.011/ 0.000/ 0.004/-0.000, Output= 0.015(-0.700/0.700), Volt=12.2(9.7)
GlobalTracer.printPidInfo_Info: [8.604] encoderXPidCtrl: Target=  -1.2, Input=  -1.5, Error=   0.3, PIDTerms= 0.039/ 0.000/-0.009/-0.000, Output= 0.030(-0.700/0.700), Volt=12.2(9.7)
GlobalTracer.printPidInfo_Info: [8.604] encoderYPidCtrl: Target= -49.3, Input= -42.7, Error=  -6.6, PIDTerms=-0.112/ 0.000/-0.017/-0.000, Output=-0.130(-0.600/0.600), Volt=12.2(9.7)
GlobalTracer.printPidInfo_Info: [8.604] gyroTurnPidCtrl: Target= -90.0, Input= -90.5, Error=   0.5, PIDTerms= 0.009/ 0.000/-0.002/-0.000, Output= 0.008(-0.700/0.700), Volt=12.2(9.7)
GlobalTracer.printPidInfo_Info: [8.678] encoderXPidCtrl: Target=  -1.2, Input=  -1.5, Error=   0.3, PIDTerms= 0.046/ 0.000/ 0.010/-0.000, Output= 0.055(-0.700/0.700), Volt=12.2(9.7)
GlobalTracer.printPidInfo_Info: [8.678] encoderYPidCtrl: Target= -49.3, Input= -41.7, Error=  -7.6, PIDTerms=-0.128/ 0.000/-0.014/-0.000, Output=-0.142(-0.600/0.600), Volt=12.2(9.7)
GlobalTracer.printPidInfo_Info: [8.678] gyroTurnPidCtrl: Target= -90.0, Input= -90.4, Error=   0.4, PIDTerms= 0.007/ 0.000/-0.003/-0.000, Output= 0.004(-0.700/0.700), Volt=12.2(9.7)
GlobalTracer.printPidInfo_Info: [8.770] encoderXPidCtrl: Target=  -1.2, Input=  -1.5, Error=   0.3, PIDTerms= 0.048/ 0.000/ 0.003/-0.000, Output= 0.051(-0.700/0.700), Volt=12.2(9.7)
GlobalTracer.printPidInfo_Info: [8.770] encoderYPidCtrl: Target= -49.3, Input= -41.5, Error=  -7.8, PIDTerms=-0.132/ 0.000/-0.002/-0.000, Output=-0.134(-0.600/0.600), Volt=12.2(9.7)
GlobalTracer.printPidInfo_Info: [8.770] gyroTurnPidCtrl: Target= -90.0, Input= -90.4, Error=   0.4, PIDTerms= 0.007/ 0.000/ 0.000/-0.000, Output= 0.007(-0.700/0.700), Volt=12.2(9.7)
GlobalTracer.printPidInfo_Info: [8.858] encoderXPidCtrl: Target=  -1.2, Input=  -1.5, Error=   0.3, PIDTerms= 0.045/ 0.000/-0.004/-0.000, Output= 0.041(-0.700/0.700), Volt=12.3(9.7)
GlobalTracer.printPidInfo_Info: [8.858] encoderYPidCtrl: Target= -49.3, Input= -41.7, Error=  -7.6, PIDTerms=-0.129/ 0.000/ 0.002/-0.000, Output=-0.127(-0.600/0.600), Volt=12.3(9.7)
GlobalTracer.printPidInfo_Info: [8.858] gyroTurnPidCtrl: Target= -90.0, Input= -90.5, Error=   0.5, PIDTerms= 0.010/ 0.000/ 0.003/-0.000, Output= 0.013(-0.700/0.700), Volt=12.3(9.7)
GlobalTracer.printPidInfo_Info: [8.928] encoderXPidCtrl: Target=  -1.2, Input=  -1.5, Error=   0.3, PIDTerms= 0.043/ 0.000/-0.002/-0.000, Output= 0.041(-0.700/0.700), Volt=12.3(9.7)
GlobalTracer.printPidInfo_Info: [8.928] encoderYPidCtrl: Target= -49.3, Input= -42.1, Error=  -7.2, PIDTerms=-0.122/ 0.000/ 0.005/-0.000, Output=-0.117(-0.600/0.600), Volt=12.4(9.7)
GlobalTracer.printPidInfo_Info: [8.928] gyroTurnPidCtrl: Target= -90.0, Input= -90.4, Error=   0.4, PIDTerms= 0.008/ 0.000/-0.002/-0.000, Output= 0.006(-0.700/0.700), Volt=12.4(9.7)
GlobalTracer.printPidInfo_Info: [8.996] encoderXPidCtrl: Target=  -1.2, Input=  -1.5, Error=   0.3, PIDTerms= 0.042/ 0.000/-0.002/-0.000, Output= 0.040(-0.700/0.700), Volt=12.4(9.7)
GlobalTracer.printPidInfo_Info: [8.996] encoderYPidCtrl: Target= -49.3, Input= -42.7, Error=  -6.6, PIDTerms=-0.112/ 0.000/ 0.009/-0.000, Output=-0.103(-0.600/0.600), Volt=12.4(9.7)
GlobalTracer.printPidInfo_Info: [8.996] gyroTurnPidCtrl: Target= -90.0, Input= -90.2, Error=   0.2, PIDTerms= 0.003/ 0.000/-0.007/-0.000, Output=-0.004(-0.700/0.700), Volt=12.4(9.7)
GlobalTracer.printPidInfo_Info: [9.076] encoderXPidCtrl: Target=  -1.2, Input=  -1.5, Error=   0.3, PIDTerms= 0.046/ 0.000/ 0.007/-0.000, Output= 0.052(-0.700/0.700), Volt=12.4(9.7)
GlobalTracer.printPidInfo_Info: [9.076] encoderYPidCtrl: Target= -49.3, Input= -43.2, Error=  -6.1, PIDTerms=-0.103/ 0.000/ 0.008/-0.000, Output=-0.095(-0.600/0.600), Volt=12.4(9.7)
GlobalTracer.printPidInfo_Info: [9.076] gyroTurnPidCtrl: Target= -90.0, Input= -90.2, Error=   0.2, PIDTerms= 0.003/ 0.000/ 0.000/-0.000, Output= 0.003(-0.700/0.700), Volt=12.4(9.7)
GlobalTracer.printPidInfo_Info: [9.156] encoderXPidCtrl: Target=  -1.2, Input=  -1.5, Error=   0.3, PIDTerms= 0.042/ 0.000/-0.004/-0.000, Output= 0.038(-0.700/0.700), Volt=12.4(9.7)
GlobalTracer.printPidInfo_Info: [9.156] encoderYPidCtrl: Target= -49.3, Input= -43.7, Error=  -5.5, PIDTerms=-0.094/ 0.000/ 0.006/-0.000, Output=-0.088(-0.600/0.600), Volt=12.4(9.7)
GlobalTracer.printPidInfo_Info: [9.156] gyroTurnPidCtrl: Target= -90.0, Input= -90.6, Error=   0.6, PIDTerms= 0.010/ 0.000/ 0.007/-0.000, Output= 0.018(-0.700/0.700), Volt=12.4(9.7)
GlobalTracer.printPidInfo_Info: [9.230] encoderXPidCtrl: Target=  -1.2, Input=  -1.5, Error=   0.3, PIDTerms= 0.039/ 0.000/-0.004/-0.000, Output= 0.035(-0.700/0.700), Volt=12.4(9.7)
GlobalTracer.printPidInfo_Info: [9.230] encoderYPidCtrl: Target= -49.3, Input= -44.5, Error=  -4.8, PIDTerms=-0.082/ 0.000/ 0.010/-0.000, Output=-0.072(-0.600/0.600), Volt=12.4(9.7)
GlobalTracer.printPidInfo_Info: [9.230] gyroTurnPidCtrl: Target= -90.0, Input= -90.4, Error=   0.4, PIDTerms= 0.008/ 0.000/-0.003/-0.000, Output= 0.005(-0.700/0.700), Volt=12.4(9.7)
GlobalTracer.printPidInfo_Info: [9.303] encoderXPidCtrl: Target=  -1.2, Input=  -1.5, Error=   0.3, PIDTerms= 0.039/ 0.000/ 0.000/-0.000, Output= 0.039(-0.700/0.700), Volt=12.5(9.7)
GlobalTracer.printPidInfo_Info: [9.303] encoderYPidCtrl: Target= -49.3, Input= -45.1, Error=  -4.2, PIDTerms=-0.071/ 0.000/ 0.008/-0.000, Output=-0.062(-0.600/0.600), Volt=12.5(9.7)
GlobalTracer.printPidInfo_Info: [9.303] gyroTurnPidCtrl: Target= -90.0, Input= -90.1, Error=   0.1, PIDTerms= 0.002/ 0.000/-0.007/-0.000, Output=-0.006(-0.700/0.700), Volt=12.5(9.7)
GlobalTracer.printPidInfo_Info: [9.374] encoderXPidCtrl: Target=  -1.2, Input=  -1.4, Error=   0.2, PIDTerms= 0.036/ 0.000/-0.005/-0.000, Output= 0.031(-0.700/0.700), Volt=12.5(9.7)
GlobalTracer.printPidInfo_Info: [9.374] encoderYPidCtrl: Target= -49.3, Input= -45.6, Error=  -3.7, PIDTerms=-0.062/ 0.000/ 0.007/-0.000, Output=-0.056(-0.600/0.600), Volt=12.5(9.7)
GlobalTracer.printPidInfo_Info: [9.374] gyroTurnPidCtrl: Target= -90.0, Input= -90.3, Error=   0.3, PIDTerms= 0.005/ 0.000/ 0.004/-0.000, Output= 0.008(-0.700/0.700), Volt=12.5(9.7)
GlobalTracer.printPidInfo_Info: [9.449] encoderXPidCtrl: Target=  -1.2, Input=  -1.4, Error=   0.2, PIDTerms= 0.032/ 0.000/-0.005/-0.000, Output= 0.026(-0.700/0.700), Volt=12.5(9.7)
GlobalTracer.printPidInfo_Info: [9.449] encoderYPidCtrl: Target= -49.3, Input= -46.0, Error=  -3.3, PIDTerms=-0.056/ 0.000/ 0.005/-0.000, Output=-0.050(-0.600/0.600), Volt=12.5(9.7)
GlobalTracer.printPidInfo_Info: [9.449] gyroTurnPidCtrl: Target= -90.0, Input= -90.2, Error=   0.2, PIDTerms= 0.003/ 0.000/-0.002/-0.000, Output= 0.000(-0.700/0.700), Volt=12.5(9.7)
GlobalTracer.printPidInfo_Info: [9.525] encoderXPidCtrl: Target=  -1.2, Input=  -1.4, Error=   0.2, PIDTerms= 0.035/ 0.000/ 0.004/-0.000, Output= 0.039(-0.700/0.700), Volt=12.5(9.7)
GlobalTracer.printPidInfo_Info: [9.525] encoderYPidCtrl: Target= -49.3, Input= -46.4, Error=  -2.9, PIDTerms=-0.049/ 0.000/ 0.006/-0.000, Output=-0.043(-0.600/0.600), Volt=12.5(9.7)
GlobalTracer.printPidInfo_Info: [9.525] gyroTurnPidCtrl: Target= -90.0, Input= -90.0, Error=  -0.0, PIDTerms=-0.001/ 0.000/-0.004/-0.000, Output=-0.005(-0.700/0.700), Volt=12.5(9.7)
GlobalTracer.printPidInfo_Info: [9.589] encoderXPidCtrl: Target=  -1.2, Input=  -1.4, Error=   0.2, PIDTerms= 0.035/ 0.000/ 0.001/-0.000, Output= 0.036(-0.700/0.700), Volt=12.4(9.7)
GlobalTracer.printPidInfo_Info: [9.589] encoderYPidCtrl: Target= -49.3, Input= -46.7, Error=  -2.6, PIDTerms=-0.044/ 0.000/ 0.003/-0.000, Output=-0.041(-0.600/0.600), Volt=12.4(9.7)
GlobalTracer.printPidInfo_Info: [9.589] gyroTurnPidCtrl: Target= -90.0, Input= -90.2, Error=   0.2, PIDTerms= 0.003/ 0.000/ 0.004/-0.000, Output= 0.007(-0.700/0.700), Volt=12.4(9.7)
GlobalTracer.printPidInfo_Info: [9.675] encoderXPidCtrl: Target=  -1.2, Input=  -1.4, Error=   0.2, PIDTerms= 0.035/ 0.000/-0.001/-0.000, Output= 0.034(-0.700/0.700), Volt=12.4(9.7)
GlobalTracer.printPidInfo_Info: [9.675] encoderYPidCtrl: Target= -49.3, Input= -46.9, Error=  -2.4, PIDTerms=-0.040/ 0.000/ 0.005/-0.000, Output=-0.036(-0.600/0.600), Volt=12.4(9.7)
GlobalTracer.printPidInfo_Info: [9.675] gyroTurnPidCtrl: Target= -90.0, Input= -90.3, Error=   0.3, PIDTerms= 0.006/ 0.000/ 0.005/-0.000, Output= 0.012(-0.700/0.700), Volt=12.4(9.7)
GlobalTracer.printPidInfo_Info: [9.760] encoderXPidCtrl: Target=  -1.2, Input=  -1.4, Error=   0.2, PIDTerms= 0.033/ 0.000/-0.001/-0.000, Output= 0.032(-0.700/0.700), Volt=12.5(9.7)
GlobalTracer.printPidInfo_Info: [9.760] encoderYPidCtrl: Target= -49.3, Input= -47.1, Error=  -2.2, PIDTerms=-0.037/ 0.000/ 0.002/-0.000, Output=-0.035(-0.600/0.600), Volt=12.5(9.7)
GlobalTracer.printPidInfo_Info: [9.760] gyroTurnPidCtrl: Target= -90.0, Input= -90.3, Error=   0.3, PIDTerms= 0.006/ 0.000/ 0.000/-0.000, Output= 0.006(-0.700/0.700), Volt=12.5(9.7)
GlobalTracer.printPidInfo_Info: [9.820] encoderXPidCtrl: Target=  -1.2, Input=  -1.4, Error=   0.2, PIDTerms= 0.031/ 0.000/-0.004/-0.000, Output= 0.027(-0.700/0.700), Volt=12.5(9.7)
GlobalTracer.printPidInfo_Info: [9.820] encoderYPidCtrl: Target= -49.3, Input= -47.2, Error=  -2.0, PIDTerms=-0.035/ 0.000/ 0.002/-0.000, Output=-0.033(-0.600/0.600), Volt=12.5(9.7)
GlobalTracer.printPidInfo_Info: [9.820] gyroTurnPidCtrl: Target= -90.0, Input= -90.1, Error=   0.1, PIDTerms= 0.002/ 0.000/-0.006/-0.000, Output=-0.004(-0.700/0.700), Volt=12.4(9.7)
GlobalTracer.printPidInfo_Info: [9.887] encoderXPidCtrl: Target=  -1.2, Input=  -1.4, Error=   0.2, PIDTerms= 0.032/ 0.000/ 0.001/-0.000, Output= 0.033(-0.700/0.700), Volt=12.5(9.7)
GlobalTracer.printPidInfo_Info: [9.887] encoderYPidCtrl: Target= -49.3, Input= -47.2, Error=  -2.0, PIDTerms=-0.034/ 0.000/ 0.000/-0.000, Output=-0.034(-0.600/0.600), Volt=12.5(9.7)
GlobalTracer.printPidInfo_Info: [9.887] gyroTurnPidCtrl: Target= -90.0, Input= -90.1, Error=   0.1, PIDTerms= 0.001/ 0.000/-0.001/-0.000, Output= 0.001(-0.700/0.700), Volt=12.5(9.7)
GlobalTracer.printPidInfo_Info: [9.954] encoderXPidCtrl: Target=  -1.2, Input=  -1.4, Error=   0.2, PIDTerms= 0.032/ 0.000/ 0.000/-0.000, Output= 0.032(-0.700/0.700), Volt=12.5(9.7)
GlobalTracer.printPidInfo_Info: [9.954] encoderYPidCtrl: Target= -49.3, Input= -47.2, Error=  -2.0, PIDTerms=-0.034/ 0.000/ 0.000/-0.000, Output=-0.034(-0.600/0.600), Volt=12.5(9.7)
GlobalTracer.printPidInfo_Info: [9.954] gyroTurnPidCtrl: Target= -90.0, Input= -90.1, Error=   0.1, PIDTerms= 0.001/ 0.000/-0.000/-0.000, Output= 0.001(-0.700/0.700), Volt=12.5(9.7)
GlobalTracer.printPidInfo_Info: [10.037] encoderXPidCtrl: Target=  -1.2, Input=  -1.4, Error=   0.2, PIDTerms= 0.032/ 0.000/ 0.000/-0.000, Output= 0.032(-0.700/0.700), Volt=12.5(9.7)
GlobalTracer.printPidInfo_Info: [10.037] encoderYPidCtrl: Target= -49.3, Input= -47.2, Error=  -2.0, PIDTerms=-0.034/ 0.000/ 0.000/-0.000, Output=-0.034(-0.600/0.600), Volt=12.4(9.7)
GlobalTracer.printPidInfo_Info: [10.037] gyroTurnPidCtrl: Target= -90.0, Input= -90.1, Error=   0.1, PIDTerms= 0.001/ 0.000/ 0.000/-0.000, Output= 0.002(-0.700/0.700), Volt=12.4(9.7)
GlobalTracer.printPidInfo_Info: [10.114] encoderXPidCtrl: Target=  -1.2, Input=  -1.4, Error=   0.2, PIDTerms= 0.032/ 0.000/ 0.000/-0.000, Output= 0.032(-0.700/0.700), Volt=12.5(9.7)
GlobalTracer.printPidInfo_Info: [10.114] encoderYPidCtrl: Target= -49.3, Input= -47.2, Error=  -2.0, PIDTerms=-0.034/ 0.000/ 0.000/-0.000, Output=-0.034(-0.600/0.600), Volt=12.5(9.7)
GlobalTracer.printPidInfo_Info: [10.114] gyroTurnPidCtrl: Target= -90.0, Input= -90.1, Error=   0.1, PIDTerms= 0.002/ 0.000/ 0.000/-0.000, Output= 0.002(-0.700/0.700), Volt=12.5(9.7)
GlobalTracer.printPidInfo_Info: [10.180] encoderXPidCtrl: Target=  -1.2, Input=  -1.4, Error=   0.2, PIDTerms= 0.032/ 0.000/ 0.000/-0.000, Output= 0.032(-0.700/0.700), Volt=12.5(9.7)
GlobalTracer.printPidInfo_Info: [10.180] encoderYPidCtrl: Target= -49.3, Input= -47.2, Error=  -2.0, PIDTerms=-0.034/ 0.000/ 0.000/-0.000, Output=-0.034(-0.600/0.600), Volt=12.5(9.7)
GlobalTracer.printPidInfo_Info: [10.180] gyroTurnPidCtrl: Target= -90.0, Input= -90.1, Error=   0.1, PIDTerms= 0.002/ 0.000/ 0.000/-0.000, Output= 0.002(-0.700/0.700), Volt=12.5(9.7)
GlobalTracer.printPidInfo_Info: [10.257] encoderXPidCtrl: Target=  -1.2, Input=  -1.4, Error=   0.2, PIDTerms= 0.032/ 0.000/ 0.000/-0.000, Output= 0.032(-0.700/0.700), Volt=12.5(9.7)
GlobalTracer.printPidInfo_Info: [10.257] encoderYPidCtrl: Target= -49.3, Input= -47.2, Error=  -2.0, PIDTerms=-0.034/ 0.000/ 0.000/-0.000, Output=-0.034(-0.600/0.600), Volt=12.5(9.7)
GlobalTracer.printPidInfo_Info: [10.257] gyroTurnPidCtrl: Target= -90.0, Input= -90.1, Error=   0.1, PIDTerms= 0.002/ 0.000/ 0.000/-0.000, Output= 0.002(-0.700/0.700), Volt=12.5(9.7)
GlobalTracer.printPidInfo_Info: [10.326] encoderXPidCtrl: Target=  -1.2, Input=  -1.4, Error=   0.2, PIDTerms= 0.032/ 0.000/ 0.000/-0.000, Output= 0.032(-0.700/0.700), Volt=12.5(9.7)
GlobalTracer.printPidInfo_Info: [10.326] encoderYPidCtrl: Target= -49.3, Input= -47.2, Error=  -2.0, PIDTerms=-0.034/ 0.000/ 0.000/-0.000, Output=-0.034(-0.600/0.600), Volt=12.5(9.7)
GlobalTracer.printPidInfo_Info: [10.326] gyroTurnPidCtrl: Target= -90.0, Input= -90.1, Error=   0.1, PIDTerms= 0.002/ 0.000/ 0.000/-0.000, Output= 0.002(-0.700/0.700), Volt=12.5(9.7)
GlobalTracer.printPidInfo_Info: [10.397] encoderXPidCtrl: Target=  -1.2, Input=  -1.4, Error=   0.2, PIDTerms= 0.032/ 0.000/ 0.000/-0.000, Output= 0.032(-0.700/0.700), Volt=12.5(9.7)
GlobalTracer.printPidInfo_Info: [10.397] encoderYPidCtrl: Target= -49.3, Input= -47.2, Error=  -2.0, PIDTerms=-0.034/ 0.000/ 0.000/-0.000, Output=-0.034(-0.600/0.600), Volt=12.5(9.7)
GlobalTracer.printPidInfo_Info: [10.397] gyroTurnPidCtrl: Target= -90.0, Input= -90.1, Error=   0.1, PIDTerms= 0.002/ 0.000/ 0.000/-0.000, Output= 0.002(-0.700/0.700), Volt=12.5(9.7)
GlobalTracer.startCompetition_Warn: AUTO_MODE takes too long (0.103s)

GlobalTracer.printPidInfo_Info: [10.505] encoderXPidCtrl: Target=  -1.2, Input=  -1.4, Error=   0.2, PIDTerms= 0.032/ 0.000/ 0.000/-0.000, Output= 0.032(-0.700/0.700), Volt=12.5(9.7)
GlobalTracer.printPidInfo_Info: [10.505] encoderYPidCtrl: Target= -49.3, Input= -47.2, Error=  -2.0, PIDTerms=-0.034/ 0.000/ 0.000/-0.000, Output=-0.034(-0.600/0.600), Volt=12.5(9.7)
GlobalTracer.printPidInfo_Info: [10.505] gyroTurnPidCtrl: Target= -90.0, Input= -90.1, Error=   0.1, PIDTerms= 0.002/ 0.000/ 0.000/-0.000, Output= 0.002(-0.700/0.700), Volt=12.5(9.7)
GlobalTracer.startCompetition_Warn: AUTO_MODE takes too long (0.115s)

GlobalTracer.printPidInfo_Info: [10.624] encoderXPidCtrl: Target=  -1.2, Input=  -1.4, Error=   0.2, PIDTerms= 0.032/ 0.000/ 0.000/-0.000, Output= 0.032(-0.700/0.700), Volt=12.5(9.7)
GlobalTracer.printPidInfo_Info: [10.624] encoderYPidCtrl: Target= -49.3, Input= -47.2, Error=  -2.0, PIDTerms=-0.034/ 0.000/ 0.000/-0.000, Output=-0.034(-0.600/0.600), Volt=12.5(9.7)
GlobalTracer.printPidInfo_Info: [10.624] gyroTurnPidCtrl: Target= -90.0, Input= -90.1, Error=   0.1, PIDTerms= 0.002/ 0.000/ 0.000/-0.000, Output= 0.002(-0.700/0.700), Volt=12.4(9.7)
GlobalTracer.printPidInfo_Info: [10.716] encoderXPidCtrl: Target=  -1.2, Input=  -1.4, Error=   0.2, PIDTerms= 0.032/ 0.000/ 0.000/-0.000, Output= 0.032(-0.700/0.700), Volt=12.5(9.7)
GlobalTracer.printPidInfo_Info: [10.716] encoderYPidCtrl: Target= -49.3, Input= -47.2, Error=  -2.0, PIDTerms=-0.034/ 0.000/ 0.000/-0.000, Output=-0.034(-0.600/0.600), Volt=12.5(9.7)
GlobalTracer.printPidInfo_Info: [10.716] gyroTurnPidCtrl: Target= -90.0, Input= -90.1, Error=   0.1, PIDTerms= 0.002/ 0.000/ 0.000/-0.000, Output= 0.002(-0.700/0.700), Volt=12.5(9.7)
GlobalTracer.printPidInfo_Info: [10.769] encoderXPidCtrl: Target=  -1.2, Input=  -1.4, Error=   0.2, PIDTerms= 0.032/ 0.000/ 0.000/-0.000, Output= 0.032(-0.700/0.700), Volt=12.5(9.7)
GlobalTracer.printPidInfo_Info: [10.769] encoderYPidCtrl: Target= -49.3, Input= -47.2, Error=  -2.0, PIDTerms=-0.034/ 0.000/ 0.000/-0.000, Output=-0.034(-0.600/0.600), Volt=12.5(9.7)
GlobalTracer.printPidInfo_Info: [10.769] gyroTurnPidCtrl: Target= -90.0, Input= -90.1, Error=   0.1, PIDTerms= 0.002/ 0.000/ 0.000/-0.000, Output= 0.002(-0.700/0.700), Volt=12.5(9.7)
GlobalTracer.printPidInfo_Info: [10.832] encoderXPidCtrl: Target=  -1.2, Input=  -1.4, Error=   0.2, PIDTerms= 0.032/ 0.000/ 0.000/-0.000, Output= 0.032(-0.700/0.700), Volt=12.4(9.7)
GlobalTracer.printPidInfo_Info: [10.832] encoderYPidCtrl: Target= -49.3, Input= -47.2, Error=  -2.0, PIDTerms=-0.034/ 0.000/ 0.000/-0.000, Output=-0.034(-0.600/0.600), Volt=12.4(9.7)
GlobalTracer.printPidInfo_Info: [10.832] gyroTurnPidCtrl: Target= -90.0, Input= -90.1, Error=   0.1, PIDTerms= 0.002/ 0.000/ 0.000/-0.000, Output= 0.002(-0.700/0.700), Volt=12.4(9.7)
GlobalTracer.printPidInfo_Info: [10.896] encoderXPidCtrl: Target=  -1.2, Input=  -1.4, Error=   0.2, PIDTerms= 0.032/ 0.000/ 0.000/-0.000, Output= 0.032(-0.700/0.700), Volt=12.4(9.7)
GlobalTracer.printPidInfo_Info: [10.896] encoderYPidCtrl: Target= -49.3, Input= -47.2, Error=  -2.0, PIDTerms=-0.034/ 0.000/ 0.000/-0.000, Output=-0.034(-0.600/0.600), Volt=12.4(9.7)
GlobalTracer.printPidInfo_Info: [10.896] gyroTurnPidCtrl: Target= -90.0, Input= -90.1, Error=   0.1, PIDTerms= 0.002/ 0.000/ 0.000/-0.000, Output= 0.002(-0.700/0.700), Volt=12.4(9.7)
GlobalTracer.printPidInfo_Info: [10.986] encoderXPidCtrl: Target=  -1.2, Input=  -1.4, Error=   0.2, PIDTerms= 0.032/ 0.000/ 0.000/-0.000, Output= 0.032(-0.700/0.700), Volt=12.5(9.7)
GlobalTracer.printPidInfo_Info: [10.986] encoderYPidCtrl: Target= -49.3, Input= -47.2, Error=  -2.0, PIDTerms=-0.034/ 0.000/ 0.000/-0.000, Output=-0.034(-0.600/0.600), Volt=12.5(9.7)
GlobalTracer.printPidInfo_Info: [10.986] gyroTurnPidCtrl: Target= -90.0, Input= -90.1, Error=   0.1, PIDTerms= 0.002/ 0.000/ 0.000/-0.000, Output= 0.002(-0.700/0.700), Volt=12.5(9.7)
GlobalTracer.printPidInfo_Info: [11.057] encoderXPidCtrl: Target=  -1.2, Input=  -1.4, Error=   0.2, PIDTerms= 0.032/ 0.000/ 0.000/-0.000, Output= 0.032(-0.700/0.700), Volt=12.5(9.7)
GlobalTracer.printPidInfo_Info: [11.057] encoderYPidCtrl: Target= -49.3, Input= -47.2, Error=  -2.0, PIDTerms=-0.034/ 0.000/ 0.000/-0.000, Output=-0.034(-0.600/0.600), Volt=12.5(9.7)
GlobalTracer.printPidInfo_Info: [11.057] gyroTurnPidCtrl: Target= -90.0, Input= -90.1, Error=   0.1, PIDTerms= 0.002/ 0.000/ 0.000/-0.000, Output= 0.002(-0.700/0.700), Volt=12.5(9.7)
GlobalTracer.printPidInfo_Info: [11.142] encoderXPidCtrl: Target=  -1.2, Input=  -1.4, Error=   0.2, PIDTerms= 0.032/ 0.000/ 0.000/-0.000, Output= 0.032(-0.700/0.700), Volt=12.5(9.7)
GlobalTracer.printPidInfo_Info: [11.142] encoderYPidCtrl: Target= -49.3, Input= -47.2, Error=  -2.0, PIDTerms=-0.034/ 0.000/ 0.000/-0.000, Output=-0.034(-0.600/0.600), Volt=12.5(9.7)
GlobalTracer.printPidInfo_Info: [11.142] gyroTurnPidCtrl: Target= -90.0, Input= -90.1, Error=   0.1, PIDTerms= 0.002/ 0.000/ 0.000/-0.000, Output= 0.002(-0.700/0.700), Volt=12.5(9.7)
GlobalTracer.printPidInfo_Info: [11.213] encoderXPidCtrl: Target=  -1.2, Input=  -1.4, Error=   0.2, PIDTerms= 0.032/ 0.000/ 0.000/-0.000, Output= 0.032(-0.700/0.700), Volt=12.5(9.7)
GlobalTracer.printPidInfo_Info: [11.213] encoderYPidCtrl: Target= -49.3, Input= -47.2, Error=  -2.0, PIDTerms=-0.034/ 0.000/ 0.000/-0.000, Output=-0.034(-0.600/0.600), Volt=12.5(9.7)
GlobalTracer.printPidInfo_Info: [11.213] gyroTurnPidCtrl: Target= -90.0, Input= -90.1, Error=   0.1, PIDTerms= 0.002/ 0.000/ 0.000/-0.000, Output= 0.002(-0.700/0.700), Volt=12.5(9.7)
GlobalTracer.printPidInfo_Info: [11.296] encoderXPidCtrl: Target=  -1.2, Input=  -1.4, Error=   0.2, PIDTerms= 0.032/ 0.000/ 0.000/-0.000, Output= 0.032(-0.700/0.700), Volt=12.6(9.7)
GlobalTracer.printPidInfo_Info: [11.296] encoderYPidCtrl: Target= -49.3, Input= -47.2, Error=  -2.0, PIDTerms=-0.034/ 0.000/ 0.000/-0.000, Output=-0.034(-0.600/0.600), Volt=12.6(9.7)
GlobalTracer.printPidInfo_Info: [11.296] gyroTurnPidCtrl: Target= -90.0, Input= -90.1, Error=   0.1, PIDTerms= 0.002/ 0.000/ 0.000/-0.000, Output= 0.002(-0.700/0.700), Volt=12.5(9.7)
GlobalTracer.printPidInfo_Info: [11.375] encoderXPidCtrl: Target=  -1.2, Input=  -1.4, Error=   0.2, PIDTerms= 0.032/ 0.000/ 0.000/-0.000, Output= 0.032(-0.700/0.700), Volt=12.5(9.7)
GlobalTracer.printPidInfo_Info: [11.375] encoderYPidCtrl: Target= -49.3, Input= -47.2, Error=  -2.0, PIDTerms=-0.034/ 0.000/ 0.000/-0.000, Output=-0.034(-0.600/0.600), Volt=12.5(9.7)
GlobalTracer.printPidInfo_Info: [11.375] gyroTurnPidCtrl: Target= -90.0, Input= -90.1, Error=   0.1, PIDTerms= 0.002/ 0.000/ 0.000/-0.000, Output= 0.002(-0.700/0.700), Volt=12.5(9.7)
GlobalTracer.printPidInfo_Info: [11.462] encoderXPidCtrl: Target=  -1.2, Input=  -1.4, Error=   0.2, PIDTerms= 0.032/ 0.000/ 0.000/-0.000, Output= 0.032(-0.700/0.700), Volt=12.5(9.7)
GlobalTracer.printPidInfo_Info: [11.462] encoderYPidCtrl: Target= -49.3, Input= -47.2, Error=  -2.0, PIDTerms=-0.034/ 0.000/ 0.000/-0.000, Output=-0.034(-0.600/0.600), Volt=12.5(9.7)
GlobalTracer.printPidInfo_Info: [11.462] gyroTurnPidCtrl: Target= -90.0, Input= -90.1, Error=   0.1, PIDTerms= 0.002/ 0.000/ 0.000/-0.000, Output= 0.002(-0.700/0.700), Volt=12.5(9.7)
GlobalTracer.printPidInfo_Info: [11.545] encoderXPidCtrl: Target=  -1.2, Input=  -1.4, Error=   0.2, PIDTerms= 0.032/ 0.000/ 0.000/-0.000, Output= 0.032(-0.700/0.700), Volt=12.5(9.7)
GlobalTracer.printPidInfo_Info: [11.545] encoderYPidCtrl: Target= -49.3, Input= -47.2, Error=  -2.0, PIDTerms=-0.034/ 0.000/ 0.000/-0.000, Output=-0.034(-0.600/0.600), Volt=12.5(9.7)
GlobalTracer.printPidInfo_Info: [11.545] gyroTurnPidCtrl: Target= -90.0, Input= -90.1, Error=   0.1, PIDTerms= 0.002/ 0.000/ 0.000/-0.000, Output= 0.002(-0.700/0.700), Volt=12.5(9.7)
GlobalTracer.printPidInfo_Info: [11.641] encoderXPidCtrl: Target=  -1.2, Input=  -1.4, Error=   0.2, PIDTerms= 0.032/ 0.000/ 0.000/-0.000, Output= 0.032(-0.700/0.700), Volt=12.5(9.7)
GlobalTracer.printPidInfo_Info: [11.641] encoderYPidCtrl: Target= -49.3, Input= -47.2, Error=  -2.0, PIDTerms=-0.034/ 0.000/ 0.000/-0.000, Output=-0.034(-0.600/0.600), Volt=12.5(9.7)
GlobalTracer.printPidInfo_Info: [11.641] gyroTurnPidCtrl: Target= -90.0, Input= -90.1, Error=   0.1, PIDTerms= 0.002/ 0.000/ 0.000/-0.000, Output= 0.002(-0.700/0.700), Volt=12.5(9.7)
GlobalTracer.printPidInfo_Info: [11.702] encoderXPidCtrl: Target=  -1.2, Input=  -1.4, Error=   0.2, PIDTerms= 0.032/ 0.000/ 0.000/-0.000, Output= 0.032(-0.700/0.700), Volt=12.5(9.7)
GlobalTracer.printPidInfo_Info: [11.702] encoderYPidCtrl: Target= -49.3, Input= -47.2, Error=  -2.0, PIDTerms=-0.034/ 0.000/ 0.000/-0.000, Output=-0.034(-0.600/0.600), Volt=12.5(9.7)
GlobalTracer.printPidInfo_Info: [11.702] gyroTurnPidCtrl: Target= -90.0, Input= -90.1, Error=   0.1, PIDTerms= 0.002/ 0.000/ 0.000/-0.000, Output= 0.002(-0.700/0.700), Volt=12.5(9.7)
GlobalTracer.printPidInfo_Info: [11.796] encoderXPidCtrl: Target=  -1.2, Input=  -1.4, Error=   0.2, PIDTerms= 0.032/ 0.000/ 0.000/-0.000, Output= 0.032(-0.700/0.700), Volt=12.5(9.7)
GlobalTracer.printPidInfo_Info: [11.796] encoderYPidCtrl: Target= -49.3, Input= -47.2, Error=  -2.0, PIDTerms=-0.034/ 0.000/ 0.000/-0.000, Output=-0.034(-0.600/0.600), Volt=12.5(9.7)
GlobalTracer.printPidInfo_Info: [11.796] gyroTurnPidCtrl: Target= -90.0, Input= -90.1, Error=   0.1, PIDTerms= 0.002/ 0.000/ 0.000/-0.000, Output= 0.002(-0.700/0.700), Volt=12.5(9.7)
GlobalTracer.printPidInfo_Info: [11.862] encoderXPidCtrl: Target=  -1.2, Input=  -1.4, Error=   0.2, PIDTerms= 0.032/ 0.000/ 0.000/-0.000, Output= 0.032(-0.700/0.700), Volt=12.5(9.7)
GlobalTracer.printPidInfo_Info: [11.862] encoderYPidCtrl: Target= -49.3, Input= -47.2, Error=  -2.0, PIDTerms=-0.034/ 0.000/ 0.000/-0.000, Output=-0.034(-0.600/0.600), Volt=12.5(9.7)
GlobalTracer.printPidInfo_Info: [11.862] gyroTurnPidCtrl: Target= -90.0, Input= -90.1, Error=   0.1, PIDTerms= 0.002/ 0.000/ 0.000/-0.000, Output= 0.002(-0.700/0.700), Volt=12.5(9.7)
GlobalTracer.printPidInfo_Info: [11.955] encoderXPidCtrl: Target=  -1.2, Input=  -1.4, Error=   0.2, PIDTerms= 0.032/ 0.000/ 0.000/-0.000, Output= 0.032(-0.700/0.700), Volt=12.5(9.7)
GlobalTracer.printPidInfo_Info: [11.955] encoderYPidCtrl: Target= -49.3, Input= -47.2, Error=  -2.0, PIDTerms=-0.034/ 0.000/ 0.000/-0.000, Output=-0.034(-0.600/0.600), Volt=12.5(9.7)
GlobalTracer.printPidInfo_Info: [11.955] gyroTurnPidCtrl: Target= -90.0, Input= -90.1, Error=   0.1, PIDTerms= 0.002/ 0.000/ 0.000/-0.000, Output= 0.002(-0.700/0.700), Volt=12.5(9.7)
GlobalTracer.startCompetition_Warn: AUTO_MODE takes too long (0.122s)

GlobalTracer.printPidInfo_Info: [12.081] encoderXPidCtrl: Target=  -1.2, Input=  -1.4, Error=   0.2, PIDTerms= 0.032/ 0.000/ 0.000/-0.000, Output= 0.032(-0.700/0.700), Volt=12.5(9.7)
GlobalTracer.printPidInfo_Info: [12.081] encoderYPidCtrl: Target= -49.3, Input= -47.2, Error=  -2.0, PIDTerms=-0.034/ 0.000/ 0.000/-0.000, Output=-0.034(-0.600/0.600), Volt=12.5(9.7)
GlobalTracer.printPidInfo_Info: [12.081] gyroTurnPidCtrl: Target= -90.0, Input= -90.1, Error=   0.1, PIDTerms= 0.002/ 0.000/ 0.000/-0.000, Output= 0.002(-0.700/0.700), Volt=12.5(9.7)
GlobalTracer.printPidInfo_Info: [12.160] encoderXPidCtrl: Target=  -1.2, Input=  -1.4, Error=   0.2, PIDTerms= 0.032/ 0.000/ 0.000/-0.000, Output= 0.032(-0.700/0.700), Volt=12.5(9.7)
GlobalTracer.printPidInfo_Info: [12.160] encoderYPidCtrl: Target= -49.3, Input= -47.2, Error=  -2.0, PIDTerms=-0.034/ 0.000/ 0.000/-0.000, Output=-0.034(-0.600/0.600), Volt=12.5(9.7)
GlobalTracer.printPidInfo_Info: [12.160] gyroTurnPidCtrl: Target= -90.0, Input= -90.1, Error=   0.1, PIDTerms= 0.002/ 0.000/ 0.000/-0.000, Output= 0.002(-0.700/0.700), Volt=12.5(9.7)
GlobalTracer.printPidInfo_Info: [12.221] encoderXPidCtrl: Target=  -1.2, Input=  -1.4, Error=   0.2, PIDTerms= 0.032/ 0.000/ 0.000/-0.000, Output= 0.032(-0.700/0.700), Volt=12.6(9.7)
GlobalTracer.printPidInfo_Info: [12.221] encoderYPidCtrl: Target= -49.3, Input= -47.2, Error=  -2.0, PIDTerms=-0.034/ 0.000/ 0.000/-0.000, Output=-0.034(-0.600/0.600), Volt=12.6(9.7)
GlobalTracer.printPidInfo_Info: [12.221] gyroTurnPidCtrl: Target= -90.0, Input= -90.1, Error=   0.1, PIDTerms= 0.002/ 0.000/ 0.000/-0.000, Output= 0.002(-0.700/0.700), Volt=12.5(9.7)
GlobalTracer.printPidInfo_Info: [12.303] encoderXPidCtrl: Target=  -1.2, Input=  -1.4, Error=   0.2, PIDTerms= 0.032/ 0.000/ 0.000/-0.000, Output= 0.032(-0.700/0.700), Volt=12.5(9.7)
GlobalTracer.printPidInfo_Info: [12.303] encoderYPidCtrl: Target= -49.3, Input= -47.2, Error=  -2.0, PIDTerms=-0.034/ 0.000/ 0.000/-0.000, Output=-0.034(-0.600/0.600), Volt=12.5(9.7)
GlobalTracer.printPidInfo_Info: [12.303] gyroTurnPidCtrl: Target= -90.0, Input= -90.1, Error=   0.1, PIDTerms= 0.002/ 0.000/ 0.000/-0.000, Output= 0.002(-0.700/0.700), Volt=12.5(9.7)
GlobalTracer.printPidInfo_Info: [12.372] encoderXPidCtrl: Target=  -1.2, Input=  -1.4, Error=   0.2, PIDTerms= 0.032/ 0.000/ 0.000/-0.000, Output= 0.032(-0.700/0.700), Volt=12.5(9.7)
GlobalTracer.printPidInfo_Info: [12.372] encoderYPidCtrl: Target= -49.3, Input= -47.2, Error=  -2.0, PIDTerms=-0.034/ 0.000/ 0.000/-0.000, Output=-0.034(-0.600/0.600), Volt=12.5(9.7)
GlobalTracer.printPidInfo_Info: [12.372] gyroTurnPidCtrl: Target= -90.0, Input= -90.1, Error=   0.1, PIDTerms= 0.002/ 0.000/ 0.000/-0.000, Output= 0.002(-0.700/0.700), Volt=12.5(9.7)
GlobalTracer.printPidInfo_Info: [12.448] encoderXPidCtrl: Target=  -1.2, Input=  -1.4, Error=   0.2, PIDTerms= 0.032/ 0.000/ 0.000/-0.000, Output= 0.032(-0.700/0.700), Volt=12.5(9.7)
GlobalTracer.printPidInfo_Info: [12.448] encoderYPidCtrl: Target= -49.3, Input= -47.2, Error=  -2.0, PIDTerms=-0.034/ 0.000/ 0.000/-0.000, Output=-0.034(-0.600/0.600), Volt=12.5(9.7)
GlobalTracer.printPidInfo_Info: [12.448] gyroTurnPidCtrl: Target= -90.0, Input= -90.1, Error=   0.1, PIDTerms= 0.002/ 0.000/ 0.000/-0.000, Output= 0.002(-0.700/0.700), Volt=12.6(9.7)
GlobalTracer.printPidInfo_Info: [12.513] encoderXPidCtrl: Target=  -1.2, Input=  -1.4, Error=   0.2, PIDTerms= 0.032/ 0.000/ 0.000/-0.000, Output= 0.032(-0.700/0.700), Volt=12.5(9.7)
GlobalTracer.printPidInfo_Info: [12.513] encoderYPidCtrl: Target= -49.3, Input= -47.2, Error=  -2.0, PIDTerms=-0.034/ 0.000/ 0.000/-0.000, Output=-0.034(-0.600/0.600), Volt=12.5(9.7)
GlobalTracer.printPidInfo_Info: [12.513] gyroTurnPidCtrl: Target= -90.0, Input= -90.1, Error=   0.1, PIDTerms= 0.002/ 0.000/ 0.000/-0.000, Output= 0.002(-0.700/0.700), Volt=12.5(9.7)
GlobalTracer.printPidInfo_Info: [12.594] encoderXPidCtrl: Target=  -1.2, Input=  -1.4, Error=   0.2, PIDTerms= 0.032/ 0.000/ 0.000/-0.000, Output= 0.032(-0.700/0.700), Volt=12.4(9.7)
GlobalTracer.printPidInfo_Info: [12.594] encoderYPidCtrl: Target= -49.3, Input= -47.2, Error=  -2.0, PIDTerms=-0.034/ 0.000/ 0.000/-0.000, Output=-0.034(-0.600/0.600), Volt=12.4(9.7)
GlobalTracer.printPidInfo_Info: [12.594] gyroTurnPidCtrl: Target= -90.0, Input= -90.1, Error=   0.1, PIDTerms= 0.002/ 0.000/ 0.000/-0.000, Output= 0.002(-0.700/0.700), Volt=12.4(9.7)
GlobalTracer.printPidInfo_Info: [12.658] encoderXPidCtrl: Target=  -1.2, Input=  -1.4, Error=   0.2, PIDTerms= 0.032/ 0.000/ 0.000/-0.000, Output= 0.032(-0.700/0.700), Volt=12.5(9.7)
GlobalTracer.printPidInfo_Info: [12.658] encoderYPidCtrl: Target= -49.3, Input= -47.2, Error=  -2.0, PIDTerms=-0.034/ 0.000/ 0.000/-0.000, Output=-0.034(-0.600/0.600), Volt=12.5(9.7)
GlobalTracer.printPidInfo_Info: [12.658] gyroTurnPidCtrl: Target= -90.0, Input= -90.1, Error=   0.1, PIDTerms= 0.002/ 0.000/ 0.000/-0.000, Output= 0.002(-0.700/0.700), Volt=12.5(9.7)
GlobalTracer.printPidInfo_Info: [12.734] encoderXPidCtrl: Target=  -1.2, Input=  -1.4, Error=   0.2, PIDTerms= 0.032/ 0.000/ 0.000/-0.000, Output= 0.032(-0.700/0.700), Volt=12.5(9.7)
GlobalTracer.printPidInfo_Info: [12.734] encoderYPidCtrl: Target= -49.3, Input= -47.2, Error=  -2.0, PIDTerms=-0.034/ 0.000/ 0.000/-0.000, Output=-0.034(-0.600/0.600), Volt=12.5(9.7)
GlobalTracer.printPidInfo_Info: [12.734] gyroTurnPidCtrl: Target= -90.0, Input= -90.1, Error=   0.1, PIDTerms= 0.002/ 0.000/ 0.000/-0.000, Output= 0.002(-0.700/0.700), Volt=12.5(9.7)
GlobalTracer.printPidInfo_Info: [12.799] encoderXPidCtrl: Target=  -1.2, Input=  -1.4, Error=   0.2, PIDTerms= 0.032/ 0.000/ 0.000/-0.000, Output= 0.032(-0.700/0.700), Volt=12.5(9.7)
GlobalTracer.printPidInfo_Info: [12.799] encoderYPidCtrl: Target= -49.3, Input= -47.2, Error=  -2.0, PIDTerms=-0.034/ 0.000/ 0.000/-0.000, Output=-0.034(-0.600/0.600), Volt=12.5(9.7)
GlobalTracer.printPidInfo_Info: [12.799] gyroTurnPidCtrl: Target= -90.0, Input= -90.1, Error=   0.1, PIDTerms= 0.002/ 0.000/ 0.000/-0.000, Output= 0.002(-0.700/0.700), Volt=12.5(9.7)
GlobalTracer.startCompetition_Warn: AUTO_MODE takes too long (0.122s)

GlobalTracer.printPidInfo_Info: [12.924] encoderXPidCtrl: Target=  -1.2, Input=  -1.4, Error=   0.2, PIDTerms= 0.032/ 0.000/ 0.000/-0.000, Output= 0.032(-0.700/0.700), Volt=12.5(9.7)
GlobalTracer.printPidInfo_Info: [12.924] encoderYPidCtrl: Target= -49.3, Input= -47.2, Error=  -2.0, PIDTerms=-0.034/ 0.000/ 0.000/-0.000, Output=-0.034(-0.600/0.600), Volt=12.5(9.7)
GlobalTracer.printPidInfo_Info: [12.924] gyroTurnPidCtrl: Target= -90.0, Input= -90.1, Error=   0.1, PIDTerms= 0.002/ 0.000/ 0.000/-0.000, Output= 0.002(-0.700/0.700), Volt=12.5(9.7)
GlobalTracer.startCompetition_Warn: AUTO_MODE takes too long (0.127s)

GlobalTracer.printPidInfo_Info: [13.054] encoderXPidCtrl: Target=  -1.2, Input=  -1.4, Error=   0.2, PIDTerms= 0.032/ 0.000/ 0.000/-0.000, Output= 0.032(-0.700/0.700), Volt=12.5(9.7)
GlobalTracer.printPidInfo_Info: [13.054] encoderYPidCtrl: Target= -49.3, Input= -47.2, Error=  -2.0, PIDTerms=-0.034/ 0.000/ 0.000/-0.000, Output=-0.034(-0.600/0.600), Volt=12.5(9.7)
GlobalTracer.printPidInfo_Info: [13.054] gyroTurnPidCtrl: Target= -90.0, Input= -90.1, Error=   0.1, PIDTerms= 0.002/ 0.000/ 0.000/-0.000, Output= 0.002(-0.700/0.700), Volt=12.5(9.7)
GlobalTracer.startCompetition_Warn: AUTO_MODE takes too long (0.134s)

GlobalTracer.printPidInfo_Info: [13.189] encoderXPidCtrl: Target=  -1.2, Input=  -1.4, Error=   0.2, PIDTerms= 0.032/ 0.000/ 0.000/-0.000, Output= 0.032(-0.700/0.700), Volt=12.5(9.7)
GlobalTracer.printPidInfo_Info: [13.189] encoderYPidCtrl: Target= -49.3, Input= -47.2, Error=  -2.0, PIDTerms=-0.034/ 0.000/ 0.000/-0.000, Output=-0.034(-0.600/0.600), Volt=12.5(9.7)
GlobalTracer.printPidInfo_Info: [13.189] gyroTurnPidCtrl: Target= -90.0, Input= -90.1, Error=   0.1, PIDTerms= 0.002/ 0.000/ 0.000/-0.000, Output= 0.002(-0.700/0.700), Volt=12.5(9.7)
GlobalTracer.startCompetition_Warn: AUTO_MODE takes too long (0.123s)

GlobalTracer.printPidInfo_Info: [13.316] encoderXPidCtrl: Target=  -1.2, Input=  -1.4, Error=   0.2, PIDTerms= 0.032/ 0.000/ 0.000/-0.000, Output= 0.032(-0.700/0.700), Volt=12.5(9.7)
GlobalTracer.printPidInfo_Info: [13.316] encoderYPidCtrl: Target= -49.3, Input= -47.2, Error=  -2.0, PIDTerms=-0.034/ 0.000/ 0.000/-0.000, Output=-0.034(-0.600/0.600), Volt=12.5(9.7)
GlobalTracer.printPidInfo_Info: [13.316] gyroTurnPidCtrl: Target= -90.0, Input= -90.1, Error=   0.1, PIDTerms= 0.002/ 0.000/ 0.000/-0.000, Output= 0.002(-0.700/0.700), Volt=12.5(9.7)
GlobalTracer.startCompetition_Warn: AUTO_MODE takes too long (0.128s)

GlobalTracer.printPidInfo_Info: [13.447] encoderXPidCtrl: Target=  -1.2, Input=  -1.4, Error=   0.2, PIDTerms= 0.032/ 0.000/ 0.000/-0.000, Output= 0.032(-0.700/0.700), Volt=12.5(9.7)
GlobalTracer.printPidInfo_Info: [13.447] encoderYPidCtrl: Target= -49.3, Input= -47.2, Error=  -2.0, PIDTerms=-0.034/ 0.000/ 0.000/-0.000, Output=-0.034(-0.600/0.600), Volt=12.6(9.7)
GlobalTracer.printPidInfo_Info: [13.447] gyroTurnPidCtrl: Target= -90.0, Input= -90.1, Error=   0.1, PIDTerms= 0.002/ 0.000/ 0.000/-0.000, Output= 0.002(-0.700/0.700), Volt=12.6(9.7)
GlobalTracer.startCompetition_Warn: AUTO_MODE takes too long (0.123s)

GlobalTracer.printPidInfo_Info: [13.571] encoderXPidCtrl: Target=  -1.2, Input=  -1.4, Error=   0.2, PIDTerms= 0.032/ 0.000/ 0.000/-0.000, Output= 0.032(-0.700/0.700), Volt=12.5(9.7)
GlobalTracer.printPidInfo_Info: [13.571] encoderYPidCtrl: Target= -49.3, Input= -47.2, Error=  -2.0, PIDTerms=-0.034/ 0.000/ 0.000/-0.000, Output=-0.034(-0.600/0.600), Volt=12.5(9.7)
GlobalTracer.printPidInfo_Info: [13.571] gyroTurnPidCtrl: Target= -90.0, Input= -90.1, Error=   0.1, PIDTerms= 0.002/ 0.000/ 0.000/-0.000, Output= 0.002(-0.700/0.700), Volt=12.5(9.7)
GlobalTracer.printPidInfo_Info: [13.642] encoderXPidCtrl: Target=  -1.2, Input=  -1.4, Error=   0.2, PIDTerms= 0.032/ 0.000/ 0.000/-0.000, Output= 0.032(-0.700/0.700), Volt=12.5(9.7)
GlobalTracer.printPidInfo_Info: [13.642] encoderYPidCtrl: Target= -49.3, Input= -47.2, Error=  -2.0, PIDTerms=-0.034/ 0.000/ 0.000/-0.000, Output=-0.034(-0.600/0.600), Volt=12.5(9.7)
GlobalTracer.printPidInfo_Info: [13.642] gyroTurnPidCtrl: Target= -90.0, Input= -90.1, Error=   0.1, PIDTerms= 0.003/ 0.000/ 0.000/-0.000, Output= 0.003(-0.700/0.700), Volt=12.5(9.7)
GlobalTracer.startCompetition_Warn: AUTO_MODE takes too long (0.105s)

GlobalTracer.printPidInfo_Info: [13.752] encoderXPidCtrl: Target=  -1.2, Input=  -1.4, Error=   0.2, PIDTerms= 0.032/ 0.000/ 0.000/-0.000, Output= 0.032(-0.700/0.700), Volt=12.5(9.7)
GlobalTracer.printPidInfo_Info: [13.752] encoderYPidCtrl: Target= -49.3, Input= -47.2, Error=  -2.0, PIDTerms=-0.034/ 0.000/ 0.000/-0.000, Output=-0.034(-0.600/0.600), Volt=12.5(9.7)
GlobalTracer.printPidInfo_Info: [13.752] gyroTurnPidCtrl: Target= -90.0, Input= -90.1, Error=   0.1, PIDTerms= 0.003/ 0.000/ 0.000/-0.000, Output= 0.003(-0.700/0.700), Volt=12.5(9.7)
GlobalTracer.startCompetition_Warn: AUTO_MODE takes too long (0.115s)

GlobalTracer.printPidInfo_Info: [13.870] encoderXPidCtrl: Target=  -1.2, Input=  -1.4, Error=   0.2, PIDTerms= 0.032/ 0.000/ 0.000/-0.000, Output= 0.032(-0.700/0.700), Volt=12.5(9.7)
GlobalTracer.printPidInfo_Info: [13.870] encoderYPidCtrl: Target= -49.3, Input= -47.2, Error=  -2.0, PIDTerms=-0.034/ 0.000/ 0.000/-0.000, Output=-0.034(-0.600/0.600), Volt=12.5(9.7)
GlobalTracer.printPidInfo_Info: [13.870] gyroTurnPidCtrl: Target= -90.0, Input= -90.1, Error=   0.1, PIDTerms= 0.003/ 0.000/ 0.000/-0.000, Output= 0.003(-0.700/0.700), Volt=12.5(9.7)
GlobalTracer.printPidInfo_Info: [13.950] encoderXPidCtrl: Target=  -1.2, Input=  -1.4, Error=   0.2, PIDTerms= 0.032/ 0.000/ 0.000/-0.000, Output= 0.032(-0.700/0.700), Volt=12.5(9.7)
GlobalTracer.printPidInfo_Info: [13.950] encoderYPidCtrl: Target= -49.3, Input= -47.2, Error=  -2.0, PIDTerms=-0.034/ 0.000/ 0.000/-0.000, Output=-0.034(-0.600/0.600), Volt=12.5(9.7)
GlobalTracer.printPidInfo_Info: [13.950] gyroTurnPidCtrl: Target= -90.0, Input= -90.1, Error=   0.1, PIDTerms= 0.003/ 0.000/ 0.000/-0.000, Output= 0.003(-0.700/0.700), Volt=12.5(9.7)
GlobalTracer.printPidInfo_Info: [14.016] encoderXPidCtrl: Target=  -1.2, Input=  -1.4, Error=   0.2, PIDTerms= 0.032/ 0.000/ 0.000/-0.000, Output= 0.032(-0.700/0.700), Volt=12.5(9.7)
GlobalTracer.printPidInfo_Info: [14.016] encoderYPidCtrl: Target= -49.3, Input= -47.2, Error=  -2.0, PIDTerms=-0.034/ 0.000/ 0.000/-0.000, Output=-0.034(-0.600/0.600), Volt=12.5(9.7)
GlobalTracer.printPidInfo_Info: [14.016] gyroTurnPidCtrl: Target= -90.0, Input= -90.1, Error=   0.1, PIDTerms= 0.003/ 0.000/ 0.000/-0.000, Output= 0.003(-0.700/0.700), Volt=12.5(9.7)
GlobalTracer.printPidInfo_Info: [14.101] encoderXPidCtrl: Target=  -1.2, Input=  -1.4, Error=   0.2, PIDTerms= 0.032/ 0.000/ 0.000/-0.000, Output= 0.032(-0.700/0.700), Volt=12.5(9.7)
GlobalTracer.printPidInfo_Info: [14.101] encoderYPidCtrl: Target= -49.3, Input= -47.2, Error=  -2.0, PIDTerms=-0.034/ 0.000/ 0.000/-0.000, Output=-0.034(-0.600/0.600), Volt=12.5(9.7)
GlobalTracer.printPidInfo_Info: [14.101] gyroTurnPidCtrl: Target= -90.0, Input= -90.1, Error=   0.1, PIDTerms= 0.003/ 0.000/ 0.000/-0.000, Output= 0.003(-0.700/0.700), Volt=12.5(9.7)
GlobalTracer.printPidInfo_Info: [14.168] encoderXPidCtrl: Target=  -1.2, Input=  -1.4, Error=   0.2, PIDTerms= 0.032/ 0.000/ 0.000/-0.000, Output= 0.032(-0.700/0.700), Volt=12.4(9.7)
GlobalTracer.printPidInfo_Info: [14.168] encoderYPidCtrl: Target= -49.3, Input= -47.2, Error=  -2.0, PIDTerms=-0.034/ 0.000/ 0.000/-0.000, Output=-0.034(-0.600/0.600), Volt=12.4(9.7)
GlobalTracer.printPidInfo_Info: [14.168] gyroTurnPidCtrl: Target= -90.0, Input= -90.1, Error=   0.1, PIDTerms= 0.003/ 0.000/ 0.000/-0.000, Output= 0.003(-0.700/0.700), Volt=12.4(9.7)
GlobalTracer.startCompetition_Warn: AUTO_MODE takes too long (0.107s)

GlobalTracer.printPidInfo_Info: [14.278] encoderXPidCtrl: Target=  -1.2, Input=  -1.4, Error=   0.2, PIDTerms= 0.032/ 0.000/ 0.000/-0.000, Output= 0.032(-0.700/0.700), Volt=12.5(9.7)
GlobalTracer.printPidInfo_Info: [14.278] encoderYPidCtrl: Target= -49.3, Input= -47.2, Error=  -2.0, PIDTerms=-0.034/ 0.000/ 0.000/-0.000, Output=-0.034(-0.600/0.600), Volt=12.6(9.7)
GlobalTracer.printPidInfo_Info: [14.278] gyroTurnPidCtrl: Target= -90.0, Input= -90.1, Error=   0.1, PIDTerms= 0.003/ 0.000/ 0.000/-0.000, Output= 0.003(-0.700/0.700), Volt=12.6(9.7)
GlobalTracer.startCompetition_Warn: AUTO_MODE takes too long (0.114s)

GlobalTracer.printPidInfo_Info: [14.394] encoderXPidCtrl: Target=  -1.2, Input=  -1.4, Error=   0.2, PIDTerms= 0.032/ 0.000/ 0.000/-0.000, Output= 0.032(-0.700/0.700), Volt=12.6(9.7)
GlobalTracer.printPidInfo_Info: [14.394] encoderYPidCtrl: Target= -49.3, Input= -47.2, Error=  -2.0, PIDTerms=-0.034/ 0.000/ 0.000/-0.000, Output=-0.034(-0.600/0.600), Volt=12.6(9.7)
GlobalTracer.printPidInfo_Info: [14.394] gyroTurnPidCtrl: Target= -90.0, Input= -90.2, Error=   0.2, PIDTerms= 0.003/ 0.000/ 0.000/-0.000, Output= 0.003(-0.700/0.700), Volt=12.6(9.7)
GlobalTracer.startCompetition_Warn: AUTO_MODE takes too long (0.120s)

GlobalTracer.printPidInfo_Info: [14.518] encoderXPidCtrl: Target=  -1.2, Input=  -1.4, Error=   0.2, PIDTerms= 0.032/ 0.000/ 0.000/-0.000, Output= 0.032(-0.700/0.700), Volt=12.5(9.7)
GlobalTracer.printPidInfo_Info: [14.518] encoderYPidCtrl: Target= -49.3, Input= -47.2, Error=  -2.0, PIDTerms=-0.034/ 0.000/ 0.000/-0.000, Output=-0.034(-0.600/0.600), Volt=12.5(9.7)
GlobalTracer.printPidInfo_Info: [14.518] gyroTurnPidCtrl: Target= -90.0, Input= -90.2, Error=   0.2, PIDTerms= 0.003/ 0.000/ 0.000/-0.000, Output= 0.003(-0.700/0.700), Volt=12.5(9.7)
GlobalTracer.startCompetition_Warn: AUTO_MODE takes too long (0.134s)

GlobalTracer.printPidInfo_Info: [14.654] encoderXPidCtrl: Target=  -1.2, Input=  -1.4, Error=   0.2, PIDTerms= 0.032/ 0.000/ 0.000/-0.000, Output= 0.032(-0.700/0.700), Volt=12.5(9.7)
GlobalTracer.printPidInfo_Info: [14.654] encoderYPidCtrl: Target= -49.3, Input= -47.2, Error=  -2.0, PIDTerms=-0.034/ 0.000/ 0.000/-0.000, Output=-0.034(-0.600/0.600), Volt=12.5(9.7)
GlobalTracer.printPidInfo_Info: [14.654] gyroTurnPidCtrl: Target= -90.0, Input= -90.2, Error=   0.2, PIDTerms= 0.003/ 0.000/ 0.000/-0.000, Output= 0.003(-0.700/0.700), Volt=12.5(9.7)
GlobalTracer.startCompetition_Warn: AUTO_MODE takes too long (0.136s)

GlobalTracer.printPidInfo_Info: [14.793] encoderXPidCtrl: Target=  -1.2, Input=  -1.4, Error=   0.2, PIDTerms= 0.032/ 0.000/ 0.000/-0.000, Output= 0.032(-0.700/0.700), Volt=12.5(9.7)
GlobalTracer.printPidInfo_Info: [14.793] encoderYPidCtrl: Target= -49.3, Input= -47.2, Error=  -2.0, PIDTerms=-0.034/ 0.000/ 0.000/-0.000, Output=-0.034(-0.600/0.600), Volt=12.5(9.7)
GlobalTracer.printPidInfo_Info: [14.793] gyroTurnPidCtrl: Target= -90.0, Input= -90.2, Error=   0.2, PIDTerms= 0.003/ 0.000/ 0.000/-0.000, Output= 0.003(-0.700/0.700), Volt=12.5(9.7)
GlobalTracer.startCompetition_Warn: AUTO_MODE takes too long (0.105s)

GlobalTracer.printPidInfo_Info: [14.901] encoderXPidCtrl: Target=  -1.2, Input=  -1.4, Error=   0.2, PIDTerms= 0.032/ 0.000/ 0.000/-0.000, Output= 0.032(-0.700/0.700), Volt=12.5(9.7)
GlobalTracer.printPidInfo_Info: [14.901] encoderYPidCtrl: Target= -49.3, Input= -47.2, Error=  -2.0, PIDTerms=-0.034/ 0.000/ 0.000/-0.000, Output=-0.034(-0.600/0.600), Volt=12.5(9.7)
GlobalTracer.printPidInfo_Info: [14.901] gyroTurnPidCtrl: Target= -90.0, Input= -90.2, Error=   0.2, PIDTerms= 0.003/ 0.000/ 0.000/-0.000, Output= 0.003(-0.700/0.700), Volt=12.5(9.7)
GlobalTracer.printPidInfo_Info: [14.983] encoderXPidCtrl: Target=  -1.2, Input=  -1.4, Error=   0.2, PIDTerms= 0.032/ 0.000/ 0.000/-0.000, Output= 0.032(-0.700/0.700), Volt=12.5(9.7)
GlobalTracer.printPidInfo_Info: [14.983] encoderYPidCtrl: Target= -49.3, Input= -47.2, Error=  -2.0, PIDTerms=-0.034/ 0.000/ 0.000/-0.000, Output=-0.034(-0.600/0.600), Volt=12.5(9.7)
GlobalTracer.printPidInfo_Info: [14.983] gyroTurnPidCtrl: Target= -90.0, Input= -90.2, Error=   0.2, PIDTerms= 0.003/ 0.000/ 0.000/-0.000, Output= 0.003(-0.700/0.700), Volt=12.5(9.7)
GlobalTracer.printPidInfo_Info: [15.062] encoderXPidCtrl: Target=  -1.2, Input=  -1.4, Error=   0.2, PIDTerms= 0.032/ 0.000/ 0.000/-0.000, Output= 0.032(-0.700/0.700), Volt=12.6(9.7)
GlobalTracer.printPidInfo_Info: [15.062] encoderYPidCtrl: Target= -49.3, Input= -47.2, Error=  -2.0, PIDTerms=-0.034/ 0.000/ 0.000/-0.000, Output=-0.034(-0.600/0.600), Volt=12.6(9.7)
GlobalTracer.printPidInfo_Info: [15.062] gyroTurnPidCtrl: Target= -90.0, Input= -90.2, Error=   0.2, PIDTerms= 0.003/ 0.000/ 0.000/-0.000, Output= 0.003(-0.700/0.700), Volt=12.6(9.7)
GlobalTracer.printPidInfo_Info: [15.145] encoderXPidCtrl: Target=  -1.2, Input=  -1.4, Error=   0.2, PIDTerms= 0.032/ 0.000/ 0.000/-0.000, Output= 0.032(-0.700/0.700), Volt=12.6(9.7)
GlobalTracer.printPidInfo_Info: [15.145] encoderYPidCtrl: Target= -49.3, Input= -47.2, Error=  -2.0, PIDTerms=-0.034/ 0.000/ 0.000/-0.000, Output=-0.034(-0.600/0.600), Volt=12.6(9.7)
GlobalTracer.printPidInfo_Info: [15.145] gyroTurnPidCtrl: Target= -90.0, Input= -90.2, Error=   0.2, PIDTerms= 0.003/ 0.000/ 0.000/-0.000, Output= 0.003(-0.700/0.700), Volt=12.6(9.7)
GlobalTracer.printPidInfo_Info: [15.205] encoderXPidCtrl: Target=  -1.2, Input=  -1.4, Error=   0.2, PIDTerms= 0.032/ 0.000/ 0.000/-0.000, Output= 0.032(-0.700/0.700), Volt=12.6(9.7)
GlobalTracer.printPidInfo_Info: [15.205] encoderYPidCtrl: Target= -49.3, Input= -47.2, Error=  -2.0, PIDTerms=-0.034/ 0.000/ 0.000/-0.000, Output=-0.034(-0.600/0.600), Volt=12.5(9.7)
GlobalTracer.printPidInfo_Info: [15.205] gyroTurnPidCtrl: Target= -90.0, Input= -90.2, Error=   0.2, PIDTerms= 0.003/ 0.000/ 0.000/-0.000, Output= 0.003(-0.700/0.700), Volt=12.5(9.7)
GlobalTracer.printPidInfo_Info: [15.287] encoderXPidCtrl: Target=  -1.2, Input=  -1.4, Error=   0.2, PIDTerms= 0.032/ 0.000/ 0.000/-0.000, Output= 0.032(-0.700/0.700), Volt=12.5(9.7)
GlobalTracer.printPidInfo_Info: [15.287] encoderYPidCtrl: Target= -49.3, Input= -47.2, Error=  -2.0, PIDTerms=-0.034/ 0.000/ 0.000/-0.000, Output=-0.034(-0.600/0.600), Volt=12.6(9.7)
GlobalTracer.printPidInfo_Info: [15.287] gyroTurnPidCtrl: Target= -90.0, Input= -90.2, Error=   0.2, PIDTerms= 0.003/ 0.000/ 0.000/-0.000, Output= 0.003(-0.700/0.700), Volt=12.6(9.7)
GlobalTracer.Diagnostics_Info: ### Diagnostics: left sonar did not change enough and might be unplugged
GlobalTracer.Diagnostics_Info: ### Diagnostics: elevator lower limit switch never changed states / might be unplugged
GlobalTracer.Diagnostics_Info: ### Diagnostics: elevator did not move enough - encoder might be unplugged
GlobalTracer.Vision_Info: Pixy is disabled!
GlobalTracer.Robot_Info: TotalEnergy=0.860
