GlobalTracer.FirstPowerUp_Info: Sat Mar 24 19:25:27 PDT 2018: ***** Starting autonomous *****
GlobalTracer.FirstPowerUp_Info: WASNO_Qualification_ 56 (Red1) [FMSConnected=true]
GlobalTracer.CmdAutoSwitch_Info: alliance=Red, gameSpecificMsg=LRL, delay=0.000, fwdDistance=60, startPosition=0.0, flipInFlight=false
GlobalTracer.Vision_Info: Pixy is enabled!
GlobalTracer.Robot_Info: [0.673]   DO_DELAY: xPos=  0.00,yPos=  0.00,heading=   0.0/   0.0,volts=12.7(12.3)
GlobalTracer.PowerUse_Info: Battery - currVoltage: 12.70, lowestVoltage: 12.30
GlobalTracer.PowerUse_Info: Power: pdpTotalCurrent: 0.00 elev: 0.13 winch: 0.00, pickup: 0.00, total: 0.00
GlobalTracer.startCompetition_Warn: AUTO_MODE takes too long (0.794s)

GlobalTracer.Robot_Info: [0.787] DRIVE_DIAGONAL_TO_SWITCH: xPos=  0.00,yPos=  0.00,heading=   0.0/ -30.0,volts=12.7(12.3)
GlobalTracer.printPidInfo_Info: [0.787] encoderXPidCtrl: Target=   0.0, Input=   0.0, Error=   0.0, PIDTerms= 0.000/ 0.000/ 0.000/ 0.000, Output= 0.000(-0.700/0.700), Volt=12.7(12.3)
GlobalTracer.printPidInfo_Info: [0.787] encoderYPidCtrl: Target= 121.2, Input=   0.0, Error= 121.2, PIDTerms= 0.000/ 0.000/ 0.000/ 0.000, Output= 0.000(-0.600/0.600), Volt=12.7(12.3)
GlobalTracer.printPidInfo_Info: [0.787] gyroTurnPidCtrl: Target= -30.0, Input=   0.0, Error= -30.0, PIDTerms= 0.000/ 0.000/ 0.000/ 0.000, Output= 0.000(-0.700/0.700), Volt=12.7(12.3)
GlobalTracer.printPidInfo_Info: [0.787] elevatorPidController: Target=  34.8, Input=   0.0, Error=  26.8, PIDTerms= 0.000/ 0.000/ 0.000/ 0.000, Output= 0.000(-1.000/1.000), Volt=12.7(12.3)
GlobalTracer.PowerUse_Info: Battery - currVoltage: 12.70, lowestVoltage: 12.30
GlobalTracer.PowerUse_Info: Power: pdpTotalCurrent: 0.00 elev: 0.13 winch: 0.00, pickup: 0.00, total: 0.00
GlobalTracer.printPidInfo_Info: [0.887] encoderXPidCtrl: Target=   0.0, Input=   0.0, Error=   0.0, PIDTerms= 0.000/ 0.000/ 0.000/ 0.000, Output= 0.000(-0.700/0.700), Volt=9.6(9.6)
GlobalTracer.printPidInfo_Info: [0.887] encoderYPidCtrl: Target= 121.2, Input=   0.0, Error= 121.2, PIDTerms= 2.061/ 0.000/ 0.000/ 0.000, Output= 0.600(-0.600/0.600), Volt=9.0(9.6)
GlobalTracer.printPidInfo_Info: [0.887] gyroTurnPidCtrl: Target= -30.0, Input=   0.0, Error= -30.0, PIDTerms=-0.540/ 0.000/ 0.000/-0.000, Output=-0.540(-0.700/0.700), Volt=9.0(9.6)
GlobalTracer.printPidInfo_Info: [0.887] elevatorPidController: Target=  34.8, Input=   8.0, Error=  26.8, PIDTerms= 5.356/ 0.001/ 0.000/ 0.000, Output= 1.000(-1.000/1.000), Volt=9.0(9.6)
GlobalTracer.PowerUse_Info: Battery - currVoltage: 9.10, lowestVoltage: 9.55
GlobalTracer.PowerUse_Info: Power: pdpTotalCurrent: 169.88 elev: 38.63 winch: 0.00, pickup: 0.00, total: 0.00
GlobalTracer.startCompetition_Warn: AUTO_MODE takes too long (0.121s)

GlobalTracer.printPidInfo_Info: [1.012] encoderXPidCtrl: Target=   0.0, Input=   0.1, Error=  -0.1, PIDTerms=-0.012/ 0.000/-0.010/ 0.000, Output=-0.022(-0.700/0.700), Volt=9.9(9.6)
GlobalTracer.printPidInfo_Info: [1.012] encoderYPidCtrl: Target= 121.2, Input=   0.1, Error= 121.1, PIDTerms= 2.059/ 0.000/-0.001/ 0.000, Output= 0.600(-0.600/0.600), Volt=9.9(9.6)
GlobalTracer.printPidInfo_Info: [1.012] gyroTurnPidCtrl: Target= -30.0, Input=  -0.0, Error= -30.0, PIDTerms=-0.540/ 0.000/ 0.000/-0.000, Output=-0.539(-0.700/0.700), Volt=9.7(9.6)
GlobalTracer.printPidInfo_Info: [1.012] elevatorPidController: Target=  34.8, Input=  10.6, Error=  24.2, PIDTerms= 4.836/ 0.004/-0.000/ 0.000, Output= 1.000(-1.000/1.000), Volt=9.7(9.6)
GlobalTracer.PowerUse_Info: Battery - currVoltage: 9.65, lowestVoltage: 9.55
GlobalTracer.PowerUse_Info: Power: pdpTotalCurrent: 132.00 elev: 35.88 winch: 0.00, pickup: 0.00, total: 0.05
GlobalTracer.startCompetition_Warn: AUTO_MODE takes too long (0.118s)

GlobalTracer.printPidInfo_Info: [1.132] encoderXPidCtrl: Target=   0.0, Input=   1.0, Error=  -1.0, PIDTerms=-0.157/ 0.000/-0.120/ 0.000, Output=-0.278(-0.700/0.700), Volt=10.1(9.6)
GlobalTracer.printPidInfo_Info: [1.132] encoderYPidCtrl: Target= 121.2, Input=   1.4, Error= 119.8, PIDTerms= 2.037/ 0.000/-0.011/ 0.000, Output= 0.600(-0.600/0.600), Volt=10.1(9.6)
GlobalTracer.printPidInfo_Info: [1.132] gyroTurnPidCtrl: Target= -30.0, Input=  -4.6, Error= -25.4, PIDTerms=-0.458/ 0.000/ 0.060/-0.000, Output=-0.397(-0.700/0.700), Volt=10.1(9.6)
GlobalTracer.printPidInfo_Info: [1.132] elevatorPidController: Target=  34.8, Input=   9.9, Error=  24.9, PIDTerms= 4.972/ 0.007/ 0.000/ 0.000, Output= 1.000(-1.000/1.000), Volt=10.0(9.6)
GlobalTracer.PowerUse_Info: Battery - currVoltage: 9.95, lowestVoltage: 9.55
GlobalTracer.PowerUse_Info: Power: pdpTotalCurrent: 109.38 elev: 53.88 winch: 0.00, pickup: 0.00, total: 0.09
GlobalTracer.startCompetition_Warn: AUTO_MODE takes too long (0.164s)

GlobalTracer.printPidInfo_Info: [1.296] encoderXPidCtrl: Target=   0.0, Input=   2.1, Error=  -2.1, PIDTerms=-0.308/ 0.000/-0.096/ 0.000, Output=-0.404(-0.700/0.700), Volt=10.4(9.6)
GlobalTracer.printPidInfo_Info: [1.296] encoderYPidCtrl: Target= 121.2, Input=   3.2, Error= 118.0, PIDTerms= 2.007/ 0.000/-0.011/ 0.000, Output= 0.600(-0.600/0.600), Volt=10.3(9.6)
GlobalTracer.printPidInfo_Info: [1.296] gyroTurnPidCtrl: Target= -30.0, Input= -14.2, Error= -15.8, PIDTerms=-0.285/ 0.000/ 0.098/-0.000, Output=-0.187(-0.700/0.700), Volt=10.3(9.6)
GlobalTracer.printPidInfo_Info: [1.296] elevatorPidController: Target=  34.8, Input=  14.6, Error=  20.1, PIDTerms= 4.023/ 0.010/-0.000/ 0.000, Output= 1.000(-1.000/1.000), Volt=10.3(9.6)
GlobalTracer.PowerUse_Info: Battery - currVoltage: 10.30, lowestVoltage: 9.55
GlobalTracer.PowerUse_Info: Power: pdpTotalCurrent: 96.50 elev: 24.75 winch: 0.00, pickup: 0.00, total: 0.14
GlobalTracer.startCompetition_Warn: AUTO_MODE takes too long (0.148s)

GlobalTracer.printPidInfo_Info: [1.447] encoderXPidCtrl: Target=   0.0, Input=   3.6, Error=  -3.6, PIDTerms=-0.534/ 0.000/-0.139/ 0.000, Output=-0.672(-0.700/0.700), Volt=10.1(9.6)
GlobalTracer.printPidInfo_Info: [1.447] encoderYPidCtrl: Target= 121.2, Input=   6.9, Error= 114.3, PIDTerms= 1.944/ 0.000/-0.022/ 0.000, Output= 0.600(-0.600/0.600), Volt=10.1(9.6)
GlobalTracer.printPidInfo_Info: [1.447] gyroTurnPidCtrl: Target= -30.0, Input= -26.2, Error=  -3.8, PIDTerms=-0.069/ 0.000/ 0.116/-0.000, Output= 0.047(-0.700/0.700), Volt=10.0(9.6)
GlobalTracer.printPidInfo_Info: [1.447] elevatorPidController: Target=  34.8, Input=  21.3, Error=  13.4, PIDTerms= 2.683/ 0.012/-0.000/ 0.000, Output= 1.000(-1.000/1.000), Volt=10.0(9.6)
GlobalTracer.PowerUse_Info: Battery - currVoltage: 9.95, lowestVoltage: 9.55
GlobalTracer.PowerUse_Info: Power: pdpTotalCurrent: 105.00 elev: 20.75 winch: 0.00, pickup: 0.00, total: 0.18
GlobalTracer.startCompetition_Warn: AUTO_MODE takes too long (0.164s)

GlobalTracer.printPidInfo_Info: [1.617] encoderXPidCtrl: Target=   0.0, Input=   4.2, Error=  -4.2, PIDTerms=-0.636/ 0.000/-0.064/ 0.000, Output=-0.699(-0.700/0.700), Volt=10.0(9.6)
GlobalTracer.printPidInfo_Info: [1.617] encoderYPidCtrl: Target= 121.2, Input=  10.7, Error= 110.5, PIDTerms= 1.879/ 0.000/-0.024/ 0.000, Output= 0.600(-0.600/0.600), Volt=10.0(9.6)
GlobalTracer.printPidInfo_Info: [1.617] gyroTurnPidCtrl: Target= -30.0, Input= -34.1, Error=   4.1, PIDTerms= 0.073/ 0.000/ 0.080/-0.000, Output= 0.153(-0.700/0.700), Volt=10.0(9.6)
GlobalTracer.printPidInfo_Info: [1.617] elevatorPidController: Target=  34.8, Input=  27.3, Error=   7.4, PIDTerms= 1.483/ 0.013/-0.000/ 0.000, Output= 1.000(-1.000/1.000), Volt=10.0(9.6)
GlobalTracer.PowerUse_Info: Battery - currVoltage: 10.25, lowestVoltage: 9.55
GlobalTracer.PowerUse_Info: Power: pdpTotalCurrent: 108.00 elev: 29.25 winch: 0.00, pickup: 0.00, total: 0.24
GlobalTracer.startCompetition_Warn: AUTO_MODE takes too long (0.204s)

GlobalTracer.printPidInfo_Info: [1.821] encoderXPidCtrl: Target=   0.0, Input=   4.7, Error=  -4.7, PIDTerms=-0.705/ 0.000/-0.040/ 0.000, Output=-0.700(-0.700/0.700), Volt=11.0(9.6)
GlobalTracer.printPidInfo_Info: [1.821] encoderYPidCtrl: Target= 121.2, Input=  17.8, Error= 103.4, PIDTerms= 1.758/ 0.000/-0.041/ 0.000, Output= 0.600(-0.600/0.600), Volt=11.0(9.6)
GlobalTracer.printPidInfo_Info: [1.821] gyroTurnPidCtrl: Target= -30.0, Input= -37.0, Error=   7.0, PIDTerms= 0.127/ 0.000/ 0.028/-0.000, Output= 0.155(-0.700/0.700), Volt=11.0(9.6)
GlobalTracer.printPidInfo_Info: [1.821] elevatorPidController: Target=  34.8, Input=  34.2, Error=   0.6, PIDTerms= 0.111/ 0.013/-0.000/ 0.000, Output= 0.125(-1.000/1.000), Volt=10.8(9.6)
GlobalTracer.PowerUse_Info: Battery - currVoltage: 10.75, lowestVoltage: 9.55
GlobalTracer.PowerUse_Info: Power: pdpTotalCurrent: 74.50 elev: 0.38 winch: 0.00, pickup: 0.00, total: 0.30
GlobalTracer.startCompetition_Warn: AUTO_MODE takes too long (0.149s)

GlobalTracer.printPidInfo_Info: [1.971] encoderXPidCtrl: Target=   0.0, Input=   4.9, Error=  -4.9, PIDTerms=-0.731/ 0.000/-0.012/ 0.000, Output=-0.700(-0.700/0.700), Volt=10.4(9.6)
GlobalTracer.printPidInfo_Info: [1.971] encoderYPidCtrl: Target= 121.2, Input=  27.5, Error=  93.7, PIDTerms= 1.593/ 0.000/-0.047/ 0.000, Output= 0.600(-0.600/0.600), Volt=10.4(9.6)
GlobalTracer.printPidInfo_Info: [1.971] gyroTurnPidCtrl: Target= -30.0, Input= -31.7, Error=   1.7, PIDTerms= 0.030/ 0.000/-0.041/-0.000, Output=-0.011(-0.700/0.700), Volt=10.4(9.6)
GlobalTracer.printPidInfo_Info: [1.971] elevatorPidController: Target=  34.8, Input=  36.0, Error=  -1.3, PIDTerms=-0.253/ 0.013/-0.000/ 0.000, Output=-0.240(-1.000/1.000), Volt=10.7(9.6)
GlobalTracer.PowerUse_Info: Battery - currVoltage: 10.65, lowestVoltage: 9.55
GlobalTracer.PowerUse_Info: Power: pdpTotalCurrent: 85.00 elev: 1.25 winch: 0.00, pickup: 0.00, total: 0.34
GlobalTracer.startCompetition_Warn: AUTO_MODE takes too long (0.134s)

GlobalTracer.printPidInfo_Info: [2.109] encoderXPidCtrl: Target=   0.0, Input=   4.6, Error=  -4.6, PIDTerms=-0.688/ 0.000/ 0.031/ 0.000, Output=-0.657(-0.700/0.700), Volt=10.9(9.6)
GlobalTracer.printPidInfo_Info: [2.109] encoderYPidCtrl: Target= 121.2, Input=  35.5, Error=  85.7, PIDTerms= 1.457/ 0.000/-0.057/ 0.000, Output= 0.600(-0.600/0.600), Volt=11.0(9.6)
GlobalTracer.printPidInfo_Info: [2.109] gyroTurnPidCtrl: Target= -30.0, Input= -26.5, Error=  -3.5, PIDTerms=-0.063/ 0.000/-0.060/-0.000, Output=-0.123(-0.700/0.700), Volt=11.0(9.6)
GlobalTracer.printPidInfo_Info: [2.109] elevatorPidController: Target=  34.8, Input=  34.6, Error=   0.1, PIDTerms= 0.028/ 0.013/ 0.000/ 0.000, Output= 0.041(-1.000/1.000), Volt=11.0(9.6)
GlobalTracer.PowerUse_Info: Battery - currVoltage: 10.95, lowestVoltage: 9.55
GlobalTracer.PowerUse_Info: Power: pdpTotalCurrent: 72.13 elev: 0.38 winch: 0.00, pickup: 0.00, total: 0.37
GlobalTracer.startCompetition_Warn: AUTO_MODE takes too long (0.100s)

GlobalTracer.printPidInfo_Info: [2.212] encoderXPidCtrl: Target=   0.0, Input=   3.8, Error=  -3.8, PIDTerms=-0.575/ 0.000/ 0.105/ 0.000, Output=-0.470(-0.700/0.700), Volt=11.1(9.6)
GlobalTracer.printPidInfo_Info: [2.212] encoderYPidCtrl: Target= 121.2, Input=  41.2, Error=  80.0, PIDTerms= 1.360/ 0.000/-0.053/ 0.000, Output= 0.600(-0.600/0.600), Volt=11.1(9.6)
GlobalTracer.printPidInfo_Info: [2.212] gyroTurnPidCtrl: Target= -30.0, Input= -23.3, Error=  -6.7, PIDTerms=-0.121/ 0.000/-0.047/-0.000, Output=-0.168(-0.700/0.700), Volt=11.1(9.6)
GlobalTracer.printPidInfo_Info: [2.212] elevatorPidController: Target=  34.8, Input=  33.9, Error=   0.9, PIDTerms= 0.173/ 0.013/ 0.000/ 0.000, Output= 0.186(-1.000/1.000), Volt=11.1(9.6)
GlobalTracer.PowerUse_Info: Battery - currVoltage: 11.15, lowestVoltage: 9.55
GlobalTracer.PowerUse_Info: Power: pdpTotalCurrent: 68.38 elev: 2.25 winch: 0.00, pickup: 0.00, total: 0.39
GlobalTracer.printPidInfo_Info: [2.310] encoderXPidCtrl: Target=   0.0, Input=   3.9, Error=  -3.9, PIDTerms=-0.585/ 0.000/-0.009/ 0.000, Output=-0.594(-0.700/0.700), Volt=11.1(9.6)
GlobalTracer.printPidInfo_Info: [2.310] encoderYPidCtrl: Target= 121.2, Input=  46.8, Error=  74.4, PIDTerms= 1.265/ 0.000/-0.053/ 0.000, Output= 0.600(-0.600/0.600), Volt=11.1(9.6)
GlobalTracer.printPidInfo_Info: [2.310] gyroTurnPidCtrl: Target= -30.0, Input= -23.9, Error=  -6.1, PIDTerms=-0.110/ 0.000/ 0.010/-0.000, Output=-0.100(-0.700/0.700), Volt=10.8(9.6)
GlobalTracer.printPidInfo_Info: [2.310] elevatorPidController: Target=  34.8, Input=  33.9, Error=   0.8, PIDTerms= 0.160/ 0.013/-0.000/ 0.000, Output= 0.173(-1.000/1.000), Volt=10.8(9.6)
GlobalTracer.printPidInfo_Info: [2.374] encoderXPidCtrl: Target=   0.0, Input=   4.5, Error=  -4.5, PIDTerms=-0.669/ 0.000/-0.135/ 0.000, Output=-0.700(-0.700/0.700), Volt=10.6(9.6)
GlobalTracer.printPidInfo_Info: [2.374] encoderYPidCtrl: Target= 121.2, Input=  51.0, Error=  70.2, PIDTerms= 1.194/ 0.000/-0.067/ 0.000, Output= 0.600(-0.600/0.600), Volt=10.6(9.6)
GlobalTracer.printPidInfo_Info: [2.374] gyroTurnPidCtrl: Target= -30.0, Input= -25.6, Error=  -4.4, PIDTerms=-0.079/ 0.000/ 0.044/-0.000, Output=-0.035(-0.700/0.700), Volt=10.6(9.6)
GlobalTracer.printPidInfo_Info: [2.374] elevatorPidController: Target=  34.8, Input=  34.0, Error=   0.8, PIDTerms= 0.157/ 0.013/-0.000/ 0.000, Output= 0.171(-1.000/1.000), Volt=10.2(9.6)
GlobalTracer.PowerUse_Info: Battery - currVoltage: 10.20, lowestVoltage: 9.55
GlobalTracer.PowerUse_Info: Power: pdpTotalCurrent: 82.75 elev: 2.63 winch: 0.00, pickup: 0.00, total: 0.42
GlobalTracer.startCompetition_Warn: AUTO_MODE takes too long (0.109s)

GlobalTracer.printPidInfo_Info: [2.484] encoderXPidCtrl: Target=   0.0, Input=   4.7, Error=  -4.7, PIDTerms=-0.698/ 0.000/-0.032/ 0.000, Output=-0.700(-0.700/0.700), Volt=10.1(9.6)
GlobalTracer.printPidInfo_Info: [2.484] encoderYPidCtrl: Target= 121.2, Input=  54.6, Error=  66.7, PIDTerms= 1.133/ 0.000/-0.038/ 0.000, Output= 0.600(-0.600/0.600), Volt=10.1(9.6)
GlobalTracer.printPidInfo_Info: [2.484] gyroTurnPidCtrl: Target= -30.0, Input= -27.0, Error=  -3.0, PIDTerms=-0.054/ 0.000/ 0.024/-0.000, Output=-0.029(-0.700/0.700), Volt=10.1(9.6)
GlobalTracer.printPidInfo_Info: [2.484] elevatorPidController: Target=  34.8, Input=  34.0, Error=   0.8, PIDTerms= 0.153/ 0.013/-0.000/ 0.000, Output= 0.166(-1.000/1.000), Volt=10.1(9.6)
GlobalTracer.PowerUse_Info: Battery - currVoltage: 10.10, lowestVoltage: 9.55
GlobalTracer.PowerUse_Info: Power: pdpTotalCurrent: 106.00 elev: 2.38 winch: 0.00, pickup: 0.00, total: 0.45
GlobalTracer.startCompetition_Warn: AUTO_MODE takes too long (0.116s)

GlobalTracer.printPidInfo_Info: [2.602] encoderXPidCtrl: Target=   0.0, Input=   4.8, Error=  -4.8, PIDTerms=-0.723/ 0.000/-0.020/ 0.000, Output=-0.700(-0.700/0.700), Volt=10.1(9.6)
GlobalTracer.printPidInfo_Info: [2.602] encoderYPidCtrl: Target= 121.2, Input=  58.4, Error=  62.8, PIDTerms= 1.068/ 0.000/-0.032/ 0.000, Output= 0.600(-0.600/0.600), Volt=10.1(9.6)
GlobalTracer.printPidInfo_Info: [2.602] gyroTurnPidCtrl: Target= -30.0, Input= -28.2, Error=  -1.8, PIDTerms=-0.033/ 0.000/ 0.015/-0.000, Output=-0.017(-0.700/0.700), Volt=10.2(9.6)
GlobalTracer.printPidInfo_Info: [2.602] elevatorPidController: Target=  34.8, Input=  34.0, Error=   0.7, PIDTerms= 0.149/ 0.014/-0.000/ 0.000, Output= 0.162(-1.000/1.000), Volt=10.2(9.6)
GlobalTracer.PowerUse_Info: Battery - currVoltage: 10.15, lowestVoltage: 9.55
GlobalTracer.PowerUse_Info: Power: pdpTotalCurrent: 105.63 elev: 2.00 winch: 0.00, pickup: 0.00, total: 0.49
GlobalTracer.printPidInfo_Info: [2.685] encoderXPidCtrl: Target=   0.0, Input=   4.8, Error=  -4.8, PIDTerms=-0.725/ 0.000/-0.003/ 0.000, Output=-0.700(-0.700/0.700), Volt=10.1(9.6)
GlobalTracer.printPidInfo_Info: [2.685] encoderYPidCtrl: Target= 121.2, Input=  63.0, Error=  58.2, PIDTerms= 0.989/ 0.000/-0.044/ 0.000, Output= 0.600(-0.600/0.600), Volt=10.1(9.6)
GlobalTracer.printPidInfo_Info: [2.685] gyroTurnPidCtrl: Target= -30.0, Input= -28.7, Error=  -1.3, PIDTerms=-0.024/ 0.000/ 0.007/-0.000, Output=-0.017(-0.700/0.700), Volt=10.1(9.6)
GlobalTracer.printPidInfo_Info: [2.685] elevatorPidController: Target=  34.8, Input=  34.0, Error=   0.7, PIDTerms= 0.146/ 0.014/-0.000/ 0.000, Output= 0.159(-1.000/1.000), Volt=10.1(9.6)
GlobalTracer.printPidInfo_Info: [2.751] encoderXPidCtrl: Target=   0.0, Input=   4.8, Error=  -4.8, PIDTerms=-0.716/ 0.000/ 0.015/ 0.000, Output=-0.700(-0.700/0.700), Volt=10.2(9.6)
GlobalTracer.printPidInfo_Info: [2.751] encoderYPidCtrl: Target= 121.2, Input=  66.0, Error=  55.2, PIDTerms= 0.939/ 0.000/-0.047/ 0.000, Output= 0.600(-0.600/0.600), Volt=10.2(9.6)
GlobalTracer.printPidInfo_Info: [2.751] gyroTurnPidCtrl: Target= -30.0, Input= -27.7, Error=  -2.3, PIDTerms=-0.042/ 0.000/-0.025/-0.000, Output=-0.066(-0.700/0.700), Volt=10.2(9.6)
GlobalTracer.printPidInfo_Info: [2.751] elevatorPidController: Target=  34.8, Input=  34.1, Error=   0.7, PIDTerms= 0.134/ 0.014/-0.000/ 0.000, Output= 0.148(-1.000/1.000), Volt=10.2(9.6)
GlobalTracer.PowerUse_Info: Battery - currVoltage: 10.10, lowestVoltage: 9.55
GlobalTracer.PowerUse_Info: Power: pdpTotalCurrent: 110.00 elev: 1.88 winch: 0.00, pickup: 0.00, total: 0.53
GlobalTracer.startCompetition_Warn: AUTO_MODE takes too long (0.107s)

GlobalTracer.printPidInfo_Info: [2.861] encoderXPidCtrl: Target=   0.0, Input=   4.7, Error=  -4.7, PIDTerms=-0.706/ 0.000/ 0.011/ 0.000, Output=-0.695(-0.700/0.700), Volt=10.2(9.6)
GlobalTracer.printPidInfo_Info: [2.861] encoderYPidCtrl: Target= 121.2, Input=  67.9, Error=  53.4, PIDTerms= 0.907/ 0.000/-0.019/ 0.000, Output= 0.600(-0.600/0.600), Volt=10.2(9.6)
GlobalTracer.printPidInfo_Info: [2.861] gyroTurnPidCtrl: Target= -30.0, Input= -27.6, Error=  -2.4, PIDTerms=-0.043/ 0.000/-0.001/-0.000, Output=-0.044(-0.700/0.700), Volt=10.3(9.6)
GlobalTracer.printPidInfo_Info: [2.861] elevatorPidController: Target=  34.8, Input=  34.1, Error=   0.7, PIDTerms= 0.133/ 0.014/-0.000/ 0.000, Output= 0.147(-1.000/1.000), Volt=10.3(9.6)
GlobalTracer.startCompetition_Warn: AUTO_MODE takes too long (0.101s)

GlobalTracer.printPidInfo_Info: [2.966] encoderXPidCtrl: Target=   0.0, Input=   5.6, Error=  -5.6, PIDTerms=-0.847/ 0.000/-0.198/ 0.000, Output=-0.700(-0.700/0.700), Volt=10.2(9.6)
GlobalTracer.printPidInfo_Info: [2.966] encoderYPidCtrl: Target= 121.2, Input=  72.6, Error=  48.6, PIDTerms= 0.827/ 0.000/-0.066/ 0.000, Output= 0.600(-0.600/0.600), Volt=10.2(9.6)
GlobalTracer.printPidInfo_Info: [2.966] gyroTurnPidCtrl: Target= -30.0, Input= -31.8, Error=   1.8, PIDTerms= 0.033/ 0.000/ 0.094/-0.000, Output= 0.127(-0.700/0.700), Volt=10.2(9.6)
GlobalTracer.printPidInfo_Info: [2.966] elevatorPidController: Target=  34.8, Input=  34.1, Error=   0.7, PIDTerms= 0.133/ 0.014/ 0.000/ 0.000, Output= 0.147(-1.000/1.000), Volt=10.2(9.6)
GlobalTracer.PowerUse_Info: Battery - currVoltage: 10.15, lowestVoltage: 9.55
GlobalTracer.PowerUse_Info: Power: pdpTotalCurrent: 100.13 elev: 1.88 winch: 0.00, pickup: 0.00, total: 0.60
GlobalTracer.startCompetition_Warn: AUTO_MODE takes too long (0.165s)

GlobalTracer.printPidInfo_Info: [3.134] encoderXPidCtrl: Target=   0.0, Input=   6.5, Error=  -6.5, PIDTerms=-0.980/ 0.000/-0.077/ 0.000, Output=-0.700(-0.700/0.700), Volt=10.2(9.6)
GlobalTracer.printPidInfo_Info: [3.134] encoderYPidCtrl: Target= 121.2, Input=  77.0, Error=  44.3, PIDTerms= 0.752/ 0.000/-0.026/ 0.000, Output= 0.600(-0.600/0.600), Volt=10.2(9.6)
GlobalTracer.printPidInfo_Info: [3.134] gyroTurnPidCtrl: Target= -30.0, Input= -36.0, Error=   6.0, PIDTerms= 0.108/ 0.000/ 0.039/-0.000, Output= 0.147(-0.700/0.700), Volt=10.3(9.6)
GlobalTracer.printPidInfo_Info: [3.134] elevatorPidController: Target=  34.8, Input=  34.1, Error=   0.7, PIDTerms= 0.133/ 0.014/ 0.000/ 0.000, Output= 0.147(-1.000/1.000), Volt=10.3(9.6)
GlobalTracer.PowerUse_Info: Battery - currVoltage: 10.25, lowestVoltage: 9.55
GlobalTracer.PowerUse_Info: Power: pdpTotalCurrent: 96.75 elev: 1.88 winch: 0.00, pickup: 0.00, total: 0.64
GlobalTracer.startCompetition_Warn: AUTO_MODE takes too long (0.219s)

GlobalTracer.printPidInfo_Info: [3.355] encoderXPidCtrl: Target=   0.0, Input=   7.6, Error=  -7.6, PIDTerms=-1.140/ 0.000/-0.075/ 0.000, Output=-0.700(-0.700/0.700), Volt=11.0(9.6)
GlobalTracer.printPidInfo_Info: [3.355] encoderYPidCtrl: Target= 121.2, Input=  84.5, Error=  36.7, PIDTerms= 0.624/ 0.000/-0.035/ 0.000, Output= 0.588(-0.600/0.600), Volt=11.3(9.6)
GlobalTracer.printPidInfo_Info: [3.355] gyroTurnPidCtrl: Target= -30.0, Input= -38.1, Error=   8.1, PIDTerms= 0.146/ 0.000/ 0.016/-0.000, Output= 0.162(-0.700/0.700), Volt=11.3(9.6)
GlobalTracer.printPidInfo_Info: [3.355] elevatorPidController: Target=  34.8, Input=  34.1, Error=   0.7, PIDTerms= 0.131/ 0.014/-0.000/ 0.000, Output= 0.145(-1.000/1.000), Volt=11.3(9.6)
GlobalTracer.PowerUse_Info: Battery - currVoltage: 11.45, lowestVoltage: 9.55
GlobalTracer.PowerUse_Info: Power: pdpTotalCurrent: 77.13 elev: 1.88 winch: 0.00, pickup: 0.00, total: 0.69
GlobalTracer.startCompetition_Warn: AUTO_MODE takes too long (0.156s)

GlobalTracer.printPidInfo_Info: [3.512] encoderXPidCtrl: Target=   0.0, Input=   4.7, Error=  -4.7, PIDTerms=-0.712/ 0.000/ 0.229/ 0.000, Output=-0.483(-0.700/0.700), Volt=10.3(9.6)
GlobalTracer.printPidInfo_Info: [3.512] encoderYPidCtrl: Target= 121.2, Input=  93.1, Error=  28.2, PIDTerms= 0.479/ 0.000/-0.046/ 0.000, Output= 0.433(-0.600/0.600), Volt=9.7(9.6)
GlobalTracer.printPidInfo_Info: [3.512] gyroTurnPidCtrl: Target= -30.0, Input= -31.3, Error=   1.3, PIDTerms= 0.024/ 0.000/-0.059/-0.000, Output=-0.035(-0.700/0.700), Volt=9.7(9.6)
GlobalTracer.printPidInfo_Info: [3.512] elevatorPidController: Target=  34.8, Input=  34.2, Error=   0.6, PIDTerms= 0.117/ 0.014/-0.000/ 0.000, Output= 0.131(-1.000/1.000), Volt=9.7(9.6)
GlobalTracer.PowerUse_Info: Battery - currVoltage: 10.20, lowestVoltage: 9.55
GlobalTracer.PowerUse_Info: Power: pdpTotalCurrent: 66.63 elev: 1.38 winch: 0.00, pickup: 0.00, total: 0.72
GlobalTracer.startCompetition_Warn: AUTO_MODE takes too long (0.133s)

GlobalTracer.printPidInfo_Info: [3.647] encoderXPidCtrl: Target=   0.0, Input=   0.1, Error=  -0.1, PIDTerms=-0.021/ 0.000/ 0.520/ 0.000, Output= 0.499(-0.700/0.700), Volt=10.5(9.6)
GlobalTracer.printPidInfo_Info: [3.647] encoderYPidCtrl: Target= 121.2, Input=  98.6, Error=  22.7, PIDTerms= 0.385/ 0.000/-0.042/ 0.000, Output= 0.343(-0.600/0.600), Volt=10.5(9.6)
GlobalTracer.printPidInfo_Info: [3.647] gyroTurnPidCtrl: Target= -30.0, Input= -26.6, Error=  -3.4, PIDTerms=-0.061/ 0.000/-0.057/-0.000, Output=-0.117(-0.700/0.700), Volt=10.5(9.6)
GlobalTracer.printPidInfo_Info: [3.647] elevatorPidController: Target=  34.8, Input=  34.2, Error=   0.6, PIDTerms= 0.116/ 0.014/-0.000/ 0.000, Output= 0.130(-1.000/1.000), Volt=10.5(9.6)
GlobalTracer.PowerUse_Info: Battery - currVoltage: 10.25, lowestVoltage: 9.55
GlobalTracer.PowerUse_Info: Power: pdpTotalCurrent: 99.00 elev: 1.25 winch: 0.00, pickup: 0.00, total: 0.76
GlobalTracer.startCompetition_Warn: AUTO_MODE takes too long (0.135s)

GlobalTracer.printPidInfo_Info: [3.785] encoderXPidCtrl: Target=   0.0, Input=  -0.7, Error=   0.7, PIDTerms= 0.100/ 0.000/ 0.086/ 0.000, Output= 0.187(-0.700/0.700), Volt=11.0(9.6)
GlobalTracer.printPidInfo_Info: [3.785] encoderYPidCtrl: Target= 121.2, Input=  99.6, Error=  21.6, PIDTerms= 0.368/ 0.000/-0.007/ 0.000, Output= 0.361(-0.600/0.600), Volt=11.0(9.6)
GlobalTracer.printPidInfo_Info: [3.785] gyroTurnPidCtrl: Target= -30.0, Input= -20.2, Error=  -9.8, PIDTerms=-0.177/ 0.000/-0.073/-0.000, Output=-0.250(-0.700/0.700), Volt=10.8(9.6)
GlobalTracer.printPidInfo_Info: [3.785] elevatorPidController: Target=  34.8, Input=  34.2, Error=   0.5, PIDTerms= 0.106/ 0.014/-0.000/ 0.000, Output= 0.120(-1.000/1.000), Volt=10.8(9.6)
GlobalTracer.PowerUse_Info: Battery - currVoltage: 10.90, lowestVoltage: 9.55
GlobalTracer.PowerUse_Info: Power: pdpTotalCurrent: 68.38 elev: 1.25 winch: 0.00, pickup: 0.00, total: 0.80
GlobalTracer.startCompetition_Warn: AUTO_MODE takes too long (0.146s)

GlobalTracer.printPidInfo_Info: [3.931] encoderXPidCtrl: Target=   0.0, Input=   1.8, Error=  -1.8, PIDTerms=-0.275/ 0.000/-0.295/ 0.000, Output=-0.570(-0.700/0.700), Volt=9.8(9.6)
GlobalTracer.printPidInfo_Info: [3.931] encoderYPidCtrl: Target= 121.2, Input= 103.2, Error=  18.1, PIDTerms= 0.307/ 0.000/-0.028/ 0.000, Output= 0.279(-0.600/0.600), Volt=9.8(9.6)
GlobalTracer.printPidInfo_Info: [3.931] gyroTurnPidCtrl: Target= -30.0, Input= -18.0, Error= -12.0, PIDTerms=-0.217/ 0.000/-0.028/-0.000, Output=-0.244(-0.700/0.700), Volt=9.6(9.6)
GlobalTracer.printPidInfo_Info: [3.931] elevatorPidController: Target=  34.8, Input=  34.2, Error=   0.5, PIDTerms= 0.104/ 0.014/-0.000/ 0.000, Output= 0.118(-1.000/1.000), Volt=9.6(9.6)
GlobalTracer.PowerUse_Info: Battery - currVoltage: 9.60, lowestVoltage: 9.55
GlobalTracer.PowerUse_Info: Power: pdpTotalCurrent: 117.25 elev: 1.25 winch: 0.00, pickup: 0.00, total: 0.83
GlobalTracer.startCompetition_Warn: AUTO_MODE takes too long (0.116s)

GlobalTracer.printPidInfo_Info: [4.048] encoderXPidCtrl: Target=   0.0, Input=   3.2, Error=  -3.2, PIDTerms=-0.476/ 0.000/-0.132/ 0.000, Output=-0.608(-0.700/0.700), Volt=10.1(9.6)
GlobalTracer.printPidInfo_Info: [4.048] encoderYPidCtrl: Target= 121.2, Input= 105.9, Error=  15.3, PIDTerms= 0.260/ 0.000/-0.018/ 0.000, Output= 0.242(-0.600/0.600), Volt=10.2(9.6)
GlobalTracer.printPidInfo_Info: [4.048] gyroTurnPidCtrl: Target= -30.0, Input= -16.9, Error= -13.1, PIDTerms=-0.235/ 0.000/-0.011/-0.000, Output=-0.246(-0.700/0.700), Volt=10.2(9.6)
GlobalTracer.printPidInfo_Info: [4.048] elevatorPidController: Target=  34.8, Input=  34.2, Error=   0.5, PIDTerms= 0.106/ 0.014/ 0.000/ 0.000, Output= 0.120(-1.000/1.000), Volt=10.2(9.6)
GlobalTracer.PowerUse_Info: Battery - currVoltage: 10.25, lowestVoltage: 9.55
GlobalTracer.PowerUse_Info: Power: pdpTotalCurrent: 122.00 elev: 1.25 winch: 0.00, pickup: 0.00, total: 0.87
GlobalTracer.printPidInfo_Info: [4.139] encoderXPidCtrl: Target=   0.0, Input=   2.5, Error=  -2.5, PIDTerms=-0.370/ 0.000/ 0.117/ 0.000, Output=-0.253(-0.700/0.700), Volt=11.1(9.6)
GlobalTracer.printPidInfo_Info: [4.139] encoderYPidCtrl: Target= 121.2, Input= 105.5, Error=  15.7, PIDTerms= 0.267/ 0.000/ 0.005/ 0.000, Output= 0.272(-0.600/0.600), Volt=11.1(9.6)
GlobalTracer.printPidInfo_Info: [4.139] gyroTurnPidCtrl: Target= -30.0, Input= -16.3, Error= -13.7, PIDTerms=-0.247/ 0.000/-0.011/-0.000, Output=-0.259(-0.700/0.700), Volt=11.1(9.6)
GlobalTracer.printPidInfo_Info: [4.139] elevatorPidController: Target=  34.8, Input=  34.2, Error=   0.5, PIDTerms= 0.106/ 0.014/ 0.000/ 0.000, Output= 0.120(-1.000/1.000), Volt=10.9(9.6)
GlobalTracer.printPidInfo_Info: [4.230] encoderXPidCtrl: Target=   0.0, Input=   1.4, Error=  -1.4, PIDTerms=-0.204/ 0.000/ 0.272/ 0.000, Output= 0.069(-0.700/0.700), Volt=11.0(9.6)
GlobalTracer.printPidInfo_Info: [4.230] encoderYPidCtrl: Target= 121.2, Input= 104.4, Error=  16.8, PIDTerms= 0.285/ 0.000/ 0.017/ 0.000, Output= 0.303(-0.600/0.600), Volt=10.9(9.6)
GlobalTracer.printPidInfo_Info: [4.230] gyroTurnPidCtrl: Target= -30.0, Input= -15.5, Error= -14.5, PIDTerms=-0.261/ 0.000/-0.020/-0.000, Output=-0.281(-0.700/0.700), Volt=10.9(9.6)
GlobalTracer.printPidInfo_Info: [4.230] elevatorPidController: Target=  34.8, Input=  34.2, Error=   0.5, PIDTerms= 0.104/ 0.014/-0.000/ 0.000, Output= 0.119(-1.000/1.000), Volt=10.9(9.6)
GlobalTracer.PowerUse_Info: Battery - currVoltage: 10.75, lowestVoltage: 9.55
GlobalTracer.PowerUse_Info: Power: pdpTotalCurrent: 67.25 elev: 1.25 winch: 0.00, pickup: 0.00, total: 0.92
GlobalTracer.startCompetition_Warn: AUTO_MODE takes too long (0.160s)

GlobalTracer.printPidInfo_Info: [4.392] encoderXPidCtrl: Target=   0.0, Input=   1.6, Error=  -1.6, PIDTerms=-0.243/ 0.000/-0.027/ 0.000, Output=-0.270(-0.700/0.700), Volt=10.5(9.6)
GlobalTracer.printPidInfo_Info: [4.392] encoderYPidCtrl: Target= 121.2, Input= 104.8, Error=  16.5, PIDTerms= 0.280/ 0.000/-0.002/ 0.000, Output= 0.278(-0.600/0.600), Volt=10.5(9.6)
GlobalTracer.printPidInfo_Info: [4.392] gyroTurnPidCtrl: Target= -30.0, Input= -16.0, Error= -14.0, PIDTerms=-0.251/ 0.000/ 0.006/-0.000, Output=-0.246(-0.700/0.700), Volt=10.5(9.6)
GlobalTracer.printPidInfo_Info: [4.392] elevatorPidController: Target=  34.8, Input=  34.2, Error=   0.5, PIDTerms= 0.104/ 0.015/ 0.000/ 0.000, Output= 0.119(-1.000/1.000), Volt=10.5(9.6)
GlobalTracer.PowerUse_Info: Battery - currVoltage: 10.55, lowestVoltage: 9.55
GlobalTracer.PowerUse_Info: Power: pdpTotalCurrent: 82.00 elev: 1.25 winch: 0.00, pickup: 0.00, total: 0.95
GlobalTracer.startCompetition_Warn: AUTO_MODE takes too long (0.176s)

GlobalTracer.printPidInfo_Info: [4.570] encoderXPidCtrl: Target=   0.0, Input=   1.6, Error=  -1.6, PIDTerms=-0.241/ 0.000/ 0.002/ 0.000, Output=-0.239(-0.700/0.700), Volt=10.8(9.6)
GlobalTracer.printPidInfo_Info: [4.570] encoderYPidCtrl: Target= 121.2, Input= 104.9, Error=  16.4, PIDTerms= 0.278/ 0.000/-0.001/ 0.000, Output= 0.277(-0.600/0.600), Volt=10.9(9.6)
GlobalTracer.printPidInfo_Info: [4.570] gyroTurnPidCtrl: Target= -30.0, Input= -15.9, Error= -14.1, PIDTerms=-0.255/ 0.000/-0.002/-0.000, Output=-0.256(-0.700/0.700), Volt=10.9(9.6)
GlobalTracer.printPidInfo_Info: [4.570] elevatorPidController: Target=  34.8, Input=  34.2, Error=   0.5, PIDTerms= 0.104/ 0.015/ 0.000/ 0.000, Output= 0.119(-1.000/1.000), Volt=10.8(9.6)
GlobalTracer.PowerUse_Info: Battery - currVoltage: 10.80, lowestVoltage: 9.55
GlobalTracer.PowerUse_Info: Power: pdpTotalCurrent: 78.00 elev: 1.25 winch: 0.00, pickup: 0.00, total: 1.00
GlobalTracer.startCompetition_Warn: AUTO_MODE takes too long (0.203s)

GlobalTracer.printPidInfo_Info: [4.776] encoderXPidCtrl: Target=   0.0, Input=   1.6, Error=  -1.6, PIDTerms=-0.234/ 0.000/ 0.003/ 0.000, Output=-0.230(-0.700/0.700), Volt=10.6(9.6)
GlobalTracer.printPidInfo_Info: [4.776] encoderYPidCtrl: Target= 121.2, Input= 104.8, Error=  16.5, PIDTerms= 0.280/ 0.000/ 0.001/ 0.000, Output= 0.280(-0.600/0.600), Volt=10.6(9.6)
GlobalTracer.printPidInfo_Info: [4.776] gyroTurnPidCtrl: Target= -30.0, Input= -16.0, Error= -14.0, PIDTerms=-0.252/ 0.000/ 0.001/-0.000, Output=-0.251(-0.700/0.700), Volt=10.6(9.6)
GlobalTracer.printPidInfo_Info: [4.776] elevatorPidController: Target=  34.8, Input=  34.2, Error=   0.5, PIDTerms= 0.104/ 0.015/ 0.000/ 0.000, Output= 0.119(-1.000/1.000), Volt=10.8(9.6)
GlobalTracer.PowerUse_Info: Battery - currVoltage: 10.75, lowestVoltage: 9.55
GlobalTracer.PowerUse_Info: Power: pdpTotalCurrent: 81.75 elev: 1.25 winch: 0.00, pickup: 0.00, total: 1.05
GlobalTracer.startCompetition_Warn: AUTO_MODE takes too long (0.211s)

GlobalTracer.printPidInfo_Info: [4.990] encoderXPidCtrl: Target=   0.0, Input=   1.6, Error=  -1.6, PIDTerms=-0.233/ 0.000/ 0.000/ 0.000, Output=-0.232(-0.700/0.700), Volt=10.8(9.6)
GlobalTracer.printPidInfo_Info: [4.990] encoderYPidCtrl: Target= 121.2, Input= 104.8, Error=  16.5, PIDTerms= 0.280/ 0.000/ 0.000/ 0.000, Output= 0.280(-0.600/0.600), Volt=10.8(9.6)
GlobalTracer.printPidInfo_Info: [4.990] gyroTurnPidCtrl: Target= -30.0, Input= -16.0, Error= -14.0, PIDTerms=-0.252/ 0.000/ 0.000/-0.000, Output=-0.252(-0.700/0.700), Volt=10.6(9.6)
GlobalTracer.printPidInfo_Info: [4.990] elevatorPidController: Target=  34.8, Input=  34.2, Error=   0.5, PIDTerms= 0.104/ 0.015/ 0.000/ 0.000, Output= 0.119(-1.000/1.000), Volt=10.6(9.6)
GlobalTracer.PowerUse_Info: Battery - currVoltage: 10.60, lowestVoltage: 9.55
GlobalTracer.PowerUse_Info: Power: pdpTotalCurrent: 84.88 elev: 1.25 winch: 0.00, pickup: 0.00, total: 1.11
GlobalTracer.startCompetition_Warn: AUTO_MODE takes too long (0.197s)

GlobalTracer.printPidInfo_Info: [5.187] encoderXPidCtrl: Target=   0.0, Input=   1.5, Error=  -1.5, PIDTerms=-0.232/ 0.000/ 0.000/ 0.000, Output=-0.232(-0.700/0.700), Volt=10.8(9.6)
GlobalTracer.printPidInfo_Info: [5.187] encoderYPidCtrl: Target= 121.2, Input= 104.8, Error=  16.5, PIDTerms= 0.280/ 0.000/ 0.000/ 0.000, Output= 0.280(-0.600/0.600), Volt=10.8(9.6)
GlobalTracer.printPidInfo_Info: [5.187] gyroTurnPidCtrl: Target= -30.0, Input= -16.0, Error= -14.0, PIDTerms=-0.252/ 0.000/ 0.000/-0.000, Output=-0.252(-0.700/0.700), Volt=10.8(9.6)
GlobalTracer.printPidInfo_Info: [5.187] elevatorPidController: Target=  34.8, Input=  34.2, Error=   0.5, PIDTerms= 0.104/ 0.015/ 0.000/ 0.000, Output= 0.119(-1.000/1.000), Volt=10.8(9.6)
GlobalTracer.PowerUse_Info: Battery - currVoltage: 10.80, lowestVoltage: 9.55
GlobalTracer.PowerUse_Info: Power: pdpTotalCurrent: 84.63 elev: 1.25 winch: 0.00, pickup: 0.00, total: 1.16
GlobalTracer.startCompetition_Warn: AUTO_MODE takes too long (0.130s)

GlobalTracer.printPidInfo_Info: [5.321] encoderXPidCtrl: Target=   0.0, Input=   1.5, Error=  -1.5, PIDTerms=-0.232/ 0.000/ 0.000/ 0.000, Output=-0.231(-0.700/0.700), Volt=10.6(9.6)
GlobalTracer.printPidInfo_Info: [5.321] encoderYPidCtrl: Target= 121.2, Input= 104.8, Error=  16.5, PIDTerms= 0.280/ 0.000/ 0.000/ 0.000, Output= 0.280(-0.600/0.600), Volt=10.7(9.6)
GlobalTracer.printPidInfo_Info: [5.321] gyroTurnPidCtrl: Target= -30.0, Input= -16.0, Error= -14.0, PIDTerms=-0.252/ 0.000/ 0.000/-0.000, Output=-0.252(-0.700/0.700), Volt=10.7(9.6)
GlobalTracer.printPidInfo_Info: [5.321] elevatorPidController: Target=  34.8, Input=  34.2, Error=   0.5, PIDTerms= 0.104/ 0.015/ 0.000/ 0.000, Output= 0.119(-1.000/1.000), Volt=10.7(9.6)
GlobalTracer.PowerUse_Info: Battery - currVoltage: 10.80, lowestVoltage: 9.55
GlobalTracer.PowerUse_Info: Power: pdpTotalCurrent: 83.38 elev: 1.25 winch: 0.00, pickup: 0.00, total: 1.19
GlobalTracer.startCompetition_Warn: AUTO_MODE takes too long (0.163s)

GlobalTracer.printPidInfo_Info: [5.487] encoderXPidCtrl: Target=   0.0, Input=   1.5, Error=  -1.5, PIDTerms=-0.232/ 0.000/ 0.000/ 0.000, Output=-0.232(-0.700/0.700), Volt=10.7(9.6)
GlobalTracer.printPidInfo_Info: [5.487] encoderYPidCtrl: Target= 121.2, Input= 104.8, Error=  16.5, PIDTerms= 0.280/ 0.000/ 0.000/ 0.000, Output= 0.280(-0.600/0.600), Volt=10.7(9.6)
GlobalTracer.printPidInfo_Info: [5.487] gyroTurnPidCtrl: Target= -30.0, Input= -16.0, Error= -14.0, PIDTerms=-0.252/ 0.000/ 0.000/-0.000, Output=-0.252(-0.700/0.700), Volt=10.7(9.6)
GlobalTracer.printPidInfo_Info: [5.487] elevatorPidController: Target=  34.8, Input=  34.2, Error=   0.5, PIDTerms= 0.104/ 0.015/ 0.000/ 0.000, Output= 0.119(-1.000/1.000), Volt=10.7(9.6)
GlobalTracer.PowerUse_Info: Battery - currVoltage: 10.70, lowestVoltage: 9.55
GlobalTracer.PowerUse_Info: Power: pdpTotalCurrent: 83.50 elev: 1.25 winch: 0.00, pickup: 0.00, total: 1.23
GlobalTracer.startCompetition_Warn: AUTO_MODE takes too long (0.157s)

GlobalTracer.printPidInfo_Info: [5.649] encoderXPidCtrl: Target=   0.0, Input=   1.5, Error=  -1.5, PIDTerms=-0.231/ 0.000/ 0.001/ 0.000, Output=-0.230(-0.700/0.700), Volt=10.8(9.6)
GlobalTracer.printPidInfo_Info: [5.649] encoderYPidCtrl: Target= 121.2, Input= 104.8, Error=  16.5, PIDTerms= 0.280/ 0.000/ 0.000/ 0.000, Output= 0.280(-0.600/0.600), Volt=10.8(9.6)
GlobalTracer.printPidInfo_Info: [5.649] gyroTurnPidCtrl: Target= -30.0, Input= -16.0, Error= -14.0, PIDTerms=-0.251/ 0.000/ 0.000/-0.000, Output=-0.251(-0.700/0.700), Volt=10.6(9.6)
GlobalTracer.printPidInfo_Info: [5.649] elevatorPidController: Target=  34.8, Input=  34.2, Error=   0.5, PIDTerms= 0.104/ 0.015/ 0.000/ 0.000, Output= 0.119(-1.000/1.000), Volt=10.6(9.6)
GlobalTracer.PowerUse_Info: Battery - currVoltage: 10.50, lowestVoltage: 9.55
GlobalTracer.PowerUse_Info: Power: pdpTotalCurrent: 83.50 elev: 1.25 winch: 0.00, pickup: 0.00, total: 1.27
GlobalTracer.startCompetition_Warn: AUTO_MODE takes too long (0.170s)

GlobalTracer.printPidInfo_Info: [5.822] encoderXPidCtrl: Target=   0.0, Input=   1.5, Error=  -1.5, PIDTerms=-0.231/ 0.000/ 0.000/ 0.000, Output=-0.231(-0.700/0.700), Volt=10.7(9.6)
GlobalTracer.printPidInfo_Info: [5.822] encoderYPidCtrl: Target= 121.2, Input= 104.8, Error=  16.5, PIDTerms= 0.280/ 0.000/ 0.000/ 0.000, Output= 0.280(-0.600/0.600), Volt=10.8(9.6)
GlobalTracer.printPidInfo_Info: [5.822] gyroTurnPidCtrl: Target= -30.0, Input= -16.0, Error= -14.0, PIDTerms=-0.251/ 0.000/ 0.000/-0.000, Output=-0.251(-0.700/0.700), Volt=10.8(9.6)
GlobalTracer.printPidInfo_Info: [5.822] elevatorPidController: Target=  34.8, Input=  34.2, Error=   0.5, PIDTerms= 0.104/ 0.015/ 0.000/ 0.000, Output= 0.119(-1.000/1.000), Volt=10.8(9.6)
GlobalTracer.PowerUse_Info: Battery - currVoltage: 10.60, lowestVoltage: 9.55
GlobalTracer.PowerUse_Info: Power: pdpTotalCurrent: 89.13 elev: 1.25 winch: 0.00, pickup: 0.00, total: 1.32
GlobalTracer.startCompetition_Warn: AUTO_MODE takes too long (0.142s)

GlobalTracer.printPidInfo_Info: [5.968] encoderXPidCtrl: Target=   0.0, Input=   1.5, Error=  -1.5, PIDTerms=-0.230/ 0.000/ 0.000/ 0.000, Output=-0.230(-0.700/0.700), Volt=10.6(9.6)
GlobalTracer.printPidInfo_Info: [5.968] encoderYPidCtrl: Target= 121.2, Input= 104.7, Error=  16.5, PIDTerms= 0.280/ 0.000/ 0.000/ 0.000, Output= 0.280(-0.600/0.600), Volt=10.6(9.6)
GlobalTracer.printPidInfo_Info: [5.968] gyroTurnPidCtrl: Target= -30.0, Input= -16.0, Error= -14.0, PIDTerms=-0.251/ 0.000/ 0.000/-0.000, Output=-0.251(-0.700/0.700), Volt=10.6(9.6)
GlobalTracer.printPidInfo_Info: [5.968] elevatorPidController: Target=  34.8, Input=  34.2, Error=   0.5, PIDTerms= 0.104/ 0.015/ 0.000/ 0.000, Output= 0.120(-1.000/1.000), Volt=10.6(9.6)
GlobalTracer.PowerUse_Info: Battery - currVoltage: 10.50, lowestVoltage: 9.55
GlobalTracer.PowerUse_Info: Power: pdpTotalCurrent: 86.38 elev: 1.25 winch: 0.00, pickup: 0.00, total: 1.36
GlobalTracer.startCompetition_Warn: AUTO_MODE takes too long (0.143s)

GlobalTracer.printPidInfo_Info: [6.118] encoderXPidCtrl: Target=   0.0, Input=   1.5, Error=  -1.5, PIDTerms=-0.230/ 0.000/ 0.000/ 0.000, Output=-0.230(-0.700/0.700), Volt=10.6(9.6)
GlobalTracer.printPidInfo_Info: [6.118] encoderYPidCtrl: Target= 121.2, Input= 104.7, Error=  16.5, PIDTerms= 0.280/ 0.000/ 0.000/ 0.000, Output= 0.280(-0.600/0.600), Volt=10.6(9.6)
GlobalTracer.printPidInfo_Info: [6.118] gyroTurnPidCtrl: Target= -30.0, Input= -16.0, Error= -14.0, PIDTerms=-0.251/ 0.000/ 0.000/-0.000, Output=-0.251(-0.700/0.700), Volt=10.6(9.6)
GlobalTracer.printPidInfo_Info: [6.118] elevatorPidController: Target=  34.8, Input=  34.2, Error=   0.5, PIDTerms= 0.104/ 0.015/ 0.000/ 0.000, Output= 0.120(-1.000/1.000), Volt=10.6(9.6)
GlobalTracer.PowerUse_Info: Battery - currVoltage: 10.65, lowestVoltage: 9.55
GlobalTracer.PowerUse_Info: Power: pdpTotalCurrent: 88.38 elev: 1.25 winch: 0.00, pickup: 0.00, total: 1.40
GlobalTracer.startCompetition_Warn: AUTO_MODE takes too long (0.150s)

GlobalTracer.printPidInfo_Info: [6.272] encoderXPidCtrl: Target=   0.0, Input=   1.5, Error=  -1.5, PIDTerms=-0.230/ 0.000/ 0.000/ 0.000, Output=-0.230(-0.700/0.700), Volt=10.6(9.6)
GlobalTracer.printPidInfo_Info: [6.272] encoderYPidCtrl: Target= 121.2, Input= 104.7, Error=  16.5, PIDTerms= 0.280/ 0.000/ 0.000/ 0.000, Output= 0.280(-0.600/0.600), Volt=10.6(9.6)
GlobalTracer.printPidInfo_Info: [6.272] gyroTurnPidCtrl: Target= -30.0, Input= -16.0, Error= -14.0, PIDTerms=-0.251/ 0.000/-0.000/-0.000, Output=-0.252(-0.700/0.700), Volt=10.6(9.6)
GlobalTracer.printPidInfo_Info: [6.272] elevatorPidController: Target=  34.8, Input=  34.2, Error=   0.5, PIDTerms= 0.104/ 0.016/ 0.000/ 0.000, Output= 0.120(-1.000/1.000), Volt=10.6(9.6)
GlobalTracer.PowerUse_Info: Battery - currVoltage: 10.60, lowestVoltage: 9.55
GlobalTracer.PowerUse_Info: Power: pdpTotalCurrent: 87.25 elev: 1.25 winch: 0.00, pickup: 0.00, total: 1.44
GlobalTracer.postContinuousTask_Info: Stalled=true, Expired=false
GlobalTracer.startCompetition_Warn: AUTO_MODE takes too long (0.160s)

GlobalTracer.Robot_Info: [6.437] TURN_BACK_NORTH: xPos=  1.52,yPos=104.64,heading= -15.9/   0.0,volts=12.3(9.6)
GlobalTracer.printPidInfo_Info: [6.437] encoderXPidCtrl: Target=   1.5, Input=   1.5, Error=   0.0, PIDTerms=-0.230/ 0.000/ 0.000/ 0.000, Output= 0.000(-0.700/0.700), Volt=12.3(9.6)
GlobalTracer.printPidInfo_Info: [6.437] encoderYPidCtrl: Target= 104.6, Input= 104.7, Error=   0.0, PIDTerms= 0.280/ 0.000/ 0.000/ 0.000, Output= 0.000(-0.600/0.600), Volt=12.3(9.6)
GlobalTracer.printPidInfo_Info: [6.437] gyroTurnPidCtrl: Target=   0.0, Input= -16.0, Error=  15.9, PIDTerms=-0.251/ 0.000/ 0.000/-0.000, Output= 0.000(-0.700/0.700), Volt=12.3(9.6)
GlobalTracer.printPidInfo_Info: [6.437] elevatorPidController: Target=  34.8, Input=  34.2, Error=   0.5, PIDTerms= 0.104/ 0.016/ 0.000/ 0.000, Output= 0.120(-1.000/1.000), Volt=12.3(9.6)
GlobalTracer.PowerUse_Info: Battery - currVoltage: 12.30, lowestVoltage: 9.55
GlobalTracer.PowerUse_Info: Power: pdpTotalCurrent: 2.50 elev: 1.50 winch: 0.00, pickup: 0.00, total: 1.48
GlobalTracer.startCompetition_Warn: AUTO_MODE takes too long (0.177s)

GlobalTracer.printPidInfo_Info: [6.620] encoderXPidCtrl: Target=   1.5, Input=   1.5, Error=   0.0, PIDTerms= 0.000/ 0.000/ 0.000/ 0.000, Output= 0.000(-0.700/0.700), Volt=11.8(9.6)
GlobalTracer.printPidInfo_Info: [6.620] encoderYPidCtrl: Target= 104.6, Input= 104.6, Error=   0.0, PIDTerms= 0.000/ 0.000/ 0.000/ 0.000, Output= 0.000(-0.600/0.600), Volt=11.8(9.6)
GlobalTracer.printPidInfo_Info: [6.620] gyroTurnPidCtrl: Target=   0.0, Input= -15.9, Error=  15.9, PIDTerms= 0.285/ 0.000/ 0.000/ 0.000, Output= 0.285(-0.700/0.700), Volt=11.8(9.6)
GlobalTracer.printPidInfo_Info: [6.620] elevatorPidController: Target=  34.8, Input=  34.2, Error=   0.5, PIDTerms= 0.104/ 0.016/ 0.000/ 0.000, Output= 0.120(-1.000/1.000), Volt=11.8(9.6)
GlobalTracer.PowerUse_Info: Battery - currVoltage: 11.80, lowestVoltage: 9.55
GlobalTracer.PowerUse_Info: Power: pdpTotalCurrent: 29.38 elev: 1.38 winch: 0.00, pickup: 0.00, total: 1.49
GlobalTracer.startCompetition_Warn: AUTO_MODE takes too long (0.160s)

GlobalTracer.printPidInfo_Info: [6.785] encoderXPidCtrl: Target=   1.5, Input=   1.4, Error=   0.2, PIDTerms= 0.024/ 0.000/ 0.014/ 0.000, Output= 0.039(-0.700/0.700), Volt=11.9(9.6)
GlobalTracer.printPidInfo_Info: [6.785] encoderYPidCtrl: Target= 104.6, Input= 104.3, Error=   0.3, PIDTerms= 0.005/ 0.000/ 0.002/ 0.000, Output= 0.007(-0.600/0.600), Volt=11.9(9.6)
GlobalTracer.printPidInfo_Info: [6.785] gyroTurnPidCtrl: Target=   0.0, Input= -15.4, Error=  15.4, PIDTerms= 0.277/ 0.000/-0.004/ 0.000, Output= 0.273(-0.700/0.700), Volt=11.9(9.6)
GlobalTracer.printPidInfo_Info: [6.785] elevatorPidController: Target=  34.8, Input=  34.2, Error=   0.5, PIDTerms= 0.104/ 0.016/ 0.000/ 0.000, Output= 0.120(-1.000/1.000), Volt=11.9(9.6)
GlobalTracer.PowerUse_Info: Battery - currVoltage: 11.90, lowestVoltage: 9.55
GlobalTracer.PowerUse_Info: Power: pdpTotalCurrent: 23.88 elev: 1.50 winch: 0.00, pickup: 0.00, total: 1.50
GlobalTracer.startCompetition_Warn: AUTO_MODE takes too long (0.155s)

GlobalTracer.printPidInfo_Info: [6.946] encoderXPidCtrl: Target=   1.5, Input=   1.2, Error=   0.3, PIDTerms= 0.045/ 0.000/ 0.013/ 0.000, Output= 0.059(-0.700/0.700), Volt=12.3(9.6)
GlobalTracer.printPidInfo_Info: [6.946] encoderYPidCtrl: Target= 104.6, Input= 104.8, Error=  -0.2, PIDTerms=-0.003/ 0.000/-0.003/ 0.000, Output=-0.006(-0.600/0.600), Volt=12.3(9.6)
GlobalTracer.printPidInfo_Info: [6.946] gyroTurnPidCtrl: Target=   0.0, Input=  -9.8, Error=   9.8, PIDTerms= 0.176/ 0.000/-0.058/ 0.000, Output= 0.118(-0.700/0.700), Volt=12.3(9.6)
GlobalTracer.printPidInfo_Info: [6.946] elevatorPidController: Target=  34.8, Input=  34.2, Error=   0.5, PIDTerms= 0.104/ 0.016/ 0.000/ 0.000, Output= 0.120(-1.000/1.000), Volt=12.3(9.6)
GlobalTracer.PowerUse_Info: Battery - currVoltage: 12.25, lowestVoltage: 9.55
GlobalTracer.PowerUse_Info: Power: pdpTotalCurrent: 2.25 elev: 1.38 winch: 0.00, pickup: 0.00, total: 1.51
GlobalTracer.postContinuousTask_Info: Stalled=false, Expired=true
GlobalTracer.startCompetition_Warn: AUTO_MODE takes too long (0.164s)

GlobalTracer.Robot_Info: [7.112] THROW_CUBE: xPos=  1.28,yPos=106.31,heading=  -0.5/   0.0,volts=12.4(9.6)
GlobalTracer.printPidInfo_Info: [7.112] elevatorPidController: Target=  34.8, Input=  34.2, Error=   0.5, PIDTerms= 0.101/ 0.016/-0.000/ 0.000, Output= 0.117(-1.000/1.000), Volt=12.4(9.6)
GlobalTracer.PowerUse_Info: Battery - currVoltage: 11.55, lowestVoltage: 9.55
GlobalTracer.PowerUse_Info: Power: pdpTotalCurrent: 6.25 elev: 1.38 winch: 0.00, pickup: 11.13, total: 1.52
GlobalTracer.startCompetition_Warn: AUTO_MODE takes too long (0.158s)

GlobalTracer.Robot_Info: [7.273]       DONE: xPos=  1.28,yPos=106.24,heading=   0.0/   0.0,volts=11.6(9.6)
GlobalTracer.printPidInfo_Info: [7.273] elevatorPidController: Target=   6.0, Input=  34.2, Error= -28.2, PIDTerms= 0.101/ 0.016/ 0.000/ 0.000, Output= 0.000(-1.000/1.000), Volt=11.6(9.6)
GlobalTracer.PowerUse_Info: Battery - currVoltage: 11.80, lowestVoltage: 9.55
GlobalTracer.PowerUse_Info: Power: pdpTotalCurrent: 33.25 elev: 1.25 winch: 0.00, pickup: 30.00, total: 1.54
GlobalTracer.startCompetition_Warn: AUTO_MODE takes too long (0.140s)

GlobalTracer.printPidInfo_Info: [7.418] elevatorPidController: Target=   6.0, Input=  34.2, Error= -28.2, PIDTerms=-5.649/-0.002/ 0.000/ 0.000, Output=-1.000(-1.000/1.000), Volt=11.5(9.6)
GlobalTracer.PowerUse_Info: Battery - currVoltage: 11.50, lowestVoltage: 9.55
GlobalTracer.PowerUse_Info: Power: pdpTotalCurrent: 59.13 elev: 29.13 winch: 0.00, pickup: 18.63, total: 1.57
GlobalTracer.startCompetition_Warn: AUTO_MODE takes too long (0.131s)

GlobalTracer.printPidInfo_Info: [7.552] elevatorPidController: Target=   6.0, Input=  28.5, Error= -22.5, PIDTerms=-4.504/-0.005/ 0.000/ 0.000, Output=-1.000(-1.000/1.000), Volt=11.9(9.6)
GlobalTracer.PowerUse_Info: Battery - currVoltage: 11.80, lowestVoltage: 9.55
GlobalTracer.PowerUse_Info: Power: pdpTotalCurrent: 27.00 elev: 9.63 winch: 0.00, pickup: 16.25, total: 1.58
GlobalTracer.startCompetition_Warn: AUTO_MODE takes too long (0.129s)

GlobalTracer.printPidInfo_Info: [7.687] elevatorPidController: Target=   6.0, Input=  20.9, Error= -14.9, PIDTerms=-2.975/-0.007/ 0.000/ 0.000, Output=-1.000(-1.000/1.000), Volt=11.9(9.6)
GlobalTracer.PowerUse_Info: Battery - currVoltage: 11.90, lowestVoltage: 9.55
GlobalTracer.PowerUse_Info: Power: pdpTotalCurrent: 22.25 elev: 8.63 winch: 0.00, pickup: 13.50, total: 1.59
GlobalTracer.startCompetition_Warn: AUTO_MODE takes too long (0.122s)

GlobalTracer.printPidInfo_Info: [7.811] elevatorPidController: Target=   6.0, Input=  11.7, Error=  -5.7, PIDTerms=-1.131/-0.007/ 0.000/ 0.000, Output=-1.000(-1.000/1.000), Volt=12.2(9.6)
GlobalTracer.PowerUse_Info: Battery - currVoltage: 12.20, lowestVoltage: 9.55
GlobalTracer.PowerUse_Info: Power: pdpTotalCurrent: 19.00 elev: 0.25 winch: 0.00, pickup: 12.88, total: 1.60
GlobalTracer.startCompetition_Warn: AUTO_MODE takes too long (0.135s)

GlobalTracer.printPidInfo_Info: [7.951] elevatorPidController: Target=   6.0, Input=   3.1, Error=   2.9, PIDTerms= 0.583/-0.007/ 0.000/ 0.000, Output= 0.576(-1.000/1.000), Volt=11.8(9.6)
GlobalTracer.PowerUse_Info: Battery - currVoltage: 11.90, lowestVoltage: 9.55
GlobalTracer.PowerUse_Info: Power: pdpTotalCurrent: 22.50 elev: 8.88 winch: 0.00, pickup: 14.63, total: 1.61
GlobalTracer.startCompetition_Warn: AUTO_MODE takes too long (0.136s)

GlobalTracer.printPidInfo_Info: [8.094] elevatorPidController: Target=   6.0, Input=   5.8, Error=   0.2, PIDTerms= 0.037/-0.007/-0.000/ 0.000, Output= 0.030(-1.000/1.000), Volt=12.1(9.6)
GlobalTracer.PowerUse_Info: Battery - currVoltage: 12.10, lowestVoltage: 9.55
GlobalTracer.PowerUse_Info: Power: pdpTotalCurrent: 13.88 elev: 0.13 winch: 0.00, pickup: 13.63, total: 1.62
GlobalTracer.startCompetition_Warn: AUTO_MODE takes too long (0.153s)

GlobalTracer.printPidInfo_Info: [8.252] elevatorPidController: Target=   6.0, Input=   6.4, Error=  -0.4, PIDTerms=-0.080/-0.007/-0.000/ 0.000, Output=-0.087(-1.000/1.000), Volt=12.2(9.6)
GlobalTracer.PowerUse_Info: Battery - currVoltage: 12.10, lowestVoltage: 9.55
GlobalTracer.PowerUse_Info: Power: pdpTotalCurrent: 12.38 elev: 0.25 winch: 0.00, pickup: 11.88, total: 1.62
GlobalTracer.startCompetition_Warn: AUTO_MODE takes too long (0.146s)

GlobalTracer.printPidInfo_Info: [8.398] elevatorPidController: Target=   6.0, Input=   5.8, Error=   0.2, PIDTerms= 0.040/-0.007/ 0.000/ 0.000, Output= 0.033(-1.000/1.000), Volt=12.2(9.6)
GlobalTracer.PowerUse_Info: Battery - currVoltage: 12.15, lowestVoltage: 9.55
GlobalTracer.PowerUse_Info: Power: pdpTotalCurrent: 11.38 elev: 0.13 winch: 0.00, pickup: 11.38, total: 1.63
GlobalTracer.startCompetition_Warn: AUTO_MODE takes too long (0.128s)

GlobalTracer.printPidInfo_Info: [8.531] elevatorPidController: Target=   6.0, Input=   5.7, Error=   0.3, PIDTerms= 0.064/-0.007/ 0.000/ 0.000, Output= 0.057(-1.000/1.000), Volt=12.2(9.6)
GlobalTracer.PowerUse_Info: Battery - currVoltage: 12.15, lowestVoltage: 9.55
GlobalTracer.PowerUse_Info: Power: pdpTotalCurrent: 10.75 elev: 0.25 winch: 0.00, pickup: 11.00, total: 1.63
GlobalTracer.startCompetition_Warn: AUTO_MODE takes too long (0.213s)

GlobalTracer.printPidInfo_Info: [8.746] elevatorPidController: Target=   6.0, Input=   5.7, Error=   0.3, PIDTerms= 0.063/-0.007/-0.000/ 0.000, Output= 0.056(-1.000/1.000), Volt=12.2(9.6)
GlobalTracer.PowerUse_Info: Battery - currVoltage: 12.20, lowestVoltage: 9.55
GlobalTracer.PowerUse_Info: Power: pdpTotalCurrent: 10.63 elev: 0.25 winch: 0.00, pickup: 10.88, total: 1.64
GlobalTracer.startCompetition_Warn: AUTO_MODE takes too long (0.126s)

GlobalTracer.printPidInfo_Info: [8.873] elevatorPidController: Target=   6.0, Input=   5.7, Error=   0.3, PIDTerms= 0.061/-0.007/-0.000/ 0.000, Output= 0.055(-1.000/1.000), Volt=12.2(9.6)
GlobalTracer.PowerUse_Info: Battery - currVoltage: 12.20, lowestVoltage: 9.55
GlobalTracer.PowerUse_Info: Power: pdpTotalCurrent: 10.38 elev: 0.25 winch: 0.00, pickup: 10.88, total: 1.65
GlobalTracer.printPidInfo_Info: [8.962] elevatorPidController: Target=   6.0, Input=   5.7, Error=   0.3, PIDTerms= 0.061/-0.007/ 0.000/ 0.000, Output= 0.055(-1.000/1.000), Volt=12.2(9.6)
GlobalTracer.printPidInfo_Info: [9.011] elevatorPidController: Target=   6.0, Input=   5.7, Error=   0.3, PIDTerms= 0.061/-0.007/ 0.000/ 0.000, Output= 0.055(-1.000/1.000), Volt=12.2(9.6)
GlobalTracer.PowerUse_Info: Battery - currVoltage: 12.15, lowestVoltage: 9.55
GlobalTracer.PowerUse_Info: Power: pdpTotalCurrent: 10.50 elev: 0.25 winch: 0.00, pickup: 10.75, total: 1.65
GlobalTracer.printPidInfo_Info: [9.089] elevatorPidController: Target=   6.0, Input=   5.7, Error=   0.3, PIDTerms= 0.061/-0.007/ 0.000/ 0.000, Output= 0.055(-1.000/1.000), Volt=12.2(9.6)
GlobalTracer.printPidInfo_Info: [9.143] elevatorPidController: Target=   6.0, Input=   5.7, Error=   0.3, PIDTerms= 0.061/-0.007/ 0.000/ 0.000, Output= 0.055(-1.000/1.000), Volt=12.2(9.6)
GlobalTracer.PowerUse_Info: Battery - currVoltage: 12.15, lowestVoltage: 9.55
GlobalTracer.PowerUse_Info: Power: pdpTotalCurrent: 10.38 elev: 0.25 winch: 0.00, pickup: 10.88, total: 1.66
GlobalTracer.printPidInfo_Info: [9.233] elevatorPidController: Target=   6.0, Input=   5.7, Error=   0.3, PIDTerms= 0.061/-0.007/ 0.000/ 0.000, Output= 0.055(-1.000/1.000), Volt=12.2(9.6)
GlobalTracer.printPidInfo_Info: [9.305] elevatorPidController: Target=   6.0, Input=   5.7, Error=   0.3, PIDTerms= 0.061/-0.007/ 0.000/ 0.000, Output= 0.055(-1.000/1.000), Volt=12.2(9.6)
GlobalTracer.PowerUse_Info: Battery - currVoltage: 12.15, lowestVoltage: 9.55
GlobalTracer.PowerUse_Info: Power: pdpTotalCurrent: 10.50 elev: 0.25 winch: 0.00, pickup: 10.88, total: 1.66
GlobalTracer.printPidInfo_Info: [9.384] elevatorPidController: Target=   6.0, Input=   5.7, Error=   0.3, PIDTerms= 0.061/-0.007/ 0.000/ 0.000, Output= 0.055(-1.000/1.000), Volt=12.2(9.6)
GlobalTracer.printPidInfo_Info: [9.430] elevatorPidController: Target=   6.0, Input=   5.7, Error=   0.3, PIDTerms= 0.061/-0.007/ 0.000/ 0.000, Output= 0.055(-1.000/1.000), Volt=12.2(9.6)
GlobalTracer.PowerUse_Info: Battery - currVoltage: 12.20, lowestVoltage: 9.55
GlobalTracer.PowerUse_Info: Power: pdpTotalCurrent: 10.38 elev: 0.25 winch: 0.00, pickup: 10.75, total: 1.67
GlobalTracer.printPidInfo_Info: [9.521] elevatorPidController: Target=   6.0, Input=   5.7, Error=   0.3, PIDTerms= 0.061/-0.007/ 0.000/ 0.000, Output= 0.055(-1.000/1.000), Volt=12.3(9.6)
GlobalTracer.printPidInfo_Info: [9.581] elevatorPidController: Target=   6.0, Input=   5.7, Error=   0.3, PIDTerms= 0.061/-0.007/ 0.000/ 0.000, Output= 0.055(-1.000/1.000), Volt=12.2(9.6)
GlobalTracer.PowerUse_Info: Battery - currVoltage: 12.20, lowestVoltage: 9.55
GlobalTracer.PowerUse_Info: Power: pdpTotalCurrent: 10.38 elev: 0.25 winch: 0.00, pickup: 10.75, total: 1.67
GlobalTracer.printPidInfo_Info: [9.672] elevatorPidController: Target=   6.0, Input=   5.7, Error=   0.3, PIDTerms= 0.061/-0.007/ 0.000/ 0.000, Output= 0.055(-1.000/1.000), Volt=12.2(9.6)
GlobalTracer.printPidInfo_Info: [9.715] elevatorPidController: Target=   6.0, Input=   5.7, Error=   0.3, PIDTerms= 0.061/-0.007/ 0.000/ 0.000, Output= 0.055(-1.000/1.000), Volt=12.2(9.6)
GlobalTracer.PowerUse_Info: Battery - currVoltage: 12.25, lowestVoltage: 9.55
GlobalTracer.PowerUse_Info: Power: pdpTotalCurrent: 10.13 elev: 0.25 winch: 0.00, pickup: 10.75, total: 1.68
GlobalTracer.printPidInfo_Info: [9.797] elevatorPidController: Target=   6.0, Input=   5.7, Error=   0.3, PIDTerms= 0.061/-0.006/ 0.000/ 0.000, Output= 0.055(-1.000/1.000), Volt=12.3(9.6)
GlobalTracer.printPidInfo_Info: [9.851] elevatorPidController: Target=   6.0, Input=   5.7, Error=   0.3, PIDTerms= 0.061/-0.006/ 0.000/ 0.000, Output= 0.055(-1.000/1.000), Volt=12.3(9.6)
GlobalTracer.PowerUse_Info: Battery - currVoltage: 12.25, lowestVoltage: 9.55
GlobalTracer.PowerUse_Info: Power: pdpTotalCurrent: 10.50 elev: 0.25 winch: 0.00, pickup: 10.88, total: 1.68
GlobalTracer.printPidInfo_Info: [9.946] elevatorPidController: Target=   6.0, Input=   5.7, Error=   0.3, PIDTerms= 0.061/-0.006/ 0.000/ 0.000, Output= 0.055(-1.000/1.000), Volt=12.2(9.6)
GlobalTracer.printPidInfo_Info: [9.994] elevatorPidController: Target=   6.0, Input=   5.7, Error=   0.3, PIDTerms= 0.061/-0.006/ 0.000/ 0.000, Output= 0.055(-1.000/1.000), Volt=12.2(9.6)
GlobalTracer.PowerUse_Info: Battery - currVoltage: 12.20, lowestVoltage: 9.55
GlobalTracer.PowerUse_Info: Power: pdpTotalCurrent: 10.50 elev: 0.25 winch: 0.00, pickup: 10.88, total: 1.68
GlobalTracer.printPidInfo_Info: [10.069] elevatorPidController: Target=   6.0, Input=   5.7, Error=   0.3, PIDTerms= 0.061/-0.006/ 0.000/ 0.000, Output= 0.055(-1.000/1.000), Volt=12.2(9.6)
GlobalTracer.printPidInfo_Info: [10.129] elevatorPidController: Target=   6.0, Input=   5.7, Error=   0.3, PIDTerms= 0.061/-0.006/ 0.000/ 0.000, Output= 0.055(-1.000/1.000), Volt=12.3(9.6)
GlobalTracer.PowerUse_Info: Battery - currVoltage: 12.20, lowestVoltage: 9.55
GlobalTracer.PowerUse_Info: Power: pdpTotalCurrent: 10.38 elev: 0.25 winch: 0.00, pickup: 10.75, total: 1.69
GlobalTracer.printPidInfo_Info: [10.218] elevatorPidController: Target=   6.0, Input=   5.7, Error=   0.3, PIDTerms= 0.061/-0.006/ 0.000/ 0.000, Output= 0.055(-1.000/1.000), Volt=12.2(9.6)
GlobalTracer.printPidInfo_Info: [10.266] elevatorPidController: Target=   6.0, Input=   5.7, Error=   0.3, PIDTerms= 0.061/-0.006/ 0.000/ 0.000, Output= 0.055(-1.000/1.000), Volt=12.2(9.6)
GlobalTracer.PowerUse_Info: Battery - currVoltage: 12.20, lowestVoltage: 9.55
GlobalTracer.PowerUse_Info: Power: pdpTotalCurrent: 10.50 elev: 0.25 winch: 0.00, pickup: 10.88, total: 1.69
GlobalTracer.printPidInfo_Info: [10.332] elevatorPidController: Target=   6.0, Input=   5.7, Error=   0.3, PIDTerms= 0.061/-0.006/ 0.000/ 0.000, Output= 0.055(-1.000/1.000), Volt=12.2(9.6)
GlobalTracer.printPidInfo_Info: [10.393] elevatorPidController: Target=   6.0, Input=   5.7, Error=   0.3, PIDTerms= 0.061/-0.006/ 0.000/ 0.000, Output= 0.055(-1.000/1.000), Volt=12.2(9.6)
GlobalTracer.PowerUse_Info: Battery - currVoltage: 12.20, lowestVoltage: 9.55
GlobalTracer.PowerUse_Info: Power: pdpTotalCurrent: 10.13 elev: 0.25 winch: 0.00, pickup: 10.50, total: 1.70
GlobalTracer.printPidInfo_Info: [10.461] elevatorPidController: Target=   6.0, Input=   5.7, Error=   0.3, PIDTerms= 0.061/-0.006/ 0.000/ 0.000, Output= 0.055(-1.000/1.000), Volt=12.2(9.6)
GlobalTracer.printPidInfo_Info: [10.511] elevatorPidController: Target=   6.0, Input=   5.7, Error=   0.3, PIDTerms= 0.061/-0.006/ 0.000/ 0.000, Output= 0.055(-1.000/1.000), Volt=12.3(9.6)
GlobalTracer.PowerUse_Info: Battery - currVoltage: 12.25, lowestVoltage: 9.55
GlobalTracer.PowerUse_Info: Power: pdpTotalCurrent: 10.25 elev: 0.25 winch: 0.00, pickup: 10.88, total: 1.70
GlobalTracer.printPidInfo_Info: [10.593] elevatorPidController: Target=   6.0, Input=   5.7, Error=   0.3, PIDTerms= 0.061/-0.006/ 0.000/ 0.000, Output= 0.055(-1.000/1.000), Volt=12.3(9.6)
GlobalTracer.printPidInfo_Info: [10.636] elevatorPidController: Target=   6.0, Input=   5.7, Error=   0.3, PIDTerms= 0.061/-0.006/ 0.000/ 0.000, Output= 0.055(-1.000/1.000), Volt=12.2(9.6)
GlobalTracer.PowerUse_Info: Battery - currVoltage: 12.20, lowestVoltage: 9.55
GlobalTracer.PowerUse_Info: Power: pdpTotalCurrent: 10.25 elev: 0.25 winch: 0.00, pickup: 10.50, total: 1.71
GlobalTracer.printPidInfo_Info: [10.730] elevatorPidController: Target=   6.0, Input=   5.7, Error=   0.3, PIDTerms= 0.061/-0.006/ 0.000/ 0.000, Output= 0.055(-1.000/1.000), Volt=12.2(9.6)
GlobalTracer.printPidInfo_Info: [10.785] elevatorPidController: Target=   6.0, Input=   5.7, Error=   0.3, PIDTerms= 0.061/-0.006/ 0.000/ 0.000, Output= 0.055(-1.000/1.000), Volt=12.2(9.6)
GlobalTracer.PowerUse_Info: Battery - currVoltage: 12.20, lowestVoltage: 9.55
GlobalTracer.PowerUse_Info: Power: pdpTotalCurrent: 10.25 elev: 0.25 winch: 0.00, pickup: 10.50, total: 1.71
GlobalTracer.printPidInfo_Info: [10.880] elevatorPidController: Target=   6.0, Input=   5.7, Error=   0.3, PIDTerms= 0.061/-0.006/ 0.000/ 0.000, Output= 0.055(-1.000/1.000), Volt=12.2(9.6)
GlobalTracer.printPidInfo_Info: [10.930] elevatorPidController: Target=   6.0, Input=   5.7, Error=   0.3, PIDTerms= 0.061/-0.006/ 0.000/ 0.000, Output= 0.055(-1.000/1.000), Volt=12.3(9.6)
GlobalTracer.PowerUse_Info: Battery - currVoltage: 12.20, lowestVoltage: 9.55
GlobalTracer.PowerUse_Info: Power: pdpTotalCurrent: 10.38 elev: 0.25 winch: 0.00, pickup: 10.63, total: 1.72
GlobalTracer.printPidInfo_Info: [11.014] elevatorPidController: Target=   6.0, Input=   5.7, Error=   0.3, PIDTerms= 0.061/-0.006/ 0.000/ 0.000, Output= 0.055(-1.000/1.000), Volt=12.3(9.6)
GlobalTracer.printPidInfo_Info: [11.085] elevatorPidController: Target=   6.0, Input=   5.7, Error=   0.3, PIDTerms= 0.061/-0.006/ 0.000/ 0.000, Output= 0.055(-1.000/1.000), Volt=12.2(9.6)
GlobalTracer.PowerUse_Info: Battery - currVoltage: 12.20, lowestVoltage: 9.55
GlobalTracer.PowerUse_Info: Power: pdpTotalCurrent: 10.38 elev: 0.25 winch: 0.00, pickup: 10.63, total: 1.72
GlobalTracer.printPidInfo_Info: [11.179] elevatorPidController: Target=   6.0, Input=   5.7, Error=   0.3, PIDTerms= 0.061/-0.006/ 0.000/ 0.000, Output= 0.055(-1.000/1.000), Volt=12.2(9.6)
GlobalTracer.printPidInfo_Info: [11.239] elevatorPidController: Target=   6.0, Input=   5.7, Error=   0.3, PIDTerms= 0.061/-0.006/ 0.000/ 0.000, Output= 0.055(-1.000/1.000), Volt=12.2(9.6)
GlobalTracer.PowerUse_Info: Battery - currVoltage: 12.20, lowestVoltage: 9.55
GlobalTracer.PowerUse_Info: Power: pdpTotalCurrent: 10.13 elev: 0.25 winch: 0.00, pickup: 10.50, total: 1.73
GlobalTracer.printPidInfo_Info: [11.312] elevatorPidController: Target=   6.0, Input=   5.7, Error=   0.3, PIDTerms= 0.061/-0.006/ 0.000/ 0.000, Output= 0.055(-1.000/1.000), Volt=12.3(9.6)
GlobalTracer.printPidInfo_Info: [11.377] elevatorPidController: Target=   6.0, Input=   5.7, Error=   0.3, PIDTerms= 0.061/-0.006/ 0.000/ 0.000, Output= 0.055(-1.000/1.000), Volt=12.3(9.6)
GlobalTracer.PowerUse_Info: Battery - currVoltage: 12.25, lowestVoltage: 9.55
GlobalTracer.PowerUse_Info: Power: pdpTotalCurrent: 10.13 elev: 0.25 winch: 0.00, pickup: 10.75, total: 1.73
GlobalTracer.printPidInfo_Info: [11.461] elevatorPidController: Target=   6.0, Input=   5.7, Error=   0.3, PIDTerms= 0.061/-0.006/ 0.000/ 0.000, Output= 0.055(-1.000/1.000), Volt=12.3(9.6)
GlobalTracer.printPidInfo_Info: [11.508] elevatorPidController: Target=   6.0, Input=   5.7, Error=   0.3, PIDTerms= 0.061/-0.006/ 0.000/ 0.000, Output= 0.055(-1.000/1.000), Volt=12.3(9.6)
GlobalTracer.PowerUse_Info: Battery - currVoltage: 12.20, lowestVoltage: 9.55
GlobalTracer.PowerUse_Info: Power: pdpTotalCurrent: 10.50 elev: 0.25 winch: 0.00, pickup: 10.50, total: 1.74
GlobalTracer.printPidInfo_Info: [11.590] elevatorPidController: Target=   6.0, Input=   5.7, Error=   0.3, PIDTerms= 0.061/-0.006/ 0.000/ 0.000, Output= 0.055(-1.000/1.000), Volt=12.3(9.6)
GlobalTracer.printPidInfo_Info: [11.645] elevatorPidController: Target=   6.0, Input=   5.7, Error=   0.3, PIDTerms= 0.061/-0.006/ 0.000/ 0.000, Output= 0.055(-1.000/1.000), Volt=12.2(9.6)
GlobalTracer.PowerUse_Info: Battery - currVoltage: 12.20, lowestVoltage: 9.55
GlobalTracer.PowerUse_Info: Power: pdpTotalCurrent: 10.25 elev: 0.25 winch: 0.00, pickup: 10.50, total: 1.74
GlobalTracer.printPidInfo_Info: [11.716] elevatorPidController: Target=   6.0, Input=   5.7, Error=   0.3, PIDTerms= 0.061/-0.006/ 0.000/ 0.000, Output= 0.056(-1.000/1.000), Volt=12.3(9.6)
GlobalTracer.printPidInfo_Info: [11.781] elevatorPidController: Target=   6.0, Input=   5.7, Error=   0.3, PIDTerms= 0.061/-0.006/ 0.000/ 0.000, Output= 0.056(-1.000/1.000), Volt=12.2(9.6)
GlobalTracer.PowerUse_Info: Battery - currVoltage: 12.20, lowestVoltage: 9.55
GlobalTracer.PowerUse_Info: Power: pdpTotalCurrent: 10.25 elev: 0.25 winch: 0.00, pickup: 10.63, total: 1.75
GlobalTracer.printPidInfo_Info: [11.854] elevatorPidController: Target=   6.0, Input=   5.7, Error=   0.3, PIDTerms= 0.061/-0.006/ 0.000/ 0.000, Output= 0.056(-1.000/1.000), Volt=12.3(9.6)
GlobalTracer.printPidInfo_Info: [11.893] elevatorPidController: Target=   6.0, Input=   5.7, Error=   0.3, PIDTerms= 0.061/-0.006/ 0.000/ 0.000, Output= 0.056(-1.000/1.000), Volt=12.3(9.6)
GlobalTracer.PowerUse_Info: Battery - currVoltage: 12.30, lowestVoltage: 9.55
GlobalTracer.PowerUse_Info: Power: pdpTotalCurrent: 10.25 elev: 0.25 winch: 0.00, pickup: 10.50, total: 1.75
GlobalTracer.printPidInfo_Info: [11.973] elevatorPidController: Target=   6.0, Input=   5.7, Error=   0.3, PIDTerms= 0.061/-0.006/ 0.000/ 0.000, Output= 0.056(-1.000/1.000), Volt=12.2(9.6)
GlobalTracer.printPidInfo_Info: [12.031] elevatorPidController: Target=   6.0, Input=   5.7, Error=   0.3, PIDTerms= 0.061/-0.006/ 0.000/ 0.000, Output= 0.056(-1.000/1.000), Volt=12.2(9.6)
GlobalTracer.PowerUse_Info: Battery - currVoltage: 12.20, lowestVoltage: 9.55
GlobalTracer.PowerUse_Info: Power: pdpTotalCurrent: 10.13 elev: 0.25 winch: 0.00, pickup: 10.63, total: 1.76
GlobalTracer.printPidInfo_Info: [12.119] elevatorPidController: Target=   6.0, Input=   5.7, Error=   0.3, PIDTerms= 0.061/-0.006/ 0.000/ 0.000, Output= 0.056(-1.000/1.000), Volt=12.2(9.6)
GlobalTracer.printPidInfo_Info: [12.179] elevatorPidController: Target=   6.0, Input=   5.7, Error=   0.3, PIDTerms= 0.061/-0.006/ 0.000/ 0.000, Output= 0.056(-1.000/1.000), Volt=12.2(9.6)
GlobalTracer.PowerUse_Info: Battery - currVoltage: 12.20, lowestVoltage: 9.55
GlobalTracer.PowerUse_Info: Power: pdpTotalCurrent: 10.13 elev: 0.25 winch: 0.00, pickup: 10.50, total: 1.76
GlobalTracer.printPidInfo_Info: [12.253] elevatorPidController: Target=   6.0, Input=   5.7, Error=   0.3, PIDTerms= 0.061/-0.006/ 0.000/ 0.000, Output= 0.056(-1.000/1.000), Volt=12.2(9.6)
GlobalTracer.printPidInfo_Info: [12.304] elevatorPidController: Target=   6.0, Input=   5.7, Error=   0.3, PIDTerms= 0.061/-0.006/ 0.000/ 0.000, Output= 0.056(-1.000/1.000), Volt=12.2(9.6)
GlobalTracer.PowerUse_Info: Battery - currVoltage: 12.25, lowestVoltage: 9.55
GlobalTracer.PowerUse_Info: Power: pdpTotalCurrent: 10.13 elev: 0.25 winch: 0.00, pickup: 10.63, total: 1.77
GlobalTracer.printPidInfo_Info: [12.382] elevatorPidController: Target=   6.0, Input=   5.7, Error=   0.3, PIDTerms= 0.061/-0.006/ 0.000/ 0.000, Output= 0.056(-1.000/1.000), Volt=12.2(9.6)
GlobalTracer.printPidInfo_Info: [12.435] elevatorPidController: Target=   6.0, Input=   5.7, Error=   0.3, PIDTerms= 0.061/-0.006/ 0.000/ 0.000, Output= 0.056(-1.000/1.000), Volt=12.3(9.6)
GlobalTracer.PowerUse_Info: Battery - currVoltage: 12.25, lowestVoltage: 9.55
GlobalTracer.PowerUse_Info: Power: pdpTotalCurrent: 10.13 elev: 0.25 winch: 0.00, pickup: 10.50, total: 1.77
GlobalTracer.printPidInfo_Info: [12.519] elevatorPidController: Target=   6.0, Input=   5.7, Error=   0.3, PIDTerms= 0.061/-0.006/ 0.000/ 0.000, Output= 0.056(-1.000/1.000), Volt=12.3(9.6)
GlobalTracer.printPidInfo_Info: [12.570] elevatorPidController: Target=   6.0, Input=   5.7, Error=   0.3, PIDTerms= 0.061/-0.006/ 0.000/ 0.000, Output= 0.056(-1.000/1.000), Volt=12.2(9.6)
GlobalTracer.PowerUse_Info: Battery - currVoltage: 12.20, lowestVoltage: 9.55
GlobalTracer.PowerUse_Info: Power: pdpTotalCurrent: 10.25 elev: 0.25 winch: 0.00, pickup: 10.63, total: 1.77
GlobalTracer.printPidInfo_Info: [12.645] elevatorPidController: Target=   6.0, Input=   5.7, Error=   0.3, PIDTerms= 0.061/-0.006/ 0.000/ 0.000, Output= 0.056(-1.000/1.000), Volt=12.3(9.6)
GlobalTracer.printPidInfo_Info: [12.698] elevatorPidController: Target=   6.0, Input=   5.7, Error=   0.3, PIDTerms= 0.061/-0.006/ 0.000/ 0.000, Output= 0.056(-1.000/1.000), Volt=12.3(9.6)
GlobalTracer.PowerUse_Info: Battery - currVoltage: 12.25, lowestVoltage: 9.55
GlobalTracer.PowerUse_Info: Power: pdpTotalCurrent: 10.13 elev: 0.25 winch: 0.00, pickup: 10.38, total: 1.78
GlobalTracer.printPidInfo_Info: [12.775] elevatorPidController: Target=   6.0, Input=   5.7, Error=   0.3, PIDTerms= 0.061/-0.006/ 0.000/ 0.000, Output= 0.056(-1.000/1.000), Volt=12.2(9.6)
GlobalTracer.printPidInfo_Info: [12.832] elevatorPidController: Target=   6.0, Input=   5.7, Error=   0.3, PIDTerms= 0.061/-0.006/ 0.000/ 0.000, Output= 0.056(-1.000/1.000), Volt=12.2(9.6)
GlobalTracer.PowerUse_Info: Battery - currVoltage: 12.25, lowestVoltage: 9.55
GlobalTracer.PowerUse_Info: Power: pdpTotalCurrent: 10.25 elev: 0.25 winch: 0.00, pickup: 10.25, total: 1.78
GlobalTracer.printPidInfo_Info: [12.909] elevatorPidController: Target=   6.0, Input=   5.7, Error=   0.3, PIDTerms= 0.061/-0.006/ 0.000/ 0.000, Output= 0.056(-1.000/1.000), Volt=12.3(9.6)
GlobalTracer.printPidInfo_Info: [12.976] elevatorPidController: Target=   6.0, Input=   5.7, Error=   0.3, PIDTerms= 0.061/-0.006/ 0.000/ 0.000, Output= 0.056(-1.000/1.000), Volt=12.2(9.6)
GlobalTracer.PowerUse_Info: Battery - currVoltage: 12.20, lowestVoltage: 9.55
GlobalTracer.PowerUse_Info: Power: pdpTotalCurrent: 10.13 elev: 0.25 winch: 0.00, pickup: 10.63, total: 1.79
GlobalTracer.printPidInfo_Info: [13.055] elevatorPidController: Target=   6.0, Input=   5.7, Error=   0.3, PIDTerms= 0.061/-0.005/ 0.000/ 0.000, Output= 0.056(-1.000/1.000), Volt=12.3(9.6)
GlobalTracer.printPidInfo_Info: [13.102] elevatorPidController: Target=   6.0, Input=   5.7, Error=   0.3, PIDTerms= 0.061/-0.005/ 0.000/ 0.000, Output= 0.056(-1.000/1.000), Volt=12.2(9.6)
GlobalTracer.PowerUse_Info: Battery - currVoltage: 12.20, lowestVoltage: 9.55
GlobalTracer.PowerUse_Info: Power: pdpTotalCurrent: 10.25 elev: 0.25 winch: 0.00, pickup: 10.63, total: 1.79
GlobalTracer.printPidInfo_Info: [13.178] elevatorPidController: Target=   6.0, Input=   5.7, Error=   0.3, PIDTerms= 0.061/-0.005/ 0.000/ 0.000, Output= 0.056(-1.000/1.000), Volt=12.2(9.6)
GlobalTracer.printPidInfo_Info: [13.222] elevatorPidController: Target=   6.0, Input=   5.7, Error=   0.3, PIDTerms= 0.061/-0.005/ 0.000/ 0.000, Output= 0.056(-1.000/1.000), Volt=12.2(9.6)
GlobalTracer.PowerUse_Info: Battery - currVoltage: 12.15, lowestVoltage: 9.55
GlobalTracer.PowerUse_Info: Power: pdpTotalCurrent: 10.13 elev: 0.25 winch: 0.00, pickup: 10.63, total: 1.80
GlobalTracer.printPidInfo_Info: [13.307] elevatorPidController: Target=   6.0, Input=   5.7, Error=   0.3, PIDTerms= 0.061/-0.005/ 0.000/ 0.000, Output= 0.056(-1.000/1.000), Volt=12.2(9.6)
GlobalTracer.printPidInfo_Info: [13.370] elevatorPidController: Target=   6.0, Input=   5.7, Error=   0.3, PIDTerms= 0.061/-0.005/ 0.000/ 0.000, Output= 0.056(-1.000/1.000), Volt=12.2(9.6)
GlobalTracer.PowerUse_Info: Battery - currVoltage: 12.20, lowestVoltage: 9.55
GlobalTracer.PowerUse_Info: Power: pdpTotalCurrent: 10.25 elev: 0.25 winch: 0.00, pickup: 10.50, total: 1.80
GlobalTracer.printPidInfo_Info: [13.443] elevatorPidController: Target=   6.0, Input=   5.7, Error=   0.3, PIDTerms= 0.061/-0.005/ 0.000/ 0.000, Output= 0.056(-1.000/1.000), Volt=12.3(9.6)
GlobalTracer.printPidInfo_Info: [13.491] elevatorPidController: Target=   6.0, Input=   5.7, Error=   0.3, PIDTerms= 0.061/-0.005/ 0.000/ 0.000, Output= 0.056(-1.000/1.000), Volt=12.3(9.6)
GlobalTracer.PowerUse_Info: Battery - currVoltage: 12.25, lowestVoltage: 9.55
GlobalTracer.PowerUse_Info: Power: pdpTotalCurrent: 10.13 elev: 0.25 winch: 0.00, pickup: 10.38, total: 1.81
GlobalTracer.printPidInfo_Info: [13.573] elevatorPidController: Target=   6.0, Input=   5.7, Error=   0.3, PIDTerms= 0.061/-0.005/ 0.000/ 0.000, Output= 0.056(-1.000/1.000), Volt=12.3(9.6)
GlobalTracer.printPidInfo_Info: [13.631] elevatorPidController: Target=   6.0, Input=   5.7, Error=   0.3, PIDTerms= 0.061/-0.005/ 0.000/ 0.000, Output= 0.056(-1.000/1.000), Volt=12.2(9.6)
GlobalTracer.PowerUse_Info: Battery - currVoltage: 12.20, lowestVoltage: 9.55
GlobalTracer.PowerUse_Info: Power: pdpTotalCurrent: 10.13 elev: 0.25 winch: 0.00, pickup: 10.25, total: 1.81
GlobalTracer.printPidInfo_Info: [13.698] elevatorPidController: Target=   6.0, Input=   5.7, Error=   0.3, PIDTerms= 0.061/-0.005/ 0.000/ 0.000, Output= 0.056(-1.000/1.000), Volt=12.3(9.6)
GlobalTracer.printPidInfo_Info: [13.752] elevatorPidController: Target=   6.0, Input=   5.7, Error=   0.3, PIDTerms= 0.061/-0.005/ 0.000/ 0.000, Output= 0.056(-1.000/1.000), Volt=12.3(9.6)
GlobalTracer.PowerUse_Info: Battery - currVoltage: 12.30, lowestVoltage: 9.55
GlobalTracer.PowerUse_Info: Power: pdpTotalCurrent: 10.13 elev: 0.25 winch: 0.00, pickup: 10.25, total: 1.82
GlobalTracer.printPidInfo_Info: [13.827] elevatorPidController: Target=   6.0, Input=   5.7, Error=   0.3, PIDTerms= 0.061/-0.005/ 0.000/ 0.000, Output= 0.056(-1.000/1.000), Volt=12.3(9.6)
GlobalTracer.printPidInfo_Info: [13.872] elevatorPidController: Target=   6.0, Input=   5.7, Error=   0.3, PIDTerms= 0.061/-0.005/ 0.000/ 0.000, Output= 0.056(-1.000/1.000), Volt=12.2(9.6)
GlobalTracer.PowerUse_Info: Battery - currVoltage: 12.25, lowestVoltage: 9.55
GlobalTracer.PowerUse_Info: Power: pdpTotalCurrent: 10.25 elev: 0.25 winch: 0.00, pickup: 10.50, total: 1.82
GlobalTracer.printPidInfo_Info: [13.949] elevatorPidController: Target=   6.0, Input=   5.7, Error=   0.3, PIDTerms= 0.061/-0.005/ 0.000/ 0.000, Output= 0.056(-1.000/1.000), Volt=12.2(9.6)
GlobalTracer.printPidInfo_Info: [13.997] elevatorPidController: Target=   6.0, Input=   5.7, Error=   0.3, PIDTerms= 0.061/-0.005/ 0.000/ 0.000, Output= 0.056(-1.000/1.000), Volt=12.3(9.6)
GlobalTracer.PowerUse_Info: Battery - currVoltage: 12.20, lowestVoltage: 9.55
GlobalTracer.PowerUse_Info: Power: pdpTotalCurrent: 10.25 elev: 0.25 winch: 0.00, pickup: 10.38, total: 1.82
GlobalTracer.printPidInfo_Info: [14.069] elevatorPidController: Target=   6.0, Input=   5.7, Error=   0.3, PIDTerms= 0.061/-0.005/ 0.000/ 0.000, Output= 0.056(-1.000/1.000), Volt=12.2(9.6)
GlobalTracer.printPidInfo_Info: [14.122] elevatorPidController: Target=   6.0, Input=   5.7, Error=   0.3, PIDTerms= 0.061/-0.005/ 0.000/ 0.000, Output= 0.056(-1.000/1.000), Volt=12.2(9.6)
GlobalTracer.PowerUse_Info: Battery - currVoltage: 12.20, lowestVoltage: 9.55
GlobalTracer.PowerUse_Info: Power: pdpTotalCurrent: 10.00 elev: 0.25 winch: 0.00, pickup: 10.38, total: 1.83
GlobalTracer.printPidInfo_Info: [14.186] elevatorPidController: Target=   6.0, Input=   5.7, Error=   0.3, PIDTerms= 0.061/-0.005/ 0.000/ 0.000, Output= 0.056(-1.000/1.000), Volt=12.2(9.6)
GlobalTracer.printPidInfo_Info: [14.233] elevatorPidController: Target=   6.0, Input=   5.7, Error=   0.3, PIDTerms= 0.061/-0.005/ 0.000/ 0.000, Output= 0.056(-1.000/1.000), Volt=12.2(9.6)
GlobalTracer.PowerUse_Info: Battery - currVoltage: 12.20, lowestVoltage: 9.55
GlobalTracer.PowerUse_Info: Power: pdpTotalCurrent: 10.13 elev: 0.25 winch: 0.00, pickup: 10.38, total: 1.83
GlobalTracer.printPidInfo_Info: [14.304] elevatorPidController: Target=   6.0, Input=   5.7, Error=   0.3, PIDTerms= 0.061/-0.005/ 0.000/ 0.000, Output= 0.056(-1.000/1.000), Volt=12.2(9.6)
GlobalTracer.printPidInfo_Info: [14.361] elevatorPidController: Target=   6.0, Input=   5.7, Error=   0.3, PIDTerms= 0.061/-0.005/ 0.000/ 0.000, Output= 0.056(-1.000/1.000), Volt=12.2(9.6)
GlobalTracer.PowerUse_Info: Battery - currVoltage: 12.20, lowestVoltage: 9.55
GlobalTracer.PowerUse_Info: Power: pdpTotalCurrent: 10.13 elev: 0.25 winch: 0.00, pickup: 10.00, total: 1.84
GlobalTracer.printPidInfo_Info: [14.429] elevatorPidController: Target=   6.0, Input=   5.7, Error=   0.3, PIDTerms= 0.061/-0.005/ 0.000/ 0.000, Output= 0.056(-1.000/1.000), Volt=12.3(9.6)
GlobalTracer.printPidInfo_Info: [14.473] elevatorPidController: Target=   6.0, Input=   5.7, Error=   0.3, PIDTerms= 0.061/-0.005/ 0.000/ 0.000, Output= 0.056(-1.000/1.000), Volt=12.3(9.6)
GlobalTracer.PowerUse_Info: Battery - currVoltage: 12.25, lowestVoltage: 9.55
GlobalTracer.PowerUse_Info: Power: pdpTotalCurrent: 10.13 elev: 0.25 winch: 0.00, pickup: 10.00, total: 1.84
GlobalTracer.printPidInfo_Info: [14.555] elevatorPidController: Target=   6.0, Input=   5.7, Error=   0.3, PIDTerms= 0.061/-0.005/ 0.000/ 0.000, Output= 0.056(-1.000/1.000), Volt=12.3(9.6)
GlobalTracer.printPidInfo_Info: [14.621] elevatorPidController: Target=   6.0, Input=   5.7, Error=   0.3, PIDTerms= 0.061/-0.005/ 0.000/ 0.000, Output= 0.056(-1.000/1.000), Volt=12.3(9.6)
GlobalTracer.PowerUse_Info: Battery - currVoltage: 12.25, lowestVoltage: 9.55
GlobalTracer.PowerUse_Info: Power: pdpTotalCurrent: 10.13 elev: 0.25 winch: 0.00, pickup: 10.25, total: 1.85
GlobalTracer.printPidInfo_Info: [14.703] elevatorPidController: Target=   6.0, Input=   5.7, Error=   0.3, PIDTerms= 0.061/-0.005/ 0.000/ 0.000, Output= 0.056(-1.000/1.000), Volt=12.2(9.6)
GlobalTracer.printPidInfo_Info: [14.754] elevatorPidController: Target=   6.0, Input=   5.7, Error=   0.3, PIDTerms= 0.061/-0.005/ 0.000/ 0.000, Output= 0.056(-1.000/1.000), Volt=12.2(9.6)
GlobalTracer.PowerUse_Info: Battery - currVoltage: 12.20, lowestVoltage: 9.55
GlobalTracer.PowerUse_Info: Power: pdpTotalCurrent: 10.25 elev: 0.25 winch: 0.00, pickup: 10.63, total: 1.85
GlobalTracer.printPidInfo_Info: [14.821] elevatorPidController: Target=   6.0, Input=   5.7, Error=   0.3, PIDTerms= 0.061/-0.005/ 0.000/ 0.000, Output= 0.056(-1.000/1.000), Volt=12.3(9.6)
GlobalTracer.printPidInfo_Info: [14.874] elevatorPidController: Target=   6.0, Input=   5.7, Error=   0.3, PIDTerms= 0.061/-0.005/ 0.000/ 0.000, Output= 0.056(-1.000/1.000), Volt=12.3(9.6)
GlobalTracer.PowerUse_Info: Battery - currVoltage: 12.20, lowestVoltage: 9.55
GlobalTracer.PowerUse_Info: Power: pdpTotalCurrent: 10.00 elev: 0.25 winch: 0.00, pickup: 10.63, total: 1.85
GlobalTracer.printPidInfo_Info: [14.967] elevatorPidController: Target=   6.0, Input=   5.7, Error=   0.3, PIDTerms= 0.061/-0.005/ 0.000/ 0.000, Output= 0.056(-1.000/1.000), Volt=12.2(9.6)
GlobalTracer.printPidInfo_Info: [15.029] elevatorPidController: Target=   6.0, Input=   5.7, Error=   0.3, PIDTerms= 0.061/-0.005/ 0.000/ 0.000, Output= 0.057(-1.000/1.000), Volt=12.3(9.6)
GlobalTracer.PowerUse_Info: Battery - currVoltage: 12.20, lowestVoltage: 9.55
GlobalTracer.PowerUse_Info: Power: pdpTotalCurrent: 10.00 elev: 0.25 winch: 0.00, pickup: 10.25, total: 1.86
GlobalTracer.printPidInfo_Info: [15.111] elevatorPidController: Target=   6.0, Input=   5.7, Error=   0.3, PIDTerms= 0.061/-0.005/ 0.000/ 0.000, Output= 0.057(-1.000/1.000), Volt=12.2(9.6)
GlobalTracer.printPidInfo_Info: [15.170] elevatorPidController: Target=   6.0, Input=   5.7, Error=   0.3, PIDTerms= 0.061/-0.005/ 0.000/ 0.000, Output= 0.057(-1.000/1.000), Volt=12.3(9.6)
GlobalTracer.PowerUse_Info: Battery - currVoltage: 12.15, lowestVoltage: 9.55
GlobalTracer.PowerUse_Info: Power: pdpTotalCurrent: 10.13 elev: 0.25 winch: 0.00, pickup: 10.25, total: 1.86
GlobalTracer.printPidInfo_Info: [15.247] elevatorPidController: Target=   6.0, Input=   5.7, Error=   0.3, PIDTerms= 0.061/-0.005/ 0.000/ 0.000, Output= 0.057(-1.000/1.000), Volt=12.2(9.6)
GlobalTracer.printPidInfo_Info: [15.292] elevatorPidController: Target=   6.0, Input=   5.7, Error=   0.3, PIDTerms= 0.061/-0.005/ 0.000/ 0.000, Output= 0.057(-1.000/1.000), Volt=12.2(9.6)
GlobalTracer.PowerUse_Info: Battery - currVoltage: 12.20, lowestVoltage: 9.55
GlobalTracer.PowerUse_Info: Power: pdpTotalCurrent: 10.00 elev: 0.25 winch: 0.00, pickup: 10.00, total: 1.87
GlobalTracer.Diagnostics_Info: ### Diagnostics: left sonar did not change enough and might be unplugged
GlobalTracer.Diagnostics_Info: ### Diagnostics: right sonar did not change enough and might be unplugged
GlobalTracer.Diagnostics_Info: ### Diagnostics: grabber cube proximity sensor never changed states / might be unplugged
GlobalTracer.Vision_Info: Pixy is disabled!
GlobalTracer.Robot_Info: TotalEnergy=1.868
