GlobalTracer.FirstPowerUp_Info: Sat Mar 24 12:48:14 PDT 2018: ***** Starting autonomous *****
GlobalTracer.FirstPowerUp_Info: WASNO_Qualification_ 14 (Blue3) [FMSConnected=true]
GlobalTracer.CmdAutoSwitch_Info: alliance=Blue, gameSpecificMsg=LLL, delay=0.000, fwdDistance=10, startPosition=-102.0, flipInFlight=true
GlobalTracer.Vision_Info: Pixy is enabled!
GlobalTracer.Robot_Info: [0.543]   DO_DELAY: xPos=  0.00,yPos=  0.00,heading=   0.0/   0.0,volts=12.6(12.6)
GlobalTracer.startCompetition_Warn: AUTO_MODE takes too long (0.619s)

GlobalTracer.Robot_Info: [0.615] DRIVE_FORWARD_DISTANCE: xPos=  0.00,yPos=  0.00,heading=   0.0/   0.0,volts=12.6(12.6)
GlobalTracer.printPidInfo_Info: [0.615] encoderXPidCtrl: Target=   0.0, Input=   0.0, Error=   0.0, PIDTerms= 0.000/ 0.000/ 0.000/ 0.000, Output= 0.000(-0.700/0.700), Volt=12.6(12.6)
GlobalTracer.printPidInfo_Info: [0.615] encoderYPidCtrl: Target=-129.0, Input=   0.0, Error=-129.0, PIDTerms= 0.000/ 0.000/ 0.000/ 0.000, Output= 0.000(-0.600/0.600), Volt=12.6(12.6)
GlobalTracer.printPidInfo_Info: [0.615] gyroTurnPidCtrl: Target=   0.0, Input=   0.0, Error=   0.0, PIDTerms= 0.000/ 0.000/ 0.000/ 0.000, Output= 0.000(-0.700/0.700), Volt=12.6(12.6)
GlobalTracer.startCompetition_Warn: AUTO_MODE takes too long (0.130s)

GlobalTracer.SonarTrigger_Info: [0.770] prevZone=-1, currZone=1, distance=64.68
GlobalTracer.printPidInfo_Info: [0.770] encoderXPidCtrl: Target=   0.0, Input=   0.0, Error=   0.0, PIDTerms= 0.000/ 0.000/ 0.000/ 0.000, Output= 0.000(-0.700/0.700), Volt=10.6(10.7)
GlobalTracer.printPidInfo_Info: [0.770] encoderYPidCtrl: Target=-129.0, Input=   0.0, Error=-129.0, PIDTerms=-3.870/ 0.000/ 0.000/-0.000, Output=-0.600(-0.600/0.600), Volt=10.3(10.7)
GlobalTracer.printPidInfo_Info: [0.770] gyroTurnPidCtrl: Target=   0.0, Input=   0.0, Error=   0.0, PIDTerms= 0.000/ 0.000/ 0.000/ 0.000, Output= 0.000(-0.700/0.700), Volt=10.3(10.7)
GlobalTracer.startCompetition_Warn: AUTO_MODE takes too long (0.102s)

GlobalTracer.SonarTrigger_Info: [0.867] prevZone=1, currZone=0, distance=15.64
GlobalTracer.AutoSwitchPeriodic_Info: sonarDistance=15.6, yPos=3.3
GlobalTracer.Robot_Info: [0.867] CHECK_SONAR_DISTANCE: xPos= -0.83,yPos= -3.26,heading=  -0.2/   0.0,volts=10.4(10.7)
GlobalTracer.Robot_Info: [0.915] SONAR_FLIP_CUBE: xPos= -1.26,yPos= -5.53,heading=  -0.8/   0.0,volts=12.4(10.7)
GlobalTracer.startCompetition_Warn: AUTO_MODE takes too long (0.114s)

GlobalTracer.Robot_Info: [1.436] SONAR_POSITION_TO_STRAFE: xPos= -1.09,yPos=-10.04,heading=  -0.8/   0.0,volts=12.5(10.7)
GlobalTracer.printPidInfo_Info: [1.436] encoderXPidCtrl: Target=  -1.1, Input=  -0.2, Error=   0.0, PIDTerms= 0.023/ 0.000/ 0.019/ 0.000, Output= 0.000(-0.700/0.700), Volt=12.5(10.7)
GlobalTracer.printPidInfo_Info: [1.436] encoderYPidCtrl: Target=-215.8, Input=  -0.7, Error=-205.7, PIDTerms=-3.848/ 0.000/ 0.006/-0.000, Output= 0.000(-0.600/0.600), Volt=12.5(10.7)
GlobalTracer.printPidInfo_Info: [1.436] gyroTurnPidCtrl: Target=   0.0, Input=   0.0, Error=   0.8, PIDTerms=-0.000/ 0.000/-0.000/ 0.000, Output= 0.000(-0.700/0.700), Volt=12.5(10.7)
GlobalTracer.printPidInfo_Info: [1.532] encoderXPidCtrl: Target=  -1.1, Input=  -1.1, Error=   0.0, PIDTerms= 0.000/ 0.000/ 0.000/-0.000, Output= 0.000(-0.700/0.700), Volt=10.4(10.7)
GlobalTracer.printPidInfo_Info: [1.532] encoderYPidCtrl: Target=-215.8, Input= -10.0, Error=-205.7, PIDTerms=-6.172/ 0.000/ 0.000/-0.000, Output=-0.600(-0.600/0.600), Volt=10.4(10.7)
GlobalTracer.printPidInfo_Info: [1.532] gyroTurnPidCtrl: Target=   0.0, Input=  -0.8, Error=   0.8, PIDTerms= 0.010/ 0.000/ 0.000/ 0.000, Output= 0.010(-0.700/0.700), Volt=10.4(10.7)
GlobalTracer.startCompetition_Warn: AUTO_MODE takes too long (0.129s)

GlobalTracer.printPidInfo_Info: [1.665] encoderXPidCtrl: Target=  -1.1, Input=  -1.4, Error=   0.3, PIDTerms= 0.048/ 0.000/ 0.037/-0.000, Output= 0.086(-0.700/0.700), Volt=10.5(10.5)
GlobalTracer.printPidInfo_Info: [1.665] encoderYPidCtrl: Target=-215.8, Input= -11.0, Error=-204.7, PIDTerms=-6.142/ 0.000/ 0.008/-0.000, Output=-0.600(-0.600/0.600), Volt=10.5(10.5)
GlobalTracer.printPidInfo_Info: [1.665] gyroTurnPidCtrl: Target=   0.0, Input=  -0.7, Error=   0.7, PIDTerms= 0.009/ 0.000/-0.001/ 0.000, Output= 0.008(-0.700/0.700), Volt=10.5(10.5)
GlobalTracer.startCompetition_Warn: AUTO_MODE takes too long (0.107s)

GlobalTracer.printPidInfo_Info: [1.775] encoderXPidCtrl: Target=  -1.1, Input=  -2.7, Error=   1.6, PIDTerms= 0.242/ 0.000/ 0.157/-0.000, Output= 0.399(-0.700/0.700), Volt=9.7(9.9)
GlobalTracer.printPidInfo_Info: [1.775] encoderYPidCtrl: Target=-215.8, Input= -15.7, Error=-200.1, PIDTerms=-6.003/ 0.000/ 0.038/-0.000, Output=-0.600(-0.600/0.600), Volt=9.7(9.9)
GlobalTracer.printPidInfo_Info: [1.775] gyroTurnPidCtrl: Target=   0.0, Input=  -1.5, Error=   1.5, PIDTerms= 0.019/ 0.000/ 0.007/ 0.000, Output= 0.025(-0.700/0.700), Volt=9.7(9.9)
GlobalTracer.startCompetition_Warn: AUTO_MODE takes too long (0.116s)

GlobalTracer.printPidInfo_Info: [1.894] encoderXPidCtrl: Target=  -1.1, Input=  -2.7, Error=   1.6, PIDTerms= 0.242/ 0.000/ 0.000/-0.000, Output= 0.243(-0.700/0.700), Volt=10.5(9.9)
GlobalTracer.printPidInfo_Info: [1.894] encoderYPidCtrl: Target=-215.8, Input= -20.8, Error=-195.0, PIDTerms=-5.849/ 0.000/ 0.043/-0.000, Output=-0.600(-0.600/0.600), Volt=10.5(9.9)
GlobalTracer.printPidInfo_Info: [1.894] gyroTurnPidCtrl: Target=   0.0, Input=  -2.0, Error=   2.0, PIDTerms= 0.023/ 0.000/ 0.003/ 0.000, Output= 0.027(-0.700/0.700), Volt=10.7(9.9)
GlobalTracer.startCompetition_Warn: AUTO_MODE takes too long (0.109s)

GlobalTracer.printPidInfo_Info: [2.006] encoderXPidCtrl: Target=  -1.1, Input=  -1.9, Error=   0.8, PIDTerms= 0.114/ 0.000/-0.111/-0.000, Output= 0.003(-0.700/0.700), Volt=11.1(9.9)
GlobalTracer.printPidInfo_Info: [2.006] encoderYPidCtrl: Target=-215.8, Input= -26.4, Error=-189.4, PIDTerms=-5.682/ 0.000/ 0.048/-0.000, Output=-0.600(-0.600/0.600), Volt=11.2(9.9)
GlobalTracer.printPidInfo_Info: [2.006] gyroTurnPidCtrl: Target=   0.0, Input=  -1.3, Error=   1.3, PIDTerms= 0.016/ 0.000/-0.006/ 0.000, Output= 0.010(-0.700/0.700), Volt=11.2(9.9)
GlobalTracer.startCompetition_Warn: AUTO_MODE takes too long (0.122s)

GlobalTracer.printPidInfo_Info: [2.130] encoderXPidCtrl: Target=  -1.1, Input=  -1.2, Error=   0.1, PIDTerms= 0.022/ 0.000/-0.086/-0.000, Output=-0.064(-0.700/0.700), Volt=11.3(9.9)
GlobalTracer.printPidInfo_Info: [2.130] encoderYPidCtrl: Target=-215.8, Input= -33.5, Error=-182.3, PIDTerms=-5.470/ 0.000/ 0.066/-0.000, Output=-0.600(-0.600/0.600), Volt=11.3(9.9)
GlobalTracer.printPidInfo_Info: [2.130] gyroTurnPidCtrl: Target=   0.0, Input=  -0.5, Error=   0.5, PIDTerms= 0.006/ 0.000/-0.008/ 0.000, Output=-0.002(-0.700/0.700), Volt=11.3(9.9)
GlobalTracer.startCompetition_Warn: AUTO_MODE takes too long (0.122s)

GlobalTracer.printPidInfo_Info: [2.255] encoderXPidCtrl: Target=  -1.1, Input=  -1.2, Error=   0.1, PIDTerms= 0.022/ 0.000/ 0.000/-0.000, Output= 0.023(-0.700/0.700), Volt=11.4(9.9)
GlobalTracer.printPidInfo_Info: [2.255] encoderYPidCtrl: Target=-215.8, Input= -42.2, Error=-173.6, PIDTerms=-5.208/ 0.000/ 0.066/-0.000, Output=-0.600(-0.600/0.600), Volt=11.4(9.9)
GlobalTracer.printPidInfo_Info: [2.255] gyroTurnPidCtrl: Target=   0.0, Input=   0.1, Error=  -0.1, PIDTerms=-0.002/ 0.000/-0.005/ 0.000, Output=-0.006(-0.700/0.700), Volt=11.4(9.9)
GlobalTracer.startCompetition_Warn: AUTO_MODE takes too long (0.128s)

GlobalTracer.printPidInfo_Info: [2.386] encoderXPidCtrl: Target=  -1.1, Input=  -1.5, Error=   0.4, PIDTerms= 0.066/ 0.000/ 0.033/-0.000, Output= 0.100(-0.700/0.700), Volt=11.5(9.9)
GlobalTracer.printPidInfo_Info: [2.386] encoderYPidCtrl: Target=-215.8, Input= -52.6, Error=-163.2, PIDTerms=-4.896/ 0.000/ 0.079/-0.000, Output=-0.600(-0.600/0.600), Volt=11.5(9.9)
GlobalTracer.printPidInfo_Info: [2.386] gyroTurnPidCtrl: Target=   0.0, Input=   0.5, Error=  -0.5, PIDTerms=-0.006/ 0.000/-0.003/ 0.000, Output=-0.008(-0.700/0.700), Volt=11.5(9.9)
GlobalTracer.startCompetition_Warn: AUTO_MODE takes too long (0.104s)

GlobalTracer.printPidInfo_Info: [2.492] encoderXPidCtrl: Target=  -1.1, Input=  -1.6, Error=   0.5, PIDTerms= 0.070/ 0.000/ 0.004/-0.000, Output= 0.074(-0.700/0.700), Volt=11.5(9.9)
GlobalTracer.printPidInfo_Info: [2.492] encoderYPidCtrl: Target=-215.8, Input= -63.6, Error=-152.2, PIDTerms=-4.565/ 0.000/ 0.106/-0.000, Output=-0.600(-0.600/0.600), Volt=11.6(9.9)
GlobalTracer.printPidInfo_Info: [2.492] gyroTurnPidCtrl: Target=   0.0, Input=   0.8, Error=  -0.8, PIDTerms=-0.009/ 0.000/-0.003/ 0.000, Output=-0.012(-0.700/0.700), Volt=11.6(9.9)
GlobalTracer.startCompetition_Warn: AUTO_MODE takes too long (0.132s)

GlobalTracer.printPidInfo_Info: [2.628] encoderXPidCtrl: Target=  -1.1, Input=  -1.3, Error=   0.2, PIDTerms= 0.034/ 0.000/-0.026/-0.000, Output= 0.008(-0.700/0.700), Volt=11.6(9.9)
GlobalTracer.printPidInfo_Info: [2.628] encoderYPidCtrl: Target=-215.8, Input= -73.4, Error=-142.4, PIDTerms=-4.271/ 0.000/ 0.070/-0.000, Output=-0.600(-0.600/0.600), Volt=11.6(9.9)
GlobalTracer.printPidInfo_Info: [2.628] gyroTurnPidCtrl: Target=   0.0, Input=   1.1, Error=  -1.1, PIDTerms=-0.014/ 0.000/-0.003/ 0.000, Output=-0.016(-0.700/0.700), Volt=11.6(9.9)
GlobalTracer.startCompetition_Warn: AUTO_MODE takes too long (0.110s)

GlobalTracer.printPidInfo_Info: [2.740] encoderXPidCtrl: Target=  -1.1, Input=  -1.1, Error=   0.1, PIDTerms= 0.008/ 0.000/-0.022/-0.000, Output=-0.014(-0.700/0.700), Volt=11.7(9.9)
GlobalTracer.printPidInfo_Info: [2.740] encoderYPidCtrl: Target=-215.8, Input= -85.6, Error=-130.2, PIDTerms=-3.906/ 0.000/ 0.106/-0.000, Output=-0.600(-0.600/0.600), Volt=11.7(9.9)
GlobalTracer.printPidInfo_Info: [2.740] gyroTurnPidCtrl: Target=   0.0, Input=   1.5, Error=  -1.5, PIDTerms=-0.018/ 0.000/-0.003/ 0.000, Output=-0.020(-0.700/0.700), Volt=11.7(9.9)
GlobalTracer.startCompetition_Warn: AUTO_MODE takes too long (0.102s)

GlobalTracer.printPidInfo_Info: [2.843] encoderXPidCtrl: Target=  -1.1, Input=  -0.8, Error=  -0.3, PIDTerms=-0.040/ 0.000/-0.044/-0.000, Output=-0.084(-0.700/0.700), Volt=11.7(9.9)
GlobalTracer.printPidInfo_Info: [2.843] encoderYPidCtrl: Target=-215.8, Input= -96.6, Error=-119.1, PIDTerms=-3.574/ 0.000/ 0.100/-0.000, Output=-0.600(-0.600/0.600), Volt=11.7(9.9)
GlobalTracer.printPidInfo_Info: [2.843] gyroTurnPidCtrl: Target=   0.0, Input=   1.4, Error=  -1.4, PIDTerms=-0.017/ 0.000/ 0.000/ 0.000, Output=-0.017(-0.700/0.700), Volt=11.7(9.9)
GlobalTracer.startCompetition_Warn: AUTO_MODE takes too long (0.102s)

GlobalTracer.printPidInfo_Info: [2.946] encoderXPidCtrl: Target=  -1.1, Input=  -1.5, Error=   0.4, PIDTerms= 0.057/ 0.000/ 0.131/-0.000, Output= 0.188(-0.700/0.700), Volt=11.6(9.9)
GlobalTracer.printPidInfo_Info: [2.946] encoderYPidCtrl: Target=-215.8, Input=-107.1, Error=-108.6, PIDTerms=-3.259/ 0.000/ 0.141/-0.000, Output=-0.600(-0.600/0.600), Volt=11.6(9.9)
GlobalTracer.printPidInfo_Info: [2.946] gyroTurnPidCtrl: Target=   0.0, Input=   1.2, Error=  -1.2, PIDTerms=-0.015/ 0.000/ 0.003/ 0.000, Output=-0.012(-0.700/0.700), Volt=11.6(9.9)
GlobalTracer.printPidInfo_Info: [3.030] encoderXPidCtrl: Target=  -1.1, Input=  -1.5, Error=   0.4, PIDTerms= 0.059/ 0.000/ 0.002/-0.000, Output= 0.061(-0.700/0.700), Volt=11.8(9.9)
GlobalTracer.printPidInfo_Info: [3.030] encoderYPidCtrl: Target=-215.8, Input=-117.3, Error= -98.5, PIDTerms=-2.956/ 0.000/ 0.084/-0.000, Output=-0.600(-0.600/0.600), Volt=11.8(9.9)
GlobalTracer.printPidInfo_Info: [3.030] gyroTurnPidCtrl: Target=   0.0, Input=   1.2, Error=  -1.2, PIDTerms=-0.015/ 0.000/-0.000/ 0.000, Output=-0.015(-0.700/0.700), Volt=11.8(9.9)
GlobalTracer.printPidInfo_Info: [3.116] encoderXPidCtrl: Target=  -1.1, Input=  -1.0, Error=  -0.1, PIDTerms=-0.013/ 0.000/-0.120/-0.000, Output=-0.132(-0.700/0.700), Volt=11.7(9.9)
GlobalTracer.printPidInfo_Info: [3.116] encoderYPidCtrl: Target=-215.8, Input=-125.1, Error= -90.7, PIDTerms=-2.720/ 0.000/ 0.132/-0.000, Output=-0.600(-0.600/0.600), Volt=11.7(9.9)
GlobalTracer.printPidInfo_Info: [3.116] gyroTurnPidCtrl: Target=   0.0, Input=   1.6, Error=  -1.6, PIDTerms=-0.019/ 0.000/-0.006/ 0.000, Output=-0.024(-0.700/0.700), Volt=11.7(9.9)
GlobalTracer.startCompetition_Warn: AUTO_MODE takes too long (0.113s)

GlobalTracer.printPidInfo_Info: [3.230] encoderXPidCtrl: Target=  -1.1, Input=  -1.2, Error=   0.1, PIDTerms= 0.015/ 0.000/ 0.023/-0.000, Output= 0.037(-0.700/0.700), Volt=11.8(9.9)
GlobalTracer.printPidInfo_Info: [3.230] encoderYPidCtrl: Target=-215.8, Input=-135.4, Error= -80.4, PIDTerms=-2.411/ 0.000/ 0.086/-0.000, Output=-0.600(-0.600/0.600), Volt=11.8(9.9)
GlobalTracer.printPidInfo_Info: [3.230] gyroTurnPidCtrl: Target=   0.0, Input=   1.6, Error=  -1.6, PIDTerms=-0.020/ 0.000/-0.001/ 0.000, Output=-0.020(-0.700/0.700), Volt=11.8(9.9)
GlobalTracer.startCompetition_Warn: AUTO_MODE takes too long (0.138s)

GlobalTracer.printPidInfo_Info: [3.368] encoderXPidCtrl: Target=  -1.1, Input=  -1.6, Error=   0.5, PIDTerms= 0.071/ 0.000/ 0.040/-0.000, Output= 0.111(-0.700/0.700), Volt=11.7(9.9)
GlobalTracer.printPidInfo_Info: [3.368] encoderYPidCtrl: Target=-215.8, Input=-145.8, Error= -70.0, PIDTerms=-2.100/ 0.000/ 0.074/-0.000, Output=-0.600(-0.600/0.600), Volt=11.7(9.9)
GlobalTracer.printPidInfo_Info: [3.368] gyroTurnPidCtrl: Target=   0.0, Input=   1.5, Error=  -1.5, PIDTerms=-0.019/ 0.000/ 0.001/ 0.000, Output=-0.018(-0.700/0.700), Volt=11.7(9.9)
GlobalTracer.startCompetition_Warn: AUTO_MODE takes too long (0.104s)

GlobalTracer.printPidInfo_Info: [3.476] encoderXPidCtrl: Target=  -1.1, Input=  -1.6, Error=   0.5, PIDTerms= 0.075/ 0.000/ 0.004/-0.000, Output= 0.079(-0.700/0.700), Volt=11.8(9.9)
GlobalTracer.printPidInfo_Info: [3.476] encoderYPidCtrl: Target=-215.8, Input=-160.5, Error= -55.3, PIDTerms=-1.659/ 0.000/ 0.122/-0.000, Output=-0.600(-0.600/0.600), Volt=11.8(9.9)
GlobalTracer.printPidInfo_Info: [3.476] gyroTurnPidCtrl: Target=   0.0, Input=   1.5, Error=  -1.5, PIDTerms=-0.017/ 0.000/ 0.001/ 0.000, Output=-0.017(-0.700/0.700), Volt=11.8(9.9)
GlobalTracer.startCompetition_Warn: AUTO_MODE takes too long (0.107s)

GlobalTracer.printPidInfo_Info: [3.584] encoderXPidCtrl: Target=  -1.1, Input=  -1.3, Error=   0.2, PIDTerms= 0.030/ 0.000/-0.046/-0.000, Output=-0.016(-0.700/0.700), Volt=11.9(9.9)
GlobalTracer.printPidInfo_Info: [3.584] encoderYPidCtrl: Target=-215.8, Input=-172.9, Error= -42.8, PIDTerms=-1.285/ 0.000/ 0.127/-0.000, Output=-0.600(-0.600/0.600), Volt=11.9(9.9)
GlobalTracer.printPidInfo_Info: [3.584] gyroTurnPidCtrl: Target=   0.0, Input=   1.4, Error=  -1.4, PIDTerms=-0.017/ 0.000/ 0.000/ 0.000, Output=-0.017(-0.700/0.700), Volt=11.9(9.9)
GlobalTracer.printPidInfo_Info: [3.670] encoderXPidCtrl: Target=  -1.1, Input=  -1.2, Error=   0.1, PIDTerms= 0.014/ 0.000/-0.019/-0.000, Output=-0.005(-0.700/0.700), Volt=11.9(9.9)
GlobalTracer.printPidInfo_Info: [3.670] encoderYPidCtrl: Target=-215.8, Input=-183.4, Error= -32.3, PIDTerms=-0.970/ 0.000/ 0.117/-0.000, Output=-0.600(-0.600/0.600), Volt=11.9(9.9)
GlobalTracer.printPidInfo_Info: [3.670] gyroTurnPidCtrl: Target=   0.0, Input=   1.1, Error=  -1.1, PIDTerms=-0.013/ 0.000/ 0.004/ 0.000, Output=-0.009(-0.700/0.700), Volt=11.9(9.9)
GlobalTracer.startCompetition_Warn: AUTO_MODE takes too long (0.108s)

GlobalTracer.printPidInfo_Info: [3.779] encoderXPidCtrl: Target=  -1.1, Input=  -1.3, Error=   0.2, PIDTerms= 0.025/ 0.000/ 0.011/-0.000, Output= 0.037(-0.700/0.700), Volt=11.8(9.9)
GlobalTracer.printPidInfo_Info: [3.779] encoderYPidCtrl: Target=-215.8, Input=-192.0, Error= -23.8, PIDTerms=-0.714/ 0.000/ 0.094/-0.000, Output=-0.600(-0.600/0.600), Volt=11.8(9.9)
GlobalTracer.printPidInfo_Info: [3.779] gyroTurnPidCtrl: Target=   0.0, Input=   0.4, Error=  -0.4, PIDTerms=-0.005/ 0.000/ 0.007/ 0.000, Output= 0.003(-0.700/0.700), Volt=11.8(9.9)
GlobalTracer.printPidInfo_Info: [3.875] encoderXPidCtrl: Target=  -1.1, Input=  -1.3, Error=   0.2, PIDTerms= 0.033/ 0.000/ 0.007/-0.000, Output= 0.039(-0.700/0.700), Volt=12.6(9.9)
GlobalTracer.printPidInfo_Info: [3.875] encoderYPidCtrl: Target=-215.8, Input=-203.7, Error= -12.1, PIDTerms=-0.362/ 0.000/ 0.106/-0.000, Output=-0.256(-0.600/0.600), Volt=12.6(9.9)
GlobalTracer.printPidInfo_Info: [3.875] gyroTurnPidCtrl: Target=   0.0, Input=   0.3, Error=  -0.3, PIDTerms=-0.003/ 0.000/ 0.001/ 0.000, Output=-0.002(-0.700/0.700), Volt=12.6(9.9)
GlobalTracer.startCompetition_Warn: AUTO_MODE takes too long (0.126s)

GlobalTracer.printPidInfo_Info: [4.002] encoderXPidCtrl: Target=  -1.1, Input=  -1.2, Error=   0.1, PIDTerms= 0.014/ 0.000/-0.018/-0.000, Output=-0.004(-0.700/0.700), Volt=12.2(9.9)
GlobalTracer.printPidInfo_Info: [4.002] encoderYPidCtrl: Target=-215.8, Input=-214.5, Error=  -1.3, PIDTerms=-0.038/ 0.000/ 0.099/-0.000, Output= 0.061(-0.600/0.600), Volt=12.2(9.9)
GlobalTracer.printPidInfo_Info: [4.002] gyroTurnPidCtrl: Target=   0.0, Input=   0.8, Error=  -0.8, PIDTerms=-0.010/ 0.000/-0.005/ 0.000, Output=-0.015(-0.700/0.700), Volt=12.2(9.9)
GlobalTracer.printPidInfo_Info: [4.100] encoderXPidCtrl: Target=  -1.1, Input=  -0.6, Error=  -0.5, PIDTerms=-0.080/ 0.000/-0.082/-0.000, Output=-0.162(-0.700/0.700), Volt=11.2(9.9)
GlobalTracer.printPidInfo_Info: [4.100] encoderYPidCtrl: Target=-215.8, Input=-222.8, Error=   7.0, PIDTerms= 0.211/ 0.000/ 0.073/-0.000, Output= 0.283(-0.600/0.600), Volt=11.3(9.9)
GlobalTracer.printPidInfo_Info: [4.100] gyroTurnPidCtrl: Target=   0.0, Input=   0.9, Error=  -0.9, PIDTerms=-0.011/ 0.000/-0.001/ 0.000, Output=-0.012(-0.700/0.700), Volt=11.3(9.9)
GlobalTracer.printPidInfo_Info: [4.200] encoderXPidCtrl: Target=  -1.1, Input=  -0.1, Error=  -1.0, PIDTerms=-0.154/ 0.000/-0.069/-0.000, Output=-0.223(-0.700/0.700), Volt=10.9(9.9)
GlobalTracer.printPidInfo_Info: [4.200] encoderYPidCtrl: Target=-215.8, Input=-226.1, Error=  10.4, PIDTerms= 0.311/ 0.000/ 0.031/-0.000, Output= 0.342(-0.600/0.600), Volt=10.9(9.9)
GlobalTracer.printPidInfo_Info: [4.200] gyroTurnPidCtrl: Target=   0.0, Input=  -0.4, Error=   0.4, PIDTerms= 0.004/ 0.000/ 0.012/ 0.000, Output= 0.016(-0.700/0.700), Volt=10.9(9.9)
GlobalTracer.printPidInfo_Info: [4.289] encoderXPidCtrl: Target=  -1.1, Input=  -0.3, Error=  -0.8, PIDTerms=-0.116/ 0.000/ 0.049/-0.000, Output=-0.067(-0.700/0.700), Volt=11.2(9.9)
GlobalTracer.printPidInfo_Info: [4.289] encoderYPidCtrl: Target=-215.8, Input=-227.2, Error=  11.4, PIDTerms= 0.342/ 0.000/ 0.014/-0.000, Output= 0.356(-0.600/0.600), Volt=11.2(9.9)
GlobalTracer.printPidInfo_Info: [4.289] gyroTurnPidCtrl: Target=   0.0, Input=  -2.3, Error=   2.3, PIDTerms= 0.027/ 0.000/ 0.025/ 0.000, Output= 0.052(-0.700/0.700), Volt=11.2(9.9)
GlobalTracer.printPidInfo_Info: [4.389] encoderXPidCtrl: Target=  -1.1, Input=  -0.3, Error=  -0.8, PIDTerms=-0.124/ 0.000/-0.007/-0.000, Output=-0.130(-0.700/0.700), Volt=11.2(9.9)
GlobalTracer.printPidInfo_Info: [4.389] encoderYPidCtrl: Target=-215.8, Input=-227.2, Error=  11.4, PIDTerms= 0.341/ 0.000/-0.000/-0.000, Output= 0.341(-0.600/0.600), Volt=11.2(9.9)
GlobalTracer.printPidInfo_Info: [4.389] gyroTurnPidCtrl: Target=   0.0, Input=  -4.0, Error=   4.0, PIDTerms= 0.048/ 0.000/ 0.016/ 0.000, Output= 0.063(-0.700/0.700), Volt=11.2(9.9)
GlobalTracer.printPidInfo_Info: [4.486] encoderXPidCtrl: Target=  -1.1, Input=   0.5, Error=  -1.6, PIDTerms=-0.237/ 0.000/-0.115/-0.000, Output=-0.352(-0.700/0.700), Volt=10.6(9.9)
GlobalTracer.printPidInfo_Info: [4.486] encoderYPidCtrl: Target=-215.8, Input=-226.3, Error=  10.5, PIDTerms= 0.315/ 0.000/-0.009/-0.000, Output= 0.306(-0.600/0.600), Volt=10.6(9.9)
GlobalTracer.printPidInfo_Info: [4.486] gyroTurnPidCtrl: Target=   0.0, Input=  -6.7, Error=   6.7, PIDTerms= 0.080/ 0.000/ 0.028/ 0.000, Output= 0.108(-0.700/0.700), Volt=10.6(9.9)
GlobalTracer.printPidInfo_Info: [4.575] encoderXPidCtrl: Target=  -1.1, Input=   0.5, Error=  -1.6, PIDTerms=-0.241/ 0.000/-0.006/-0.000, Output=-0.247(-0.700/0.700), Volt=11.2(9.9)
GlobalTracer.printPidInfo_Info: [4.575] encoderYPidCtrl: Target=-215.8, Input=-225.1, Error=   9.3, PIDTerms= 0.280/ 0.000/-0.015/-0.000, Output= 0.265(-0.600/0.600), Volt=11.2(9.9)
GlobalTracer.printPidInfo_Info: [4.575] gyroTurnPidCtrl: Target=   0.0, Input=  -7.8, Error=   7.8, PIDTerms= 0.094/ 0.000/ 0.014/ 0.000, Output= 0.108(-0.700/0.700), Volt=11.2(9.9)
GlobalTracer.startCompetition_Warn: AUTO_MODE takes too long (0.108s)

GlobalTracer.printPidInfo_Info: [4.685] encoderXPidCtrl: Target=  -1.1, Input=   0.1, Error=  -1.2, PIDTerms=-0.176/ 0.000/ 0.057/-0.000, Output=-0.120(-0.700/0.700), Volt=11.8(9.9)
GlobalTracer.printPidInfo_Info: [4.685] encoderYPidCtrl: Target=-215.8, Input=-223.8, Error=   8.0, PIDTerms= 0.241/ 0.000/-0.011/-0.000, Output= 0.229(-0.600/0.600), Volt=11.8(9.9)
GlobalTracer.printPidInfo_Info: [4.685] gyroTurnPidCtrl: Target=   0.0, Input=  -8.0, Error=   8.0, PIDTerms= 0.096/ 0.000/ 0.002/ 0.000, Output= 0.098(-0.700/0.700), Volt=11.7(9.9)
GlobalTracer.startCompetition_Warn: AUTO_MODE takes too long (0.122s)

GlobalTracer.printPidInfo_Info: [4.808] encoderXPidCtrl: Target=  -1.1, Input=  -0.2, Error=  -0.9, PIDTerms=-0.141/ 0.000/ 0.030/-0.000, Output=-0.111(-0.700/0.700), Volt=11.9(9.9)
GlobalTracer.printPidInfo_Info: [4.808] encoderYPidCtrl: Target=-215.8, Input=-221.7, Error=   6.0, PIDTerms= 0.179/ 0.000/-0.017/-0.000, Output= 0.162(-0.600/0.600), Volt=11.9(9.9)
GlobalTracer.printPidInfo_Info: [4.808] gyroTurnPidCtrl: Target=   0.0, Input=  -6.8, Error=   6.8, PIDTerms= 0.082/ 0.000/-0.010/ 0.000, Output= 0.072(-0.700/0.700), Volt=11.9(9.9)
GlobalTracer.startCompetition_Warn: AUTO_MODE takes too long (0.142s)

GlobalTracer.printPidInfo_Info: [4.951] encoderXPidCtrl: Target=  -1.1, Input=  -0.3, Error=  -0.8, PIDTerms=-0.115/ 0.000/ 0.019/-0.000, Output=-0.097(-0.700/0.700), Volt=12.0(9.9)
GlobalTracer.printPidInfo_Info: [4.951] encoderYPidCtrl: Target=-215.8, Input=-219.8, Error=   4.0, PIDTerms= 0.119/ 0.000/-0.014/-0.000, Output= 0.105(-0.600/0.600), Volt=12.0(9.9)
GlobalTracer.printPidInfo_Info: [4.951] gyroTurnPidCtrl: Target=   0.0, Input=  -8.0, Error=   8.0, PIDTerms= 0.096/ 0.000/ 0.009/ 0.000, Output= 0.105(-0.700/0.700), Volt=12.0(9.9)
GlobalTracer.startCompetition_Warn: AUTO_MODE takes too long (0.140s)

GlobalTracer.printPidInfo_Info: [5.092] encoderXPidCtrl: Target=  -1.1, Input=  -0.5, Error=  -0.5, PIDTerms=-0.082/ 0.000/ 0.023/-0.000, Output=-0.059(-0.700/0.700), Volt=12.0(9.9)
GlobalTracer.printPidInfo_Info: [5.092] encoderYPidCtrl: Target=-215.8, Input=-218.9, Error=   3.1, PIDTerms= 0.093/ 0.000/-0.006/-0.000, Output= 0.087(-0.600/0.600), Volt=12.0(9.9)
GlobalTracer.printPidInfo_Info: [5.092] gyroTurnPidCtrl: Target=   0.0, Input= -10.6, Error=  10.6, PIDTerms= 0.127/ 0.000/ 0.018/ 0.000, Output= 0.146(-0.700/0.700), Volt=12.0(9.9)
GlobalTracer.startCompetition_Warn: AUTO_MODE takes too long (0.106s)

GlobalTracer.printPidInfo_Info: [5.199] encoderXPidCtrl: Target=  -1.1, Input=  -0.6, Error=  -0.5, PIDTerms=-0.079/ 0.000/ 0.003/-0.000, Output=-0.076(-0.700/0.700), Volt=12.0(9.9)
GlobalTracer.printPidInfo_Info: [5.199] encoderYPidCtrl: Target=-215.8, Input=-218.9, Error=   3.1, PIDTerms= 0.094/ 0.000/ 0.000/-0.000, Output= 0.094(-0.600/0.600), Volt=12.0(9.9)
GlobalTracer.printPidInfo_Info: [5.199] gyroTurnPidCtrl: Target=   0.0, Input= -10.8, Error=  10.8, PIDTerms= 0.129/ 0.000/ 0.001/ 0.000, Output= 0.131(-0.700/0.700), Volt=12.0(9.9)
GlobalTracer.printPidInfo_Info: [5.293] encoderXPidCtrl: Target=  -1.1, Input=  -0.6, Error=  -0.5, PIDTerms=-0.079/ 0.000/-0.000/-0.000, Output=-0.080(-0.700/0.700), Volt=12.0(9.9)
GlobalTracer.printPidInfo_Info: [5.293] encoderYPidCtrl: Target=-215.8, Input=-219.0, Error=   3.2, PIDTerms= 0.097/ 0.000/ 0.001/-0.000, Output= 0.098(-0.600/0.600), Volt=12.0(9.9)
GlobalTracer.printPidInfo_Info: [5.293] gyroTurnPidCtrl: Target=   0.0, Input= -10.5, Error=  10.5, PIDTerms= 0.126/ 0.000/-0.003/ 0.000, Output= 0.124(-0.700/0.700), Volt=12.0(9.9)
GlobalTracer.startCompetition_Warn: AUTO_MODE takes too long (0.104s)

GlobalTracer.printPidInfo_Info: [5.398] encoderXPidCtrl: Target=  -1.1, Input=  -0.6, Error=  -0.5, PIDTerms=-0.078/ 0.000/ 0.001/-0.000, Output=-0.077(-0.700/0.700), Volt=12.0(9.9)
GlobalTracer.printPidInfo_Info: [5.398] encoderYPidCtrl: Target=-215.8, Input=-219.0, Error=   3.3, PIDTerms= 0.098/ 0.000/ 0.000/-0.000, Output= 0.098(-0.600/0.600), Volt=12.0(9.9)
GlobalTracer.printPidInfo_Info: [5.398] gyroTurnPidCtrl: Target=   0.0, Input= -10.4, Error=  10.4, PIDTerms= 0.125/ 0.000/-0.001/ 0.000, Output= 0.124(-0.700/0.700), Volt=11.9(9.9)
GlobalTracer.printPidInfo_Info: [5.471] encoderXPidCtrl: Target=  -1.1, Input=  -0.6, Error=  -0.5, PIDTerms=-0.078/ 0.000/ 0.000/-0.000, Output=-0.078(-0.700/0.700), Volt=12.0(9.9)
GlobalTracer.printPidInfo_Info: [5.471] encoderYPidCtrl: Target=-215.8, Input=-219.0, Error=   3.3, PIDTerms= 0.098/ 0.000/ 0.000/-0.000, Output= 0.098(-0.600/0.600), Volt=12.0(9.9)
GlobalTracer.printPidInfo_Info: [5.471] gyroTurnPidCtrl: Target=   0.0, Input= -10.4, Error=  10.4, PIDTerms= 0.125/ 0.000/ 0.000/ 0.000, Output= 0.126(-0.700/0.700), Volt=12.0(9.9)
GlobalTracer.startCompetition_Warn: AUTO_MODE takes too long (0.103s)

GlobalTracer.printPidInfo_Info: [5.577] encoderXPidCtrl: Target=  -1.1, Input=  -0.6, Error=  -0.5, PIDTerms=-0.078/ 0.000/ 0.000/-0.000, Output=-0.078(-0.700/0.700), Volt=12.0(9.9)
GlobalTracer.printPidInfo_Info: [5.577] encoderYPidCtrl: Target=-215.8, Input=-219.0, Error=   3.3, PIDTerms= 0.098/ 0.000/ 0.000/-0.000, Output= 0.098(-0.600/0.600), Volt=12.0(9.9)
GlobalTracer.printPidInfo_Info: [5.577] gyroTurnPidCtrl: Target=   0.0, Input= -10.4, Error=  10.4, PIDTerms= 0.125/ 0.000/ 0.000/ 0.000, Output= 0.125(-0.700/0.700), Volt=12.0(9.9)
GlobalTracer.printPidInfo_Info: [5.661] encoderXPidCtrl: Target=  -1.1, Input=  -0.6, Error=  -0.5, PIDTerms=-0.078/ 0.000/ 0.000/-0.000, Output=-0.078(-0.700/0.700), Volt=12.0(9.9)
GlobalTracer.printPidInfo_Info: [5.661] encoderYPidCtrl: Target=-215.8, Input=-219.0, Error=   3.3, PIDTerms= 0.098/ 0.000/ 0.000/-0.000, Output= 0.098(-0.600/0.600), Volt=12.0(9.9)
GlobalTracer.printPidInfo_Info: [5.661] gyroTurnPidCtrl: Target=   0.0, Input= -10.5, Error=  10.5, PIDTerms= 0.126/ 0.000/ 0.000/ 0.000, Output= 0.126(-0.700/0.700), Volt=12.0(9.9)
GlobalTracer.startCompetition_Warn: AUTO_MODE takes too long (0.140s)

GlobalTracer.printPidInfo_Info: [5.805] encoderXPidCtrl: Target=  -1.1, Input=  -0.6, Error=  -0.5, PIDTerms=-0.078/ 0.000/ 0.000/-0.000, Output=-0.078(-0.700/0.700), Volt=12.0(9.9)
GlobalTracer.printPidInfo_Info: [5.805] encoderYPidCtrl: Target=-215.8, Input=-219.0, Error=   3.3, PIDTerms= 0.098/ 0.000/ 0.000/-0.000, Output= 0.098(-0.600/0.600), Volt=12.0(9.9)
GlobalTracer.printPidInfo_Info: [5.805] gyroTurnPidCtrl: Target=   0.0, Input= -10.5, Error=  10.5, PIDTerms= 0.126/ 0.000/ 0.000/ 0.000, Output= 0.126(-0.700/0.700), Volt=12.0(9.9)
GlobalTracer.postContinuousTask_Info: Stalled=true, Expired=false
GlobalTracer.startCompetition_Warn: AUTO_MODE takes too long (0.129s)

GlobalTracer.Robot_Info: [5.937] START_STRAFE: xPos= -0.56,yPos=-219.07,heading= -10.5/   0.0,volts=12.4(9.9)
GlobalTracer.startCompetition_Warn: AUTO_MODE takes too long (0.146s)

GlobalTracer.Robot_Info: [6.115] START_VISION_STRAFE: xPos= -0.55,yPos=-219.35,heading= -10.6/   0.0,volts=12.4(9.9)
GlobalTracer.printPidInfo_Info: [6.084] encoderXPidCtrl: Target= -36.5, Input=  -0.6, Error= -36.0, PIDTerms=-0.078/ 0.000/ 0.000/-0.000, Output= 0.000(-0.450/0.450), Volt=12.4(9.9)
GlobalTracer.printPidInfo_Info: [6.084] encoderYPidCtrl: Target=-219.4, Input=-219.0, Error=   0.0, PIDTerms= 0.098/ 0.000/ 0.000/-0.000, Output= 0.000(-0.600/0.600), Volt=12.4(9.9)
GlobalTracer.printPidInfo_Info: [6.084] gyroTurnPidCtrl: Target=   0.0, Input= -10.5, Error=  10.6, PIDTerms= 0.126/ 0.000/ 0.000/ 0.000, Output= 0.000(-0.700/0.700), Volt=12.4(9.9)
GlobalTracer.startCompetition_Warn: AUTO_MODE takes too long (0.142s)

GlobalTracer.getPixyTargetX_Info: Cube not found!
GlobalTracer.printPidInfo_Info: [6.227] encoderXPidCtrl: Target= -36.5, Input=  -0.5, Error= -36.0, PIDTerms=-5.400/ 0.000/ 0.000/-0.000, Output=-0.450(-0.450/0.450), Volt=11.1(9.9)
GlobalTracer.printPidInfo_Info: [6.227] encoderYPidCtrl: Target=-219.4, Input=-219.4, Error=   0.0, PIDTerms= 0.000/ 0.000/ 0.000/-0.000, Output= 0.000(-0.600/0.600), Volt=10.8(9.9)
GlobalTracer.printPidInfo_Info: [6.227] gyroTurnPidCtrl: Target=   0.0, Input= -10.6, Error=  10.6, PIDTerms= 0.128/ 0.000/ 0.000/ 0.000, Output= 0.128(-0.700/0.700), Volt=10.8(9.9)
GlobalTracer.getPixyTargetX_Info: Cube not found!
GlobalTracer.printPidInfo_Info: [6.311] encoderXPidCtrl: Target= -36.5, Input=  -0.8, Error= -35.8, PIDTerms=-5.365/ 0.000/ 0.035/-0.000, Output=-0.450(-0.450/0.450), Volt=10.8(9.9)
GlobalTracer.printPidInfo_Info: [6.311] encoderYPidCtrl: Target=-219.4, Input=-219.5, Error=   0.2, PIDTerms= 0.006/ 0.000/ 0.002/-0.000, Output= 0.008(-0.600/0.600), Volt=10.7(9.9)
GlobalTracer.printPidInfo_Info: [6.311] gyroTurnPidCtrl: Target=   0.0, Input= -10.6, Error=  10.6, PIDTerms= 0.128/ 0.000/ 0.000/ 0.000, Output= 0.128(-0.700/0.700), Volt=10.7(9.9)
GlobalTracer.getPixyTargetX_Info: Cube not found!
GlobalTracer.printPidInfo_Info: [6.383] encoderXPidCtrl: Target= -36.5, Input=  -1.4, Error= -35.1, PIDTerms=-5.269/ 0.000/ 0.189/-0.000, Output=-0.450(-0.450/0.450), Volt=11.0(9.9)
GlobalTracer.printPidInfo_Info: [6.383] encoderYPidCtrl: Target=-219.4, Input=-220.1, Error=   0.8, PIDTerms= 0.023/ 0.000/ 0.011/-0.000, Output= 0.034(-0.600/0.600), Volt=11.0(9.9)
GlobalTracer.printPidInfo_Info: [6.383] gyroTurnPidCtrl: Target=   0.0, Input= -10.0, Error=  10.0, PIDTerms= 0.120/ 0.000/-0.012/ 0.000, Output= 0.108(-0.700/0.700), Volt=11.0(9.9)
GlobalTracer.getPixyTargetX_Info: Cube not found!
GlobalTracer.printPidInfo_Info: [6.470] encoderXPidCtrl: Target= -36.5, Input=  -2.3, Error= -34.3, PIDTerms=-5.139/ 0.000/ 0.120/-0.000, Output=-0.450(-0.450/0.450), Volt=10.8(9.9)
GlobalTracer.printPidInfo_Info: [6.470] encoderYPidCtrl: Target=-219.4, Input=-220.7, Error=   1.3, PIDTerms= 0.039/ 0.000/ 0.005/-0.000, Output= 0.044(-0.600/0.600), Volt=10.8(9.9)
GlobalTracer.printPidInfo_Info: [6.470] gyroTurnPidCtrl: Target=   0.0, Input=  -9.9, Error=   9.9, PIDTerms= 0.118/ 0.000/-0.002/ 0.000, Output= 0.117(-0.700/0.700), Volt=10.8(9.9)
GlobalTracer.getPixyTargetX_Info: Cube not found!
GlobalTracer.printPidInfo_Info: [6.541] encoderXPidCtrl: Target= -36.5, Input=  -3.2, Error= -33.3, PIDTerms=-5.000/ 0.000/ 0.209/-0.000, Output=-0.450(-0.450/0.450), Volt=10.7(9.9)
GlobalTracer.printPidInfo_Info: [6.541] encoderYPidCtrl: Target=-219.4, Input=-221.1, Error=   1.7, PIDTerms= 0.052/ 0.000/ 0.007/-0.000, Output= 0.059(-0.600/0.600), Volt=10.7(9.9)
GlobalTracer.printPidInfo_Info: [6.541] gyroTurnPidCtrl: Target=   0.0, Input=  -9.4, Error=   9.4, PIDTerms= 0.112/ 0.000/-0.007/ 0.000, Output= 0.105(-0.700/0.700), Volt=10.7(9.9)
GlobalTracer.getPixyTargetX_Info: Cube not found!
GlobalTracer.printPidInfo_Info: [6.607] encoderXPidCtrl: Target= -36.5, Input=  -4.1, Error= -32.4, PIDTerms=-4.865/ 0.000/ 0.176/-0.000, Output=-0.450(-0.450/0.450), Volt=10.7(9.9)
GlobalTracer.printPidInfo_Info: [6.607] encoderYPidCtrl: Target=-219.4, Input=-221.5, Error=   2.2, PIDTerms= 0.065/ 0.000/ 0.005/-0.000, Output= 0.070(-0.600/0.600), Volt=10.7(9.9)
GlobalTracer.printPidInfo_Info: [6.607] gyroTurnPidCtrl: Target=   0.0, Input=  -8.7, Error=   8.7, PIDTerms= 0.105/ 0.000/-0.008/ 0.000, Output= 0.097(-0.700/0.700), Volt=10.7(9.9)
GlobalTracer.getPixyTargetX_Info: Cube not found!
GlobalTracer.printPidInfo_Info: [6.683] encoderXPidCtrl: Target= -36.5, Input=  -4.6, Error= -31.9, PIDTerms=-4.790/ 0.000/ 0.133/-0.000, Output=-0.450(-0.450/0.450), Volt=10.7(9.9)
GlobalTracer.printPidInfo_Info: [6.683] encoderYPidCtrl: Target=-219.4, Input=-221.8, Error=   2.5, PIDTerms= 0.074/ 0.000/ 0.006/-0.000, Output= 0.080(-0.600/0.600), Volt=10.7(9.9)
GlobalTracer.printPidInfo_Info: [6.683] gyroTurnPidCtrl: Target=   0.0, Input=  -8.1, Error=   8.1, PIDTerms= 0.097/ 0.000/-0.011/ 0.000, Output= 0.086(-0.700/0.700), Volt=10.7(9.9)
GlobalTracer.getPixyTargetX_Info: Cube not found!
GlobalTracer.printPidInfo_Info: [6.768] encoderXPidCtrl: Target= -36.5, Input=  -5.3, Error= -31.2, PIDTerms=-4.686/ 0.000/ 0.115/-0.000, Output=-0.450(-0.450/0.450), Volt=11.2(9.9)
GlobalTracer.printPidInfo_Info: [6.768] encoderYPidCtrl: Target=-219.4, Input=-222.3, Error=   3.0, PIDTerms= 0.090/ 0.000/ 0.006/-0.000, Output= 0.095(-0.600/0.600), Volt=11.2(9.9)
GlobalTracer.printPidInfo_Info: [6.768] gyroTurnPidCtrl: Target=   0.0, Input=  -7.0, Error=   7.0, PIDTerms= 0.084/ 0.000/-0.013/ 0.000, Output= 0.071(-0.700/0.700), Volt=10.8(9.9)
GlobalTracer.getPixyTargetX_Info: Cube not found!
GlobalTracer.printPidInfo_Info: [6.825] encoderXPidCtrl: Target= -36.5, Input=  -7.2, Error= -29.4, PIDTerms=-4.405/ 0.000/ 0.395/-0.000, Output=-0.450(-0.450/0.450), Volt=10.9(9.9)
GlobalTracer.printPidInfo_Info: [6.825] encoderYPidCtrl: Target=-219.4, Input=-222.3, Error=   3.0, PIDTerms= 0.089/ 0.000/-0.000/-0.000, Output= 0.089(-0.600/0.600), Volt=10.9(9.9)
GlobalTracer.printPidInfo_Info: [6.825] gyroTurnPidCtrl: Target=   0.0, Input=  -5.1, Error=   5.1, PIDTerms= 0.061/ 0.000/-0.026/ 0.000, Output= 0.036(-0.700/0.700), Volt=10.9(9.9)
GlobalTracer.getPixyTargetX_Info: Cube not found!
GlobalTracer.printPidInfo_Info: [6.907] encoderXPidCtrl: Target= -36.5, Input=  -7.9, Error= -28.6, PIDTerms=-4.295/ 0.000/ 0.170/-0.000, Output=-0.450(-0.450/0.450), Volt=10.8(9.9)
GlobalTracer.printPidInfo_Info: [6.907] encoderYPidCtrl: Target=-219.4, Input=-222.1, Error=   2.7, PIDTerms= 0.082/ 0.000/-0.004/-0.000, Output= 0.078(-0.600/0.600), Volt=10.8(9.9)
GlobalTracer.printPidInfo_Info: [6.907] gyroTurnPidCtrl: Target=   0.0, Input=  -5.8, Error=   5.8, PIDTerms= 0.070/ 0.000/ 0.011/ 0.000, Output= 0.080(-0.700/0.700), Volt=10.8(9.9)
GlobalTracer.getPixyTargetX_Info: Cube not found!
GlobalTracer.printPidInfo_Info: [6.962] encoderXPidCtrl: Target= -36.5, Input=  -9.5, Error= -27.0, PIDTerms=-4.056/ 0.000/ 0.329/-0.000, Output=-0.450(-0.450/0.450), Volt=10.7(9.9)
GlobalTracer.printPidInfo_Info: [6.962] encoderYPidCtrl: Target=-219.4, Input=-221.5, Error=   2.2, PIDTerms= 0.065/ 0.000/-0.008/-0.000, Output= 0.057(-0.600/0.600), Volt=10.7(9.9)
GlobalTracer.printPidInfo_Info: [6.962] gyroTurnPidCtrl: Target=   0.0, Input=  -5.7, Error=   5.7, PIDTerms= 0.069/ 0.000/-0.001/ 0.000, Output= 0.067(-0.700/0.700), Volt=10.7(9.9)
GlobalTracer.getPixyTargetX_Info: Cube not found!
GlobalTracer.printPidInfo_Info: [7.047] encoderXPidCtrl: Target= -36.5, Input= -10.2, Error= -26.3, PIDTerms=-3.945/ 0.000/ 0.160/-0.000, Output=-0.450(-0.450/0.450), Volt=10.8(9.9)
GlobalTracer.printPidInfo_Info: [7.047] encoderYPidCtrl: Target=-219.4, Input=-222.0, Error=   2.7, PIDTerms= 0.080/ 0.000/ 0.007/-0.000, Output= 0.087(-0.600/0.600), Volt=10.8(9.9)
GlobalTracer.printPidInfo_Info: [7.047] gyroTurnPidCtrl: Target=   0.0, Input=  -4.0, Error=   4.0, PIDTerms= 0.048/ 0.000/-0.025/ 0.000, Output= 0.023(-0.700/0.700), Volt=10.8(9.9)
GlobalTracer.getPixyTargetX_Info: Cube not found!
GlobalTracer.printPidInfo_Info: [7.124] encoderXPidCtrl: Target= -36.5, Input= -11.0, Error= -25.6, PIDTerms=-3.833/ 0.000/ 0.179/-0.000, Output=-0.450(-0.450/0.450), Volt=11.0(9.9)
GlobalTracer.printPidInfo_Info: [7.124] encoderYPidCtrl: Target=-219.4, Input=-221.7, Error=   2.4, PIDTerms= 0.072/ 0.000/-0.004/-0.000, Output= 0.068(-0.600/0.600), Volt=11.0(9.9)
GlobalTracer.printPidInfo_Info: [7.124] gyroTurnPidCtrl: Target=   0.0, Input=  -1.8, Error=   1.8, PIDTerms= 0.021/ 0.000/-0.035/ 0.000, Output=-0.014(-0.700/0.700), Volt=11.0(9.9)
GlobalTracer.getPixyTargetX_Info: Cube not found!
GlobalTracer.printPidInfo_Info: [7.213] encoderXPidCtrl: Target= -36.5, Input= -11.9, Error= -24.7, PIDTerms=-3.698/ 0.000/ 0.127/-0.000, Output=-0.450(-0.450/0.450), Volt=10.9(9.9)
GlobalTracer.printPidInfo_Info: [7.213] encoderYPidCtrl: Target=-219.4, Input=-221.4, Error=   2.0, PIDTerms= 0.060/ 0.000/-0.004/-0.000, Output= 0.056(-0.600/0.600), Volt=10.9(9.9)
GlobalTracer.printPidInfo_Info: [7.213] gyroTurnPidCtrl: Target=   0.0, Input=  -1.6, Error=   1.6, PIDTerms= 0.020/ 0.000/-0.001/ 0.000, Output= 0.018(-0.700/0.700), Volt=10.9(9.9)
GlobalTracer.startCompetition_Warn: AUTO_MODE takes too long (0.130s)

GlobalTracer.getPixyTargetX_Info: Cube not found!
GlobalTracer.printPidInfo_Info: [7.345] encoderXPidCtrl: Target= -36.5, Input= -13.1, Error= -23.4, PIDTerms=-3.513/ 0.000/ 0.198/-0.000, Output=-0.450(-0.450/0.450), Volt=10.9(9.9)
GlobalTracer.printPidInfo_Info: [7.345] encoderYPidCtrl: Target=-219.4, Input=-221.1, Error=   1.8, PIDTerms= 0.053/ 0.000/-0.003/-0.000, Output= 0.050(-0.600/0.600), Volt=10.9(9.9)
GlobalTracer.printPidInfo_Info: [7.345] gyroTurnPidCtrl: Target=   0.0, Input=  -1.9, Error=   1.9, PIDTerms= 0.022/ 0.000/ 0.003/ 0.000, Output= 0.025(-0.700/0.700), Volt=10.9(9.9)
GlobalTracer.startCompetition_Warn: AUTO_MODE takes too long (0.107s)

GlobalTracer.getPixyTargetX_Info: Cube not found!
GlobalTracer.printPidInfo_Info: [7.454] encoderXPidCtrl: Target= -36.5, Input= -14.8, Error= -21.8, PIDTerms=-3.264/ 0.000/ 0.213/-0.000, Output=-0.450(-0.450/0.450), Volt=10.7(9.9)
GlobalTracer.printPidInfo_Info: [7.454] encoderYPidCtrl: Target=-219.4, Input=-220.7, Error=   1.3, PIDTerms= 0.040/ 0.000/-0.004/-0.000, Output= 0.037(-0.600/0.600), Volt=10.7(9.9)
GlobalTracer.printPidInfo_Info: [7.454] gyroTurnPidCtrl: Target=   0.0, Input=  -1.9, Error=   1.9, PIDTerms= 0.023/ 0.000/ 0.000/ 0.000, Output= 0.023(-0.700/0.700), Volt=10.7(9.9)
GlobalTracer.startCompetition_Warn: AUTO_MODE takes too long (0.112s)

GlobalTracer.getPixyTargetX_Info: Cube not found!
GlobalTracer.printPidInfo_Info: [7.568] encoderXPidCtrl: Target= -36.5, Input= -16.1, Error= -20.5, PIDTerms=-3.069/ 0.000/ 0.163/-0.000, Output=-0.450(-0.450/0.450), Volt=10.7(9.9)
GlobalTracer.printPidInfo_Info: [7.568] encoderYPidCtrl: Target=-219.4, Input=-220.4, Error=   1.0, PIDTerms= 0.031/ 0.000/-0.003/-0.000, Output= 0.028(-0.600/0.600), Volt=10.7(9.9)
GlobalTracer.printPidInfo_Info: [7.568] gyroTurnPidCtrl: Target=   0.0, Input=  -2.0, Error=   2.0, PIDTerms= 0.024/ 0.000/ 0.001/ 0.000, Output= 0.026(-0.700/0.700), Volt=10.8(9.9)
GlobalTracer.startCompetition_Warn: AUTO_MODE takes too long (0.125s)

GlobalTracer.getPixyTargetX_Info: Cube not found!
GlobalTracer.printPidInfo_Info: [7.695] encoderXPidCtrl: Target= -36.5, Input= -17.3, Error= -19.2, PIDTerms=-2.882/ 0.000/ 0.158/-0.000, Output=-0.450(-0.450/0.450), Volt=10.7(9.9)
GlobalTracer.printPidInfo_Info: [7.695] encoderYPidCtrl: Target=-219.4, Input=-220.2, Error=   0.8, PIDTerms= 0.025/ 0.000/-0.002/-0.000, Output= 0.023(-0.600/0.600), Volt=10.7(9.9)
GlobalTracer.printPidInfo_Info: [7.695] gyroTurnPidCtrl: Target=   0.0, Input=  -3.9, Error=   3.9, PIDTerms= 0.047/ 0.000/ 0.016/ 0.000, Output= 0.063(-0.700/0.700), Volt=10.7(9.9)
GlobalTracer.startCompetition_Warn: AUTO_MODE takes too long (0.101s)

GlobalTracer.getPixyTargetX_Info: Cube not found!
GlobalTracer.printPidInfo_Info: [7.800] encoderXPidCtrl: Target= -36.5, Input= -17.9, Error= -18.7, PIDTerms=-2.803/ 0.000/ 0.066/-0.000, Output=-0.450(-0.450/0.450), Volt=10.6(9.9)
GlobalTracer.printPidInfo_Info: [7.800] encoderYPidCtrl: Target=-219.4, Input=-219.9, Error=   0.5, PIDTerms= 0.016/ 0.000/-0.002/-0.000, Output= 0.014(-0.600/0.600), Volt=10.7(9.9)
GlobalTracer.printPidInfo_Info: [7.800] gyroTurnPidCtrl: Target=   0.0, Input=  -5.0, Error=   5.0, PIDTerms= 0.060/ 0.000/ 0.009/ 0.000, Output= 0.069(-0.700/0.700), Volt=10.7(9.9)
GlobalTracer.startCompetition_Warn: AUTO_MODE takes too long (0.130s)

GlobalTracer.getPixyTargetX_Info: Cube not found!
GlobalTracer.printPidInfo_Info: [7.931] encoderXPidCtrl: Target= -36.5, Input= -18.2, Error= -18.3, PIDTerms=-2.747/ 0.000/ 0.054/-0.000, Output=-0.450(-0.450/0.450), Volt=10.8(9.9)
GlobalTracer.printPidInfo_Info: [7.931] encoderYPidCtrl: Target=-219.4, Input=-219.7, Error=   0.4, PIDTerms= 0.011/ 0.000/-0.002/-0.000, Output= 0.009(-0.600/0.600), Volt=10.7(9.9)
GlobalTracer.printPidInfo_Info: [7.931] gyroTurnPidCtrl: Target=   0.0, Input=  -5.6, Error=   5.6, PIDTerms= 0.068/ 0.000/ 0.006/ 0.000, Output= 0.073(-0.700/0.700), Volt=10.7(9.9)
GlobalTracer.startCompetition_Warn: AUTO_MODE takes too long (0.164s)

GlobalTracer.getPixyTargetX_Info: Cube not found!
GlobalTracer.printPidInfo_Info: [8.098] encoderXPidCtrl: Target= -36.5, Input= -18.6, Error= -17.9, PIDTerms=-2.690/ 0.000/ 0.035/-0.000, Output=-0.450(-0.450/0.450), Volt=10.6(9.9)
GlobalTracer.printPidInfo_Info: [8.098] encoderYPidCtrl: Target=-219.4, Input=-219.9, Error=   0.6, PIDTerms= 0.017/ 0.000/ 0.001/-0.000, Output= 0.019(-0.600/0.600), Volt=10.6(9.9)
GlobalTracer.printPidInfo_Info: [8.098] gyroTurnPidCtrl: Target=   0.0, Input=  -5.7, Error=   5.7, PIDTerms= 0.068/ 0.000/ 0.000/ 0.000, Output= 0.068(-0.700/0.700), Volt=10.6(9.9)
GlobalTracer.getPixyTargetX_Info: Cube not found!
GlobalTracer.printPidInfo_Info: [8.187] encoderXPidCtrl: Target= -36.5, Input= -19.2, Error= -17.4, PIDTerms=-2.604/ 0.000/ 0.063/-0.000, Output=-0.450(-0.450/0.450), Volt=10.5(9.9)
GlobalTracer.printPidInfo_Info: [8.187] encoderYPidCtrl: Target=-219.4, Input=-220.4, Error=   1.0, PIDTerms= 0.031/ 0.000/ 0.003/-0.000, Output= 0.034(-0.600/0.600), Volt=10.5(9.9)
GlobalTracer.printPidInfo_Info: [8.187] gyroTurnPidCtrl: Target=   0.0, Input=  -5.2, Error=   5.2, PIDTerms= 0.062/ 0.000/-0.003/ 0.000, Output= 0.059(-0.700/0.700), Volt=10.5(9.9)
GlobalTracer.getPixyTargetX_Info: Cube not found!
GlobalTracer.printPidInfo_Info: [8.245] encoderXPidCtrl: Target= -36.5, Input= -19.3, Error= -17.2, PIDTerms=-2.580/ 0.000/ 0.035/-0.000, Output=-0.450(-0.450/0.450), Volt=10.6(9.9)
GlobalTracer.printPidInfo_Info: [8.245] encoderYPidCtrl: Target=-219.4, Input=-220.5, Error=   1.2, PIDTerms= 0.035/ 0.000/ 0.002/-0.000, Output= 0.037(-0.600/0.600), Volt=10.6(9.9)
GlobalTracer.printPidInfo_Info: [8.245] gyroTurnPidCtrl: Target=   0.0, Input=  -5.1, Error=   5.1, PIDTerms= 0.061/ 0.000/-0.002/ 0.000, Output= 0.059(-0.700/0.700), Volt=10.6(9.9)
GlobalTracer.getPixyTargetX_Info: Cube not found!
GlobalTracer.printPidInfo_Info: [8.311] encoderXPidCtrl: Target= -36.5, Input= -19.4, Error= -17.2, PIDTerms=-2.573/ 0.000/ 0.011/-0.000, Output=-0.450(-0.450/0.450), Volt=10.6(9.9)
GlobalTracer.printPidInfo_Info: [8.311] encoderYPidCtrl: Target=-219.4, Input=-220.5, Error=   1.2, PIDTerms= 0.036/ 0.000/ 0.000/-0.000, Output= 0.036(-0.600/0.600), Volt=10.6(9.9)
GlobalTracer.printPidInfo_Info: [8.311] gyroTurnPidCtrl: Target=   0.0, Input=  -5.0, Error=   5.0, PIDTerms= 0.060/ 0.000/-0.001/ 0.000, Output= 0.058(-0.700/0.700), Volt=10.6(9.9)
GlobalTracer.getPixyTargetX_Info: Cube not found!
GlobalTracer.printPidInfo_Info: [8.384] encoderXPidCtrl: Target= -36.5, Input= -19.4, Error= -17.1, PIDTerms=-2.567/ 0.000/ 0.008/-0.000, Output=-0.450(-0.450/0.450), Volt=10.6(9.9)
GlobalTracer.printPidInfo_Info: [8.384] encoderYPidCtrl: Target=-219.4, Input=-220.6, Error=   1.2, PIDTerms= 0.036/ 0.000/ 0.000/-0.000, Output= 0.037(-0.600/0.600), Volt=10.6(9.9)
GlobalTracer.printPidInfo_Info: [8.384] gyroTurnPidCtrl: Target=   0.0, Input=  -4.9, Error=   4.9, PIDTerms= 0.059/ 0.000/-0.001/ 0.000, Output= 0.058(-0.700/0.700), Volt=10.6(9.9)
GlobalTracer.getPixyTargetX_Info: Cube not found!
GlobalTracer.printPidInfo_Info: [8.447] encoderXPidCtrl: Target= -36.5, Input= -19.5, Error= -17.1, PIDTerms=-2.559/ 0.000/ 0.011/-0.000, Output=-0.450(-0.450/0.450), Volt=10.6(9.9)
GlobalTracer.printPidInfo_Info: [8.447] encoderYPidCtrl: Target=-219.4, Input=-220.6, Error=   1.3, PIDTerms= 0.038/ 0.000/ 0.001/-0.000, Output= 0.039(-0.600/0.600), Volt=10.6(9.9)
GlobalTracer.printPidInfo_Info: [8.447] gyroTurnPidCtrl: Target=   0.0, Input=  -4.9, Error=   4.9, PIDTerms= 0.059/ 0.000/-0.000/ 0.000, Output= 0.058(-0.700/0.700), Volt=10.6(9.9)
GlobalTracer.getPixyTargetX_Info: Cube not found!
GlobalTracer.printPidInfo_Info: [8.508] encoderXPidCtrl: Target= -36.5, Input= -19.5, Error= -17.0, PIDTerms=-2.550/ 0.000/ 0.016/-0.000, Output=-0.450(-0.450/0.450), Volt=10.6(9.9)
GlobalTracer.printPidInfo_Info: [8.508] encoderYPidCtrl: Target=-219.4, Input=-220.7, Error=   1.4, PIDTerms= 0.041/ 0.000/ 0.001/-0.000, Output= 0.042(-0.600/0.600), Volt=10.6(9.9)
GlobalTracer.printPidInfo_Info: [8.508] gyroTurnPidCtrl: Target=   0.0, Input=  -4.8, Error=   4.8, PIDTerms= 0.058/ 0.000/-0.000/ 0.000, Output= 0.058(-0.700/0.700), Volt=10.6(9.9)
GlobalTracer.getPixyTargetX_Info: Cube not found!
GlobalTracer.printPidInfo_Info: [8.594] encoderXPidCtrl: Target= -36.5, Input= -19.6, Error= -16.9, PIDTerms=-2.539/ 0.000/ 0.014/-0.000, Output=-0.450(-0.450/0.450), Volt=10.5(9.9)
GlobalTracer.printPidInfo_Info: [8.594] encoderYPidCtrl: Target=-219.4, Input=-220.8, Error=   1.5, PIDTerms= 0.044/ 0.000/ 0.001/-0.000, Output= 0.045(-0.600/0.600), Volt=10.5(9.9)
GlobalTracer.printPidInfo_Info: [8.594] gyroTurnPidCtrl: Target=   0.0, Input=  -4.8, Error=   4.8, PIDTerms= 0.058/ 0.000/-0.000/ 0.000, Output= 0.057(-0.700/0.700), Volt=10.5(9.9)
GlobalTracer.getPixyTargetX_Info: Cube not found!
GlobalTracer.printPidInfo_Info: [8.680] encoderXPidCtrl: Target= -36.5, Input= -19.7, Error= -16.9, PIDTerms=-2.531/ 0.000/ 0.010/-0.000, Output=-0.450(-0.450/0.450), Volt=10.6(9.9)
GlobalTracer.printPidInfo_Info: [8.680] encoderYPidCtrl: Target=-219.4, Input=-220.9, Error=   1.5, PIDTerms= 0.046/ 0.000/ 0.001/-0.000, Output= 0.046(-0.600/0.600), Volt=10.6(9.9)
GlobalTracer.printPidInfo_Info: [8.680] gyroTurnPidCtrl: Target=   0.0, Input=  -4.8, Error=   4.8, PIDTerms= 0.058/ 0.000/ 0.000/ 0.000, Output= 0.058(-0.700/0.700), Volt=10.6(9.9)
GlobalTracer.getPixyTargetX_Info: Cube not found!
GlobalTracer.printPidInfo_Info: [8.771] encoderXPidCtrl: Target= -36.5, Input= -19.7, Error= -16.8, PIDTerms=-2.523/ 0.000/ 0.009/-0.000, Output=-0.450(-0.450/0.450), Volt=10.5(9.9)
GlobalTracer.printPidInfo_Info: [8.771] encoderYPidCtrl: Target=-219.4, Input=-220.9, Error=   1.6, PIDTerms= 0.048/ 0.000/ 0.001/-0.000, Output= 0.048(-0.600/0.600), Volt=10.5(9.9)
GlobalTracer.printPidInfo_Info: [8.771] gyroTurnPidCtrl: Target=   0.0, Input=  -4.9, Error=   4.9, PIDTerms= 0.058/ 0.000/ 0.001/ 0.000, Output= 0.059(-0.700/0.700), Volt=10.5(9.9)
GlobalTracer.getPixyTargetX_Info: Cube not found!
GlobalTracer.printPidInfo_Info: [8.853] encoderXPidCtrl: Target= -36.5, Input= -19.8, Error= -16.8, PIDTerms=-2.513/ 0.000/ 0.015/-0.000, Output=-0.450(-0.450/0.450), Volt=10.5(9.9)
GlobalTracer.printPidInfo_Info: [8.853] encoderYPidCtrl: Target=-219.4, Input=-221.0, Error=   1.7, PIDTerms= 0.050/ 0.000/ 0.001/-0.000, Output= 0.052(-0.600/0.600), Volt=10.5(9.9)
GlobalTracer.printPidInfo_Info: [8.853] gyroTurnPidCtrl: Target=   0.0, Input=  -4.9, Error=   4.9, PIDTerms= 0.059/ 0.000/ 0.001/ 0.000, Output= 0.060(-0.700/0.700), Volt=10.5(9.9)
GlobalTracer.getPixyTargetX_Info: Cube not found!
GlobalTracer.printPidInfo_Info: [8.948] encoderXPidCtrl: Target= -36.5, Input= -19.9, Error= -16.7, PIDTerms=-2.500/ 0.000/ 0.011/-0.000, Output=-0.450(-0.450/0.450), Volt=10.6(9.9)
GlobalTracer.printPidInfo_Info: [8.948] encoderYPidCtrl: Target=-219.4, Input=-221.1, Error=   1.8, PIDTerms= 0.054/ 0.000/ 0.001/-0.000, Output= 0.055(-0.600/0.600), Volt=10.6(9.9)
GlobalTracer.printPidInfo_Info: [8.948] gyroTurnPidCtrl: Target=   0.0, Input=  -5.0, Error=   5.0, PIDTerms= 0.060/ 0.000/ 0.001/ 0.000, Output= 0.060(-0.700/0.700), Volt=10.6(9.9)
GlobalTracer.getPixyTargetX_Info: Cube not found!
GlobalTracer.printPidInfo_Info: [8.997] encoderXPidCtrl: Target= -36.5, Input= -19.9, Error= -16.6, PIDTerms=-2.489/ 0.000/ 0.018/-0.000, Output=-0.450(-0.450/0.450), Volt=10.7(9.9)
GlobalTracer.printPidInfo_Info: [8.997] encoderYPidCtrl: Target=-219.4, Input=-221.2, Error=   1.9, PIDTerms= 0.056/ 0.000/ 0.001/-0.000, Output= 0.058(-0.600/0.600), Volt=10.7(9.9)
GlobalTracer.printPidInfo_Info: [8.997] gyroTurnPidCtrl: Target=   0.0, Input=  -5.0, Error=   5.0, PIDTerms= 0.060/ 0.000/ 0.000/ 0.000, Output= 0.060(-0.700/0.700), Volt=10.7(9.9)
GlobalTracer.getPixyTargetX_Info: Cube not found!
GlobalTracer.printPidInfo_Info: [9.068] encoderXPidCtrl: Target= -36.5, Input= -20.0, Error= -16.6, PIDTerms=-2.483/ 0.000/ 0.011/-0.000, Output=-0.450(-0.450/0.450), Volt=10.6(9.9)
GlobalTracer.printPidInfo_Info: [9.068] encoderYPidCtrl: Target=-219.4, Input=-221.2, Error=   1.9, PIDTerms= 0.057/ 0.000/ 0.000/-0.000, Output= 0.057(-0.600/0.600), Volt=10.6(9.9)
GlobalTracer.printPidInfo_Info: [9.068] gyroTurnPidCtrl: Target=   0.0, Input=  -4.9, Error=   4.9, PIDTerms= 0.059/ 0.000/-0.001/ 0.000, Output= 0.058(-0.700/0.700), Volt=10.7(9.9)
GlobalTracer.getPixyTargetX_Info: Cube not found!
GlobalTracer.printPidInfo_Info: [9.138] encoderXPidCtrl: Target= -36.5, Input= -20.1, Error= -16.4, PIDTerms=-2.466/ 0.000/ 0.026/-0.000, Output=-0.450(-0.450/0.450), Volt=10.7(9.9)
GlobalTracer.printPidInfo_Info: [9.138] encoderYPidCtrl: Target=-219.4, Input=-221.1, Error=   1.8, PIDTerms= 0.054/ 0.000/-0.002/-0.000, Output= 0.052(-0.600/0.600), Volt=10.7(9.9)
GlobalTracer.printPidInfo_Info: [9.138] gyroTurnPidCtrl: Target=   0.0, Input=  -4.9, Error=   4.9, PIDTerms= 0.059/ 0.000/-0.000/ 0.000, Output= 0.059(-0.700/0.700), Volt=10.7(9.9)
GlobalTracer.startCompetition_Warn: AUTO_MODE takes too long (0.110s)

GlobalTracer.getPixyTargetX_Info: Cube not found!
GlobalTracer.printPidInfo_Info: [9.249] encoderXPidCtrl: Target= -36.5, Input= -20.4, Error= -16.2, PIDTerms=-2.428/ 0.000/ 0.048/-0.000, Output=-0.450(-0.450/0.450), Volt=10.6(9.9)
GlobalTracer.printPidInfo_Info: [9.249] encoderYPidCtrl: Target=-219.4, Input=-221.0, Error=   1.7, PIDTerms= 0.050/ 0.000/-0.002/-0.000, Output= 0.048(-0.600/0.600), Volt=10.6(9.9)
GlobalTracer.printPidInfo_Info: [9.249] gyroTurnPidCtrl: Target=   0.0, Input=  -5.1, Error=   5.1, PIDTerms= 0.062/ 0.000/ 0.002/ 0.000, Output= 0.064(-0.700/0.700), Volt=10.7(9.9)
GlobalTracer.startCompetition_Warn: AUTO_MODE takes too long (0.114s)

GlobalTracer.getPixyTargetX_Info: Cube not found!
GlobalTracer.printPidInfo_Info: [9.363] encoderXPidCtrl: Target= -36.5, Input= -20.9, Error= -15.7, PIDTerms=-2.348/ 0.000/ 0.066/-0.000, Output=-0.450(-0.450/0.450), Volt=10.8(9.9)
GlobalTracer.printPidInfo_Info: [9.363] encoderYPidCtrl: Target=-219.4, Input=-220.7, Error=   1.3, PIDTerms= 0.039/ 0.000/-0.003/-0.000, Output= 0.036(-0.600/0.600), Volt=10.8(9.9)
GlobalTracer.printPidInfo_Info: [9.363] gyroTurnPidCtrl: Target=   0.0, Input=  -5.2, Error=   5.2, PIDTerms= 0.062/ 0.000/ 0.000/ 0.000, Output= 0.063(-0.700/0.700), Volt=10.8(9.9)
GlobalTracer.startCompetition_Warn: AUTO_MODE takes too long (0.100s)

GlobalTracer.getPixyTargetX_Info: Cube not found!
GlobalTracer.printPidInfo_Info: [9.464] encoderXPidCtrl: Target= -36.5, Input= -21.9, Error= -14.6, PIDTerms=-2.189/ 0.000/ 0.143/-0.000, Output=-0.450(-0.450/0.450), Volt=11.0(9.9)
GlobalTracer.printPidInfo_Info: [9.464] encoderYPidCtrl: Target=-219.4, Input=-220.4, Error=   1.1, PIDTerms= 0.032/ 0.000/-0.002/-0.000, Output= 0.029(-0.600/0.600), Volt=11.0(9.9)
GlobalTracer.printPidInfo_Info: [9.464] gyroTurnPidCtrl: Target=   0.0, Input=  -3.8, Error=   3.8, PIDTerms= 0.045/ 0.000/-0.013/ 0.000, Output= 0.033(-0.700/0.700), Volt=11.0(9.9)
GlobalTracer.startCompetition_Warn: AUTO_MODE takes too long (0.144s)

GlobalTracer.getPixyTargetX_Info: Cube not found!
GlobalTracer.printPidInfo_Info: [9.611] encoderXPidCtrl: Target= -36.5, Input= -22.9, Error= -13.6, PIDTerms=-2.040/ 0.000/ 0.102/-0.000, Output=-0.450(-0.450/0.450), Volt=11.0(9.9)
GlobalTracer.printPidInfo_Info: [9.611] encoderYPidCtrl: Target=-219.4, Input=-220.2, Error=   0.8, PIDTerms= 0.025/ 0.000/-0.001/-0.000, Output= 0.024(-0.600/0.600), Volt=11.0(9.9)
GlobalTracer.printPidInfo_Info: [9.611] gyroTurnPidCtrl: Target=   0.0, Input=  -2.6, Error=   2.6, PIDTerms= 0.031/ 0.000/-0.008/ 0.000, Output= 0.023(-0.700/0.700), Volt=11.0(9.9)
GlobalTracer.getPixyTargetX_Info: Cube not found!
GlobalTracer.printPidInfo_Info: [9.702] encoderXPidCtrl: Target= -36.5, Input= -24.7, Error= -11.9, PIDTerms=-1.781/ 0.000/ 0.251/-0.000, Output=-0.450(-0.450/0.450), Volt=10.9(9.9)
GlobalTracer.printPidInfo_Info: [9.702] encoderYPidCtrl: Target=-219.4, Input=-219.9, Error=   0.5, PIDTerms= 0.016/ 0.000/-0.003/-0.000, Output= 0.013(-0.600/0.600), Volt=10.9(9.9)
GlobalTracer.printPidInfo_Info: [9.702] gyroTurnPidCtrl: Target=   0.0, Input=  -2.1, Error=   2.1, PIDTerms= 0.025/ 0.000/-0.005/ 0.000, Output= 0.021(-0.700/0.700), Volt=10.9(9.9)
GlobalTracer.getPixyTargetX_Info: Cube not found!
GlobalTracer.printPidInfo_Info: [9.752] encoderXPidCtrl: Target= -36.5, Input= -25.7, Error= -10.8, PIDTerms=-1.627/ 0.000/ 0.233/-0.000, Output=-0.450(-0.450/0.450), Volt=10.7(9.9)
GlobalTracer.printPidInfo_Info: [9.752] encoderYPidCtrl: Target=-219.4, Input=-219.8, Error=   0.4, PIDTerms= 0.013/ 0.000/-0.001/-0.000, Output= 0.012(-0.600/0.600), Volt=10.7(9.9)
GlobalTracer.printPidInfo_Info: [9.752] gyroTurnPidCtrl: Target=   0.0, Input=  -2.4, Error=   2.4, PIDTerms= 0.029/ 0.000/ 0.005/ 0.000, Output= 0.034(-0.700/0.700), Volt=10.8(9.9)
GlobalTracer.getPixyTargetX_Info: Cube not found!
GlobalTracer.printPidInfo_Info: [9.829] encoderXPidCtrl: Target= -36.5, Input= -26.2, Error= -10.4, PIDTerms=-1.557/ 0.000/ 0.104/-0.000, Output=-0.450(-0.450/0.450), Volt=10.8(9.9)
GlobalTracer.printPidInfo_Info: [9.829] encoderYPidCtrl: Target=-219.4, Input=-219.9, Error=   0.5, PIDTerms= 0.016/ 0.000/ 0.001/-0.000, Output= 0.018(-0.600/0.600), Volt=10.8(9.9)
GlobalTracer.printPidInfo_Info: [9.829] gyroTurnPidCtrl: Target=   0.0, Input=  -2.7, Error=   2.7, PIDTerms= 0.032/ 0.000/ 0.003/ 0.000, Output= 0.035(-0.700/0.700), Volt=10.8(9.9)
GlobalTracer.getPixyTargetX_Info: Cube not found!
GlobalTracer.printPidInfo_Info: [9.882] encoderXPidCtrl: Target= -36.5, Input= -26.9, Error=  -9.7, PIDTerms=-1.449/ 0.000/ 0.189/-0.000, Output=-0.450(-0.450/0.450), Volt=10.6(9.9)
GlobalTracer.printPidInfo_Info: [9.882] encoderYPidCtrl: Target=-219.4, Input=-220.0, Error=   0.6, PIDTerms= 0.019/ 0.000/ 0.002/-0.000, Output= 0.021(-0.600/0.600), Volt=10.6(9.9)
GlobalTracer.printPidInfo_Info: [9.882] gyroTurnPidCtrl: Target=   0.0, Input=  -3.2, Error=   3.2, PIDTerms= 0.038/ 0.000/ 0.009/ 0.000, Output= 0.048(-0.700/0.700), Volt=10.6(9.9)
GlobalTracer.getPixyTargetX_Info: Cube not found!
GlobalTracer.printPidInfo_Info: [9.950] encoderXPidCtrl: Target= -36.5, Input= -27.3, Error=  -9.3, PIDTerms=-1.391/ 0.000/ 0.086/-0.000, Output=-0.450(-0.450/0.450), Volt=10.7(9.9)
GlobalTracer.printPidInfo_Info: [9.950] encoderYPidCtrl: Target=-219.4, Input=-220.1, Error=   0.7, PIDTerms= 0.022/ 0.000/ 0.001/-0.000, Output= 0.023(-0.600/0.600), Volt=10.7(9.9)
GlobalTracer.printPidInfo_Info: [9.950] gyroTurnPidCtrl: Target=   0.0, Input=  -3.9, Error=   3.9, PIDTerms= 0.047/ 0.000/ 0.011/ 0.000, Output= 0.058(-0.700/0.700), Volt=10.6(9.9)
GlobalTracer.getPixyTargetX_Info: Cube not found!
GlobalTracer.printPidInfo_Info: [10.023] encoderXPidCtrl: Target= -36.5, Input= -27.7, Error=  -8.9, PIDTerms=-1.334/ 0.000/ 0.104/-0.000, Output=-0.450(-0.450/0.450), Volt=10.7(9.9)
GlobalTracer.printPidInfo_Info: [10.023] encoderYPidCtrl: Target=-219.4, Input=-220.2, Error=   0.8, PIDTerms= 0.025/ 0.000/ 0.002/-0.000, Output= 0.027(-0.600/0.600), Volt=10.7(9.9)
GlobalTracer.printPidInfo_Info: [10.023] gyroTurnPidCtrl: Target=   0.0, Input=  -4.6, Error=   4.6, PIDTerms= 0.055/ 0.000/ 0.012/ 0.000, Output= 0.067(-0.700/0.700), Volt=10.7(9.9)
GlobalTracer.startCompetition_Warn: AUTO_MODE takes too long (0.120s)

GlobalTracer.getPixyTargetX_Info: Cube not found!
GlobalTracer.printPidInfo_Info: [10.144] encoderXPidCtrl: Target= -36.5, Input= -28.1, Error=  -8.4, PIDTerms=-1.263/ 0.000/ 0.064/-0.000, Output=-0.450(-0.450/0.450), Volt=10.7(9.9)
GlobalTracer.printPidInfo_Info: [10.144] encoderYPidCtrl: Target=-219.4, Input=-220.2, Error=   0.8, PIDTerms= 0.025/ 0.000/ 0.000/-0.000, Output= 0.025(-0.600/0.600), Volt=10.7(9.9)
GlobalTracer.printPidInfo_Info: [10.144] gyroTurnPidCtrl: Target=   0.0, Input=  -5.0, Error=   5.0, PIDTerms= 0.060/ 0.000/ 0.004/ 0.000, Output= 0.064(-0.700/0.700), Volt=10.7(9.9)
GlobalTracer.getPixyTargetX_Info: Cube not found!
GlobalTracer.printPidInfo_Info: [10.236] encoderXPidCtrl: Target= -36.5, Input= -28.8, Error=  -7.7, PIDTerms=-1.155/ 0.000/ 0.146/-0.000, Output=-0.450(-0.450/0.450), Volt=10.8(9.9)
GlobalTracer.printPidInfo_Info: [10.236] encoderYPidCtrl: Target=-219.4, Input=-220.3, Error=   1.0, PIDTerms= 0.029/ 0.000/ 0.002/-0.000, Output= 0.030(-0.600/0.600), Volt=10.8(9.9)
GlobalTracer.printPidInfo_Info: [10.236] gyroTurnPidCtrl: Target=   0.0, Input=  -4.5, Error=   4.5, PIDTerms= 0.054/ 0.000/-0.007/ 0.000, Output= 0.047(-0.700/0.700), Volt=10.8(9.9)
GlobalTracer.getPixyTargetX_Info: Cube not found!
GlobalTracer.printPidInfo_Info: [10.319] encoderXPidCtrl: Target= -36.5, Input= -29.6, Error=  -7.0, PIDTerms=-1.047/ 0.000/ 0.091/-0.000, Output=-0.450(-0.450/0.450), Volt=10.8(9.9)
GlobalTracer.printPidInfo_Info: [10.319] encoderYPidCtrl: Target=-219.4, Input=-220.6, Error=   1.3, PIDTerms= 0.038/ 0.000/ 0.003/-0.000, Output= 0.040(-0.600/0.600), Volt=10.8(9.9)
GlobalTracer.printPidInfo_Info: [10.319] gyroTurnPidCtrl: Target=   0.0, Input=  -4.2, Error=   4.2, PIDTerms= 0.050/ 0.000/-0.003/ 0.000, Output= 0.047(-0.700/0.700), Volt=10.8(9.9)
GlobalTracer.getPixyTargetX_Info: Cube not found!
GlobalTracer.printPidInfo_Info: [10.413] encoderXPidCtrl: Target= -36.5, Input= -30.3, Error=  -6.3, PIDTerms=-0.942/ 0.000/ 0.142/-0.000, Output=-0.450(-0.450/0.450), Volt=10.9(9.9)
GlobalTracer.printPidInfo_Info: [10.413] encoderYPidCtrl: Target=-219.4, Input=-220.9, Error=   1.6, PIDTerms= 0.047/ 0.000/ 0.004/-0.000, Output= 0.051(-0.600/0.600), Volt=10.9(9.9)
GlobalTracer.printPidInfo_Info: [10.413] gyroTurnPidCtrl: Target=   0.0, Input=  -3.6, Error=   3.6, PIDTerms= 0.043/ 0.000/-0.008/ 0.000, Output= 0.035(-0.700/0.700), Volt=10.9(9.9)
GlobalTracer.getPixyTargetX_Info: Cube not found!
GlobalTracer.printPidInfo_Info: [10.508] encoderXPidCtrl: Target= -36.5, Input= -31.1, Error=  -5.4, PIDTerms=-0.811/ 0.000/ 0.120/-0.000, Output=-0.450(-0.450/0.450), Volt=10.9(9.9)
GlobalTracer.printPidInfo_Info: [10.508] encoderYPidCtrl: Target=-219.4, Input=-221.3, Error=   1.9, PIDTerms= 0.058/ 0.000/ 0.004/-0.000, Output= 0.062(-0.600/0.600), Volt=10.9(9.9)
GlobalTracer.printPidInfo_Info: [10.508] gyroTurnPidCtrl: Target=   0.0, Input=  -3.7, Error=   3.7, PIDTerms= 0.045/ 0.000/ 0.001/ 0.000, Output= 0.046(-0.700/0.700), Volt=10.9(9.9)
GlobalTracer.startCompetition_Warn: AUTO_MODE takes too long (0.108s)

GlobalTracer.getPixyTargetX_Info: Cube not found!
GlobalTracer.printPidInfo_Info: [10.617] encoderXPidCtrl: Target= -36.5, Input= -31.9, Error=  -4.6, PIDTerms=-0.696/ 0.000/ 0.147/-0.000, Output=-0.450(-0.450/0.450), Volt=10.9(9.9)
GlobalTracer.printPidInfo_Info: [10.617] encoderYPidCtrl: Target=-219.4, Input=-221.6, Error=   2.2, PIDTerms= 0.067/ 0.000/ 0.004/-0.000, Output= 0.070(-0.600/0.600), Volt=10.9(9.9)
GlobalTracer.printPidInfo_Info: [10.617] gyroTurnPidCtrl: Target=   0.0, Input=  -3.4, Error=   3.4, PIDTerms= 0.040/ 0.000/-0.005/ 0.000, Output= 0.036(-0.700/0.700), Volt=10.9(9.9)
GlobalTracer.startCompetition_Warn: AUTO_MODE takes too long (0.152s)

GlobalTracer.getPixyTargetX_Info: Cube not found!
GlobalTracer.printPidInfo_Info: [10.773] encoderXPidCtrl: Target= -36.5, Input= -33.3, Error=  -3.2, PIDTerms=-0.486/ 0.000/ 0.143/-0.000, Output=-0.342(-0.450/0.450), Volt=11.3(9.9)
GlobalTracer.printPidInfo_Info: [10.773] encoderYPidCtrl: Target=-219.4, Input=-222.0, Error=   2.7, PIDTerms= 0.080/ 0.000/ 0.003/-0.000, Output= 0.083(-0.600/0.600), Volt=11.3(9.9)
GlobalTracer.printPidInfo_Info: [10.773] gyroTurnPidCtrl: Target=   0.0, Input=  -3.7, Error=   3.7, PIDTerms= 0.044/ 0.000/ 0.002/ 0.000, Output= 0.046(-0.700/0.700), Volt=11.3(9.9)
GlobalTracer.getPixyTargetX_Info: Cube not found!
GlobalTracer.printPidInfo_Info: [10.839] encoderXPidCtrl: Target= -36.5, Input= -34.7, Error=  -1.9, PIDTerms=-0.283/ 0.000/ 0.160/-0.000, Output=-0.123(-0.450/0.450), Volt=11.9(9.9)
GlobalTracer.printPidInfo_Info: [10.839] encoderYPidCtrl: Target=-219.4, Input=-222.1, Error=   2.8, PIDTerms= 0.083/ 0.000/ 0.001/-0.000, Output= 0.084(-0.600/0.600), Volt=11.9(9.9)
GlobalTracer.printPidInfo_Info: [10.839] gyroTurnPidCtrl: Target=   0.0, Input=  -4.3, Error=   4.3, PIDTerms= 0.052/ 0.000/ 0.005/ 0.000, Output= 0.057(-0.700/0.700), Volt=12.0(9.9)
GlobalTracer.getPixyTargetX_Info: Cube not found!
GlobalTracer.printPidInfo_Info: [10.913] encoderXPidCtrl: Target= -36.5, Input= -35.2, Error=  -1.3, PIDTerms=-0.196/ 0.000/ 0.142/-0.000, Output=-0.054(-0.450/0.450), Volt=12.2(9.9)
GlobalTracer.printPidInfo_Info: [10.913] encoderYPidCtrl: Target=-219.4, Input=-222.0, Error=   2.7, PIDTerms= 0.080/ 0.000/-0.001/-0.000, Output= 0.079(-0.600/0.600), Volt=12.2(9.9)
GlobalTracer.printPidInfo_Info: [10.913] gyroTurnPidCtrl: Target=   0.0, Input=  -4.6, Error=   4.6, PIDTerms= 0.055/ 0.000/ 0.004/ 0.000, Output= 0.059(-0.700/0.700), Volt=12.2(9.9)
GlobalTracer.startCompetition_Warn: AUTO_MODE takes too long (0.106s)

GlobalTracer.getPixyTargetX_Info: Cube not found!
GlobalTracer.printPidInfo_Info: [11.021] encoderXPidCtrl: Target= -36.5, Input= -35.2, Error=  -1.3, PIDTerms=-0.195/ 0.000/ 0.001/-0.000, Output=-0.194(-0.450/0.450), Volt=11.9(9.9)
GlobalTracer.printPidInfo_Info: [11.021] encoderYPidCtrl: Target=-219.4, Input=-221.9, Error=   2.6, PIDTerms= 0.077/ 0.000/-0.001/-0.000, Output= 0.076(-0.600/0.600), Volt=11.9(9.9)
GlobalTracer.printPidInfo_Info: [11.021] gyroTurnPidCtrl: Target=   0.0, Input=  -4.9, Error=   4.9, PIDTerms= 0.058/ 0.000/ 0.003/ 0.000, Output= 0.061(-0.700/0.700), Volt=11.9(9.9)
GlobalTracer.getPixyTargetX_Info: Cube not found!
GlobalTracer.printPidInfo_Info: [11.069] encoderXPidCtrl: Target= -36.5, Input= -35.2, Error=  -1.3, PIDTerms=-0.199/ 0.000/-0.005/-0.000, Output=-0.203(-0.450/0.450), Volt=11.9(9.9)
GlobalTracer.printPidInfo_Info: [11.069] encoderYPidCtrl: Target=-219.4, Input=-221.9, Error=   2.5, PIDTerms= 0.076/ 0.000/-0.001/-0.000, Output= 0.075(-0.600/0.600), Volt=11.9(9.9)
GlobalTracer.printPidInfo_Info: [11.069] gyroTurnPidCtrl: Target=   0.0, Input=  -4.9, Error=   4.9, PIDTerms= 0.059/ 0.000/ 0.000/ 0.000, Output= 0.059(-0.700/0.700), Volt=11.9(9.9)
GlobalTracer.getPixyTargetX_Info: Cube not found!
GlobalTracer.printPidInfo_Info: [11.160] encoderXPidCtrl: Target= -36.5, Input= -35.2, Error=  -1.3, PIDTerms=-0.197/ 0.000/ 0.003/-0.000, Output=-0.194(-0.450/0.450), Volt=11.8(9.9)
GlobalTracer.printPidInfo_Info: [11.160] encoderYPidCtrl: Target=-219.4, Input=-221.9, Error=   2.5, PIDTerms= 0.076/ 0.000/ 0.000/-0.000, Output= 0.077(-0.600/0.600), Volt=11.8(9.9)
GlobalTracer.printPidInfo_Info: [11.160] gyroTurnPidCtrl: Target=   0.0, Input=  -4.8, Error=   4.8, PIDTerms= 0.058/ 0.000/-0.001/ 0.000, Output= 0.057(-0.700/0.700), Volt=11.8(9.9)
GlobalTracer.getPixyTargetX_Info: Cube not found!
GlobalTracer.printPidInfo_Info: [11.224] encoderXPidCtrl: Target= -36.5, Input= -35.3, Error=  -1.3, PIDTerms=-0.193/ 0.000/ 0.005/-0.000, Output=-0.188(-0.450/0.450), Volt=11.9(9.9)
GlobalTracer.printPidInfo_Info: [11.224] encoderYPidCtrl: Target=-219.4, Input=-221.9, Error=   2.6, PIDTerms= 0.077/ 0.000/ 0.000/-0.000, Output= 0.078(-0.600/0.600), Volt=11.9(9.9)
GlobalTracer.printPidInfo_Info: [11.224] gyroTurnPidCtrl: Target=   0.0, Input=  -4.9, Error=   4.9, PIDTerms= 0.058/ 0.000/ 0.000/ 0.000, Output= 0.059(-0.700/0.700), Volt=11.9(9.9)
GlobalTracer.getPixyTargetX_Info: Cube not found!
GlobalTracer.printPidInfo_Info: [11.313] encoderXPidCtrl: Target= -36.5, Input= -35.3, Error=  -1.3, PIDTerms=-0.193/ 0.000/ 0.000/-0.000, Output=-0.193(-0.450/0.450), Volt=11.9(9.9)
GlobalTracer.printPidInfo_Info: [11.313] encoderYPidCtrl: Target=-219.4, Input=-221.9, Error=   2.6, PIDTerms= 0.077/ 0.000/ 0.000/-0.000, Output= 0.077(-0.600/0.600), Volt=11.9(9.9)
GlobalTracer.printPidInfo_Info: [11.313] gyroTurnPidCtrl: Target=   0.0, Input=  -4.8, Error=   4.8, PIDTerms= 0.058/ 0.000/-0.000/ 0.000, Output= 0.058(-0.700/0.700), Volt=11.9(9.9)
GlobalTracer.getPixyTargetX_Info: Cube not found!
GlobalTracer.printPidInfo_Info: [11.399] encoderXPidCtrl: Target= -36.5, Input= -35.3, Error=  -1.3, PIDTerms=-0.193/ 0.000/ 0.000/-0.000, Output=-0.193(-0.450/0.450), Volt=11.9(9.9)
GlobalTracer.printPidInfo_Info: [11.399] encoderYPidCtrl: Target=-219.4, Input=-221.9, Error=   2.6, PIDTerms= 0.077/ 0.000/ 0.000/-0.000, Output= 0.077(-0.600/0.600), Volt=11.9(9.9)
GlobalTracer.printPidInfo_Info: [11.399] gyroTurnPidCtrl: Target=   0.0, Input=  -4.9, Error=   4.9, PIDTerms= 0.058/ 0.000/ 0.000/ 0.000, Output= 0.058(-0.700/0.700), Volt=11.9(9.9)
GlobalTracer.getPixyTargetX_Info: Cube not found!
GlobalTracer.printPidInfo_Info: [11.469] encoderXPidCtrl: Target= -36.5, Input= -35.3, Error=  -1.3, PIDTerms=-0.193/ 0.000/ 0.000/-0.000, Output=-0.193(-0.450/0.450), Volt=11.8(9.9)
GlobalTracer.printPidInfo_Info: [11.469] encoderYPidCtrl: Target=-219.4, Input=-221.9, Error=   2.6, PIDTerms= 0.077/ 0.000/ 0.000/-0.000, Output= 0.077(-0.600/0.600), Volt=11.8(9.9)
GlobalTracer.printPidInfo_Info: [11.469] gyroTurnPidCtrl: Target=   0.0, Input=  -4.8, Error=   4.8, PIDTerms= 0.058/ 0.000/-0.000/ 0.000, Output= 0.058(-0.700/0.700), Volt=11.8(9.9)
GlobalTracer.getPixyTargetX_Info: Cube not found!
GlobalTracer.printPidInfo_Info: [11.546] encoderXPidCtrl: Target= -36.5, Input= -35.3, Error=  -1.3, PIDTerms=-0.193/ 0.000/ 0.000/-0.000, Output=-0.193(-0.450/0.450), Volt=11.9(9.9)
GlobalTracer.printPidInfo_Info: [11.546] encoderYPidCtrl: Target=-219.4, Input=-221.9, Error=   2.6, PIDTerms= 0.077/ 0.000/ 0.000/-0.000, Output= 0.077(-0.600/0.600), Volt=11.9(9.9)
GlobalTracer.printPidInfo_Info: [11.546] gyroTurnPidCtrl: Target=   0.0, Input=  -4.9, Error=   4.9, PIDTerms= 0.058/ 0.000/ 0.000/ 0.000, Output= 0.058(-0.700/0.700), Volt=11.9(9.9)
GlobalTracer.getPixyTargetX_Info: Cube not found!
GlobalTracer.printPidInfo_Info: [11.613] encoderXPidCtrl: Target= -36.5, Input= -35.3, Error=  -1.3, PIDTerms=-0.193/ 0.000/ 0.000/-0.000, Output=-0.193(-0.450/0.450), Volt=11.9(9.9)
GlobalTracer.printPidInfo_Info: [11.613] encoderYPidCtrl: Target=-219.4, Input=-221.9, Error=   2.6, PIDTerms= 0.077/ 0.000/ 0.000/-0.000, Output= 0.077(-0.600/0.600), Volt=11.9(9.9)
GlobalTracer.printPidInfo_Info: [11.613] gyroTurnPidCtrl: Target=   0.0, Input=  -4.9, Error=   4.9, PIDTerms= 0.058/ 0.000/ 0.000/ 0.000, Output= 0.058(-0.700/0.700), Volt=11.9(9.9)
GlobalTracer.getPixyTargetX_Info: Cube not found!
GlobalTracer.printPidInfo_Info: [11.683] encoderXPidCtrl: Target= -36.5, Input= -35.3, Error=  -1.3, PIDTerms=-0.193/ 0.000/ 0.000/-0.000, Output=-0.193(-0.450/0.450), Volt=11.8(9.9)
GlobalTracer.printPidInfo_Info: [11.683] encoderYPidCtrl: Target=-219.4, Input=-221.9, Error=   2.6, PIDTerms= 0.077/ 0.000/ 0.000/-0.000, Output= 0.077(-0.600/0.600), Volt=11.8(9.9)
GlobalTracer.printPidInfo_Info: [11.683] gyroTurnPidCtrl: Target=   0.0, Input=  -4.9, Error=   4.9, PIDTerms= 0.058/ 0.000/ 0.000/ 0.000, Output= 0.058(-0.700/0.700), Volt=11.8(9.9)
GlobalTracer.postContinuousTask_Info: Stalled=true, Expired=false
GlobalTracer.getPixyTargetX_Info: Cube not found!
GlobalTracer.VisionStrafePeriodic_Info: visionEvent=false, driveEvent=true
GlobalTracer.Robot_Info: [11.778] VISION_DONE: xPos=-35.21,yPos=-221.96,heading=  -4.9/   0.0,volts=12.3(9.9)
GlobalTracer.getPixyTargetX_Info: Cube not found!
GlobalTracer.Robot_Info: [11.835] PRECISION_STRAFE: xPos=-35.21,yPos=-222.07,heading=  -5.0/   0.0,volts=12.3(9.9)
GlobalTracer.AutoSwitchPeriodic_Info: visionStrafeError=0.0
GlobalTracer.getPixyTargetX_Info: Cube not found!
GlobalTracer.AutoSwitchPeriodic_Info: Vision Target not found
GlobalTracer.Robot_Info: [11.912] START_SECOND_PICKUP: xPos=-35.21,yPos=-222.15,heading=  -5.0/   0.0,volts=12.4(9.9)
GlobalTracer.Robot_Info: [11.965]      START: xPos=-35.21,yPos=-222.17,heading=  -4.9/   0.0,volts=12.4(9.9)
GlobalTracer.printPidInfo_Info: [11.965] elevatorPidController: Target=   6.0, Input=   0.0, Error=  -2.0, PIDTerms= 0.000/ 0.000/ 0.000/ 0.000, Output= 0.000(-1.000/1.000), Volt=12.4(9.9)
GlobalTracer.printPidInfo_Info: [12.042] elevatorPidController: Target=   6.0, Input=   8.0, Error=  -2.0, PIDTerms=-0.407/-0.000/ 0.000/ 0.000, Output=-0.407(-1.000/1.000), Volt=12.4(9.9)
GlobalTracer.printPidInfo_Info: [12.109] elevatorPidController: Target=   6.0, Input=   8.0, Error=  -2.0, PIDTerms=-0.403/-0.000/ 0.000/ 0.000, Output=-0.403(-1.000/1.000), Volt=12.4(9.9)
GlobalTracer.printPidInfo_Info: [12.181] elevatorPidController: Target=   6.0, Input=   8.0, Error=  -2.0, PIDTerms=-0.404/-0.000/-0.000/ 0.000, Output=-0.405(-1.000/1.000), Volt=12.4(9.9)
GlobalTracer.printPidInfo_Info: [12.230] elevatorPidController: Target=   6.0, Input=   8.0, Error=  -2.0, PIDTerms=-0.404/-0.000/ 0.000/ 0.000, Output=-0.405(-1.000/1.000), Volt=12.4(9.9)
GlobalTracer.printPidInfo_Info: [12.289] elevatorPidController: Target=   6.0, Input=   8.0, Error=  -2.0, PIDTerms=-0.404/-0.001/ 0.000/ 0.000, Output=-0.405(-1.000/1.000), Volt=12.4(9.9)
GlobalTracer.printPidInfo_Info: [12.343] elevatorPidController: Target=   6.0, Input=   8.0, Error=  -2.0, PIDTerms=-0.404/-0.001/ 0.000/ 0.000, Output=-0.405(-1.000/1.000), Volt=12.4(9.9)
GlobalTracer.printPidInfo_Info: [12.402] elevatorPidController: Target=   6.0, Input=   8.0, Error=  -2.0, PIDTerms=-0.404/-0.001/ 0.000/ 0.000, Output=-0.405(-1.000/1.000), Volt=12.4(9.9)
GlobalTracer.printPidInfo_Info: [12.465] elevatorPidController: Target=   6.0, Input=   8.0, Error=  -2.0, PIDTerms=-0.404/-0.001/ 0.000/ 0.000, Output=-0.405(-1.000/1.000), Volt=12.4(9.9)
GlobalTracer.printPidInfo_Info: [12.523] elevatorPidController: Target=   6.0, Input=   8.0, Error=  -2.0, PIDTerms=-0.404/-0.001/ 0.000/ 0.000, Output=-0.405(-1.000/1.000), Volt=12.4(9.9)
GlobalTracer.printPidInfo_Info: [12.567] elevatorPidController: Target=   6.0, Input=   8.0, Error=  -2.0, PIDTerms=-0.404/-0.001/ 0.000/ 0.000, Output=-0.405(-1.000/1.000), Volt=12.4(9.9)
GlobalTracer.printPidInfo_Info: [12.629] elevatorPidController: Target=   6.0, Input=   8.0, Error=  -2.0, PIDTerms=-0.407/-0.001/-0.000/ 0.000, Output=-0.408(-1.000/1.000), Volt=12.4(9.9)
GlobalTracer.printPidInfo_Info: [12.670] elevatorPidController: Target=   6.0, Input=   8.0, Error=  -2.0, PIDTerms=-0.409/-0.001/-0.000/ 0.000, Output=-0.410(-1.000/1.000), Volt=12.4(9.9)
GlobalTracer.printPidInfo_Info: [12.731] elevatorPidController: Target=   6.0, Input=   8.0, Error=  -2.0, PIDTerms=-0.406/-0.001/ 0.000/ 0.000, Output=-0.407(-1.000/1.000), Volt=12.4(9.9)
GlobalTracer.printPidInfo_Info: [12.779] elevatorPidController: Target=   6.0, Input=   8.0, Error=  -2.0, PIDTerms=-0.400/-0.002/ 0.000/ 0.000, Output=-0.402(-1.000/1.000), Volt=12.4(9.9)
GlobalTracer.printPidInfo_Info: [12.842] elevatorPidController: Target=   6.0, Input=   8.0, Error=  -2.0, PIDTerms=-0.409/-0.002/-0.000/ 0.000, Output=-0.410(-1.000/1.000), Volt=12.4(9.9)
GlobalTracer.printPidInfo_Info: [12.890] elevatorPidController: Target=   6.0, Input=   8.0, Error=  -2.0, PIDTerms=-0.397/-0.002/ 0.000/ 0.000, Output=-0.399(-1.000/1.000), Volt=12.5(9.9)
GlobalTracer.printPidInfo_Info: [12.941] elevatorPidController: Target=   6.0, Input=   8.1, Error=  -2.1, PIDTerms=-0.413/-0.002/-0.000/ 0.000, Output=-0.415(-1.000/1.000), Volt=12.4(9.9)
GlobalTracer.printPidInfo_Info: [12.993] elevatorPidController: Target=   6.0, Input=   8.1, Error=  -2.1, PIDTerms=-0.411/-0.002/ 0.000/ 0.000, Output=-0.413(-1.000/1.000), Volt=12.4(9.9)
GlobalTracer.printPidInfo_Info: [13.054] elevatorPidController: Target=   6.0, Input=   8.0, Error=  -2.0, PIDTerms=-0.404/-0.002/ 0.000/ 0.000, Output=-0.406(-1.000/1.000), Volt=12.5(9.9)
GlobalTracer.printPidInfo_Info: [13.108] elevatorPidController: Target=   6.0, Input=   8.0, Error=  -2.0, PIDTerms=-0.404/-0.002/ 0.000/ 0.000, Output=-0.407(-1.000/1.000), Volt=12.4(9.9)
GlobalTracer.printPidInfo_Info: [13.170] elevatorPidController: Target=   6.0, Input=   8.0, Error=  -2.0, PIDTerms=-0.406/-0.002/-0.000/ 0.000, Output=-0.408(-1.000/1.000), Volt=12.5(9.9)
GlobalTracer.printPidInfo_Info: [13.226] elevatorPidController: Target=   6.0, Input=   8.0, Error=  -2.0, PIDTerms=-0.406/-0.002/ 0.000/ 0.000, Output=-0.408(-1.000/1.000), Volt=12.5(9.9)
GlobalTracer.printPidInfo_Info: [13.271] elevatorPidController: Target=   6.0, Input=   8.0, Error=  -2.0, PIDTerms=-0.406/-0.003/ 0.000/ 0.000, Output=-0.408(-1.000/1.000), Volt=12.4(9.9)
GlobalTracer.printPidInfo_Info: [13.323] elevatorPidController: Target=   6.0, Input=   8.0, Error=  -2.0, PIDTerms=-0.406/-0.003/ 0.000/ 0.000, Output=-0.408(-1.000/1.000), Volt=12.5(9.9)
GlobalTracer.printPidInfo_Info: [13.374] elevatorPidController: Target=   6.0, Input=   8.0, Error=  -2.0, PIDTerms=-0.406/-0.003/ 0.000/ 0.000, Output=-0.408(-1.000/1.000), Volt=12.4(9.9)
GlobalTracer.printPidInfo_Info: [13.438] elevatorPidController: Target=   6.0, Input=   8.0, Error=  -2.0, PIDTerms=-0.406/-0.003/ 0.000/ 0.000, Output=-0.409(-1.000/1.000), Volt=12.5(9.9)
GlobalTracer.printPidInfo_Info: [13.491] elevatorPidController: Target=   6.0, Input=   8.0, Error=  -2.0, PIDTerms=-0.406/-0.003/ 0.000/ 0.000, Output=-0.409(-1.000/1.000), Volt=12.5(9.9)
GlobalTracer.printPidInfo_Info: [13.551] elevatorPidController: Target=   6.0, Input=   8.0, Error=  -2.0, PIDTerms=-0.406/-0.003/ 0.000/ 0.000, Output=-0.409(-1.000/1.000), Volt=12.4(9.9)
GlobalTracer.printPidInfo_Info: [13.594] elevatorPidController: Target=   6.0, Input=   8.0, Error=  -2.0, PIDTerms=-0.406/-0.003/ 0.000/ 0.000, Output=-0.409(-1.000/1.000), Volt=12.4(9.9)
GlobalTracer.printPidInfo_Info: [13.655] elevatorPidController: Target=   6.0, Input=   8.0, Error=  -2.0, PIDTerms=-0.406/-0.003/ 0.000/ 0.000, Output=-0.409(-1.000/1.000), Volt=12.4(9.9)
GlobalTracer.printPidInfo_Info: [13.710] elevatorPidController: Target=   6.0, Input=   8.0, Error=  -2.0, PIDTerms=-0.406/-0.003/ 0.000/ 0.000, Output=-0.409(-1.000/1.000), Volt=12.5(9.9)
GlobalTracer.printPidInfo_Info: [13.781] elevatorPidController: Target=   6.0, Input=   8.0, Error=  -2.0, PIDTerms=-0.406/-0.004/ 0.000/ 0.000, Output=-0.409(-1.000/1.000), Volt=12.5(9.9)
GlobalTracer.printPidInfo_Info: [13.826] elevatorPidController: Target=   6.0, Input=   8.0, Error=  -2.0, PIDTerms=-0.406/-0.004/ 0.000/ 0.000, Output=-0.409(-1.000/1.000), Volt=12.4(9.9)
GlobalTracer.printPidInfo_Info: [13.884] elevatorPidController: Target=   6.0, Input=   8.0, Error=  -2.0, PIDTerms=-0.406/-0.004/ 0.000/ 0.000, Output=-0.410(-1.000/1.000), Volt=12.5(9.9)
GlobalTracer.printPidInfo_Info: [13.925] elevatorPidController: Target=   6.0, Input=   8.0, Error=  -2.0, PIDTerms=-0.406/-0.004/ 0.000/ 0.000, Output=-0.410(-1.000/1.000), Volt=12.4(9.9)
GlobalTracer.printPidInfo_Info: [13.968] elevatorPidController: Target=   6.0, Input=   8.0, Error=  -2.0, PIDTerms=-0.406/-0.004/ 0.000/ 0.000, Output=-0.410(-1.000/1.000), Volt=12.5(9.9)
GlobalTracer.printPidInfo_Info: [14.025] elevatorPidController: Target=   6.0, Input=   8.0, Error=  -2.0, PIDTerms=-0.406/-0.004/ 0.000/ 0.000, Output=-0.410(-1.000/1.000), Volt=12.5(9.9)
GlobalTracer.printPidInfo_Info: [14.070] elevatorPidController: Target=   6.0, Input=   8.0, Error=  -2.0, PIDTerms=-0.406/-0.004/ 0.000/ 0.000, Output=-0.410(-1.000/1.000), Volt=12.5(9.9)
GlobalTracer.printPidInfo_Info: [14.128] elevatorPidController: Target=   6.0, Input=   8.0, Error=  -2.0, PIDTerms=-0.406/-0.004/ 0.000/ 0.000, Output=-0.410(-1.000/1.000), Volt=12.5(9.9)
GlobalTracer.printPidInfo_Info: [14.167] elevatorPidController: Target=   6.0, Input=   8.0, Error=  -2.0, PIDTerms=-0.406/-0.004/ 0.000/ 0.000, Output=-0.410(-1.000/1.000), Volt=12.5(9.9)
GlobalTracer.printPidInfo_Info: [14.206] elevatorPidController: Target=   6.0, Input=   8.0, Error=  -2.0, PIDTerms=-0.406/-0.004/ 0.000/ 0.000, Output=-0.410(-1.000/1.000), Volt=12.5(9.9)
GlobalTracer.printPidInfo_Info: [14.259] elevatorPidController: Target=   6.0, Input=   8.0, Error=  -2.0, PIDTerms=-0.406/-0.005/ 0.000/ 0.000, Output=-0.410(-1.000/1.000), Volt=12.5(9.9)
GlobalTracer.printPidInfo_Info: [14.316] elevatorPidController: Target=   6.0, Input=   8.0, Error=  -2.0, PIDTerms=-0.406/-0.005/ 0.000/ 0.000, Output=-0.410(-1.000/1.000), Volt=12.5(9.9)
GlobalTracer.printPidInfo_Info: [14.362] elevatorPidController: Target=   6.0, Input=   8.0, Error=  -2.0, PIDTerms=-0.406/-0.005/ 0.000/ 0.000, Output=-0.410(-1.000/1.000), Volt=12.4(9.9)
GlobalTracer.printPidInfo_Info: [14.404] elevatorPidController: Target=   6.0, Input=   8.0, Error=  -2.0, PIDTerms=-0.406/-0.005/ 0.000/ 0.000, Output=-0.411(-1.000/1.000), Volt=12.5(9.9)
GlobalTracer.printPidInfo_Info: [14.457] elevatorPidController: Target=   6.0, Input=   8.0, Error=  -2.0, PIDTerms=-0.406/-0.005/ 0.000/ 0.000, Output=-0.411(-1.000/1.000), Volt=12.5(9.9)
GlobalTracer.printPidInfo_Info: [14.511] elevatorPidController: Target=   6.0, Input=   8.0, Error=  -2.0, PIDTerms=-0.406/-0.005/ 0.000/ 0.000, Output=-0.411(-1.000/1.000), Volt=12.4(9.9)
GlobalTracer.printPidInfo_Info: [14.559] elevatorPidController: Target=   6.0, Input=   8.0, Error=  -2.0, PIDTerms=-0.406/-0.005/ 0.000/ 0.000, Output=-0.411(-1.000/1.000), Volt=12.5(9.9)
GlobalTracer.printPidInfo_Info: [14.619] elevatorPidController: Target=   6.0, Input=   8.0, Error=  -2.0, PIDTerms=-0.406/-0.005/ 0.000/ 0.000, Output=-0.411(-1.000/1.000), Volt=12.4(9.9)
GlobalTracer.printPidInfo_Info: [14.670] elevatorPidController: Target=   6.0, Input=   8.0, Error=  -2.0, PIDTerms=-0.406/-0.005/ 0.000/ 0.000, Output=-0.411(-1.000/1.000), Volt=12.5(9.9)
GlobalTracer.printPidInfo_Info: [14.731] elevatorPidController: Target=   6.0, Input=   8.0, Error=  -2.0, PIDTerms=-0.406/-0.006/ 0.000/ 0.000, Output=-0.411(-1.000/1.000), Volt=12.4(9.9)
GlobalTracer.printPidInfo_Info: [14.775] elevatorPidController: Target=   6.0, Input=   8.0, Error=  -2.0, PIDTerms=-0.406/-0.006/ 0.000/ 0.000, Output=-0.411(-1.000/1.000), Volt=12.5(9.9)
GlobalTracer.printPidInfo_Info: [14.837] elevatorPidController: Target=   6.0, Input=   8.0, Error=  -2.0, PIDTerms=-0.406/-0.006/ 0.000/ 0.000, Output=-0.411(-1.000/1.000), Volt=12.4(9.9)
GlobalTracer.printPidInfo_Info: [14.889] elevatorPidController: Target=   6.0, Input=   8.0, Error=  -2.0, PIDTerms=-0.406/-0.006/ 0.000/ 0.000, Output=-0.412(-1.000/1.000), Volt=12.4(9.9)
GlobalTracer.printPidInfo_Info: [14.951] elevatorPidController: Target=   6.0, Input=   8.0, Error=  -2.0, PIDTerms=-0.406/-0.006/ 0.000/ 0.000, Output=-0.412(-1.000/1.000), Volt=12.5(9.9)
GlobalTracer.printPidInfo_Info: [15.007] elevatorPidController: Target=   6.0, Input=   8.0, Error=  -2.0, PIDTerms=-0.406/-0.006/ 0.000/ 0.000, Output=-0.412(-1.000/1.000), Volt=12.5(9.9)
GlobalTracer.printPidInfo_Info: [15.065] elevatorPidController: Target=   6.0, Input=   8.0, Error=  -2.0, PIDTerms=-0.406/-0.006/ 0.000/ 0.000, Output=-0.412(-1.000/1.000), Volt=12.5(9.9)
GlobalTracer.printPidInfo_Info: [15.120] elevatorPidController: Target=   6.0, Input=   8.0, Error=  -2.0, PIDTerms=-0.406/-0.006/ 0.000/ 0.000, Output=-0.412(-1.000/1.000), Volt=12.5(9.9)
GlobalTracer.printPidInfo_Info: [15.179] elevatorPidController: Target=   6.0, Input=   8.0, Error=  -2.0, PIDTerms=-0.406/-0.006/ 0.000/ 0.000, Output=-0.412(-1.000/1.000), Volt=12.5(9.9)
GlobalTracer.printPidInfo_Info: [15.228] elevatorPidController: Target=   6.0, Input=   8.0, Error=  -2.0, PIDTerms=-0.406/-0.007/ 0.000/ 0.000, Output=-0.412(-1.000/1.000), Volt=12.5(9.9)
GlobalTracer.printPidInfo_Info: [15.276] elevatorPidController: Target=   6.0, Input=   8.0, Error=  -2.0, PIDTerms=-0.406/-0.007/ 0.000/ 0.000, Output=-0.412(-1.000/1.000), Volt=12.5(9.9)
GlobalTracer.Diagnostics_Info: ### Diagnostics: right sonar did not change enough and might be unplugged
GlobalTracer.Diagnostics_Info: ### Diagnostics: elevator lower limit switch never changed states / might be unplugged
GlobalTracer.Diagnostics_Info: ### Diagnostics: grabber cube proximity sensor never changed states / might be unplugged
GlobalTracer.Diagnostics_Info: ### Diagnostics: elevator did not move enough - encoder might be unplugged
GlobalTracer.Vision_Info: Pixy is disabled!
GlobalTracer.Robot_Info: TotalEnergy=1.609
