GlobalTracer.FirstPowerUp_Info: Sat Mar 24 17:17:28 PDT 2018: ***** Starting autonomous *****
GlobalTracer.FirstPowerUp_Info: WASNO_Qualification_ 40 (Red2) [FMSConnected=true]
GlobalTracer.CmdAutoSwitch_Info: alliance=Red, gameSpecificMsg=RLR, delay=0.000, fwdDistance=60, startPosition=0.0, flipInFlight=false
GlobalTracer.Vision_Info: Pixy is enabled!
GlobalTracer.Robot_Info: [0.963]   DO_DELAY: xPos=  0.00,yPos=  0.00,heading=   0.0/   0.0,volts=12.7(12.7)
GlobalTracer.PowerUse_Info: Battery - currVoltage: 12.65, lowestVoltage: 12.65
GlobalTracer.PowerUse_Info: Power: pdpTotalCurrent: 0.00 elev: 0.13 winch: 0.00, pickup: 0.00, total: 0.00
GlobalTracer.startCompetition_Warn: AUTO_MODE takes too long (1.091s)

GlobalTracer.Robot_Info: [1.089] DRIVE_DIAGONAL_TO_SWITCH: xPos=  0.00,yPos=  0.00,heading=   0.0/  25.0,volts=12.7(12.7)
GlobalTracer.printPidInfo_Info: [1.089] encoderXPidCtrl: Target=   0.0, Input=   0.0, Error=   0.0, PIDTerms= 0.000/ 0.000/ 0.000/ 0.000, Output= 0.000(-0.700/0.700), Volt=12.7(12.7)
GlobalTracer.printPidInfo_Info: [1.089] encoderYPidCtrl: Target= 121.2, Input=   0.0, Error= 121.2, PIDTerms= 0.000/ 0.000/ 0.000/ 0.000, Output= 0.000(-0.600/0.600), Volt=12.7(12.7)
GlobalTracer.printPidInfo_Info: [1.089] gyroTurnPidCtrl: Target=  25.0, Input=   0.0, Error=  25.0, PIDTerms= 0.000/ 0.000/ 0.000/ 0.000, Output= 0.000(-0.700/0.700), Volt=12.7(12.7)
GlobalTracer.printPidInfo_Info: [1.089] elevatorPidController: Target=  34.8, Input=   0.0, Error=  26.8, PIDTerms= 0.000/ 0.000/ 0.000/ 0.000, Output= 0.000(-1.000/1.000), Volt=12.7(12.7)
GlobalTracer.PowerUse_Info: Battery - currVoltage: 12.70, lowestVoltage: 12.65
GlobalTracer.PowerUse_Info: Power: pdpTotalCurrent: 0.00 elev: 0.13 winch: 0.00, pickup: 0.00, total: 0.00
GlobalTracer.startCompetition_Warn: AUTO_MODE takes too long (0.137s)

GlobalTracer.printPidInfo_Info: [1.229] encoderXPidCtrl: Target=   0.0, Input=   0.0, Error=   0.0, PIDTerms= 0.000/ 0.000/ 0.000/ 0.000, Output= 0.000(-0.700/0.700), Volt=9.5(9.3)
GlobalTracer.printPidInfo_Info: [1.229] encoderYPidCtrl: Target= 121.2, Input=   0.0, Error= 121.2, PIDTerms= 2.061/ 0.000/ 0.000/ 0.000, Output= 0.600(-0.600/0.600), Volt=9.5(9.3)
GlobalTracer.printPidInfo_Info: [1.229] gyroTurnPidCtrl: Target=  25.0, Input=   0.0, Error=  25.0, PIDTerms= 0.450/ 0.000/ 0.000/ 0.000, Output= 0.450(-0.700/0.700), Volt=9.5(9.3)
GlobalTracer.printPidInfo_Info: [1.229] elevatorPidController: Target=  34.8, Input=   8.0, Error=  26.8, PIDTerms= 5.350/ 0.002/ 0.000/ 0.000, Output= 1.000(-1.000/1.000), Volt=9.5(9.3)
GlobalTracer.PowerUse_Info: Battery - currVoltage: 9.70, lowestVoltage: 9.25
GlobalTracer.PowerUse_Info: Power: pdpTotalCurrent: 121.63 elev: 43.25 winch: 0.00, pickup: 0.00, total: 0.00
GlobalTracer.startCompetition_Warn: AUTO_MODE takes too long (0.115s)

GlobalTracer.printPidInfo_Info: [1.344] encoderXPidCtrl: Target=   0.0, Input=   0.1, Error=  -0.1, PIDTerms=-0.019/ 0.000/-0.015/ 0.000, Output=-0.034(-0.700/0.700), Volt=10.3(9.3)
GlobalTracer.printPidInfo_Info: [1.344] encoderYPidCtrl: Target= 121.2, Input=   0.5, Error= 120.8, PIDTerms= 2.053/ 0.000/-0.004/ 0.000, Output= 0.600(-0.600/0.600), Volt=10.3(9.3)
GlobalTracer.printPidInfo_Info: [1.344] gyroTurnPidCtrl: Target=  25.0, Input=   0.0, Error=  25.0, PIDTerms= 0.450/ 0.000/-0.000/ 0.000, Output= 0.450(-0.700/0.700), Volt=10.3(9.3)
GlobalTracer.printPidInfo_Info: [1.344] elevatorPidController: Target=  34.8, Input=  10.0, Error=  24.7, PIDTerms= 4.942/ 0.005/-0.000/ 0.000, Output= 1.000(-1.000/1.000), Volt=10.3(9.3)
GlobalTracer.PowerUse_Info: Battery - currVoltage: 10.05, lowestVoltage: 9.25
GlobalTracer.PowerUse_Info: Power: pdpTotalCurrent: 124.50 elev: 35.38 winch: 0.00, pickup: 0.00, total: 0.05
GlobalTracer.startCompetition_Warn: AUTO_MODE takes too long (0.130s)

GlobalTracer.printPidInfo_Info: [1.474] encoderXPidCtrl: Target=   0.0, Input=   2.2, Error=  -2.2, PIDTerms=-0.327/ 0.000/-0.255/ 0.000, Output=-0.582(-0.700/0.700), Volt=10.3(9.3)
GlobalTracer.printPidInfo_Info: [1.474] encoderYPidCtrl: Target= 121.2, Input=   5.2, Error= 116.0, PIDTerms= 1.973/ 0.000/-0.039/ 0.000, Output= 0.600(-0.600/0.600), Volt=10.3(9.3)
GlobalTracer.printPidInfo_Info: [1.474] gyroTurnPidCtrl: Target=  25.0, Input=   3.2, Error=  21.8, PIDTerms= 0.393/ 0.000/-0.042/ 0.000, Output= 0.351(-0.700/0.700), Volt=10.3(9.3)
GlobalTracer.printPidInfo_Info: [1.474] elevatorPidController: Target=  34.8, Input=   9.3, Error=  25.5, PIDTerms= 5.094/ 0.008/ 0.000/ 0.000, Output= 1.000(-1.000/1.000), Volt=10.3(9.3)
GlobalTracer.PowerUse_Info: Battery - currVoltage: 10.50, lowestVoltage: 9.25
GlobalTracer.PowerUse_Info: Power: pdpTotalCurrent: 123.88 elev: 34.75 winch: 0.00, pickup: 0.00, total: 0.10
GlobalTracer.startCompetition_Warn: AUTO_MODE takes too long (0.198s)

GlobalTracer.printPidInfo_Info: [1.673] encoderXPidCtrl: Target=   0.0, Input=   3.1, Error=  -3.1, PIDTerms=-0.466/ 0.000/-0.080/ 0.000, Output=-0.546(-0.700/0.700), Volt=10.6(9.3)
GlobalTracer.printPidInfo_Info: [1.673] encoderYPidCtrl: Target= 121.2, Input=  10.6, Error= 110.7, PIDTerms= 1.882/ 0.000/-0.031/ 0.000, Output= 0.600(-0.600/0.600), Volt=10.6(9.3)
GlobalTracer.printPidInfo_Info: [1.673] gyroTurnPidCtrl: Target=  25.0, Input=   7.8, Error=  17.3, PIDTerms= 0.311/ 0.000/-0.042/ 0.000, Output= 0.269(-0.700/0.700), Volt=10.6(9.3)
GlobalTracer.printPidInfo_Info: [1.673] elevatorPidController: Target=  34.8, Input=  15.8, Error=  18.9, PIDTerms= 3.788/ 0.011/-0.000/ 0.000, Output= 1.000(-1.000/1.000), Volt=10.6(9.3)
GlobalTracer.PowerUse_Info: Battery - currVoltage: 10.55, lowestVoltage: 9.25
GlobalTracer.PowerUse_Info: Power: pdpTotalCurrent: 115.63 elev: 35.63 winch: 0.00, pickup: 0.00, total: 0.17
GlobalTracer.startCompetition_Warn: AUTO_MODE takes too long (0.132s)

GlobalTracer.printPidInfo_Info: [1.805] encoderXPidCtrl: Target=   0.0, Input=   1.0, Error=  -1.0, PIDTerms=-0.150/ 0.000/ 0.204/ 0.000, Output= 0.054(-0.700/0.700), Volt=10.7(9.3)
GlobalTracer.printPidInfo_Info: [1.805] encoderYPidCtrl: Target= 121.2, Input=  17.8, Error= 103.5, PIDTerms= 1.759/ 0.000/-0.047/ 0.000, Output= 0.600(-0.600/0.600), Volt=10.7(9.3)
GlobalTracer.printPidInfo_Info: [1.805] gyroTurnPidCtrl: Target=  25.0, Input=  17.3, Error=   7.7, PIDTerms= 0.139/ 0.000/-0.098/ 0.000, Output= 0.041(-0.700/0.700), Volt=10.7(9.3)
GlobalTracer.printPidInfo_Info: [1.805] elevatorPidController: Target=  34.8, Input=  21.7, Error=  13.1, PIDTerms= 2.615/ 0.013/-0.000/ 0.000, Output= 1.000(-1.000/1.000), Volt=10.8(9.3)
GlobalTracer.PowerUse_Info: Battery - currVoltage: 10.75, lowestVoltage: 9.25
GlobalTracer.PowerUse_Info: Power: pdpTotalCurrent: 92.63 elev: 35.13 winch: 0.00, pickup: 0.00, total: 0.21
GlobalTracer.startCompetition_Warn: AUTO_MODE takes too long (0.123s)

GlobalTracer.printPidInfo_Info: [1.929] encoderXPidCtrl: Target=   0.0, Input=  -0.2, Error=   0.2, PIDTerms= 0.026/ 0.000/ 0.128/ 0.000, Output= 0.155(-0.700/0.700), Volt=10.7(9.3)
GlobalTracer.printPidInfo_Info: [1.929] encoderYPidCtrl: Target= 121.2, Input=  24.7, Error=  96.5, PIDTerms= 1.640/ 0.000/-0.051/ 0.000, Output= 0.600(-0.600/0.600), Volt=10.7(9.3)
GlobalTracer.printPidInfo_Info: [1.929] gyroTurnPidCtrl: Target=  25.0, Input=  23.9, Error=   1.1, PIDTerms= 0.020/ 0.000/-0.077/ 0.000, Output=-0.057(-0.700/0.700), Volt=10.7(9.3)
GlobalTracer.printPidInfo_Info: [1.929] elevatorPidController: Target=  34.8, Input=  26.9, Error=   7.9, PIDTerms= 1.571/ 0.014/-0.000/ 0.000, Output= 1.000(-1.000/1.000), Volt=11.0(9.3)
GlobalTracer.PowerUse_Info: Battery - currVoltage: 11.00, lowestVoltage: 9.25
GlobalTracer.PowerUse_Info: Power: pdpTotalCurrent: 95.75 elev: 34.50 winch: 0.00, pickup: 0.00, total: 0.24
GlobalTracer.startCompetition_Warn: AUTO_MODE takes too long (0.143s)

GlobalTracer.printPidInfo_Info: [2.073] encoderXPidCtrl: Target=   0.0, Input=   0.2, Error=  -0.2, PIDTerms=-0.023/ 0.000/-0.032/ 0.000, Output=-0.055(-0.700/0.700), Volt=11.4(9.3)
GlobalTracer.printPidInfo_Info: [2.073] encoderYPidCtrl: Target= 121.2, Input=  32.2, Error=  89.0, PIDTerms= 1.514/ 0.000/-0.049/ 0.000, Output= 0.600(-0.600/0.600), Volt=11.4(9.3)
GlobalTracer.printPidInfo_Info: [2.073] gyroTurnPidCtrl: Target=  25.0, Input=  26.9, Error=  -1.9, PIDTerms=-0.033/ 0.000/-0.031/ 0.000, Output=-0.065(-0.700/0.700), Volt=11.4(9.3)
GlobalTracer.printPidInfo_Info: [2.073] elevatorPidController: Target=  34.8, Input=  32.1, Error=   2.6, PIDTerms= 0.523/ 0.015/-0.000/ 0.000, Output= 0.537(-1.000/1.000), Volt=11.4(9.3)
GlobalTracer.PowerUse_Info: Battery - currVoltage: 11.35, lowestVoltage: 9.25
GlobalTracer.PowerUse_Info: Power: pdpTotalCurrent: 74.25 elev: 10.50 winch: 0.00, pickup: 0.00, total: 0.27
GlobalTracer.startCompetition_Warn: AUTO_MODE takes too long (0.145s)

GlobalTracer.printPidInfo_Info: [2.218] encoderXPidCtrl: Target=   0.0, Input=   0.8, Error=  -0.8, PIDTerms=-0.123/ 0.000/-0.102/ 0.000, Output=-0.225(-0.700/0.700), Volt=11.5(9.3)
GlobalTracer.printPidInfo_Info: [2.218] encoderYPidCtrl: Target= 121.2, Input=  42.1, Error=  79.1, PIDTerms= 1.345/ 0.000/-0.101/ 0.000, Output= 0.600(-0.600/0.600), Volt=11.5(9.3)
GlobalTracer.printPidInfo_Info: [2.218] gyroTurnPidCtrl: Target=  25.0, Input=  26.4, Error=  -1.4, PIDTerms=-0.025/ 0.000/ 0.008/ 0.000, Output=-0.017(-0.700/0.700), Volt=11.5(9.3)
GlobalTracer.printPidInfo_Info: [2.218] elevatorPidController: Target=  34.8, Input=  35.6, Error=  -0.9, PIDTerms=-0.180/ 0.015/-0.000/ 0.000, Output=-0.165(-1.000/1.000), Volt=11.5(9.3)
GlobalTracer.PowerUse_Info: Battery - currVoltage: 11.40, lowestVoltage: 9.25
GlobalTracer.PowerUse_Info: Power: pdpTotalCurrent: 53.00 elev: 1.38 winch: 0.00, pickup: 0.00, total: 0.30
GlobalTracer.startCompetition_Warn: AUTO_MODE takes too long (0.186s)

GlobalTracer.printPidInfo_Info: [2.404] encoderXPidCtrl: Target=   0.0, Input=   0.3, Error=  -0.3, PIDTerms=-0.042/ 0.000/ 0.042/ 0.000, Output=-0.000(-0.700/0.700), Volt=11.7(9.3)
GlobalTracer.printPidInfo_Info: [2.404] encoderYPidCtrl: Target= 121.2, Input=  54.4, Error=  66.8, PIDTerms= 1.136/ 0.000/-0.063/ 0.000, Output= 0.600(-0.600/0.600), Volt=11.7(9.3)
GlobalTracer.printPidInfo_Info: [2.404] gyroTurnPidCtrl: Target=  25.0, Input=  24.7, Error=   0.3, PIDTerms= 0.006/ 0.000/ 0.014/ 0.000, Output= 0.020(-0.700/0.700), Volt=11.7(9.3)
GlobalTracer.printPidInfo_Info: [2.404] elevatorPidController: Target=  34.8, Input=  34.6, Error=   0.2, PIDTerms= 0.037/ 0.015/ 0.000/ 0.000, Output= 0.051(-1.000/1.000), Volt=11.7(9.3)
GlobalTracer.PowerUse_Info: Battery - currVoltage: 11.70, lowestVoltage: 9.25
GlobalTracer.PowerUse_Info: Power: pdpTotalCurrent: 37.13 elev: 0.25 winch: 0.00, pickup: 0.00, total: 0.33
GlobalTracer.startCompetition_Warn: AUTO_MODE takes too long (0.157s)

GlobalTracer.printPidInfo_Info: [2.562] encoderXPidCtrl: Target=   0.0, Input=  -0.4, Error=   0.4, PIDTerms= 0.065/ 0.000/ 0.057/ 0.000, Output= 0.122(-0.700/0.700), Volt=11.7(9.3)
GlobalTracer.printPidInfo_Info: [2.562] encoderYPidCtrl: Target= 121.2, Input=  69.7, Error=  51.5, PIDTerms= 0.875/ 0.000/-0.082/ 0.000, Output= 0.600(-0.600/0.600), Volt=11.7(9.3)
GlobalTracer.printPidInfo_Info: [2.562] gyroTurnPidCtrl: Target=  25.0, Input=  24.2, Error=   0.8, PIDTerms= 0.014/ 0.000/ 0.004/ 0.000, Output= 0.018(-0.700/0.700), Volt=11.7(9.3)
GlobalTracer.printPidInfo_Info: [2.562] elevatorPidController: Target=  34.8, Input=  34.0, Error=   0.8, PIDTerms= 0.150/ 0.015/ 0.000/ 0.000, Output= 0.165(-1.000/1.000), Volt=11.7(9.3)
GlobalTracer.PowerUse_Info: Battery - currVoltage: 11.70, lowestVoltage: 9.25
GlobalTracer.PowerUse_Info: Power: pdpTotalCurrent: 33.50 elev: 2.63 winch: 0.00, pickup: 0.00, total: 0.34
GlobalTracer.startCompetition_Warn: AUTO_MODE takes too long (0.130s)

GlobalTracer.printPidInfo_Info: [2.694] encoderXPidCtrl: Target=   0.0, Input=  -0.2, Error=   0.2, PIDTerms= 0.035/ 0.000/-0.025/ 0.000, Output= 0.010(-0.700/0.700), Volt=12.0(9.3)
GlobalTracer.printPidInfo_Info: [2.694] encoderYPidCtrl: Target= 121.2, Input=  83.3, Error=  38.0, PIDTerms= 0.646/ 0.000/-0.112/ 0.000, Output= 0.534(-0.600/0.600), Volt=12.0(9.3)
GlobalTracer.printPidInfo_Info: [2.694] gyroTurnPidCtrl: Target=  25.0, Input=  24.5, Error=   0.5, PIDTerms= 0.010/ 0.000/-0.003/ 0.000, Output= 0.007(-0.700/0.700), Volt=12.0(9.3)
GlobalTracer.printPidInfo_Info: [2.694] elevatorPidController: Target=  34.8, Input=  34.0, Error=   0.7, PIDTerms= 0.146/ 0.015/-0.000/ 0.000, Output= 0.161(-1.000/1.000), Volt=12.0(9.3)
GlobalTracer.PowerUse_Info: Battery - currVoltage: 11.95, lowestVoltage: 9.25
GlobalTracer.PowerUse_Info: Power: pdpTotalCurrent: 21.50 elev: 2.50 winch: 0.00, pickup: 0.00, total: 0.36
GlobalTracer.startCompetition_Warn: AUTO_MODE takes too long (0.108s)

GlobalTracer.printPidInfo_Info: [2.805] encoderXPidCtrl: Target=   0.0, Input=   0.1, Error=  -0.1, PIDTerms=-0.016/ 0.000/-0.043/ 0.000, Output=-0.058(-0.700/0.700), Volt=12.4(9.3)
GlobalTracer.printPidInfo_Info: [2.805] encoderYPidCtrl: Target= 121.2, Input=  95.5, Error=  25.7, PIDTerms= 0.438/ 0.000/-0.104/ 0.000, Output= 0.334(-0.600/0.600), Volt=12.4(9.3)
GlobalTracer.printPidInfo_Info: [2.805] gyroTurnPidCtrl: Target=  25.0, Input=  24.8, Error=   0.2, PIDTerms= 0.004/ 0.000/-0.005/ 0.000, Output=-0.001(-0.700/0.700), Volt=12.4(9.3)
GlobalTracer.printPidInfo_Info: [2.805] elevatorPidController: Target=  34.8, Input=  34.0, Error=   0.7, PIDTerms= 0.146/ 0.015/ 0.000/ 0.000, Output= 0.161(-1.000/1.000), Volt=12.4(9.3)
GlobalTracer.PowerUse_Info: Battery - currVoltage: 12.40, lowestVoltage: 9.25
GlobalTracer.PowerUse_Info: Power: pdpTotalCurrent: 3.25 elev: 2.63 winch: 0.00, pickup: 0.00, total: 0.37
GlobalTracer.startCompetition_Warn: AUTO_MODE takes too long (0.141s)

GlobalTracer.printPidInfo_Info: [2.947] encoderXPidCtrl: Target=   0.0, Input=   0.2, Error=  -0.2, PIDTerms=-0.030/ 0.000/-0.010/ 0.000, Output=-0.041(-0.700/0.700), Volt=12.5(9.3)
GlobalTracer.printPidInfo_Info: [2.947] encoderYPidCtrl: Target= 121.2, Input= 106.4, Error=  14.8, PIDTerms= 0.252/ 0.000/-0.078/ 0.000, Output= 0.173(-0.600/0.600), Volt=12.5(9.3)
GlobalTracer.printPidInfo_Info: [2.947] gyroTurnPidCtrl: Target=  25.0, Input=  25.0, Error=  -0.0, PIDTerms=-0.000/ 0.000/-0.003/ 0.000, Output=-0.003(-0.700/0.700), Volt=12.5(9.3)
GlobalTracer.printPidInfo_Info: [2.947] elevatorPidController: Target=  34.8, Input=  34.0, Error=   0.7, PIDTerms= 0.144/ 0.015/-0.000/ 0.000, Output= 0.159(-1.000/1.000), Volt=12.5(9.3)
GlobalTracer.PowerUse_Info: Battery - currVoltage: 12.50, lowestVoltage: 9.25
GlobalTracer.PowerUse_Info: Power: pdpTotalCurrent: 3.38 elev: 2.50 winch: 0.00, pickup: 0.00, total: 0.37
GlobalTracer.Robot_Info: [3.047] THROW_CUBE: xPos= -0.25,yPos=124.31,heading=  24.0/  25.0,volts=12.4(9.3)
GlobalTracer.printPidInfo_Info: [3.047] elevatorPidController: Target=  34.8, Input=  34.0, Error=   0.7, PIDTerms= 0.144/ 0.015/ 0.000/ 0.000, Output= 0.159(-1.000/1.000), Volt=12.4(9.3)
GlobalTracer.PowerUse_Info: Battery - currVoltage: 12.40, lowestVoltage: 9.25
GlobalTracer.PowerUse_Info: Power: pdpTotalCurrent: 3.25 elev: 2.50 winch: 0.00, pickup: 13.25, total: 0.37
GlobalTracer.startCompetition_Warn: AUTO_MODE takes too long (0.169s)

GlobalTracer.Robot_Info: [3.216]       DONE: xPos= -0.51,yPos=132.55,heading=  17.4/  25.0,volts=11.6(9.3)
GlobalTracer.printPidInfo_Info: [3.216] elevatorPidController: Target=   6.0, Input=  34.0, Error= -28.1, PIDTerms= 0.144/ 0.015/ 0.000/ 0.000, Output= 0.000(-1.000/1.000), Volt=11.6(9.3)
GlobalTracer.PowerUse_Info: Battery - currVoltage: 11.65, lowestVoltage: 9.25
GlobalTracer.PowerUse_Info: Power: pdpTotalCurrent: 46.13 elev: 2.25 winch: 0.00, pickup: 36.88, total: 0.40
GlobalTracer.startCompetition_Warn: AUTO_MODE takes too long (0.129s)

GlobalTracer.printPidInfo_Info: [3.346] elevatorPidController: Target=   6.0, Input=  34.1, Error= -28.1, PIDTerms=-5.627/-0.001/ 0.000/ 0.000, Output=-1.000(-1.000/1.000), Volt=11.2(9.3)
GlobalTracer.PowerUse_Info: Battery - currVoltage: 11.20, lowestVoltage: 9.25
GlobalTracer.PowerUse_Info: Power: pdpTotalCurrent: 58.25 elev: 47.50 winch: 0.00, pickup: 21.75, total: 0.42
GlobalTracer.printPidInfo_Info: [3.445] elevatorPidController: Target=   6.0, Input=  30.9, Error= -24.9, PIDTerms=-4.978/-0.004/ 0.000/ 0.000, Output=-1.000(-1.000/1.000), Volt=11.6(9.3)
GlobalTracer.printPidInfo_Info: [3.512] elevatorPidController: Target=   6.0, Input=  27.5, Error= -21.5, PIDTerms=-4.299/-0.005/ 0.000/ 0.000, Output=-1.000(-1.000/1.000), Volt=11.8(9.3)
GlobalTracer.PowerUse_Info: Battery - currVoltage: 11.80, lowestVoltage: 9.25
GlobalTracer.PowerUse_Info: Power: pdpTotalCurrent: 34.00 elev: 13.63 winch: 0.00, pickup: 16.63, total: 0.44
GlobalTracer.startCompetition_Warn: AUTO_MODE takes too long (0.103s)

GlobalTracer.printPidInfo_Info: [3.620] elevatorPidController: Target=   6.0, Input=  21.4, Error= -15.4, PIDTerms=-3.082/-0.007/ 0.000/ 0.000, Output=-1.000(-1.000/1.000), Volt=11.9(9.3)
GlobalTracer.PowerUse_Info: Battery - currVoltage: 11.80, lowestVoltage: 9.25
GlobalTracer.PowerUse_Info: Power: pdpTotalCurrent: 27.13 elev: 11.75 winch: 0.00, pickup: 14.75, total: 0.45
GlobalTracer.printPidInfo_Info: [3.702] elevatorPidController: Target=   6.0, Input=  15.2, Error=  -9.2, PIDTerms=-1.834/-0.008/ 0.000/ 0.000, Output=-1.000(-1.000/1.000), Volt=12.0(9.3)
GlobalTracer.printPidInfo_Info: [3.764] elevatorPidController: Target=   6.0, Input=  11.2, Error=  -5.2, PIDTerms=-1.039/-0.008/ 0.000/ 0.000, Output=-1.000(-1.000/1.000), Volt=11.9(9.3)
GlobalTracer.PowerUse_Info: Battery - currVoltage: 12.00, lowestVoltage: 9.25
GlobalTracer.PowerUse_Info: Power: pdpTotalCurrent: 21.00 elev: 9.25 winch: 0.00, pickup: 13.38, total: 0.46
GlobalTracer.startCompetition_Warn: AUTO_MODE takes too long (0.103s)

GlobalTracer.printPidInfo_Info: [3.870] elevatorPidController: Target=   6.0, Input=   4.6, Error=   1.4, PIDTerms= 0.279/-0.008/ 0.000/ 0.000, Output= 0.271(-1.000/1.000), Volt=12.1(9.3)
GlobalTracer.printPidInfo_Info: [3.937] elevatorPidController: Target=   6.0, Input=   8.0, Error=  -2.0, PIDTerms=-0.400/-0.008/-0.000/ 0.000, Output=-0.408(-1.000/1.000), Volt=12.1(9.3)
GlobalTracer.PowerUse_Info: Battery - currVoltage: 12.10, lowestVoltage: 9.25
GlobalTracer.PowerUse_Info: Power: pdpTotalCurrent: 17.63 elev: 0.63 winch: 0.00, pickup: 12.75, total: 0.48
GlobalTracer.printPidInfo_Info: [4.009] elevatorPidController: Target=   6.0, Input=   8.3, Error=  -2.3, PIDTerms=-0.450/-0.008/-0.000/ 0.000, Output=-0.459(-1.000/1.000), Volt=12.1(9.3)
GlobalTracer.printPidInfo_Info: [4.063] elevatorPidController: Target=   6.0, Input=   8.3, Error=  -2.3, PIDTerms=-0.462/-0.009/-0.000/ 0.000, Output=-0.470(-1.000/1.000), Volt=12.2(9.3)
GlobalTracer.PowerUse_Info: Battery - currVoltage: 12.15, lowestVoltage: 9.25
GlobalTracer.PowerUse_Info: Power: pdpTotalCurrent: 12.50 elev: 0.13 winch: 0.00, pickup: 12.25, total: 0.48
GlobalTracer.startCompetition_Warn: AUTO_MODE takes too long (0.105s)

GlobalTracer.printPidInfo_Info: [4.169] elevatorPidController: Target=   6.0, Input=   8.3, Error=  -2.3, PIDTerms=-0.460/-0.009/ 0.000/ 0.000, Output=-0.469(-1.000/1.000), Volt=12.2(9.3)
GlobalTracer.PowerUse_Info: Battery - currVoltage: 12.15, lowestVoltage: 9.25
GlobalTracer.PowerUse_Info: Power: pdpTotalCurrent: 12.38 elev: 0.13 winch: 0.00, pickup: 11.88, total: 0.49
GlobalTracer.printPidInfo_Info: [4.243] elevatorPidController: Target=   6.0, Input=   8.3, Error=  -2.3, PIDTerms=-0.459/-0.009/ 0.000/ 0.000, Output=-0.468(-1.000/1.000), Volt=12.2(9.3)
GlobalTracer.printPidInfo_Info: [4.299] elevatorPidController: Target=   6.0, Input=   8.3, Error=  -2.3, PIDTerms=-0.459/-0.009/ 0.000/ 0.000, Output=-0.468(-1.000/1.000), Volt=12.2(9.3)
GlobalTracer.PowerUse_Info: Battery - currVoltage: 12.15, lowestVoltage: 9.25
GlobalTracer.PowerUse_Info: Power: pdpTotalCurrent: 11.75 elev: 0.13 winch: 0.00, pickup: 11.50, total: 0.49
GlobalTracer.printPidInfo_Info: [4.390] elevatorPidController: Target=   6.0, Input=   8.3, Error=  -2.3, PIDTerms=-0.459/-0.009/ 0.000/ 0.000, Output=-0.468(-1.000/1.000), Volt=12.2(9.3)
GlobalTracer.printPidInfo_Info: [4.457] elevatorPidController: Target=   6.0, Input=   8.3, Error=  -2.3, PIDTerms=-0.457/-0.009/ 0.000/ 0.000, Output=-0.467(-1.000/1.000), Volt=12.2(9.3)
GlobalTracer.PowerUse_Info: Battery - currVoltage: 12.15, lowestVoltage: 9.25
GlobalTracer.PowerUse_Info: Power: pdpTotalCurrent: 11.13 elev: 0.13 winch: 0.00, pickup: 11.25, total: 0.50
GlobalTracer.printPidInfo_Info: [4.557] elevatorPidController: Target=   6.0, Input=   8.3, Error=  -2.3, PIDTerms=-0.459/-0.010/-0.000/ 0.000, Output=-0.468(-1.000/1.000), Volt=12.1(9.3)
GlobalTracer.PowerUse_Info: Battery - currVoltage: 12.10, lowestVoltage: 9.25
GlobalTracer.PowerUse_Info: Power: pdpTotalCurrent: 11.00 elev: 0.13 winch: 0.00, pickup: 11.25, total: 0.50
GlobalTracer.printPidInfo_Info: [4.635] elevatorPidController: Target=   6.0, Input=   8.3, Error=  -2.3, PIDTerms=-0.457/-0.010/ 0.000/ 0.000, Output=-0.467(-1.000/1.000), Volt=12.2(9.3)
GlobalTracer.printPidInfo_Info: [4.709] elevatorPidController: Target=   6.0, Input=   8.3, Error=  -2.3, PIDTerms=-0.457/-0.010/ 0.000/ 0.000, Output=-0.467(-1.000/1.000), Volt=12.2(9.3)
GlobalTracer.PowerUse_Info: Battery - currVoltage: 12.15, lowestVoltage: 9.25
GlobalTracer.PowerUse_Info: Power: pdpTotalCurrent: 11.00 elev: 0.13 winch: 0.00, pickup: 11.00, total: 0.51
GlobalTracer.printPidInfo_Info: [4.804] elevatorPidController: Target=   6.0, Input=   8.3, Error=  -2.3, PIDTerms=-0.457/-0.010/ 0.000/ 0.000, Output=-0.468(-1.000/1.000), Volt=12.2(9.3)
GlobalTracer.printPidInfo_Info: [4.868] elevatorPidController: Target=   6.0, Input=   8.3, Error=  -2.3, PIDTerms=-0.457/-0.010/ 0.000/ 0.000, Output=-0.468(-1.000/1.000), Volt=12.2(9.3)
GlobalTracer.PowerUse_Info: Battery - currVoltage: 12.20, lowestVoltage: 9.25
GlobalTracer.PowerUse_Info: Power: pdpTotalCurrent: 10.63 elev: 0.13 winch: 0.00, pickup: 11.13, total: 0.51
GlobalTracer.printPidInfo_Info: [4.962] elevatorPidController: Target=   6.0, Input=   8.3, Error=  -2.3, PIDTerms=-0.457/-0.011/ 0.000/ 0.000, Output=-0.468(-1.000/1.000), Volt=12.2(9.3)
GlobalTracer.printPidInfo_Info: [5.030] elevatorPidController: Target=   6.0, Input=   8.3, Error=  -2.3, PIDTerms=-0.457/-0.011/ 0.000/ 0.000, Output=-0.468(-1.000/1.000), Volt=12.2(9.3)
GlobalTracer.PowerUse_Info: Battery - currVoltage: 12.15, lowestVoltage: 9.25
GlobalTracer.PowerUse_Info: Power: pdpTotalCurrent: 10.63 elev: 0.13 winch: 0.00, pickup: 10.88, total: 0.52
GlobalTracer.printPidInfo_Info: [5.105] elevatorPidController: Target=   6.0, Input=   8.3, Error=  -2.3, PIDTerms=-0.457/-0.011/ 0.000/ 0.000, Output=-0.468(-1.000/1.000), Volt=12.2(9.3)
GlobalTracer.printPidInfo_Info: [5.171] elevatorPidController: Target=   6.0, Input=   8.3, Error=  -2.3, PIDTerms=-0.457/-0.011/ 0.000/ 0.000, Output=-0.468(-1.000/1.000), Volt=12.2(9.3)
GlobalTracer.PowerUse_Info: Battery - currVoltage: 12.20, lowestVoltage: 9.25
GlobalTracer.PowerUse_Info: Power: pdpTotalCurrent: 10.63 elev: 0.13 winch: 0.00, pickup: 11.00, total: 0.52
GlobalTracer.printPidInfo_Info: [5.270] elevatorPidController: Target=   6.0, Input=   8.3, Error=  -2.3, PIDTerms=-0.457/-0.011/ 0.000/ 0.000, Output=-0.469(-1.000/1.000), Volt=12.2(9.3)
GlobalTracer.PowerUse_Info: Battery - currVoltage: 12.25, lowestVoltage: 9.25
GlobalTracer.PowerUse_Info: Power: pdpTotalCurrent: 10.38 elev: 0.13 winch: 0.00, pickup: 11.00, total: 0.53
GlobalTracer.printPidInfo_Info: [5.349] elevatorPidController: Target=   6.0, Input=   8.3, Error=  -2.3, PIDTerms=-0.457/-0.011/ 0.000/ 0.000, Output=-0.469(-1.000/1.000), Volt=12.3(9.3)
GlobalTracer.printPidInfo_Info: [5.417] elevatorPidController: Target=   6.0, Input=   8.3, Error=  -2.3, PIDTerms=-0.457/-0.012/ 0.000/ 0.000, Output=-0.469(-1.000/1.000), Volt=12.2(9.3)
GlobalTracer.PowerUse_Info: Battery - currVoltage: 12.15, lowestVoltage: 9.25
GlobalTracer.PowerUse_Info: Power: pdpTotalCurrent: 10.38 elev: 0.13 winch: 0.00, pickup: 11.00, total: 0.53
GlobalTracer.printPidInfo_Info: [5.502] elevatorPidController: Target=   6.0, Input=   8.3, Error=  -2.3, PIDTerms=-0.457/-0.012/ 0.000/ 0.000, Output=-0.469(-1.000/1.000), Volt=12.2(9.3)
GlobalTracer.printPidInfo_Info: [5.560] elevatorPidController: Target=   6.0, Input=   8.3, Error=  -2.3, PIDTerms=-0.457/-0.012/ 0.000/ 0.000, Output=-0.469(-1.000/1.000), Volt=12.2(9.3)
GlobalTracer.PowerUse_Info: Battery - currVoltage: 12.15, lowestVoltage: 9.25
GlobalTracer.PowerUse_Info: Power: pdpTotalCurrent: 10.25 elev: 0.13 winch: 0.00, pickup: 10.88, total: 0.54
GlobalTracer.printPidInfo_Info: [5.650] elevatorPidController: Target=   6.0, Input=   8.3, Error=  -2.3, PIDTerms=-0.457/-0.012/ 0.000/ 0.000, Output=-0.469(-1.000/1.000), Volt=12.2(9.3)
GlobalTracer.printPidInfo_Info: [5.712] elevatorPidController: Target=   6.0, Input=   8.3, Error=  -2.3, PIDTerms=-0.457/-0.012/ 0.000/ 0.000, Output=-0.470(-1.000/1.000), Volt=12.2(9.3)
GlobalTracer.PowerUse_Info: Battery - currVoltage: 12.15, lowestVoltage: 9.25
GlobalTracer.PowerUse_Info: Power: pdpTotalCurrent: 10.25 elev: 0.13 winch: 0.00, pickup: 11.00, total: 0.54
GlobalTracer.printPidInfo_Info: [5.789] elevatorPidController: Target=   6.0, Input=   8.3, Error=  -2.3, PIDTerms=-0.457/-0.013/ 0.000/ 0.000, Output=-0.470(-1.000/1.000), Volt=12.3(9.3)
GlobalTracer.printPidInfo_Info: [5.861] elevatorPidController: Target=   6.0, Input=   8.3, Error=  -2.3, PIDTerms=-0.457/-0.013/ 0.000/ 0.000, Output=-0.470(-1.000/1.000), Volt=12.2(9.3)
GlobalTracer.PowerUse_Info: Battery - currVoltage: 12.20, lowestVoltage: 9.25
GlobalTracer.PowerUse_Info: Power: pdpTotalCurrent: 10.38 elev: 0.13 winch: 0.00, pickup: 10.88, total: 0.55
GlobalTracer.printPidInfo_Info: [5.946] elevatorPidController: Target=   6.0, Input=   8.3, Error=  -2.3, PIDTerms=-0.457/-0.013/ 0.000/ 0.000, Output=-0.470(-1.000/1.000), Volt=12.2(9.3)
GlobalTracer.printPidInfo_Info: [6.003] elevatorPidController: Target=   6.0, Input=   8.3, Error=  -2.3, PIDTerms=-0.457/-0.013/ 0.000/ 0.000, Output=-0.470(-1.000/1.000), Volt=12.2(9.3)
GlobalTracer.PowerUse_Info: Battery - currVoltage: 12.20, lowestVoltage: 9.25
GlobalTracer.PowerUse_Info: Power: pdpTotalCurrent: 10.38 elev: 0.13 winch: 0.00, pickup: 10.88, total: 0.55
GlobalTracer.printPidInfo_Info: [6.085] elevatorPidController: Target=   6.0, Input=   8.3, Error=  -2.3, PIDTerms=-0.457/-0.013/ 0.000/ 0.000, Output=-0.470(-1.000/1.000), Volt=12.2(9.3)
GlobalTracer.printPidInfo_Info: [6.145] elevatorPidController: Target=   6.0, Input=   8.3, Error=  -2.3, PIDTerms=-0.457/-0.013/ 0.000/ 0.000, Output=-0.471(-1.000/1.000), Volt=12.2(9.3)
GlobalTracer.PowerUse_Info: Battery - currVoltage: 12.25, lowestVoltage: 9.25
GlobalTracer.PowerUse_Info: Power: pdpTotalCurrent: 10.25 elev: 0.13 winch: 0.00, pickup: 10.88, total: 0.56
GlobalTracer.printPidInfo_Info: [6.227] elevatorPidController: Target=   6.0, Input=   8.3, Error=  -2.3, PIDTerms=-0.457/-0.013/ 0.000/ 0.000, Output=-0.471(-1.000/1.000), Volt=12.2(9.3)
GlobalTracer.printPidInfo_Info: [6.284] elevatorPidController: Target=   6.0, Input=   8.3, Error=  -2.3, PIDTerms=-0.457/-0.014/ 0.000/ 0.000, Output=-0.471(-1.000/1.000), Volt=12.2(9.3)
GlobalTracer.PowerUse_Info: Battery - currVoltage: 12.20, lowestVoltage: 9.25
GlobalTracer.PowerUse_Info: Power: pdpTotalCurrent: 10.25 elev: 0.13 winch: 0.00, pickup: 11.00, total: 0.56
GlobalTracer.printPidInfo_Info: [6.369] elevatorPidController: Target=   6.0, Input=   8.3, Error=  -2.3, PIDTerms=-0.457/-0.014/ 0.000/ 0.000, Output=-0.471(-1.000/1.000), Volt=12.3(9.3)
GlobalTracer.printPidInfo_Info: [6.433] elevatorPidController: Target=   6.0, Input=   8.3, Error=  -2.3, PIDTerms=-0.457/-0.014/ 0.000/ 0.000, Output=-0.471(-1.000/1.000), Volt=12.2(9.3)
GlobalTracer.PowerUse_Info: Battery - currVoltage: 12.20, lowestVoltage: 9.25
GlobalTracer.PowerUse_Info: Power: pdpTotalCurrent: 10.38 elev: 0.13 winch: 0.00, pickup: 10.88, total: 0.57
GlobalTracer.printPidInfo_Info: [6.515] elevatorPidController: Target=   6.0, Input=   8.3, Error=  -2.3, PIDTerms=-0.457/-0.014/ 0.000/ 0.000, Output=-0.471(-1.000/1.000), Volt=12.2(9.3)
GlobalTracer.printPidInfo_Info: [6.577] elevatorPidController: Target=   6.0, Input=   8.3, Error=  -2.3, PIDTerms=-0.457/-0.014/ 0.000/ 0.000, Output=-0.472(-1.000/1.000), Volt=12.3(9.3)
GlobalTracer.PowerUse_Info: Battery - currVoltage: 12.15, lowestVoltage: 9.25
GlobalTracer.PowerUse_Info: Power: pdpTotalCurrent: 10.13 elev: 0.13 winch: 0.00, pickup: 10.88, total: 0.57
GlobalTracer.printPidInfo_Info: [6.661] elevatorPidController: Target=   6.0, Input=   8.3, Error=  -2.3, PIDTerms=-0.457/-0.014/ 0.000/ 0.000, Output=-0.472(-1.000/1.000), Volt=12.2(9.3)
GlobalTracer.printPidInfo_Info: [6.717] elevatorPidController: Target=   6.0, Input=   8.3, Error=  -2.3, PIDTerms=-0.457/-0.015/ 0.000/ 0.000, Output=-0.472(-1.000/1.000), Volt=12.2(9.3)
GlobalTracer.PowerUse_Info: Battery - currVoltage: 12.15, lowestVoltage: 9.25
GlobalTracer.PowerUse_Info: Power: pdpTotalCurrent: 10.13 elev: 0.13 winch: 0.00, pickup: 11.00, total: 0.58
GlobalTracer.printPidInfo_Info: [6.806] elevatorPidController: Target=   6.0, Input=   8.3, Error=  -2.3, PIDTerms=-0.457/-0.015/ 0.000/ 0.000, Output=-0.472(-1.000/1.000), Volt=12.2(9.3)
GlobalTracer.printPidInfo_Info: [6.867] elevatorPidController: Target=   6.0, Input=   8.3, Error=  -2.3, PIDTerms=-0.457/-0.015/ 0.000/ 0.000, Output=-0.472(-1.000/1.000), Volt=12.2(9.3)
GlobalTracer.PowerUse_Info: Battery - currVoltage: 12.20, lowestVoltage: 9.25
GlobalTracer.PowerUse_Info: Power: pdpTotalCurrent: 10.25 elev: 0.13 winch: 0.00, pickup: 10.88, total: 0.58
GlobalTracer.printPidInfo_Info: [6.942] elevatorPidController: Target=   6.0, Input=   8.3, Error=  -2.3, PIDTerms=-0.457/-0.015/ 0.000/ 0.000, Output=-0.472(-1.000/1.000), Volt=12.3(9.3)
GlobalTracer.printPidInfo_Info: [7.006] elevatorPidController: Target=   6.0, Input=   8.3, Error=  -2.3, PIDTerms=-0.457/-0.015/ 0.000/ 0.000, Output=-0.473(-1.000/1.000), Volt=12.2(9.3)
GlobalTracer.PowerUse_Info: Battery - currVoltage: 12.15, lowestVoltage: 9.25
GlobalTracer.PowerUse_Info: Power: pdpTotalCurrent: 10.13 elev: 0.13 winch: 0.00, pickup: 10.75, total: 0.59
GlobalTracer.printPidInfo_Info: [7.095] elevatorPidController: Target=   6.0, Input=   8.3, Error=  -2.3, PIDTerms=-0.457/-0.015/ 0.000/ 0.000, Output=-0.473(-1.000/1.000), Volt=12.2(9.3)
GlobalTracer.printPidInfo_Info: [7.156] elevatorPidController: Target=   6.0, Input=   8.3, Error=  -2.3, PIDTerms=-0.457/-0.016/ 0.000/ 0.000, Output=-0.473(-1.000/1.000), Volt=12.2(9.3)
GlobalTracer.PowerUse_Info: Battery - currVoltage: 12.25, lowestVoltage: 9.25
GlobalTracer.PowerUse_Info: Power: pdpTotalCurrent: 10.13 elev: 0.13 winch: 0.00, pickup: 11.00, total: 0.59
GlobalTracer.printPidInfo_Info: [7.240] elevatorPidController: Target=   6.0, Input=   8.3, Error=  -2.3, PIDTerms=-0.457/-0.016/ 0.000/ 0.000, Output=-0.473(-1.000/1.000), Volt=12.3(9.3)
GlobalTracer.printPidInfo_Info: [7.303] elevatorPidController: Target=   6.0, Input=   8.3, Error=  -2.3, PIDTerms=-0.457/-0.016/ 0.000/ 0.000, Output=-0.473(-1.000/1.000), Volt=12.2(9.3)
GlobalTracer.PowerUse_Info: Battery - currVoltage: 12.30, lowestVoltage: 9.25
GlobalTracer.PowerUse_Info: Power: pdpTotalCurrent: 10.13 elev: 0.13 winch: 0.00, pickup: 10.75, total: 0.60
GlobalTracer.printPidInfo_Info: [7.374] elevatorPidController: Target=   6.0, Input=   8.3, Error=  -2.3, PIDTerms=-0.457/-0.016/ 0.000/ 0.000, Output=-0.473(-1.000/1.000), Volt=12.2(9.3)
GlobalTracer.printPidInfo_Info: [7.440] elevatorPidController: Target=   6.0, Input=   8.3, Error=  -2.3, PIDTerms=-0.457/-0.016/ 0.000/ 0.000, Output=-0.474(-1.000/1.000), Volt=12.2(9.3)
GlobalTracer.PowerUse_Info: Battery - currVoltage: 12.20, lowestVoltage: 9.25
GlobalTracer.PowerUse_Info: Power: pdpTotalCurrent: 10.25 elev: 0.13 winch: 0.00, pickup: 11.00, total: 0.60
GlobalTracer.printPidInfo_Info: [7.505] elevatorPidController: Target=   6.0, Input=   8.3, Error=  -2.3, PIDTerms=-0.457/-0.016/ 0.000/ 0.000, Output=-0.474(-1.000/1.000), Volt=12.2(9.3)
GlobalTracer.printPidInfo_Info: [7.562] elevatorPidController: Target=   6.0, Input=   8.3, Error=  -2.3, PIDTerms=-0.457/-0.017/ 0.000/ 0.000, Output=-0.474(-1.000/1.000), Volt=12.2(9.3)
GlobalTracer.PowerUse_Info: Battery - currVoltage: 12.20, lowestVoltage: 9.25
GlobalTracer.PowerUse_Info: Power: pdpTotalCurrent: 10.13 elev: 0.13 winch: 0.00, pickup: 10.75, total: 0.61
GlobalTracer.printPidInfo_Info: [7.633] elevatorPidController: Target=   6.0, Input=   8.3, Error=  -2.3, PIDTerms=-0.457/-0.017/ 0.000/ 0.000, Output=-0.474(-1.000/1.000), Volt=12.2(9.3)
GlobalTracer.printPidInfo_Info: [7.706] elevatorPidController: Target=   6.0, Input=   8.3, Error=  -2.3, PIDTerms=-0.457/-0.017/ 0.000/ 0.000, Output=-0.474(-1.000/1.000), Volt=12.2(9.3)
GlobalTracer.PowerUse_Info: Battery - currVoltage: 12.20, lowestVoltage: 9.25
GlobalTracer.PowerUse_Info: Power: pdpTotalCurrent: 10.13 elev: 0.13 winch: 0.00, pickup: 11.00, total: 0.61
GlobalTracer.printPidInfo_Info: [7.795] elevatorPidController: Target=   6.0, Input=   8.3, Error=  -2.3, PIDTerms=-0.457/-0.017/ 0.000/ 0.000, Output=-0.474(-1.000/1.000), Volt=12.2(9.3)
GlobalTracer.printPidInfo_Info: [7.855] elevatorPidController: Target=   6.0, Input=   8.3, Error=  -2.3, PIDTerms=-0.457/-0.017/ 0.000/ 0.000, Output=-0.475(-1.000/1.000), Volt=12.2(9.3)
GlobalTracer.PowerUse_Info: Battery - currVoltage: 12.15, lowestVoltage: 9.25
GlobalTracer.PowerUse_Info: Power: pdpTotalCurrent: 10.13 elev: 0.13 winch: 0.00, pickup: 10.75, total: 0.62
GlobalTracer.printPidInfo_Info: [7.950] elevatorPidController: Target=   6.0, Input=   8.3, Error=  -2.3, PIDTerms=-0.457/-0.017/ 0.000/ 0.000, Output=-0.475(-1.000/1.000), Volt=12.2(9.3)
GlobalTracer.printPidInfo_Info: [8.023] elevatorPidController: Target=   6.0, Input=   8.3, Error=  -2.3, PIDTerms=-0.457/-0.018/ 0.000/ 0.000, Output=-0.475(-1.000/1.000), Volt=12.2(9.3)
GlobalTracer.PowerUse_Info: Battery - currVoltage: 12.20, lowestVoltage: 9.25
GlobalTracer.PowerUse_Info: Power: pdpTotalCurrent: 10.00 elev: 0.13 winch: 0.00, pickup: 10.75, total: 0.62
GlobalTracer.printPidInfo_Info: [8.114] elevatorPidController: Target=   6.0, Input=   8.3, Error=  -2.3, PIDTerms=-0.457/-0.018/ 0.000/ 0.000, Output=-0.475(-1.000/1.000), Volt=12.3(9.3)
GlobalTracer.printPidInfo_Info: [8.166] elevatorPidController: Target=   6.0, Input=   8.3, Error=  -2.3, PIDTerms=-0.457/-0.018/ 0.000/ 0.000, Output=-0.475(-1.000/1.000), Volt=12.2(9.3)
GlobalTracer.PowerUse_Info: Battery - currVoltage: 12.20, lowestVoltage: 9.25
GlobalTracer.PowerUse_Info: Power: pdpTotalCurrent: 10.25 elev: 0.13 winch: 0.00, pickup: 10.88, total: 0.63
GlobalTracer.printPidInfo_Info: [8.245] elevatorPidController: Target=   6.0, Input=   8.3, Error=  -2.3, PIDTerms=-0.457/-0.018/ 0.000/ 0.000, Output=-0.475(-1.000/1.000), Volt=12.2(9.3)
GlobalTracer.printPidInfo_Info: [8.309] elevatorPidController: Target=   6.0, Input=   8.3, Error=  -2.3, PIDTerms=-0.457/-0.018/ 0.000/ 0.000, Output=-0.476(-1.000/1.000), Volt=12.3(9.3)
GlobalTracer.PowerUse_Info: Battery - currVoltage: 12.25, lowestVoltage: 9.25
GlobalTracer.PowerUse_Info: Power: pdpTotalCurrent: 10.00 elev: 0.13 winch: 0.00, pickup: 10.75, total: 0.63
GlobalTracer.startCompetition_Warn: AUTO_MODE takes too long (0.100s)

GlobalTracer.printPidInfo_Info: [8.410] elevatorPidController: Target=   6.0, Input=   8.3, Error=  -2.3, PIDTerms=-0.457/-0.018/ 0.000/ 0.000, Output=-0.476(-1.000/1.000), Volt=12.2(9.3)
GlobalTracer.PowerUse_Info: Battery - currVoltage: 12.15, lowestVoltage: 9.25
GlobalTracer.PowerUse_Info: Power: pdpTotalCurrent: 10.13 elev: 0.13 winch: 0.00, pickup: 10.88, total: 0.63
GlobalTracer.printPidInfo_Info: [8.489] elevatorPidController: Target=   6.0, Input=   8.3, Error=  -2.3, PIDTerms=-0.457/-0.019/ 0.000/ 0.000, Output=-0.476(-1.000/1.000), Volt=12.2(9.3)
GlobalTracer.printPidInfo_Info: [8.543] elevatorPidController: Target=   6.0, Input=   8.3, Error=  -2.3, PIDTerms=-0.457/-0.019/ 0.000/ 0.000, Output=-0.476(-1.000/1.000), Volt=12.2(9.3)
GlobalTracer.PowerUse_Info: Battery - currVoltage: 12.15, lowestVoltage: 9.25
GlobalTracer.PowerUse_Info: Power: pdpTotalCurrent: 10.25 elev: 0.13 winch: 0.00, pickup: 10.88, total: 0.64
GlobalTracer.printPidInfo_Info: [8.624] elevatorPidController: Target=   6.0, Input=   8.3, Error=  -2.3, PIDTerms=-0.457/-0.019/ 0.000/ 0.000, Output=-0.476(-1.000/1.000), Volt=12.2(9.3)
GlobalTracer.printPidInfo_Info: [8.674] elevatorPidController: Target=   6.0, Input=   8.3, Error=  -2.3, PIDTerms=-0.457/-0.019/ 0.000/ 0.000, Output=-0.476(-1.000/1.000), Volt=12.2(9.3)
GlobalTracer.PowerUse_Info: Battery - currVoltage: 12.20, lowestVoltage: 9.25
GlobalTracer.PowerUse_Info: Power: pdpTotalCurrent: 10.13 elev: 0.13 winch: 0.00, pickup: 10.88, total: 0.64
GlobalTracer.printPidInfo_Info: [8.764] elevatorPidController: Target=   6.0, Input=   8.3, Error=  -2.3, PIDTerms=-0.457/-0.019/ 0.000/ 0.000, Output=-0.477(-1.000/1.000), Volt=12.2(9.3)
GlobalTracer.printPidInfo_Info: [8.824] elevatorPidController: Target=   6.0, Input=   8.3, Error=  -2.3, PIDTerms=-0.457/-0.019/ 0.000/ 0.000, Output=-0.477(-1.000/1.000), Volt=12.2(9.3)
GlobalTracer.PowerUse_Info: Battery - currVoltage: 12.15, lowestVoltage: 9.25
GlobalTracer.PowerUse_Info: Power: pdpTotalCurrent: 10.25 elev: 0.13 winch: 0.00, pickup: 10.75, total: 0.65
GlobalTracer.printPidInfo_Info: [8.907] elevatorPidController: Target=   6.0, Input=   8.3, Error=  -2.3, PIDTerms=-0.457/-0.020/ 0.000/ 0.000, Output=-0.477(-1.000/1.000), Volt=12.2(9.3)
GlobalTracer.printPidInfo_Info: [8.967] elevatorPidController: Target=   6.0, Input=   8.3, Error=  -2.3, PIDTerms=-0.457/-0.020/ 0.000/ 0.000, Output=-0.477(-1.000/1.000), Volt=12.3(9.3)
GlobalTracer.PowerUse_Info: Battery - currVoltage: 12.25, lowestVoltage: 9.25
GlobalTracer.PowerUse_Info: Power: pdpTotalCurrent: 10.00 elev: 0.13 winch: 0.00, pickup: 10.75, total: 0.65
GlobalTracer.printPidInfo_Info: [9.059] elevatorPidController: Target=   6.0, Input=   8.3, Error=  -2.3, PIDTerms=-0.457/-0.020/ 0.000/ 0.000, Output=-0.477(-1.000/1.000), Volt=12.2(9.3)
GlobalTracer.printPidInfo_Info: [9.122] elevatorPidController: Target=   6.0, Input=   8.3, Error=  -2.3, PIDTerms=-0.457/-0.020/ 0.000/ 0.000, Output=-0.477(-1.000/1.000), Volt=12.2(9.3)
GlobalTracer.PowerUse_Info: Battery - currVoltage: 12.25, lowestVoltage: 9.25
GlobalTracer.PowerUse_Info: Power: pdpTotalCurrent: 10.25 elev: 0.13 winch: 0.00, pickup: 10.63, total: 0.66
GlobalTracer.printPidInfo_Info: [9.209] elevatorPidController: Target=   6.0, Input=   8.3, Error=  -2.3, PIDTerms=-0.457/-0.020/ 0.000/ 0.000, Output=-0.478(-1.000/1.000), Volt=12.2(9.3)
GlobalTracer.printPidInfo_Info: [9.268] elevatorPidController: Target=   6.0, Input=   8.3, Error=  -2.3, PIDTerms=-0.457/-0.020/ 0.000/ 0.000, Output=-0.478(-1.000/1.000), Volt=12.3(9.3)
GlobalTracer.PowerUse_Info: Battery - currVoltage: 12.25, lowestVoltage: 9.25
GlobalTracer.PowerUse_Info: Power: pdpTotalCurrent: 10.00 elev: 0.13 winch: 0.00, pickup: 10.75, total: 0.66
GlobalTracer.printPidInfo_Info: [9.362] elevatorPidController: Target=   6.0, Input=   8.3, Error=  -2.3, PIDTerms=-0.457/-0.021/ 0.000/ 0.000, Output=-0.478(-1.000/1.000), Volt=12.3(9.3)
GlobalTracer.printPidInfo_Info: [9.411] elevatorPidController: Target=   6.0, Input=   8.3, Error=  -2.3, PIDTerms=-0.457/-0.021/ 0.000/ 0.000, Output=-0.478(-1.000/1.000), Volt=12.2(9.3)
GlobalTracer.PowerUse_Info: Battery - currVoltage: 12.15, lowestVoltage: 9.25
GlobalTracer.PowerUse_Info: Power: pdpTotalCurrent: 10.25 elev: 0.13 winch: 0.00, pickup: 10.38, total: 0.67
GlobalTracer.printPidInfo_Info: [9.487] elevatorPidController: Target=   6.0, Input=   8.3, Error=  -2.3, PIDTerms=-0.457/-0.021/ 0.000/ 0.000, Output=-0.478(-1.000/1.000), Volt=12.2(9.3)
GlobalTracer.printPidInfo_Info: [9.548] elevatorPidController: Target=   6.0, Input=   8.3, Error=  -2.3, PIDTerms=-0.457/-0.021/ 0.000/ 0.000, Output=-0.478(-1.000/1.000), Volt=12.2(9.3)
GlobalTracer.PowerUse_Info: Battery - currVoltage: 12.20, lowestVoltage: 9.25
GlobalTracer.PowerUse_Info: Power: pdpTotalCurrent: 10.00 elev: 0.13 winch: 0.00, pickup: 10.88, total: 0.67
GlobalTracer.printPidInfo_Info: [9.629] elevatorPidController: Target=   6.0, Input=   8.3, Error=  -2.3, PIDTerms=-0.457/-0.021/ 0.000/ 0.000, Output=-0.479(-1.000/1.000), Volt=12.2(9.3)
GlobalTracer.printPidInfo_Info: [9.692] elevatorPidController: Target=   6.0, Input=   8.3, Error=  -2.3, PIDTerms=-0.457/-0.021/ 0.000/ 0.000, Output=-0.479(-1.000/1.000), Volt=12.2(9.3)
GlobalTracer.PowerUse_Info: Battery - currVoltage: 12.20, lowestVoltage: 9.25
GlobalTracer.PowerUse_Info: Power: pdpTotalCurrent: 10.25 elev: 0.13 winch: 0.00, pickup: 10.75, total: 0.68
GlobalTracer.printPidInfo_Info: [9.788] elevatorPidController: Target=   6.0, Input=   8.3, Error=  -2.3, PIDTerms=-0.457/-0.022/ 0.000/ 0.000, Output=-0.479(-1.000/1.000), Volt=12.2(9.3)
GlobalTracer.PowerUse_Info: Battery - currVoltage: 12.20, lowestVoltage: 9.25
GlobalTracer.PowerUse_Info: Power: pdpTotalCurrent: 10.13 elev: 0.13 winch: 0.00, pickup: 10.88, total: 0.68
GlobalTracer.printPidInfo_Info: [9.861] elevatorPidController: Target=   6.0, Input=   8.3, Error=  -2.3, PIDTerms=-0.457/-0.022/ 0.000/ 0.000, Output=-0.479(-1.000/1.000), Volt=12.2(9.3)
GlobalTracer.printPidInfo_Info: [9.916] elevatorPidController: Target=   6.0, Input=   8.3, Error=  -2.3, PIDTerms=-0.457/-0.022/ 0.000/ 0.000, Output=-0.479(-1.000/1.000), Volt=12.2(9.3)
GlobalTracer.PowerUse_Info: Battery - currVoltage: 12.20, lowestVoltage: 9.25
GlobalTracer.PowerUse_Info: Power: pdpTotalCurrent: 10.13 elev: 0.13 winch: 0.00, pickup: 10.75, total: 0.69
GlobalTracer.printPidInfo_Info: [10.002] elevatorPidController: Target=   6.0, Input=   8.3, Error=  -2.3, PIDTerms=-0.457/-0.022/ 0.000/ 0.000, Output=-0.479(-1.000/1.000), Volt=12.3(9.3)
GlobalTracer.printPidInfo_Info: [10.065] elevatorPidController: Target=   6.0, Input=   8.3, Error=  -2.3, PIDTerms=-0.457/-0.022/ 0.000/ 0.000, Output=-0.480(-1.000/1.000), Volt=12.2(9.3)
GlobalTracer.PowerUse_Info: Battery - currVoltage: 12.20, lowestVoltage: 9.25
GlobalTracer.PowerUse_Info: Power: pdpTotalCurrent: 10.00 elev: 0.13 winch: 0.00, pickup: 10.88, total: 0.69
GlobalTracer.printPidInfo_Info: [10.148] elevatorPidController: Target=   6.0, Input=   8.3, Error=  -2.3, PIDTerms=-0.457/-0.022/ 0.000/ 0.000, Output=-0.480(-1.000/1.000), Volt=12.3(9.3)
GlobalTracer.printPidInfo_Info: [10.203] elevatorPidController: Target=   6.0, Input=   8.3, Error=  -2.3, PIDTerms=-0.457/-0.023/ 0.000/ 0.000, Output=-0.480(-1.000/1.000), Volt=12.3(9.3)
GlobalTracer.PowerUse_Info: Battery - currVoltage: 12.25, lowestVoltage: 9.25
GlobalTracer.PowerUse_Info: Power: pdpTotalCurrent: 10.13 elev: 0.13 winch: 0.00, pickup: 10.88, total: 0.70
GlobalTracer.printPidInfo_Info: [10.289] elevatorPidController: Target=   6.0, Input=   8.3, Error=  -2.3, PIDTerms=-0.457/-0.023/ 0.000/ 0.000, Output=-0.480(-1.000/1.000), Volt=12.3(9.3)
GlobalTracer.printPidInfo_Info: [10.331] elevatorPidController: Target=   6.0, Input=   8.3, Error=  -2.3, PIDTerms=-0.457/-0.023/ 0.000/ 0.000, Output=-0.480(-1.000/1.000), Volt=12.3(9.3)
GlobalTracer.PowerUse_Info: Battery - currVoltage: 12.25, lowestVoltage: 9.25
GlobalTracer.PowerUse_Info: Power: pdpTotalCurrent: 10.00 elev: 0.13 winch: 0.00, pickup: 11.00, total: 0.70
GlobalTracer.printPidInfo_Info: [10.419] elevatorPidController: Target=   6.0, Input=   8.3, Error=  -2.3, PIDTerms=-0.457/-0.023/ 0.000/ 0.000, Output=-0.480(-1.000/1.000), Volt=12.3(9.3)
GlobalTracer.printPidInfo_Info: [10.478] elevatorPidController: Target=   6.0, Input=   8.3, Error=  -2.3, PIDTerms=-0.457/-0.023/ 0.000/ 0.000, Output=-0.481(-1.000/1.000), Volt=12.2(9.3)
GlobalTracer.PowerUse_Info: Battery - currVoltage: 12.20, lowestVoltage: 9.25
GlobalTracer.PowerUse_Info: Power: pdpTotalCurrent: 10.00 elev: 0.13 winch: 0.00, pickup: 10.50, total: 0.71
GlobalTracer.printPidInfo_Info: [10.566] elevatorPidController: Target=   6.0, Input=   8.3, Error=  -2.3, PIDTerms=-0.457/-0.023/ 0.000/ 0.000, Output=-0.481(-1.000/1.000), Volt=12.2(9.3)
GlobalTracer.printPidInfo_Info: [10.624] elevatorPidController: Target=   6.0, Input=   8.3, Error=  -2.3, PIDTerms=-0.457/-0.024/ 0.000/ 0.000, Output=-0.481(-1.000/1.000), Volt=12.3(9.3)
GlobalTracer.PowerUse_Info: Battery - currVoltage: 12.15, lowestVoltage: 9.25
GlobalTracer.PowerUse_Info: Power: pdpTotalCurrent: 10.25 elev: 0.13 winch: 0.00, pickup: 10.75, total: 0.71
GlobalTracer.printPidInfo_Info: [10.697] elevatorPidController: Target=   6.0, Input=   8.3, Error=  -2.3, PIDTerms=-0.457/-0.024/ 0.000/ 0.000, Output=-0.481(-1.000/1.000), Volt=12.2(9.3)
GlobalTracer.printPidInfo_Info: [10.755] elevatorPidController: Target=   6.0, Input=   8.3, Error=  -2.3, PIDTerms=-0.457/-0.024/ 0.000/ 0.000, Output=-0.481(-1.000/1.000), Volt=12.2(9.3)
GlobalTracer.PowerUse_Info: Battery - currVoltage: 12.20, lowestVoltage: 9.25
GlobalTracer.PowerUse_Info: Power: pdpTotalCurrent: 10.00 elev: 0.13 winch: 0.00, pickup: 10.50, total: 0.72
GlobalTracer.printPidInfo_Info: [10.841] elevatorPidController: Target=   6.0, Input=   8.3, Error=  -2.3, PIDTerms=-0.457/-0.024/ 0.000/ 0.000, Output=-0.481(-1.000/1.000), Volt=12.2(9.3)
GlobalTracer.printPidInfo_Info: [10.901] elevatorPidController: Target=   6.0, Input=   8.3, Error=  -2.3, PIDTerms=-0.457/-0.024/ 0.000/ 0.000, Output=-0.481(-1.000/1.000), Volt=12.2(9.3)
GlobalTracer.PowerUse_Info: Battery - currVoltage: 12.20, lowestVoltage: 9.25
GlobalTracer.PowerUse_Info: Power: pdpTotalCurrent: 10.00 elev: 0.13 winch: 0.00, pickup: 10.75, total: 0.72
GlobalTracer.startCompetition_Warn: AUTO_MODE takes too long (0.104s)

GlobalTracer.printPidInfo_Info: [11.006] elevatorPidController: Target=   6.0, Input=   8.3, Error=  -2.3, PIDTerms=-0.457/-0.024/ 0.000/ 0.000, Output=-0.482(-1.000/1.000), Volt=12.3(9.3)
GlobalTracer.PowerUse_Info: Battery - currVoltage: 12.25, lowestVoltage: 9.25
GlobalTracer.PowerUse_Info: Power: pdpTotalCurrent: 10.00 elev: 0.13 winch: 0.00, pickup: 10.75, total: 0.72
GlobalTracer.printPidInfo_Info: [11.101] elevatorPidController: Target=   6.0, Input=   8.3, Error=  -2.3, PIDTerms=-0.457/-0.025/ 0.000/ 0.000, Output=-0.482(-1.000/1.000), Volt=12.2(9.3)
GlobalTracer.printPidInfo_Info: [11.160] elevatorPidController: Target=   6.0, Input=   8.3, Error=  -2.3, PIDTerms=-0.457/-0.025/ 0.000/ 0.000, Output=-0.482(-1.000/1.000), Volt=12.2(9.3)
GlobalTracer.PowerUse_Info: Battery - currVoltage: 12.25, lowestVoltage: 9.25
GlobalTracer.PowerUse_Info: Power: pdpTotalCurrent: 10.00 elev: 0.13 winch: 0.00, pickup: 10.63, total: 0.73
GlobalTracer.printPidInfo_Info: [11.254] elevatorPidController: Target=   6.0, Input=   8.3, Error=  -2.3, PIDTerms=-0.457/-0.025/ 0.000/ 0.000, Output=-0.482(-1.000/1.000), Volt=12.2(9.3)
GlobalTracer.printPidInfo_Info: [11.326] elevatorPidController: Target=   6.0, Input=   8.3, Error=  -2.3, PIDTerms=-0.457/-0.025/ 0.000/ 0.000, Output=-0.482(-1.000/1.000), Volt=12.3(9.3)
GlobalTracer.PowerUse_Info: Battery - currVoltage: 12.20, lowestVoltage: 9.25
GlobalTracer.PowerUse_Info: Power: pdpTotalCurrent: 10.00 elev: 0.13 winch: 0.00, pickup: 10.50, total: 0.73
GlobalTracer.startCompetition_Warn: AUTO_MODE takes too long (0.101s)

GlobalTracer.printPidInfo_Info: [11.427] elevatorPidController: Target=   6.0, Input=   8.3, Error=  -2.3, PIDTerms=-0.457/-0.025/ 0.000/ 0.000, Output=-0.483(-1.000/1.000), Volt=12.2(9.3)
GlobalTracer.printPidInfo_Info: [11.497] elevatorPidController: Target=   6.0, Input=   8.3, Error=  -2.3, PIDTerms=-0.457/-0.026/ 0.000/ 0.000, Output=-0.483(-1.000/1.000), Volt=12.2(9.3)
GlobalTracer.PowerUse_Info: Battery - currVoltage: 12.15, lowestVoltage: 9.25
GlobalTracer.PowerUse_Info: Power: pdpTotalCurrent: 10.00 elev: 0.13 winch: 0.00, pickup: 10.63, total: 0.74
GlobalTracer.printPidInfo_Info: [11.591] elevatorPidController: Target=   6.0, Input=   8.3, Error=  -2.3, PIDTerms=-0.457/-0.026/ 0.000/ 0.000, Output=-0.483(-1.000/1.000), Volt=12.3(9.3)
GlobalTracer.printPidInfo_Info: [11.662] elevatorPidController: Target=   6.0, Input=   8.3, Error=  -2.3, PIDTerms=-0.457/-0.026/ 0.000/ 0.000, Output=-0.483(-1.000/1.000), Volt=12.2(9.3)
GlobalTracer.PowerUse_Info: Battery - currVoltage: 12.15, lowestVoltage: 9.25
GlobalTracer.PowerUse_Info: Power: pdpTotalCurrent: 10.00 elev: 0.13 winch: 0.00, pickup: 11.00, total: 0.75
GlobalTracer.printPidInfo_Info: [11.759] elevatorPidController: Target=   6.0, Input=   8.3, Error=  -2.3, PIDTerms=-0.457/-0.026/ 0.000/ 0.000, Output=-0.483(-1.000/1.000), Volt=12.2(9.3)
GlobalTracer.PowerUse_Info: Battery - currVoltage: 12.20, lowestVoltage: 9.25
GlobalTracer.PowerUse_Info: Power: pdpTotalCurrent: 10.00 elev: 0.13 winch: 0.00, pickup: 10.75, total: 0.75
GlobalTracer.printPidInfo_Info: [11.848] elevatorPidController: Target=   6.0, Input=   8.3, Error=  -2.3, PIDTerms=-0.457/-0.026/ 0.000/ 0.000, Output=-0.484(-1.000/1.000), Volt=12.2(9.3)
GlobalTracer.printPidInfo_Info: [11.911] elevatorPidController: Target=   6.0, Input=   8.3, Error=  -2.3, PIDTerms=-0.457/-0.026/ 0.000/ 0.000, Output=-0.484(-1.000/1.000), Volt=12.2(9.3)
GlobalTracer.PowerUse_Info: Battery - currVoltage: 12.20, lowestVoltage: 9.25
GlobalTracer.PowerUse_Info: Power: pdpTotalCurrent: 10.00 elev: 0.13 winch: 0.00, pickup: 10.88, total: 0.75
GlobalTracer.printPidInfo_Info: [11.990] elevatorPidController: Target=   6.0, Input=   8.3, Error=  -2.3, PIDTerms=-0.457/-0.027/ 0.000/ 0.000, Output=-0.484(-1.000/1.000), Volt=12.3(9.3)
GlobalTracer.printPidInfo_Info: [12.050] elevatorPidController: Target=   6.0, Input=   8.3, Error=  -2.3, PIDTerms=-0.457/-0.027/ 0.000/ 0.000, Output=-0.484(-1.000/1.000), Volt=12.3(9.3)
GlobalTracer.PowerUse_Info: Battery - currVoltage: 12.30, lowestVoltage: 9.25
GlobalTracer.PowerUse_Info: Power: pdpTotalCurrent: 10.00 elev: 0.13 winch: 0.00, pickup: 10.50, total: 0.76
GlobalTracer.printPidInfo_Info: [12.148] elevatorPidController: Target=   6.0, Input=   8.3, Error=  -2.3, PIDTerms=-0.457/-0.027/ 0.000/ 0.000, Output=-0.484(-1.000/1.000), Volt=12.3(9.3)
GlobalTracer.printPidInfo_Info: [12.203] elevatorPidController: Target=   6.0, Input=   8.3, Error=  -2.3, PIDTerms=-0.457/-0.027/ 0.000/ 0.000, Output=-0.484(-1.000/1.000), Volt=12.3(9.3)
GlobalTracer.PowerUse_Info: Battery - currVoltage: 12.25, lowestVoltage: 9.25
GlobalTracer.PowerUse_Info: Power: pdpTotalCurrent: 10.00 elev: 0.13 winch: 0.00, pickup: 10.75, total: 0.76
GlobalTracer.printPidInfo_Info: [12.298] elevatorPidController: Target=   6.0, Input=   8.3, Error=  -2.3, PIDTerms=-0.457/-0.027/ 0.000/ 0.000, Output=-0.485(-1.000/1.000), Volt=12.2(9.3)
GlobalTracer.PowerUse_Info: Battery - currVoltage: 12.20, lowestVoltage: 9.25
GlobalTracer.PowerUse_Info: Power: pdpTotalCurrent: 10.00 elev: 0.13 winch: 0.00, pickup: 10.50, total: 0.77
GlobalTracer.printPidInfo_Info: [12.383] elevatorPidController: Target=   6.0, Input=   8.3, Error=  -2.3, PIDTerms=-0.457/-0.028/ 0.000/ 0.000, Output=-0.485(-1.000/1.000), Volt=12.2(9.3)
GlobalTracer.printPidInfo_Info: [12.451] elevatorPidController: Target=   6.0, Input=   8.3, Error=  -2.3, PIDTerms=-0.457/-0.028/ 0.000/ 0.000, Output=-0.485(-1.000/1.000), Volt=12.2(9.3)
GlobalTracer.PowerUse_Info: Battery - currVoltage: 12.20, lowestVoltage: 9.25
GlobalTracer.PowerUse_Info: Power: pdpTotalCurrent: 9.88 elev: 0.13 winch: 0.00, pickup: 10.75, total: 0.77
GlobalTracer.printPidInfo_Info: [12.542] elevatorPidController: Target=   6.0, Input=   8.3, Error=  -2.3, PIDTerms=-0.457/-0.028/ 0.000/ 0.000, Output=-0.485(-1.000/1.000), Volt=12.3(9.3)
GlobalTracer.printPidInfo_Info: [12.589] elevatorPidController: Target=   6.0, Input=   8.3, Error=  -2.3, PIDTerms=-0.457/-0.028/ 0.000/ 0.000, Output=-0.485(-1.000/1.000), Volt=12.2(9.3)
GlobalTracer.PowerUse_Info: Battery - currVoltage: 12.20, lowestVoltage: 9.25
GlobalTracer.PowerUse_Info: Power: pdpTotalCurrent: 10.00 elev: 0.13 winch: 0.00, pickup: 10.88, total: 0.78
GlobalTracer.startCompetition_Warn: AUTO_MODE takes too long (0.102s)

GlobalTracer.printPidInfo_Info: [12.695] elevatorPidController: Target=   6.0, Input=   8.3, Error=  -2.3, PIDTerms=-0.457/-0.028/ 0.000/ 0.000, Output=-0.486(-1.000/1.000), Volt=12.2(9.3)
GlobalTracer.PowerUse_Info: Battery - currVoltage: 12.20, lowestVoltage: 9.25
GlobalTracer.PowerUse_Info: Power: pdpTotalCurrent: 10.13 elev: 0.13 winch: 0.00, pickup: 10.88, total: 0.78
GlobalTracer.printPidInfo_Info: [12.789] elevatorPidController: Target=   6.0, Input=   8.3, Error=  -2.3, PIDTerms=-0.457/-0.028/ 0.000/ 0.000, Output=-0.486(-1.000/1.000), Volt=12.2(9.3)
GlobalTracer.printPidInfo_Info: [12.851] elevatorPidController: Target=   6.0, Input=   8.3, Error=  -2.3, PIDTerms=-0.457/-0.029/ 0.000/ 0.000, Output=-0.486(-1.000/1.000), Volt=12.3(9.3)
GlobalTracer.PowerUse_Info: Battery - currVoltage: 12.20, lowestVoltage: 9.25
GlobalTracer.PowerUse_Info: Power: pdpTotalCurrent: 10.00 elev: 0.13 winch: 0.00, pickup: 10.88, total: 0.79
GlobalTracer.startCompetition_Warn: AUTO_MODE takes too long (0.100s)

GlobalTracer.printPidInfo_Info: [12.952] elevatorPidController: Target=   6.0, Input=   8.3, Error=  -2.3, PIDTerms=-0.457/-0.029/ 0.000/ 0.000, Output=-0.486(-1.000/1.000), Volt=12.2(9.3)
GlobalTracer.printPidInfo_Info: [13.007] elevatorPidController: Target=   6.0, Input=   8.3, Error=  -2.3, PIDTerms=-0.457/-0.029/ 0.000/ 0.000, Output=-0.486(-1.000/1.000), Volt=12.3(9.3)
GlobalTracer.PowerUse_Info: Battery - currVoltage: 12.25, lowestVoltage: 9.25
GlobalTracer.PowerUse_Info: Power: pdpTotalCurrent: 10.00 elev: 0.13 winch: 0.00, pickup: 10.88, total: 0.79
GlobalTracer.printPidInfo_Info: [13.089] elevatorPidController: Target=   6.0, Input=   8.3, Error=  -2.3, PIDTerms=-0.457/-0.029/ 0.000/ 0.000, Output=-0.486(-1.000/1.000), Volt=12.3(9.3)
GlobalTracer.printPidInfo_Info: [13.138] elevatorPidController: Target=   6.0, Input=   8.3, Error=  -2.3, PIDTerms=-0.457/-0.029/ 0.000/ 0.000, Output=-0.487(-1.000/1.000), Volt=12.2(9.3)
GlobalTracer.PowerUse_Info: Battery - currVoltage: 12.20, lowestVoltage: 9.25
GlobalTracer.PowerUse_Info: Power: pdpTotalCurrent: 10.13 elev: 0.13 winch: 0.00, pickup: 10.63, total: 0.80
GlobalTracer.printPidInfo_Info: [13.230] elevatorPidController: Target=   6.0, Input=   8.3, Error=  -2.3, PIDTerms=-0.457/-0.029/ 0.000/ 0.000, Output=-0.487(-1.000/1.000), Volt=12.3(9.3)
GlobalTracer.printPidInfo_Info: [13.299] elevatorPidController: Target=   6.0, Input=   8.3, Error=  -2.3, PIDTerms=-0.457/-0.030/ 0.000/ 0.000, Output=-0.487(-1.000/1.000), Volt=12.3(9.3)
GlobalTracer.PowerUse_Info: Battery - currVoltage: 12.25, lowestVoltage: 9.25
GlobalTracer.PowerUse_Info: Power: pdpTotalCurrent: 10.00 elev: 0.13 winch: 0.00, pickup: 10.75, total: 0.80
GlobalTracer.printPidInfo_Info: [13.387] elevatorPidController: Target=   6.0, Input=   8.3, Error=  -2.3, PIDTerms=-0.457/-0.030/ 0.000/ 0.000, Output=-0.487(-1.000/1.000), Volt=12.3(9.3)
GlobalTracer.printPidInfo_Info: [13.434] elevatorPidController: Target=   6.0, Input=   8.3, Error=  -2.3, PIDTerms=-0.457/-0.030/ 0.000/ 0.000, Output=-0.487(-1.000/1.000), Volt=12.3(9.3)
GlobalTracer.PowerUse_Info: Battery - currVoltage: 12.25, lowestVoltage: 9.25
GlobalTracer.PowerUse_Info: Power: pdpTotalCurrent: 10.00 elev: 0.13 winch: 0.00, pickup: 10.38, total: 0.81
GlobalTracer.printPidInfo_Info: [13.524] elevatorPidController: Target=   6.0, Input=   8.3, Error=  -2.3, PIDTerms=-0.457/-0.030/ 0.000/ 0.000, Output=-0.487(-1.000/1.000), Volt=12.2(9.3)
GlobalTracer.printPidInfo_Info: [13.579] elevatorPidController: Target=   6.0, Input=   8.3, Error=  -2.3, PIDTerms=-0.457/-0.030/ 0.000/ 0.000, Output=-0.488(-1.000/1.000), Volt=12.3(9.3)
GlobalTracer.PowerUse_Info: Battery - currVoltage: 12.15, lowestVoltage: 9.25
GlobalTracer.PowerUse_Info: Power: pdpTotalCurrent: 10.00 elev: 0.13 winch: 0.00, pickup: 10.63, total: 0.81
GlobalTracer.printPidInfo_Info: [13.665] elevatorPidController: Target=   6.0, Input=   8.3, Error=  -2.3, PIDTerms=-0.457/-0.030/ 0.000/ 0.000, Output=-0.488(-1.000/1.000), Volt=12.2(9.3)
GlobalTracer.printPidInfo_Info: [13.729] elevatorPidController: Target=   6.0, Input=   8.3, Error=  -2.3, PIDTerms=-0.457/-0.031/ 0.000/ 0.000, Output=-0.488(-1.000/1.000), Volt=12.2(9.3)
GlobalTracer.PowerUse_Info: Battery - currVoltage: 12.15, lowestVoltage: 9.25
GlobalTracer.PowerUse_Info: Power: pdpTotalCurrent: 10.13 elev: 0.13 winch: 0.00, pickup: 10.75, total: 0.82
GlobalTracer.printPidInfo_Info: [13.821] elevatorPidController: Target=   6.0, Input=   8.3, Error=  -2.3, PIDTerms=-0.457/-0.031/ 0.000/ 0.000, Output=-0.488(-1.000/1.000), Volt=12.2(9.3)
GlobalTracer.printPidInfo_Info: [13.867] elevatorPidController: Target=   6.0, Input=   8.3, Error=  -2.3, PIDTerms=-0.457/-0.031/ 0.000/ 0.000, Output=-0.488(-1.000/1.000), Volt=12.2(9.3)
GlobalTracer.PowerUse_Info: Battery - currVoltage: 12.20, lowestVoltage: 9.25
GlobalTracer.PowerUse_Info: Power: pdpTotalCurrent: 10.00 elev: 0.13 winch: 0.00, pickup: 10.63, total: 0.82
GlobalTracer.printPidInfo_Info: [13.965] elevatorPidController: Target=   6.0, Input=   8.3, Error=  -2.3, PIDTerms=-0.457/-0.031/ 0.000/ 0.000, Output=-0.488(-1.000/1.000), Volt=12.3(9.3)
GlobalTracer.printPidInfo_Info: [14.022] elevatorPidController: Target=   6.0, Input=   8.3, Error=  -2.3, PIDTerms=-0.457/-0.031/ 0.000/ 0.000, Output=-0.489(-1.000/1.000), Volt=12.3(9.3)
GlobalTracer.PowerUse_Info: Battery - currVoltage: 12.25, lowestVoltage: 9.25
GlobalTracer.PowerUse_Info: Power: pdpTotalCurrent: 10.00 elev: 0.13 winch: 0.00, pickup: 10.25, total: 0.83
GlobalTracer.printPidInfo_Info: [14.104] elevatorPidController: Target=   6.0, Input=   8.3, Error=  -2.3, PIDTerms=-0.457/-0.032/ 0.000/ 0.000, Output=-0.489(-1.000/1.000), Volt=12.2(9.3)
GlobalTracer.printPidInfo_Info: [14.167] elevatorPidController: Target=   6.0, Input=   8.3, Error=  -2.3, PIDTerms=-0.457/-0.032/ 0.000/ 0.000, Output=-0.489(-1.000/1.000), Volt=12.3(9.3)
GlobalTracer.PowerUse_Info: Battery - currVoltage: 12.25, lowestVoltage: 9.25
GlobalTracer.PowerUse_Info: Power: pdpTotalCurrent: 10.00 elev: 0.13 winch: 0.00, pickup: 10.63, total: 0.83
GlobalTracer.printPidInfo_Info: [14.247] elevatorPidController: Target=   6.0, Input=   8.3, Error=  -2.3, PIDTerms=-0.457/-0.032/ 0.000/ 0.000, Output=-0.489(-1.000/1.000), Volt=12.3(9.3)
GlobalTracer.printPidInfo_Info: [14.307] elevatorPidController: Target=   6.0, Input=   8.3, Error=  -2.3, PIDTerms=-0.457/-0.032/ 0.000/ 0.000, Output=-0.489(-1.000/1.000), Volt=12.3(9.3)
GlobalTracer.PowerUse_Info: Battery - currVoltage: 12.25, lowestVoltage: 9.25
GlobalTracer.PowerUse_Info: Power: pdpTotalCurrent: 10.13 elev: 0.13 winch: 0.00, pickup: 10.38, total: 0.84
GlobalTracer.printPidInfo_Info: [14.389] elevatorPidController: Target=   6.0, Input=   8.3, Error=  -2.3, PIDTerms=-0.457/-0.032/ 0.000/ 0.000, Output=-0.489(-1.000/1.000), Volt=12.3(9.3)
GlobalTracer.printPidInfo_Info: [14.448] elevatorPidController: Target=   6.0, Input=   8.3, Error=  -2.3, PIDTerms=-0.457/-0.032/ 0.000/ 0.000, Output=-0.490(-1.000/1.000), Volt=12.3(9.3)
GlobalTracer.PowerUse_Info: Battery - currVoltage: 12.20, lowestVoltage: 9.25
GlobalTracer.PowerUse_Info: Power: pdpTotalCurrent: 10.00 elev: 0.13 winch: 0.00, pickup: 10.25, total: 0.84
GlobalTracer.printPidInfo_Info: [14.531] elevatorPidController: Target=   6.0, Input=   8.3, Error=  -2.3, PIDTerms=-0.457/-0.032/ 0.000/ 0.000, Output=-0.490(-1.000/1.000), Volt=12.2(9.3)
GlobalTracer.printPidInfo_Info: [14.584] elevatorPidController: Target=   6.0, Input=   8.3, Error=  -2.3, PIDTerms=-0.457/-0.033/ 0.000/ 0.000, Output=-0.490(-1.000/1.000), Volt=12.2(9.3)
GlobalTracer.PowerUse_Info: Battery - currVoltage: 12.15, lowestVoltage: 9.25
GlobalTracer.PowerUse_Info: Power: pdpTotalCurrent: 10.00 elev: 0.13 winch: 0.00, pickup: 10.50, total: 0.85
GlobalTracer.printPidInfo_Info: [14.659] elevatorPidController: Target=   6.0, Input=   8.3, Error=  -2.3, PIDTerms=-0.457/-0.033/ 0.000/ 0.000, Output=-0.490(-1.000/1.000), Volt=12.2(9.3)
GlobalTracer.printPidInfo_Info: [14.708] elevatorPidController: Target=   6.0, Input=   8.3, Error=  -2.3, PIDTerms=-0.457/-0.033/ 0.000/ 0.000, Output=-0.490(-1.000/1.000), Volt=12.2(9.3)
GlobalTracer.PowerUse_Info: Battery - currVoltage: 12.20, lowestVoltage: 9.25
GlobalTracer.PowerUse_Info: Power: pdpTotalCurrent: 10.00 elev: 0.13 winch: 0.00, pickup: 10.75, total: 0.85
GlobalTracer.printPidInfo_Info: [14.799] elevatorPidController: Target=   6.0, Input=   8.3, Error=  -2.3, PIDTerms=-0.457/-0.033/ 0.000/ 0.000, Output=-0.490(-1.000/1.000), Volt=12.2(9.3)
GlobalTracer.printPidInfo_Info: [14.850] elevatorPidController: Target=   6.0, Input=   8.3, Error=  -2.3, PIDTerms=-0.457/-0.033/ 0.000/ 0.000, Output=-0.491(-1.000/1.000), Volt=12.2(9.3)
GlobalTracer.PowerUse_Info: Battery - currVoltage: 12.20, lowestVoltage: 9.25
GlobalTracer.PowerUse_Info: Power: pdpTotalCurrent: 10.00 elev: 0.13 winch: 0.00, pickup: 10.75, total: 0.85
GlobalTracer.printPidInfo_Info: [14.944] elevatorPidController: Target=   6.0, Input=   8.3, Error=  -2.3, PIDTerms=-0.457/-0.033/ 0.000/ 0.000, Output=-0.491(-1.000/1.000), Volt=12.2(9.3)
GlobalTracer.printPidInfo_Info: [15.004] elevatorPidController: Target=   6.0, Input=   8.3, Error=  -2.3, PIDTerms=-0.457/-0.034/ 0.000/ 0.000, Output=-0.491(-1.000/1.000), Volt=12.2(9.3)
GlobalTracer.PowerUse_Info: Battery - currVoltage: 12.25, lowestVoltage: 9.25
GlobalTracer.PowerUse_Info: Power: pdpTotalCurrent: 10.00 elev: 0.13 winch: 0.00, pickup: 10.75, total: 0.86
GlobalTracer.printPidInfo_Info: [15.093] elevatorPidController: Target=   6.0, Input=   8.3, Error=  -2.3, PIDTerms=-0.457/-0.034/ 0.000/ 0.000, Output=-0.491(-1.000/1.000), Volt=12.2(9.3)
GlobalTracer.printPidInfo_Info: [15.154] elevatorPidController: Target=   6.0, Input=   8.3, Error=  -2.3, PIDTerms=-0.457/-0.034/ 0.000/ 0.000, Output=-0.491(-1.000/1.000), Volt=12.3(9.3)
GlobalTracer.PowerUse_Info: Battery - currVoltage: 12.25, lowestVoltage: 9.25
GlobalTracer.PowerUse_Info: Power: pdpTotalCurrent: 10.00 elev: 0.13 winch: 0.00, pickup: 10.50, total: 0.86
GlobalTracer.printPidInfo_Info: [15.228] elevatorPidController: Target=   6.0, Input=   8.3, Error=  -2.3, PIDTerms=-0.457/-0.034/ 0.000/ 0.000, Output=-0.491(-1.000/1.000), Volt=12.3(9.3)
GlobalTracer.printPidInfo_Info: [15.281] elevatorPidController: Target=   6.0, Input=   8.3, Error=  -2.3, PIDTerms=-0.457/-0.034/ 0.000/ 0.000, Output=-0.492(-1.000/1.000), Volt=12.3(9.3)
GlobalTracer.PowerUse_Info: Battery - currVoltage: 12.25, lowestVoltage: 9.25
GlobalTracer.PowerUse_Info: Power: pdpTotalCurrent: 10.00 elev: 0.13 winch: 0.00, pickup: 8.50, total: 0.87
GlobalTracer.Diagnostics_Info: ### Diagnostics: left sonar did not change enough and might be unplugged
GlobalTracer.Diagnostics_Info: ### Diagnostics: right sonar did not change enough and might be unplugged
GlobalTracer.Vision_Info: Pixy is disabled!
GlobalTracer.Robot_Info: TotalEnergy=0.869
