GlobalTracer.FirstPowerUp_Info: Sat Mar 24 16:15:54 PDT 2018: ***** Starting autonomous *****
GlobalTracer.FirstPowerUp_Info: WASNO_Qualification_ 32 (Blue3) [FMSConnected=true]
GlobalTracer.CmdAutoSwitch_Info: alliance=Blue, gameSpecificMsg=LRL, delay=0.000, fwdDistance=60, startPosition=0.0, flipInFlight=false
GlobalTracer.Vision_Info: Pixy is enabled!
GlobalTracer.Robot_Info: [0.906]   DO_DELAY: xPos=  0.00,yPos=  0.00,heading=  10.4/   0.0,volts=12.8(12.8)
GlobalTracer.startCompetition_Warn: AUTO_MODE takes too long (1.033s)

GlobalTracer.Robot_Info: [1.029] DRIVE_DIAGONAL_TO_SWITCH: xPos=  0.00,yPos=  0.00,heading=   0.0/ -25.0,volts=12.8(12.8)
GlobalTracer.printPidInfo_Info: [1.029] encoderXPidCtrl: Target=   0.0, Input=   0.0, Error=   0.0, PIDTerms= 0.000/ 0.000/ 0.000/ 0.000, Output= 0.000(-0.700/0.700), Volt=12.8(12.8)
GlobalTracer.printPidInfo_Info: [1.029] encoderYPidCtrl: Target= 121.2, Input=   0.0, Error= 121.2, PIDTerms= 0.000/ 0.000/ 0.000/ 0.000, Output= 0.000(-0.600/0.600), Volt=12.8(12.8)
GlobalTracer.printPidInfo_Info: [1.029] gyroTurnPidCtrl: Target= -25.0, Input=   0.0, Error= -25.0, PIDTerms= 0.000/ 0.000/ 0.000/ 0.000, Output= 0.000(-0.700/0.700), Volt=12.8(12.8)
GlobalTracer.printPidInfo_Info: [1.029] elevatorPidController: Target=  34.8, Input=   0.0, Error=  26.7, PIDTerms= 0.000/ 0.000/ 0.000/ 0.000, Output= 0.000(-1.000/1.000), Volt=12.8(12.8)
GlobalTracer.startCompetition_Warn: AUTO_MODE takes too long (0.169s)

GlobalTracer.printPidInfo_Info: [1.198] encoderXPidCtrl: Target=   0.0, Input=   0.0, Error=   0.0, PIDTerms= 0.000/ 0.000/ 0.000/ 0.000, Output= 0.000(-0.700/0.700), Volt=9.4(10.0)
GlobalTracer.printPidInfo_Info: [1.198] encoderYPidCtrl: Target= 121.2, Input=   0.0, Error= 121.2, PIDTerms= 2.061/ 0.000/ 0.000/ 0.000, Output= 0.600(-0.600/0.600), Volt=9.4(10.0)
GlobalTracer.printPidInfo_Info: [1.198] gyroTurnPidCtrl: Target= -25.0, Input=   0.0, Error= -25.0, PIDTerms=-0.450/ 0.000/ 0.000/-0.000, Output=-0.450(-0.700/0.700), Volt=9.4(10.0)
GlobalTracer.printPidInfo_Info: [1.198] elevatorPidController: Target=  34.8, Input=   8.0, Error=  26.7, PIDTerms= 5.344/ 0.003/ 0.000/ 0.000, Output= 1.000(-1.000/1.000), Volt=9.4(10.0)
GlobalTracer.startCompetition_Warn: AUTO_MODE takes too long (0.118s)

GlobalTracer.printPidInfo_Info: [1.317] encoderXPidCtrl: Target=   0.0, Input=   0.1, Error=  -0.1, PIDTerms=-0.009/ 0.000/-0.005/ 0.000, Output=-0.014(-0.700/0.700), Volt=10.3(10.0)
GlobalTracer.printPidInfo_Info: [1.317] encoderYPidCtrl: Target= 121.2, Input=   0.7, Error= 120.5, PIDTerms= 2.048/ 0.000/-0.005/ 0.000, Output= 0.600(-0.600/0.600), Volt=10.1(10.0)
GlobalTracer.printPidInfo_Info: [1.317] gyroTurnPidCtrl: Target= -25.0, Input=  -0.3, Error= -24.7, PIDTerms=-0.444/ 0.000/ 0.003/-0.000, Output=-0.441(-0.700/0.700), Volt=10.1(10.0)
GlobalTracer.printPidInfo_Info: [1.317] elevatorPidController: Target=  34.8, Input=  10.3, Error=  24.4, PIDTerms= 4.881/ 0.006/-0.000/ 0.000, Output= 1.000(-1.000/1.000), Volt=10.1(10.0)
GlobalTracer.printPidInfo_Info: [1.391] encoderXPidCtrl: Target=   0.0, Input=  -0.6, Error=   0.6, PIDTerms= 0.097/ 0.000/ 0.131/ 0.000, Output= 0.228(-0.700/0.700), Volt=10.6(10.0)
GlobalTracer.printPidInfo_Info: [1.391] encoderYPidCtrl: Target= 121.2, Input=   4.7, Error= 116.6, PIDTerms= 1.982/ 0.000/-0.048/ 0.000, Output= 0.600(-0.600/0.600), Volt=10.6(10.0)
GlobalTracer.printPidInfo_Info: [1.391] gyroTurnPidCtrl: Target= -25.0, Input=  -4.9, Error= -20.1, PIDTerms=-0.361/ 0.000/ 0.091/-0.000, Output=-0.270(-0.700/0.700), Volt=10.6(10.0)
GlobalTracer.printPidInfo_Info: [1.391] elevatorPidController: Target=  34.8, Input=  13.1, Error=  21.6, PIDTerms= 4.330/ 0.008/-0.000/ 0.000, Output= 1.000(-1.000/1.000), Volt=10.6(10.0)
GlobalTracer.startCompetition_Warn: AUTO_MODE takes too long (0.105s)

GlobalTracer.printPidInfo_Info: [1.499] encoderXPidCtrl: Target=   0.0, Input=  -0.9, Error=   0.9, PIDTerms= 0.129/ 0.000/ 0.043/ 0.000, Output= 0.172(-0.700/0.700), Volt=10.8(10.0)
GlobalTracer.printPidInfo_Info: [1.499] encoderYPidCtrl: Target= 121.2, Input=   7.1, Error= 114.1, PIDTerms= 1.940/ 0.000/-0.034/ 0.000, Output= 0.600(-0.600/0.600), Volt=10.7(10.0)
GlobalTracer.printPidInfo_Info: [1.499] gyroTurnPidCtrl: Target= -25.0, Input= -11.5, Error= -13.5, PIDTerms=-0.243/ 0.000/ 0.145/-0.000, Output=-0.098(-0.700/0.700), Volt=10.7(10.0)
GlobalTracer.printPidInfo_Info: [1.499] elevatorPidController: Target=  34.8, Input=  15.3, Error=  19.5, PIDTerms= 3.897/ 0.009/-0.000/ 0.000, Output= 1.000(-1.000/1.000), Volt=10.7(10.0)
GlobalTracer.startCompetition_Warn: AUTO_MODE takes too long (0.126s)

GlobalTracer.printPidInfo_Info: [1.628] encoderXPidCtrl: Target=   0.0, Input=  -0.4, Error=   0.4, PIDTerms= 0.064/ 0.000/-0.051/ 0.000, Output= 0.014(-0.700/0.700), Volt=10.9(10.0)
GlobalTracer.printPidInfo_Info: [1.628] encoderYPidCtrl: Target= 121.2, Input=  13.2, Error= 108.0, PIDTerms= 1.836/ 0.000/-0.048/ 0.000, Output= 0.600(-0.600/0.600), Volt=10.9(10.0)
GlobalTracer.printPidInfo_Info: [1.628] gyroTurnPidCtrl: Target= -25.0, Input= -18.7, Error=  -6.3, PIDTerms=-0.113/ 0.000/ 0.091/-0.000, Output=-0.022(-0.700/0.700), Volt=11.1(10.0)
GlobalTracer.printPidInfo_Info: [1.628] elevatorPidController: Target=  34.8, Input=  20.5, Error=  14.2, PIDTerms= 2.841/ 0.011/-0.000/ 0.000, Output= 1.000(-1.000/1.000), Volt=11.1(10.0)
GlobalTracer.startCompetition_Warn: AUTO_MODE takes too long (0.205s)

GlobalTracer.printPidInfo_Info: [1.838] encoderXPidCtrl: Target=   0.0, Input=  -0.1, Error=   0.1, PIDTerms= 0.012/ 0.000/-0.030/ 0.000, Output=-0.018(-0.700/0.700), Volt=11.1(10.0)
GlobalTracer.printPidInfo_Info: [1.838] encoderYPidCtrl: Target= 121.2, Input=  20.4, Error= 100.8, PIDTerms= 1.714/ 0.000/-0.041/ 0.000, Output= 0.600(-0.600/0.600), Volt=11.2(10.0)
GlobalTracer.printPidInfo_Info: [1.838] gyroTurnPidCtrl: Target= -25.0, Input= -25.1, Error=   0.1, PIDTerms= 0.001/ 0.000/ 0.058/-0.000, Output= 0.059(-0.700/0.700), Volt=11.2(10.0)
GlobalTracer.printPidInfo_Info: [1.838] elevatorPidController: Target=  34.8, Input=  27.5, Error=   7.2, PIDTerms= 1.445/ 0.012/-0.000/ 0.000, Output= 1.000(-1.000/1.000), Volt=11.1(10.0)
GlobalTracer.startCompetition_Warn: AUTO_MODE takes too long (0.252s)

GlobalTracer.printPidInfo_Info: [2.088] encoderXPidCtrl: Target=   0.0, Input=   0.2, Error=  -0.2, PIDTerms=-0.032/ 0.000/-0.017/ 0.000, Output=-0.049(-0.700/0.700), Volt=11.8(10.0)
GlobalTracer.printPidInfo_Info: [2.088] encoderYPidCtrl: Target= 121.2, Input=  35.3, Error=  86.0, PIDTerms= 1.462/ 0.000/-0.058/ 0.000, Output= 0.600(-0.600/0.600), Volt=11.8(10.0)
GlobalTracer.printPidInfo_Info: [2.088] gyroTurnPidCtrl: Target= -25.0, Input= -28.4, Error=   3.4, PIDTerms= 0.062/ 0.000/ 0.021/-0.000, Output= 0.083(-0.700/0.700), Volt=11.8(10.0)
GlobalTracer.printPidInfo_Info: [2.088] elevatorPidController: Target=  34.8, Input=  37.1, Error=  -2.3, PIDTerms=-0.465/ 0.012/-0.000/ 0.000, Output=-0.453(-1.000/1.000), Volt=11.8(10.0)
GlobalTracer.startCompetition_Warn: AUTO_MODE takes too long (0.148s)

GlobalTracer.printPidInfo_Info: [2.237] encoderXPidCtrl: Target=   0.0, Input=   1.2, Error=  -1.2, PIDTerms=-0.185/ 0.000/-0.077/ 0.000, Output=-0.261(-0.700/0.700), Volt=11.5(10.0)
GlobalTracer.printPidInfo_Info: [2.237] encoderYPidCtrl: Target= 121.2, Input=  55.6, Error=  65.6, PIDTerms= 1.116/ 0.000/-0.103/ 0.000, Output= 0.600(-0.600/0.600), Volt=11.6(10.0)
GlobalTracer.printPidInfo_Info: [2.237] gyroTurnPidCtrl: Target= -25.0, Input= -26.9, Error=   1.9, PIDTerms= 0.034/ 0.000/-0.012/-0.000, Output= 0.022(-0.700/0.700), Volt=11.6(10.0)
GlobalTracer.printPidInfo_Info: [2.237] elevatorPidController: Target=  34.8, Input=  35.3, Error=  -0.5, PIDTerms=-0.105/ 0.012/ 0.000/ 0.000, Output=-0.093(-1.000/1.000), Volt=11.6(10.0)
GlobalTracer.startCompetition_Warn: AUTO_MODE takes too long (0.144s)

GlobalTracer.printPidInfo_Info: [2.386] encoderXPidCtrl: Target=   0.0, Input=   0.9, Error=  -0.9, PIDTerms=-0.129/ 0.000/ 0.041/ 0.000, Output=-0.088(-0.700/0.700), Volt=11.7(10.0)
GlobalTracer.printPidInfo_Info: [2.386] encoderYPidCtrl: Target= 121.2, Input=  68.9, Error=  52.4, PIDTerms= 0.890/ 0.000/-0.098/ 0.000, Output= 0.600(-0.600/0.600), Volt=11.7(10.0)
GlobalTracer.printPidInfo_Info: [2.386] gyroTurnPidCtrl: Target= -25.0, Input= -24.8, Error=  -0.2, PIDTerms=-0.003/ 0.000/-0.025/-0.000, Output=-0.028(-0.700/0.700), Volt=11.8(10.0)
GlobalTracer.printPidInfo_Info: [2.386] elevatorPidController: Target=  34.8, Input=  33.4, Error=   1.3, PIDTerms= 0.260/ 0.012/ 0.000/ 0.000, Output= 0.272(-1.000/1.000), Volt=11.8(10.0)
GlobalTracer.startCompetition_Warn: AUTO_MODE takes too long (0.139s)

GlobalTracer.printPidInfo_Info: [2.529] encoderXPidCtrl: Target=   0.0, Input=  -0.3, Error=   0.3, PIDTerms= 0.040/ 0.000/ 0.117/ 0.000, Output= 0.157(-0.700/0.700), Volt=11.8(10.0)
GlobalTracer.printPidInfo_Info: [2.529] encoderYPidCtrl: Target= 121.2, Input=  82.4, Error=  38.8, PIDTerms= 0.660/ 0.000/-0.094/ 0.000, Output= 0.566(-0.600/0.600), Volt=11.8(10.0)
GlobalTracer.printPidInfo_Info: [2.529] gyroTurnPidCtrl: Target= -25.0, Input= -23.2, Error=  -1.8, PIDTerms=-0.032/ 0.000/-0.018/-0.000, Output=-0.050(-0.700/0.700), Volt=11.8(10.0)
GlobalTracer.printPidInfo_Info: [2.529] elevatorPidController: Target=  34.8, Input=  32.8, Error=   1.9, PIDTerms= 0.384/ 0.012/ 0.000/ 0.000, Output= 0.396(-1.000/1.000), Volt=11.8(10.0)
GlobalTracer.startCompetition_Warn: AUTO_MODE takes too long (0.140s)

GlobalTracer.printPidInfo_Info: [2.676] encoderXPidCtrl: Target=   0.0, Input=  -0.3, Error=   0.3, PIDTerms= 0.045/ 0.000/ 0.003/ 0.000, Output= 0.049(-0.700/0.700), Volt=12.4(10.0)
GlobalTracer.printPidInfo_Info: [2.676] encoderYPidCtrl: Target= 121.2, Input=  96.1, Error=  25.2, PIDTerms= 0.428/ 0.000/-0.096/ 0.000, Output= 0.332(-0.600/0.600), Volt=12.5(10.0)
GlobalTracer.printPidInfo_Info: [2.676] gyroTurnPidCtrl: Target= -25.0, Input= -23.4, Error=  -1.6, PIDTerms=-0.028/ 0.000/ 0.003/-0.000, Output=-0.026(-0.700/0.700), Volt=12.5(10.0)
GlobalTracer.printPidInfo_Info: [2.676] elevatorPidController: Target=  34.8, Input=  33.6, Error=   1.1, PIDTerms= 0.227/ 0.012/-0.000/ 0.000, Output= 0.240(-1.000/1.000), Volt=12.5(10.0)
GlobalTracer.startCompetition_Warn: AUTO_MODE takes too long (0.131s)

GlobalTracer.printPidInfo_Info: [2.810] encoderXPidCtrl: Target=   0.0, Input=   0.4, Error=  -0.4, PIDTerms=-0.059/ 0.000/-0.074/ 0.000, Output=-0.133(-0.700/0.700), Volt=12.6(10.0)
GlobalTracer.printPidInfo_Info: [2.810] encoderYPidCtrl: Target= 121.2, Input= 109.7, Error=  11.5, PIDTerms= 0.195/ 0.000/-0.097/ 0.000, Output= 0.098(-0.600/0.600), Volt=12.6(10.0)
GlobalTracer.printPidInfo_Info: [2.810] gyroTurnPidCtrl: Target= -25.0, Input= -24.8, Error=  -0.2, PIDTerms=-0.003/ 0.000/ 0.016/-0.000, Output= 0.013(-0.700/0.700), Volt=12.6(10.0)
GlobalTracer.printPidInfo_Info: [2.810] elevatorPidController: Target=  34.8, Input=  34.2, Error=   0.5, PIDTerms= 0.104/ 0.012/-0.000/ 0.000, Output= 0.116(-1.000/1.000), Volt=12.6(10.0)
GlobalTracer.startCompetition_Warn: AUTO_MODE takes too long (0.151s)

GlobalTracer.Robot_Info: [2.965] THROW_CUBE: xPos= -0.19,yPos=132.29,heading= -23.8/ -25.0,volts=12.5(10.0)
GlobalTracer.printPidInfo_Info: [2.965] elevatorPidController: Target=  34.8, Input=  34.3, Error=   0.5, PIDTerms= 0.093/ 0.012/-0.000/ 0.000, Output= 0.105(-1.000/1.000), Volt=12.6(10.0)
GlobalTracer.startCompetition_Warn: AUTO_MODE takes too long (0.127s)

GlobalTracer.Robot_Info: [3.096]       DONE: xPos=  0.71,yPos=134.76,heading=  -5.9/ -25.0,volts=11.7(10.0)
GlobalTracer.printPidInfo_Info: [3.096] elevatorPidController: Target=   6.0, Input=  34.3, Error= -28.3, PIDTerms= 0.091/ 0.012/-0.000/ 0.000, Output= 0.000(-1.000/1.000), Volt=11.7(10.0)
GlobalTracer.startCompetition_Warn: AUTO_MODE takes too long (0.125s)

GlobalTracer.printPidInfo_Info: [3.226] elevatorPidController: Target=   6.0, Input=  34.3, Error= -28.3, PIDTerms=-5.660/-0.001/-0.000/ 0.000, Output=-1.000(-1.000/1.000), Volt=11.3(10.0)
GlobalTracer.startCompetition_Warn: AUTO_MODE takes too long (0.103s)

GlobalTracer.printPidInfo_Info: [3.332] elevatorPidController: Target=   6.0, Input=  29.9, Error= -23.9, PIDTerms=-4.779/-0.004/ 0.000/ 0.000, Output=-1.000(-1.000/1.000), Volt=11.9(10.0)
GlobalTracer.startCompetition_Warn: AUTO_MODE takes too long (0.113s)

GlobalTracer.printPidInfo_Info: [3.448] elevatorPidController: Target=   6.0, Input=  23.9, Error= -17.9, PIDTerms=-3.585/-0.006/ 0.000/ 0.000, Output=-1.000(-1.000/1.000), Volt=12.0(10.0)
GlobalTracer.printPidInfo_Info: [3.528] elevatorPidController: Target=   6.0, Input=  16.1, Error= -10.1, PIDTerms=-2.023/-0.007/ 0.000/ 0.000, Output=-1.000(-1.000/1.000), Volt=12.0(10.0)
GlobalTracer.printPidInfo_Info: [3.583] elevatorPidController: Target=   6.0, Input=  13.4, Error=  -7.4, PIDTerms=-1.483/-0.007/ 0.000/ 0.000, Output=-1.000(-1.000/1.000), Volt=12.1(10.0)
GlobalTracer.printPidInfo_Info: [3.655] elevatorPidController: Target=   6.0, Input=   8.0, Error=  -2.0, PIDTerms=-0.407/-0.007/ 0.000/ 0.000, Output=-0.415(-1.000/1.000), Volt=12.3(10.0)
GlobalTracer.printPidInfo_Info: [3.716] elevatorPidController: Target=   6.0, Input=   8.1, Error=  -2.1, PIDTerms=-0.414/-0.008/-0.000/ 0.000, Output=-0.422(-1.000/1.000), Volt=12.3(10.0)
GlobalTracer.printPidInfo_Info: [3.794] elevatorPidController: Target=   6.0, Input=   8.2, Error=  -2.2, PIDTerms=-0.447/-0.008/-0.000/ 0.000, Output=-0.455(-1.000/1.000), Volt=12.3(10.0)
GlobalTracer.printPidInfo_Info: [3.852] elevatorPidController: Target=   6.0, Input=   8.4, Error=  -2.4, PIDTerms=-0.470/-0.008/-0.000/ 0.000, Output=-0.478(-1.000/1.000), Volt=12.3(10.0)
GlobalTracer.printPidInfo_Info: [3.922] elevatorPidController: Target=   6.0, Input=   8.4, Error=  -2.4, PIDTerms=-0.472/-0.008/-0.000/ 0.000, Output=-0.480(-1.000/1.000), Volt=12.4(10.0)
GlobalTracer.printPidInfo_Info: [3.982] elevatorPidController: Target=   6.0, Input=   8.4, Error=  -2.4, PIDTerms=-0.477/-0.008/-0.000/ 0.000, Output=-0.486(-1.000/1.000), Volt=12.3(10.0)
GlobalTracer.printPidInfo_Info: [4.042] elevatorPidController: Target=   6.0, Input=   8.4, Error=  -2.4, PIDTerms=-0.483/-0.008/-0.000/ 0.000, Output=-0.491(-1.000/1.000), Volt=12.4(10.0)
GlobalTracer.printPidInfo_Info: [4.090] elevatorPidController: Target=   6.0, Input=   8.4, Error=  -2.4, PIDTerms=-0.482/-0.008/ 0.000/ 0.000, Output=-0.490(-1.000/1.000), Volt=12.4(10.0)
GlobalTracer.printPidInfo_Info: [4.152] elevatorPidController: Target=   6.0, Input=   8.4, Error=  -2.4, PIDTerms=-0.480/-0.009/ 0.000/ 0.000, Output=-0.489(-1.000/1.000), Volt=12.4(10.0)
GlobalTracer.printPidInfo_Info: [4.216] elevatorPidController: Target=   6.0, Input=   8.4, Error=  -2.4, PIDTerms=-0.483/-0.009/-0.000/ 0.000, Output=-0.492(-1.000/1.000), Volt=12.4(10.0)
GlobalTracer.printPidInfo_Info: [4.282] elevatorPidController: Target=   6.0, Input=   8.4, Error=  -2.4, PIDTerms=-0.482/-0.009/ 0.000/ 0.000, Output=-0.491(-1.000/1.000), Volt=12.4(10.0)
GlobalTracer.printPidInfo_Info: [4.324] elevatorPidController: Target=   6.0, Input=   8.4, Error=  -2.4, PIDTerms=-0.482/-0.009/ 0.000/ 0.000, Output=-0.491(-1.000/1.000), Volt=12.4(10.0)
GlobalTracer.printPidInfo_Info: [4.398] elevatorPidController: Target=   6.0, Input=   8.4, Error=  -2.4, PIDTerms=-0.483/-0.009/-0.000/ 0.000, Output=-0.492(-1.000/1.000), Volt=12.4(10.0)
GlobalTracer.printPidInfo_Info: [4.448] elevatorPidController: Target=   6.0, Input=   8.4, Error=  -2.4, PIDTerms=-0.483/-0.009/ 0.000/ 0.000, Output=-0.492(-1.000/1.000), Volt=12.4(10.0)
GlobalTracer.printPidInfo_Info: [4.522] elevatorPidController: Target=   6.0, Input=   8.4, Error=  -2.4, PIDTerms=-0.486/-0.010/-0.000/ 0.000, Output=-0.496(-1.000/1.000), Volt=12.4(10.0)
GlobalTracer.printPidInfo_Info: [4.581] elevatorPidController: Target=   6.0, Input=   8.4, Error=  -2.4, PIDTerms=-0.486/-0.010/ 0.000/ 0.000, Output=-0.496(-1.000/1.000), Volt=12.4(10.0)
GlobalTracer.printPidInfo_Info: [4.644] elevatorPidController: Target=   6.0, Input=   8.4, Error=  -2.4, PIDTerms=-0.483/-0.010/ 0.000/ 0.000, Output=-0.493(-1.000/1.000), Volt=12.4(10.0)
GlobalTracer.printPidInfo_Info: [4.694] elevatorPidController: Target=   6.0, Input=   8.4, Error=  -2.4, PIDTerms=-0.486/-0.010/-0.000/ 0.000, Output=-0.496(-1.000/1.000), Volt=12.4(10.0)
GlobalTracer.printPidInfo_Info: [4.772] elevatorPidController: Target=   6.0, Input=   8.4, Error=  -2.4, PIDTerms=-0.486/-0.010/ 0.000/ 0.000, Output=-0.496(-1.000/1.000), Volt=12.3(10.0)
GlobalTracer.printPidInfo_Info: [4.831] elevatorPidController: Target=   6.0, Input=   8.4, Error=  -2.4, PIDTerms=-0.485/-0.010/ 0.000/ 0.000, Output=-0.495(-1.000/1.000), Volt=12.3(10.0)
GlobalTracer.printPidInfo_Info: [4.893] elevatorPidController: Target=   6.0, Input=   8.4, Error=  -2.4, PIDTerms=-0.485/-0.010/ 0.000/ 0.000, Output=-0.495(-1.000/1.000), Volt=12.4(10.0)
GlobalTracer.printPidInfo_Info: [4.928] elevatorPidController: Target=   6.0, Input=   8.4, Error=  -2.4, PIDTerms=-0.485/-0.011/ 0.000/ 0.000, Output=-0.495(-1.000/1.000), Volt=12.4(10.0)
GlobalTracer.printPidInfo_Info: [4.977] elevatorPidController: Target=   6.0, Input=   8.4, Error=  -2.4, PIDTerms=-0.485/-0.011/ 0.000/ 0.000, Output=-0.495(-1.000/1.000), Volt=12.4(10.0)
GlobalTracer.printPidInfo_Info: [5.047] elevatorPidController: Target=   6.0, Input=   8.4, Error=  -2.4, PIDTerms=-0.485/-0.011/ 0.000/ 0.000, Output=-0.495(-1.000/1.000), Volt=12.4(10.0)
GlobalTracer.printPidInfo_Info: [5.090] elevatorPidController: Target=   6.0, Input=   8.4, Error=  -2.4, PIDTerms=-0.485/-0.011/ 0.000/ 0.000, Output=-0.495(-1.000/1.000), Volt=12.4(10.0)
GlobalTracer.printPidInfo_Info: [5.152] elevatorPidController: Target=   6.0, Input=   8.4, Error=  -2.4, PIDTerms=-0.485/-0.011/ 0.000/ 0.000, Output=-0.496(-1.000/1.000), Volt=12.4(10.0)
GlobalTracer.printPidInfo_Info: [5.192] elevatorPidController: Target=   6.0, Input=   8.4, Error=  -2.4, PIDTerms=-0.485/-0.011/ 0.000/ 0.000, Output=-0.496(-1.000/1.000), Volt=12.4(10.0)
GlobalTracer.printPidInfo_Info: [5.254] elevatorPidController: Target=   6.0, Input=   8.4, Error=  -2.4, PIDTerms=-0.485/-0.011/ 0.000/ 0.000, Output=-0.496(-1.000/1.000), Volt=12.4(10.0)
GlobalTracer.printPidInfo_Info: [5.313] elevatorPidController: Target=   6.0, Input=   8.4, Error=  -2.4, PIDTerms=-0.485/-0.011/ 0.000/ 0.000, Output=-0.496(-1.000/1.000), Volt=12.4(10.0)
GlobalTracer.printPidInfo_Info: [5.368] elevatorPidController: Target=   6.0, Input=   8.4, Error=  -2.4, PIDTerms=-0.485/-0.012/ 0.000/ 0.000, Output=-0.496(-1.000/1.000), Volt=12.4(10.0)
GlobalTracer.printPidInfo_Info: [5.414] elevatorPidController: Target=   6.0, Input=   8.4, Error=  -2.4, PIDTerms=-0.485/-0.012/ 0.000/ 0.000, Output=-0.496(-1.000/1.000), Volt=12.4(10.0)
GlobalTracer.printPidInfo_Info: [5.484] elevatorPidController: Target=   6.0, Input=   8.4, Error=  -2.4, PIDTerms=-0.485/-0.012/ 0.000/ 0.000, Output=-0.496(-1.000/1.000), Volt=12.4(10.0)
GlobalTracer.printPidInfo_Info: [5.522] elevatorPidController: Target=   6.0, Input=   8.4, Error=  -2.4, PIDTerms=-0.485/-0.012/ 0.000/ 0.000, Output=-0.497(-1.000/1.000), Volt=12.4(10.0)
GlobalTracer.printPidInfo_Info: [5.550] elevatorPidController: Target=   6.0, Input=   8.4, Error=  -2.4, PIDTerms=-0.485/-0.012/ 0.000/ 0.000, Output=-0.497(-1.000/1.000), Volt=12.4(10.0)
GlobalTracer.printPidInfo_Info: [5.612] elevatorPidController: Target=   6.0, Input=   8.4, Error=  -2.4, PIDTerms=-0.485/-0.012/ 0.000/ 0.000, Output=-0.497(-1.000/1.000), Volt=12.4(10.0)
GlobalTracer.printPidInfo_Info: [5.667] elevatorPidController: Target=   6.0, Input=   8.4, Error=  -2.4, PIDTerms=-0.485/-0.012/ 0.000/ 0.000, Output=-0.497(-1.000/1.000), Volt=12.4(10.0)
GlobalTracer.printPidInfo_Info: [5.729] elevatorPidController: Target=   6.0, Input=   8.4, Error=  -2.4, PIDTerms=-0.485/-0.012/ 0.000/ 0.000, Output=-0.497(-1.000/1.000), Volt=12.4(10.0)
GlobalTracer.printPidInfo_Info: [5.782] elevatorPidController: Target=   6.0, Input=   8.4, Error=  -2.4, PIDTerms=-0.485/-0.013/ 0.000/ 0.000, Output=-0.497(-1.000/1.000), Volt=12.4(10.0)
GlobalTracer.printPidInfo_Info: [5.850] elevatorPidController: Target=   6.0, Input=   8.4, Error=  -2.4, PIDTerms=-0.485/-0.013/ 0.000/ 0.000, Output=-0.497(-1.000/1.000), Volt=12.4(10.0)
GlobalTracer.printPidInfo_Info: [5.909] elevatorPidController: Target=   6.0, Input=   8.4, Error=  -2.4, PIDTerms=-0.485/-0.013/ 0.000/ 0.000, Output=-0.497(-1.000/1.000), Volt=12.4(10.0)
GlobalTracer.printPidInfo_Info: [5.974] elevatorPidController: Target=   6.0, Input=   8.4, Error=  -2.4, PIDTerms=-0.485/-0.013/ 0.000/ 0.000, Output=-0.498(-1.000/1.000), Volt=12.4(10.0)
GlobalTracer.printPidInfo_Info: [6.030] elevatorPidController: Target=   6.0, Input=   8.4, Error=  -2.4, PIDTerms=-0.485/-0.013/ 0.000/ 0.000, Output=-0.498(-1.000/1.000), Volt=12.4(10.0)
GlobalTracer.printPidInfo_Info: [6.100] elevatorPidController: Target=   6.0, Input=   8.4, Error=  -2.4, PIDTerms=-0.485/-0.013/ 0.000/ 0.000, Output=-0.498(-1.000/1.000), Volt=12.4(10.0)
GlobalTracer.printPidInfo_Info: [6.156] elevatorPidController: Target=   6.0, Input=   8.4, Error=  -2.4, PIDTerms=-0.485/-0.013/ 0.000/ 0.000, Output=-0.498(-1.000/1.000), Volt=12.4(10.0)
GlobalTracer.printPidInfo_Info: [6.230] elevatorPidController: Target=   6.0, Input=   8.4, Error=  -2.4, PIDTerms=-0.485/-0.014/ 0.000/ 0.000, Output=-0.498(-1.000/1.000), Volt=12.4(10.0)
GlobalTracer.printPidInfo_Info: [6.285] elevatorPidController: Target=   6.0, Input=   8.4, Error=  -2.4, PIDTerms=-0.485/-0.014/ 0.000/ 0.000, Output=-0.498(-1.000/1.000), Volt=12.4(10.0)
GlobalTracer.printPidInfo_Info: [6.354] elevatorPidController: Target=   6.0, Input=   8.4, Error=  -2.4, PIDTerms=-0.485/-0.014/ 0.000/ 0.000, Output=-0.499(-1.000/1.000), Volt=12.4(10.0)
GlobalTracer.printPidInfo_Info: [6.416] elevatorPidController: Target=   6.0, Input=   8.4, Error=  -2.4, PIDTerms=-0.485/-0.014/ 0.000/ 0.000, Output=-0.499(-1.000/1.000), Volt=12.4(10.0)
GlobalTracer.printPidInfo_Info: [6.484] elevatorPidController: Target=   6.0, Input=   8.4, Error=  -2.4, PIDTerms=-0.485/-0.014/ 0.000/ 0.000, Output=-0.499(-1.000/1.000), Volt=12.4(10.0)
GlobalTracer.printPidInfo_Info: [6.544] elevatorPidController: Target=   6.0, Input=   8.4, Error=  -2.4, PIDTerms=-0.485/-0.014/ 0.000/ 0.000, Output=-0.499(-1.000/1.000), Volt=12.4(10.0)
GlobalTracer.printPidInfo_Info: [6.612] elevatorPidController: Target=   6.0, Input=   8.4, Error=  -2.4, PIDTerms=-0.485/-0.015/ 0.000/ 0.000, Output=-0.499(-1.000/1.000), Volt=12.4(10.0)
GlobalTracer.printPidInfo_Info: [6.675] elevatorPidController: Target=   6.0, Input=   8.4, Error=  -2.4, PIDTerms=-0.485/-0.015/ 0.000/ 0.000, Output=-0.499(-1.000/1.000), Volt=12.4(10.0)
GlobalTracer.printPidInfo_Info: [6.730] elevatorPidController: Target=   6.0, Input=   8.4, Error=  -2.4, PIDTerms=-0.485/-0.015/ 0.000/ 0.000, Output=-0.499(-1.000/1.000), Volt=12.4(10.0)
GlobalTracer.printPidInfo_Info: [6.788] elevatorPidController: Target=   6.0, Input=   8.4, Error=  -2.4, PIDTerms=-0.485/-0.015/ 0.000/ 0.000, Output=-0.500(-1.000/1.000), Volt=12.4(10.0)
GlobalTracer.printPidInfo_Info: [6.852] elevatorPidController: Target=   6.0, Input=   8.4, Error=  -2.4, PIDTerms=-0.485/-0.015/ 0.000/ 0.000, Output=-0.500(-1.000/1.000), Volt=12.4(10.0)
GlobalTracer.printPidInfo_Info: [6.918] elevatorPidController: Target=   6.0, Input=   8.4, Error=  -2.4, PIDTerms=-0.485/-0.015/ 0.000/ 0.000, Output=-0.500(-1.000/1.000), Volt=12.4(10.0)
GlobalTracer.printPidInfo_Info: [6.983] elevatorPidController: Target=   6.0, Input=   8.4, Error=  -2.4, PIDTerms=-0.485/-0.016/ 0.000/ 0.000, Output=-0.500(-1.000/1.000), Volt=12.4(10.0)
GlobalTracer.printPidInfo_Info: [7.031] elevatorPidController: Target=   6.0, Input=   8.4, Error=  -2.4, PIDTerms=-0.485/-0.016/ 0.000/ 0.000, Output=-0.500(-1.000/1.000), Volt=12.5(10.0)
GlobalTracer.printPidInfo_Info: [7.093] elevatorPidController: Target=   6.0, Input=   8.4, Error=  -2.4, PIDTerms=-0.485/-0.016/ 0.000/ 0.000, Output=-0.500(-1.000/1.000), Volt=12.4(10.0)
GlobalTracer.printPidInfo_Info: [7.147] elevatorPidController: Target=   6.0, Input=   8.4, Error=  -2.4, PIDTerms=-0.485/-0.016/ 0.000/ 0.000, Output=-0.500(-1.000/1.000), Volt=12.4(10.0)
GlobalTracer.printPidInfo_Info: [7.207] elevatorPidController: Target=   6.0, Input=   8.4, Error=  -2.4, PIDTerms=-0.485/-0.016/ 0.000/ 0.000, Output=-0.501(-1.000/1.000), Volt=12.5(10.0)
GlobalTracer.printPidInfo_Info: [7.267] elevatorPidController: Target=   6.0, Input=   8.4, Error=  -2.4, PIDTerms=-0.485/-0.016/ 0.000/ 0.000, Output=-0.501(-1.000/1.000), Volt=12.4(10.0)
GlobalTracer.printPidInfo_Info: [7.338] elevatorPidController: Target=   6.0, Input=   8.4, Error=  -2.4, PIDTerms=-0.483/-0.016/ 0.000/ 0.000, Output=-0.499(-1.000/1.000), Volt=12.4(10.0)
GlobalTracer.printPidInfo_Info: [7.392] elevatorPidController: Target=   6.0, Input=   8.4, Error=  -2.4, PIDTerms=-0.483/-0.016/ 0.000/ 0.000, Output=-0.500(-1.000/1.000), Volt=12.4(10.0)
GlobalTracer.printPidInfo_Info: [7.443] elevatorPidController: Target=   6.0, Input=   8.4, Error=  -2.4, PIDTerms=-0.483/-0.017/ 0.000/ 0.000, Output=-0.500(-1.000/1.000), Volt=12.4(10.0)
GlobalTracer.printPidInfo_Info: [7.481] elevatorPidController: Target=   6.0, Input=   8.4, Error=  -2.4, PIDTerms=-0.483/-0.017/ 0.000/ 0.000, Output=-0.500(-1.000/1.000), Volt=12.4(10.0)
GlobalTracer.printPidInfo_Info: [7.531] elevatorPidController: Target=   6.0, Input=   8.4, Error=  -2.4, PIDTerms=-0.483/-0.017/ 0.000/ 0.000, Output=-0.500(-1.000/1.000), Volt=12.4(10.0)
GlobalTracer.printPidInfo_Info: [7.605] elevatorPidController: Target=   6.0, Input=   8.4, Error=  -2.4, PIDTerms=-0.483/-0.017/ 0.000/ 0.000, Output=-0.500(-1.000/1.000), Volt=12.4(10.0)
GlobalTracer.printPidInfo_Info: [7.652] elevatorPidController: Target=   6.0, Input=   8.4, Error=  -2.4, PIDTerms=-0.483/-0.017/ 0.000/ 0.000, Output=-0.500(-1.000/1.000), Volt=12.4(10.0)
GlobalTracer.printPidInfo_Info: [7.710] elevatorPidController: Target=   6.0, Input=   8.4, Error=  -2.4, PIDTerms=-0.483/-0.017/ 0.000/ 0.000, Output=-0.500(-1.000/1.000), Volt=12.4(10.0)
GlobalTracer.printPidInfo_Info: [7.767] elevatorPidController: Target=   6.0, Input=   8.4, Error=  -2.4, PIDTerms=-0.483/-0.017/ 0.000/ 0.000, Output=-0.500(-1.000/1.000), Volt=12.4(10.0)
GlobalTracer.printPidInfo_Info: [7.830] elevatorPidController: Target=   6.0, Input=   8.4, Error=  -2.4, PIDTerms=-0.483/-0.018/ 0.000/ 0.000, Output=-0.501(-1.000/1.000), Volt=12.4(10.0)
GlobalTracer.printPidInfo_Info: [7.872] elevatorPidController: Target=   6.0, Input=   8.4, Error=  -2.4, PIDTerms=-0.483/-0.018/ 0.000/ 0.000, Output=-0.501(-1.000/1.000), Volt=12.4(10.0)
GlobalTracer.printPidInfo_Info: [7.920] elevatorPidController: Target=   6.0, Input=   8.4, Error=  -2.4, PIDTerms=-0.483/-0.018/ 0.000/ 0.000, Output=-0.501(-1.000/1.000), Volt=12.4(10.0)
GlobalTracer.printPidInfo_Info: [7.972] elevatorPidController: Target=   6.0, Input=   8.4, Error=  -2.4, PIDTerms=-0.483/-0.018/ 0.000/ 0.000, Output=-0.501(-1.000/1.000), Volt=12.4(10.0)
GlobalTracer.printPidInfo_Info: [8.014] elevatorPidController: Target=   6.0, Input=   8.4, Error=  -2.4, PIDTerms=-0.483/-0.018/ 0.000/ 0.000, Output=-0.501(-1.000/1.000), Volt=12.4(10.0)
GlobalTracer.printPidInfo_Info: [8.088] elevatorPidController: Target=   6.0, Input=   8.4, Error=  -2.4, PIDTerms=-0.483/-0.018/ 0.000/ 0.000, Output=-0.501(-1.000/1.000), Volt=12.4(10.0)
GlobalTracer.printPidInfo_Info: [8.145] elevatorPidController: Target=   6.0, Input=   8.4, Error=  -2.4, PIDTerms=-0.483/-0.018/ 0.000/ 0.000, Output=-0.501(-1.000/1.000), Volt=12.4(10.0)
GlobalTracer.printPidInfo_Info: [8.207] elevatorPidController: Target=   6.0, Input=   8.4, Error=  -2.4, PIDTerms=-0.483/-0.018/ 0.000/ 0.000, Output=-0.502(-1.000/1.000), Volt=12.4(10.0)
GlobalTracer.printPidInfo_Info: [8.264] elevatorPidController: Target=   6.0, Input=   8.4, Error=  -2.4, PIDTerms=-0.483/-0.019/ 0.000/ 0.000, Output=-0.502(-1.000/1.000), Volt=12.5(10.0)
GlobalTracer.printPidInfo_Info: [8.338] elevatorPidController: Target=   6.0, Input=   8.4, Error=  -2.4, PIDTerms=-0.483/-0.019/ 0.000/ 0.000, Output=-0.502(-1.000/1.000), Volt=12.4(10.0)
GlobalTracer.printPidInfo_Info: [8.390] elevatorPidController: Target=   6.0, Input=   8.4, Error=  -2.4, PIDTerms=-0.483/-0.019/ 0.000/ 0.000, Output=-0.502(-1.000/1.000), Volt=12.4(10.0)
GlobalTracer.printPidInfo_Info: [8.466] elevatorPidController: Target=   6.0, Input=   8.4, Error=  -2.4, PIDTerms=-0.483/-0.019/ 0.000/ 0.000, Output=-0.502(-1.000/1.000), Volt=12.4(10.0)
GlobalTracer.printPidInfo_Info: [8.526] elevatorPidController: Target=   6.0, Input=   8.4, Error=  -2.4, PIDTerms=-0.483/-0.019/ 0.000/ 0.000, Output=-0.502(-1.000/1.000), Volt=12.4(10.0)
GlobalTracer.printPidInfo_Info: [8.608] elevatorPidController: Target=   6.0, Input=   8.4, Error=  -2.4, PIDTerms=-0.483/-0.019/ 0.000/ 0.000, Output=-0.503(-1.000/1.000), Volt=12.4(10.0)
GlobalTracer.printPidInfo_Info: [8.670] elevatorPidController: Target=   6.0, Input=   8.4, Error=  -2.4, PIDTerms=-0.483/-0.020/ 0.000/ 0.000, Output=-0.503(-1.000/1.000), Volt=12.4(10.0)
GlobalTracer.printPidInfo_Info: [8.724] elevatorPidController: Target=   6.0, Input=   8.4, Error=  -2.4, PIDTerms=-0.483/-0.020/ 0.000/ 0.000, Output=-0.503(-1.000/1.000), Volt=12.4(10.0)
GlobalTracer.printPidInfo_Info: [8.783] elevatorPidController: Target=   6.0, Input=   8.4, Error=  -2.4, PIDTerms=-0.483/-0.020/ 0.000/ 0.000, Output=-0.503(-1.000/1.000), Volt=12.4(10.0)
GlobalTracer.printPidInfo_Info: [8.850] elevatorPidController: Target=   6.0, Input=   8.4, Error=  -2.4, PIDTerms=-0.483/-0.020/ 0.000/ 0.000, Output=-0.503(-1.000/1.000), Volt=12.4(10.0)
GlobalTracer.printPidInfo_Info: [8.908] elevatorPidController: Target=   6.0, Input=   8.4, Error=  -2.4, PIDTerms=-0.483/-0.020/ 0.000/ 0.000, Output=-0.503(-1.000/1.000), Volt=12.5(10.0)
GlobalTracer.printPidInfo_Info: [8.971] elevatorPidController: Target=   6.0, Input=   8.4, Error=  -2.4, PIDTerms=-0.483/-0.020/ 0.000/ 0.000, Output=-0.503(-1.000/1.000), Volt=12.5(10.0)
GlobalTracer.printPidInfo_Info: [9.032] elevatorPidController: Target=   6.0, Input=   8.4, Error=  -2.4, PIDTerms=-0.483/-0.020/ 0.000/ 0.000, Output=-0.504(-1.000/1.000), Volt=12.4(10.0)
GlobalTracer.printPidInfo_Info: [9.112] elevatorPidController: Target=   6.0, Input=   8.4, Error=  -2.4, PIDTerms=-0.483/-0.021/ 0.000/ 0.000, Output=-0.504(-1.000/1.000), Volt=12.4(10.0)
GlobalTracer.printPidInfo_Info: [9.174] elevatorPidController: Target=   6.0, Input=   8.4, Error=  -2.4, PIDTerms=-0.483/-0.021/ 0.000/ 0.000, Output=-0.504(-1.000/1.000), Volt=12.4(10.0)
GlobalTracer.printPidInfo_Info: [9.250] elevatorPidController: Target=   6.0, Input=   8.4, Error=  -2.4, PIDTerms=-0.483/-0.021/ 0.000/ 0.000, Output=-0.504(-1.000/1.000), Volt=12.5(10.0)
GlobalTracer.printPidInfo_Info: [9.310] elevatorPidController: Target=   6.0, Input=   8.4, Error=  -2.4, PIDTerms=-0.483/-0.021/ 0.000/ 0.000, Output=-0.504(-1.000/1.000), Volt=12.4(10.0)
GlobalTracer.printPidInfo_Info: [9.370] elevatorPidController: Target=   6.0, Input=   8.4, Error=  -2.4, PIDTerms=-0.483/-0.021/ 0.000/ 0.000, Output=-0.504(-1.000/1.000), Volt=12.4(10.0)
GlobalTracer.printPidInfo_Info: [9.432] elevatorPidController: Target=   6.0, Input=   8.4, Error=  -2.4, PIDTerms=-0.483/-0.021/ 0.000/ 0.000, Output=-0.505(-1.000/1.000), Volt=12.4(10.0)
GlobalTracer.printPidInfo_Info: [9.484] elevatorPidController: Target=   6.0, Input=   8.4, Error=  -2.4, PIDTerms=-0.483/-0.022/ 0.000/ 0.000, Output=-0.505(-1.000/1.000), Volt=12.4(10.0)
GlobalTracer.printPidInfo_Info: [9.532] elevatorPidController: Target=   6.0, Input=   8.4, Error=  -2.4, PIDTerms=-0.483/-0.022/ 0.000/ 0.000, Output=-0.505(-1.000/1.000), Volt=12.4(10.0)
GlobalTracer.printPidInfo_Info: [9.592] elevatorPidController: Target=   6.0, Input=   8.4, Error=  -2.4, PIDTerms=-0.483/-0.022/ 0.000/ 0.000, Output=-0.505(-1.000/1.000), Volt=12.4(10.0)
GlobalTracer.printPidInfo_Info: [9.651] elevatorPidController: Target=   6.0, Input=   8.4, Error=  -2.4, PIDTerms=-0.483/-0.022/ 0.000/ 0.000, Output=-0.505(-1.000/1.000), Volt=12.4(10.0)
GlobalTracer.printPidInfo_Info: [9.712] elevatorPidController: Target=   6.0, Input=   8.4, Error=  -2.4, PIDTerms=-0.483/-0.022/ 0.000/ 0.000, Output=-0.505(-1.000/1.000), Volt=12.4(10.0)
GlobalTracer.printPidInfo_Info: [9.768] elevatorPidController: Target=   6.0, Input=   8.4, Error=  -2.4, PIDTerms=-0.483/-0.022/ 0.000/ 0.000, Output=-0.505(-1.000/1.000), Volt=12.4(10.0)
GlobalTracer.printPidInfo_Info: [9.818] elevatorPidController: Target=   6.0, Input=   8.4, Error=  -2.4, PIDTerms=-0.483/-0.022/ 0.000/ 0.000, Output=-0.505(-1.000/1.000), Volt=12.4(10.0)
GlobalTracer.printPidInfo_Info: [9.879] elevatorPidController: Target=   6.0, Input=   8.4, Error=  -2.4, PIDTerms=-0.483/-0.023/ 0.000/ 0.000, Output=-0.506(-1.000/1.000), Volt=12.4(10.0)
GlobalTracer.printPidInfo_Info: [9.941] elevatorPidController: Target=   6.0, Input=   8.4, Error=  -2.4, PIDTerms=-0.483/-0.023/ 0.000/ 0.000, Output=-0.506(-1.000/1.000), Volt=12.5(10.0)
GlobalTracer.printPidInfo_Info: [10.004] elevatorPidController: Target=   6.0, Input=   8.4, Error=  -2.4, PIDTerms=-0.483/-0.023/ 0.000/ 0.000, Output=-0.506(-1.000/1.000), Volt=12.4(10.0)
GlobalTracer.printPidInfo_Info: [10.057] elevatorPidController: Target=   6.0, Input=   8.4, Error=  -2.4, PIDTerms=-0.483/-0.023/ 0.000/ 0.000, Output=-0.506(-1.000/1.000), Volt=12.4(10.0)
GlobalTracer.printPidInfo_Info: [10.126] elevatorPidController: Target=   6.0, Input=   8.4, Error=  -2.4, PIDTerms=-0.483/-0.023/ 0.000/ 0.000, Output=-0.506(-1.000/1.000), Volt=12.5(10.0)
GlobalTracer.printPidInfo_Info: [10.172] elevatorPidController: Target=   6.0, Input=   8.4, Error=  -2.4, PIDTerms=-0.483/-0.023/ 0.000/ 0.000, Output=-0.506(-1.000/1.000), Volt=12.4(10.0)
GlobalTracer.printPidInfo_Info: [10.246] elevatorPidController: Target=   6.0, Input=   8.4, Error=  -2.4, PIDTerms=-0.483/-0.023/ 0.000/ 0.000, Output=-0.506(-1.000/1.000), Volt=12.5(10.0)
GlobalTracer.printPidInfo_Info: [10.284] elevatorPidController: Target=   6.0, Input=   8.4, Error=  -2.4, PIDTerms=-0.483/-0.024/ 0.000/ 0.000, Output=-0.507(-1.000/1.000), Volt=12.5(10.0)
GlobalTracer.printPidInfo_Info: [10.351] elevatorPidController: Target=   6.0, Input=   8.4, Error=  -2.4, PIDTerms=-0.483/-0.024/ 0.000/ 0.000, Output=-0.507(-1.000/1.000), Volt=12.4(10.0)
GlobalTracer.printPidInfo_Info: [10.396] elevatorPidController: Target=   6.0, Input=   8.4, Error=  -2.4, PIDTerms=-0.483/-0.024/ 0.000/ 0.000, Output=-0.507(-1.000/1.000), Volt=12.4(10.0)
GlobalTracer.printPidInfo_Info: [10.451] elevatorPidController: Target=   6.0, Input=   8.4, Error=  -2.4, PIDTerms=-0.483/-0.024/ 0.000/ 0.000, Output=-0.507(-1.000/1.000), Volt=12.4(10.0)
GlobalTracer.printPidInfo_Info: [10.495] elevatorPidController: Target=   6.0, Input=   8.4, Error=  -2.4, PIDTerms=-0.483/-0.024/ 0.000/ 0.000, Output=-0.507(-1.000/1.000), Volt=12.4(10.0)
GlobalTracer.printPidInfo_Info: [10.566] elevatorPidController: Target=   6.0, Input=   8.4, Error=  -2.4, PIDTerms=-0.483/-0.024/ 0.000/ 0.000, Output=-0.507(-1.000/1.000), Volt=12.4(10.0)
GlobalTracer.printPidInfo_Info: [10.624] elevatorPidController: Target=   6.0, Input=   8.4, Error=  -2.4, PIDTerms=-0.483/-0.024/ 0.000/ 0.000, Output=-0.507(-1.000/1.000), Volt=12.4(10.0)
GlobalTracer.printPidInfo_Info: [10.691] elevatorPidController: Target=   6.0, Input=   8.4, Error=  -2.4, PIDTerms=-0.483/-0.024/ 0.000/ 0.000, Output=-0.508(-1.000/1.000), Volt=12.4(10.0)
GlobalTracer.printPidInfo_Info: [10.731] elevatorPidController: Target=   6.0, Input=   8.4, Error=  -2.4, PIDTerms=-0.483/-0.025/ 0.000/ 0.000, Output=-0.508(-1.000/1.000), Volt=12.4(10.0)
GlobalTracer.printPidInfo_Info: [10.791] elevatorPidController: Target=   6.0, Input=   8.4, Error=  -2.4, PIDTerms=-0.483/-0.025/ 0.000/ 0.000, Output=-0.508(-1.000/1.000), Volt=12.4(10.0)
GlobalTracer.printPidInfo_Info: [10.853] elevatorPidController: Target=   6.0, Input=   8.4, Error=  -2.4, PIDTerms=-0.483/-0.025/ 0.000/ 0.000, Output=-0.508(-1.000/1.000), Volt=12.5(10.0)
GlobalTracer.printPidInfo_Info: [10.906] elevatorPidController: Target=   6.0, Input=   8.4, Error=  -2.4, PIDTerms=-0.483/-0.025/ 0.000/ 0.000, Output=-0.508(-1.000/1.000), Volt=12.4(10.0)
GlobalTracer.printPidInfo_Info: [10.957] elevatorPidController: Target=   6.0, Input=   8.4, Error=  -2.4, PIDTerms=-0.483/-0.025/ 0.000/ 0.000, Output=-0.508(-1.000/1.000), Volt=12.5(10.0)
GlobalTracer.printPidInfo_Info: [11.007] elevatorPidController: Target=   6.0, Input=   8.4, Error=  -2.4, PIDTerms=-0.483/-0.025/ 0.000/ 0.000, Output=-0.508(-1.000/1.000), Volt=12.4(10.0)
GlobalTracer.printPidInfo_Info: [11.072] elevatorPidController: Target=   6.0, Input=   8.4, Error=  -2.4, PIDTerms=-0.483/-0.025/ 0.000/ 0.000, Output=-0.508(-1.000/1.000), Volt=12.4(10.0)
GlobalTracer.printPidInfo_Info: [11.138] elevatorPidController: Target=   6.0, Input=   8.4, Error=  -2.4, PIDTerms=-0.483/-0.026/ 0.000/ 0.000, Output=-0.509(-1.000/1.000), Volt=12.4(10.0)
GlobalTracer.printPidInfo_Info: [11.207] elevatorPidController: Target=   6.0, Input=   8.4, Error=  -2.4, PIDTerms=-0.483/-0.026/ 0.000/ 0.000, Output=-0.509(-1.000/1.000), Volt=12.4(10.0)
GlobalTracer.printPidInfo_Info: [11.252] elevatorPidController: Target=   6.0, Input=   8.4, Error=  -2.4, PIDTerms=-0.483/-0.026/ 0.000/ 0.000, Output=-0.509(-1.000/1.000), Volt=12.4(10.0)
GlobalTracer.printPidInfo_Info: [11.326] elevatorPidController: Target=   6.0, Input=   8.4, Error=  -2.4, PIDTerms=-0.483/-0.026/ 0.000/ 0.000, Output=-0.509(-1.000/1.000), Volt=12.4(10.0)
GlobalTracer.printPidInfo_Info: [11.377] elevatorPidController: Target=   6.0, Input=   8.4, Error=  -2.4, PIDTerms=-0.483/-0.026/ 0.000/ 0.000, Output=-0.509(-1.000/1.000), Volt=12.4(10.0)
GlobalTracer.printPidInfo_Info: [11.441] elevatorPidController: Target=   6.0, Input=   8.4, Error=  -2.4, PIDTerms=-0.483/-0.026/ 0.000/ 0.000, Output=-0.509(-1.000/1.000), Volt=12.4(10.0)
GlobalTracer.printPidInfo_Info: [11.482] elevatorPidController: Target=   6.0, Input=   8.4, Error=  -2.4, PIDTerms=-0.483/-0.026/ 0.000/ 0.000, Output=-0.509(-1.000/1.000), Volt=12.4(10.0)
GlobalTracer.printPidInfo_Info: [11.533] elevatorPidController: Target=   6.0, Input=   8.4, Error=  -2.4, PIDTerms=-0.483/-0.027/ 0.000/ 0.000, Output=-0.510(-1.000/1.000), Volt=12.4(10.0)
GlobalTracer.printPidInfo_Info: [11.581] elevatorPidController: Target=   6.0, Input=   8.4, Error=  -2.4, PIDTerms=-0.483/-0.027/ 0.000/ 0.000, Output=-0.510(-1.000/1.000), Volt=12.4(10.0)
GlobalTracer.printPidInfo_Info: [11.632] elevatorPidController: Target=   6.0, Input=   8.4, Error=  -2.4, PIDTerms=-0.483/-0.027/ 0.000/ 0.000, Output=-0.510(-1.000/1.000), Volt=12.4(10.0)
GlobalTracer.printPidInfo_Info: [11.706] elevatorPidController: Target=   6.0, Input=   8.4, Error=  -2.4, PIDTerms=-0.483/-0.027/ 0.000/ 0.000, Output=-0.510(-1.000/1.000), Volt=12.4(10.0)
GlobalTracer.printPidInfo_Info: [11.762] elevatorPidController: Target=   6.0, Input=   8.4, Error=  -2.4, PIDTerms=-0.483/-0.027/ 0.000/ 0.000, Output=-0.510(-1.000/1.000), Volt=12.4(10.0)
GlobalTracer.printPidInfo_Info: [11.830] elevatorPidController: Target=   6.0, Input=   8.4, Error=  -2.4, PIDTerms=-0.483/-0.027/ 0.000/ 0.000, Output=-0.510(-1.000/1.000), Volt=12.4(10.0)
GlobalTracer.printPidInfo_Info: [11.887] elevatorPidController: Target=   6.0, Input=   8.4, Error=  -2.4, PIDTerms=-0.483/-0.027/ 0.000/ 0.000, Output=-0.510(-1.000/1.000), Volt=12.5(10.0)
GlobalTracer.printPidInfo_Info: [11.951] elevatorPidController: Target=   6.0, Input=   8.4, Error=  -2.4, PIDTerms=-0.483/-0.028/ 0.000/ 0.000, Output=-0.511(-1.000/1.000), Volt=12.4(10.0)
GlobalTracer.printPidInfo_Info: [12.007] elevatorPidController: Target=   6.0, Input=   8.4, Error=  -2.4, PIDTerms=-0.483/-0.028/ 0.000/ 0.000, Output=-0.511(-1.000/1.000), Volt=12.5(10.0)
GlobalTracer.printPidInfo_Info: [12.064] elevatorPidController: Target=   6.0, Input=   8.4, Error=  -2.4, PIDTerms=-0.483/-0.028/ 0.000/ 0.000, Output=-0.511(-1.000/1.000), Volt=12.5(10.0)
GlobalTracer.printPidInfo_Info: [12.115] elevatorPidController: Target=   6.0, Input=   8.4, Error=  -2.4, PIDTerms=-0.483/-0.028/ 0.000/ 0.000, Output=-0.511(-1.000/1.000), Volt=12.4(10.0)
GlobalTracer.printPidInfo_Info: [12.191] elevatorPidController: Target=   6.0, Input=   8.4, Error=  -2.4, PIDTerms=-0.483/-0.028/ 0.000/ 0.000, Output=-0.511(-1.000/1.000), Volt=12.5(10.0)
GlobalTracer.printPidInfo_Info: [12.255] elevatorPidController: Target=   6.0, Input=   8.4, Error=  -2.4, PIDTerms=-0.483/-0.028/ 0.000/ 0.000, Output=-0.511(-1.000/1.000), Volt=12.4(10.0)
GlobalTracer.printPidInfo_Info: [12.314] elevatorPidController: Target=   6.0, Input=   8.4, Error=  -2.4, PIDTerms=-0.483/-0.028/ 0.000/ 0.000, Output=-0.512(-1.000/1.000), Volt=12.4(10.0)
GlobalTracer.printPidInfo_Info: [12.381] elevatorPidController: Target=   6.0, Input=   8.4, Error=  -2.4, PIDTerms=-0.483/-0.029/ 0.000/ 0.000, Output=-0.512(-1.000/1.000), Volt=12.4(10.0)
GlobalTracer.printPidInfo_Info: [12.447] elevatorPidController: Target=   6.0, Input=   8.4, Error=  -2.4, PIDTerms=-0.483/-0.029/ 0.000/ 0.000, Output=-0.512(-1.000/1.000), Volt=12.4(10.0)
GlobalTracer.printPidInfo_Info: [12.494] elevatorPidController: Target=   6.0, Input=   8.4, Error=  -2.4, PIDTerms=-0.483/-0.029/ 0.000/ 0.000, Output=-0.512(-1.000/1.000), Volt=12.4(10.0)
GlobalTracer.printPidInfo_Info: [12.561] elevatorPidController: Target=   6.0, Input=   8.4, Error=  -2.4, PIDTerms=-0.483/-0.029/ 0.000/ 0.000, Output=-0.512(-1.000/1.000), Volt=12.4(10.0)
GlobalTracer.printPidInfo_Info: [12.611] elevatorPidController: Target=   6.0, Input=   8.4, Error=  -2.4, PIDTerms=-0.483/-0.029/ 0.000/ 0.000, Output=-0.512(-1.000/1.000), Volt=12.4(10.0)
GlobalTracer.printPidInfo_Info: [12.688] elevatorPidController: Target=   6.0, Input=   8.4, Error=  -2.4, PIDTerms=-0.483/-0.029/ 0.000/ 0.000, Output=-0.512(-1.000/1.000), Volt=12.4(10.0)
GlobalTracer.printPidInfo_Info: [12.741] elevatorPidController: Target=   6.0, Input=   8.4, Error=  -2.4, PIDTerms=-0.483/-0.029/ 0.000/ 0.000, Output=-0.513(-1.000/1.000), Volt=12.4(10.0)
GlobalTracer.printPidInfo_Info: [12.802] elevatorPidController: Target=   6.0, Input=   8.4, Error=  -2.4, PIDTerms=-0.483/-0.030/ 0.000/ 0.000, Output=-0.513(-1.000/1.000), Volt=12.5(10.0)
GlobalTracer.printPidInfo_Info: [12.853] elevatorPidController: Target=   6.0, Input=   8.4, Error=  -2.4, PIDTerms=-0.483/-0.030/ 0.000/ 0.000, Output=-0.513(-1.000/1.000), Volt=12.4(10.0)
GlobalTracer.printPidInfo_Info: [12.929] elevatorPidController: Target=   6.0, Input=   8.4, Error=  -2.4, PIDTerms=-0.483/-0.030/ 0.000/ 0.000, Output=-0.513(-1.000/1.000), Volt=12.5(10.0)
GlobalTracer.printPidInfo_Info: [12.990] elevatorPidController: Target=   6.0, Input=   8.4, Error=  -2.4, PIDTerms=-0.483/-0.030/ 0.000/ 0.000, Output=-0.513(-1.000/1.000), Volt=12.5(10.0)
GlobalTracer.printPidInfo_Info: [13.047] elevatorPidController: Target=   6.0, Input=   8.4, Error=  -2.4, PIDTerms=-0.483/-0.030/ 0.000/ 0.000, Output=-0.513(-1.000/1.000), Volt=12.5(10.0)
GlobalTracer.printPidInfo_Info: [13.103] elevatorPidController: Target=   6.0, Input=   8.4, Error=  -2.4, PIDTerms=-0.483/-0.030/ 0.000/ 0.000, Output=-0.513(-1.000/1.000), Volt=12.5(10.0)
GlobalTracer.printPidInfo_Info: [13.171] elevatorPidController: Target=   6.0, Input=   8.4, Error=  -2.4, PIDTerms=-0.483/-0.030/ 0.000/ 0.000, Output=-0.514(-1.000/1.000), Volt=12.5(10.0)
GlobalTracer.printPidInfo_Info: [13.228] elevatorPidController: Target=   6.0, Input=   8.4, Error=  -2.4, PIDTerms=-0.483/-0.031/ 0.000/ 0.000, Output=-0.514(-1.000/1.000), Volt=12.4(10.0)
GlobalTracer.printPidInfo_Info: [13.296] elevatorPidController: Target=   6.0, Input=   8.4, Error=  -2.4, PIDTerms=-0.483/-0.031/ 0.000/ 0.000, Output=-0.514(-1.000/1.000), Volt=12.4(10.0)
GlobalTracer.printPidInfo_Info: [13.349] elevatorPidController: Target=   6.0, Input=   8.4, Error=  -2.4, PIDTerms=-0.483/-0.031/ 0.000/ 0.000, Output=-0.514(-1.000/1.000), Volt=12.4(10.0)
GlobalTracer.printPidInfo_Info: [13.409] elevatorPidController: Target=   6.0, Input=   8.4, Error=  -2.4, PIDTerms=-0.483/-0.031/ 0.000/ 0.000, Output=-0.514(-1.000/1.000), Volt=12.4(10.0)
GlobalTracer.printPidInfo_Info: [13.468] elevatorPidController: Target=   6.0, Input=   8.4, Error=  -2.4, PIDTerms=-0.483/-0.031/ 0.000/ 0.000, Output=-0.514(-1.000/1.000), Volt=12.4(10.0)
GlobalTracer.printPidInfo_Info: [13.532] elevatorPidController: Target=   6.0, Input=   8.4, Error=  -2.4, PIDTerms=-0.483/-0.031/ 0.000/ 0.000, Output=-0.514(-1.000/1.000), Volt=12.4(10.0)
GlobalTracer.printPidInfo_Info: [13.592] elevatorPidController: Target=   6.0, Input=   8.4, Error=  -2.4, PIDTerms=-0.483/-0.031/ 0.000/ 0.000, Output=-0.515(-1.000/1.000), Volt=12.4(10.0)
GlobalTracer.printPidInfo_Info: [13.651] elevatorPidController: Target=   6.0, Input=   8.4, Error=  -2.4, PIDTerms=-0.483/-0.032/ 0.000/ 0.000, Output=-0.515(-1.000/1.000), Volt=12.4(10.0)
GlobalTracer.printPidInfo_Info: [13.708] elevatorPidController: Target=   6.0, Input=   8.4, Error=  -2.4, PIDTerms=-0.483/-0.032/ 0.000/ 0.000, Output=-0.515(-1.000/1.000), Volt=12.4(10.0)
GlobalTracer.printPidInfo_Info: [13.765] elevatorPidController: Target=   6.0, Input=   8.4, Error=  -2.4, PIDTerms=-0.483/-0.032/ 0.000/ 0.000, Output=-0.515(-1.000/1.000), Volt=12.4(10.0)
GlobalTracer.printPidInfo_Info: [13.826] elevatorPidController: Target=   6.0, Input=   8.4, Error=  -2.4, PIDTerms=-0.483/-0.032/ 0.000/ 0.000, Output=-0.515(-1.000/1.000), Volt=12.4(10.0)
GlobalTracer.printPidInfo_Info: [13.895] elevatorPidController: Target=   6.0, Input=   8.4, Error=  -2.4, PIDTerms=-0.483/-0.032/ 0.000/ 0.000, Output=-0.515(-1.000/1.000), Volt=12.4(10.0)
GlobalTracer.printPidInfo_Info: [13.949] elevatorPidController: Target=   6.0, Input=   8.4, Error=  -2.4, PIDTerms=-0.483/-0.032/ 0.000/ 0.000, Output=-0.515(-1.000/1.000), Volt=12.5(10.0)
GlobalTracer.printPidInfo_Info: [14.009] elevatorPidController: Target=   6.0, Input=   8.4, Error=  -2.4, PIDTerms=-0.483/-0.032/ 0.000/ 0.000, Output=-0.516(-1.000/1.000), Volt=12.5(10.0)
GlobalTracer.printPidInfo_Info: [14.067] elevatorPidController: Target=   6.0, Input=   8.4, Error=  -2.4, PIDTerms=-0.483/-0.033/ 0.000/ 0.000, Output=-0.516(-1.000/1.000), Volt=12.4(10.0)
GlobalTracer.printPidInfo_Info: [14.130] elevatorPidController: Target=   6.0, Input=   8.4, Error=  -2.4, PIDTerms=-0.483/-0.033/ 0.000/ 0.000, Output=-0.516(-1.000/1.000), Volt=12.4(10.0)
GlobalTracer.printPidInfo_Info: [14.170] elevatorPidController: Target=   6.0, Input=   8.4, Error=  -2.4, PIDTerms=-0.483/-0.033/ 0.000/ 0.000, Output=-0.516(-1.000/1.000), Volt=12.5(10.0)
GlobalTracer.printPidInfo_Info: [14.234] elevatorPidController: Target=   6.0, Input=   8.4, Error=  -2.4, PIDTerms=-0.483/-0.033/ 0.000/ 0.000, Output=-0.516(-1.000/1.000), Volt=12.5(10.0)
GlobalTracer.printPidInfo_Info: [14.292] elevatorPidController: Target=   6.0, Input=   8.4, Error=  -2.4, PIDTerms=-0.483/-0.033/ 0.000/ 0.000, Output=-0.516(-1.000/1.000), Volt=12.5(10.0)
GlobalTracer.printPidInfo_Info: [14.364] elevatorPidController: Target=   6.0, Input=   8.4, Error=  -2.4, PIDTerms=-0.483/-0.033/ 0.000/ 0.000, Output=-0.516(-1.000/1.000), Volt=12.4(10.0)
GlobalTracer.printPidInfo_Info: [14.425] elevatorPidController: Target=   6.0, Input=   8.4, Error=  -2.4, PIDTerms=-0.483/-0.033/ 0.000/ 0.000, Output=-0.517(-1.000/1.000), Volt=12.4(10.0)
GlobalTracer.printPidInfo_Info: [14.479] elevatorPidController: Target=   6.0, Input=   8.4, Error=  -2.4, PIDTerms=-0.483/-0.034/ 0.000/ 0.000, Output=-0.517(-1.000/1.000), Volt=12.4(10.0)
GlobalTracer.printPidInfo_Info: [14.542] elevatorPidController: Target=   6.0, Input=   8.4, Error=  -2.4, PIDTerms=-0.483/-0.034/ 0.000/ 0.000, Output=-0.517(-1.000/1.000), Volt=12.4(10.0)
GlobalTracer.printPidInfo_Info: [14.609] elevatorPidController: Target=   6.0, Input=   8.4, Error=  -2.4, PIDTerms=-0.483/-0.034/ 0.000/ 0.000, Output=-0.517(-1.000/1.000), Volt=12.4(10.0)
GlobalTracer.printPidInfo_Info: [14.667] elevatorPidController: Target=   6.0, Input=   8.4, Error=  -2.4, PIDTerms=-0.483/-0.034/ 0.000/ 0.000, Output=-0.517(-1.000/1.000), Volt=12.4(10.0)
GlobalTracer.printPidInfo_Info: [14.733] elevatorPidController: Target=   6.0, Input=   8.4, Error=  -2.4, PIDTerms=-0.483/-0.034/ 0.000/ 0.000, Output=-0.517(-1.000/1.000), Volt=12.4(10.0)
GlobalTracer.printPidInfo_Info: [14.789] elevatorPidController: Target=   6.0, Input=   8.4, Error=  -2.4, PIDTerms=-0.483/-0.034/ 0.000/ 0.000, Output=-0.517(-1.000/1.000), Volt=12.4(10.0)
GlobalTracer.printPidInfo_Info: [14.854] elevatorPidController: Target=   6.0, Input=   8.4, Error=  -2.4, PIDTerms=-0.483/-0.035/ 0.000/ 0.000, Output=-0.518(-1.000/1.000), Volt=12.4(10.0)
GlobalTracer.printPidInfo_Info: [14.913] elevatorPidController: Target=   6.0, Input=   8.4, Error=  -2.4, PIDTerms=-0.483/-0.035/ 0.000/ 0.000, Output=-0.518(-1.000/1.000), Volt=12.4(10.0)
GlobalTracer.printPidInfo_Info: [14.983] elevatorPidController: Target=   6.0, Input=   8.4, Error=  -2.4, PIDTerms=-0.483/-0.035/ 0.000/ 0.000, Output=-0.518(-1.000/1.000), Volt=12.5(10.0)
GlobalTracer.printPidInfo_Info: [15.046] elevatorPidController: Target=   6.0, Input=   8.4, Error=  -2.4, PIDTerms=-0.483/-0.035/ 0.000/ 0.000, Output=-0.518(-1.000/1.000), Volt=12.5(10.0)
GlobalTracer.printPidInfo_Info: [15.108] elevatorPidController: Target=   6.0, Input=   8.4, Error=  -2.4, PIDTerms=-0.483/-0.035/ 0.000/ 0.000, Output=-0.518(-1.000/1.000), Volt=12.4(10.0)
GlobalTracer.printPidInfo_Info: [15.164] elevatorPidController: Target=   6.0, Input=   8.4, Error=  -2.4, PIDTerms=-0.483/-0.035/ 0.000/ 0.000, Output=-0.518(-1.000/1.000), Volt=12.5(10.0)
GlobalTracer.printPidInfo_Info: [15.240] elevatorPidController: Target=   6.0, Input=   8.4, Error=  -2.4, PIDTerms=-0.483/-0.035/ 0.000/ 0.000, Output=-0.519(-1.000/1.000), Volt=12.5(10.0)
GlobalTracer.printPidInfo_Info: [15.298] elevatorPidController: Target=   6.0, Input=   8.4, Error=  -2.4, PIDTerms=-0.483/-0.036/ 0.000/ 0.000, Output=-0.519(-1.000/1.000), Volt=12.5(10.0)
GlobalTracer.Diagnostics_Info: ### Diagnostics: left sonar did not change enough and might be unplugged
GlobalTracer.Diagnostics_Info: ### Diagnostics: right sonar did not change enough and might be unplugged
GlobalTracer.Vision_Info: Pixy is disabled!
GlobalTracer.Robot_Info: TotalEnergy=0.845
