GlobalTracer.FirstPowerUp_Info: Sat Mar 24 09:43:57 PDT 2018: ***** Starting autonomous *****
GlobalTracer.FirstPowerUp_Info: WASNO_Practice_  7 (Blue3) [FMSConnected=true]
GlobalTracer.CmdAutoScale_Info: alliance=Blue, gameSpecificMsg=RLR, delay=0.000, startPosition=102.0, fwdDistance=220
GlobalTracer.Vision_Info: Pixy is enabled!
GlobalTracer.Robot_Info: [0.572]      START: xPos=  0.00,yPos=  0.00,heading=   0.0/   0.0,volts=12.7(12.4)
GlobalTracer.startCompetition_Warn: AUTO_MODE takes too long (0.671s)

GlobalTracer.CmdAutoScale_Info: setRangingEnabled(true)
GlobalTracer.CmdAutoScale_Info: setSonarTriggerEnabled(true)
GlobalTracer.Robot_Info: [0.662] DRIVE_TO_SWITCH: xPos=  0.00,yPos=  0.00,heading=   0.0/   0.0,volts=12.6(12.4)
GlobalTracer.printPidInfo_Info: [0.662] encoderXPidCtrl: Target=   0.0, Input=   0.0, Error=   0.0, PIDTerms= 0.000/ 0.000/ 0.000/ 0.000, Output= 0.000(-0.700/0.700), Volt=12.6(12.4)
GlobalTracer.printPidInfo_Info: [0.662] encoderYPidCtrl: Target= 169.0, Input=   0.0, Error= 169.0, PIDTerms= 0.000/ 0.000/ 0.000/ 0.000, Output= 0.000(-0.600/0.600), Volt=12.6(12.4)
GlobalTracer.printPidInfo_Info: [0.662] gyroTurnPidCtrl: Target=   0.0, Input=   0.0, Error=   0.0, PIDTerms= 0.000/ 0.000/ 0.000/ 0.000, Output= 0.000(-0.700/0.700), Volt=12.6(12.4)
GlobalTracer.startCompetition_Warn: AUTO_MODE takes too long (0.123s)

GlobalTracer.CmdAutoScale_Info: SonarTriggerEvent: prevZone=-1, currZone=1, value:134.1
GlobalTracer.printPidInfo_Info: [0.786] encoderXPidCtrl: Target=   0.0, Input=   0.0, Error=   0.0, PIDTerms= 0.000/ 0.000/ 0.000/ 0.000, Output= 0.000(-0.700/0.700), Volt=10.3(10.7)
GlobalTracer.printPidInfo_Info: [0.786] encoderYPidCtrl: Target= 169.0, Input=   0.0, Error= 169.0, PIDTerms= 5.070/ 0.000/ 0.000/ 0.000, Output= 0.600(-0.600/0.600), Volt=10.3(10.7)
GlobalTracer.printPidInfo_Info: [0.786] gyroTurnPidCtrl: Target=   0.0, Input=   0.0, Error=   0.0, PIDTerms= 0.000/ 0.000/ 0.000/ 0.000, Output= 0.000(-0.700/0.700), Volt=10.3(10.7)
GlobalTracer.startCompetition_Warn: AUTO_MODE takes too long (0.113s)

GlobalTracer.printPidInfo_Info: [0.902] encoderXPidCtrl: Target=   0.0, Input=   0.1, Error=  -0.1, PIDTerms=-0.018/ 0.000/-0.014/ 0.000, Output=-0.032(-0.700/0.700), Volt=10.5(10.5)
GlobalTracer.printPidInfo_Info: [0.902] encoderYPidCtrl: Target= 169.0, Input=   0.6, Error= 168.4, PIDTerms= 5.051/ 0.000/-0.005/ 0.000, Output= 0.600(-0.600/0.600), Volt=10.6(10.5)
GlobalTracer.printPidInfo_Info: [0.902] gyroTurnPidCtrl: Target=   0.0, Input=   0.0, Error=  -0.0, PIDTerms=-0.000/ 0.000/-0.000/ 0.000, Output=-0.000(-0.700/0.700), Volt=10.4(10.5)
GlobalTracer.startCompetition_Warn: AUTO_MODE takes too long (0.151s)

GlobalTracer.printPidInfo_Info: [1.055] encoderXPidCtrl: Target=   0.0, Input=   0.7, Error=  -0.7, PIDTerms=-0.104/ 0.000/-0.059/ 0.000, Output=-0.163(-0.700/0.700), Volt=10.6(10.5)
GlobalTracer.printPidInfo_Info: [1.055] encoderYPidCtrl: Target= 169.0, Input=   3.9, Error= 165.1, PIDTerms= 4.954/ 0.000/-0.022/ 0.000, Output= 0.600(-0.600/0.600), Volt=10.6(10.5)
GlobalTracer.printPidInfo_Info: [1.055] gyroTurnPidCtrl: Target=   0.0, Input=  -0.3, Error=   0.3, PIDTerms= 0.004/ 0.000/ 0.002/ 0.000, Output= 0.006(-0.700/0.700), Volt=10.6(10.5)
GlobalTracer.printPidInfo_Info: [1.134] encoderXPidCtrl: Target=   0.0, Input=   1.3, Error=  -1.3, PIDTerms=-0.193/ 0.000/-0.070/ 0.000, Output=-0.263(-0.700/0.700), Volt=10.3(10.5)
GlobalTracer.printPidInfo_Info: [1.134] encoderYPidCtrl: Target= 169.0, Input=  10.2, Error= 158.8, PIDTerms= 4.764/ 0.000/-0.050/ 0.000, Output= 0.600(-0.600/0.600), Volt=10.3(10.5)
GlobalTracer.printPidInfo_Info: [1.134] gyroTurnPidCtrl: Target=   0.0, Input=  -1.7, Error=   1.7, PIDTerms= 0.021/ 0.000/ 0.011/ 0.000, Output= 0.032(-0.700/0.700), Volt=10.3(10.5)
GlobalTracer.printPidInfo_Info: [1.225] encoderXPidCtrl: Target=   0.0, Input=   1.1, Error=  -1.1, PIDTerms=-0.172/ 0.000/ 0.038/ 0.000, Output=-0.134(-0.700/0.700), Volt=10.9(10.5)
GlobalTracer.printPidInfo_Info: [1.225] encoderYPidCtrl: Target= 169.0, Input=  14.1, Error= 154.9, PIDTerms= 4.647/ 0.000/-0.069/ 0.000, Output= 0.600(-0.600/0.600), Volt=10.9(10.5)
GlobalTracer.printPidInfo_Info: [1.225] gyroTurnPidCtrl: Target=   0.0, Input=  -2.5, Error=   2.5, PIDTerms= 0.030/ 0.000/ 0.013/ 0.000, Output= 0.043(-0.700/0.700), Volt=10.8(10.5)
GlobalTracer.printPidInfo_Info: [1.321] encoderXPidCtrl: Target=   0.0, Input=   0.9, Error=  -0.9, PIDTerms=-0.130/ 0.000/ 0.046/ 0.000, Output=-0.084(-0.700/0.700), Volt=11.1(10.5)
GlobalTracer.printPidInfo_Info: [1.321] encoderYPidCtrl: Target= 169.0, Input=  18.7, Error= 150.3, PIDTerms= 4.510/ 0.000/-0.049/ 0.000, Output= 0.600(-0.600/0.600), Volt=11.1(10.5)
GlobalTracer.printPidInfo_Info: [1.321] gyroTurnPidCtrl: Target=   0.0, Input=  -3.1, Error=   3.1, PIDTerms= 0.037/ 0.000/ 0.006/ 0.000, Output= 0.043(-0.700/0.700), Volt=11.1(10.5)
GlobalTracer.printPidInfo_Info: [1.397] encoderXPidCtrl: Target=   0.0, Input=   0.7, Error=  -0.7, PIDTerms=-0.109/ 0.000/ 0.025/ 0.000, Output=-0.083(-0.700/0.700), Volt=11.2(10.5)
GlobalTracer.printPidInfo_Info: [1.397] encoderYPidCtrl: Target= 169.0, Input=  25.0, Error= 144.0, PIDTerms= 4.319/ 0.000/-0.077/ 0.000, Output= 0.600(-0.600/0.600), Volt=11.2(10.5)
GlobalTracer.printPidInfo_Info: [1.397] gyroTurnPidCtrl: Target=   0.0, Input=  -3.2, Error=   3.2, PIDTerms= 0.039/ 0.000/ 0.002/ 0.000, Output= 0.040(-0.700/0.700), Volt=11.2(10.5)
GlobalTracer.startCompetition_Warn: AUTO_MODE takes too long (0.116s)

GlobalTracer.printPidInfo_Info: [1.513] encoderXPidCtrl: Target=   0.0, Input=   0.6, Error=  -0.6, PIDTerms=-0.094/ 0.000/ 0.013/ 0.000, Output=-0.081(-0.700/0.700), Volt=11.3(10.5)
GlobalTracer.printPidInfo_Info: [1.513] encoderYPidCtrl: Target= 169.0, Input=  30.7, Error= 138.3, PIDTerms= 4.149/ 0.000/-0.050/ 0.000, Output= 0.600(-0.600/0.600), Volt=11.3(10.5)
GlobalTracer.printPidInfo_Info: [1.513] gyroTurnPidCtrl: Target=   0.0, Input=  -3.1, Error=   3.1, PIDTerms= 0.037/ 0.000/-0.001/ 0.000, Output= 0.036(-0.700/0.700), Volt=11.3(10.5)
GlobalTracer.startCompetition_Warn: AUTO_MODE takes too long (0.127s)

GlobalTracer.printPidInfo_Info: [1.642] encoderXPidCtrl: Target=   0.0, Input=   0.8, Error=  -0.8, PIDTerms=-0.119/ 0.000/-0.027/ 0.000, Output=-0.147(-0.700/0.700), Volt=11.3(10.5)
GlobalTracer.printPidInfo_Info: [1.642] encoderYPidCtrl: Target= 169.0, Input=  39.4, Error= 129.6, PIDTerms= 3.888/ 0.000/-0.094/ 0.000, Output= 0.600(-0.600/0.600), Volt=11.3(10.5)
GlobalTracer.printPidInfo_Info: [1.642] gyroTurnPidCtrl: Target=   0.0, Input=  -2.7, Error=   2.7, PIDTerms= 0.033/ 0.000/-0.004/ 0.000, Output= 0.029(-0.700/0.700), Volt=11.3(10.5)
GlobalTracer.startCompetition_Warn: AUTO_MODE takes too long (0.125s)

GlobalTracer.printPidInfo_Info: [1.770] encoderXPidCtrl: Target=   0.0, Input=   0.3, Error=  -0.3, PIDTerms=-0.042/ 0.000/ 0.046/ 0.000, Output= 0.004(-0.700/0.700), Volt=11.6(10.5)
GlobalTracer.printPidInfo_Info: [1.770] encoderYPidCtrl: Target= 169.0, Input=  50.4, Error= 118.6, PIDTerms= 3.557/ 0.000/-0.066/ 0.000, Output= 0.600(-0.600/0.600), Volt=11.6(10.5)
GlobalTracer.printPidInfo_Info: [1.770] gyroTurnPidCtrl: Target=   0.0, Input=  -2.4, Error=   2.4, PIDTerms= 0.029/ 0.000/-0.002/ 0.000, Output= 0.027(-0.700/0.700), Volt=11.6(10.5)
GlobalTracer.startCompetition_Warn: AUTO_MODE takes too long (0.109s)

GlobalTracer.printPidInfo_Info: [1.878] encoderXPidCtrl: Target=   0.0, Input=  -0.0, Error=   0.0, PIDTerms= 0.002/ 0.000/ 0.037/ 0.000, Output= 0.040(-0.700/0.700), Volt=11.6(10.5)
GlobalTracer.printPidInfo_Info: [1.878] encoderYPidCtrl: Target= 169.0, Input=  59.9, Error= 109.1, PIDTerms= 3.274/ 0.000/-0.079/ 0.000, Output= 0.600(-0.600/0.600), Volt=11.6(10.5)
GlobalTracer.printPidInfo_Info: [1.878] gyroTurnPidCtrl: Target=   0.0, Input=  -2.2, Error=   2.2, PIDTerms= 0.026/ 0.000/-0.002/ 0.000, Output= 0.024(-0.700/0.700), Volt=11.6(10.5)
GlobalTracer.printPidInfo_Info: [1.969] encoderXPidCtrl: Target=   0.0, Input=   0.3, Error=  -0.3, PIDTerms=-0.040/ 0.000/-0.042/ 0.000, Output=-0.083(-0.700/0.700), Volt=11.6(10.5)
GlobalTracer.printPidInfo_Info: [1.969] encoderYPidCtrl: Target= 169.0, Input=  70.9, Error=  98.1, PIDTerms= 2.943/ 0.000/-0.109/ 0.000, Output= 0.600(-0.600/0.600), Volt=11.6(10.5)
GlobalTracer.printPidInfo_Info: [1.969] gyroTurnPidCtrl: Target=   0.0, Input=  -1.9, Error=   1.9, PIDTerms= 0.023/ 0.000/-0.003/ 0.000, Output= 0.020(-0.700/0.700), Volt=11.5(10.5)
GlobalTracer.printPidInfo_Info: [2.035] encoderXPidCtrl: Target=   0.0, Input=   0.5, Error=  -0.5, PIDTerms=-0.076/ 0.000/-0.063/ 0.000, Output=-0.139(-0.700/0.700), Volt=11.6(10.5)
GlobalTracer.printPidInfo_Info: [2.035] encoderYPidCtrl: Target= 169.0, Input=  78.4, Error=  90.6, PIDTerms= 2.717/ 0.000/-0.131/ 0.000, Output= 0.600(-0.600/0.600), Volt=11.6(10.5)
GlobalTracer.printPidInfo_Info: [2.035] gyroTurnPidCtrl: Target=   0.0, Input=  -1.6, Error=   1.6, PIDTerms= 0.019/ 0.000/-0.005/ 0.000, Output= 0.014(-0.700/0.700), Volt=11.6(10.5)
GlobalTracer.printPidInfo_Info: [2.097] encoderXPidCtrl: Target=   0.0, Input=   0.4, Error=  -0.4, PIDTerms=-0.061/ 0.000/ 0.019/ 0.000, Output=-0.042(-0.700/0.700), Volt=11.5(10.5)
GlobalTracer.printPidInfo_Info: [2.097] encoderYPidCtrl: Target= 169.0, Input=  86.1, Error=  82.9, PIDTerms= 2.488/ 0.000/-0.097/ 0.000, Output= 0.600(-0.600/0.600), Volt=11.6(10.5)
GlobalTracer.printPidInfo_Info: [2.097] gyroTurnPidCtrl: Target=   0.0, Input=  -1.5, Error=   1.5, PIDTerms= 0.018/ 0.000/-0.002/ 0.000, Output= 0.016(-0.700/0.700), Volt=11.6(10.5)
GlobalTracer.printPidInfo_Info: [2.158] encoderXPidCtrl: Target=   0.0, Input=   0.3, Error=  -0.3, PIDTerms=-0.043/ 0.000/ 0.034/ 0.000, Output=-0.010(-0.700/0.700), Volt=11.7(10.5)
GlobalTracer.printPidInfo_Info: [2.158] encoderYPidCtrl: Target= 169.0, Input=  91.8, Error=  77.2, PIDTerms= 2.315/ 0.000/-0.107/ 0.000, Output= 0.600(-0.600/0.600), Volt=11.7(10.5)
GlobalTracer.printPidInfo_Info: [2.158] gyroTurnPidCtrl: Target=   0.0, Input=  -1.4, Error=   1.4, PIDTerms= 0.017/ 0.000/-0.002/ 0.000, Output= 0.015(-0.700/0.700), Volt=11.7(10.5)
GlobalTracer.printPidInfo_Info: [2.243] encoderXPidCtrl: Target=   0.0, Input=   0.3, Error=  -0.3, PIDTerms=-0.048/ 0.000/-0.006/ 0.000, Output=-0.054(-0.700/0.700), Volt=11.7(10.5)
GlobalTracer.printPidInfo_Info: [2.243] encoderYPidCtrl: Target= 169.0, Input=  97.7, Error=  71.3, PIDTerms= 2.139/ 0.000/-0.081/ 0.000, Output= 0.600(-0.600/0.600), Volt=11.7(10.5)
GlobalTracer.printPidInfo_Info: [2.243] gyroTurnPidCtrl: Target=   0.0, Input=  -1.2, Error=   1.2, PIDTerms= 0.015/ 0.000/-0.002/ 0.000, Output= 0.013(-0.700/0.700), Volt=11.7(10.5)
GlobalTracer.printPidInfo_Info: [2.320] encoderXPidCtrl: Target=   0.0, Input=   0.4, Error=  -0.4, PIDTerms=-0.054/ 0.000/-0.009/ 0.000, Output=-0.062(-0.700/0.700), Volt=11.7(10.5)
GlobalTracer.printPidInfo_Info: [2.320] encoderYPidCtrl: Target= 169.0, Input= 105.7, Error=  63.3, PIDTerms= 1.900/ 0.000/-0.118/ 0.000, Output= 0.600(-0.600/0.600), Volt=11.7(10.5)
GlobalTracer.printPidInfo_Info: [2.320] gyroTurnPidCtrl: Target=   0.0, Input=  -1.2, Error=   1.2, PIDTerms= 0.014/ 0.000/-0.001/ 0.000, Output= 0.013(-0.700/0.700), Volt=11.7(10.5)
GlobalTracer.printPidInfo_Info: [2.399] encoderXPidCtrl: Target=   0.0, Input=   0.3, Error=  -0.3, PIDTerms=-0.051/ 0.000/ 0.002/ 0.000, Output=-0.049(-0.700/0.700), Volt=11.7(10.5)
GlobalTracer.printPidInfo_Info: [2.399] encoderYPidCtrl: Target= 169.0, Input= 113.7, Error=  55.3, PIDTerms= 1.659/ 0.000/-0.082/ 0.000, Output= 0.600(-0.600/0.600), Volt=11.7(10.5)
GlobalTracer.printPidInfo_Info: [2.399] gyroTurnPidCtrl: Target=   0.0, Input=  -1.3, Error=   1.3, PIDTerms= 0.015/ 0.000/ 0.001/ 0.000, Output= 0.016(-0.700/0.700), Volt=11.8(10.5)
GlobalTracer.printPidInfo_Info: [2.455] encoderXPidCtrl: Target=   0.0, Input=   0.4, Error=  -0.4, PIDTerms=-0.053/ 0.000/-0.003/ 0.000, Output=-0.056(-0.700/0.700), Volt=11.8(10.5)
GlobalTracer.printPidInfo_Info: [2.455] encoderYPidCtrl: Target= 169.0, Input= 121.8, Error=  47.2, PIDTerms= 1.416/ 0.000/-0.136/ 0.000, Output= 0.600(-0.600/0.600), Volt=11.8(10.5)
GlobalTracer.printPidInfo_Info: [2.455] gyroTurnPidCtrl: Target=   0.0, Input=  -1.3, Error=   1.3, PIDTerms= 0.015/ 0.000/ 0.000/ 0.000, Output= 0.015(-0.700/0.700), Volt=11.8(10.5)
GlobalTracer.printPidInfo_Info: [2.528] encoderXPidCtrl: Target=   0.0, Input=   0.3, Error=  -0.3, PIDTerms=-0.046/ 0.000/ 0.010/ 0.000, Output=-0.036(-0.700/0.700), Volt=11.7(10.5)
GlobalTracer.printPidInfo_Info: [2.528] encoderYPidCtrl: Target= 169.0, Input= 127.9, Error=  41.1, PIDTerms= 1.232/ 0.000/-0.091/ 0.000, Output= 0.600(-0.600/0.600), Volt=11.8(10.5)
GlobalTracer.printPidInfo_Info: [2.528] gyroTurnPidCtrl: Target=   0.0, Input=  -1.3, Error=   1.3, PIDTerms= 0.015/ 0.000/-0.000/ 0.000, Output= 0.015(-0.700/0.700), Volt=11.8(10.5)
GlobalTracer.printPidInfo_Info: [2.588] encoderXPidCtrl: Target=   0.0, Input=   0.3, Error=  -0.3, PIDTerms=-0.038/ 0.000/ 0.013/ 0.000, Output=-0.026(-0.700/0.700), Volt=11.8(10.5)
GlobalTracer.printPidInfo_Info: [2.588] encoderYPidCtrl: Target= 169.0, Input= 134.1, Error=  34.9, PIDTerms= 1.048/ 0.000/-0.099/ 0.000, Output= 0.600(-0.600/0.600), Volt=11.8(10.5)
GlobalTracer.printPidInfo_Info: [2.588] gyroTurnPidCtrl: Target=   0.0, Input=  -1.3, Error=   1.3, PIDTerms= 0.015/ 0.000/ 0.000/ 0.000, Output= 0.016(-0.700/0.700), Volt=11.8(10.5)
GlobalTracer.CmdAutoScale_Info: SonarTriggerEvent: prevZone=1, currZone=0, value:19.5
GlobalTracer.CmdAutoScale_Info: setSonarTriggerEnabled(false)
GlobalTracer.CmdAutoScale_Info: sonarDistance=19.4, distanceFromWall=46.3, xDistance=0.0, yDistance=78.4
GlobalTracer.Robot_Info: [2.672] CHECK_SONAR_DISTANCE: xPos=  0.74,yPos=150.30,heading=  -1.3/   0.0,volts=11.9(10.5)
GlobalTracer.printPidInfo_Info: [2.672] encoderXPidCtrl: Target=   0.7, Input=   0.3, Error=   0.0, PIDTerms=-0.038/ 0.000/ 0.001/ 0.000, Output= 0.000(-0.700/0.700), Volt=11.9(10.5)
GlobalTracer.printPidInfo_Info: [2.672] encoderYPidCtrl: Target= 228.7, Input= 140.4, Error=  78.4, PIDTerms= 0.858/ 0.000/-0.080/ 0.000, Output= 0.000(-0.600/0.600), Volt=11.9(10.5)
GlobalTracer.printPidInfo_Info: [2.672] gyroTurnPidCtrl: Target=   0.0, Input=  -1.3, Error=   1.3, PIDTerms= 0.016/ 0.000/ 0.001/ 0.000, Output= 0.000(-0.700/0.700), Volt=12.0(10.5)
GlobalTracer.startCompetition_Warn: AUTO_MODE takes too long (0.103s)

GlobalTracer.printPidInfo_Info: [2.776] encoderXPidCtrl: Target=   0.7, Input=   0.7, Error=   0.0, PIDTerms= 0.000/ 0.000/ 0.000/ 0.000, Output= 0.000(-0.700/0.700), Volt=11.9(10.5)
GlobalTracer.printPidInfo_Info: [2.776] encoderYPidCtrl: Target= 228.7, Input= 150.3, Error=  78.4, PIDTerms= 2.353/ 0.000/ 0.000/ 0.000, Output= 0.600(-0.600/0.600), Volt=11.9(10.5)
GlobalTracer.printPidInfo_Info: [2.776] gyroTurnPidCtrl: Target=   0.0, Input=  -1.3, Error=   1.3, PIDTerms= 0.016/ 0.000/ 0.000/ 0.000, Output= 0.016(-0.700/0.700), Volt=11.9(10.5)
GlobalTracer.printPidInfo_Info: [2.870] encoderXPidCtrl: Target=   0.7, Input=   0.0, Error=   0.7, PIDTerms= 0.106/ 0.000/ 0.139/ 0.000, Output= 0.244(-0.700/0.700), Volt=11.5(10.5)
GlobalTracer.printPidInfo_Info: [2.870] encoderYPidCtrl: Target= 228.7, Input= 159.6, Error=  69.1, PIDTerms= 2.074/ 0.000/-0.122/ 0.000, Output= 0.600(-0.600/0.600), Volt=11.5(10.5)
GlobalTracer.printPidInfo_Info: [2.870] gyroTurnPidCtrl: Target=   0.0, Input=  -1.3, Error=   1.3, PIDTerms= 0.015/ 0.000/-0.000/ 0.000, Output= 0.015(-0.700/0.700), Volt=11.5(10.5)
GlobalTracer.printPidInfo_Info: [2.953] encoderXPidCtrl: Target=   0.7, Input=   0.2, Error=   0.5, PIDTerms= 0.080/ 0.000/-0.028/ 0.000, Output= 0.052(-0.700/0.700), Volt=11.8(10.5)
GlobalTracer.printPidInfo_Info: [2.953] encoderYPidCtrl: Target= 228.7, Input= 167.7, Error=  61.1, PIDTerms= 1.832/ 0.000/-0.087/ 0.000, Output= 0.600(-0.600/0.600), Volt=11.7(10.5)
GlobalTracer.printPidInfo_Info: [2.953] gyroTurnPidCtrl: Target=   0.0, Input=  -1.1, Error=   1.1, PIDTerms= 0.013/ 0.000/-0.002/ 0.000, Output= 0.012(-0.700/0.700), Volt=11.7(10.5)
GlobalTracer.printPidInfo_Info: [3.014] encoderXPidCtrl: Target=   0.7, Input=   1.5, Error=  -0.8, PIDTerms=-0.113/ 0.000/-0.261/ 0.000, Output=-0.374(-0.700/0.700), Volt=11.0(10.5)
GlobalTracer.printPidInfo_Info: [3.014] encoderYPidCtrl: Target= 228.7, Input= 177.6, Error=  51.1, PIDTerms= 1.534/ 0.000/-0.134/ 0.000, Output= 0.600(-0.600/0.600), Volt=11.0(10.5)
GlobalTracer.printPidInfo_Info: [3.014] gyroTurnPidCtrl: Target=   0.0, Input=  -1.2, Error=   1.2, PIDTerms= 0.014/ 0.000/ 0.001/ 0.000, Output= 0.015(-0.700/0.700), Volt=11.0(10.5)
GlobalTracer.startCompetition_Warn: AUTO_MODE takes too long (0.108s)

GlobalTracer.printPidInfo_Info: [3.127] encoderXPidCtrl: Target=   0.7, Input=   1.2, Error=  -0.5, PIDTerms=-0.070/ 0.000/ 0.049/ 0.000, Output=-0.021(-0.700/0.700), Volt=11.7(10.5)
GlobalTracer.printPidInfo_Info: [3.127] encoderYPidCtrl: Target= 228.7, Input= 184.3, Error=  44.5, PIDTerms= 1.334/ 0.000/-0.075/ 0.000, Output= 0.600(-0.600/0.600), Volt=11.8(10.5)
GlobalTracer.printPidInfo_Info: [3.127] gyroTurnPidCtrl: Target=   0.0, Input=  -1.2, Error=   1.2, PIDTerms= 0.015/ 0.000/ 0.000/ 0.000, Output= 0.015(-0.700/0.700), Volt=11.8(10.5)
GlobalTracer.printPidInfo_Info: [3.194] encoderXPidCtrl: Target=   0.7, Input=   0.4, Error=   0.3, PIDTerms= 0.048/ 0.000/ 0.138/ 0.000, Output= 0.186(-0.700/0.700), Volt=11.8(10.5)
GlobalTracer.printPidInfo_Info: [3.194] encoderYPidCtrl: Target= 228.7, Input= 193.9, Error=  34.8, PIDTerms= 1.045/ 0.000/-0.113/ 0.000, Output= 0.600(-0.600/0.600), Volt=11.8(10.5)
GlobalTracer.printPidInfo_Info: [3.194] gyroTurnPidCtrl: Target=   0.0, Input=  -1.0, Error=   1.0, PIDTerms= 0.012/ 0.000/-0.003/ 0.000, Output= 0.010(-0.700/0.700), Volt=11.8(10.5)
GlobalTracer.printPidInfo_Info: [3.267] encoderXPidCtrl: Target=   0.7, Input=   0.5, Error=   0.3, PIDTerms= 0.041/ 0.000/-0.009/ 0.000, Output= 0.032(-0.700/0.700), Volt=11.9(10.5)
GlobalTracer.printPidInfo_Info: [3.267] encoderYPidCtrl: Target= 228.7, Input= 202.2, Error=  26.6, PIDTerms= 0.797/ 0.000/-0.110/ 0.000, Output= 0.600(-0.600/0.600), Volt=11.9(10.5)
GlobalTracer.printPidInfo_Info: [3.267] gyroTurnPidCtrl: Target=   0.0, Input=  -0.7, Error=   0.7, PIDTerms= 0.008/ 0.000/-0.004/ 0.000, Output= 0.004(-0.700/0.700), Volt=11.9(10.5)
GlobalTracer.printPidInfo_Info: [3.335] encoderXPidCtrl: Target=   0.7, Input=   0.9, Error=  -0.1, PIDTerms=-0.017/ 0.000/-0.102/ 0.000, Output=-0.119(-0.700/0.700), Volt=12.0(10.5)
GlobalTracer.printPidInfo_Info: [3.335] encoderYPidCtrl: Target= 228.7, Input= 208.5, Error=  20.3, PIDTerms= 0.608/ 0.000/-0.110/ 0.000, Output= 0.498(-0.600/0.600), Volt=12.0(10.5)
GlobalTracer.printPidInfo_Info: [3.335] gyroTurnPidCtrl: Target=   0.0, Input=  -0.4, Error=   0.4, PIDTerms= 0.005/ 0.000/-0.004/ 0.000, Output= 0.001(-0.700/0.700), Volt=12.0(10.5)
GlobalTracer.startCompetition_Warn: AUTO_MODE takes too long (0.101s)

GlobalTracer.printPidInfo_Info: [3.437] encoderXPidCtrl: Target=   0.7, Input=   0.9, Error=  -0.2, PIDTerms=-0.031/ 0.000/-0.014/ 0.000, Output=-0.045(-0.700/0.700), Volt=12.6(10.5)
GlobalTracer.printPidInfo_Info: [3.437] encoderYPidCtrl: Target= 228.7, Input= 216.8, Error=  11.9, PIDTerms= 0.357/ 0.000/-0.083/ 0.000, Output= 0.274(-0.600/0.600), Volt=12.6(10.5)
GlobalTracer.printPidInfo_Info: [3.437] gyroTurnPidCtrl: Target=   0.0, Input=  -0.4, Error=   0.4, PIDTerms= 0.005/ 0.000/-0.000/ 0.000, Output= 0.005(-0.700/0.700), Volt=12.6(10.5)
GlobalTracer.printPidInfo_Info: [3.517] encoderXPidCtrl: Target=   0.7, Input=   0.6, Error=   0.2, PIDTerms= 0.027/ 0.000/ 0.062/ 0.000, Output= 0.089(-0.700/0.700), Volt=12.3(10.5)
GlobalTracer.printPidInfo_Info: [3.517] encoderYPidCtrl: Target= 228.7, Input= 226.5, Error=   2.2, PIDTerms= 0.066/ 0.000/-0.102/ 0.000, Output=-0.036(-0.600/0.600), Volt=12.3(10.5)
GlobalTracer.printPidInfo_Info: [3.517] gyroTurnPidCtrl: Target=   0.0, Input=  -0.5, Error=   0.5, PIDTerms= 0.006/ 0.000/ 0.001/ 0.000, Output= 0.007(-0.700/0.700), Volt=12.3(10.5)
GlobalTracer.printPidInfo_Info: [3.590] encoderXPidCtrl: Target=   0.7, Input=   0.3, Error=   0.4, PIDTerms= 0.067/ 0.000/ 0.059/ 0.000, Output= 0.126(-0.700/0.700), Volt=11.7(10.5)
GlobalTracer.printPidInfo_Info: [3.590] encoderYPidCtrl: Target= 228.7, Input= 233.2, Error=  -4.5, PIDTerms=-0.134/ 0.000/-0.098/ 0.000, Output=-0.232(-0.600/0.600), Volt=11.3(10.5)
GlobalTracer.printPidInfo_Info: [3.590] gyroTurnPidCtrl: Target=   0.0, Input=  -0.7, Error=   0.7, PIDTerms= 0.009/ 0.000/ 0.004/ 0.000, Output= 0.012(-0.700/0.700), Volt=11.3(10.5)
GlobalTracer.printPidInfo_Info: [3.651] encoderXPidCtrl: Target=   0.7, Input=   0.2, Error=   0.5, PIDTerms= 0.074/ 0.000/ 0.010/ 0.000, Output= 0.085(-0.700/0.700), Volt=11.3(10.5)
GlobalTracer.printPidInfo_Info: [3.651] encoderYPidCtrl: Target= 228.7, Input= 236.9, Error=  -8.1, PIDTerms=-0.244/ 0.000/-0.052/ 0.000, Output=-0.296(-0.600/0.600), Volt=11.3(10.5)
GlobalTracer.printPidInfo_Info: [3.651] gyroTurnPidCtrl: Target=   0.0, Input=  -1.0, Error=   1.0, PIDTerms= 0.012/ 0.000/ 0.004/ 0.000, Output= 0.016(-0.700/0.700), Volt=11.3(10.5)
GlobalTracer.printPidInfo_Info: [3.723] encoderXPidCtrl: Target=   0.7, Input=  -0.1, Error=   0.8, PIDTerms= 0.123/ 0.000/ 0.086/ 0.000, Output= 0.209(-0.700/0.700), Volt=10.5(10.5)
GlobalTracer.printPidInfo_Info: [3.723] encoderYPidCtrl: Target= 228.7, Input= 239.4, Error= -10.6, PIDTerms=-0.319/ 0.000/-0.044/ 0.000, Output=-0.363(-0.600/0.600), Volt=10.5(10.5)
GlobalTracer.printPidInfo_Info: [3.723] gyroTurnPidCtrl: Target=   0.0, Input=  -1.5, Error=   1.5, PIDTerms= 0.018/ 0.000/ 0.008/ 0.000, Output= 0.025(-0.700/0.700), Volt=10.6(10.5)
GlobalTracer.printPidInfo_Info: [3.795] encoderXPidCtrl: Target=   0.7, Input=  -0.3, Error=   1.0, PIDTerms= 0.149/ 0.000/ 0.031/ 0.000, Output= 0.180(-0.700/0.700), Volt=10.7(10.5)
GlobalTracer.printPidInfo_Info: [3.795] encoderYPidCtrl: Target= 228.7, Input= 240.6, Error= -11.9, PIDTerms=-0.356/ 0.000/-0.014/ 0.000, Output=-0.370(-0.600/0.600), Volt=10.7(10.5)
GlobalTracer.printPidInfo_Info: [3.795] gyroTurnPidCtrl: Target=   0.0, Input=  -2.5, Error=   2.5, PIDTerms= 0.030/ 0.000/ 0.012/ 0.000, Output= 0.042(-0.700/0.700), Volt=10.7(10.5)
GlobalTracer.printPidInfo_Info: [3.883] encoderXPidCtrl: Target=   0.7, Input=  -0.3, Error=   1.1, PIDTerms= 0.160/ 0.000/ 0.018/ 0.000, Output= 0.178(-0.700/0.700), Volt=10.5(10.5)
GlobalTracer.printPidInfo_Info: [3.883] encoderYPidCtrl: Target= 228.7, Input= 241.7, Error= -12.9, PIDTerms=-0.388/ 0.000/-0.019/ 0.000, Output=-0.407(-0.600/0.600), Volt=10.5(10.5)
GlobalTracer.printPidInfo_Info: [3.883] gyroTurnPidCtrl: Target=   0.0, Input=  -3.4, Error=   3.4, PIDTerms= 0.041/ 0.000/ 0.016/ 0.000, Output= 0.056(-0.700/0.700), Volt=10.5(10.5)
GlobalTracer.printPidInfo_Info: [3.963] encoderXPidCtrl: Target=   0.7, Input=  -0.5, Error=   1.3, PIDTerms= 0.190/ 0.000/ 0.029/ 0.000, Output= 0.219(-0.700/0.700), Volt=10.6(10.5)
GlobalTracer.printPidInfo_Info: [3.963] encoderYPidCtrl: Target= 228.7, Input= 242.0, Error= -13.2, PIDTerms=-0.397/ 0.000/-0.003/ 0.000, Output=-0.399(-0.600/0.600), Volt=10.6(10.5)
GlobalTracer.printPidInfo_Info: [3.963] gyroTurnPidCtrl: Target=   0.0, Input=  -4.8, Error=   4.8, PIDTerms= 0.057/ 0.000/ 0.014/ 0.000, Output= 0.071(-0.700/0.700), Volt=10.6(10.5)
GlobalTracer.printPidInfo_Info: [4.021] encoderXPidCtrl: Target=   0.7, Input=  -0.8, Error=   1.5, PIDTerms= 0.224/ 0.000/ 0.058/ 0.000, Output= 0.283(-0.700/0.700), Volt=10.5(10.5)
GlobalTracer.printPidInfo_Info: [4.021] encoderYPidCtrl: Target= 228.7, Input= 241.5, Error= -12.8, PIDTerms=-0.384/ 0.000/ 0.007/ 0.000, Output=-0.377(-0.600/0.600), Volt=10.5(10.5)
GlobalTracer.printPidInfo_Info: [4.021] gyroTurnPidCtrl: Target=   0.0, Input=  -5.3, Error=   5.3, PIDTerms= 0.063/ 0.000/ 0.009/ 0.000, Output= 0.072(-0.700/0.700), Volt=10.5(10.5)
GlobalTracer.printPidInfo_Info: [4.117] encoderXPidCtrl: Target=   0.7, Input=  -0.9, Error=   1.7, PIDTerms= 0.250/ 0.000/ 0.043/ 0.000, Output= 0.293(-0.700/0.700), Volt=10.7(10.5)
GlobalTracer.printPidInfo_Info: [4.117] encoderYPidCtrl: Target= 228.7, Input= 240.8, Error= -12.0, PIDTerms=-0.361/ 0.000/ 0.013/ 0.000, Output=-0.348(-0.600/0.600), Volt=10.7(10.5)
GlobalTracer.printPidInfo_Info: [4.117] gyroTurnPidCtrl: Target=   0.0, Input=  -5.5, Error=   5.5, PIDTerms= 0.066/ 0.000/ 0.004/ 0.000, Output= 0.070(-0.700/0.700), Volt=10.7(10.5)
GlobalTracer.printPidInfo_Info: [4.210] encoderXPidCtrl: Target=   0.7, Input=  -0.7, Error=   1.4, PIDTerms= 0.212/ 0.000/-0.036/ 0.000, Output= 0.176(-0.700/0.700), Volt=11.5(10.5)
GlobalTracer.printPidInfo_Info: [4.210] encoderYPidCtrl: Target= 228.7, Input= 239.4, Error= -10.7, PIDTerms=-0.320/ 0.000/ 0.013/ 0.000, Output=-0.307(-0.600/0.600), Volt=11.5(10.5)
GlobalTracer.printPidInfo_Info: [4.210] gyroTurnPidCtrl: Target=   0.0, Input=  -5.2, Error=   5.2, PIDTerms= 0.063/ 0.000/-0.003/ 0.000, Output= 0.060(-0.700/0.700), Volt=11.5(10.5)
GlobalTracer.printPidInfo_Info: [4.294] encoderXPidCtrl: Target=   0.7, Input=  -0.5, Error=   1.2, PIDTerms= 0.180/ 0.000/-0.032/ 0.000, Output= 0.147(-0.700/0.700), Volt=11.9(10.5)
GlobalTracer.printPidInfo_Info: [4.294] encoderYPidCtrl: Target= 228.7, Input= 237.2, Error=  -8.4, PIDTerms=-0.253/ 0.000/ 0.022/ 0.000, Output=-0.231(-0.600/0.600), Volt=11.9(10.5)
GlobalTracer.printPidInfo_Info: [4.294] gyroTurnPidCtrl: Target=   0.0, Input=  -3.9, Error=   3.9, PIDTerms= 0.046/ 0.000/-0.013/ 0.000, Output= 0.033(-0.700/0.700), Volt=11.9(10.5)
GlobalTracer.printPidInfo_Info: [4.378] encoderXPidCtrl: Target=   0.7, Input=  -0.2, Error=   0.9, PIDTerms= 0.140/ 0.000/-0.044/ 0.000, Output= 0.095(-0.700/0.700), Volt=12.1(10.5)
GlobalTracer.printPidInfo_Info: [4.378] encoderYPidCtrl: Target= 228.7, Input= 234.9, Error=  -6.2, PIDTerms=-0.185/ 0.000/ 0.025/ 0.000, Output=-0.159(-0.600/0.600), Volt=12.2(10.5)
GlobalTracer.printPidInfo_Info: [4.378] gyroTurnPidCtrl: Target=   0.0, Input=  -3.2, Error=   3.2, PIDTerms= 0.038/ 0.000/-0.008/ 0.000, Output= 0.030(-0.700/0.700), Volt=12.2(10.5)
GlobalTracer.printPidInfo_Info: [4.470] encoderXPidCtrl: Target=   0.7, Input=   0.0, Error=   0.7, PIDTerms= 0.108/ 0.000/-0.037/ 0.000, Output= 0.071(-0.700/0.700), Volt=12.3(10.5)
GlobalTracer.printPidInfo_Info: [4.470] encoderYPidCtrl: Target= 228.7, Input= 232.6, Error=  -3.9, PIDTerms=-0.117/ 0.000/ 0.026/ 0.000, Output=-0.091(-0.600/0.600), Volt=12.3(10.5)
GlobalTracer.printPidInfo_Info: [4.470] gyroTurnPidCtrl: Target=   0.0, Input=  -2.1, Error=   2.1, PIDTerms= 0.025/ 0.000/-0.012/ 0.000, Output= 0.013(-0.700/0.700), Volt=12.3(10.5)
GlobalTracer.printPidInfo_Info: [4.534] encoderXPidCtrl: Target=   0.7, Input=   0.2, Error=   0.5, PIDTerms= 0.081/ 0.000/-0.034/ 0.000, Output= 0.047(-0.700/0.700), Volt=12.4(10.5)
GlobalTracer.printPidInfo_Info: [4.534] encoderYPidCtrl: Target= 228.7, Input= 230.2, Error=  -1.4, PIDTerms=-0.043/ 0.000/ 0.031/ 0.000, Output=-0.012(-0.600/0.600), Volt=12.4(10.5)
GlobalTracer.printPidInfo_Info: [4.534] gyroTurnPidCtrl: Target=   0.0, Input=  -1.3, Error=   1.3, PIDTerms= 0.015/ 0.000/-0.011/ 0.000, Output= 0.004(-0.700/0.700), Volt=12.4(10.5)
GlobalTracer.startCompetition_Warn: AUTO_MODE takes too long (0.107s)

GlobalTracer.printPidInfo_Info: [4.642] encoderXPidCtrl: Target=   0.7, Input=   0.3, Error=   0.4, PIDTerms= 0.066/ 0.000/-0.018/ 0.000, Output= 0.047(-0.700/0.700), Volt=12.3(10.5)
GlobalTracer.printPidInfo_Info: [4.642] encoderYPidCtrl: Target= 228.7, Input= 228.6, Error=   0.1, PIDTerms= 0.004/ 0.000/ 0.019/ 0.000, Output= 0.024(-0.600/0.600), Volt=12.4(10.5)
GlobalTracer.printPidInfo_Info: [4.642] gyroTurnPidCtrl: Target=   0.0, Input=  -0.7, Error=   0.7, PIDTerms= 0.009/ 0.000/-0.006/ 0.000, Output= 0.002(-0.700/0.700), Volt=12.4(10.5)
GlobalTracer.startCompetition_Warn: AUTO_MODE takes too long (0.112s)

GlobalTracer.printPidInfo_Info: [4.755] encoderXPidCtrl: Target=   0.7, Input=   0.3, Error=   0.4, PIDTerms= 0.059/ 0.000/-0.005/ 0.000, Output= 0.054(-0.700/0.700), Volt=12.2(10.5)
GlobalTracer.printPidInfo_Info: [4.755] encoderYPidCtrl: Target= 228.7, Input= 226.6, Error=   2.1, PIDTerms= 0.064/ 0.000/ 0.016/ 0.000, Output= 0.080(-0.600/0.600), Volt=12.2(10.5)
GlobalTracer.printPidInfo_Info: [4.755] gyroTurnPidCtrl: Target=   0.0, Input=  -0.4, Error=   0.4, PIDTerms= 0.005/ 0.000/-0.003/ 0.000, Output= 0.002(-0.700/0.700), Volt=12.2(10.5)
GlobalTracer.printPidInfo_Info: [4.838] encoderXPidCtrl: Target=   0.7, Input=   0.5, Error=   0.3, PIDTerms= 0.040/ 0.000/-0.020/ 0.000, Output= 0.020(-0.700/0.700), Volt=12.3(10.5)
GlobalTracer.printPidInfo_Info: [4.838] encoderYPidCtrl: Target= 228.7, Input= 225.5, Error=   3.3, PIDTerms= 0.098/ 0.000/ 0.012/ 0.000, Output= 0.110(-0.600/0.600), Volt=12.3(10.5)
GlobalTracer.printPidInfo_Info: [4.838] gyroTurnPidCtrl: Target=   0.0, Input=  -0.3, Error=   0.3, PIDTerms= 0.003/ 0.000/-0.001/ 0.000, Output= 0.002(-0.700/0.700), Volt=12.3(10.5)
GlobalTracer.printPidInfo_Info: [4.899] encoderXPidCtrl: Target=   0.7, Input=   0.5, Error=   0.2, PIDTerms= 0.036/ 0.000/-0.006/ 0.000, Output= 0.030(-0.700/0.700), Volt=12.2(10.5)
GlobalTracer.printPidInfo_Info: [4.899] encoderYPidCtrl: Target= 228.7, Input= 225.1, Error=   3.6, PIDTerms= 0.109/ 0.000/ 0.006/ 0.000, Output= 0.114(-0.600/0.600), Volt=12.2(10.5)
GlobalTracer.printPidInfo_Info: [4.899] gyroTurnPidCtrl: Target=   0.0, Input=  -0.4, Error=   0.4, PIDTerms= 0.004/ 0.000/ 0.001/ 0.000, Output= 0.005(-0.700/0.700), Volt=12.3(10.5)
GlobalTracer.printPidInfo_Info: [4.962] encoderXPidCtrl: Target=   0.7, Input=   0.5, Error=   0.2, PIDTerms= 0.037/ 0.000/ 0.001/ 0.000, Output= 0.038(-0.700/0.700), Volt=12.2(10.5)
GlobalTracer.printPidInfo_Info: [4.962] encoderYPidCtrl: Target= 228.7, Input= 225.1, Error=   3.6, PIDTerms= 0.109/ 0.000/ 0.000/ 0.000, Output= 0.109(-0.600/0.600), Volt=12.2(10.5)
GlobalTracer.printPidInfo_Info: [4.962] gyroTurnPidCtrl: Target=   0.0, Input=  -0.4, Error=   0.4, PIDTerms= 0.005/ 0.000/ 0.001/ 0.000, Output= 0.006(-0.700/0.700), Volt=12.2(10.5)
GlobalTracer.printPidInfo_Info: [5.017] encoderXPidCtrl: Target=   0.7, Input=   0.5, Error=   0.2, PIDTerms= 0.037/ 0.000/-0.001/ 0.000, Output= 0.036(-0.700/0.700), Volt=12.3(10.5)
GlobalTracer.printPidInfo_Info: [5.017] encoderYPidCtrl: Target= 228.7, Input= 225.2, Error=   3.5, PIDTerms= 0.106/ 0.000/-0.002/ 0.000, Output= 0.104(-0.600/0.600), Volt=12.3(10.5)
GlobalTracer.printPidInfo_Info: [5.017] gyroTurnPidCtrl: Target=   0.0, Input=  -0.4, Error=   0.4, PIDTerms= 0.005/ 0.000/-0.001/ 0.000, Output= 0.004(-0.700/0.700), Volt=12.3(10.5)
GlobalTracer.printPidInfo_Info: [5.099] encoderXPidCtrl: Target=   0.7, Input=   0.5, Error=   0.2, PIDTerms= 0.035/ 0.000/-0.002/ 0.000, Output= 0.033(-0.700/0.700), Volt=12.3(10.5)
GlobalTracer.printPidInfo_Info: [5.099] encoderYPidCtrl: Target= 228.7, Input= 225.4, Error=   3.3, PIDTerms= 0.099/ 0.000/-0.003/ 0.000, Output= 0.097(-0.600/0.600), Volt=12.3(10.5)
GlobalTracer.printPidInfo_Info: [5.099] gyroTurnPidCtrl: Target=   0.0, Input=  -0.4, Error=   0.4, PIDTerms= 0.004/ 0.000/-0.000/ 0.000, Output= 0.004(-0.700/0.700), Volt=12.3(10.5)
GlobalTracer.printPidInfo_Info: [5.172] encoderXPidCtrl: Target=   0.7, Input=   0.5, Error=   0.2, PIDTerms= 0.035/ 0.000/-0.001/ 0.000, Output= 0.034(-0.700/0.700), Volt=12.3(10.5)
GlobalTracer.printPidInfo_Info: [5.172] encoderYPidCtrl: Target= 228.7, Input= 225.8, Error=   2.9, PIDTerms= 0.087/ 0.000/-0.008/ 0.000, Output= 0.079(-0.600/0.600), Volt=12.3(10.5)
GlobalTracer.printPidInfo_Info: [5.172] gyroTurnPidCtrl: Target=   0.0, Input=  -0.3, Error=   0.3, PIDTerms= 0.003/ 0.000/-0.002/ 0.000, Output= 0.002(-0.700/0.700), Volt=12.4(10.5)
GlobalTracer.printPidInfo_Info: [5.235] encoderXPidCtrl: Target=   0.7, Input=   0.5, Error=   0.2, PIDTerms= 0.036/ 0.000/ 0.001/ 0.000, Output= 0.037(-0.700/0.700), Volt=12.4(10.5)
GlobalTracer.printPidInfo_Info: [5.235] encoderYPidCtrl: Target= 228.7, Input= 226.2, Error=   2.5, PIDTerms= 0.075/ 0.000/-0.006/ 0.000, Output= 0.069(-0.600/0.600), Volt=12.4(10.5)
GlobalTracer.printPidInfo_Info: [5.235] gyroTurnPidCtrl: Target=   0.0, Input=  -0.2, Error=   0.2, PIDTerms= 0.002/ 0.000/-0.001/ 0.000, Output= 0.001(-0.700/0.700), Volt=12.4(10.5)
GlobalTracer.printPidInfo_Info: [5.290] encoderXPidCtrl: Target=   0.7, Input=   0.5, Error=   0.2, PIDTerms= 0.029/ 0.000/-0.010/ 0.000, Output= 0.019(-0.700/0.700), Volt=12.4(10.5)
GlobalTracer.printPidInfo_Info: [5.290] encoderYPidCtrl: Target= 228.7, Input= 226.7, Error=   2.0, PIDTerms= 0.060/ 0.000/-0.008/ 0.000, Output= 0.053(-0.600/0.600), Volt=12.4(10.5)
GlobalTracer.printPidInfo_Info: [5.290] gyroTurnPidCtrl: Target=   0.0, Input=  -0.1, Error=   0.1, PIDTerms= 0.001/ 0.000/-0.002/ 0.000, Output=-0.002(-0.700/0.700), Volt=12.4(10.5)
GlobalTracer.printPidInfo_Info: [5.352] encoderXPidCtrl: Target=   0.7, Input=   0.6, Error=   0.2, PIDTerms= 0.027/ 0.000/-0.004/ 0.000, Output= 0.022(-0.700/0.700), Volt=12.4(10.5)
GlobalTracer.printPidInfo_Info: [5.352] encoderYPidCtrl: Target= 228.7, Input= 226.9, Error=   1.8, PIDTerms= 0.054/ 0.000/-0.004/ 0.000, Output= 0.050(-0.600/0.600), Volt=12.4(10.5)
GlobalTracer.printPidInfo_Info: [5.352] gyroTurnPidCtrl: Target=   0.0, Input=  -0.1, Error=   0.1, PIDTerms= 0.001/ 0.000/ 0.001/ 0.000, Output= 0.002(-0.700/0.700), Volt=12.4(10.5)
GlobalTracer.printPidInfo_Info: [5.417] encoderXPidCtrl: Target=   0.7, Input=   0.6, Error=   0.1, PIDTerms= 0.017/ 0.000/-0.018/ 0.000, Output=-0.001(-0.700/0.700), Volt=12.4(10.5)
GlobalTracer.printPidInfo_Info: [5.417] encoderYPidCtrl: Target= 228.7, Input= 227.3, Error=   1.4, PIDTerms= 0.043/ 0.000/-0.007/ 0.000, Output= 0.036(-0.600/0.600), Volt=12.4(10.5)
GlobalTracer.printPidInfo_Info: [5.417] gyroTurnPidCtrl: Target=   0.0, Input=  -0.2, Error=   0.2, PIDTerms= 0.002/ 0.000/ 0.001/ 0.000, Output= 0.004(-0.700/0.700), Volt=12.4(10.5)
GlobalTracer.printPidInfo_Info: [5.481] encoderXPidCtrl: Target=   0.7, Input=   0.6, Error=   0.2, PIDTerms= 0.023/ 0.000/ 0.009/ 0.000, Output= 0.032(-0.700/0.700), Volt=12.4(10.5)
GlobalTracer.printPidInfo_Info: [5.481] encoderYPidCtrl: Target= 228.7, Input= 227.6, Error=   1.1, PIDTerms= 0.033/ 0.000/-0.004/ 0.000, Output= 0.029(-0.600/0.600), Volt=12.4(10.5)
GlobalTracer.printPidInfo_Info: [5.481] gyroTurnPidCtrl: Target=   0.0, Input=  -0.1, Error=   0.1, PIDTerms= 0.002/ 0.000/-0.001/ 0.000, Output= 0.001(-0.700/0.700), Volt=12.4(10.5)
GlobalTracer.Robot_Info: [5.540] TURN_TO_OPPOSITE_SCALE: xPos=  0.59,yPos=228.04,heading=   0.2/ -90.0,volts=12.4(10.5)
GlobalTracer.printPidInfo_Info: [5.540] encoderXPidCtrl: Target=   0.6, Input=   0.6, Error=   0.0, PIDTerms= 0.028/ 0.000/ 0.008/ 0.000, Output= 0.000(-0.700/0.700), Volt=12.4(10.5)
GlobalTracer.printPidInfo_Info: [5.540] encoderYPidCtrl: Target= 228.0, Input= 227.9, Error=   0.0, PIDTerms= 0.026/ 0.000/-0.004/ 0.000, Output= 0.000(-0.600/0.600), Volt=12.4(10.5)
GlobalTracer.printPidInfo_Info: [5.540] gyroTurnPidCtrl: Target= -90.0, Input=   0.0, Error= -90.2, PIDTerms=-0.000/ 0.000/-0.003/ 0.000, Output= 0.000(-0.700/0.700), Volt=12.4(10.5)
GlobalTracer.printPidInfo_Info: [5.634] encoderXPidCtrl: Target=   0.6, Input=   0.6, Error=   0.0, PIDTerms= 0.028/ 0.000/ 0.008/ 0.000, Output= 0.000(-0.700/0.700), Volt=9.6(9.7)
GlobalTracer.printPidInfo_Info: [5.634] encoderYPidCtrl: Target= 228.0, Input= 227.9, Error=   0.0, PIDTerms= 0.026/ 0.000/-0.004/ 0.000, Output= 0.000(-0.600/0.600), Volt=9.6(9.7)
GlobalTracer.printPidInfo_Info: [5.634] gyroTurnPidCtrl: Target= -90.0, Input=   0.2, Error= -90.2, PIDTerms=-1.082/ 0.000/ 0.000/-0.000, Output=-0.700(-0.700/0.700), Volt=9.6(9.7)
GlobalTracer.startCompetition_Warn: AUTO_MODE takes too long (0.102s)

GlobalTracer.printPidInfo_Info: [5.737] encoderXPidCtrl: Target=   0.6, Input=   0.6, Error=   0.0, PIDTerms= 0.028/ 0.000/ 0.008/ 0.000, Output= 0.000(-0.700/0.700), Volt=10.2(9.7)
GlobalTracer.printPidInfo_Info: [5.737] encoderYPidCtrl: Target= 228.0, Input= 227.9, Error=   0.0, PIDTerms= 0.026/ 0.000/-0.004/ 0.000, Output= 0.000(-0.600/0.600), Volt=10.2(9.7)
GlobalTracer.printPidInfo_Info: [5.737] gyroTurnPidCtrl: Target= -90.0, Input=   0.1, Error= -90.1, PIDTerms=-1.081/ 0.000/ 0.002/-0.000, Output=-0.700(-0.700/0.700), Volt=10.2(9.7)
GlobalTracer.startCompetition_Warn: AUTO_MODE takes too long (0.134s)

GlobalTracer.printPidInfo_Info: [5.871] encoderXPidCtrl: Target=   0.6, Input=   0.6, Error=   0.0, PIDTerms= 0.028/ 0.000/ 0.008/ 0.000, Output= 0.000(-0.700/0.700), Volt=10.6(9.7)
GlobalTracer.printPidInfo_Info: [5.871] encoderYPidCtrl: Target= 228.0, Input= 227.9, Error=   0.0, PIDTerms= 0.026/ 0.000/-0.004/ 0.000, Output= 0.000(-0.600/0.600), Volt=10.6(9.7)
GlobalTracer.printPidInfo_Info: [5.871] gyroTurnPidCtrl: Target= -90.0, Input=  -7.2, Error= -82.8, PIDTerms=-0.994/ 0.000/ 0.051/-0.000, Output=-0.700(-0.700/0.700), Volt=10.6(9.7)
GlobalTracer.printPidInfo_Info: [5.951] encoderXPidCtrl: Target=   0.6, Input=   0.6, Error=   0.0, PIDTerms= 0.028/ 0.000/ 0.008/ 0.000, Output= 0.000(-0.700/0.700), Volt=10.9(9.7)
GlobalTracer.printPidInfo_Info: [5.951] encoderYPidCtrl: Target= 228.0, Input= 227.9, Error=   0.0, PIDTerms= 0.026/ 0.000/-0.004/ 0.000, Output= 0.000(-0.600/0.600), Volt=10.9(9.7)
GlobalTracer.printPidInfo_Info: [5.951] gyroTurnPidCtrl: Target= -90.0, Input= -22.0, Error= -68.0, PIDTerms=-0.816/ 0.000/ 0.137/-0.000, Output=-0.678(-0.700/0.700), Volt=10.9(9.7)
GlobalTracer.printPidInfo_Info: [6.031] encoderXPidCtrl: Target=   0.6, Input=   0.6, Error=   0.0, PIDTerms= 0.028/ 0.000/ 0.008/ 0.000, Output= 0.000(-0.700/0.700), Volt=11.7(9.7)
GlobalTracer.printPidInfo_Info: [6.031] encoderYPidCtrl: Target= 228.0, Input= 227.9, Error=   0.0, PIDTerms= 0.026/ 0.000/-0.004/ 0.000, Output= 0.000(-0.600/0.600), Volt=11.8(9.7)
GlobalTracer.printPidInfo_Info: [6.031] gyroTurnPidCtrl: Target= -90.0, Input= -33.7, Error= -56.3, PIDTerms=-0.676/ 0.000/ 0.198/-0.000, Output=-0.478(-0.700/0.700), Volt=11.8(9.7)
GlobalTracer.printPidInfo_Info: [6.120] encoderXPidCtrl: Target=   0.6, Input=   0.6, Error=   0.0, PIDTerms= 0.028/ 0.000/ 0.008/ 0.000, Output= 0.000(-0.700/0.700), Volt=11.9(9.7)
GlobalTracer.printPidInfo_Info: [6.120] encoderYPidCtrl: Target= 228.0, Input= 227.9, Error=   0.0, PIDTerms= 0.026/ 0.000/-0.004/ 0.000, Output= 0.000(-0.600/0.600), Volt=11.9(9.7)
GlobalTracer.printPidInfo_Info: [6.120] gyroTurnPidCtrl: Target= -90.0, Input= -46.5, Error= -43.5, PIDTerms=-0.522/ 0.000/ 0.135/-0.000, Output=-0.387(-0.700/0.700), Volt=11.9(9.7)
GlobalTracer.printPidInfo_Info: [6.193] encoderXPidCtrl: Target=   0.6, Input=   0.6, Error=   0.0, PIDTerms= 0.028/ 0.000/ 0.008/ 0.000, Output= 0.000(-0.700/0.700), Volt=12.4(9.7)
GlobalTracer.printPidInfo_Info: [6.193] encoderYPidCtrl: Target= 228.0, Input= 227.9, Error=   0.0, PIDTerms= 0.026/ 0.000/-0.004/ 0.000, Output= 0.000(-0.600/0.600), Volt=12.4(9.7)
GlobalTracer.printPidInfo_Info: [6.193] gyroTurnPidCtrl: Target= -90.0, Input= -61.7, Error= -28.3, PIDTerms=-0.339/ 0.000/ 0.216/-0.000, Output=-0.124(-0.700/0.700), Volt=12.4(9.7)
GlobalTracer.printPidInfo_Info: [6.287] encoderXPidCtrl: Target=   0.6, Input=   0.6, Error=   0.0, PIDTerms= 0.028/ 0.000/ 0.008/ 0.000, Output= 0.000(-0.700/0.700), Volt=12.4(9.7)
GlobalTracer.printPidInfo_Info: [6.287] encoderYPidCtrl: Target= 228.0, Input= 227.9, Error=   0.0, PIDTerms= 0.026/ 0.000/-0.004/ 0.000, Output= 0.000(-0.600/0.600), Volt=12.4(9.7)
GlobalTracer.printPidInfo_Info: [6.287] gyroTurnPidCtrl: Target= -90.0, Input= -74.9, Error= -15.1, PIDTerms=-0.181/ 0.000/ 0.145/-0.000, Output=-0.036(-0.700/0.700), Volt=12.4(9.7)
GlobalTracer.printPidInfo_Info: [6.359] encoderXPidCtrl: Target=   0.6, Input=   0.6, Error=   0.0, PIDTerms= 0.028/ 0.000/ 0.008/ 0.000, Output= 0.000(-0.700/0.700), Volt=12.4(9.7)
GlobalTracer.printPidInfo_Info: [6.359] encoderYPidCtrl: Target= 228.0, Input= 227.9, Error=   0.0, PIDTerms= 0.026/ 0.000/-0.004/ 0.000, Output= 0.000(-0.600/0.600), Volt=12.4(9.7)
GlobalTracer.printPidInfo_Info: [6.359] gyroTurnPidCtrl: Target= -90.0, Input= -83.5, Error=  -6.5, PIDTerms=-0.078/ 0.000/ 0.110/-0.000, Output= 0.032(-0.700/0.700), Volt=12.4(9.7)
GlobalTracer.printPidInfo_Info: [6.453] encoderXPidCtrl: Target=   0.6, Input=   0.6, Error=   0.0, PIDTerms= 0.028/ 0.000/ 0.008/ 0.000, Output= 0.000(-0.700/0.700), Volt=12.4(9.7)
GlobalTracer.printPidInfo_Info: [6.453] encoderYPidCtrl: Target= 228.0, Input= 227.9, Error=   0.0, PIDTerms= 0.026/ 0.000/-0.004/ 0.000, Output= 0.000(-0.600/0.600), Volt=12.4(9.7)
GlobalTracer.printPidInfo_Info: [6.453] gyroTurnPidCtrl: Target= -90.0, Input= -86.1, Error=  -3.9, PIDTerms=-0.046/ 0.000/ 0.028/-0.000, Output=-0.019(-0.700/0.700), Volt=12.4(9.7)
GlobalTracer.printPidInfo_Info: [6.536] encoderXPidCtrl: Target=   0.6, Input=   0.6, Error=   0.0, PIDTerms= 0.028/ 0.000/ 0.008/ 0.000, Output= 0.000(-0.700/0.700), Volt=12.4(9.7)
GlobalTracer.printPidInfo_Info: [6.536] encoderYPidCtrl: Target= 228.0, Input= 227.9, Error=   0.0, PIDTerms= 0.026/ 0.000/-0.004/ 0.000, Output= 0.000(-0.600/0.600), Volt=12.4(9.7)
GlobalTracer.printPidInfo_Info: [6.536] gyroTurnPidCtrl: Target= -90.0, Input= -86.2, Error=  -3.8, PIDTerms=-0.046/ 0.000/ 0.001/-0.000, Output=-0.045(-0.700/0.700), Volt=12.4(9.7)
GlobalTracer.startCompetition_Warn: AUTO_MODE takes too long (0.110s)

GlobalTracer.printPidInfo_Info: [6.650] encoderXPidCtrl: Target=   0.6, Input=   0.6, Error=   0.0, PIDTerms= 0.028/ 0.000/ 0.008/ 0.000, Output= 0.000(-0.700/0.700), Volt=12.4(9.7)
GlobalTracer.printPidInfo_Info: [6.650] encoderYPidCtrl: Target= 228.0, Input= 227.9, Error=   0.0, PIDTerms= 0.026/ 0.000/-0.004/ 0.000, Output= 0.000(-0.600/0.600), Volt=12.4(9.7)
GlobalTracer.printPidInfo_Info: [6.650] gyroTurnPidCtrl: Target= -90.0, Input= -85.5, Error=  -4.5, PIDTerms=-0.054/ 0.000/-0.006/-0.000, Output=-0.059(-0.700/0.700), Volt=12.4(9.7)
GlobalTracer.startCompetition_Warn: AUTO_MODE takes too long (0.107s)

GlobalTracer.printPidInfo_Info: [6.757] encoderXPidCtrl: Target=   0.6, Input=   0.6, Error=   0.0, PIDTerms= 0.028/ 0.000/ 0.008/ 0.000, Output= 0.000(-0.700/0.700), Volt=12.4(9.7)
GlobalTracer.printPidInfo_Info: [6.757] encoderYPidCtrl: Target= 228.0, Input= 227.9, Error=   0.0, PIDTerms= 0.026/ 0.000/-0.004/ 0.000, Output= 0.000(-0.600/0.600), Volt=12.4(9.7)
GlobalTracer.printPidInfo_Info: [6.757] gyroTurnPidCtrl: Target= -90.0, Input= -85.8, Error=  -4.2, PIDTerms=-0.050/ 0.000/ 0.002/-0.000, Output=-0.048(-0.700/0.700), Volt=12.4(9.7)
GlobalTracer.startCompetition_Warn: AUTO_MODE takes too long (0.102s)

GlobalTracer.printPidInfo_Info: [6.860] encoderXPidCtrl: Target=   0.6, Input=   0.6, Error=   0.0, PIDTerms= 0.028/ 0.000/ 0.008/ 0.000, Output= 0.000(-0.700/0.700), Volt=12.3(9.7)
GlobalTracer.printPidInfo_Info: [6.860] encoderYPidCtrl: Target= 228.0, Input= 227.9, Error=   0.0, PIDTerms= 0.026/ 0.000/-0.004/ 0.000, Output= 0.000(-0.600/0.600), Volt=12.3(9.7)
GlobalTracer.printPidInfo_Info: [6.860] gyroTurnPidCtrl: Target= -90.0, Input= -85.8, Error=  -4.2, PIDTerms=-0.051/ 0.000/-0.000/-0.000, Output=-0.051(-0.700/0.700), Volt=12.4(9.7)
GlobalTracer.printPidInfo_Info: [6.923] encoderXPidCtrl: Target=   0.6, Input=   0.6, Error=   0.0, PIDTerms= 0.028/ 0.000/ 0.008/ 0.000, Output= 0.000(-0.700/0.700), Volt=12.4(9.7)
GlobalTracer.printPidInfo_Info: [6.923] encoderYPidCtrl: Target= 228.0, Input= 227.9, Error=   0.0, PIDTerms= 0.026/ 0.000/-0.004/ 0.000, Output= 0.000(-0.600/0.600), Volt=12.4(9.7)
GlobalTracer.printPidInfo_Info: [6.923] gyroTurnPidCtrl: Target= -90.0, Input= -85.8, Error=  -4.2, PIDTerms=-0.051/ 0.000/ 0.000/-0.000, Output=-0.051(-0.700/0.700), Volt=12.4(9.7)
GlobalTracer.printPidInfo_Info: [7.015] encoderXPidCtrl: Target=   0.6, Input=   0.6, Error=   0.0, PIDTerms= 0.028/ 0.000/ 0.008/ 0.000, Output= 0.000(-0.700/0.700), Volt=12.4(9.7)
GlobalTracer.printPidInfo_Info: [7.015] encoderYPidCtrl: Target= 228.0, Input= 227.9, Error=   0.0, PIDTerms= 0.026/ 0.000/-0.004/ 0.000, Output= 0.000(-0.600/0.600), Volt=12.4(9.7)
GlobalTracer.printPidInfo_Info: [7.015] gyroTurnPidCtrl: Target= -90.0, Input= -85.8, Error=  -4.2, PIDTerms=-0.051/ 0.000/ 0.000/-0.000, Output=-0.051(-0.700/0.700), Volt=12.4(9.7)
GlobalTracer.startCompetition_Warn: AUTO_MODE takes too long (0.111s)

GlobalTracer.printPidInfo_Info: [7.127] encoderXPidCtrl: Target=   0.6, Input=   0.6, Error=   0.0, PIDTerms= 0.028/ 0.000/ 0.008/ 0.000, Output= 0.000(-0.700/0.700), Volt=12.4(9.7)
GlobalTracer.printPidInfo_Info: [7.127] encoderYPidCtrl: Target= 228.0, Input= 227.9, Error=   0.0, PIDTerms= 0.026/ 0.000/-0.004/ 0.000, Output= 0.000(-0.600/0.600), Volt=12.3(9.7)
GlobalTracer.printPidInfo_Info: [7.127] gyroTurnPidCtrl: Target= -90.0, Input= -85.8, Error=  -4.2, PIDTerms=-0.050/ 0.000/ 0.000/-0.000, Output=-0.050(-0.700/0.700), Volt=12.3(9.7)
GlobalTracer.printPidInfo_Info: [7.202] encoderXPidCtrl: Target=   0.6, Input=   0.6, Error=   0.0, PIDTerms= 0.028/ 0.000/ 0.008/ 0.000, Output= 0.000(-0.700/0.700), Volt=12.4(9.7)
GlobalTracer.printPidInfo_Info: [7.202] encoderYPidCtrl: Target= 228.0, Input= 227.9, Error=   0.0, PIDTerms= 0.026/ 0.000/-0.004/ 0.000, Output= 0.000(-0.600/0.600), Volt=12.4(9.7)
GlobalTracer.printPidInfo_Info: [7.202] gyroTurnPidCtrl: Target= -90.0, Input= -85.8, Error=  -4.2, PIDTerms=-0.050/ 0.000/ 0.000/-0.000, Output=-0.050(-0.700/0.700), Volt=12.4(9.7)
GlobalTracer.printPidInfo_Info: [7.298] encoderXPidCtrl: Target=   0.6, Input=   0.6, Error=   0.0, PIDTerms= 0.028/ 0.000/ 0.008/ 0.000, Output= 0.000(-0.700/0.700), Volt=12.4(9.7)
GlobalTracer.printPidInfo_Info: [7.298] encoderYPidCtrl: Target= 228.0, Input= 227.9, Error=   0.0, PIDTerms= 0.026/ 0.000/-0.004/ 0.000, Output= 0.000(-0.600/0.600), Volt=12.4(9.7)
GlobalTracer.printPidInfo_Info: [7.298] gyroTurnPidCtrl: Target= -90.0, Input= -85.8, Error=  -4.2, PIDTerms=-0.050/ 0.000/ 0.000/-0.000, Output=-0.050(-0.700/0.700), Volt=12.4(9.7)
GlobalTracer.postContinuousTask_Info: Stalled=true, Expired=false
GlobalTracer.Robot_Info: [7.394] DRIVE_TO_OPPOSITE_SCALE: xPos= -0.69,yPos=229.41,heading= -85.8/ -90.0,volts=12.5(9.7)
GlobalTracer.printPidInfo_Info: [7.394] encoderXPidCtrl: Target=  -0.7, Input=   0.6, Error=   0.0, PIDTerms= 0.028/ 0.000/ 0.008/ 0.000, Output= 0.000(-0.700/0.700), Volt=12.4(9.7)
GlobalTracer.printPidInfo_Info: [7.394] encoderYPidCtrl: Target= 465.5, Input= 227.9, Error= 236.1, PIDTerms= 0.026/ 0.000/-0.004/ 0.000, Output= 0.000(-0.600/0.600), Volt=12.4(9.7)
GlobalTracer.printPidInfo_Info: [7.394] gyroTurnPidCtrl: Target= -90.0, Input= -85.8, Error=  -4.2, PIDTerms=-0.050/ 0.000/ 0.000/-0.000, Output= 0.000(-0.700/0.700), Volt=12.4(9.7)
GlobalTracer.startCompetition_Warn: AUTO_MODE takes too long (0.128s)

GlobalTracer.printPidInfo_Info: [7.524] encoderXPidCtrl: Target=  -0.7, Input=  -0.7, Error=   0.0, PIDTerms= 0.000/ 0.000/ 0.000/-0.000, Output= 0.000(-0.700/0.700), Volt=10.2(9.7)
GlobalTracer.printPidInfo_Info: [7.524] encoderYPidCtrl: Target= 465.5, Input= 229.4, Error= 236.1, PIDTerms= 7.083/ 0.000/ 0.000/ 0.000, Output= 0.600(-0.600/0.600), Volt=10.2(9.7)
GlobalTracer.printPidInfo_Info: [7.524] gyroTurnPidCtrl: Target= -90.0, Input= -85.8, Error=  -4.2, PIDTerms=-0.051/ 0.000/ 0.000/-0.000, Output=-0.051(-0.700/0.700), Volt=10.2(9.7)
GlobalTracer.printPidInfo_Info: [7.602] encoderXPidCtrl: Target=  -0.7, Input=  -0.5, Error=  -0.1, PIDTerms=-0.022/ 0.000/-0.017/-0.000, Output=-0.039(-0.700/0.700), Volt=10.5(9.7)
GlobalTracer.printPidInfo_Info: [7.602] encoderYPidCtrl: Target= 465.5, Input= 230.4, Error= 235.1, PIDTerms= 7.054/ 0.000/-0.008/ 0.000, Output= 0.600(-0.600/0.600), Volt=10.5(9.7)
GlobalTracer.printPidInfo_Info: [7.602] gyroTurnPidCtrl: Target= -90.0, Input= -85.9, Error=  -4.1, PIDTerms=-0.049/ 0.000/ 0.001/-0.000, Output=-0.048(-0.700/0.700), Volt=10.5(9.7)
GlobalTracer.startCompetition_Warn: AUTO_MODE takes too long (0.114s)

GlobalTracer.printPidInfo_Info: [7.718] encoderXPidCtrl: Target=  -0.7, Input=  -0.3, Error=  -0.4, PIDTerms=-0.063/ 0.000/-0.064/-0.000, Output=-0.128(-0.700/0.700), Volt=10.5(9.7)
GlobalTracer.printPidInfo_Info: [7.718] encoderYPidCtrl: Target= 465.5, Input= 233.1, Error= 232.4, PIDTerms= 6.973/ 0.000/-0.042/ 0.000, Output= 0.600(-0.600/0.600), Volt=10.5(9.7)
GlobalTracer.printPidInfo_Info: [7.718] gyroTurnPidCtrl: Target= -90.0, Input= -87.1, Error=  -2.9, PIDTerms=-0.035/ 0.000/ 0.018/-0.000, Output=-0.017(-0.700/0.700), Volt=10.5(9.7)
GlobalTracer.startCompetition_Warn: AUTO_MODE takes too long (0.158s)

GlobalTracer.printPidInfo_Info: [7.877] encoderXPidCtrl: Target=  -0.7, Input=  -0.2, Error=  -0.5, PIDTerms=-0.074/ 0.000/-0.007/-0.000, Output=-0.081(-0.700/0.700), Volt=10.8(9.7)
GlobalTracer.printPidInfo_Info: [7.877] encoderYPidCtrl: Target= 465.5, Input= 238.3, Error= 227.3, PIDTerms= 6.818/ 0.000/-0.035/ 0.000, Output= 0.600(-0.600/0.600), Volt=10.8(9.7)
GlobalTracer.printPidInfo_Info: [7.877] gyroTurnPidCtrl: Target= -90.0, Input= -89.6, Error=  -0.4, PIDTerms=-0.004/ 0.000/ 0.017/-0.000, Output= 0.013(-0.700/0.700), Volt=10.8(9.7)
GlobalTracer.startCompetition_Warn: AUTO_MODE takes too long (0.120s)

GlobalTracer.printPidInfo_Info: [7.999] encoderXPidCtrl: Target=  -0.7, Input=  -0.4, Error=  -0.3, PIDTerms=-0.042/ 0.000/ 0.020/-0.000, Output=-0.023(-0.700/0.700), Volt=11.1(9.7)
GlobalTracer.printPidInfo_Info: [7.999] encoderYPidCtrl: Target= 465.5, Input= 245.8, Error= 219.7, PIDTerms= 6.592/ 0.000/-0.047/ 0.000, Output= 0.600(-0.600/0.600), Volt=11.1(9.7)
GlobalTracer.printPidInfo_Info: [7.999] gyroTurnPidCtrl: Target= -90.0, Input= -91.9, Error=   1.9, PIDTerms= 0.023/ 0.000/ 0.014/-0.000, Output= 0.037(-0.700/0.700), Volt=11.1(9.7)
GlobalTracer.startCompetition_Warn: AUTO_MODE takes too long (0.121s)

GlobalTracer.printPidInfo_Info: [8.124] encoderXPidCtrl: Target=  -0.7, Input=  -0.4, Error=  -0.3, PIDTerms=-0.043/ 0.000/-0.001/-0.000, Output=-0.044(-0.700/0.700), Volt=11.1(9.7)
GlobalTracer.printPidInfo_Info: [8.124] encoderYPidCtrl: Target= 465.5, Input= 253.3, Error= 212.3, PIDTerms= 6.368/ 0.000/-0.069/ 0.000, Output= 0.600(-0.600/0.600), Volt=11.1(9.7)
GlobalTracer.printPidInfo_Info: [8.124] gyroTurnPidCtrl: Target= -90.0, Input= -92.7, Error=   2.7, PIDTerms= 0.033/ 0.000/ 0.007/-0.000, Output= 0.040(-0.700/0.700), Volt=11.1(9.7)
GlobalTracer.startCompetition_Warn: AUTO_MODE takes too long (0.111s)

GlobalTracer.printPidInfo_Info: [8.235] encoderXPidCtrl: Target=  -0.7, Input=  -0.2, Error=  -0.4, PIDTerms=-0.066/ 0.000/-0.020/-0.000, Output=-0.085(-0.700/0.700), Volt=11.2(9.7)
GlobalTracer.printPidInfo_Info: [8.235] encoderYPidCtrl: Target= 465.5, Input= 261.8, Error= 203.8, PIDTerms= 6.113/ 0.000/-0.074/ 0.000, Output= 0.600(-0.600/0.600), Volt=11.2(9.7)
GlobalTracer.printPidInfo_Info: [8.235] gyroTurnPidCtrl: Target= -90.0, Input= -93.2, Error=   3.2, PIDTerms= 0.038/ 0.000/ 0.004/-0.000, Output= 0.042(-0.700/0.700), Volt=11.2(9.7)
GlobalTracer.printPidInfo_Info: [8.310] encoderXPidCtrl: Target=  -0.7, Input=  -0.1, Error=  -0.6, PIDTerms=-0.089/ 0.000/-0.025/-0.000, Output=-0.114(-0.700/0.700), Volt=11.2(9.7)
GlobalTracer.printPidInfo_Info: [8.310] encoderYPidCtrl: Target= 465.5, Input= 270.9, Error= 194.6, PIDTerms= 5.839/ 0.000/-0.101/ 0.000, Output= 0.600(-0.600/0.600), Volt=11.2(9.7)
GlobalTracer.printPidInfo_Info: [8.310] gyroTurnPidCtrl: Target= -90.0, Input= -93.4, Error=   3.4, PIDTerms= 0.041/ 0.000/ 0.003/-0.000, Output= 0.044(-0.700/0.700), Volt=11.2(9.7)
GlobalTracer.startCompetition_Warn: AUTO_MODE takes too long (0.102s)

GlobalTracer.printPidInfo_Info: [8.414] encoderXPidCtrl: Target=  -0.7, Input=  -0.1, Error=  -0.6, PIDTerms=-0.085/ 0.000/ 0.004/-0.000, Output=-0.081(-0.700/0.700), Volt=11.4(9.7)
GlobalTracer.printPidInfo_Info: [8.414] encoderYPidCtrl: Target= 465.5, Input= 277.3, Error= 188.2, PIDTerms= 5.646/ 0.000/-0.064/ 0.000, Output= 0.600(-0.600/0.600), Volt=11.4(9.7)
GlobalTracer.printPidInfo_Info: [8.414] gyroTurnPidCtrl: Target= -90.0, Input= -93.3, Error=   3.3, PIDTerms= 0.039/ 0.000/-0.002/-0.000, Output= 0.037(-0.700/0.700), Volt=11.4(9.7)
GlobalTracer.startCompetition_Warn: AUTO_MODE takes too long (0.117s)

GlobalTracer.printPidInfo_Info: [8.533] encoderXPidCtrl: Target=  -0.7, Input=  -0.3, Error=  -0.4, PIDTerms=-0.064/ 0.000/ 0.018/-0.000, Output=-0.046(-0.700/0.700), Volt=11.5(9.7)
GlobalTracer.printPidInfo_Info: [8.533] encoderYPidCtrl: Target= 465.5, Input= 285.4, Error= 180.1, PIDTerms= 5.403/ 0.000/-0.072/ 0.000, Output= 0.600(-0.600/0.600), Volt=11.5(9.7)
GlobalTracer.printPidInfo_Info: [8.533] gyroTurnPidCtrl: Target= -90.0, Input= -93.3, Error=   3.3, PIDTerms= 0.040/ 0.000/ 0.001/-0.000, Output= 0.040(-0.700/0.700), Volt=11.5(9.7)
GlobalTracer.printPidInfo_Info: [8.592] encoderXPidCtrl: Target=  -0.7, Input=  -0.2, Error=  -0.4, PIDTerms=-0.067/ 0.000/-0.003/-0.000, Output=-0.070(-0.700/0.700), Volt=11.4(9.7)
GlobalTracer.printPidInfo_Info: [8.592] encoderYPidCtrl: Target= 465.5, Input= 295.7, Error= 169.8, PIDTerms= 5.093/ 0.000/-0.114/ 0.000, Output= 0.600(-0.600/0.600), Volt=11.4(9.7)
GlobalTracer.printPidInfo_Info: [8.592] gyroTurnPidCtrl: Target= -90.0, Input= -93.2, Error=   3.2, PIDTerms= 0.039/ 0.000/-0.001/-0.000, Output= 0.038(-0.700/0.700), Volt=11.4(9.7)
GlobalTracer.printPidInfo_Info: [8.643] encoderXPidCtrl: Target=  -0.7, Input=  -0.2, Error=  -0.5, PIDTerms=-0.068/ 0.000/-0.001/-0.000, Output=-0.069(-0.700/0.700), Volt=11.4(9.7)
GlobalTracer.printPidInfo_Info: [8.643] encoderYPidCtrl: Target= 465.5, Input= 299.1, Error= 166.4, PIDTerms= 4.991/ 0.000/-0.080/ 0.000, Output= 0.600(-0.600/0.600), Volt=11.4(9.7)
GlobalTracer.printPidInfo_Info: [8.643] gyroTurnPidCtrl: Target= -90.0, Input= -93.5, Error=   3.5, PIDTerms= 0.042/ 0.000/ 0.006/-0.000, Output= 0.048(-0.700/0.700), Volt=11.4(9.7)
GlobalTracer.startCompetition_Warn: AUTO_MODE takes too long (0.141s)

GlobalTracer.printPidInfo_Info: [8.785] encoderXPidCtrl: Target=  -0.7, Input=  -0.2, Error=  -0.4, PIDTerms=-0.066/ 0.000/ 0.002/-0.000, Output=-0.064(-0.700/0.700), Volt=11.4(9.7)
GlobalTracer.printPidInfo_Info: [8.785] encoderYPidCtrl: Target= 465.5, Input= 304.4, Error= 161.2, PIDTerms= 4.835/ 0.000/-0.051/ 0.000, Output= 0.600(-0.600/0.600), Volt=11.4(9.7)
GlobalTracer.printPidInfo_Info: [8.785] gyroTurnPidCtrl: Target= -90.0, Input= -93.6, Error=   3.6, PIDTerms= 0.044/ 0.000/ 0.001/-0.000, Output= 0.045(-0.700/0.700), Volt=11.4(9.7)
GlobalTracer.startCompetition_Warn: AUTO_MODE takes too long (0.160s)

GlobalTracer.printPidInfo_Info: [8.947] encoderXPidCtrl: Target=  -0.7, Input=  -0.1, Error=  -0.6, PIDTerms=-0.084/ 0.000/-0.012/-0.000, Output=-0.097(-0.700/0.700), Volt=11.3(9.7)
GlobalTracer.printPidInfo_Info: [8.947] encoderYPidCtrl: Target= 465.5, Input= 318.6, Error= 146.9, PIDTerms= 4.407/ 0.000/-0.096/ 0.000, Output= 0.600(-0.600/0.600), Volt=11.3(9.7)
GlobalTracer.printPidInfo_Info: [8.947] gyroTurnPidCtrl: Target= -90.0, Input= -93.6, Error=   3.6, PIDTerms= 0.043/ 0.000/-0.000/-0.000, Output= 0.042(-0.700/0.700), Volt=11.3(9.7)
GlobalTracer.startCompetition_Warn: AUTO_MODE takes too long (0.130s)

GlobalTracer.printPidInfo_Info: [9.078] encoderXPidCtrl: Target=  -0.7, Input=  -0.1, Error=  -0.6, PIDTerms=-0.087/ 0.000/-0.002/-0.000, Output=-0.089(-0.700/0.700), Volt=11.4(9.7)
GlobalTracer.printPidInfo_Info: [9.078] encoderYPidCtrl: Target= 465.5, Input= 332.7, Error= 132.8, PIDTerms= 3.985/ 0.000/-0.097/ 0.000, Output= 0.600(-0.600/0.600), Volt=11.4(9.7)
GlobalTracer.printPidInfo_Info: [9.078] gyroTurnPidCtrl: Target= -90.0, Input= -93.8, Error=   3.8, PIDTerms= 0.045/ 0.000/ 0.001/-0.000, Output= 0.046(-0.700/0.700), Volt=11.4(9.7)
GlobalTracer.startCompetition_Warn: AUTO_MODE takes too long (0.162s)

GlobalTracer.printPidInfo_Info: [9.240] encoderXPidCtrl: Target=  -0.7, Input=  -0.0, Error=  -0.7, PIDTerms=-0.098/ 0.000/-0.007/-0.000, Output=-0.105(-0.700/0.700), Volt=11.6(9.7)
GlobalTracer.printPidInfo_Info: [9.240] encoderYPidCtrl: Target= 465.5, Input= 344.1, Error= 121.4, PIDTerms= 3.643/ 0.000/-0.077/ 0.000, Output= 0.600(-0.600/0.600), Volt=11.6(9.7)
GlobalTracer.printPidInfo_Info: [9.240] gyroTurnPidCtrl: Target= -90.0, Input= -93.5, Error=   3.5, PIDTerms= 0.042/ 0.000/-0.002/-0.000, Output= 0.040(-0.700/0.700), Volt=11.6(9.7)
GlobalTracer.startCompetition_Warn: AUTO_MODE takes too long (0.101s)

GlobalTracer.printPidInfo_Info: [9.345] encoderXPidCtrl: Target=  -0.7, Input=  -0.3, Error=  -0.4, PIDTerms=-0.054/ 0.000/ 0.031/-0.000, Output=-0.023(-0.700/0.700), Volt=11.4(9.7)
GlobalTracer.printPidInfo_Info: [9.345] encoderYPidCtrl: Target= 465.5, Input= 358.1, Error= 107.4, PIDTerms= 3.222/ 0.000/-0.099/ 0.000, Output= 0.600(-0.600/0.600), Volt=11.4(9.7)
GlobalTracer.printPidInfo_Info: [9.345] gyroTurnPidCtrl: Target= -90.0, Input= -93.0, Error=   3.0, PIDTerms= 0.036/ 0.000/-0.004/-0.000, Output= 0.032(-0.700/0.700), Volt=11.4(9.7)
GlobalTracer.printPidInfo_Info: [9.413] encoderXPidCtrl: Target=  -0.7, Input=  -0.6, Error=  -0.1, PIDTerms=-0.010/ 0.000/ 0.054/-0.000, Output= 0.044(-0.700/0.700), Volt=11.4(9.7)
GlobalTracer.printPidInfo_Info: [9.413] encoderYPidCtrl: Target= 465.5, Input= 366.3, Error=  99.2, PIDTerms= 2.976/ 0.000/-0.100/ 0.000, Output= 0.600(-0.600/0.600), Volt=11.3(9.7)
GlobalTracer.printPidInfo_Info: [9.413] gyroTurnPidCtrl: Target= -90.0, Input= -92.4, Error=   2.4, PIDTerms= 0.028/ 0.000/-0.008/-0.000, Output= 0.021(-0.700/0.700), Volt=11.3(9.7)
GlobalTracer.printPidInfo_Info: [9.502] encoderXPidCtrl: Target=  -0.7, Input=  -0.5, Error=  -0.2, PIDTerms=-0.025/ 0.000/-0.019/-0.000, Output=-0.044(-0.700/0.700), Volt=11.6(9.7)
GlobalTracer.printPidInfo_Info: [9.502] encoderYPidCtrl: Target= 465.5, Input= 373.2, Error=  92.4, PIDTerms= 2.771/ 0.000/-0.080/ 0.000, Output= 0.600(-0.600/0.600), Volt=11.6(9.7)
GlobalTracer.printPidInfo_Info: [9.502] gyroTurnPidCtrl: Target= -90.0, Input= -91.9, Error=   1.9, PIDTerms= 0.022/ 0.000/-0.006/-0.000, Output= 0.016(-0.700/0.700), Volt=11.6(9.7)
GlobalTracer.printPidInfo_Info: [9.574] encoderXPidCtrl: Target=  -0.7, Input=  -0.5, Error=  -0.2, PIDTerms=-0.034/ 0.000/-0.015/-0.000, Output=-0.048(-0.700/0.700), Volt=11.5(9.7)
GlobalTracer.printPidInfo_Info: [9.574] encoderYPidCtrl: Target= 465.5, Input= 380.3, Error=  85.3, PIDTerms= 2.558/ 0.000/-0.129/ 0.000, Output= 0.600(-0.600/0.600), Volt=11.5(9.7)
GlobalTracer.printPidInfo_Info: [9.574] gyroTurnPidCtrl: Target= -90.0, Input= -92.0, Error=   2.0, PIDTerms= 0.024/ 0.000/ 0.003/-0.000, Output= 0.027(-0.700/0.700), Volt=11.5(9.7)
GlobalTracer.printPidInfo_Info: [9.650] encoderXPidCtrl: Target=  -0.7, Input=  -0.4, Error=  -0.3, PIDTerms=-0.045/ 0.000/-0.011/-0.000, Output=-0.055(-0.700/0.700), Volt=11.5(9.7)
GlobalTracer.printPidInfo_Info: [9.650] encoderYPidCtrl: Target= 465.5, Input= 387.9, Error=  77.6, PIDTerms= 2.327/ 0.000/-0.073/ 0.000, Output= 0.600(-0.600/0.600), Volt=11.5(9.7)
GlobalTracer.printPidInfo_Info: [9.650] gyroTurnPidCtrl: Target= -90.0, Input= -92.5, Error=   2.5, PIDTerms= 0.030/ 0.000/ 0.004/-0.000, Output= 0.034(-0.700/0.700), Volt=11.6(9.7)
GlobalTracer.printPidInfo_Info: [9.711] encoderXPidCtrl: Target=  -0.7, Input=  -0.4, Error=  -0.3, PIDTerms=-0.047/ 0.000/-0.004/-0.000, Output=-0.051(-0.700/0.700), Volt=11.3(9.7)
GlobalTracer.printPidInfo_Info: [9.711] encoderYPidCtrl: Target= 465.5, Input= 393.5, Error=  72.0, PIDTerms= 2.160/ 0.000/-0.092/ 0.000, Output= 0.600(-0.600/0.600), Volt=11.3(9.7)
GlobalTracer.printPidInfo_Info: [9.711] gyroTurnPidCtrl: Target= -90.0, Input= -92.9, Error=   2.9, PIDTerms= 0.035/ 0.000/ 0.007/-0.000, Output= 0.042(-0.700/0.700), Volt=11.3(9.7)
GlobalTracer.printPidInfo_Info: [9.783] encoderXPidCtrl: Target=  -0.7, Input=  -0.3, Error=  -0.4, PIDTerms=-0.059/ 0.000/-0.017/-0.000, Output=-0.077(-0.700/0.700), Volt=11.4(9.7)
GlobalTracer.printPidInfo_Info: [9.783] encoderYPidCtrl: Target= 465.5, Input= 400.8, Error=  64.7, PIDTerms= 1.940/ 0.000/-0.105/ 0.000, Output= 0.600(-0.600/0.600), Volt=11.4(9.7)
GlobalTracer.printPidInfo_Info: [9.783] gyroTurnPidCtrl: Target= -90.0, Input= -92.9, Error=   2.9, PIDTerms= 0.035/ 0.000/ 0.000/-0.000, Output= 0.035(-0.700/0.700), Volt=11.4(9.7)
GlobalTracer.printPidInfo_Info: [9.834] encoderXPidCtrl: Target=  -0.7, Input=  -0.3, Error=  -0.4, PIDTerms=-0.062/ 0.000/-0.005/-0.000, Output=-0.068(-0.700/0.700), Volt=11.5(9.7)
GlobalTracer.printPidInfo_Info: [9.834] encoderYPidCtrl: Target= 465.5, Input= 406.0, Error=  59.5, PIDTerms= 1.786/ 0.000/-0.092/ 0.000, Output= 0.600(-0.600/0.600), Volt=11.4(9.7)
GlobalTracer.printPidInfo_Info: [9.834] gyroTurnPidCtrl: Target= -90.0, Input= -92.6, Error=   2.6, PIDTerms= 0.031/ 0.000/-0.005/-0.000, Output= 0.026(-0.700/0.700), Volt=11.4(9.7)
GlobalTracer.printPidInfo_Info: [9.921] encoderXPidCtrl: Target=  -0.7, Input=  -0.2, Error=  -0.5, PIDTerms=-0.069/ 0.000/-0.008/-0.000, Output=-0.077(-0.700/0.700), Volt=11.3(9.7)
GlobalTracer.printPidInfo_Info: [9.921] encoderYPidCtrl: Target= 465.5, Input= 411.3, Error=  54.3, PIDTerms= 1.628/ 0.000/-0.068/ 0.000, Output= 0.600(-0.600/0.600), Volt=11.3(9.7)
GlobalTracer.printPidInfo_Info: [9.921] gyroTurnPidCtrl: Target= -90.0, Input= -92.5, Error=   2.5, PIDTerms= 0.030/ 0.000/-0.001/-0.000, Output= 0.028(-0.700/0.700), Volt=11.4(9.7)
GlobalTracer.printPidInfo_Info: [9.989] encoderXPidCtrl: Target=  -0.7, Input=  -0.1, Error=  -0.6, PIDTerms=-0.086/ 0.000/-0.025/-0.000, Output=-0.111(-0.700/0.700), Volt=11.4(9.7)
GlobalTracer.printPidInfo_Info: [9.989] encoderYPidCtrl: Target= 465.5, Input= 418.3, Error=  47.2, PIDTerms= 1.417/ 0.000/-0.099/ 0.000, Output= 0.600(-0.600/0.600), Volt=11.4(9.7)
GlobalTracer.printPidInfo_Info: [9.989] gyroTurnPidCtrl: Target= -90.0, Input= -92.2, Error=   2.2, PIDTerms= 0.026/ 0.000/-0.004/-0.000, Output= 0.022(-0.700/0.700), Volt=11.4(9.7)
GlobalTracer.printPidInfo_Info: [10.055] encoderXPidCtrl: Target=  -0.7, Input=  -0.1, Error=  -0.6, PIDTerms=-0.083/ 0.000/ 0.005/-0.000, Output=-0.078(-0.700/0.700), Volt=11.4(9.7)
GlobalTracer.printPidInfo_Info: [10.055] encoderYPidCtrl: Target= 465.5, Input= 423.6, Error=  41.9, PIDTerms= 1.257/ 0.000/-0.074/ 0.000, Output= 0.600(-0.600/0.600), Volt=11.4(9.7)
GlobalTracer.printPidInfo_Info: [10.055] gyroTurnPidCtrl: Target= -90.0, Input= -92.0, Error=   2.0, PIDTerms= 0.024/ 0.000/-0.003/-0.000, Output= 0.021(-0.700/0.700), Volt=11.4(9.7)
GlobalTracer.printPidInfo_Info: [10.114] encoderXPidCtrl: Target=  -0.7, Input=  -0.2, Error=  -0.5, PIDTerms=-0.071/ 0.000/ 0.023/-0.000, Output=-0.047(-0.700/0.700), Volt=11.5(9.7)
GlobalTracer.printPidInfo_Info: [10.114] encoderYPidCtrl: Target= 465.5, Input= 430.7, Error=  34.8, PIDTerms= 1.045/ 0.000/-0.135/ 0.000, Output= 0.600(-0.600/0.600), Volt=11.5(9.7)
GlobalTracer.printPidInfo_Info: [10.114] gyroTurnPidCtrl: Target= -90.0, Input= -91.8, Error=   1.8, PIDTerms= 0.022/ 0.000/-0.003/-0.000, Output= 0.019(-0.700/0.700), Volt=11.5(9.7)
GlobalTracer.printPidInfo_Info: [10.171] encoderXPidCtrl: Target=  -0.7, Input=  -0.1, Error=  -0.5, PIDTerms=-0.082/ 0.000/-0.018/-0.000, Output=-0.100(-0.700/0.700), Volt=11.5(9.7)
GlobalTracer.printPidInfo_Info: [10.171] encoderYPidCtrl: Target= 465.5, Input= 435.9, Error=  29.6, PIDTerms= 0.887/ 0.000/-0.079/ 0.000, Output= 0.600(-0.600/0.600), Volt=11.5(9.7)
GlobalTracer.printPidInfo_Info: [10.171] gyroTurnPidCtrl: Target= -90.0, Input= -91.7, Error=   1.7, PIDTerms= 0.020/ 0.000/-0.002/-0.000, Output= 0.018(-0.700/0.700), Volt=11.5(9.7)
GlobalTracer.printPidInfo_Info: [10.214] encoderXPidCtrl: Target=  -0.7, Input=  -0.1, Error=  -0.6, PIDTerms=-0.092/ 0.000/-0.023/-0.000, Output=-0.115(-0.700/0.700), Volt=11.3(9.7)
GlobalTracer.printPidInfo_Info: [10.214] encoderYPidCtrl: Target= 465.5, Input= 439.6, Error=  25.9, PIDTerms= 0.778/ 0.000/-0.086/ 0.000, Output= 0.600(-0.600/0.600), Volt=11.4(9.7)
GlobalTracer.printPidInfo_Info: [10.214] gyroTurnPidCtrl: Target= -90.0, Input= -91.6, Error=   1.6, PIDTerms= 0.020/ 0.000/-0.001/-0.000, Output= 0.018(-0.700/0.700), Volt=11.4(9.7)
GlobalTracer.printPidInfo_Info: [10.254] encoderXPidCtrl: Target=  -0.7, Input=  -0.1, Error=  -0.6, PIDTerms=-0.086/ 0.000/ 0.016/-0.000, Output=-0.070(-0.700/0.700), Volt=11.6(9.7)
GlobalTracer.printPidInfo_Info: [10.254] encoderYPidCtrl: Target= 465.5, Input= 445.0, Error=  20.5, PIDTerms= 0.615/ 0.000/-0.137/ 0.000, Output= 0.477(-0.600/0.600), Volt=11.6(9.7)
GlobalTracer.printPidInfo_Info: [10.254] gyroTurnPidCtrl: Target= -90.0, Input= -91.7, Error=   1.7, PIDTerms= 0.021/ 0.000/ 0.002/-0.000, Output= 0.023(-0.700/0.700), Volt=11.6(9.7)
GlobalTracer.printPidInfo_Info: [10.307] encoderXPidCtrl: Target=  -0.7, Input=  -0.2, Error=  -0.5, PIDTerms=-0.080/ 0.000/ 0.011/-0.000, Output=-0.069(-0.700/0.700), Volt=11.5(9.7)
GlobalTracer.printPidInfo_Info: [10.307] encoderYPidCtrl: Target= 465.5, Input= 448.6, Error=  16.9, PIDTerms= 0.506/ 0.000/-0.069/ 0.000, Output= 0.437(-0.600/0.600), Volt=11.5(9.7)
GlobalTracer.printPidInfo_Info: [10.307] gyroTurnPidCtrl: Target= -90.0, Input= -91.8, Error=   1.8, PIDTerms= 0.022/ 0.000/ 0.002/-0.000, Output= 0.023(-0.700/0.700), Volt=11.5(9.7)
GlobalTracer.printPidInfo_Info: [10.346] encoderXPidCtrl: Target=  -0.7, Input=  -0.3, Error=  -0.4, PIDTerms=-0.060/ 0.000/ 0.061/-0.000, Output= 0.001(-0.700/0.700), Volt=11.5(9.7)
GlobalTracer.printPidInfo_Info: [10.346] encoderYPidCtrl: Target= 465.5, Input= 451.5, Error=  14.0, PIDTerms= 0.421/ 0.000/-0.087/ 0.000, Output= 0.335(-0.600/0.600), Volt=11.5(9.7)
GlobalTracer.printPidInfo_Info: [10.346] gyroTurnPidCtrl: Target= -90.0, Input= -94.8, Error=   4.8, PIDTerms= 0.058/ 0.000/ 0.092/-0.000, Output= 0.150(-0.700/0.700), Volt=11.5(9.7)
GlobalTracer.printPidInfo_Info: [10.385] encoderXPidCtrl: Target=  -0.7, Input=  -1.0, Error=   0.3, PIDTerms= 0.043/ 0.000/ 0.268/-0.000, Output= 0.311(-0.700/0.700), Volt=9.6(9.6)
GlobalTracer.printPidInfo_Info: [10.385] encoderYPidCtrl: Target= 465.5, Input= 453.7, Error=  11.8, PIDTerms= 0.355/ 0.000/-0.057/ 0.000, Output= 0.298(-0.600/0.600), Volt=9.6(9.6)
GlobalTracer.printPidInfo_Info: [10.385] gyroTurnPidCtrl: Target= -90.0, Input=-103.7, Error=  13.7, PIDTerms= 0.165/ 0.000/ 0.231/-0.000, Output= 0.396(-0.700/0.700), Volt=9.6(9.6)
GlobalTracer.printPidInfo_Info: [10.427] encoderXPidCtrl: Target=  -0.7, Input=  -1.8, Error=   1.1, PIDTerms= 0.167/ 0.000/ 0.253/-0.000, Output= 0.420(-0.700/0.700), Volt=9.6(9.6)
GlobalTracer.printPidInfo_Info: [10.427] encoderYPidCtrl: Target= 465.5, Input= 455.7, Error=   9.9, PIDTerms= 0.296/ 0.000/-0.040/ 0.000, Output= 0.255(-0.600/0.600), Volt=9.6(9.6)
GlobalTracer.printPidInfo_Info: [10.427] gyroTurnPidCtrl: Target= -90.0, Input=-110.1, Error=  20.1, PIDTerms= 0.242/ 0.000/ 0.131/-0.000, Output= 0.373(-0.700/0.700), Volt=9.6(9.6)
GlobalTracer.printPidInfo_Info: [10.465] encoderXPidCtrl: Target=  -0.7, Input=  -2.0, Error=   1.3, PIDTerms= 0.201/ 0.000/ 0.088/-0.000, Output= 0.289(-0.700/0.700), Volt=9.6(9.6)
GlobalTracer.printPidInfo_Info: [10.465] encoderYPidCtrl: Target= 465.5, Input= 457.0, Error=   8.5, PIDTerms= 0.254/ 0.000/-0.036/ 0.000, Output= 0.218(-0.600/0.600), Volt=9.6(9.6)
GlobalTracer.printPidInfo_Info: [10.465] gyroTurnPidCtrl: Target= -90.0, Input=-119.0, Error=  29.0, PIDTerms= 0.348/ 0.000/ 0.232/-0.000, Output= 0.579(-0.700/0.700), Volt=9.6(9.6)
GlobalTracer.printPidInfo_Info: [10.504] encoderXPidCtrl: Target=  -0.7, Input=  -1.8, Error=   1.1, PIDTerms= 0.169/ 0.000/-0.082/-0.000, Output= 0.088(-0.700/0.700), Volt=9.2(9.2)
GlobalTracer.printPidInfo_Info: [10.504] encoderYPidCtrl: Target= 465.5, Input= 457.6, Error=   7.9, PIDTerms= 0.236/ 0.000/-0.016/ 0.000, Output= 0.220(-0.600/0.600), Volt=9.2(9.2)
GlobalTracer.printPidInfo_Info: [10.504] gyroTurnPidCtrl: Target= -90.0, Input=-126.6, Error=  36.6, PIDTerms= 0.439/ 0.000/ 0.200/-0.000, Output= 0.638(-0.700/0.700), Volt=9.2(9.2)
GlobalTracer.printPidInfo_Info: [10.548] encoderXPidCtrl: Target=  -0.7, Input=  -1.1, Error=   0.4, PIDTerms= 0.067/ 0.000/-0.227/-0.000, Output=-0.160(-0.700/0.700), Volt=10.4(9.2)
GlobalTracer.printPidInfo_Info: [10.548] encoderYPidCtrl: Target= 465.5, Input= 458.1, Error=   7.4, PIDTerms= 0.222/ 0.000/-0.011/ 0.000, Output= 0.211(-0.600/0.600), Volt=10.4(9.2)
GlobalTracer.printPidInfo_Info: [10.548] gyroTurnPidCtrl: Target= -90.0, Input=-130.7, Error=  40.7, PIDTerms= 0.488/ 0.000/ 0.091/-0.000, Output= 0.579(-0.700/0.700), Volt=10.4(9.2)
GlobalTracer.printPidInfo_Info: [10.588] encoderXPidCtrl: Target=  -0.7, Input=  -0.5, Error=  -0.2, PIDTerms=-0.032/ 0.000/-0.249/-0.000, Output=-0.281(-0.700/0.700), Volt=10.4(9.2)
GlobalTracer.printPidInfo_Info: [10.588] encoderYPidCtrl: Target= 465.5, Input= 459.6, Error=   5.9, PIDTerms= 0.176/ 0.000/-0.038/ 0.000, Output= 0.138(-0.600/0.600), Volt=10.4(9.2)
GlobalTracer.printPidInfo_Info: [10.588] gyroTurnPidCtrl: Target= -90.0, Input=-133.3, Error=  43.3, PIDTerms= 0.520/ 0.000/ 0.067/-0.000, Output= 0.587(-0.700/0.700), Volt=10.4(9.2)
GlobalTracer.printPidInfo_Info: [10.627] encoderXPidCtrl: Target=  -0.7, Input=   0.0, Error=  -0.7, PIDTerms=-0.105/ 0.000/-0.219/-0.000, Output=-0.323(-0.700/0.700), Volt=10.3(9.2)
GlobalTracer.printPidInfo_Info: [10.627] encoderYPidCtrl: Target= 465.5, Input= 461.5, Error=   4.0, PIDTerms= 0.121/ 0.000/-0.054/ 0.000, Output= 0.067(-0.600/0.600), Volt=10.3(9.2)
GlobalTracer.printPidInfo_Info: [10.627] gyroTurnPidCtrl: Target= -90.0, Input=-133.7, Error=  43.7, PIDTerms= 0.524/ 0.000/ 0.011/-0.000, Output= 0.535(-0.700/0.700), Volt=10.3(9.2)
GlobalTracer.printPidInfo_Info: [10.672] encoderXPidCtrl: Target=  -0.7, Input=  -0.1, Error=  -0.5, PIDTerms=-0.082/ 0.000/ 0.045/-0.000, Output=-0.038(-0.700/0.700), Volt=11.1(9.2)
GlobalTracer.printPidInfo_Info: [10.672] encoderYPidCtrl: Target= 465.5, Input= 463.2, Error=   2.4, PIDTerms= 0.071/ 0.000/-0.034/ 0.000, Output= 0.037(-0.600/0.600), Volt=11.1(9.2)
GlobalTracer.printPidInfo_Info: [10.672] gyroTurnPidCtrl: Target= -90.0, Input=-132.6, Error=  42.6, PIDTerms= 0.512/ 0.000/-0.021/-0.000, Output= 0.490(-0.700/0.700), Volt=11.1(9.2)
GlobalTracer.printPidInfo_Info: [10.732] encoderXPidCtrl: Target=  -0.7, Input=  -0.3, Error=  -0.4, PIDTerms=-0.056/ 0.000/ 0.053/-0.000, Output=-0.003(-0.700/0.700), Volt=11.2(9.2)
GlobalTracer.printPidInfo_Info: [10.732] encoderYPidCtrl: Target= 465.5, Input= 463.4, Error=   2.1, PIDTerms= 0.063/ 0.000/-0.005/ 0.000, Output= 0.058(-0.600/0.600), Volt=11.3(9.2)
GlobalTracer.printPidInfo_Info: [10.732] gyroTurnPidCtrl: Target= -90.0, Input=-130.1, Error=  40.1, PIDTerms= 0.481/ 0.000/-0.052/-0.000, Output= 0.429(-0.700/0.700), Volt=11.3(9.2)
GlobalTracer.printPidInfo_Info: [10.804] encoderXPidCtrl: Target=  -0.7, Input=  -0.7, Error=   0.0, PIDTerms= 0.002/ 0.000/ 0.075/-0.000, Output= 0.077(-0.700/0.700), Volt=11.4(9.2)
GlobalTracer.printPidInfo_Info: [10.804] encoderYPidCtrl: Target= 465.5, Input= 463.6, Error=   1.9, PIDTerms= 0.057/ 0.000/-0.003/ 0.000, Output= 0.055(-0.600/0.600), Volt=11.4(9.2)
GlobalTracer.printPidInfo_Info: [10.804] gyroTurnPidCtrl: Target= -90.0, Input=-126.0, Error=  36.0, PIDTerms= 0.432/ 0.000/-0.053/-0.000, Output= 0.378(-0.700/0.700), Volt=11.4(9.2)
GlobalTracer.printPidInfo_Info: [10.845] encoderXPidCtrl: Target=  -0.7, Input=  -0.4, Error=  -0.3, PIDTerms=-0.047/ 0.000/-0.110/-0.000, Output=-0.157(-0.700/0.700), Volt=11.6(9.2)
GlobalTracer.printPidInfo_Info: [10.845] encoderYPidCtrl: Target= 465.5, Input= 464.5, Error=   1.0, PIDTerms= 0.031/ 0.000/-0.020/ 0.000, Output= 0.011(-0.600/0.600), Volt=11.6(9.2)
GlobalTracer.printPidInfo_Info: [10.845] gyroTurnPidCtrl: Target= -90.0, Input=-119.4, Error=  29.4, PIDTerms= 0.353/ 0.000/-0.149/-0.000, Output= 0.204(-0.700/0.700), Volt=12.0(9.2)
GlobalTracer.printPidInfo_Info: [10.885] encoderXPidCtrl: Target=  -0.7, Input=  -0.3, Error=  -0.4, PIDTerms=-0.062/ 0.000/-0.037/-0.000, Output=-0.099(-0.700/0.700), Volt=11.9(9.2)
GlobalTracer.printPidInfo_Info: [10.885] encoderYPidCtrl: Target= 465.5, Input= 464.8, Error=   0.7, PIDTerms= 0.021/ 0.000/-0.008/ 0.000, Output= 0.012(-0.600/0.600), Volt=11.9(9.2)
GlobalTracer.printPidInfo_Info: [10.885] gyroTurnPidCtrl: Target= -90.0, Input=-116.7, Error=  26.7, PIDTerms= 0.320/ 0.000/-0.067/-0.000, Output= 0.253(-0.700/0.700), Volt=11.9(9.2)
GlobalTracer.startCompetition_Warn: AUTO_MODE takes too long (0.115s)

GlobalTracer.Robot_Info: [11.008] TURN_TO_SCALE: xPos= -1.06,yPos=466.06,heading=-104.0/   0.0,volts=12.2(9.2)
GlobalTracer.printPidInfo_Info: [11.008] encoderXPidCtrl: Target=  -1.1, Input=  -0.5, Error=   0.0, PIDTerms=-0.026/ 0.000/ 0.033/-0.000, Output= 0.000(-0.700/0.700), Volt=12.2(9.2)
GlobalTracer.printPidInfo_Info: [11.008] encoderYPidCtrl: Target= 466.1, Input= 465.2, Error=   0.0, PIDTerms= 0.011/ 0.000/-0.003/ 0.000, Output= 0.000(-0.600/0.600), Volt=12.3(9.2)
GlobalTracer.printPidInfo_Info: [11.008] gyroTurnPidCtrl: Target=   0.0, Input=-112.7, Error= 104.0, PIDTerms= 0.272/ 0.000/-0.037/-0.000, Output= 0.000(-0.700/0.700), Volt=12.3(9.2)
GlobalTracer.printPidInfo_Info: [11.106] encoderXPidCtrl: Target=  -1.1, Input=  -1.1, Error=   0.0, PIDTerms= 0.000/ 0.000/ 0.000/-0.000, Output= 0.000(-0.700/0.700), Volt=9.8(9.2)
GlobalTracer.printPidInfo_Info: [11.106] encoderYPidCtrl: Target= 466.1, Input= 466.1, Error=   0.0, PIDTerms= 0.000/ 0.000/ 0.000/ 0.000, Output= 0.000(-0.600/0.600), Volt=9.8(9.2)
GlobalTracer.printPidInfo_Info: [11.106] gyroTurnPidCtrl: Target=   0.0, Input=-104.0, Error= 104.0, PIDTerms= 1.248/ 0.000/ 0.000/ 0.000, Output= 0.700(-0.700/0.700), Volt=9.4(9.2)
GlobalTracer.printPidInfo_Info: [11.205] encoderXPidCtrl: Target=  -1.1, Input=  -1.2, Error=   0.1, PIDTerms= 0.022/ 0.000/ 0.019/-0.000, Output= 0.042(-0.700/0.700), Volt=10.0(9.2)
GlobalTracer.printPidInfo_Info: [11.205] encoderYPidCtrl: Target= 466.1, Input= 466.4, Error=  -0.4, PIDTerms=-0.011/ 0.000/-0.003/ 0.000, Output=-0.014(-0.600/0.600), Volt=10.0(9.2)
GlobalTracer.printPidInfo_Info: [11.205] gyroTurnPidCtrl: Target=   0.0, Input=-101.8, Error= 101.8, PIDTerms= 1.222/ 0.000/-0.019/ 0.000, Output= 0.700(-0.700/0.700), Volt=10.0(9.2)
GlobalTracer.startCompetition_Warn: AUTO_MODE takes too long (0.117s)

GlobalTracer.printPidInfo_Info: [11.324] encoderXPidCtrl: Target=  -1.1, Input=  -1.4, Error=   0.3, PIDTerms= 0.045/ 0.000/ 0.026/-0.000, Output= 0.071(-0.700/0.700), Volt=10.0(9.2)
GlobalTracer.printPidInfo_Info: [11.324] encoderYPidCtrl: Target= 466.1, Input= 466.0, Error=   0.1, PIDTerms= 0.002/ 0.000/ 0.005/ 0.000, Output= 0.007(-0.600/0.600), Volt=10.0(9.2)
GlobalTracer.printPidInfo_Info: [11.324] gyroTurnPidCtrl: Target=   0.0, Input= -95.8, Error=  95.8, PIDTerms= 1.149/ 0.000/-0.071/ 0.000, Output= 0.700(-0.700/0.700), Volt=9.7(9.2)
GlobalTracer.startCompetition_Warn: AUTO_MODE takes too long (0.121s)

GlobalTracer.printPidInfo_Info: [11.448] encoderXPidCtrl: Target=  -1.1, Input=  -1.3, Error=   0.2, PIDTerms= 0.033/ 0.000/-0.009/-0.000, Output= 0.024(-0.700/0.700), Volt=10.0(9.2)
GlobalTracer.printPidInfo_Info: [11.448] encoderYPidCtrl: Target= 466.1, Input= 465.8, Error=   0.3, PIDTerms= 0.008/ 0.000/ 0.001/ 0.000, Output= 0.009(-0.600/0.600), Volt=10.0(9.2)
GlobalTracer.printPidInfo_Info: [11.448] gyroTurnPidCtrl: Target=   0.0, Input= -87.6, Error=  87.6, PIDTerms= 1.051/ 0.000/-0.062/ 0.000, Output= 0.700(-0.700/0.700), Volt=10.3(9.2)
GlobalTracer.startCompetition_Warn: AUTO_MODE takes too long (0.116s)

GlobalTracer.printPidInfo_Info: [11.566] encoderXPidCtrl: Target=  -1.1, Input=  -0.4, Error=  -0.6, PIDTerms=-0.096/ 0.000/-0.119/-0.000, Output=-0.215(-0.700/0.700), Volt=10.0(9.2)
GlobalTracer.printPidInfo_Info: [11.566] encoderYPidCtrl: Target= 466.1, Input= 463.8, Error=   2.3, PIDTerms= 0.068/ 0.000/ 0.019/ 0.000, Output= 0.087(-0.600/0.600), Volt=10.1(9.2)
GlobalTracer.printPidInfo_Info: [11.566] gyroTurnPidCtrl: Target=   0.0, Input= -79.1, Error=  79.1, PIDTerms= 0.949/ 0.000/-0.079/ 0.000, Output= 0.700(-0.700/0.700), Volt=10.1(9.2)
GlobalTracer.startCompetition_Warn: AUTO_MODE takes too long (0.116s)

GlobalTracer.printPidInfo_Info: [11.683] encoderXPidCtrl: Target=  -1.1, Input=   0.7, Error=  -1.8, PIDTerms=-0.266/ 0.000/-0.125/-0.000, Output=-0.391(-0.700/0.700), Volt=10.4(9.2)
GlobalTracer.printPidInfo_Info: [11.683] encoderYPidCtrl: Target= 466.1, Input= 462.4, Error=   3.7, PIDTerms= 0.111/ 0.000/ 0.010/ 0.000, Output= 0.121(-0.600/0.600), Volt=10.4(9.2)
GlobalTracer.printPidInfo_Info: [11.683] gyroTurnPidCtrl: Target=   0.0, Input= -65.8, Error=  65.8, PIDTerms= 0.789/ 0.000/-0.098/ 0.000, Output= 0.691(-0.700/0.700), Volt=10.4(9.2)
GlobalTracer.startCompetition_Warn: AUTO_MODE takes too long (0.126s)

GlobalTracer.printPidInfo_Info: [11.811] encoderXPidCtrl: Target=  -1.1, Input=   0.8, Error=  -1.8, PIDTerms=-0.275/ 0.000/-0.007/-0.000, Output=-0.281(-0.700/0.700), Volt=11.1(9.2)
GlobalTracer.printPidInfo_Info: [11.811] encoderYPidCtrl: Target= 466.1, Input= 460.9, Error=   5.2, PIDTerms= 0.155/ 0.000/ 0.012/ 0.000, Output= 0.167(-0.600/0.600), Volt=11.1(9.2)
GlobalTracer.printPidInfo_Info: [11.811] gyroTurnPidCtrl: Target=   0.0, Input= -45.7, Error=  45.7, PIDTerms= 0.548/ 0.000/-0.163/ 0.000, Output= 0.385(-0.700/0.700), Volt=11.2(9.2)
GlobalTracer.startCompetition_Warn: AUTO_MODE takes too long (0.170s)

GlobalTracer.printPidInfo_Info: [11.984] encoderXPidCtrl: Target=  -1.1, Input=  -0.3, Error=  -0.8, PIDTerms=-0.119/ 0.000/ 0.112/-0.000, Output=-0.006(-0.700/0.700), Volt=12.0(9.2)
GlobalTracer.printPidInfo_Info: [11.984] encoderYPidCtrl: Target= 466.1, Input= 461.3, Error=   4.8, PIDTerms= 0.143/ 0.000/-0.003/ 0.000, Output= 0.140(-0.600/0.600), Volt=12.0(9.2)
GlobalTracer.printPidInfo_Info: [11.984] gyroTurnPidCtrl: Target=   0.0, Input= -27.7, Error=  27.7, PIDTerms= 0.332/ 0.000/-0.130/ 0.000, Output= 0.202(-0.700/0.700), Volt=12.0(9.2)
GlobalTracer.printPidInfo_Info: [12.083] encoderXPidCtrl: Target=  -1.1, Input=  -1.5, Error=   0.5, PIDTerms= 0.069/ 0.000/ 0.125/-0.000, Output= 0.194(-0.700/0.700), Volt=11.8(9.2)
GlobalTracer.printPidInfo_Info: [12.083] encoderYPidCtrl: Target= 466.1, Input= 462.1, Error=   4.0, PIDTerms= 0.120/ 0.000/-0.005/ 0.000, Output= 0.114(-0.600/0.600), Volt=11.8(9.2)
GlobalTracer.printPidInfo_Info: [12.083] gyroTurnPidCtrl: Target=   0.0, Input=  -6.6, Error=   6.6, PIDTerms= 0.079/ 0.000/-0.141/ 0.000, Output=-0.062(-0.700/0.700), Volt=11.8(9.2)
GlobalTracer.printPidInfo_Info: [12.153] encoderXPidCtrl: Target=  -1.1, Input=  -1.7, Error=   0.6, PIDTerms= 0.090/ 0.000/ 0.029/-0.000, Output= 0.119(-0.700/0.700), Volt=12.1(9.2)
GlobalTracer.printPidInfo_Info: [12.153] encoderYPidCtrl: Target= 466.1, Input= 463.6, Error=   2.5, PIDTerms= 0.075/ 0.000/-0.020/ 0.000, Output= 0.054(-0.600/0.600), Volt=12.1(9.2)
GlobalTracer.printPidInfo_Info: [12.153] gyroTurnPidCtrl: Target=   0.0, Input=  -1.0, Error=   1.0, PIDTerms= 0.012/ 0.000/-0.076/ 0.000, Output=-0.063(-0.700/0.700), Volt=12.1(9.2)
GlobalTracer.startCompetition_Warn: AUTO_MODE takes too long (0.113s)

GlobalTracer.printPidInfo_Info: [12.270] encoderXPidCtrl: Target=  -1.1, Input=  -1.5, Error=   0.4, PIDTerms= 0.060/ 0.000/-0.032/-0.000, Output= 0.028(-0.700/0.700), Volt=12.3(9.2)
GlobalTracer.printPidInfo_Info: [12.270] encoderYPidCtrl: Target= 466.1, Input= 464.6, Error=   1.5, PIDTerms= 0.045/ 0.000/-0.011/ 0.000, Output= 0.035(-0.600/0.600), Volt=12.3(9.2)
GlobalTracer.printPidInfo_Info: [12.270] gyroTurnPidCtrl: Target=   0.0, Input=   1.9, Error=  -1.9, PIDTerms=-0.022/ 0.000/-0.031/ 0.000, Output=-0.053(-0.700/0.700), Volt=12.3(9.2)
GlobalTracer.printPidInfo_Info: [12.364] encoderXPidCtrl: Target=  -1.1, Input=  -1.4, Error=   0.3, PIDTerms= 0.047/ 0.000/-0.014/-0.000, Output= 0.033(-0.700/0.700), Volt=12.3(9.2)
GlobalTracer.printPidInfo_Info: [12.364] encoderYPidCtrl: Target= 466.1, Input= 465.7, Error=   0.4, PIDTerms= 0.011/ 0.000/-0.012/ 0.000, Output=-0.002(-0.600/0.600), Volt=12.3(9.2)
GlobalTracer.printPidInfo_Info: [12.364] gyroTurnPidCtrl: Target=   0.0, Input=   0.5, Error=  -0.5, PIDTerms=-0.006/ 0.000/ 0.014/ 0.000, Output= 0.009(-0.700/0.700), Volt=12.3(9.2)
GlobalTracer.startCompetition_Warn: AUTO_MODE takes too long (0.111s)

GlobalTracer.Robot_Info: [12.477] FINISH_DRIVE_TO_SCALE: xPos= -1.39,yPos=466.54,heading=   0.8/   0.0,volts=12.3(9.2)
GlobalTracer.printPidInfo_Info: [12.477] encoderXPidCtrl: Target=  -1.4, Input=  -1.4, Error=   0.0, PIDTerms= 0.048/ 0.000/ 0.001/-0.000, Output= 0.000(-0.700/0.700), Volt=12.3(9.2)
GlobalTracer.printPidInfo_Info: [12.477] encoderYPidCtrl: Target= 535.8, Input= 466.2, Error=  69.3, PIDTerms=-0.004/ 0.000/-0.004/ 0.000, Output= 0.000(-0.600/0.600), Volt=12.3(9.2)
GlobalTracer.printPidInfo_Info: [12.477] gyroTurnPidCtrl: Target=   0.0, Input=   0.3, Error=  -0.8, PIDTerms=-0.004/ 0.000/ 0.001/ 0.000, Output= 0.000(-0.700/0.700), Volt=12.4(9.2)
GlobalTracer.printPidInfo_Info: [12.477] elevatorPidController: Target=  35.0, Input=   0.0, Error=  27.0, PIDTerms= 0.000/ 0.000/ 0.000/ 0.000, Output= 0.000(-1.000/1.000), Volt=12.4(9.2)
GlobalTracer.startCompetition_Warn: AUTO_MODE takes too long (0.169s)

GlobalTracer.printPidInfo_Info: [12.649] encoderXPidCtrl: Target=  -1.4, Input=  -1.4, Error=   0.0, PIDTerms= 0.000/ 0.000/ 0.000/-0.000, Output= 0.000(-0.700/0.700), Volt=9.4(9.2)
GlobalTracer.printPidInfo_Info: [12.649] encoderYPidCtrl: Target= 535.8, Input= 466.5, Error=  69.3, PIDTerms= 2.078/ 0.000/ 0.000/ 0.000, Output= 0.600(-0.600/0.600), Volt=9.4(9.2)
GlobalTracer.printPidInfo_Info: [12.649] gyroTurnPidCtrl: Target=   0.0, Input=   0.8, Error=  -0.8, PIDTerms=-0.009/ 0.000/ 0.000/ 0.000, Output=-0.009(-0.700/0.700), Volt=9.6(9.2)
GlobalTracer.printPidInfo_Info: [12.649] elevatorPidController: Target=  35.0, Input=   8.0, Error=  27.0, PIDTerms= 5.394/ 0.002/ 0.000/ 0.000, Output= 1.000(-1.000/1.000), Volt=9.6(9.2)
GlobalTracer.startCompetition_Warn: AUTO_MODE takes too long (0.122s)

GlobalTracer.printPidInfo_Info: [12.772] encoderXPidCtrl: Target=  -1.4, Input=  -1.2, Error=  -0.2, PIDTerms=-0.033/ 0.000/-0.022/-0.000, Output=-0.055(-0.700/0.700), Volt=10.1(9.2)
GlobalTracer.printPidInfo_Info: [12.772] encoderYPidCtrl: Target= 535.8, Input= 467.2, Error=  68.6, PIDTerms= 2.057/ 0.000/-0.005/ 0.000, Output= 0.600(-0.600/0.600), Volt=10.1(9.2)
GlobalTracer.printPidInfo_Info: [12.772] gyroTurnPidCtrl: Target=   0.0, Input=   0.6, Error=  -0.6, PIDTerms=-0.007/ 0.000/ 0.001/ 0.000, Output=-0.006(-0.700/0.700), Volt=10.1(9.2)
GlobalTracer.printPidInfo_Info: [12.772] elevatorPidController: Target=  35.0, Input=  10.2, Error=  24.8, PIDTerms= 4.953/ 0.006/-0.000/ 0.000, Output= 1.000(-1.000/1.000), Volt=10.1(9.2)
GlobalTracer.startCompetition_Warn: AUTO_MODE takes too long (0.181s)

GlobalTracer.printPidInfo_Info: [12.955] encoderXPidCtrl: Target=  -1.4, Input=   0.1, Error=  -1.5, PIDTerms=-0.219/ 0.000/-0.135/-0.000, Output=-0.355(-0.700/0.700), Volt=9.2(9.2)
GlobalTracer.printPidInfo_Info: [12.955] encoderYPidCtrl: Target= 535.8, Input= 471.4, Error=  64.4, PIDTerms= 1.932/ 0.000/-0.030/ 0.000, Output= 0.600(-0.600/0.600), Volt=9.2(9.2)
GlobalTracer.printPidInfo_Info: [12.955] gyroTurnPidCtrl: Target=   0.0, Input=  -1.2, Error=   1.2, PIDTerms= 0.014/ 0.000/ 0.013/ 0.000, Output= 0.027(-0.700/0.700), Volt=9.2(9.2)
GlobalTracer.printPidInfo_Info: [12.955] elevatorPidController: Target=  35.0, Input=  15.4, Error=  19.6, PIDTerms= 3.911/ 0.009/-0.000/ 0.000, Output= 1.000(-1.000/1.000), Volt=9.2(9.2)
GlobalTracer.startCompetition_Warn: AUTO_MODE takes too long (0.127s)

GlobalTracer.printPidInfo_Info: [13.084] encoderXPidCtrl: Target=  -1.4, Input=   0.4, Error=  -1.7, PIDTerms=-0.262/ 0.000/-0.024/-0.000, Output=-0.286(-0.700/0.700), Volt=9.7(9.2)
GlobalTracer.printPidInfo_Info: [13.084] encoderYPidCtrl: Target= 535.8, Input= 479.3, Error=  56.5, PIDTerms= 1.696/ 0.000/-0.043/ 0.000, Output= 0.600(-0.600/0.600), Volt=9.7(9.2)
GlobalTracer.printPidInfo_Info: [13.084] gyroTurnPidCtrl: Target=   0.0, Input=  -3.5, Error=   3.5, PIDTerms= 0.042/ 0.000/ 0.013/ 0.000, Output= 0.055(-0.700/0.700), Volt=9.7(9.2)
GlobalTracer.printPidInfo_Info: [13.084] elevatorPidController: Target=  35.0, Input=  16.7, Error=  18.3, PIDTerms= 3.656/ 0.012/-0.000/ 0.000, Output= 1.000(-1.000/1.000), Volt=9.7(9.2)
GlobalTracer.startCompetition_Warn: AUTO_MODE takes too long (0.120s)

GlobalTracer.printPidInfo_Info: [13.205] encoderXPidCtrl: Target=  -1.4, Input=  -0.5, Error=  -0.9, PIDTerms=-0.137/ 0.000/ 0.113/-0.000, Output=-0.024(-0.700/0.700), Volt=10.1(9.2)
GlobalTracer.printPidInfo_Info: [13.205] encoderYPidCtrl: Target= 535.8, Input= 485.5, Error=  50.3, PIDTerms= 1.509/ 0.000/-0.056/ 0.000, Output= 0.600(-0.600/0.600), Volt=10.1(9.2)
GlobalTracer.printPidInfo_Info: [13.205] gyroTurnPidCtrl: Target=   0.0, Input=  -4.0, Error=   4.0, PIDTerms= 0.048/ 0.000/ 0.005/ 0.000, Output= 0.053(-0.700/0.700), Volt=10.1(9.2)
GlobalTracer.printPidInfo_Info: [13.205] elevatorPidController: Target=  35.0, Input=  19.4, Error=  15.6, PIDTerms= 3.119/ 0.014/-0.000/ 0.000, Output= 1.000(-1.000/1.000), Volt=10.1(9.2)
GlobalTracer.startCompetition_Warn: AUTO_MODE takes too long (0.121s)

GlobalTracer.printPidInfo_Info: [13.328] encoderXPidCtrl: Target=  -1.4, Input=  -0.9, Error=  -0.5, PIDTerms=-0.080/ 0.000/ 0.044/-0.000, Output=-0.036(-0.700/0.700), Volt=10.3(9.2)
GlobalTracer.printPidInfo_Info: [13.328] encoderYPidCtrl: Target= 535.8, Input= 492.0, Error=  43.8, PIDTerms= 1.313/ 0.000/-0.050/ 0.000, Output= 0.600(-0.600/0.600), Volt=10.3(9.2)
GlobalTracer.printPidInfo_Info: [13.328] gyroTurnPidCtrl: Target=   0.0, Input=  -4.2, Error=   4.2, PIDTerms= 0.051/ 0.000/ 0.001/ 0.000, Output= 0.052(-0.700/0.700), Volt=10.3(9.2)
GlobalTracer.printPidInfo_Info: [13.328] elevatorPidController: Target=  35.0, Input=  22.0, Error=  13.0, PIDTerms= 2.607/ 0.015/-0.000/ 0.000, Output= 1.000(-1.000/1.000), Volt=10.3(9.2)
GlobalTracer.startCompetition_Warn: AUTO_MODE takes too long (0.103s)

GlobalTracer.printPidInfo_Info: [13.434] encoderXPidCtrl: Target=  -1.4, Input=  -0.8, Error=  -0.6, PIDTerms=-0.085/ 0.000/-0.005/-0.000, Output=-0.090(-0.700/0.700), Volt=10.4(9.2)
GlobalTracer.printPidInfo_Info: [13.434] encoderYPidCtrl: Target= 535.8, Input= 501.4, Error=  34.4, PIDTerms= 1.032/ 0.000/-0.082/ 0.000, Output= 0.600(-0.600/0.600), Volt=10.4(9.2)
GlobalTracer.printPidInfo_Info: [13.434] gyroTurnPidCtrl: Target=   0.0, Input=  -4.2, Error=   4.2, PIDTerms= 0.050/ 0.000/-0.000/ 0.000, Output= 0.050(-0.700/0.700), Volt=10.4(9.2)
GlobalTracer.printPidInfo_Info: [13.434] elevatorPidController: Target=  35.0, Input=  23.8, Error=  11.2, PIDTerms= 2.240/ 0.017/-0.000/ 0.000, Output= 1.000(-1.000/1.000), Volt=10.4(9.2)
GlobalTracer.startCompetition_Warn: AUTO_MODE takes too long (0.120s)

GlobalTracer.printPidInfo_Info: [13.559] encoderXPidCtrl: Target=  -1.4, Input=  -0.9, Error=  -0.5, PIDTerms=-0.075/ 0.000/ 0.010/-0.000, Output=-0.066(-0.700/0.700), Volt=10.3(9.2)
GlobalTracer.printPidInfo_Info: [13.559] encoderYPidCtrl: Target= 535.8, Input= 508.7, Error=  27.1, PIDTerms= 0.814/ 0.000/-0.072/ 0.000, Output= 0.600(-0.600/0.600), Volt=10.3(9.2)
GlobalTracer.printPidInfo_Info: [13.559] gyroTurnPidCtrl: Target=   0.0, Input=  -4.1, Error=   4.1, PIDTerms= 0.049/ 0.000/-0.001/ 0.000, Output= 0.048(-0.700/0.700), Volt=10.3(9.2)
GlobalTracer.printPidInfo_Info: [13.559] elevatorPidController: Target=  35.0, Input=  27.3, Error=   7.7, PIDTerms= 1.543/ 0.018/-0.000/ 0.000, Output= 1.000(-1.000/1.000), Volt=10.4(9.2)
GlobalTracer.startCompetition_Warn: AUTO_MODE takes too long (0.124s)

GlobalTracer.printPidInfo_Info: [13.684] encoderXPidCtrl: Target=  -1.4, Input=  -1.0, Error=  -0.4, PIDTerms=-0.062/ 0.000/ 0.011/-0.000, Output=-0.051(-0.700/0.700), Volt=10.8(9.2)
GlobalTracer.printPidInfo_Info: [13.684] encoderYPidCtrl: Target= 535.8, Input= 518.0, Error=  17.8, PIDTerms= 0.534/ 0.000/-0.079/ 0.000, Output= 0.456(-0.600/0.600), Volt=10.8(9.2)
GlobalTracer.printPidInfo_Info: [13.684] gyroTurnPidCtrl: Target=   0.0, Input=  -3.6, Error=   3.6, PIDTerms= 0.043/ 0.000/-0.004/ 0.000, Output= 0.039(-0.700/0.700), Volt=10.8(9.2)
GlobalTracer.printPidInfo_Info: [13.684] elevatorPidController: Target=  35.0, Input=  30.4, Error=   4.6, PIDTerms= 0.914/ 0.018/-0.000/ 0.000, Output= 0.932(-1.000/1.000), Volt=10.8(9.2)
GlobalTracer.startCompetition_Warn: AUTO_MODE takes too long (0.103s)

GlobalTracer.printPidInfo_Info: [13.789] encoderXPidCtrl: Target=  -1.4, Input=  -1.1, Error=  -0.3, PIDTerms=-0.043/ 0.000/ 0.016/-0.000, Output=-0.028(-0.700/0.700), Volt=11.9(9.2)
GlobalTracer.printPidInfo_Info: [13.789] encoderYPidCtrl: Target= 535.8, Input= 527.6, Error=   8.2, PIDTerms= 0.247/ 0.000/-0.078/ 0.000, Output= 0.169(-0.600/0.600), Volt=11.9(9.2)
GlobalTracer.printPidInfo_Info: [13.789] gyroTurnPidCtrl: Target=   0.0, Input=  -2.8, Error=   2.8, PIDTerms= 0.033/ 0.000/-0.007/ 0.000, Output= 0.026(-0.700/0.700), Volt=11.9(9.2)
GlobalTracer.printPidInfo_Info: [13.789] elevatorPidController: Target=  35.0, Input=  32.1, Error=   2.9, PIDTerms= 0.588/ 0.018/-0.000/ 0.000, Output= 0.607(-1.000/1.000), Volt=11.9(9.2)
GlobalTracer.startCompetition_Warn: AUTO_MODE takes too long (0.168s)

GlobalTracer.printPidInfo_Info: [13.959] encoderXPidCtrl: Target=  -1.4, Input=  -1.0, Error=  -0.4, PIDTerms=-0.056/ 0.000/-0.009/-0.000, Output=-0.065(-0.700/0.700), Volt=12.2(9.2)
GlobalTracer.printPidInfo_Info: [13.959] encoderYPidCtrl: Target= 535.8, Input= 535.4, Error=   0.4, PIDTerms= 0.013/ 0.000/-0.055/ 0.000, Output=-0.042(-0.600/0.600), Volt=12.2(9.2)
GlobalTracer.printPidInfo_Info: [13.959] gyroTurnPidCtrl: Target=   0.0, Input=  -2.3, Error=   2.3, PIDTerms= 0.028/ 0.000/-0.003/ 0.000, Output= 0.024(-0.700/0.700), Volt=12.2(9.2)
GlobalTracer.printPidInfo_Info: [13.959] elevatorPidController: Target=  35.0, Input=  34.8, Error=   0.2, PIDTerms= 0.032/ 0.018/-0.000/ 0.000, Output= 0.051(-1.000/1.000), Volt=12.2(9.2)
GlobalTracer.startCompetition_Warn: AUTO_MODE takes too long (0.125s)

GlobalTracer.printPidInfo_Info: [14.086] encoderXPidCtrl: Target=  -1.4, Input=  -2.2, Error=   0.8, PIDTerms= 0.117/ 0.000/ 0.117/-0.000, Output= 0.234(-0.700/0.700), Volt=10.9(9.2)
GlobalTracer.printPidInfo_Info: [14.086] encoderYPidCtrl: Target= 535.8, Input= 545.2, Error=  -9.4, PIDTerms=-0.283/ 0.000/-0.067/ 0.000, Output=-0.349(-0.600/0.600), Volt=10.9(9.2)
GlobalTracer.printPidInfo_Info: [14.086] gyroTurnPidCtrl: Target=   0.0, Input=  -1.4, Error=   1.4, PIDTerms= 0.017/ 0.000/-0.006/ 0.000, Output= 0.011(-0.700/0.700), Volt=11.0(9.2)
GlobalTracer.printPidInfo_Info: [14.086] elevatorPidController: Target=  35.0, Input=  35.1, Error=  -0.1, PIDTerms=-0.026/ 0.018/-0.000/ 0.000, Output=-0.008(-1.000/1.000), Volt=11.0(9.2)
GlobalTracer.startCompetition_Warn: AUTO_MODE takes too long (0.138s)

GlobalTracer.printPidInfo_Info: [14.225] encoderXPidCtrl: Target=  -1.4, Input=  -2.4, Error=   1.1, PIDTerms= 0.159/ 0.000/ 0.039/-0.000, Output= 0.198(-0.700/0.700), Volt=11.6(9.2)
GlobalTracer.printPidInfo_Info: [14.225] encoderYPidCtrl: Target= 535.8, Input= 547.7, Error= -11.9, PIDTerms=-0.357/ 0.000/-0.023/ 0.000, Output=-0.380(-0.600/0.600), Volt=11.6(9.2)
GlobalTracer.printPidInfo_Info: [14.225] gyroTurnPidCtrl: Target=   0.0, Input=  -0.6, Error=   0.6, PIDTerms= 0.008/ 0.000/-0.008/ 0.000, Output=-0.000(-0.700/0.700), Volt=11.6(9.2)
GlobalTracer.printPidInfo_Info: [14.225] elevatorPidController: Target=  35.0, Input=  34.9, Error=   0.1, PIDTerms= 0.014/ 0.018/ 0.000/ 0.000, Output= 0.032(-1.000/1.000), Volt=11.6(9.2)
GlobalTracer.startCompetition_Warn: AUTO_MODE takes too long (0.146s)

GlobalTracer.printPidInfo_Info: [14.373] encoderXPidCtrl: Target=  -1.4, Input=  -0.1, Error=  -1.3, PIDTerms=-0.195/ 0.000/-0.222/-0.000, Output=-0.416(-0.700/0.700), Volt=11.5(9.2)
GlobalTracer.printPidInfo_Info: [14.373] encoderYPidCtrl: Target= 535.8, Input= 543.2, Error=  -7.4, PIDTerms=-0.221/ 0.000/ 0.029/ 0.000, Output=-0.192(-0.600/0.600), Volt=11.5(9.2)
GlobalTracer.printPidInfo_Info: [14.373] gyroTurnPidCtrl: Target=   0.0, Input=   0.2, Error=  -0.2, PIDTerms=-0.002/ 0.000/-0.005/ 0.000, Output=-0.007(-0.700/0.700), Volt=11.5(9.2)
GlobalTracer.printPidInfo_Info: [14.373] elevatorPidController: Target=  35.0, Input=  34.7, Error=   0.3, PIDTerms= 0.064/ 0.018/ 0.000/ 0.000, Output= 0.082(-1.000/1.000), Volt=11.5(9.2)
GlobalTracer.startCompetition_Warn: AUTO_MODE takes too long (0.176s)

GlobalTracer.printPidInfo_Info: [14.549] encoderXPidCtrl: Target=  -1.4, Input=   0.3, Error=  -1.7, PIDTerms=-0.258/ 0.000/-0.038/-0.000, Output=-0.296(-0.700/0.700), Volt=11.7(9.2)
GlobalTracer.printPidInfo_Info: [14.549] encoderYPidCtrl: Target= 535.8, Input= 536.9, Error=  -1.1, PIDTerms=-0.033/ 0.000/ 0.038/ 0.000, Output= 0.005(-0.600/0.600), Volt=11.7(9.2)
GlobalTracer.printPidInfo_Info: [14.549] gyroTurnPidCtrl: Target=   0.0, Input=  -0.8, Error=   0.8, PIDTerms= 0.009/ 0.000/ 0.006/ 0.000, Output= 0.015(-0.700/0.700), Volt=11.7(9.2)
GlobalTracer.printPidInfo_Info: [14.549] elevatorPidController: Target=  35.0, Input=  34.7, Error=   0.3, PIDTerms= 0.070/ 0.019/ 0.000/ 0.000, Output= 0.088(-1.000/1.000), Volt=11.7(9.2)
GlobalTracer.startCompetition_Warn: AUTO_MODE takes too long (0.150s)

GlobalTracer.printPidInfo_Info: [14.702] encoderXPidCtrl: Target=  -1.4, Input=  -2.3, Error=   1.0, PIDTerms= 0.144/ 0.000/ 0.228/-0.000, Output= 0.371(-0.700/0.700), Volt=11.1(9.2)
GlobalTracer.printPidInfo_Info: [14.702] encoderYPidCtrl: Target= 535.8, Input= 531.7, Error=   4.1, PIDTerms= 0.124/ 0.000/ 0.030/ 0.000, Output= 0.154(-0.600/0.600), Volt=11.1(9.2)
GlobalTracer.printPidInfo_Info: [14.702] gyroTurnPidCtrl: Target=   0.0, Input=   1.2, Error=  -1.2, PIDTerms=-0.014/ 0.000/-0.011/ 0.000, Output=-0.025(-0.700/0.700), Volt=11.1(9.2)
GlobalTracer.printPidInfo_Info: [14.702] elevatorPidController: Target=  35.0, Input=  34.6, Error=   0.4, PIDTerms= 0.074/ 0.019/ 0.000/ 0.000, Output= 0.093(-1.000/1.000), Volt=11.1(9.2)
GlobalTracer.startCompetition_Warn: AUTO_MODE takes too long (0.167s)

GlobalTracer.printPidInfo_Info: [14.870] encoderXPidCtrl: Target=  -1.4, Input=  -2.4, Error=   1.0, PIDTerms= 0.149/ 0.000/ 0.003/-0.000, Output= 0.152(-0.700/0.700), Volt=11.8(9.2)
GlobalTracer.printPidInfo_Info: [14.870] encoderYPidCtrl: Target= 535.8, Input= 531.0, Error=   4.8, PIDTerms= 0.144/ 0.000/ 0.004/ 0.000, Output= 0.149(-0.600/0.600), Volt=11.8(9.2)
GlobalTracer.printPidInfo_Info: [14.870] gyroTurnPidCtrl: Target=   0.0, Input=   1.6, Error=  -1.6, PIDTerms=-0.020/ 0.000/-0.003/ 0.000, Output=-0.022(-0.700/0.700), Volt=11.8(9.2)
GlobalTracer.printPidInfo_Info: [14.870] elevatorPidController: Target=  35.0, Input=  34.6, Error=   0.4, PIDTerms= 0.074/ 0.019/ 0.000/ 0.000, Output= 0.093(-1.000/1.000), Volt=11.8(9.2)
GlobalTracer.startCompetition_Warn: AUTO_MODE takes too long (0.123s)

GlobalTracer.printPidInfo_Info: [14.997] encoderXPidCtrl: Target=  -1.4, Input=  -0.8, Error=  -0.6, PIDTerms=-0.085/ 0.000/-0.154/-0.000, Output=-0.239(-0.700/0.700), Volt=11.8(9.2)
GlobalTracer.printPidInfo_Info: [14.997] encoderYPidCtrl: Target= 535.8, Input= 532.4, Error=   3.4, PIDTerms= 0.103/ 0.000/-0.009/ 0.000, Output= 0.094(-0.600/0.600), Volt=11.8(9.2)
GlobalTracer.printPidInfo_Info: [14.997] gyroTurnPidCtrl: Target=   0.0, Input=  -0.1, Error=   0.1, PIDTerms= 0.001/ 0.000/ 0.011/ 0.000, Output= 0.012(-0.700/0.700), Volt=11.8(9.2)
GlobalTracer.printPidInfo_Info: [14.997] elevatorPidController: Target=  35.0, Input=  34.6, Error=   0.4, PIDTerms= 0.074/ 0.019/ 0.000/ 0.000, Output= 0.093(-1.000/1.000), Volt=11.7(9.2)
GlobalTracer.startCompetition_Warn: AUTO_MODE takes too long (0.175s)

GlobalTracer.printPidInfo_Info: [15.173] encoderXPidCtrl: Target=  -1.4, Input=  -1.0, Error=  -0.3, PIDTerms=-0.051/ 0.000/ 0.021/-0.000, Output=-0.030(-0.700/0.700), Volt=12.3(9.2)
GlobalTracer.printPidInfo_Info: [15.173] encoderYPidCtrl: Target= 535.8, Input= 533.1, Error=   2.7, PIDTerms= 0.081/ 0.000/-0.005/ 0.000, Output= 0.076(-0.600/0.600), Volt=12.3(9.2)
GlobalTracer.printPidInfo_Info: [15.173] gyroTurnPidCtrl: Target=   0.0, Input=   0.1, Error=  -0.1, PIDTerms=-0.001/ 0.000/-0.001/ 0.000, Output=-0.002(-0.700/0.700), Volt=12.3(9.2)
GlobalTracer.printPidInfo_Info: [15.173] elevatorPidController: Target=  35.0, Input=  34.6, Error=   0.4, PIDTerms= 0.074/ 0.019/ 0.000/ 0.000, Output= 0.093(-1.000/1.000), Volt=12.3(9.2)
GlobalTracer.startCompetition_Warn: AUTO_MODE takes too long (0.116s)

GlobalTracer.printPidInfo_Info: [15.291] encoderXPidCtrl: Target=  -1.4, Input=  -1.3, Error=  -0.1, PIDTerms=-0.014/ 0.000/ 0.026/-0.000, Output= 0.011(-0.700/0.700), Volt=12.4(9.2)
GlobalTracer.printPidInfo_Info: [15.291] encoderYPidCtrl: Target= 535.8, Input= 534.1, Error=   1.8, PIDTerms= 0.053/ 0.000/-0.006/ 0.000, Output= 0.046(-0.600/0.600), Volt=12.4(9.2)
GlobalTracer.printPidInfo_Info: [15.291] gyroTurnPidCtrl: Target=   0.0, Input=   0.4, Error=  -0.4, PIDTerms=-0.005/ 0.000/-0.002/ 0.000, Output=-0.007(-0.700/0.700), Volt=12.4(9.2)
GlobalTracer.printPidInfo_Info: [15.291] elevatorPidController: Target=  35.0, Input=  34.6, Error=   0.4, PIDTerms= 0.074/ 0.019/ 0.000/ 0.000, Output= 0.093(-1.000/1.000), Volt=12.4(9.2)
GlobalTracer.startCompetition_Warn: AUTO_MODE takes too long (0.126s)

GlobalTracer.Vision_Info: Pixy is disabled!
GlobalTracer.Robot_Info: TotalEnergy=1.889
