GlobalTracer.FirstPowerUp_Info: Sat Mar 24 09:30:05 PDT 2018: ***** Starting autonomous *****
GlobalTracer.FirstPowerUp_Info: WASNO_Practice_  6 (Blue3) [FMSConnected=true]
GlobalTracer.CmdAutoSwitch_Info: alliance=Blue, gameSpecificMsg=LLL, delay=0.000, fwdDistance=60, startPosition=-102.0, flipInFlight=true
GlobalTracer.Vision_Info: Pixy is enabled!
GlobalTracer.Robot_Info: [0.639]   DO_DELAY: xPos=  0.00,yPos=  0.00,heading=  -0.1/   0.0,volts=12.9(13.0)
GlobalTracer.startCompetition_Warn: AUTO_MODE takes too long (0.723s)

GlobalTracer.Robot_Info: [0.720] DRIVE_FORWARD_DISTANCE: xPos=  0.00,yPos=  0.00,heading=   0.0/   0.0,volts=12.9(12.9)
GlobalTracer.printPidInfo_Info: [0.720] encoderXPidCtrl: Target=   0.0, Input=   0.0, Error=   0.0, PIDTerms= 0.000/ 0.000/ 0.000/ 0.000, Output= 0.000(-0.700/0.700), Volt=12.9(12.9)
GlobalTracer.printPidInfo_Info: [0.720] encoderYPidCtrl: Target=-129.0, Input=   0.0, Error=-129.0, PIDTerms= 0.000/ 0.000/ 0.000/ 0.000, Output= 0.000(-0.600/0.600), Volt=12.9(12.9)
GlobalTracer.printPidInfo_Info: [0.720] gyroTurnPidCtrl: Target=   0.0, Input=   0.0, Error=   0.0, PIDTerms= 0.000/ 0.000/ 0.000/ 0.000, Output= 0.000(-0.700/0.700), Volt=12.9(12.9)
GlobalTracer.SonarTrigger_Info: [0.831] prevZone=-1, currZone=1, distance=72.02
GlobalTracer.printPidInfo_Info: [0.831] encoderXPidCtrl: Target=   0.0, Input=   0.0, Error=   0.0, PIDTerms= 0.000/ 0.000/ 0.000/ 0.000, Output= 0.000(-0.700/0.700), Volt=10.5(11.0)
GlobalTracer.printPidInfo_Info: [0.831] encoderYPidCtrl: Target=-129.0, Input=   0.0, Error=-129.0, PIDTerms=-3.870/ 0.000/ 0.000/-0.000, Output=-0.600(-0.600/0.600), Volt=10.5(11.0)
GlobalTracer.printPidInfo_Info: [0.831] gyroTurnPidCtrl: Target=   0.0, Input=   0.0, Error=   0.0, PIDTerms= 0.000/ 0.000/ 0.000/ 0.000, Output= 0.000(-0.700/0.700), Volt=10.5(11.0)
GlobalTracer.startCompetition_Warn: AUTO_MODE takes too long (0.169s)

GlobalTracer.printPidInfo_Info: [0.975] encoderXPidCtrl: Target=   0.0, Input=  -0.1, Error=   0.1, PIDTerms= 0.011/ 0.000/ 0.007/ 0.000, Output= 0.018(-0.700/0.700), Volt=10.5(10.5)
GlobalTracer.printPidInfo_Info: [0.975] encoderYPidCtrl: Target=-129.0, Input=  -0.5, Error=-128.5, PIDTerms=-3.854/ 0.000/ 0.003/-0.000, Output=-0.600(-0.600/0.600), Volt=10.3(10.5)
GlobalTracer.printPidInfo_Info: [0.975] gyroTurnPidCtrl: Target=   0.0, Input=  -0.0, Error=   0.0, PIDTerms= 0.000/ 0.000/ 0.000/ 0.000, Output= 0.001(-0.700/0.700), Volt=10.3(10.5)
GlobalTracer.startCompetition_Warn: AUTO_MODE takes too long (0.123s)

GlobalTracer.printPidInfo_Info: [1.116] encoderXPidCtrl: Target=   0.0, Input=  -1.0, Error=   1.0, PIDTerms= 0.153/ 0.000/ 0.115/ 0.000, Output= 0.268(-0.700/0.700), Volt=9.3(9.5)
GlobalTracer.printPidInfo_Info: [1.116] encoderYPidCtrl: Target=-129.0, Input=  -2.8, Error=-126.2, PIDTerms=-3.786/ 0.000/ 0.018/-0.000, Output=-0.600(-0.600/0.600), Volt=9.3(9.5)
GlobalTracer.printPidInfo_Info: [1.116] gyroTurnPidCtrl: Target=   0.0, Input=   0.4, Error=  -0.4, PIDTerms=-0.005/ 0.000/-0.004/ 0.000, Output=-0.009(-0.700/0.700), Volt=9.3(9.5)
GlobalTracer.startCompetition_Warn: AUTO_MODE takes too long (0.179s)

GlobalTracer.printPidInfo_Info: [1.298] encoderXPidCtrl: Target=   0.0, Input=  -1.1, Error=   1.1, PIDTerms= 0.171/ 0.000/ 0.011/ 0.000, Output= 0.182(-0.700/0.700), Volt=9.6(9.5)
GlobalTracer.printPidInfo_Info: [1.298] encoderYPidCtrl: Target=-129.0, Input=  -3.9, Error=-125.1, PIDTerms=-3.754/ 0.000/ 0.006/-0.000, Output=-0.600(-0.600/0.600), Volt=9.6(9.5)
GlobalTracer.printPidInfo_Info: [1.298] gyroTurnPidCtrl: Target=   0.0, Input=   0.5, Error=  -0.5, PIDTerms=-0.006/ 0.000/-0.001/ 0.000, Output=-0.007(-0.700/0.700), Volt=9.6(9.5)
GlobalTracer.printPidInfo_Info: [1.387] encoderXPidCtrl: Target=   0.0, Input=  -1.0, Error=   1.0, PIDTerms= 0.149/ 0.000/-0.016/ 0.000, Output= 0.133(-0.700/0.700), Volt=9.4(9.3)
GlobalTracer.printPidInfo_Info: [1.387] encoderYPidCtrl: Target=-129.0, Input=  -4.3, Error=-124.7, PIDTerms=-3.742/ 0.000/ 0.003/-0.000, Output=-0.600(-0.600/0.600), Volt=9.4(9.3)
GlobalTracer.printPidInfo_Info: [1.387] gyroTurnPidCtrl: Target=   0.0, Input=   0.5, Error=  -0.5, PIDTerms=-0.006/ 0.000/ 0.000/ 0.000, Output=-0.006(-0.700/0.700), Volt=9.4(9.3)
GlobalTracer.printPidInfo_Info: [1.442] encoderXPidCtrl: Target=   0.0, Input=  -0.9, Error=   0.9, PIDTerms= 0.142/ 0.000/-0.012/ 0.000, Output= 0.129(-0.700/0.700), Volt=9.5(9.3)
GlobalTracer.printPidInfo_Info: [1.442] encoderYPidCtrl: Target=-129.0, Input=  -4.5, Error=-124.5, PIDTerms=-3.735/ 0.000/ 0.004/-0.000, Output=-0.600(-0.600/0.600), Volt=9.5(9.3)
GlobalTracer.printPidInfo_Info: [1.442] gyroTurnPidCtrl: Target=   0.0, Input=   0.5, Error=  -0.5, PIDTerms=-0.006/ 0.000/-0.000/ 0.000, Output=-0.007(-0.700/0.700), Volt=9.5(9.3)
GlobalTracer.startCompetition_Warn: AUTO_MODE takes too long (0.126s)

GlobalTracer.printPidInfo_Info: [1.571] encoderXPidCtrl: Target=   0.0, Input=  -1.0, Error=   1.0, PIDTerms= 0.147/ 0.000/ 0.006/ 0.000, Output= 0.152(-0.700/0.700), Volt=9.4(9.3)
GlobalTracer.printPidInfo_Info: [1.571] encoderYPidCtrl: Target=-129.0, Input=  -4.6, Error=-124.4, PIDTerms=-3.733/ 0.000/ 0.001/-0.000, Output=-0.600(-0.600/0.600), Volt=9.4(9.3)
GlobalTracer.printPidInfo_Info: [1.571] gyroTurnPidCtrl: Target=   0.0, Input=   0.5, Error=  -0.5, PIDTerms=-0.006/ 0.000/ 0.000/ 0.000, Output=-0.006(-0.700/0.700), Volt=9.4(9.3)
GlobalTracer.startCompetition_Warn: AUTO_MODE takes too long (0.212s)

GlobalTracer.printPidInfo_Info: [1.785] encoderXPidCtrl: Target=   0.0, Input=  -1.0, Error=   1.0, PIDTerms= 0.156/ 0.000/ 0.005/ 0.000, Output= 0.161(-0.700/0.700), Volt=9.4(9.3)
GlobalTracer.printPidInfo_Info: [1.785] encoderYPidCtrl: Target=-129.0, Input=  -4.7, Error=-124.3, PIDTerms=-3.729/ 0.000/ 0.001/-0.000, Output=-0.600(-0.600/0.600), Volt=9.5(9.3)
GlobalTracer.printPidInfo_Info: [1.785] gyroTurnPidCtrl: Target=   0.0, Input=   0.5, Error=  -0.5, PIDTerms=-0.006/ 0.000/ 0.000/ 0.000, Output=-0.006(-0.700/0.700), Volt=9.4(9.3)
GlobalTracer.startCompetition_Warn: AUTO_MODE takes too long (0.200s)

GlobalTracer.printPidInfo_Info: [1.989] encoderXPidCtrl: Target=   0.0, Input=  -1.1, Error=   1.1, PIDTerms= 0.162/ 0.000/ 0.003/ 0.000, Output= 0.164(-0.700/0.700), Volt=9.3(9.3)
GlobalTracer.printPidInfo_Info: [1.989] encoderYPidCtrl: Target=-129.0, Input=  -4.7, Error=-124.3, PIDTerms=-3.728/ 0.000/ 0.000/-0.000, Output=-0.600(-0.600/0.600), Volt=9.3(9.3)
GlobalTracer.printPidInfo_Info: [1.989] gyroTurnPidCtrl: Target=   0.0, Input=   0.5, Error=  -0.5, PIDTerms=-0.006/ 0.000/ 0.000/ 0.000, Output=-0.006(-0.700/0.700), Volt=9.4(9.3)
GlobalTracer.startCompetition_Warn: AUTO_MODE takes too long (0.198s)

GlobalTracer.printPidInfo_Info: [2.191] encoderXPidCtrl: Target=   0.0, Input=  -1.1, Error=   1.1, PIDTerms= 0.162/ 0.000/ 0.000/ 0.000, Output= 0.162(-0.700/0.700), Volt=9.4(9.3)
GlobalTracer.printPidInfo_Info: [2.191] encoderYPidCtrl: Target=-129.0, Input=  -4.7, Error=-124.3, PIDTerms=-3.728/ 0.000/ 0.000/-0.000, Output=-0.600(-0.600/0.600), Volt=9.4(9.3)
GlobalTracer.printPidInfo_Info: [2.191] gyroTurnPidCtrl: Target=   0.0, Input=   0.5, Error=  -0.5, PIDTerms=-0.006/ 0.000/ 0.000/ 0.000, Output=-0.006(-0.700/0.700), Volt=9.4(9.3)
GlobalTracer.startCompetition_Warn: AUTO_MODE takes too long (0.152s)

GlobalTracer.printPidInfo_Info: [2.350] encoderXPidCtrl: Target=   0.0, Input=  -1.1, Error=   1.1, PIDTerms= 0.162/ 0.000/ 0.000/ 0.000, Output= 0.162(-0.700/0.700), Volt=9.4(9.3)
GlobalTracer.printPidInfo_Info: [2.350] encoderYPidCtrl: Target=-129.0, Input=  -4.7, Error=-124.3, PIDTerms=-3.728/ 0.000/ 0.000/-0.000, Output=-0.600(-0.600/0.600), Volt=9.4(9.3)
GlobalTracer.printPidInfo_Info: [2.350] gyroTurnPidCtrl: Target=   0.0, Input=   0.5, Error=  -0.5, PIDTerms=-0.006/ 0.000/ 0.000/ 0.000, Output=-0.006(-0.700/0.700), Volt=9.4(9.3)
GlobalTracer.startCompetition_Warn: AUTO_MODE takes too long (0.160s)

GlobalTracer.printPidInfo_Info: [2.512] encoderXPidCtrl: Target=   0.0, Input=  -1.1, Error=   1.1, PIDTerms= 0.162/ 0.000/ 0.000/ 0.000, Output= 0.162(-0.700/0.700), Volt=9.5(9.3)
GlobalTracer.printPidInfo_Info: [2.512] encoderYPidCtrl: Target=-129.0, Input=  -4.7, Error=-124.3, PIDTerms=-3.728/ 0.000/ 0.000/-0.000, Output=-0.600(-0.600/0.600), Volt=9.5(9.3)
GlobalTracer.printPidInfo_Info: [2.512] gyroTurnPidCtrl: Target=   0.0, Input=   0.5, Error=  -0.5, PIDTerms=-0.006/ 0.000/ 0.000/ 0.000, Output=-0.006(-0.700/0.700), Volt=9.5(9.3)
GlobalTracer.startCompetition_Warn: AUTO_MODE takes too long (0.125s)

GlobalTracer.printPidInfo_Info: [2.638] encoderXPidCtrl: Target=   0.0, Input=  -1.1, Error=   1.1, PIDTerms= 0.161/ 0.000/-0.001/ 0.000, Output= 0.160(-0.700/0.700), Volt=9.4(9.3)
GlobalTracer.printPidInfo_Info: [2.638] encoderYPidCtrl: Target=-129.0, Input=  -4.8, Error=-124.2, PIDTerms=-3.727/ 0.000/ 0.000/-0.000, Output=-0.600(-0.600/0.600), Volt=9.4(9.3)
GlobalTracer.printPidInfo_Info: [2.638] gyroTurnPidCtrl: Target=   0.0, Input=   0.5, Error=  -0.5, PIDTerms=-0.006/ 0.000/ 0.000/ 0.000, Output=-0.006(-0.700/0.700), Volt=9.4(9.3)
GlobalTracer.startCompetition_Warn: AUTO_MODE takes too long (0.128s)

GlobalTracer.printPidInfo_Info: [2.770] encoderXPidCtrl: Target=   0.0, Input=  -1.1, Error=   1.1, PIDTerms= 0.162/ 0.000/ 0.001/ 0.000, Output= 0.164(-0.700/0.700), Volt=9.4(9.3)
GlobalTracer.printPidInfo_Info: [2.770] encoderYPidCtrl: Target=-129.0, Input=  -4.8, Error=-124.2, PIDTerms=-3.726/ 0.000/ 0.000/-0.000, Output=-0.600(-0.600/0.600), Volt=9.5(9.3)
GlobalTracer.printPidInfo_Info: [2.770] gyroTurnPidCtrl: Target=   0.0, Input=   0.5, Error=  -0.5, PIDTerms=-0.006/ 0.000/ 0.000/ 0.000, Output=-0.006(-0.700/0.700), Volt=9.3(9.3)
GlobalTracer.startCompetition_Warn: AUTO_MODE takes too long (0.146s)

GlobalTracer.printPidInfo_Info: [2.922] encoderXPidCtrl: Target=   0.0, Input=  -1.1, Error=   1.1, PIDTerms= 0.162/ 0.000/ 0.000/ 0.000, Output= 0.162(-0.700/0.700), Volt=9.4(9.3)
GlobalTracer.printPidInfo_Info: [2.922] encoderYPidCtrl: Target=-129.0, Input=  -4.8, Error=-124.2, PIDTerms=-3.726/ 0.000/ 0.000/-0.000, Output=-0.600(-0.600/0.600), Volt=9.4(9.3)
GlobalTracer.printPidInfo_Info: [2.922] gyroTurnPidCtrl: Target=   0.0, Input=   0.5, Error=  -0.5, PIDTerms=-0.006/ 0.000/-0.000/ 0.000, Output=-0.006(-0.700/0.700), Volt=9.4(9.3)
GlobalTracer.startCompetition_Warn: AUTO_MODE takes too long (0.148s)

GlobalTracer.printPidInfo_Info: [3.090] encoderXPidCtrl: Target=   0.0, Input=  -1.1, Error=   1.1, PIDTerms= 0.163/ 0.000/ 0.000/ 0.000, Output= 0.163(-0.700/0.700), Volt=9.3(9.3)
GlobalTracer.printPidInfo_Info: [3.090] encoderYPidCtrl: Target=-129.0, Input=  -4.8, Error=-124.2, PIDTerms=-3.725/ 0.000/ 0.000/-0.000, Output=-0.600(-0.600/0.600), Volt=9.3(9.3)
GlobalTracer.printPidInfo_Info: [3.090] gyroTurnPidCtrl: Target=   0.0, Input=   0.5, Error=  -0.5, PIDTerms=-0.006/ 0.000/ 0.000/ 0.000, Output=-0.006(-0.700/0.700), Volt=9.3(9.3)
GlobalTracer.startCompetition_Warn: AUTO_MODE takes too long (0.228s)

GlobalTracer.printPidInfo_Info: [3.321] encoderXPidCtrl: Target=   0.0, Input=  -1.1, Error=   1.1, PIDTerms= 0.162/ 0.000/-0.000/ 0.000, Output= 0.162(-0.700/0.700), Volt=9.4(9.3)
GlobalTracer.printPidInfo_Info: [3.321] encoderYPidCtrl: Target=-129.0, Input=  -4.8, Error=-124.2, PIDTerms=-3.725/ 0.000/ 0.000/-0.000, Output=-0.600(-0.600/0.600), Volt=9.4(9.3)
GlobalTracer.printPidInfo_Info: [3.321] gyroTurnPidCtrl: Target=   0.0, Input=   0.5, Error=  -0.5, PIDTerms=-0.006/ 0.000/ 0.000/ 0.000, Output=-0.006(-0.700/0.700), Volt=9.4(9.3)
GlobalTracer.startCompetition_Warn: AUTO_MODE takes too long (0.148s)

GlobalTracer.printPidInfo_Info: [3.470] encoderXPidCtrl: Target=   0.0, Input=  -1.1, Error=   1.1, PIDTerms= 0.163/ 0.000/ 0.000/ 0.000, Output= 0.163(-0.700/0.700), Volt=9.4(9.3)
GlobalTracer.printPidInfo_Info: [3.470] encoderYPidCtrl: Target=-129.0, Input=  -4.9, Error=-124.1, PIDTerms=-3.724/ 0.000/ 0.000/-0.000, Output=-0.600(-0.600/0.600), Volt=9.5(9.3)
GlobalTracer.printPidInfo_Info: [3.470] gyroTurnPidCtrl: Target=   0.0, Input=   0.5, Error=  -0.5, PIDTerms=-0.006/ 0.000/ 0.000/ 0.000, Output=-0.006(-0.700/0.700), Volt=9.5(9.3)
GlobalTracer.startCompetition_Warn: AUTO_MODE takes too long (0.103s)

GlobalTracer.printPidInfo_Info: [3.575] encoderXPidCtrl: Target=   0.0, Input=  -1.1, Error=   1.1, PIDTerms= 0.163/ 0.000/ 0.000/ 0.000, Output= 0.163(-0.700/0.700), Volt=9.4(9.3)
GlobalTracer.printPidInfo_Info: [3.575] encoderYPidCtrl: Target=-129.0, Input=  -4.9, Error=-124.1, PIDTerms=-3.724/ 0.000/ 0.000/-0.000, Output=-0.600(-0.600/0.600), Volt=9.3(9.3)
GlobalTracer.printPidInfo_Info: [3.575] gyroTurnPidCtrl: Target=   0.0, Input=   0.5, Error=  -0.5, PIDTerms=-0.006/ 0.000/ 0.000/ 0.000, Output=-0.006(-0.700/0.700), Volt=9.3(9.3)
GlobalTracer.startCompetition_Warn: AUTO_MODE takes too long (0.116s)

GlobalTracer.printPidInfo_Info: [3.696] encoderXPidCtrl: Target=   0.0, Input=  -1.1, Error=   1.1, PIDTerms= 0.164/ 0.000/ 0.001/ 0.000, Output= 0.165(-0.700/0.700), Volt=9.5(9.3)
GlobalTracer.printPidInfo_Info: [3.696] encoderYPidCtrl: Target=-129.0, Input=  -4.9, Error=-124.1, PIDTerms=-3.724/ 0.000/ 0.000/-0.000, Output=-0.600(-0.600/0.600), Volt=9.5(9.3)
GlobalTracer.printPidInfo_Info: [3.696] gyroTurnPidCtrl: Target=   0.0, Input=   0.5, Error=  -0.5, PIDTerms=-0.006/ 0.000/ 0.000/ 0.000, Output=-0.006(-0.700/0.700), Volt=9.5(9.3)
GlobalTracer.printPidInfo_Info: [3.776] encoderXPidCtrl: Target=   0.0, Input=  -1.1, Error=   1.1, PIDTerms= 0.164/ 0.000/ 0.001/ 0.000, Output= 0.165(-0.700/0.700), Volt=9.4(9.3)
GlobalTracer.printPidInfo_Info: [3.776] encoderYPidCtrl: Target=-129.0, Input=  -4.9, Error=-124.1, PIDTerms=-3.724/ 0.000/ 0.000/-0.000, Output=-0.600(-0.600/0.600), Volt=9.4(9.3)
GlobalTracer.printPidInfo_Info: [3.776] gyroTurnPidCtrl: Target=   0.0, Input=   0.5, Error=  -0.5, PIDTerms=-0.006/ 0.000/ 0.000/ 0.000, Output=-0.006(-0.700/0.700), Volt=9.4(9.3)
GlobalTracer.printPidInfo_Info: [3.850] encoderXPidCtrl: Target=   0.0, Input=  -1.1, Error=   1.1, PIDTerms= 0.164/ 0.000/ 0.000/ 0.000, Output= 0.164(-0.700/0.700), Volt=9.5(9.3)
GlobalTracer.printPidInfo_Info: [3.850] encoderYPidCtrl: Target=-129.0, Input=  -4.9, Error=-124.1, PIDTerms=-3.724/ 0.000/ 0.000/-0.000, Output=-0.600(-0.600/0.600), Volt=9.4(9.3)
GlobalTracer.printPidInfo_Info: [3.850] gyroTurnPidCtrl: Target=   0.0, Input=   0.5, Error=  -0.5, PIDTerms=-0.006/ 0.000/ 0.000/ 0.000, Output=-0.006(-0.700/0.700), Volt=9.4(9.3)
GlobalTracer.printPidInfo_Info: [3.950] encoderXPidCtrl: Target=   0.0, Input=  -1.1, Error=   1.1, PIDTerms= 0.164/ 0.000/-0.001/ 0.000, Output= 0.163(-0.700/0.700), Volt=9.4(9.3)
GlobalTracer.printPidInfo_Info: [3.950] encoderYPidCtrl: Target=-129.0, Input=  -4.9, Error=-124.1, PIDTerms=-3.723/ 0.000/ 0.000/-0.000, Output=-0.600(-0.600/0.600), Volt=9.5(9.3)
GlobalTracer.printPidInfo_Info: [3.950] gyroTurnPidCtrl: Target=   0.0, Input=   0.5, Error=  -0.5, PIDTerms=-0.006/ 0.000/ 0.000/ 0.000, Output=-0.006(-0.700/0.700), Volt=9.5(9.3)
GlobalTracer.startCompetition_Warn: AUTO_MODE takes too long (0.101s)

GlobalTracer.printPidInfo_Info: [4.053] encoderXPidCtrl: Target=   0.0, Input=  -1.1, Error=   1.1, PIDTerms= 0.165/ 0.000/ 0.001/ 0.000, Output= 0.166(-0.700/0.700), Volt=9.4(9.3)
GlobalTracer.printPidInfo_Info: [4.053] encoderYPidCtrl: Target=-129.0, Input=  -4.9, Error=-124.1, PIDTerms=-3.723/ 0.000/ 0.000/-0.000, Output=-0.600(-0.600/0.600), Volt=9.4(9.3)
GlobalTracer.printPidInfo_Info: [4.053] gyroTurnPidCtrl: Target=   0.0, Input=   0.5, Error=  -0.5, PIDTerms=-0.006/ 0.000/ 0.000/ 0.000, Output=-0.006(-0.700/0.700), Volt=9.5(9.3)
GlobalTracer.startCompetition_Warn: AUTO_MODE takes too long (0.151s)

GlobalTracer.printPidInfo_Info: [4.204] encoderXPidCtrl: Target=   0.0, Input=  -1.1, Error=   1.1, PIDTerms= 0.167/ 0.000/ 0.001/ 0.000, Output= 0.168(-0.700/0.700), Volt=9.4(9.3)
GlobalTracer.printPidInfo_Info: [4.204] encoderYPidCtrl: Target=-129.0, Input=  -4.9, Error=-124.1, PIDTerms=-3.722/ 0.000/ 0.000/-0.000, Output=-0.600(-0.600/0.600), Volt=9.4(9.3)
GlobalTracer.printPidInfo_Info: [4.204] gyroTurnPidCtrl: Target=   0.0, Input=   0.5, Error=  -0.5, PIDTerms=-0.006/ 0.000/ 0.000/ 0.000, Output=-0.006(-0.700/0.700), Volt=9.4(9.3)
GlobalTracer.startCompetition_Warn: AUTO_MODE takes too long (0.101s)

GlobalTracer.printPidInfo_Info: [4.306] encoderXPidCtrl: Target=   0.0, Input=  -1.1, Error=   1.1, PIDTerms= 0.167/ 0.000/ 0.000/ 0.000, Output= 0.167(-0.700/0.700), Volt=9.4(9.3)
GlobalTracer.printPidInfo_Info: [4.306] encoderYPidCtrl: Target=-129.0, Input=  -4.9, Error=-124.1, PIDTerms=-3.722/ 0.000/ 0.000/-0.000, Output=-0.600(-0.600/0.600), Volt=9.5(9.3)
GlobalTracer.printPidInfo_Info: [4.306] gyroTurnPidCtrl: Target=   0.0, Input=   0.5, Error=  -0.5, PIDTerms=-0.006/ 0.000/ 0.000/ 0.000, Output=-0.006(-0.700/0.700), Volt=9.5(9.3)
GlobalTracer.printPidInfo_Info: [4.380] encoderXPidCtrl: Target=   0.0, Input=  -1.1, Error=   1.1, PIDTerms= 0.167/ 0.000/ 0.000/ 0.000, Output= 0.167(-0.700/0.700), Volt=9.5(9.3)
GlobalTracer.printPidInfo_Info: [4.380] encoderYPidCtrl: Target=-129.0, Input=  -4.9, Error=-124.1, PIDTerms=-3.722/ 0.000/ 0.000/-0.000, Output=-0.600(-0.600/0.600), Volt=9.3(9.3)
GlobalTracer.printPidInfo_Info: [4.380] gyroTurnPidCtrl: Target=   0.0, Input=   0.5, Error=  -0.5, PIDTerms=-0.006/ 0.000/ 0.000/ 0.000, Output=-0.006(-0.700/0.700), Volt=9.3(9.3)
GlobalTracer.startCompetition_Warn: AUTO_MODE takes too long (0.101s)

GlobalTracer.printPidInfo_Info: [4.484] encoderXPidCtrl: Target=   0.0, Input=  -1.1, Error=   1.1, PIDTerms= 0.167/ 0.000/ 0.000/ 0.000, Output= 0.167(-0.700/0.700), Volt=9.5(9.3)
GlobalTracer.printPidInfo_Info: [4.484] encoderYPidCtrl: Target=-129.0, Input=  -5.0, Error=-124.0, PIDTerms=-3.721/ 0.000/ 0.000/-0.000, Output=-0.600(-0.600/0.600), Volt=9.5(9.3)
GlobalTracer.printPidInfo_Info: [4.484] gyroTurnPidCtrl: Target=   0.0, Input=   0.5, Error=  -0.5, PIDTerms=-0.006/ 0.000/ 0.000/ 0.000, Output=-0.006(-0.700/0.700), Volt=9.5(9.3)
GlobalTracer.printPidInfo_Info: [4.569] encoderXPidCtrl: Target=   0.0, Input=  -1.1, Error=   1.1, PIDTerms= 0.167/ 0.000/ 0.000/ 0.000, Output= 0.167(-0.700/0.700), Volt=9.5(9.3)
GlobalTracer.printPidInfo_Info: [4.569] encoderYPidCtrl: Target=-129.0, Input=  -5.0, Error=-124.0, PIDTerms=-3.721/ 0.000/ 0.000/-0.000, Output=-0.600(-0.600/0.600), Volt=9.5(9.3)
GlobalTracer.printPidInfo_Info: [4.569] gyroTurnPidCtrl: Target=   0.0, Input=   0.5, Error=  -0.5, PIDTerms=-0.006/ 0.000/ 0.000/ 0.000, Output=-0.006(-0.700/0.700), Volt=9.4(9.3)
GlobalTracer.printPidInfo_Info: [4.647] encoderXPidCtrl: Target=   0.0, Input=  -1.1, Error=   1.1, PIDTerms= 0.167/ 0.000/ 0.000/ 0.000, Output= 0.167(-0.700/0.700), Volt=9.5(9.3)
GlobalTracer.printPidInfo_Info: [4.647] encoderYPidCtrl: Target=-129.0, Input=  -5.0, Error=-124.0, PIDTerms=-3.721/ 0.000/ 0.000/-0.000, Output=-0.600(-0.600/0.600), Volt=9.5(9.3)
GlobalTracer.printPidInfo_Info: [4.647] gyroTurnPidCtrl: Target=   0.0, Input=   0.5, Error=  -0.5, PIDTerms=-0.006/ 0.000/ 0.000/ 0.000, Output=-0.006(-0.700/0.700), Volt=9.4(9.3)
GlobalTracer.printPidInfo_Info: [4.735] encoderXPidCtrl: Target=   0.0, Input=  -1.1, Error=   1.1, PIDTerms= 0.167/ 0.000/ 0.000/ 0.000, Output= 0.167(-0.700/0.700), Volt=9.5(9.3)
GlobalTracer.printPidInfo_Info: [4.735] encoderYPidCtrl: Target=-129.0, Input=  -5.0, Error=-124.0, PIDTerms=-3.721/ 0.000/ 0.000/-0.000, Output=-0.600(-0.600/0.600), Volt=9.5(9.3)
GlobalTracer.printPidInfo_Info: [4.735] gyroTurnPidCtrl: Target=   0.0, Input=   0.5, Error=  -0.5, PIDTerms=-0.006/ 0.000/ 0.000/ 0.000, Output=-0.006(-0.700/0.700), Volt=9.5(9.3)
GlobalTracer.printPidInfo_Info: [4.804] encoderXPidCtrl: Target=   0.0, Input=  -1.1, Error=   1.1, PIDTerms= 0.166/ 0.000/-0.001/ 0.000, Output= 0.165(-0.700/0.700), Volt=9.5(9.3)
GlobalTracer.printPidInfo_Info: [4.804] encoderYPidCtrl: Target=-129.0, Input=  -5.0, Error=-124.0, PIDTerms=-3.721/ 0.000/ 0.000/-0.000, Output=-0.600(-0.600/0.600), Volt=9.5(9.3)
GlobalTracer.printPidInfo_Info: [4.804] gyroTurnPidCtrl: Target=   0.0, Input=   0.5, Error=  -0.5, PIDTerms=-0.006/ 0.000/ 0.000/ 0.000, Output=-0.006(-0.700/0.700), Volt=9.5(9.3)
GlobalTracer.printPidInfo_Info: [4.880] encoderXPidCtrl: Target=   0.0, Input=  -1.1, Error=   1.1, PIDTerms= 0.166/ 0.000/ 0.000/ 0.000, Output= 0.166(-0.700/0.700), Volt=9.4(9.3)
GlobalTracer.printPidInfo_Info: [4.880] encoderYPidCtrl: Target=-129.0, Input=  -5.0, Error=-124.0, PIDTerms=-3.721/ 0.000/ 0.000/-0.000, Output=-0.600(-0.600/0.600), Volt=9.5(9.3)
GlobalTracer.printPidInfo_Info: [4.880] gyroTurnPidCtrl: Target=   0.0, Input=   0.5, Error=  -0.5, PIDTerms=-0.006/ 0.000/-0.000/ 0.000, Output=-0.006(-0.700/0.700), Volt=9.5(9.3)
GlobalTracer.printPidInfo_Info: [4.956] encoderXPidCtrl: Target=   0.0, Input=  -1.1, Error=   1.1, PIDTerms= 0.166/ 0.000/-0.001/ 0.000, Output= 0.165(-0.700/0.700), Volt=9.4(9.3)
GlobalTracer.printPidInfo_Info: [4.956] encoderYPidCtrl: Target=-129.0, Input=  -5.0, Error=-124.0, PIDTerms=-3.721/ 0.000/ 0.000/-0.000, Output=-0.600(-0.600/0.600), Volt=9.5(9.3)
GlobalTracer.printPidInfo_Info: [4.956] gyroTurnPidCtrl: Target=   0.0, Input=   0.5, Error=  -0.5, PIDTerms=-0.006/ 0.000/ 0.000/ 0.000, Output=-0.006(-0.700/0.700), Volt=9.5(9.3)
GlobalTracer.printPidInfo_Info: [5.053] encoderXPidCtrl: Target=   0.0, Input=  -1.1, Error=   1.1, PIDTerms= 0.166/ 0.000/ 0.001/ 0.000, Output= 0.167(-0.700/0.700), Volt=9.4(9.3)
GlobalTracer.printPidInfo_Info: [5.053] encoderYPidCtrl: Target=-129.0, Input=  -5.0, Error=-124.0, PIDTerms=-3.721/ 0.000/ 0.000/-0.000, Output=-0.600(-0.600/0.600), Volt=9.4(9.3)
GlobalTracer.printPidInfo_Info: [5.053] gyroTurnPidCtrl: Target=   0.0, Input=   0.5, Error=  -0.5, PIDTerms=-0.006/ 0.000/ 0.000/ 0.000, Output=-0.006(-0.700/0.700), Volt=9.4(9.3)
GlobalTracer.printPidInfo_Info: [5.143] encoderXPidCtrl: Target=   0.0, Input=  -1.1, Error=   1.1, PIDTerms= 0.167/ 0.000/ 0.001/ 0.000, Output= 0.168(-0.700/0.700), Volt=9.5(9.3)
GlobalTracer.printPidInfo_Info: [5.143] encoderYPidCtrl: Target=-129.0, Input=  -5.0, Error=-124.0, PIDTerms=-3.721/ 0.000/ 0.000/-0.000, Output=-0.600(-0.600/0.600), Volt=9.5(9.3)
GlobalTracer.printPidInfo_Info: [5.143] gyroTurnPidCtrl: Target=   0.0, Input=   0.5, Error=  -0.5, PIDTerms=-0.006/ 0.000/ 0.000/ 0.000, Output=-0.006(-0.700/0.700), Volt=9.5(9.3)
GlobalTracer.printPidInfo_Info: [5.221] encoderXPidCtrl: Target=   0.0, Input=  -1.1, Error=   1.1, PIDTerms= 0.168/ 0.000/ 0.001/ 0.000, Output= 0.169(-0.700/0.700), Volt=9.3(9.3)
GlobalTracer.printPidInfo_Info: [5.221] encoderYPidCtrl: Target=-129.0, Input=  -5.0, Error=-124.0, PIDTerms=-3.720/ 0.000/ 0.000/-0.000, Output=-0.600(-0.600/0.600), Volt=9.3(9.3)
GlobalTracer.printPidInfo_Info: [5.221] gyroTurnPidCtrl: Target=   0.0, Input=   0.5, Error=  -0.5, PIDTerms=-0.006/ 0.000/ 0.000/ 0.000, Output=-0.006(-0.700/0.700), Volt=9.3(9.3)
GlobalTracer.printPidInfo_Info: [5.316] encoderXPidCtrl: Target=   0.0, Input=  -1.1, Error=   1.1, PIDTerms= 0.168/ 0.000/ 0.000/ 0.000, Output= 0.169(-0.700/0.700), Volt=9.4(9.3)
GlobalTracer.printPidInfo_Info: [5.316] encoderYPidCtrl: Target=-129.0, Input=  -5.0, Error=-124.0, PIDTerms=-3.720/ 0.000/ 0.000/-0.000, Output=-0.600(-0.600/0.600), Volt=9.4(9.3)
GlobalTracer.printPidInfo_Info: [5.316] gyroTurnPidCtrl: Target=   0.0, Input=   0.5, Error=  -0.5, PIDTerms=-0.006/ 0.000/ 0.000/ 0.000, Output=-0.006(-0.700/0.700), Volt=9.4(9.3)
GlobalTracer.printPidInfo_Info: [5.388] encoderXPidCtrl: Target=   0.0, Input=  -1.1, Error=   1.1, PIDTerms= 0.168/ 0.000/ 0.000/ 0.000, Output= 0.168(-0.700/0.700), Volt=9.3(9.3)
GlobalTracer.printPidInfo_Info: [5.388] encoderYPidCtrl: Target=-129.0, Input=  -5.0, Error=-124.0, PIDTerms=-3.720/ 0.000/ 0.000/-0.000, Output=-0.600(-0.600/0.600), Volt=9.3(9.3)
GlobalTracer.printPidInfo_Info: [5.388] gyroTurnPidCtrl: Target=   0.0, Input=   0.5, Error=  -0.5, PIDTerms=-0.006/ 0.000/ 0.000/ 0.000, Output=-0.006(-0.700/0.700), Volt=9.3(9.3)
GlobalTracer.printPidInfo_Info: [5.462] encoderXPidCtrl: Target=   0.0, Input=  -1.1, Error=   1.1, PIDTerms= 0.169/ 0.000/ 0.001/ 0.000, Output= 0.169(-0.700/0.700), Volt=9.4(9.3)
GlobalTracer.printPidInfo_Info: [5.462] encoderYPidCtrl: Target=-129.0, Input=  -5.0, Error=-124.0, PIDTerms=-3.720/ 0.000/ 0.000/-0.000, Output=-0.600(-0.600/0.600), Volt=9.4(9.3)
GlobalTracer.printPidInfo_Info: [5.462] gyroTurnPidCtrl: Target=   0.0, Input=   0.5, Error=  -0.5, PIDTerms=-0.006/ 0.000/ 0.000/ 0.000, Output=-0.006(-0.700/0.700), Volt=9.4(9.3)
GlobalTracer.printPidInfo_Info: [5.534] encoderXPidCtrl: Target=   0.0, Input=  -1.1, Error=   1.1, PIDTerms= 0.169/ 0.000/ 0.001/ 0.000, Output= 0.170(-0.700/0.700), Volt=9.2(9.2)
GlobalTracer.printPidInfo_Info: [5.534] encoderYPidCtrl: Target=-129.0, Input=  -5.0, Error=-124.0, PIDTerms=-3.720/ 0.000/ 0.000/-0.000, Output=-0.600(-0.600/0.600), Volt=9.2(9.2)
GlobalTracer.printPidInfo_Info: [5.534] gyroTurnPidCtrl: Target=   0.0, Input=   0.5, Error=  -0.5, PIDTerms=-0.006/ 0.000/ 0.000/ 0.000, Output=-0.006(-0.700/0.700), Volt=9.5(9.2)
GlobalTracer.printPidInfo_Info: [5.606] encoderXPidCtrl: Target=   0.0, Input=  -1.1, Error=   1.1, PIDTerms= 0.169/ 0.000/ 0.000/ 0.000, Output= 0.169(-0.700/0.700), Volt=9.3(9.2)
GlobalTracer.printPidInfo_Info: [5.606] encoderYPidCtrl: Target=-129.0, Input=  -5.0, Error=-124.0, PIDTerms=-3.720/ 0.000/ 0.000/-0.000, Output=-0.600(-0.600/0.600), Volt=9.3(9.2)
GlobalTracer.printPidInfo_Info: [5.606] gyroTurnPidCtrl: Target=   0.0, Input=   0.5, Error=  -0.5, PIDTerms=-0.006/ 0.000/ 0.000/ 0.000, Output=-0.006(-0.700/0.700), Volt=9.5(9.2)
GlobalTracer.printPidInfo_Info: [5.670] encoderXPidCtrl: Target=   0.0, Input=  -1.1, Error=   1.1, PIDTerms= 0.169/ 0.000/-0.001/ 0.000, Output= 0.168(-0.700/0.700), Volt=9.3(9.2)
GlobalTracer.printPidInfo_Info: [5.670] encoderYPidCtrl: Target=-129.0, Input=  -5.0, Error=-124.0, PIDTerms=-3.719/ 0.000/ 0.000/-0.000, Output=-0.600(-0.600/0.600), Volt=9.3(9.2)
GlobalTracer.printPidInfo_Info: [5.670] gyroTurnPidCtrl: Target=   0.0, Input=   0.5, Error=  -0.5, PIDTerms=-0.006/ 0.000/ 0.000/ 0.000, Output=-0.006(-0.700/0.700), Volt=9.3(9.2)
GlobalTracer.printPidInfo_Info: [5.732] encoderXPidCtrl: Target=   0.0, Input=  -1.1, Error=   1.1, PIDTerms= 0.169/ 0.000/ 0.000/ 0.000, Output= 0.169(-0.700/0.700), Volt=9.5(9.2)
GlobalTracer.printPidInfo_Info: [5.732] encoderYPidCtrl: Target=-129.0, Input=  -5.0, Error=-124.0, PIDTerms=-3.719/ 0.000/ 0.000/-0.000, Output=-0.600(-0.600/0.600), Volt=9.5(9.2)
GlobalTracer.printPidInfo_Info: [5.732] gyroTurnPidCtrl: Target=   0.0, Input=   0.5, Error=  -0.5, PIDTerms=-0.006/ 0.000/ 0.000/ 0.000, Output=-0.006(-0.700/0.700), Volt=9.5(9.2)
GlobalTracer.printPidInfo_Info: [5.799] encoderXPidCtrl: Target=   0.0, Input=  -1.1, Error=   1.1, PIDTerms= 0.169/ 0.000/ 0.001/ 0.000, Output= 0.170(-0.700/0.700), Volt=10.4(9.2)
GlobalTracer.printPidInfo_Info: [5.799] encoderYPidCtrl: Target=-129.0, Input=  -5.0, Error=-124.0, PIDTerms=-3.719/ 0.000/ 0.000/-0.000, Output=-0.600(-0.600/0.600), Volt=10.4(9.2)
GlobalTracer.printPidInfo_Info: [5.799] gyroTurnPidCtrl: Target=   0.0, Input=   0.5, Error=  -0.5, PIDTerms=-0.006/ 0.000/ 0.000/ 0.000, Output=-0.006(-0.700/0.700), Volt=10.4(9.2)
GlobalTracer.printPidInfo_Info: [5.892] encoderXPidCtrl: Target=   0.0, Input=  -1.1, Error=   1.1, PIDTerms= 0.170/ 0.000/ 0.001/ 0.000, Output= 0.171(-0.700/0.700), Volt=10.3(9.2)
GlobalTracer.printPidInfo_Info: [5.892] encoderYPidCtrl: Target=-129.0, Input=  -5.0, Error=-124.0, PIDTerms=-3.719/ 0.000/ 0.000/-0.000, Output=-0.600(-0.600/0.600), Volt=10.3(9.2)
GlobalTracer.printPidInfo_Info: [5.892] gyroTurnPidCtrl: Target=   0.0, Input=   0.4, Error=  -0.4, PIDTerms=-0.005/ 0.000/ 0.001/ 0.000, Output=-0.004(-0.700/0.700), Volt=10.3(9.2)
GlobalTracer.printPidInfo_Info: [5.991] encoderXPidCtrl: Target=   0.0, Input=  -1.2, Error=   1.2, PIDTerms= 0.175/ 0.000/ 0.005/ 0.000, Output= 0.180(-0.700/0.700), Volt=10.6(9.2)
GlobalTracer.printPidInfo_Info: [5.991] encoderYPidCtrl: Target=-129.0, Input=  -5.2, Error=-123.8, PIDTerms=-3.715/ 0.000/ 0.001/-0.000, Output=-0.600(-0.600/0.600), Volt=10.6(9.2)
GlobalTracer.printPidInfo_Info: [5.991] gyroTurnPidCtrl: Target=   0.0, Input=   0.2, Error=  -0.2, PIDTerms=-0.003/ 0.000/ 0.002/ 0.000, Output=-0.001(-0.700/0.700), Volt=10.6(9.2)
GlobalTracer.printPidInfo_Info: [6.077] encoderXPidCtrl: Target=   0.0, Input=  -1.1, Error=   1.1, PIDTerms= 0.164/ 0.000/-0.015/ 0.000, Output= 0.149(-0.700/0.700), Volt=10.4(9.2)
GlobalTracer.printPidInfo_Info: [6.077] encoderYPidCtrl: Target=-129.0, Input=  -5.4, Error=-123.6, PIDTerms=-3.709/ 0.000/ 0.002/-0.000, Output=-0.600(-0.600/0.600), Volt=10.4(9.2)
GlobalTracer.printPidInfo_Info: [6.077] gyroTurnPidCtrl: Target=   0.0, Input=   0.2, Error=  -0.2, PIDTerms=-0.002/ 0.000/ 0.000/ 0.000, Output=-0.002(-0.700/0.700), Volt=10.5(9.2)
GlobalTracer.startCompetition_Warn: AUTO_MODE takes too long (0.111s)

GlobalTracer.printPidInfo_Info: [6.188] encoderXPidCtrl: Target=   0.0, Input=  -0.9, Error=   0.9, PIDTerms= 0.138/ 0.000/-0.022/ 0.000, Output= 0.116(-0.700/0.700), Volt=10.5(9.2)
GlobalTracer.printPidInfo_Info: [6.188] encoderYPidCtrl: Target=-129.0, Input=  -5.6, Error=-123.4, PIDTerms=-3.701/ 0.000/ 0.002/-0.000, Output=-0.600(-0.600/0.600), Volt=10.2(9.2)
GlobalTracer.printPidInfo_Info: [6.188] gyroTurnPidCtrl: Target=   0.0, Input=   0.2, Error=  -0.2, PIDTerms=-0.002/ 0.000/ 0.000/ 0.000, Output=-0.002(-0.700/0.700), Volt=10.2(9.2)
GlobalTracer.startCompetition_Warn: AUTO_MODE takes too long (0.109s)

GlobalTracer.printPidInfo_Info: [6.298] encoderXPidCtrl: Target=   0.0, Input=  -0.8, Error=   0.8, PIDTerms= 0.127/ 0.000/-0.010/ 0.000, Output= 0.117(-0.700/0.700), Volt=10.5(9.2)
GlobalTracer.printPidInfo_Info: [6.298] encoderYPidCtrl: Target=-129.0, Input=  -5.8, Error=-123.2, PIDTerms=-3.695/ 0.000/ 0.002/-0.000, Output=-0.600(-0.600/0.600), Volt=10.5(9.2)
GlobalTracer.printPidInfo_Info: [6.298] gyroTurnPidCtrl: Target=   0.0, Input=   0.1, Error=  -0.1, PIDTerms=-0.001/ 0.000/ 0.000/ 0.000, Output=-0.001(-0.700/0.700), Volt=10.4(9.2)
GlobalTracer.printPidInfo_Info: [6.383] encoderXPidCtrl: Target=   0.0, Input=  -0.8, Error=   0.8, PIDTerms= 0.123/ 0.000/-0.005/ 0.000, Output= 0.118(-0.700/0.700), Volt=10.5(9.2)
GlobalTracer.printPidInfo_Info: [6.383] encoderYPidCtrl: Target=-129.0, Input=  -6.0, Error=-123.0, PIDTerms=-3.691/ 0.000/ 0.002/-0.000, Output=-0.600(-0.600/0.600), Volt=10.5(9.2)
GlobalTracer.printPidInfo_Info: [6.383] gyroTurnPidCtrl: Target=   0.0, Input=   0.1, Error=  -0.1, PIDTerms=-0.001/ 0.000/ 0.000/ 0.000, Output=-0.001(-0.700/0.700), Volt=10.5(9.2)
GlobalTracer.printPidInfo_Info: [6.483] encoderXPidCtrl: Target=   0.0, Input=  -0.8, Error=   0.8, PIDTerms= 0.119/ 0.000/-0.004/ 0.000, Output= 0.115(-0.700/0.700), Volt=10.4(9.2)
GlobalTracer.printPidInfo_Info: [6.483] encoderYPidCtrl: Target=-129.0, Input=  -6.1, Error=-122.9, PIDTerms=-3.688/ 0.000/ 0.001/-0.000, Output=-0.600(-0.600/0.600), Volt=10.4(9.2)
GlobalTracer.printPidInfo_Info: [6.483] gyroTurnPidCtrl: Target=   0.0, Input=   0.1, Error=  -0.1, PIDTerms=-0.001/ 0.000/ 0.000/ 0.000, Output=-0.001(-0.700/0.700), Volt=10.4(9.2)
GlobalTracer.printPidInfo_Info: [6.550] encoderXPidCtrl: Target=   0.0, Input=  -0.8, Error=   0.8, PIDTerms= 0.117/ 0.000/-0.002/ 0.000, Output= 0.115(-0.700/0.700), Volt=10.4(9.2)
GlobalTracer.printPidInfo_Info: [6.550] encoderYPidCtrl: Target=-129.0, Input=  -6.2, Error=-122.8, PIDTerms=-3.684/ 0.000/ 0.002/-0.000, Output=-0.600(-0.600/0.600), Volt=10.4(9.2)
GlobalTracer.printPidInfo_Info: [6.550] gyroTurnPidCtrl: Target=   0.0, Input=   0.1, Error=  -0.1, PIDTerms=-0.001/ 0.000/-0.000/ 0.000, Output=-0.001(-0.700/0.700), Volt=10.4(9.2)
GlobalTracer.printPidInfo_Info: [6.632] encoderXPidCtrl: Target=   0.0, Input=  -0.8, Error=   0.8, PIDTerms= 0.122/ 0.000/ 0.006/ 0.000, Output= 0.128(-0.700/0.700), Volt=10.5(9.2)
GlobalTracer.printPidInfo_Info: [6.632] encoderYPidCtrl: Target=-129.0, Input=  -6.3, Error=-122.7, PIDTerms=-3.680/ 0.000/ 0.002/-0.000, Output=-0.600(-0.600/0.600), Volt=10.4(9.2)
GlobalTracer.printPidInfo_Info: [6.632] gyroTurnPidCtrl: Target=   0.0, Input=   0.1, Error=  -0.1, PIDTerms=-0.001/ 0.000/ 0.000/ 0.000, Output=-0.001(-0.700/0.700), Volt=10.4(9.2)
GlobalTracer.printPidInfo_Info: [6.707] encoderXPidCtrl: Target=   0.0, Input=  -0.9, Error=   0.9, PIDTerms= 0.129/ 0.000/ 0.010/ 0.000, Output= 0.138(-0.700/0.700), Volt=10.4(9.2)
GlobalTracer.printPidInfo_Info: [6.707] encoderYPidCtrl: Target=-129.0, Input=  -6.4, Error=-122.6, PIDTerms=-3.677/ 0.000/ 0.002/-0.000, Output=-0.600(-0.600/0.600), Volt=10.4(9.2)
GlobalTracer.printPidInfo_Info: [6.707] gyroTurnPidCtrl: Target=   0.0, Input=   0.1, Error=  -0.1, PIDTerms=-0.001/ 0.000/ 0.000/ 0.000, Output=-0.001(-0.700/0.700), Volt=10.4(9.2)
GlobalTracer.startCompetition_Warn: AUTO_MODE takes too long (0.123s)

GlobalTracer.printPidInfo_Info: [6.831] encoderXPidCtrl: Target=   0.0, Input=  -0.9, Error=   0.9, PIDTerms= 0.130/ 0.000/ 0.002/ 0.000, Output= 0.132(-0.700/0.700), Volt=10.3(9.2)
GlobalTracer.printPidInfo_Info: [6.831] encoderYPidCtrl: Target=-129.0, Input=  -6.5, Error=-122.5, PIDTerms=-3.675/ 0.000/ 0.001/-0.000, Output=-0.600(-0.600/0.600), Volt=10.3(9.2)
GlobalTracer.printPidInfo_Info: [6.831] gyroTurnPidCtrl: Target=   0.0, Input=   0.1, Error=  -0.1, PIDTerms=-0.001/ 0.000/ 0.000/ 0.000, Output=-0.000(-0.700/0.700), Volt=10.3(9.2)
GlobalTracer.printPidInfo_Info: [6.926] encoderXPidCtrl: Target=   0.0, Input=  -0.9, Error=   0.9, PIDTerms= 0.131/ 0.000/ 0.001/ 0.000, Output= 0.132(-0.700/0.700), Volt=10.4(9.2)
GlobalTracer.printPidInfo_Info: [6.926] encoderYPidCtrl: Target=-129.0, Input=  -6.6, Error=-122.4, PIDTerms=-3.673/ 0.000/ 0.001/-0.000, Output=-0.600(-0.600/0.600), Volt=10.4(9.2)
GlobalTracer.printPidInfo_Info: [6.926] gyroTurnPidCtrl: Target=   0.0, Input=   0.1, Error=  -0.1, PIDTerms=-0.001/ 0.000/-0.000/ 0.000, Output=-0.001(-0.700/0.700), Volt=10.4(9.2)
GlobalTracer.startCompetition_Warn: AUTO_MODE takes too long (0.118s)

GlobalTracer.printPidInfo_Info: [7.045] encoderXPidCtrl: Target=   0.0, Input=  -0.9, Error=   0.9, PIDTerms= 0.128/ 0.000/-0.004/ 0.000, Output= 0.124(-0.700/0.700), Volt=10.5(9.2)
GlobalTracer.printPidInfo_Info: [7.045] encoderYPidCtrl: Target=-129.0, Input=  -6.7, Error=-122.3, PIDTerms=-3.669/ 0.000/ 0.001/-0.000, Output=-0.600(-0.600/0.600), Volt=10.5(9.2)
GlobalTracer.printPidInfo_Info: [7.045] gyroTurnPidCtrl: Target=   0.0, Input=   0.1, Error=  -0.1, PIDTerms=-0.001/ 0.000/ 0.000/ 0.000, Output=-0.001(-0.700/0.700), Volt=10.5(9.2)
GlobalTracer.startCompetition_Warn: AUTO_MODE takes too long (0.103s)

GlobalTracer.printPidInfo_Info: [7.150] encoderXPidCtrl: Target=   0.0, Input=  -0.8, Error=   0.8, PIDTerms= 0.119/ 0.000/-0.008/ 0.000, Output= 0.111(-0.700/0.700), Volt=10.4(9.2)
GlobalTracer.printPidInfo_Info: [7.150] encoderYPidCtrl: Target=-129.0, Input=  -6.8, Error=-122.2, PIDTerms=-3.666/ 0.000/ 0.001/-0.000, Output=-0.600(-0.600/0.600), Volt=10.3(9.2)
GlobalTracer.printPidInfo_Info: [7.150] gyroTurnPidCtrl: Target=   0.0, Input=   0.1, Error=  -0.1, PIDTerms=-0.001/ 0.000/ 0.000/ 0.000, Output=-0.001(-0.700/0.700), Volt=10.3(9.2)
GlobalTracer.startCompetition_Warn: AUTO_MODE takes too long (0.102s)

GlobalTracer.printPidInfo_Info: [7.254] encoderXPidCtrl: Target=   0.0, Input=  -0.7, Error=   0.7, PIDTerms= 0.111/ 0.000/-0.007/ 0.000, Output= 0.104(-0.700/0.700), Volt=10.1(9.2)
GlobalTracer.printPidInfo_Info: [7.254] encoderYPidCtrl: Target=-129.0, Input=  -6.9, Error=-122.1, PIDTerms=-3.662/ 0.000/ 0.001/-0.000, Output=-0.600(-0.600/0.600), Volt=10.1(9.2)
GlobalTracer.printPidInfo_Info: [7.254] gyroTurnPidCtrl: Target=   0.0, Input=   0.1, Error=  -0.1, PIDTerms=-0.001/ 0.000/-0.000/ 0.000, Output=-0.001(-0.700/0.700), Volt=10.1(9.2)
GlobalTracer.printPidInfo_Info: [7.346] encoderXPidCtrl: Target=   0.0, Input=  -0.7, Error=   0.7, PIDTerms= 0.108/ 0.000/-0.004/ 0.000, Output= 0.104(-0.700/0.700), Volt=10.3(9.2)
GlobalTracer.printPidInfo_Info: [7.346] encoderYPidCtrl: Target=-129.0, Input=  -7.0, Error=-122.0, PIDTerms=-3.660/ 0.000/ 0.001/-0.000, Output=-0.600(-0.600/0.600), Volt=10.3(9.2)
GlobalTracer.printPidInfo_Info: [7.346] gyroTurnPidCtrl: Target=   0.0, Input=   0.1, Error=  -0.1, PIDTerms=-0.001/ 0.000/ 0.000/ 0.000, Output=-0.001(-0.700/0.700), Volt=10.3(9.2)
GlobalTracer.startCompetition_Warn: AUTO_MODE takes too long (0.104s)

GlobalTracer.printPidInfo_Info: [7.460] encoderXPidCtrl: Target=   0.0, Input=  -0.7, Error=   0.7, PIDTerms= 0.111/ 0.000/ 0.004/ 0.000, Output= 0.115(-0.700/0.700), Volt=10.4(9.2)
GlobalTracer.printPidInfo_Info: [7.460] encoderYPidCtrl: Target=-129.0, Input=  -7.1, Error=-121.9, PIDTerms=-3.657/ 0.000/ 0.001/-0.000, Output=-0.600(-0.600/0.600), Volt=10.4(9.2)
GlobalTracer.printPidInfo_Info: [7.460] gyroTurnPidCtrl: Target=   0.0, Input=   0.1, Error=  -0.1, PIDTerms=-0.001/ 0.000/ 0.000/ 0.000, Output=-0.000(-0.700/0.700), Volt=10.4(9.2)
GlobalTracer.printPidInfo_Info: [7.542] encoderXPidCtrl: Target=   0.0, Input=  -0.8, Error=   0.8, PIDTerms= 0.121/ 0.000/ 0.012/ 0.000, Output= 0.133(-0.700/0.700), Volt=10.3(9.2)
GlobalTracer.printPidInfo_Info: [7.542] encoderYPidCtrl: Target=-129.0, Input=  -7.2, Error=-121.8, PIDTerms=-3.653/ 0.000/ 0.001/-0.000, Output=-0.600(-0.600/0.600), Volt=10.3(9.2)
GlobalTracer.printPidInfo_Info: [7.542] gyroTurnPidCtrl: Target=   0.0, Input=   0.1, Error=  -0.1, PIDTerms=-0.001/ 0.000/-0.000/ 0.000, Output=-0.001(-0.700/0.700), Volt=10.3(9.2)
GlobalTracer.printPidInfo_Info: [7.629] encoderXPidCtrl: Target=   0.0, Input=  -0.8, Error=   0.8, PIDTerms= 0.127/ 0.000/ 0.005/ 0.000, Output= 0.132(-0.700/0.700), Volt=10.4(9.2)
GlobalTracer.printPidInfo_Info: [7.629] encoderYPidCtrl: Target=-129.0, Input=  -7.3, Error=-121.7, PIDTerms=-3.650/ 0.000/ 0.001/-0.000, Output=-0.600(-0.600/0.600), Volt=10.4(9.2)
GlobalTracer.printPidInfo_Info: [7.629] gyroTurnPidCtrl: Target=   0.0, Input=   0.1, Error=  -0.1, PIDTerms=-0.001/ 0.000/ 0.000/ 0.000, Output=-0.001(-0.700/0.700), Volt=10.4(9.2)
GlobalTracer.printPidInfo_Info: [7.726] encoderXPidCtrl: Target=   0.0, Input=  -0.9, Error=   0.9, PIDTerms= 0.129/ 0.000/ 0.002/ 0.000, Output= 0.131(-0.700/0.700), Volt=10.3(9.2)
GlobalTracer.printPidInfo_Info: [7.726] encoderYPidCtrl: Target=-129.0, Input=  -7.4, Error=-121.6, PIDTerms=-3.648/ 0.000/ 0.001/-0.000, Output=-0.600(-0.600/0.600), Volt=10.2(9.2)
GlobalTracer.printPidInfo_Info: [7.726] gyroTurnPidCtrl: Target=   0.0, Input=   0.1, Error=  -0.1, PIDTerms=-0.001/ 0.000/ 0.000/ 0.000, Output=-0.001(-0.700/0.700), Volt=10.2(9.2)
GlobalTracer.startCompetition_Warn: AUTO_MODE takes too long (0.108s)

GlobalTracer.printPidInfo_Info: [7.836] encoderXPidCtrl: Target=   0.0, Input=  -0.8, Error=   0.8, PIDTerms= 0.127/ 0.000/-0.002/ 0.000, Output= 0.125(-0.700/0.700), Volt=10.4(9.2)
GlobalTracer.printPidInfo_Info: [7.836] encoderYPidCtrl: Target=-129.0, Input=  -7.4, Error=-121.6, PIDTerms=-3.647/ 0.000/ 0.000/-0.000, Output=-0.600(-0.600/0.600), Volt=10.4(9.2)
GlobalTracer.printPidInfo_Info: [7.836] gyroTurnPidCtrl: Target=   0.0, Input=   0.1, Error=  -0.1, PIDTerms=-0.001/ 0.000/ 0.000/ 0.000, Output=-0.001(-0.700/0.700), Volt=10.4(9.2)
GlobalTracer.printPidInfo_Info: [7.931] encoderXPidCtrl: Target=   0.0, Input=  -0.8, Error=   0.8, PIDTerms= 0.123/ 0.000/-0.004/ 0.000, Output= 0.119(-0.700/0.700), Volt=10.4(9.2)
GlobalTracer.printPidInfo_Info: [7.931] encoderYPidCtrl: Target=-129.0, Input=  -7.5, Error=-121.5, PIDTerms=-3.646/ 0.000/ 0.000/-0.000, Output=-0.600(-0.600/0.600), Volt=10.4(9.2)
GlobalTracer.printPidInfo_Info: [7.931] gyroTurnPidCtrl: Target=   0.0, Input=   0.1, Error=  -0.1, PIDTerms=-0.001/ 0.000/ 0.000/ 0.000, Output=-0.001(-0.700/0.700), Volt=10.4(9.2)
GlobalTracer.printPidInfo_Info: [8.025] encoderXPidCtrl: Target=   0.0, Input=  -0.8, Error=   0.8, PIDTerms= 0.124/ 0.000/ 0.002/ 0.000, Output= 0.126(-0.700/0.700), Volt=10.3(9.2)
GlobalTracer.printPidInfo_Info: [8.025] encoderYPidCtrl: Target=-129.0, Input=  -7.5, Error=-121.5, PIDTerms=-3.644/ 0.000/ 0.001/-0.000, Output=-0.600(-0.600/0.600), Volt=10.3(9.2)
GlobalTracer.printPidInfo_Info: [8.025] gyroTurnPidCtrl: Target=   0.0, Input=   0.1, Error=  -0.1, PIDTerms=-0.001/ 0.000/-0.000/ 0.000, Output=-0.001(-0.700/0.700), Volt=10.3(9.2)
GlobalTracer.startCompetition_Warn: AUTO_MODE takes too long (0.105s)

GlobalTracer.printPidInfo_Info: [8.133] encoderXPidCtrl: Target=   0.0, Input=  -0.8, Error=   0.8, PIDTerms= 0.121/ 0.000/-0.003/ 0.000, Output= 0.118(-0.700/0.700), Volt=10.3(9.2)
GlobalTracer.printPidInfo_Info: [8.133] encoderYPidCtrl: Target=-129.0, Input=  -7.6, Error=-121.4, PIDTerms=-3.642/ 0.000/ 0.001/-0.000, Output=-0.600(-0.600/0.600), Volt=10.3(9.2)
GlobalTracer.printPidInfo_Info: [8.133] gyroTurnPidCtrl: Target=   0.0, Input=   0.1, Error=  -0.1, PIDTerms=-0.001/ 0.000/ 0.000/ 0.000, Output=-0.001(-0.700/0.700), Volt=10.3(9.2)
GlobalTracer.printPidInfo_Info: [8.227] encoderXPidCtrl: Target=   0.0, Input=  -0.8, Error=   0.8, PIDTerms= 0.113/ 0.000/-0.007/ 0.000, Output= 0.106(-0.700/0.700), Volt=10.3(9.2)
GlobalTracer.printPidInfo_Info: [8.227] encoderYPidCtrl: Target=-129.0, Input=  -7.7, Error=-121.3, PIDTerms=-3.639/ 0.000/ 0.001/-0.000, Output=-0.600(-0.600/0.600), Volt=10.3(9.2)
GlobalTracer.printPidInfo_Info: [8.227] gyroTurnPidCtrl: Target=   0.0, Input=   0.1, Error=  -0.1, PIDTerms=-0.001/ 0.000/ 0.000/ 0.000, Output=-0.001(-0.700/0.700), Volt=10.3(9.2)
GlobalTracer.startCompetition_Warn: AUTO_MODE takes too long (0.117s)

GlobalTracer.printPidInfo_Info: [8.346] encoderXPidCtrl: Target=   0.0, Input=  -0.7, Error=   0.7, PIDTerms= 0.107/ 0.000/-0.006/ 0.000, Output= 0.101(-0.700/0.700), Volt=10.3(9.2)
GlobalTracer.printPidInfo_Info: [8.346] encoderYPidCtrl: Target=-129.0, Input=  -7.8, Error=-121.2, PIDTerms=-3.635/ 0.000/ 0.001/-0.000, Output=-0.600(-0.600/0.600), Volt=10.4(9.2)
GlobalTracer.printPidInfo_Info: [8.346] gyroTurnPidCtrl: Target=   0.0, Input=   0.1, Error=  -0.1, PIDTerms=-0.001/ 0.000/-0.000/ 0.000, Output=-0.001(-0.700/0.700), Volt=10.4(9.2)
GlobalTracer.startCompetition_Warn: AUTO_MODE takes too long (0.104s)

GlobalTracer.printPidInfo_Info: [8.453] encoderXPidCtrl: Target=   0.0, Input=  -0.7, Error=   0.7, PIDTerms= 0.105/ 0.000/-0.002/ 0.000, Output= 0.104(-0.700/0.700), Volt=10.4(9.2)
GlobalTracer.printPidInfo_Info: [8.453] encoderYPidCtrl: Target=-129.0, Input=  -7.9, Error=-121.1, PIDTerms=-3.633/ 0.000/ 0.001/-0.000, Output=-0.600(-0.600/0.600), Volt=10.4(9.2)
GlobalTracer.printPidInfo_Info: [8.453] gyroTurnPidCtrl: Target=   0.0, Input=   0.1, Error=  -0.1, PIDTerms=-0.001/ 0.000/ 0.000/ 0.000, Output=-0.001(-0.700/0.700), Volt=10.4(9.2)
GlobalTracer.printPidInfo_Info: [8.528] encoderXPidCtrl: Target=   0.0, Input=  -0.7, Error=   0.7, PIDTerms= 0.112/ 0.000/ 0.009/ 0.000, Output= 0.121(-0.700/0.700), Volt=10.4(9.2)
GlobalTracer.printPidInfo_Info: [8.528] encoderYPidCtrl: Target=-129.0, Input=  -8.0, Error=-121.0, PIDTerms=-3.630/ 0.000/ 0.002/-0.000, Output=-0.600(-0.600/0.600), Volt=10.4(9.2)
GlobalTracer.printPidInfo_Info: [8.528] gyroTurnPidCtrl: Target=   0.0, Input=   0.1, Error=  -0.1, PIDTerms=-0.001/ 0.000/ 0.000/ 0.000, Output=-0.001(-0.700/0.700), Volt=10.4(9.2)
GlobalTracer.startCompetition_Warn: AUTO_MODE takes too long (0.117s)

GlobalTracer.printPidInfo_Info: [8.647] encoderXPidCtrl: Target=   0.0, Input=  -0.9, Error=   0.9, PIDTerms= 0.128/ 0.000/ 0.016/ 0.000, Output= 0.144(-0.700/0.700), Volt=10.5(9.2)
GlobalTracer.printPidInfo_Info: [8.647] encoderYPidCtrl: Target=-129.0, Input=  -8.2, Error=-120.8, PIDTerms=-3.625/ 0.000/ 0.002/-0.000, Output=-0.600(-0.600/0.600), Volt=10.4(9.2)
GlobalTracer.printPidInfo_Info: [8.647] gyroTurnPidCtrl: Target=   0.0, Input=   0.1, Error=  -0.1, PIDTerms=-0.001/ 0.000/ 0.000/ 0.000, Output=-0.001(-0.700/0.700), Volt=10.4(9.2)
GlobalTracer.startCompetition_Warn: AUTO_MODE takes too long (0.104s)

GlobalTracer.printPidInfo_Info: [8.753] encoderXPidCtrl: Target=   0.0, Input=  -0.9, Error=   0.9, PIDTerms= 0.130/ 0.000/ 0.002/ 0.000, Output= 0.132(-0.700/0.700), Volt=10.4(9.2)
GlobalTracer.printPidInfo_Info: [8.753] encoderYPidCtrl: Target=-129.0, Input=  -8.2, Error=-120.8, PIDTerms=-3.623/ 0.000/ 0.000/-0.000, Output=-0.600(-0.600/0.600), Volt=10.4(9.2)
GlobalTracer.printPidInfo_Info: [8.753] gyroTurnPidCtrl: Target=   0.0, Input=   0.1, Error=  -0.1, PIDTerms=-0.001/ 0.000/ 0.000/ 0.000, Output=-0.001(-0.700/0.700), Volt=10.4(9.2)
GlobalTracer.printPidInfo_Info: [8.830] encoderXPidCtrl: Target=   0.0, Input=  -0.9, Error=   0.9, PIDTerms= 0.133/ 0.000/ 0.004/ 0.000, Output= 0.136(-0.700/0.700), Volt=10.3(9.2)
GlobalTracer.printPidInfo_Info: [8.830] encoderYPidCtrl: Target=-129.0, Input=  -8.3, Error=-120.7, PIDTerms=-3.621/ 0.000/ 0.001/-0.000, Output=-0.600(-0.600/0.600), Volt=10.3(9.2)
GlobalTracer.printPidInfo_Info: [8.830] gyroTurnPidCtrl: Target=   0.0, Input=   0.1, Error=  -0.1, PIDTerms=-0.001/ 0.000/-0.000/ 0.000, Output=-0.001(-0.700/0.700), Volt=10.3(9.2)
GlobalTracer.startCompetition_Warn: AUTO_MODE takes too long (0.101s)

GlobalTracer.printPidInfo_Info: [8.943] encoderXPidCtrl: Target=   0.0, Input=  -0.9, Error=   0.9, PIDTerms= 0.133/ 0.000/ 0.000/ 0.000, Output= 0.134(-0.700/0.700), Volt=10.5(9.2)
GlobalTracer.printPidInfo_Info: [8.943] encoderYPidCtrl: Target=-129.0, Input=  -8.3, Error=-120.7, PIDTerms=-3.621/ 0.000/ 0.000/-0.000, Output=-0.600(-0.600/0.600), Volt=10.5(9.2)
GlobalTracer.printPidInfo_Info: [8.943] gyroTurnPidCtrl: Target=   0.0, Input=   0.1, Error=  -0.1, PIDTerms=-0.001/ 0.000/ 0.000/ 0.000, Output=-0.001(-0.700/0.700), Volt=10.5(9.2)
GlobalTracer.printPidInfo_Info: [9.013] encoderXPidCtrl: Target=   0.0, Input=  -0.9, Error=   0.9, PIDTerms= 0.135/ 0.000/ 0.002/ 0.000, Output= 0.138(-0.700/0.700), Volt=10.3(9.2)
GlobalTracer.printPidInfo_Info: [9.013] encoderYPidCtrl: Target=-129.0, Input=  -8.3, Error=-120.7, PIDTerms=-3.620/ 0.000/ 0.000/-0.000, Output=-0.600(-0.600/0.600), Volt=10.5(9.2)
GlobalTracer.printPidInfo_Info: [9.013] gyroTurnPidCtrl: Target=   0.0, Input=   0.1, Error=  -0.1, PIDTerms=-0.001/ 0.000/ 0.000/ 0.000, Output=-0.001(-0.700/0.700), Volt=10.5(9.2)
GlobalTracer.startCompetition_Warn: AUTO_MODE takes too long (0.116s)

GlobalTracer.printPidInfo_Info: [9.131] encoderXPidCtrl: Target=   0.0, Input=  -0.9, Error=   0.9, PIDTerms= 0.134/ 0.000/-0.001/ 0.000, Output= 0.132(-0.700/0.700), Volt=10.6(9.2)
GlobalTracer.printPidInfo_Info: [9.131] encoderYPidCtrl: Target=-129.0, Input=  -8.4, Error=-120.6, PIDTerms=-3.619/ 0.000/ 0.000/-0.000, Output=-0.600(-0.600/0.600), Volt=10.6(9.2)
GlobalTracer.printPidInfo_Info: [9.131] gyroTurnPidCtrl: Target=   0.0, Input=   0.1, Error=  -0.1, PIDTerms=-0.001/ 0.000/ 0.000/ 0.000, Output=-0.001(-0.700/0.700), Volt=10.5(9.2)
GlobalTracer.startCompetition_Warn: AUTO_MODE takes too long (0.127s)

GlobalTracer.printPidInfo_Info: [9.260] encoderXPidCtrl: Target=   0.0, Input=  -0.9, Error=   0.9, PIDTerms= 0.134/ 0.000/ 0.000/ 0.000, Output= 0.134(-0.700/0.700), Volt=10.3(9.2)
GlobalTracer.printPidInfo_Info: [9.260] encoderYPidCtrl: Target=-129.0, Input=  -8.4, Error=-120.6, PIDTerms=-3.619/ 0.000/ 0.000/-0.000, Output=-0.600(-0.600/0.600), Volt=10.3(9.2)
GlobalTracer.printPidInfo_Info: [9.260] gyroTurnPidCtrl: Target=   0.0, Input=   0.1, Error=  -0.1, PIDTerms=-0.001/ 0.000/ 0.000/ 0.000, Output=-0.001(-0.700/0.700), Volt=10.3(9.2)
GlobalTracer.startCompetition_Warn: AUTO_MODE takes too long (0.108s)

GlobalTracer.printPidInfo_Info: [9.370] encoderXPidCtrl: Target=   0.0, Input=  -0.8, Error=   0.8, PIDTerms= 0.127/ 0.000/-0.007/ 0.000, Output= 0.121(-0.700/0.700), Volt=10.2(9.2)
GlobalTracer.printPidInfo_Info: [9.370] encoderYPidCtrl: Target=-129.0, Input=  -8.4, Error=-120.6, PIDTerms=-3.617/ 0.000/ 0.001/-0.000, Output=-0.600(-0.600/0.600), Volt=10.2(9.2)
GlobalTracer.printPidInfo_Info: [9.370] gyroTurnPidCtrl: Target=   0.0, Input=   0.1, Error=  -0.1, PIDTerms=-0.001/ 0.000/ 0.000/ 0.000, Output=-0.001(-0.700/0.700), Volt=10.2(9.2)
GlobalTracer.startCompetition_Warn: AUTO_MODE takes too long (0.116s)

GlobalTracer.printPidInfo_Info: [9.489] encoderXPidCtrl: Target=   0.0, Input=  -0.8, Error=   0.8, PIDTerms= 0.127/ 0.000/ 0.000/ 0.000, Output= 0.127(-0.700/0.700), Volt=10.4(9.2)
GlobalTracer.printPidInfo_Info: [9.489] encoderYPidCtrl: Target=-129.0, Input=  -8.5, Error=-120.5, PIDTerms=-3.614/ 0.000/ 0.001/-0.000, Output=-0.600(-0.600/0.600), Volt=10.2(9.2)
GlobalTracer.printPidInfo_Info: [9.489] gyroTurnPidCtrl: Target=   0.0, Input=   0.1, Error=  -0.1, PIDTerms=-0.001/ 0.000/ 0.000/ 0.000, Output=-0.001(-0.700/0.700), Volt=10.2(9.2)
GlobalTracer.startCompetition_Warn: AUTO_MODE takes too long (0.118s)

GlobalTracer.printPidInfo_Info: [9.609] encoderXPidCtrl: Target=   0.0, Input=  -0.8, Error=   0.8, PIDTerms= 0.126/ 0.000/-0.001/ 0.000, Output= 0.125(-0.700/0.700), Volt=10.2(9.2)
GlobalTracer.printPidInfo_Info: [9.609] encoderYPidCtrl: Target=-129.0, Input=  -8.6, Error=-120.4, PIDTerms=-3.613/ 0.000/ 0.000/-0.000, Output=-0.600(-0.600/0.600), Volt=10.3(9.2)
GlobalTracer.printPidInfo_Info: [9.609] gyroTurnPidCtrl: Target=   0.0, Input=   0.1, Error=  -0.1, PIDTerms=-0.001/ 0.000/-0.000/ 0.000, Output=-0.001(-0.700/0.700), Volt=10.3(9.2)
GlobalTracer.startCompetition_Warn: AUTO_MODE takes too long (0.172s)

GlobalTracer.printPidInfo_Info: [9.782] encoderXPidCtrl: Target=   0.0, Input=  -0.8, Error=   0.8, PIDTerms= 0.122/ 0.000/-0.003/ 0.000, Output= 0.120(-0.700/0.700), Volt=10.2(9.2)
GlobalTracer.printPidInfo_Info: [9.782] encoderYPidCtrl: Target=-129.0, Input=  -8.6, Error=-120.4, PIDTerms=-3.611/ 0.000/ 0.000/-0.000, Output=-0.600(-0.600/0.600), Volt=10.2(9.2)
GlobalTracer.printPidInfo_Info: [9.782] gyroTurnPidCtrl: Target=   0.0, Input=   0.1, Error=  -0.1, PIDTerms=-0.001/ 0.000/ 0.000/ 0.000, Output=-0.001(-0.700/0.700), Volt=10.2(9.2)
GlobalTracer.startCompetition_Warn: AUTO_MODE takes too long (0.143s)

GlobalTracer.printPidInfo_Info: [9.927] encoderXPidCtrl: Target=   0.0, Input=  -0.8, Error=   0.8, PIDTerms= 0.121/ 0.000/-0.001/ 0.000, Output= 0.120(-0.700/0.700), Volt=10.4(9.2)
GlobalTracer.printPidInfo_Info: [9.927] encoderYPidCtrl: Target=-129.0, Input=  -8.7, Error=-120.3, PIDTerms=-3.609/ 0.000/ 0.000/-0.000, Output=-0.600(-0.600/0.600), Volt=10.4(9.2)
GlobalTracer.printPidInfo_Info: [9.927] gyroTurnPidCtrl: Target=   0.0, Input=   0.1, Error=  -0.1, PIDTerms=-0.001/ 0.000/-0.000/ 0.000, Output=-0.001(-0.700/0.700), Volt=10.4(9.2)
GlobalTracer.startCompetition_Warn: AUTO_MODE takes too long (0.155s)

GlobalTracer.printPidInfo_Info: [10.087] encoderXPidCtrl: Target=   0.0, Input=  -0.8, Error=   0.8, PIDTerms= 0.123/ 0.000/ 0.002/ 0.000, Output= 0.125(-0.700/0.700), Volt=10.5(9.2)
GlobalTracer.printPidInfo_Info: [10.087] encoderYPidCtrl: Target=-129.0, Input=  -8.7, Error=-120.3, PIDTerms=-3.608/ 0.000/ 0.000/-0.000, Output=-0.600(-0.600/0.600), Volt=10.5(9.2)
GlobalTracer.printPidInfo_Info: [10.087] gyroTurnPidCtrl: Target=   0.0, Input=   0.1, Error=  -0.1, PIDTerms=-0.001/ 0.000/ 0.000/ 0.000, Output=-0.001(-0.700/0.700), Volt=10.5(9.2)
GlobalTracer.startCompetition_Warn: AUTO_MODE takes too long (0.110s)

GlobalTracer.printPidInfo_Info: [10.194] encoderXPidCtrl: Target=   0.0, Input=  -0.8, Error=   0.8, PIDTerms= 0.125/ 0.000/ 0.001/ 0.000, Output= 0.126(-0.700/0.700), Volt=10.5(9.2)
GlobalTracer.printPidInfo_Info: [10.194] encoderYPidCtrl: Target=-129.0, Input=  -8.8, Error=-120.2, PIDTerms=-3.606/ 0.000/ 0.001/-0.000, Output=-0.600(-0.600/0.600), Volt=10.5(9.2)
GlobalTracer.printPidInfo_Info: [10.194] gyroTurnPidCtrl: Target=   0.0, Input=   0.1, Error=  -0.1, PIDTerms=-0.001/ 0.000/ 0.000/ 0.000, Output=-0.001(-0.700/0.700), Volt=10.4(9.2)
GlobalTracer.startCompetition_Warn: AUTO_MODE takes too long (0.113s)

GlobalTracer.printPidInfo_Info: [10.309] encoderXPidCtrl: Target=   0.0, Input=  -0.9, Error=   0.9, PIDTerms= 0.135/ 0.000/ 0.008/ 0.000, Output= 0.143(-0.700/0.700), Volt=10.5(9.2)
GlobalTracer.printPidInfo_Info: [10.309] encoderYPidCtrl: Target=-129.0, Input=  -8.9, Error=-120.1, PIDTerms=-3.602/ 0.000/ 0.001/-0.000, Output=-0.600(-0.600/0.600), Volt=10.5(9.2)
GlobalTracer.printPidInfo_Info: [10.309] gyroTurnPidCtrl: Target=   0.0, Input=   0.1, Error=  -0.1, PIDTerms=-0.001/ 0.000/-0.000/ 0.000, Output=-0.001(-0.700/0.700), Volt=10.5(9.2)
GlobalTracer.printPidInfo_Info: [10.404] encoderXPidCtrl: Target=   0.0, Input=  -0.9, Error=   0.9, PIDTerms= 0.137/ 0.000/ 0.002/ 0.000, Output= 0.140(-0.700/0.700), Volt=10.2(9.2)
GlobalTracer.printPidInfo_Info: [10.404] encoderYPidCtrl: Target=-129.0, Input=  -9.0, Error=-120.0, PIDTerms=-3.601/ 0.000/ 0.000/-0.000, Output=-0.600(-0.600/0.600), Volt=10.2(9.2)
GlobalTracer.printPidInfo_Info: [10.404] gyroTurnPidCtrl: Target=   0.0, Input=   0.1, Error=  -0.1, PIDTerms=-0.001/ 0.000/ 0.000/ 0.000, Output=-0.001(-0.700/0.700), Volt=10.4(9.2)
GlobalTracer.printPidInfo_Info: [10.489] encoderXPidCtrl: Target=   0.0, Input=  -0.9, Error=   0.9, PIDTerms= 0.139/ 0.000/ 0.003/ 0.000, Output= 0.142(-0.700/0.700), Volt=10.4(9.2)
GlobalTracer.printPidInfo_Info: [10.489] encoderYPidCtrl: Target=-129.0, Input=  -9.0, Error=-120.0, PIDTerms=-3.600/ 0.000/ 0.000/-0.000, Output=-0.600(-0.600/0.600), Volt=10.4(9.2)
GlobalTracer.printPidInfo_Info: [10.489] gyroTurnPidCtrl: Target=   0.0, Input=   0.1, Error=  -0.1, PIDTerms=-0.001/ 0.000/ 0.000/ 0.000, Output=-0.001(-0.700/0.700), Volt=10.4(9.2)
GlobalTracer.printPidInfo_Info: [10.589] encoderXPidCtrl: Target=   0.0, Input=  -0.9, Error=   0.9, PIDTerms= 0.141/ 0.000/ 0.001/ 0.000, Output= 0.142(-0.700/0.700), Volt=10.4(9.2)
GlobalTracer.printPidInfo_Info: [10.589] encoderYPidCtrl: Target=-129.0, Input=  -9.0, Error=-120.0, PIDTerms=-3.599/ 0.000/ 0.000/-0.000, Output=-0.600(-0.600/0.600), Volt=10.4(9.2)
GlobalTracer.printPidInfo_Info: [10.589] gyroTurnPidCtrl: Target=   0.0, Input=   0.1, Error=  -0.1, PIDTerms=-0.001/ 0.000/ 0.000/ 0.000, Output=-0.001(-0.700/0.700), Volt=10.4(9.2)
GlobalTracer.printPidInfo_Info: [10.668] encoderXPidCtrl: Target=   0.0, Input=  -0.9, Error=   0.9, PIDTerms= 0.141/ 0.000/ 0.001/ 0.000, Output= 0.142(-0.700/0.700), Volt=10.4(9.2)
GlobalTracer.printPidInfo_Info: [10.668] encoderYPidCtrl: Target=-129.0, Input=  -9.1, Error=-119.9, PIDTerms=-3.598/ 0.000/ 0.000/-0.000, Output=-0.600(-0.600/0.600), Volt=10.4(9.2)
GlobalTracer.printPidInfo_Info: [10.668] gyroTurnPidCtrl: Target=   0.0, Input=   0.1, Error=  -0.1, PIDTerms=-0.001/ 0.000/ 0.000/ 0.000, Output=-0.001(-0.700/0.700), Volt=10.4(9.2)
GlobalTracer.printPidInfo_Info: [10.765] encoderXPidCtrl: Target=   0.0, Input=  -0.9, Error=   0.9, PIDTerms= 0.140/ 0.000/-0.001/ 0.000, Output= 0.138(-0.700/0.700), Volt=10.3(9.2)
GlobalTracer.printPidInfo_Info: [10.765] encoderYPidCtrl: Target=-129.0, Input=  -9.1, Error=-119.9, PIDTerms=-3.598/ 0.000/ 0.000/-0.000, Output=-0.600(-0.600/0.600), Volt=10.3(9.2)
GlobalTracer.printPidInfo_Info: [10.765] gyroTurnPidCtrl: Target=   0.0, Input=   0.1, Error=  -0.1, PIDTerms=-0.001/ 0.000/ 0.000/ 0.000, Output=-0.001(-0.700/0.700), Volt=10.3(9.2)
GlobalTracer.startCompetition_Warn: AUTO_MODE takes too long (0.106s)

GlobalTracer.printPidInfo_Info: [10.871] encoderXPidCtrl: Target=   0.0, Input=  -0.9, Error=   0.9, PIDTerms= 0.138/ 0.000/-0.001/ 0.000, Output= 0.137(-0.700/0.700), Volt=10.4(9.2)
GlobalTracer.printPidInfo_Info: [10.871] encoderYPidCtrl: Target=-129.0, Input=  -9.1, Error=-119.9, PIDTerms=-3.597/ 0.000/ 0.000/-0.000, Output=-0.600(-0.600/0.600), Volt=10.4(9.2)
GlobalTracer.printPidInfo_Info: [10.871] gyroTurnPidCtrl: Target=   0.0, Input=   0.1, Error=  -0.1, PIDTerms=-0.001/ 0.000/ 0.000/ 0.000, Output=-0.001(-0.700/0.700), Volt=10.4(9.2)
GlobalTracer.printPidInfo_Info: [10.971] encoderXPidCtrl: Target=   0.0, Input=  -0.9, Error=   0.9, PIDTerms= 0.140/ 0.000/ 0.001/ 0.000, Output= 0.141(-0.700/0.700), Volt=10.5(9.2)
GlobalTracer.printPidInfo_Info: [10.971] encoderYPidCtrl: Target=-129.0, Input=  -9.1, Error=-119.9, PIDTerms=-3.597/ 0.000/ 0.000/-0.000, Output=-0.600(-0.600/0.600), Volt=10.5(9.2)
GlobalTracer.printPidInfo_Info: [10.971] gyroTurnPidCtrl: Target=   0.0, Input=   0.1, Error=  -0.1, PIDTerms=-0.001/ 0.000/-0.000/ 0.000, Output=-0.001(-0.700/0.700), Volt=10.5(9.2)
GlobalTracer.printPidInfo_Info: [11.054] encoderXPidCtrl: Target=   0.0, Input=  -0.9, Error=   0.9, PIDTerms= 0.140/ 0.000/ 0.000/ 0.000, Output= 0.140(-0.700/0.700), Volt=10.5(9.2)
GlobalTracer.printPidInfo_Info: [11.054] encoderYPidCtrl: Target=-129.0, Input=  -9.1, Error=-119.9, PIDTerms=-3.596/ 0.000/ 0.000/-0.000, Output=-0.600(-0.600/0.600), Volt=10.5(9.2)
GlobalTracer.printPidInfo_Info: [11.054] gyroTurnPidCtrl: Target=   0.0, Input=   0.1, Error=  -0.1, PIDTerms=-0.001/ 0.000/ 0.000/ 0.000, Output=-0.001(-0.700/0.700), Volt=10.5(9.2)
GlobalTracer.startCompetition_Warn: AUTO_MODE takes too long (0.112s)

GlobalTracer.printPidInfo_Info: [11.167] encoderXPidCtrl: Target=   0.0, Input=  -0.9, Error=   0.9, PIDTerms= 0.139/ 0.000/-0.001/ 0.000, Output= 0.139(-0.700/0.700), Volt=9.6(9.2)
GlobalTracer.printPidInfo_Info: [11.167] encoderYPidCtrl: Target=-129.0, Input=  -9.2, Error=-119.8, PIDTerms=-3.595/ 0.000/ 0.000/-0.000, Output=-0.600(-0.600/0.600), Volt=9.6(9.2)
GlobalTracer.printPidInfo_Info: [11.167] gyroTurnPidCtrl: Target=   0.0, Input=   0.1, Error=  -0.1, PIDTerms=-0.001/ 0.000/ 0.000/ 0.000, Output=-0.001(-0.700/0.700), Volt=9.6(9.2)
GlobalTracer.printPidInfo_Info: [11.251] encoderXPidCtrl: Target=   0.0, Input=  -1.4, Error=   1.4, PIDTerms= 0.204/ 0.000/ 0.065/ 0.000, Output= 0.269(-0.700/0.700), Volt=9.3(9.2)
GlobalTracer.printPidInfo_Info: [11.251] encoderYPidCtrl: Target=-129.0, Input=  -8.6, Error=-120.4, PIDTerms=-3.611/ 0.000/-0.005/-0.000, Output=-0.600(-0.600/0.600), Volt=9.3(9.2)
GlobalTracer.printPidInfo_Info: [11.251] gyroTurnPidCtrl: Target=   0.0, Input=   0.1, Error=  -0.1, PIDTerms=-0.001/ 0.000/-0.000/ 0.000, Output=-0.001(-0.700/0.700), Volt=9.3(9.2)
GlobalTracer.printPidInfo_Info: [11.330] encoderXPidCtrl: Target=   0.0, Input=  -1.4, Error=   1.4, PIDTerms= 0.207/ 0.000/ 0.003/ 0.000, Output= 0.210(-0.700/0.700), Volt=9.3(9.2)
GlobalTracer.printPidInfo_Info: [11.330] encoderYPidCtrl: Target=-129.0, Input=  -8.7, Error=-120.3, PIDTerms=-3.609/ 0.000/ 0.001/-0.000, Output=-0.600(-0.600/0.600), Volt=9.2(9.2)
GlobalTracer.printPidInfo_Info: [11.330] gyroTurnPidCtrl: Target=   0.0, Input=   0.3, Error=  -0.3, PIDTerms=-0.003/ 0.000/-0.002/ 0.000, Output=-0.005(-0.700/0.700), Volt=9.2(9.2)
GlobalTracer.printPidInfo_Info: [11.410] encoderXPidCtrl: Target=   0.0, Input=  -1.4, Error=   1.4, PIDTerms= 0.204/ 0.000/-0.003/ 0.000, Output= 0.200(-0.700/0.700), Volt=9.3(9.2)
GlobalTracer.printPidInfo_Info: [11.410] encoderYPidCtrl: Target=-129.0, Input=  -8.7, Error=-120.3, PIDTerms=-3.608/ 0.000/ 0.000/-0.000, Output=-0.600(-0.600/0.600), Volt=9.4(9.2)
GlobalTracer.printPidInfo_Info: [11.410] gyroTurnPidCtrl: Target=   0.0, Input=   0.3, Error=  -0.3, PIDTerms=-0.003/ 0.000/ 0.000/ 0.000, Output=-0.003(-0.700/0.700), Volt=9.4(9.2)
GlobalTracer.printPidInfo_Info: [11.492] encoderXPidCtrl: Target=   0.0, Input=  -1.4, Error=   1.4, PIDTerms= 0.203/ 0.000/-0.001/ 0.000, Output= 0.201(-0.700/0.700), Volt=9.3(9.2)
GlobalTracer.printPidInfo_Info: [11.492] encoderYPidCtrl: Target=-129.0, Input=  -8.8, Error=-120.2, PIDTerms=-3.607/ 0.000/ 0.000/-0.000, Output=-0.600(-0.600/0.600), Volt=9.3(9.2)
GlobalTracer.printPidInfo_Info: [11.492] gyroTurnPidCtrl: Target=   0.0, Input=   0.2, Error=  -0.2, PIDTerms=-0.003/ 0.000/ 0.000/ 0.000, Output=-0.003(-0.700/0.700), Volt=9.3(9.2)
GlobalTracer.printPidInfo_Info: [11.572] encoderXPidCtrl: Target=   0.0, Input=  -1.3, Error=   1.3, PIDTerms= 0.200/ 0.000/-0.003/ 0.000, Output= 0.197(-0.700/0.700), Volt=9.5(9.2)
GlobalTracer.printPidInfo_Info: [11.572] encoderYPidCtrl: Target=-129.0, Input=  -8.8, Error=-120.2, PIDTerms=-3.606/ 0.000/ 0.000/-0.000, Output=-0.600(-0.600/0.600), Volt=9.5(9.2)
GlobalTracer.printPidInfo_Info: [11.572] gyroTurnPidCtrl: Target=   0.0, Input=   0.3, Error=  -0.3, PIDTerms=-0.003/ 0.000/-0.000/ 0.000, Output=-0.003(-0.700/0.700), Volt=9.5(9.2)
GlobalTracer.printPidInfo_Info: [11.670] encoderXPidCtrl: Target=   0.0, Input=  -1.3, Error=   1.3, PIDTerms= 0.199/ 0.000/-0.001/ 0.000, Output= 0.198(-0.700/0.700), Volt=9.3(9.2)
GlobalTracer.printPidInfo_Info: [11.670] encoderYPidCtrl: Target=-129.0, Input=  -8.8, Error=-120.2, PIDTerms=-3.605/ 0.000/ 0.001/-0.000, Output=-0.600(-0.600/0.600), Volt=9.3(9.2)
GlobalTracer.printPidInfo_Info: [11.670] gyroTurnPidCtrl: Target=   0.0, Input=   0.3, Error=  -0.3, PIDTerms=-0.003/ 0.000/ 0.000/ 0.000, Output=-0.003(-0.700/0.700), Volt=9.5(9.2)
GlobalTracer.printPidInfo_Info: [11.753] encoderXPidCtrl: Target=   0.0, Input=  -1.3, Error=   1.3, PIDTerms= 0.199/ 0.000/-0.000/ 0.000, Output= 0.198(-0.700/0.700), Volt=9.5(9.2)
GlobalTracer.printPidInfo_Info: [11.753] encoderYPidCtrl: Target=-129.0, Input=  -8.9, Error=-120.1, PIDTerms=-3.603/ 0.000/ 0.000/-0.000, Output=-0.600(-0.600/0.600), Volt=9.5(9.2)
GlobalTracer.printPidInfo_Info: [11.753] gyroTurnPidCtrl: Target=   0.0, Input=   0.3, Error=  -0.3, PIDTerms=-0.003/ 0.000/ 0.000/ 0.000, Output=-0.003(-0.700/0.700), Volt=9.5(9.2)
GlobalTracer.printPidInfo_Info: [11.815] encoderXPidCtrl: Target=   0.0, Input=  -1.3, Error=   1.3, PIDTerms= 0.195/ 0.000/-0.006/ 0.000, Output= 0.189(-0.700/0.700), Volt=9.4(9.2)
GlobalTracer.printPidInfo_Info: [11.815] encoderYPidCtrl: Target=-129.0, Input=  -8.9, Error=-120.1, PIDTerms=-3.602/ 0.000/ 0.001/-0.000, Output=-0.600(-0.600/0.600), Volt=9.4(9.2)
GlobalTracer.printPidInfo_Info: [11.815] gyroTurnPidCtrl: Target=   0.0, Input=   0.3, Error=  -0.3, PIDTerms=-0.003/ 0.000/-0.000/ 0.000, Output=-0.003(-0.700/0.700), Volt=9.3(9.2)
GlobalTracer.printPidInfo_Info: [11.896] encoderXPidCtrl: Target=   0.0, Input=  -1.3, Error=   1.3, PIDTerms= 0.192/ 0.000/-0.004/ 0.000, Output= 0.187(-0.700/0.700), Volt=9.4(9.2)
GlobalTracer.printPidInfo_Info: [11.896] encoderYPidCtrl: Target=-129.0, Input=  -9.0, Error=-120.0, PIDTerms=-3.601/ 0.000/ 0.001/-0.000, Output=-0.600(-0.600/0.600), Volt=9.4(9.2)
GlobalTracer.printPidInfo_Info: [11.896] gyroTurnPidCtrl: Target=   0.0, Input=   0.3, Error=  -0.3, PIDTerms=-0.003/ 0.000/ 0.000/ 0.000, Output=-0.003(-0.700/0.700), Volt=9.4(9.2)
GlobalTracer.printPidInfo_Info: [11.953] encoderXPidCtrl: Target=   0.0, Input=  -1.3, Error=   1.3, PIDTerms= 0.189/ 0.000/-0.004/ 0.000, Output= 0.185(-0.700/0.700), Volt=9.4(9.2)
GlobalTracer.printPidInfo_Info: [11.953] encoderYPidCtrl: Target=-129.0, Input=  -9.0, Error=-120.0, PIDTerms=-3.600/ 0.000/ 0.000/-0.000, Output=-0.600(-0.600/0.600), Volt=9.4(9.2)
GlobalTracer.printPidInfo_Info: [11.953] gyroTurnPidCtrl: Target=   0.0, Input=   0.3, Error=  -0.3, PIDTerms=-0.003/ 0.000/-0.000/ 0.000, Output=-0.003(-0.700/0.700), Volt=9.4(9.2)
GlobalTracer.printPidInfo_Info: [12.042] encoderXPidCtrl: Target=   0.0, Input=  -1.2, Error=   1.2, PIDTerms= 0.187/ 0.000/-0.002/ 0.000, Output= 0.184(-0.700/0.700), Volt=9.5(9.2)
GlobalTracer.printPidInfo_Info: [12.042] encoderYPidCtrl: Target=-129.0, Input=  -9.0, Error=-120.0, PIDTerms=-3.600/ 0.000/ 0.000/-0.000, Output=-0.600(-0.600/0.600), Volt=9.5(9.2)
GlobalTracer.printPidInfo_Info: [12.042] gyroTurnPidCtrl: Target=   0.0, Input=   0.3, Error=  -0.3, PIDTerms=-0.003/ 0.000/ 0.000/ 0.000, Output=-0.003(-0.700/0.700), Volt=9.5(9.2)
GlobalTracer.printPidInfo_Info: [12.099] encoderXPidCtrl: Target=   0.0, Input=  -1.2, Error=   1.2, PIDTerms= 0.186/ 0.000/-0.001/ 0.000, Output= 0.186(-0.700/0.700), Volt=9.4(9.2)
GlobalTracer.printPidInfo_Info: [12.099] encoderYPidCtrl: Target=-129.0, Input=  -9.0, Error=-120.0, PIDTerms=-3.599/ 0.000/ 0.000/-0.000, Output=-0.600(-0.600/0.600), Volt=9.4(9.2)
GlobalTracer.printPidInfo_Info: [12.099] gyroTurnPidCtrl: Target=   0.0, Input=   0.3, Error=  -0.3, PIDTerms=-0.003/ 0.000/ 0.000/ 0.000, Output=-0.003(-0.700/0.700), Volt=9.4(9.2)
GlobalTracer.printPidInfo_Info: [12.183] encoderXPidCtrl: Target=   0.0, Input=  -1.2, Error=   1.2, PIDTerms= 0.186/ 0.000/-0.001/ 0.000, Output= 0.185(-0.700/0.700), Volt=9.5(9.2)
GlobalTracer.printPidInfo_Info: [12.183] encoderYPidCtrl: Target=-129.0, Input=  -9.1, Error=-119.9, PIDTerms=-3.598/ 0.000/ 0.000/-0.000, Output=-0.600(-0.600/0.600), Volt=9.5(9.2)
GlobalTracer.printPidInfo_Info: [12.183] gyroTurnPidCtrl: Target=   0.0, Input=   0.3, Error=  -0.3, PIDTerms=-0.003/ 0.000/ 0.000/ 0.000, Output=-0.003(-0.700/0.700), Volt=9.5(9.2)
GlobalTracer.printPidInfo_Info: [12.257] encoderXPidCtrl: Target=   0.0, Input=  -1.2, Error=   1.2, PIDTerms= 0.186/ 0.000/-0.001/ 0.000, Output= 0.185(-0.700/0.700), Volt=9.5(9.2)
GlobalTracer.printPidInfo_Info: [12.257] encoderYPidCtrl: Target=-129.0, Input=  -9.1, Error=-119.9, PIDTerms=-3.598/ 0.000/ 0.000/-0.000, Output=-0.600(-0.600/0.600), Volt=9.5(9.2)
GlobalTracer.printPidInfo_Info: [12.257] gyroTurnPidCtrl: Target=   0.0, Input=   0.3, Error=  -0.3, PIDTerms=-0.003/ 0.000/ 0.000/ 0.000, Output=-0.003(-0.700/0.700), Volt=9.5(9.2)
GlobalTracer.printPidInfo_Info: [12.341] encoderXPidCtrl: Target=   0.0, Input=  -1.2, Error=   1.2, PIDTerms= 0.184/ 0.000/-0.002/ 0.000, Output= 0.182(-0.700/0.700), Volt=9.4(9.2)
GlobalTracer.printPidInfo_Info: [12.341] encoderYPidCtrl: Target=-129.0, Input=  -9.1, Error=-119.9, PIDTerms=-3.597/ 0.000/ 0.000/-0.000, Output=-0.600(-0.600/0.600), Volt=9.4(9.2)
GlobalTracer.printPidInfo_Info: [12.341] gyroTurnPidCtrl: Target=   0.0, Input=   0.3, Error=  -0.3, PIDTerms=-0.003/ 0.000/ 0.000/ 0.000, Output=-0.003(-0.700/0.700), Volt=9.4(9.2)
GlobalTracer.printPidInfo_Info: [12.407] encoderXPidCtrl: Target=   0.0, Input=  -1.2, Error=   1.2, PIDTerms= 0.183/ 0.000/-0.002/ 0.000, Output= 0.181(-0.700/0.700), Volt=9.4(9.2)
GlobalTracer.printPidInfo_Info: [12.407] encoderYPidCtrl: Target=-129.0, Input=  -9.1, Error=-119.9, PIDTerms=-3.596/ 0.000/ 0.000/-0.000, Output=-0.600(-0.600/0.600), Volt=9.4(9.2)
GlobalTracer.printPidInfo_Info: [12.407] gyroTurnPidCtrl: Target=   0.0, Input=   0.3, Error=  -0.3, PIDTerms=-0.003/ 0.000/ 0.000/ 0.000, Output=-0.003(-0.700/0.700), Volt=9.4(9.2)
GlobalTracer.printPidInfo_Info: [12.499] encoderXPidCtrl: Target=   0.0, Input=  -1.2, Error=   1.2, PIDTerms= 0.186/ 0.000/ 0.003/ 0.000, Output= 0.190(-0.700/0.700), Volt=9.4(9.2)
GlobalTracer.printPidInfo_Info: [12.499] encoderYPidCtrl: Target=-129.0, Input=  -9.2, Error=-119.8, PIDTerms=-3.595/ 0.000/ 0.000/-0.000, Output=-0.600(-0.600/0.600), Volt=9.4(9.2)
GlobalTracer.printPidInfo_Info: [12.499] gyroTurnPidCtrl: Target=   0.0, Input=   0.3, Error=  -0.3, PIDTerms=-0.003/ 0.000/-0.000/ 0.000, Output=-0.003(-0.700/0.700), Volt=9.4(9.2)
GlobalTracer.printPidInfo_Info: [12.561] encoderXPidCtrl: Target=   0.0, Input=  -1.3, Error=   1.3, PIDTerms= 0.190/ 0.000/ 0.005/ 0.000, Output= 0.195(-0.700/0.700), Volt=9.5(9.2)
GlobalTracer.printPidInfo_Info: [12.561] encoderYPidCtrl: Target=-129.0, Input=  -9.2, Error=-119.8, PIDTerms=-3.593/ 0.000/ 0.001/-0.000, Output=-0.600(-0.600/0.600), Volt=9.5(9.2)
GlobalTracer.printPidInfo_Info: [12.561] gyroTurnPidCtrl: Target=   0.0, Input=   0.3, Error=  -0.3, PIDTerms=-0.003/ 0.000/ 0.000/ 0.000, Output=-0.003(-0.700/0.700), Volt=9.5(9.2)
GlobalTracer.printPidInfo_Info: [12.658] encoderXPidCtrl: Target=   0.0, Input=  -1.3, Error=   1.3, PIDTerms= 0.194/ 0.000/ 0.005/ 0.000, Output= 0.198(-0.700/0.700), Volt=9.4(9.2)
GlobalTracer.printPidInfo_Info: [12.658] encoderYPidCtrl: Target=-129.0, Input=  -9.3, Error=-119.7, PIDTerms=-3.592/ 0.000/ 0.001/-0.000, Output=-0.600(-0.600/0.600), Volt=9.2(9.2)
GlobalTracer.printPidInfo_Info: [12.658] gyroTurnPidCtrl: Target=   0.0, Input=   0.3, Error=  -0.3, PIDTerms=-0.003/ 0.000/-0.000/ 0.000, Output=-0.003(-0.700/0.700), Volt=9.2(9.2)
GlobalTracer.printPidInfo_Info: [12.736] encoderXPidCtrl: Target=   0.0, Input=  -1.4, Error=   1.4, PIDTerms= 0.203/ 0.000/ 0.010/ 0.000, Output= 0.212(-0.700/0.700), Volt=9.3(9.2)
GlobalTracer.printPidInfo_Info: [12.736] encoderYPidCtrl: Target=-129.0, Input=  -9.4, Error=-119.6, PIDTerms=-3.588/ 0.000/ 0.001/-0.000, Output=-0.600(-0.600/0.600), Volt=9.3(9.2)
GlobalTracer.printPidInfo_Info: [12.736] gyroTurnPidCtrl: Target=   0.0, Input=   0.3, Error=  -0.3, PIDTerms=-0.003/ 0.000/ 0.000/ 0.000, Output=-0.003(-0.700/0.700), Volt=9.3(9.2)
GlobalTracer.printPidInfo_Info: [12.797] encoderXPidCtrl: Target=   0.0, Input=  -1.4, Error=   1.4, PIDTerms= 0.205/ 0.000/ 0.004/ 0.000, Output= 0.209(-0.700/0.700), Volt=9.3(9.2)
GlobalTracer.printPidInfo_Info: [12.797] encoderYPidCtrl: Target=-129.0, Input=  -9.4, Error=-119.6, PIDTerms=-3.588/ 0.000/ 0.000/-0.000, Output=-0.600(-0.600/0.600), Volt=9.3(9.2)
GlobalTracer.printPidInfo_Info: [12.797] gyroTurnPidCtrl: Target=   0.0, Input=   0.3, Error=  -0.3, PIDTerms=-0.003/ 0.000/ 0.000/ 0.000, Output=-0.003(-0.700/0.700), Volt=9.3(9.2)
GlobalTracer.printPidInfo_Info: [12.887] encoderXPidCtrl: Target=   0.0, Input=  -1.4, Error=   1.4, PIDTerms= 0.205/ 0.000/ 0.001/ 0.000, Output= 0.206(-0.700/0.700), Volt=9.3(9.2)
GlobalTracer.printPidInfo_Info: [12.887] encoderYPidCtrl: Target=-129.0, Input=  -9.4, Error=-119.6, PIDTerms=-3.587/ 0.000/ 0.000/-0.000, Output=-0.600(-0.600/0.600), Volt=9.3(9.2)
GlobalTracer.printPidInfo_Info: [12.887] gyroTurnPidCtrl: Target=   0.0, Input=   0.3, Error=  -0.3, PIDTerms=-0.003/ 0.000/-0.000/ 0.000, Output=-0.003(-0.700/0.700), Volt=9.4(9.2)
GlobalTracer.printPidInfo_Info: [12.963] encoderXPidCtrl: Target=   0.0, Input=  -1.4, Error=   1.4, PIDTerms= 0.206/ 0.000/ 0.001/ 0.000, Output= 0.207(-0.700/0.700), Volt=9.1(9.1)
GlobalTracer.printPidInfo_Info: [12.963] encoderYPidCtrl: Target=-129.0, Input=  -9.4, Error=-119.6, PIDTerms=-3.587/ 0.000/ 0.000/-0.000, Output=-0.600(-0.600/0.600), Volt=9.3(9.1)
GlobalTracer.printPidInfo_Info: [12.963] gyroTurnPidCtrl: Target=   0.0, Input=   0.3, Error=  -0.3, PIDTerms=-0.003/ 0.000/ 0.000/ 0.000, Output=-0.003(-0.700/0.700), Volt=9.3(9.1)
GlobalTracer.printPidInfo_Info: [13.028] encoderXPidCtrl: Target=   0.0, Input=  -1.4, Error=   1.4, PIDTerms= 0.207/ 0.000/ 0.001/ 0.000, Output= 0.209(-0.700/0.700), Volt=9.4(9.1)
GlobalTracer.printPidInfo_Info: [13.028] encoderYPidCtrl: Target=-129.0, Input=  -9.4, Error=-119.6, PIDTerms=-3.587/ 0.000/ 0.000/-0.000, Output=-0.600(-0.600/0.600), Volt=9.4(9.1)
GlobalTracer.printPidInfo_Info: [13.028] gyroTurnPidCtrl: Target=   0.0, Input=   0.3, Error=  -0.3, PIDTerms=-0.003/ 0.000/ 0.000/ 0.000, Output=-0.003(-0.700/0.700), Volt=9.3(9.1)
GlobalTracer.printPidInfo_Info: [13.121] encoderXPidCtrl: Target=   0.0, Input=  -1.4, Error=   1.4, PIDTerms= 0.208/ 0.000/ 0.001/ 0.000, Output= 0.210(-0.700/0.700), Volt=9.5(9.1)
GlobalTracer.printPidInfo_Info: [13.121] encoderYPidCtrl: Target=-129.0, Input=  -9.5, Error=-119.5, PIDTerms=-3.586/ 0.000/ 0.000/-0.000, Output=-0.600(-0.600/0.600), Volt=9.5(9.1)
GlobalTracer.printPidInfo_Info: [13.121] gyroTurnPidCtrl: Target=   0.0, Input=   0.3, Error=  -0.3, PIDTerms=-0.003/ 0.000/ 0.000/ 0.000, Output=-0.003(-0.700/0.700), Volt=9.5(9.1)
GlobalTracer.printPidInfo_Info: [13.184] encoderXPidCtrl: Target=   0.0, Input=  -1.4, Error=   1.4, PIDTerms= 0.208/ 0.000/ 0.000/ 0.000, Output= 0.208(-0.700/0.700), Volt=9.3(9.1)
GlobalTracer.printPidInfo_Info: [13.184] encoderYPidCtrl: Target=-129.0, Input=  -9.5, Error=-119.5, PIDTerms=-3.586/ 0.000/ 0.000/-0.000, Output=-0.600(-0.600/0.600), Volt=9.3(9.1)
GlobalTracer.printPidInfo_Info: [13.184] gyroTurnPidCtrl: Target=   0.0, Input=   0.3, Error=  -0.3, PIDTerms=-0.003/ 0.000/ 0.000/ 0.000, Output=-0.003(-0.700/0.700), Volt=9.3(9.1)
GlobalTracer.printPidInfo_Info: [13.277] encoderXPidCtrl: Target=   0.0, Input=  -1.4, Error=   1.4, PIDTerms= 0.208/ 0.000/ 0.000/ 0.000, Output= 0.208(-0.700/0.700), Volt=9.4(9.1)
GlobalTracer.printPidInfo_Info: [13.277] encoderYPidCtrl: Target=-129.0, Input=  -9.5, Error=-119.5, PIDTerms=-3.586/ 0.000/ 0.000/-0.000, Output=-0.600(-0.600/0.600), Volt=9.4(9.1)
GlobalTracer.printPidInfo_Info: [13.277] gyroTurnPidCtrl: Target=   0.0, Input=   0.3, Error=  -0.3, PIDTerms=-0.003/ 0.000/ 0.000/ 0.000, Output=-0.003(-0.700/0.700), Volt=9.4(9.1)
GlobalTracer.printPidInfo_Info: [13.362] encoderXPidCtrl: Target=   0.0, Input=  -1.4, Error=   1.4, PIDTerms= 0.209/ 0.000/ 0.001/ 0.000, Output= 0.210(-0.700/0.700), Volt=9.3(9.1)
GlobalTracer.printPidInfo_Info: [13.362] encoderYPidCtrl: Target=-129.0, Input=  -9.5, Error=-119.5, PIDTerms=-3.586/ 0.000/ 0.000/-0.000, Output=-0.600(-0.600/0.600), Volt=9.4(9.1)
GlobalTracer.printPidInfo_Info: [13.362] gyroTurnPidCtrl: Target=   0.0, Input=   0.3, Error=  -0.3, PIDTerms=-0.003/ 0.000/ 0.000/ 0.000, Output=-0.003(-0.700/0.700), Volt=9.4(9.1)
GlobalTracer.printPidInfo_Info: [13.451] encoderXPidCtrl: Target=   0.0, Input=  -1.4, Error=   1.4, PIDTerms= 0.210/ 0.000/ 0.001/ 0.000, Output= 0.211(-0.700/0.700), Volt=9.3(9.1)
GlobalTracer.printPidInfo_Info: [13.451] encoderYPidCtrl: Target=-129.0, Input=  -9.5, Error=-119.5, PIDTerms=-3.585/ 0.000/ 0.000/-0.000, Output=-0.600(-0.600/0.600), Volt=9.3(9.1)
GlobalTracer.printPidInfo_Info: [13.451] gyroTurnPidCtrl: Target=   0.0, Input=   0.3, Error=  -0.3, PIDTerms=-0.003/ 0.000/ 0.000/ 0.000, Output=-0.003(-0.700/0.700), Volt=9.3(9.1)
GlobalTracer.printPidInfo_Info: [13.533] encoderXPidCtrl: Target=   0.0, Input=  -1.4, Error=   1.4, PIDTerms= 0.211/ 0.000/ 0.001/ 0.000, Output= 0.212(-0.700/0.700), Volt=9.4(9.1)
GlobalTracer.printPidInfo_Info: [13.533] encoderYPidCtrl: Target=-129.0, Input=  -9.5, Error=-119.5, PIDTerms=-3.585/ 0.000/ 0.000/-0.000, Output=-0.600(-0.600/0.600), Volt=9.4(9.1)
GlobalTracer.printPidInfo_Info: [13.533] gyroTurnPidCtrl: Target=   0.0, Input=   0.3, Error=  -0.3, PIDTerms=-0.003/ 0.000/ 0.000/ 0.000, Output=-0.003(-0.700/0.700), Volt=9.4(9.1)
GlobalTracer.printPidInfo_Info: [13.629] encoderXPidCtrl: Target=   0.0, Input=  -1.4, Error=   1.4, PIDTerms= 0.211/ 0.000/ 0.000/ 0.000, Output= 0.211(-0.700/0.700), Volt=9.4(9.1)
GlobalTracer.printPidInfo_Info: [13.629] encoderYPidCtrl: Target=-129.0, Input=  -9.5, Error=-119.5, PIDTerms=-3.585/ 0.000/ 0.000/-0.000, Output=-0.600(-0.600/0.600), Volt=9.4(9.1)
GlobalTracer.printPidInfo_Info: [13.629] gyroTurnPidCtrl: Target=   0.0, Input=   0.3, Error=  -0.3, PIDTerms=-0.003/ 0.000/ 0.000/ 0.000, Output=-0.003(-0.700/0.700), Volt=9.3(9.1)
GlobalTracer.printPidInfo_Info: [13.718] encoderXPidCtrl: Target=   0.0, Input=  -1.4, Error=   1.4, PIDTerms= 0.212/ 0.000/ 0.001/ 0.000, Output= 0.213(-0.700/0.700), Volt=9.3(9.1)
GlobalTracer.printPidInfo_Info: [13.718] encoderYPidCtrl: Target=-129.0, Input=  -9.5, Error=-119.5, PIDTerms=-3.584/ 0.000/ 0.000/-0.000, Output=-0.600(-0.600/0.600), Volt=9.3(9.1)
GlobalTracer.printPidInfo_Info: [13.718] gyroTurnPidCtrl: Target=   0.0, Input=   0.3, Error=  -0.3, PIDTerms=-0.003/ 0.000/ 0.000/ 0.000, Output=-0.003(-0.700/0.700), Volt=9.3(9.1)
GlobalTracer.printPidInfo_Info: [13.787] encoderXPidCtrl: Target=   0.0, Input=  -1.4, Error=   1.4, PIDTerms= 0.211/ 0.000/-0.001/ 0.000, Output= 0.211(-0.700/0.700), Volt=9.4(9.1)
GlobalTracer.printPidInfo_Info: [13.787] encoderYPidCtrl: Target=-129.0, Input=  -9.5, Error=-119.5, PIDTerms=-3.584/ 0.000/ 0.000/-0.000, Output=-0.600(-0.600/0.600), Volt=9.4(9.1)
GlobalTracer.printPidInfo_Info: [13.787] gyroTurnPidCtrl: Target=   0.0, Input=   0.3, Error=  -0.3, PIDTerms=-0.003/ 0.000/ 0.000/ 0.000, Output=-0.003(-0.700/0.700), Volt=9.4(9.1)
GlobalTracer.printPidInfo_Info: [13.877] encoderXPidCtrl: Target=   0.0, Input=  -1.4, Error=   1.4, PIDTerms= 0.212/ 0.000/ 0.001/ 0.000, Output= 0.212(-0.700/0.700), Volt=9.4(9.1)
GlobalTracer.printPidInfo_Info: [13.877] encoderYPidCtrl: Target=-129.0, Input=  -9.5, Error=-119.5, PIDTerms=-3.584/ 0.000/ 0.000/-0.000, Output=-0.600(-0.600/0.600), Volt=9.4(9.1)
GlobalTracer.printPidInfo_Info: [13.877] gyroTurnPidCtrl: Target=   0.0, Input=   0.3, Error=  -0.3, PIDTerms=-0.003/ 0.000/ 0.000/ 0.000, Output=-0.003(-0.700/0.700), Volt=9.4(9.1)
GlobalTracer.printPidInfo_Info: [13.950] encoderXPidCtrl: Target=   0.0, Input=  -1.4, Error=   1.4, PIDTerms= 0.213/ 0.000/ 0.002/ 0.000, Output= 0.215(-0.700/0.700), Volt=9.4(9.1)
GlobalTracer.printPidInfo_Info: [13.950] encoderYPidCtrl: Target=-129.0, Input=  -9.6, Error=-119.4, PIDTerms=-3.583/ 0.000/ 0.000/-0.000, Output=-0.600(-0.600/0.600), Volt=9.4(9.1)
GlobalTracer.printPidInfo_Info: [13.950] gyroTurnPidCtrl: Target=   0.0, Input=   0.3, Error=  -0.3, PIDTerms=-0.003/ 0.000/ 0.000/ 0.000, Output=-0.003(-0.700/0.700), Volt=9.4(9.1)
GlobalTracer.printPidInfo_Info: [14.030] encoderXPidCtrl: Target=   0.0, Input=  -1.4, Error=   1.4, PIDTerms= 0.214/ 0.000/ 0.001/ 0.000, Output= 0.215(-0.700/0.700), Volt=9.4(9.1)
GlobalTracer.printPidInfo_Info: [14.030] encoderYPidCtrl: Target=-129.0, Input=  -9.6, Error=-119.4, PIDTerms=-3.583/ 0.000/ 0.000/-0.000, Output=-0.600(-0.600/0.600), Volt=9.4(9.1)
GlobalTracer.printPidInfo_Info: [14.030] gyroTurnPidCtrl: Target=   0.0, Input=   0.3, Error=  -0.3, PIDTerms=-0.003/ 0.000/ 0.000/ 0.000, Output=-0.003(-0.700/0.700), Volt=9.3(9.1)
GlobalTracer.printPidInfo_Info: [14.106] encoderXPidCtrl: Target=   0.0, Input=  -1.4, Error=   1.4, PIDTerms= 0.213/ 0.000/-0.001/ 0.000, Output= 0.212(-0.700/0.700), Volt=9.4(9.1)
GlobalTracer.printPidInfo_Info: [14.106] encoderYPidCtrl: Target=-129.0, Input=  -9.6, Error=-119.4, PIDTerms=-3.583/ 0.000/ 0.000/-0.000, Output=-0.600(-0.600/0.600), Volt=9.4(9.1)
GlobalTracer.printPidInfo_Info: [14.106] gyroTurnPidCtrl: Target=   0.0, Input=   0.3, Error=  -0.3, PIDTerms=-0.003/ 0.000/ 0.000/ 0.000, Output=-0.003(-0.700/0.700), Volt=9.4(9.1)
GlobalTracer.printPidInfo_Info: [14.188] encoderXPidCtrl: Target=   0.0, Input=  -1.4, Error=   1.4, PIDTerms= 0.213/ 0.000/-0.001/ 0.000, Output= 0.212(-0.700/0.700), Volt=9.5(9.1)
GlobalTracer.printPidInfo_Info: [14.188] encoderYPidCtrl: Target=-129.0, Input=  -9.6, Error=-119.4, PIDTerms=-3.582/ 0.000/ 0.000/-0.000, Output=-0.600(-0.600/0.600), Volt=9.3(9.1)
GlobalTracer.printPidInfo_Info: [14.188] gyroTurnPidCtrl: Target=   0.0, Input=   0.3, Error=  -0.3, PIDTerms=-0.003/ 0.000/ 0.000/ 0.000, Output=-0.003(-0.700/0.700), Volt=9.3(9.1)
GlobalTracer.printPidInfo_Info: [14.281] encoderXPidCtrl: Target=   0.0, Input=  -1.4, Error=   1.4, PIDTerms= 0.212/ 0.000/-0.001/ 0.000, Output= 0.212(-0.700/0.700), Volt=9.2(9.1)
GlobalTracer.printPidInfo_Info: [14.281] encoderYPidCtrl: Target=-129.0, Input=  -9.6, Error=-119.4, PIDTerms=-3.582/ 0.000/ 0.000/-0.000, Output=-0.600(-0.600/0.600), Volt=9.2(9.1)
GlobalTracer.printPidInfo_Info: [14.281] gyroTurnPidCtrl: Target=   0.0, Input=   0.3, Error=  -0.3, PIDTerms=-0.003/ 0.000/-0.000/ 0.000, Output=-0.003(-0.700/0.700), Volt=9.2(9.1)
GlobalTracer.startCompetition_Warn: AUTO_MODE takes too long (0.121s)

GlobalTracer.printPidInfo_Info: [14.403] encoderXPidCtrl: Target=   0.0, Input=  -1.4, Error=   1.4, PIDTerms= 0.212/ 0.000/-0.000/ 0.000, Output= 0.211(-0.700/0.700), Volt=9.2(9.1)
GlobalTracer.printPidInfo_Info: [14.403] encoderYPidCtrl: Target=-129.0, Input=  -9.6, Error=-119.4, PIDTerms=-3.582/ 0.000/ 0.000/-0.000, Output=-0.600(-0.600/0.600), Volt=9.2(9.1)
GlobalTracer.printPidInfo_Info: [14.403] gyroTurnPidCtrl: Target=   0.0, Input=   0.3, Error=  -0.3, PIDTerms=-0.003/ 0.000/ 0.000/ 0.000, Output=-0.003(-0.700/0.700), Volt=9.2(9.1)
GlobalTracer.printPidInfo_Info: [14.493] encoderXPidCtrl: Target=   0.0, Input=  -1.4, Error=   1.4, PIDTerms= 0.213/ 0.000/ 0.001/ 0.000, Output= 0.214(-0.700/0.700), Volt=9.5(9.1)
GlobalTracer.printPidInfo_Info: [14.493] encoderYPidCtrl: Target=-129.0, Input=  -9.6, Error=-119.4, PIDTerms=-3.581/ 0.000/ 0.000/-0.000, Output=-0.600(-0.600/0.600), Volt=9.5(9.1)
GlobalTracer.printPidInfo_Info: [14.493] gyroTurnPidCtrl: Target=   0.0, Input=   0.3, Error=  -0.3, PIDTerms=-0.003/ 0.000/-0.000/ 0.000, Output=-0.003(-0.700/0.700), Volt=9.4(9.1)
GlobalTracer.printPidInfo_Info: [14.574] encoderXPidCtrl: Target=   0.0, Input=  -1.4, Error=   1.4, PIDTerms= 0.213/ 0.000/ 0.000/ 0.000, Output= 0.213(-0.700/0.700), Volt=9.3(9.1)
GlobalTracer.printPidInfo_Info: [14.574] encoderYPidCtrl: Target=-129.0, Input=  -9.6, Error=-119.4, PIDTerms=-3.581/ 0.000/ 0.000/-0.000, Output=-0.600(-0.600/0.600), Volt=9.3(9.1)
GlobalTracer.printPidInfo_Info: [14.574] gyroTurnPidCtrl: Target=   0.0, Input=   0.3, Error=  -0.3, PIDTerms=-0.003/ 0.000/ 0.000/ 0.000, Output=-0.003(-0.700/0.700), Volt=9.3(9.1)
GlobalTracer.printPidInfo_Info: [14.657] encoderXPidCtrl: Target=   0.0, Input=  -1.4, Error=   1.4, PIDTerms= 0.214/ 0.000/ 0.001/ 0.000, Output= 0.215(-0.700/0.700), Volt=10.1(9.1)
GlobalTracer.printPidInfo_Info: [14.657] encoderYPidCtrl: Target=-129.0, Input=  -9.7, Error=-119.3, PIDTerms=-3.580/ 0.000/ 0.000/-0.000, Output=-0.600(-0.600/0.600), Volt=10.1(9.1)
GlobalTracer.printPidInfo_Info: [14.657] gyroTurnPidCtrl: Target=   0.0, Input=   0.3, Error=  -0.3, PIDTerms=-0.003/ 0.000/ 0.000/ 0.000, Output=-0.003(-0.700/0.700), Volt=10.1(9.1)
GlobalTracer.printPidInfo_Info: [14.730] encoderXPidCtrl: Target=   0.0, Input=  -1.4, Error=   1.4, PIDTerms= 0.213/ 0.000/-0.001/ 0.000, Output= 0.213(-0.700/0.700), Volt=10.3(9.1)
GlobalTracer.printPidInfo_Info: [14.730] encoderYPidCtrl: Target=-129.0, Input=  -9.7, Error=-119.3, PIDTerms=-3.580/ 0.000/ 0.000/-0.000, Output=-0.600(-0.600/0.600), Volt=10.3(9.1)
GlobalTracer.printPidInfo_Info: [14.730] gyroTurnPidCtrl: Target=   0.0, Input=   0.3, Error=  -0.3, PIDTerms=-0.003/ 0.000/ 0.000/ 0.000, Output=-0.003(-0.700/0.700), Volt=10.3(9.1)
GlobalTracer.printPidInfo_Info: [14.813] encoderXPidCtrl: Target=   0.0, Input=  -1.4, Error=   1.4, PIDTerms= 0.212/ 0.000/-0.001/ 0.000, Output= 0.211(-0.700/0.700), Volt=10.3(9.1)
GlobalTracer.printPidInfo_Info: [14.813] encoderYPidCtrl: Target=-129.0, Input=  -9.7, Error=-119.3, PIDTerms=-3.578/ 0.000/ 0.001/-0.000, Output=-0.600(-0.600/0.600), Volt=10.3(9.1)
GlobalTracer.printPidInfo_Info: [14.813] gyroTurnPidCtrl: Target=   0.0, Input=   0.1, Error=  -0.1, PIDTerms=-0.001/ 0.000/ 0.002/ 0.000, Output= 0.001(-0.700/0.700), Volt=10.3(9.1)
GlobalTracer.printPidInfo_Info: [14.894] encoderXPidCtrl: Target=   0.0, Input=  -1.4, Error=   1.4, PIDTerms= 0.213/ 0.000/ 0.001/ 0.000, Output= 0.215(-0.700/0.700), Volt=10.5(9.1)
GlobalTracer.printPidInfo_Info: [14.894] encoderYPidCtrl: Target=-129.0, Input=  -9.7, Error=-119.3, PIDTerms=-3.578/ 0.000/ 0.000/-0.000, Output=-0.600(-0.600/0.600), Volt=10.5(9.1)
GlobalTracer.printPidInfo_Info: [14.894] gyroTurnPidCtrl: Target=   0.0, Input=   0.1, Error=  -0.1, PIDTerms=-0.001/ 0.000/-0.000/ 0.000, Output=-0.001(-0.700/0.700), Volt=10.5(9.1)
GlobalTracer.printPidInfo_Info: [14.977] encoderXPidCtrl: Target=   0.0, Input=  -1.4, Error=   1.4, PIDTerms= 0.212/ 0.000/-0.001/ 0.000, Output= 0.211(-0.700/0.700), Volt=10.5(9.1)
GlobalTracer.printPidInfo_Info: [14.977] encoderYPidCtrl: Target=-129.0, Input=  -9.8, Error=-119.2, PIDTerms=-3.577/ 0.000/ 0.000/-0.000, Output=-0.600(-0.600/0.600), Volt=10.5(9.1)
GlobalTracer.printPidInfo_Info: [14.977] gyroTurnPidCtrl: Target=   0.0, Input=   0.1, Error=  -0.1, PIDTerms=-0.001/ 0.000/ 0.000/ 0.000, Output=-0.001(-0.700/0.700), Volt=10.5(9.1)
GlobalTracer.printPidInfo_Info: [15.066] encoderXPidCtrl: Target=   0.0, Input=  -1.4, Error=   1.4, PIDTerms= 0.208/ 0.000/-0.006/ 0.000, Output= 0.202(-0.700/0.700), Volt=10.3(9.1)
GlobalTracer.printPidInfo_Info: [15.066] encoderYPidCtrl: Target=-129.0, Input=  -9.8, Error=-119.2, PIDTerms=-3.575/ 0.000/ 0.001/-0.000, Output=-0.600(-0.600/0.600), Volt=10.3(9.1)
GlobalTracer.printPidInfo_Info: [15.066] gyroTurnPidCtrl: Target=   0.0, Input=   0.1, Error=  -0.1, PIDTerms=-0.001/ 0.000/ 0.000/ 0.000, Output=-0.001(-0.700/0.700), Volt=10.3(9.1)
GlobalTracer.startCompetition_Warn: AUTO_MODE takes too long (0.100s)

GlobalTracer.printPidInfo_Info: [15.171] encoderXPidCtrl: Target=   0.0, Input=  -1.3, Error=   1.3, PIDTerms= 0.197/ 0.000/-0.011/ 0.000, Output= 0.185(-0.700/0.700), Volt=10.4(9.1)
GlobalTracer.printPidInfo_Info: [15.171] encoderYPidCtrl: Target=-129.0, Input=  -9.9, Error=-119.1, PIDTerms=-3.572/ 0.000/ 0.001/-0.000, Output=-0.600(-0.600/0.600), Volt=10.4(9.1)
GlobalTracer.printPidInfo_Info: [15.171] gyroTurnPidCtrl: Target=   0.0, Input=   0.1, Error=  -0.1, PIDTerms=-0.001/ 0.000/ 0.000/ 0.000, Output=-0.001(-0.700/0.700), Volt=10.4(9.1)
GlobalTracer.printPidInfo_Info: [15.249] encoderXPidCtrl: Target=   0.0, Input=  -1.3, Error=   1.3, PIDTerms= 0.189/ 0.000/-0.009/ 0.000, Output= 0.181(-0.700/0.700), Volt=10.5(9.1)
GlobalTracer.printPidInfo_Info: [15.249] encoderYPidCtrl: Target=-129.0, Input= -10.0, Error=-119.0, PIDTerms=-3.570/ 0.000/ 0.001/-0.000, Output=-0.600(-0.600/0.600), Volt=10.5(9.1)
GlobalTracer.printPidInfo_Info: [15.249] gyroTurnPidCtrl: Target=   0.0, Input=   0.1, Error=  -0.1, PIDTerms=-0.001/ 0.000/-0.000/ 0.000, Output=-0.001(-0.700/0.700), Volt=10.5(9.1)
GlobalTracer.startCompetition_Warn: AUTO_MODE takes too long (0.137s)

GlobalTracer.Vision_Info: Pixy is disabled!
GlobalTracer.Robot_Info: TotalEnergy=4.809
