GlobalTracer.FirstPowerUp_Info: Sun Mar 25 10:28:01 PDT 2018: ***** Starting autonomous *****
GlobalTracer.FirstPowerUp_Info: WASNO_Qualification_ 68 (Red1) [FMSConnected=true]
GlobalTracer.CmdAutoSwitch_Info: alliance=Red, gameSpecificMsg=LLL, delay=0.000, fwdDistance=60, startPosition=102.0, flipInFlight=true
GlobalTracer.Vision_Info: Pixy is enabled!
GlobalTracer.Robot_Info: [0.659]   DO_DELAY: xPos=  0.00,yPos=  0.00,heading=   0.0/   0.0,volts=12.7(12.7)
GlobalTracer.PowerUse_Info: Battery - currVoltage: 12.65, lowestVoltage: 12.65
GlobalTracer.PowerUse_Info: Power: pdpTotalCurrent: 0.00 elev: 0.13 winch: 0.00, pickup: 0.00, total: 0.00
GlobalTracer.startCompetition_Warn: AUTO_MODE takes too long (0.757s)

GlobalTracer.Robot_Info: [0.753] DRIVE_FORWARD_DISTANCE: xPos=  0.00,yPos=  0.00,heading=   0.0/   0.0,volts=12.6(12.6)
GlobalTracer.printPidInfo_Info: [0.753] encoderXPidCtrl: Target=   0.0, Input=   0.0, Error=   0.0, PIDTerms= 0.000/ 0.000/ 0.000/ 0.000, Output= 0.000(-0.700/0.700), Volt=12.7(12.6)
GlobalTracer.printPidInfo_Info: [0.753] encoderYPidCtrl: Target= -60.0, Input=   0.0, Error= -60.0, PIDTerms= 0.000/ 0.000/ 0.000/ 0.000, Output= 0.000(-0.600/0.600), Volt=12.7(12.6)
GlobalTracer.printPidInfo_Info: [0.753] gyroTurnPidCtrl: Target=   0.0, Input=   0.0, Error=   0.0, PIDTerms= 0.000/ 0.000/ 0.000/ 0.000, Output= 0.000(-0.700/0.700), Volt=12.7(12.6)
GlobalTracer.printPidInfo_Info: [0.830] encoderXPidCtrl: Target=   0.0, Input=   0.0, Error=   0.0, PIDTerms= 0.000/ 0.000/ 0.000/ 0.000, Output= 0.000(-0.700/0.700), Volt=11.1(11.0)
GlobalTracer.printPidInfo_Info: [0.830] encoderYPidCtrl: Target= -60.0, Input=   0.0, Error= -60.0, PIDTerms=-1.200/ 0.000/ 0.000/-0.000, Output=-0.600(-0.600/0.600), Volt=11.1(11.0)
GlobalTracer.printPidInfo_Info: [0.830] gyroTurnPidCtrl: Target=   0.0, Input=   0.0, Error=   0.0, PIDTerms= 0.000/ 0.000/ 0.000/ 0.000, Output= 0.000(-0.700/0.700), Volt=11.1(11.0)
GlobalTracer.PowerUse_Info: Battery - currVoltage: 11.05, lowestVoltage: 10.95
GlobalTracer.PowerUse_Info: Power: pdpTotalCurrent: 31.88 elev: 0.13 winch: 0.00, pickup: 0.00, total: 0.01
GlobalTracer.startCompetition_Warn: AUTO_MODE takes too long (0.118s)

GlobalTracer.printPidInfo_Info: [0.950] encoderXPidCtrl: Target=   0.0, Input=   0.0, Error=  -0.0, PIDTerms=-0.002/ 0.000/-0.002/ 0.000, Output=-0.004(-0.700/0.700), Volt=11.0(11.0)
GlobalTracer.printPidInfo_Info: [0.950] encoderYPidCtrl: Target= -60.0, Input=  -0.2, Error= -59.8, PIDTerms=-1.195/ 0.000/ 0.002/-0.000, Output=-0.600(-0.600/0.600), Volt=11.0(11.0)
GlobalTracer.printPidInfo_Info: [0.950] gyroTurnPidCtrl: Target=   0.0, Input=   0.0, Error=   0.0, PIDTerms= 0.000/ 0.000/ 0.000/ 0.000, Output= 0.000(-0.700/0.700), Volt=11.2(11.0)
GlobalTracer.PowerUse_Info: Battery - currVoltage: 11.15, lowestVoltage: 10.95
GlobalTracer.PowerUse_Info: Power: pdpTotalCurrent: 105.88 elev: 0.13 winch: 0.00, pickup: 0.00, total: 0.05
GlobalTracer.startCompetition_Warn: AUTO_MODE takes too long (0.191s)

GlobalTracer.printPidInfo_Info: [1.143] encoderXPidCtrl: Target=   0.0, Input=  -0.5, Error=   0.5, PIDTerms= 0.072/ 0.000/ 0.049/ 0.000, Output= 0.120(-0.700/0.700), Volt=11.3(11.0)
GlobalTracer.printPidInfo_Info: [1.143] encoderYPidCtrl: Target= -60.0, Input=  -3.5, Error= -56.5, PIDTerms=-1.130/ 0.000/ 0.021/-0.000, Output=-0.600(-0.600/0.600), Volt=11.3(11.0)
GlobalTracer.printPidInfo_Info: [1.143] gyroTurnPidCtrl: Target=   0.0, Input=  -0.6, Error=   0.6, PIDTerms= 0.010/ 0.000/ 0.006/ 0.000, Output= 0.016(-0.700/0.700), Volt=11.3(11.0)
GlobalTracer.PowerUse_Info: Battery - currVoltage: 11.30, lowestVoltage: 10.95
GlobalTracer.PowerUse_Info: Power: pdpTotalCurrent: 70.63 elev: 0.13 winch: 0.00, pickup: 0.00, total: 0.09
GlobalTracer.startCompetition_Warn: AUTO_MODE takes too long (0.187s)

GlobalTracer.printPidInfo_Info: [1.334] encoderXPidCtrl: Target=   0.0, Input=  -0.2, Error=   0.2, PIDTerms= 0.030/ 0.000/-0.021/ 0.000, Output= 0.009(-0.700/0.700), Volt=11.7(11.0)
GlobalTracer.printPidInfo_Info: [1.334] encoderYPidCtrl: Target= -60.0, Input= -12.9, Error= -47.1, PIDTerms=-0.942/ 0.000/ 0.047/-0.000, Output=-0.600(-0.600/0.600), Volt=11.7(11.0)
GlobalTracer.printPidInfo_Info: [1.334] gyroTurnPidCtrl: Target=   0.0, Input=  -0.9, Error=   0.9, PIDTerms= 0.017/ 0.000/ 0.003/ 0.000, Output= 0.020(-0.700/0.700), Volt=11.7(11.0)
GlobalTracer.PowerUse_Info: Battery - currVoltage: 11.65, lowestVoltage: 10.95
GlobalTracer.PowerUse_Info: Power: pdpTotalCurrent: 49.63 elev: 0.13 winch: 0.00, pickup: 0.00, total: 0.13
GlobalTracer.startCompetition_Warn: AUTO_MODE takes too long (0.183s)

GlobalTracer.printPidInfo_Info: [1.517] encoderXPidCtrl: Target=   0.0, Input=  -0.0, Error=   0.0, PIDTerms= 0.003/ 0.000/-0.014/ 0.000, Output=-0.011(-0.700/0.700), Volt=11.8(11.0)
GlobalTracer.printPidInfo_Info: [1.517] encoderYPidCtrl: Target= -60.0, Input= -24.7, Error= -35.3, PIDTerms=-0.705/ 0.000/ 0.064/-0.000, Output=-0.600(-0.600/0.600), Volt=11.8(11.0)
GlobalTracer.printPidInfo_Info: [1.517] gyroTurnPidCtrl: Target=   0.0, Input=  -0.8, Error=   0.8, PIDTerms= 0.015/ 0.000/-0.001/ 0.000, Output= 0.014(-0.700/0.700), Volt=11.8(11.0)
GlobalTracer.PowerUse_Info: Battery - currVoltage: 11.80, lowestVoltage: 10.95
GlobalTracer.PowerUse_Info: Power: pdpTotalCurrent: 39.50 elev: 0.13 winch: 0.00, pickup: 0.00, total: 0.15
GlobalTracer.startCompetition_Warn: AUTO_MODE takes too long (0.140s)

GlobalTracer.printPidInfo_Info: [1.660] encoderXPidCtrl: Target=   0.0, Input=  -0.1, Error=   0.1, PIDTerms= 0.021/ 0.000/ 0.011/ 0.000, Output= 0.033(-0.700/0.700), Volt=12.4(11.0)
GlobalTracer.printPidInfo_Info: [1.660] encoderYPidCtrl: Target= -60.0, Input= -38.4, Error= -21.6, PIDTerms=-0.431/ 0.000/ 0.086/-0.000, Output=-0.345(-0.600/0.600), Volt=12.4(11.0)
GlobalTracer.printPidInfo_Info: [1.660] gyroTurnPidCtrl: Target=   0.0, Input=  -0.7, Error=   0.7, PIDTerms= 0.013/ 0.000/-0.001/ 0.000, Output= 0.012(-0.700/0.700), Volt=12.4(11.0)
GlobalTracer.PowerUse_Info: Battery - currVoltage: 12.40, lowestVoltage: 10.95
GlobalTracer.PowerUse_Info: Power: pdpTotalCurrent: 17.00 elev: 0.13 winch: 0.00, pickup: 0.00, total: 0.17
GlobalTracer.startCompetition_Warn: AUTO_MODE takes too long (0.118s)

GlobalTracer.printPidInfo_Info: [1.782] encoderXPidCtrl: Target=   0.0, Input=  -0.3, Error=   0.3, PIDTerms= 0.039/ 0.000/ 0.014/ 0.000, Output= 0.053(-0.700/0.700), Volt=12.6(11.0)
GlobalTracer.printPidInfo_Info: [1.782] encoderYPidCtrl: Target= -60.0, Input= -49.8, Error= -10.2, PIDTerms=-0.205/ 0.000/ 0.090/-0.000, Output=-0.115(-0.600/0.600), Volt=12.6(11.0)
GlobalTracer.printPidInfo_Info: [1.782] gyroTurnPidCtrl: Target=   0.0, Input=  -0.7, Error=   0.7, PIDTerms= 0.012/ 0.000/-0.001/ 0.000, Output= 0.011(-0.700/0.700), Volt=12.6(11.0)
GlobalTracer.PowerUse_Info: Battery - currVoltage: 12.60, lowestVoltage: 10.95
GlobalTracer.PowerUse_Info: Power: pdpTotalCurrent: 0.00 elev: 0.13 winch: 0.00, pickup: 0.00, total: 0.17
GlobalTracer.startCompetition_Warn: AUTO_MODE takes too long (0.158s)

GlobalTracer.printPidInfo_Info: [1.942] encoderXPidCtrl: Target=   0.0, Input=  -0.1, Error=   0.1, PIDTerms= 0.009/ 0.000/-0.019/ 0.000, Output=-0.010(-0.700/0.700), Volt=12.5(11.0)
GlobalTracer.printPidInfo_Info: [1.942] encoderYPidCtrl: Target= -60.0, Input= -58.4, Error=  -1.6, PIDTerms=-0.033/ 0.000/ 0.055/-0.000, Output= 0.023(-0.600/0.600), Volt=12.5(11.0)
GlobalTracer.printPidInfo_Info: [1.942] gyroTurnPidCtrl: Target=   0.0, Input=  -0.5, Error=   0.5, PIDTerms= 0.009/ 0.000/-0.002/ 0.000, Output= 0.007(-0.700/0.700), Volt=12.5(11.0)
GlobalTracer.PowerUse_Info: Battery - currVoltage: 12.50, lowestVoltage: 10.95
GlobalTracer.PowerUse_Info: Power: pdpTotalCurrent: 0.00 elev: 0.13 winch: 0.00, pickup: 0.00, total: 0.17
GlobalTracer.startCompetition_Warn: AUTO_MODE takes too long (0.160s)

GlobalTracer.printPidInfo_Info: [2.107] encoderXPidCtrl: Target=   0.0, Input=   0.4, Error=  -0.4, PIDTerms=-0.061/ 0.000/-0.044/ 0.000, Output=-0.105(-0.700/0.700), Volt=12.1(11.0)
GlobalTracer.printPidInfo_Info: [2.107] encoderYPidCtrl: Target= -60.0, Input= -67.1, Error=   7.1, PIDTerms= 0.141/ 0.000/ 0.055/-0.000, Output= 0.196(-0.600/0.600), Volt=12.1(11.0)
GlobalTracer.printPidInfo_Info: [2.107] gyroTurnPidCtrl: Target=   0.0, Input=   0.9, Error=  -0.9, PIDTerms=-0.016/ 0.000/-0.014/ 0.000, Output=-0.030(-0.700/0.700), Volt=12.1(11.0)
GlobalTracer.PowerUse_Info: Battery - currVoltage: 12.00, lowestVoltage: 10.95
GlobalTracer.PowerUse_Info: Power: pdpTotalCurrent: 28.88 elev: 0.13 winch: 0.00, pickup: 0.00, total: 0.19
GlobalTracer.startCompetition_Warn: AUTO_MODE takes too long (0.147s)

GlobalTracer.printPidInfo_Info: [2.257] encoderXPidCtrl: Target=   0.0, Input=   0.5, Error=  -0.5, PIDTerms=-0.068/ 0.000/-0.004/ 0.000, Output=-0.072(-0.700/0.700), Volt=11.8(11.0)
GlobalTracer.printPidInfo_Info: [2.257] encoderYPidCtrl: Target= -60.0, Input= -72.5, Error=  12.5, PIDTerms= 0.250/ 0.000/ 0.035/-0.000, Output= 0.285(-0.600/0.600), Volt=11.8(11.0)
GlobalTracer.printPidInfo_Info: [2.257] gyroTurnPidCtrl: Target=   0.0, Input=   2.8, Error=  -2.8, PIDTerms=-0.050/ 0.000/-0.019/ 0.000, Output=-0.069(-0.700/0.700), Volt=11.8(11.0)
GlobalTracer.PowerUse_Info: Battery - currVoltage: 11.85, lowestVoltage: 10.95
GlobalTracer.PowerUse_Info: Power: pdpTotalCurrent: 36.75 elev: 0.13 winch: 0.00, pickup: 0.00, total: 0.20
GlobalTracer.startCompetition_Warn: AUTO_MODE takes too long (0.181s)

GlobalTracer.printPidInfo_Info: [2.439] encoderXPidCtrl: Target=   0.0, Input=   0.6, Error=  -0.6, PIDTerms=-0.084/ 0.000/-0.009/ 0.000, Output=-0.093(-0.700/0.700), Volt=12.0(11.0)
GlobalTracer.printPidInfo_Info: [2.439] encoderYPidCtrl: Target= -60.0, Input= -73.7, Error=  13.7, PIDTerms= 0.275/ 0.000/ 0.007/-0.000, Output= 0.281(-0.600/0.600), Volt=12.0(11.0)
GlobalTracer.printPidInfo_Info: [2.439] gyroTurnPidCtrl: Target=   0.0, Input=   2.3, Error=  -2.3, PIDTerms=-0.041/ 0.000/ 0.004/ 0.000, Output=-0.037(-0.700/0.700), Volt=12.0(11.0)
GlobalTracer.PowerUse_Info: Battery - currVoltage: 12.00, lowestVoltage: 10.95
GlobalTracer.PowerUse_Info: Power: pdpTotalCurrent: 29.13 elev: 0.13 winch: 0.00, pickup: 0.00, total: 0.22
GlobalTracer.startCompetition_Warn: AUTO_MODE takes too long (0.115s)

GlobalTracer.printPidInfo_Info: [2.559] encoderXPidCtrl: Target=   0.0, Input=   0.4, Error=  -0.4, PIDTerms=-0.063/ 0.000/ 0.017/ 0.000, Output=-0.046(-0.700/0.700), Volt=12.2(11.0)
GlobalTracer.printPidInfo_Info: [2.559] encoderYPidCtrl: Target= -60.0, Input= -72.3, Error=  12.3, PIDTerms= 0.246/ 0.000/-0.012/-0.000, Output= 0.234(-0.600/0.600), Volt=12.2(11.0)
GlobalTracer.printPidInfo_Info: [2.559] gyroTurnPidCtrl: Target=   0.0, Input=   1.3, Error=  -1.3, PIDTerms=-0.023/ 0.000/ 0.013/ 0.000, Output=-0.010(-0.700/0.700), Volt=12.2(11.0)
GlobalTracer.PowerUse_Info: Battery - currVoltage: 12.20, lowestVoltage: 10.95
GlobalTracer.PowerUse_Info: Power: pdpTotalCurrent: 15.63 elev: 0.13 winch: 0.00, pickup: 0.00, total: 0.23
GlobalTracer.startCompetition_Warn: AUTO_MODE takes too long (0.133s)

GlobalTracer.printPidInfo_Info: [2.694] encoderXPidCtrl: Target=   0.0, Input=   0.3, Error=  -0.3, PIDTerms=-0.045/ 0.000/ 0.013/ 0.000, Output=-0.032(-0.700/0.700), Volt=12.3(11.0)
GlobalTracer.printPidInfo_Info: [2.694] encoderYPidCtrl: Target= -60.0, Input= -70.0, Error=  10.0, PIDTerms= 0.200/ 0.000/-0.016/-0.000, Output= 0.184(-0.600/0.600), Volt=12.3(11.0)
GlobalTracer.printPidInfo_Info: [2.694] gyroTurnPidCtrl: Target=   0.0, Input=   0.3, Error=  -0.3, PIDTerms=-0.005/ 0.000/ 0.011/ 0.000, Output= 0.006(-0.700/0.700), Volt=12.3(11.0)
GlobalTracer.PowerUse_Info: Battery - currVoltage: 12.30, lowestVoltage: 10.95
GlobalTracer.PowerUse_Info: Power: pdpTotalCurrent: 6.50 elev: 0.13 winch: 0.00, pickup: 0.00, total: 0.23
GlobalTracer.startCompetition_Warn: AUTO_MODE takes too long (0.134s)

GlobalTracer.printPidInfo_Info: [2.830] encoderXPidCtrl: Target=   0.0, Input=   0.2, Error=  -0.2, PIDTerms=-0.033/ 0.000/ 0.010/ 0.000, Output=-0.022(-0.700/0.700), Volt=12.5(11.0)
GlobalTracer.printPidInfo_Info: [2.830] encoderYPidCtrl: Target= -60.0, Input= -66.8, Error=   6.8, PIDTerms= 0.137/ 0.000/-0.026/-0.000, Output= 0.111(-0.600/0.600), Volt=12.5(11.0)
GlobalTracer.printPidInfo_Info: [2.830] gyroTurnPidCtrl: Target=   0.0, Input=   0.0, Error=  -0.0, PIDTerms=-0.000/ 0.000/ 0.004/ 0.000, Output= 0.004(-0.700/0.700), Volt=12.5(11.0)
GlobalTracer.PowerUse_Info: Battery - currVoltage: 12.45, lowestVoltage: 10.95
GlobalTracer.PowerUse_Info: Power: pdpTotalCurrent: 0.00 elev: 0.13 winch: 0.00, pickup: 0.00, total: 0.23
GlobalTracer.startCompetition_Warn: AUTO_MODE takes too long (0.167s)

GlobalTracer.printPidInfo_Info: [2.999] encoderXPidCtrl: Target=   0.0, Input=   0.2, Error=  -0.2, PIDTerms=-0.027/ 0.000/ 0.003/ 0.000, Output=-0.024(-0.700/0.700), Volt=12.5(11.0)
GlobalTracer.printPidInfo_Info: [2.999] encoderYPidCtrl: Target= -60.0, Input= -63.6, Error=   3.6, PIDTerms= 0.072/ 0.000/-0.020/-0.000, Output= 0.051(-0.600/0.600), Volt=12.5(11.0)
GlobalTracer.printPidInfo_Info: [2.999] gyroTurnPidCtrl: Target=   0.0, Input=  -0.1, Error=   0.1, PIDTerms= 0.001/ 0.000/ 0.001/ 0.000, Output= 0.002(-0.700/0.700), Volt=12.5(11.0)
GlobalTracer.PowerUse_Info: Battery - currVoltage: 12.50, lowestVoltage: 10.95
GlobalTracer.PowerUse_Info: Power: pdpTotalCurrent: 0.00 elev: 0.13 winch: 0.00, pickup: 0.00, total: 0.23
GlobalTracer.startCompetition_Warn: AUTO_MODE takes too long (0.114s)

GlobalTracer.printPidInfo_Info: [3.116] encoderXPidCtrl: Target=   0.0, Input=   0.2, Error=  -0.2, PIDTerms=-0.023/ 0.000/ 0.003/ 0.000, Output=-0.020(-0.700/0.700), Volt=12.5(11.0)
GlobalTracer.printPidInfo_Info: [3.116] encoderYPidCtrl: Target= -60.0, Input= -60.3, Error=   0.3, PIDTerms= 0.007/ 0.000/-0.020/-0.000, Output=-0.014(-0.600/0.600), Volt=12.5(11.0)
GlobalTracer.printPidInfo_Info: [3.116] gyroTurnPidCtrl: Target=   0.0, Input=  -0.0, Error=   0.0, PIDTerms= 0.001/ 0.000/-0.000/ 0.000, Output= 0.001(-0.700/0.700), Volt=12.5(11.0)
GlobalTracer.PowerUse_Info: Battery - currVoltage: 12.50, lowestVoltage: 10.95
GlobalTracer.PowerUse_Info: Power: pdpTotalCurrent: 0.00 elev: 0.13 winch: 0.00, pickup: 0.00, total: 0.23
GlobalTracer.startCompetition_Warn: AUTO_MODE takes too long (0.132s)

GlobalTracer.Robot_Info: [3.249] TURN_TO_SWITCH: xPos=  0.18,yPos=-57.16,heading=  -0.1/  90.0,volts=12.5(11.0)
GlobalTracer.printPidInfo_Info: [3.249] encoderXPidCtrl: Target=   0.2, Input=   0.1, Error=   0.0, PIDTerms=-0.021/ 0.000/ 0.001/ 0.000, Output= 0.000(-0.700/0.700), Volt=12.5(11.0)
GlobalTracer.printPidInfo_Info: [3.249] encoderYPidCtrl: Target= -57.2, Input= -58.5, Error=   0.0, PIDTerms=-0.030/ 0.000/-0.016/-0.000, Output= 0.000(-0.600/0.600), Volt=12.5(11.0)
GlobalTracer.printPidInfo_Info: [3.249] gyroTurnPidCtrl: Target=  90.0, Input=  -0.1, Error=  90.1, PIDTerms= 0.001/ 0.000/ 0.000/ 0.000, Output= 0.000(-0.700/0.700), Volt=12.5(11.0)
GlobalTracer.PowerUse_Info: Battery - currVoltage: 12.50, lowestVoltage: 10.95
GlobalTracer.PowerUse_Info: Power: pdpTotalCurrent: 0.00 elev: 0.13 winch: 0.00, pickup: 0.00, total: 0.23
GlobalTracer.startCompetition_Warn: AUTO_MODE takes too long (0.121s)

GlobalTracer.printPidInfo_Info: [3.372] encoderXPidCtrl: Target=   0.2, Input=   0.1, Error=   0.0, PIDTerms=-0.021/ 0.000/ 0.001/ 0.000, Output= 0.000(-0.700/0.700), Volt=10.4(10.6)
GlobalTracer.printPidInfo_Info: [3.372] encoderYPidCtrl: Target= -57.2, Input= -58.5, Error=   0.0, PIDTerms=-0.030/ 0.000/-0.016/-0.000, Output= 0.000(-0.600/0.600), Volt=10.4(10.6)
GlobalTracer.printPidInfo_Info: [3.372] gyroTurnPidCtrl: Target=  90.0, Input=  -0.1, Error=  90.1, PIDTerms= 1.622/ 0.000/ 0.000/ 0.000, Output= 0.700(-0.700/0.700), Volt=10.4(10.6)
GlobalTracer.PowerUse_Info: Battery - currVoltage: 10.35, lowestVoltage: 10.60
GlobalTracer.PowerUse_Info: Power: pdpTotalCurrent: 15.75 elev: 0.13 winch: 0.00, pickup: 0.00, total: 0.24
GlobalTracer.printPidInfo_Info: [3.471] encoderXPidCtrl: Target=   0.2, Input=   0.1, Error=   0.0, PIDTerms=-0.021/ 0.000/ 0.001/ 0.000, Output= 0.000(-0.700/0.700), Volt=10.6(10.6)
GlobalTracer.printPidInfo_Info: [3.471] encoderYPidCtrl: Target= -57.2, Input= -58.5, Error=   0.0, PIDTerms=-0.030/ 0.000/-0.016/-0.000, Output= 0.000(-0.600/0.600), Volt=10.9(10.6)
GlobalTracer.printPidInfo_Info: [3.471] gyroTurnPidCtrl: Target=  90.0, Input=   0.3, Error=  89.7, PIDTerms= 1.614/ 0.000/-0.006/ 0.000, Output= 0.700(-0.700/0.700), Volt=10.9(10.6)
GlobalTracer.printPidInfo_Info: [3.545] encoderXPidCtrl: Target=   0.2, Input=   0.1, Error=   0.0, PIDTerms=-0.021/ 0.000/ 0.001/ 0.000, Output= 0.000(-0.700/0.700), Volt=10.9(10.6)
GlobalTracer.printPidInfo_Info: [3.545] encoderYPidCtrl: Target= -57.2, Input= -58.5, Error=   0.0, PIDTerms=-0.030/ 0.000/-0.016/-0.000, Output= 0.000(-0.600/0.600), Volt=10.9(10.6)
GlobalTracer.printPidInfo_Info: [3.545] gyroTurnPidCtrl: Target=  90.0, Input=   6.5, Error=  83.5, PIDTerms= 1.503/ 0.000/-0.129/ 0.000, Output= 0.700(-0.700/0.700), Volt=11.0(10.6)
GlobalTracer.PowerUse_Info: Battery - currVoltage: 11.00, lowestVoltage: 10.60
GlobalTracer.PowerUse_Info: Power: pdpTotalCurrent: 98.63 elev: 0.13 winch: 0.00, pickup: 0.00, total: 0.30
GlobalTracer.printPidInfo_Info: [3.644] encoderXPidCtrl: Target=   0.2, Input=   0.1, Error=   0.0, PIDTerms=-0.021/ 0.000/ 0.001/ 0.000, Output= 0.000(-0.700/0.700), Volt=11.1(10.6)
GlobalTracer.printPidInfo_Info: [3.644] encoderYPidCtrl: Target= -57.2, Input= -58.5, Error=   0.0, PIDTerms=-0.030/ 0.000/-0.016/-0.000, Output= 0.000(-0.600/0.600), Volt=11.3(10.6)
GlobalTracer.printPidInfo_Info: [3.644] gyroTurnPidCtrl: Target=  90.0, Input=  15.0, Error=  75.0, PIDTerms= 1.350/ 0.000/-0.153/ 0.000, Output= 0.700(-0.700/0.700), Volt=11.3(10.6)
GlobalTracer.printPidInfo_Info: [3.712] encoderXPidCtrl: Target=   0.2, Input=   0.1, Error=   0.0, PIDTerms=-0.021/ 0.000/ 0.001/ 0.000, Output= 0.000(-0.700/0.700), Volt=11.3(10.6)
GlobalTracer.printPidInfo_Info: [3.712] encoderYPidCtrl: Target= -57.2, Input= -58.5, Error=   0.0, PIDTerms=-0.030/ 0.000/-0.016/-0.000, Output= 0.000(-0.600/0.600), Volt=11.3(10.6)
GlobalTracer.printPidInfo_Info: [3.712] gyroTurnPidCtrl: Target=  90.0, Input=  30.4, Error=  59.6, PIDTerms= 1.072/ 0.000/-0.280/ 0.000, Output= 0.700(-0.700/0.700), Volt=11.3(10.6)
GlobalTracer.PowerUse_Info: Battery - currVoltage: 11.15, lowestVoltage: 10.60
GlobalTracer.PowerUse_Info: Power: pdpTotalCurrent: 64.75 elev: 0.13 winch: 0.00, pickup: 0.00, total: 0.34
GlobalTracer.printPidInfo_Info: [3.807] encoderXPidCtrl: Target=   0.2, Input=   0.1, Error=   0.0, PIDTerms=-0.021/ 0.000/ 0.001/ 0.000, Output= 0.000(-0.700/0.700), Volt=11.3(10.6)
GlobalTracer.printPidInfo_Info: [3.807] encoderYPidCtrl: Target= -57.2, Input= -58.5, Error=   0.0, PIDTerms=-0.030/ 0.000/-0.016/-0.000, Output= 0.000(-0.600/0.600), Volt=11.3(10.6)
GlobalTracer.printPidInfo_Info: [3.807] gyroTurnPidCtrl: Target=  90.0, Input=  38.0, Error=  52.0, PIDTerms= 0.936/ 0.000/-0.143/ 0.000, Output= 0.700(-0.700/0.700), Volt=11.3(10.6)
GlobalTracer.printPidInfo_Info: [3.879] encoderXPidCtrl: Target=   0.2, Input=   0.1, Error=   0.0, PIDTerms=-0.021/ 0.000/ 0.001/ 0.000, Output= 0.000(-0.700/0.700), Volt=12.5(10.6)
GlobalTracer.printPidInfo_Info: [3.879] encoderYPidCtrl: Target= -57.2, Input= -58.5, Error=   0.0, PIDTerms=-0.030/ 0.000/-0.016/-0.000, Output= 0.000(-0.600/0.600), Volt=12.5(10.6)
GlobalTracer.printPidInfo_Info: [3.879] gyroTurnPidCtrl: Target=  90.0, Input=  57.2, Error=  32.8, PIDTerms= 0.590/ 0.000/-0.402/ 0.000, Output= 0.187(-0.700/0.700), Volt=12.5(10.6)
GlobalTracer.PowerUse_Info: Battery - currVoltage: 12.40, lowestVoltage: 10.60
GlobalTracer.PowerUse_Info: Power: pdpTotalCurrent: 58.50 elev: 0.13 winch: 0.00, pickup: 0.00, total: 0.37
GlobalTracer.printPidInfo_Info: [3.971] encoderXPidCtrl: Target=   0.2, Input=   0.1, Error=   0.0, PIDTerms=-0.021/ 0.000/ 0.001/ 0.000, Output= 0.000(-0.700/0.700), Volt=12.5(10.6)
GlobalTracer.printPidInfo_Info: [3.971] encoderYPidCtrl: Target= -57.2, Input= -58.5, Error=   0.0, PIDTerms=-0.030/ 0.000/-0.016/-0.000, Output= 0.000(-0.600/0.600), Volt=12.5(10.6)
GlobalTracer.printPidInfo_Info: [3.971] gyroTurnPidCtrl: Target=  90.0, Input=  68.9, Error=  21.1, PIDTerms= 0.380/ 0.000/-0.223/ 0.000, Output= 0.158(-0.700/0.700), Volt=12.5(10.6)
GlobalTracer.PowerUse_Info: Battery - currVoltage: 12.40, lowestVoltage: 10.60
GlobalTracer.PowerUse_Info: Power: pdpTotalCurrent: 0.00 elev: 0.13 winch: 0.00, pickup: 0.00, total: 0.38
GlobalTracer.startCompetition_Warn: AUTO_MODE takes too long (0.169s)

GlobalTracer.Robot_Info: [4.143] MOVE_ACROSS: xPos=  1.50,yPos=-55.01,heading= 101.6/  90.0,volts=12.4(10.6)
GlobalTracer.printPidInfo_Info: [4.143] encoderXPidCtrl: Target=   1.5, Input=   0.1, Error=   0.0, PIDTerms=-0.021/ 0.000/ 0.001/ 0.000, Output= 0.000(-0.700/0.700), Volt=12.5(10.6)
GlobalTracer.printPidInfo_Info: [4.143] encoderYPidCtrl: Target= 114.0, Input= -58.5, Error= 169.0, PIDTerms=-0.030/ 0.000/-0.016/-0.000, Output= 0.000(-0.600/0.600), Volt=12.5(10.6)
GlobalTracer.printPidInfo_Info: [4.143] gyroTurnPidCtrl: Target=  90.0, Input=  87.1, Error= -11.6, PIDTerms= 0.053/ 0.000/-0.198/ 0.000, Output= 0.000(-0.700/0.700), Volt=12.5(10.6)
GlobalTracer.PowerUse_Info: Battery - currVoltage: 12.45, lowestVoltage: 10.60
GlobalTracer.PowerUse_Info: Power: pdpTotalCurrent: 0.00 elev: 0.13 winch: 0.00, pickup: 0.00, total: 0.38
GlobalTracer.startCompetition_Warn: AUTO_MODE takes too long (0.128s)

GlobalTracer.printPidInfo_Info: [4.279] encoderXPidCtrl: Target=   1.5, Input=   1.5, Error=   0.0, PIDTerms= 0.000/ 0.000/ 0.000/ 0.000, Output= 0.000(-0.700/0.700), Volt=10.6(10.6)
GlobalTracer.printPidInfo_Info: [4.279] encoderYPidCtrl: Target= 114.0, Input= -55.0, Error= 169.0, PIDTerms= 3.380/ 0.000/ 0.000/ 0.000, Output= 0.600(-0.600/0.600), Volt=10.6(10.6)
GlobalTracer.printPidInfo_Info: [4.279] gyroTurnPidCtrl: Target=  90.0, Input= 101.6, Error= -11.6, PIDTerms=-0.209/ 0.000/ 0.000/ 0.000, Output=-0.209(-0.700/0.700), Volt=10.6(10.6)
GlobalTracer.PowerUse_Info: Battery - currVoltage: 10.60, lowestVoltage: 10.60
GlobalTracer.PowerUse_Info: Power: pdpTotalCurrent: 0.00 elev: 0.13 winch: 0.00, pickup: 0.00, total: 0.38
GlobalTracer.printPidInfo_Info: [4.376] encoderXPidCtrl: Target=   1.5, Input=   1.5, Error=   0.0, PIDTerms= 0.001/ 0.000/ 0.002/ 0.000, Output= 0.003(-0.700/0.700), Volt=10.8(10.6)
GlobalTracer.printPidInfo_Info: [4.376] encoderYPidCtrl: Target= 114.0, Input= -54.4, Error= 168.4, PIDTerms= 3.367/ 0.000/-0.007/ 0.000, Output= 0.600(-0.600/0.600), Volt=10.8(10.6)
GlobalTracer.printPidInfo_Info: [4.376] gyroTurnPidCtrl: Target=  90.0, Input= 101.9, Error= -11.9, PIDTerms=-0.214/ 0.000/-0.005/ 0.000, Output=-0.219(-0.700/0.700), Volt=10.8(10.6)
GlobalTracer.printPidInfo_Info: [4.440] encoderXPidCtrl: Target=   1.5, Input=   1.5, Error=  -0.0, PIDTerms=-0.005/ 0.000/-0.011/ 0.000, Output=-0.016(-0.700/0.700), Volt=11.1(10.6)
GlobalTracer.printPidInfo_Info: [4.440] encoderYPidCtrl: Target= 114.0, Input= -51.4, Error= 165.4, PIDTerms= 3.307/ 0.000/-0.047/ 0.000, Output= 0.600(-0.600/0.600), Volt=11.1(10.6)
GlobalTracer.printPidInfo_Info: [4.440] gyroTurnPidCtrl: Target=  90.0, Input=  98.8, Error=  -8.8, PIDTerms=-0.158/ 0.000/ 0.077/ 0.000, Output=-0.081(-0.700/0.700), Volt=11.1(10.6)
GlobalTracer.PowerUse_Info: Battery - currVoltage: 11.10, lowestVoltage: 10.60
GlobalTracer.PowerUse_Info: Power: pdpTotalCurrent: 88.13 elev: 0.13 winch: 0.00, pickup: 0.00, total: 0.42
GlobalTracer.printPidInfo_Info: [4.537] encoderXPidCtrl: Target=   1.5, Input=   1.6, Error=  -0.1, PIDTerms=-0.017/ 0.000/-0.011/ 0.000, Output=-0.028(-0.700/0.700), Volt=11.2(10.6)
GlobalTracer.printPidInfo_Info: [4.537] encoderYPidCtrl: Target= 114.0, Input= -48.7, Error= 162.7, PIDTerms= 3.254/ 0.000/-0.027/ 0.000, Output= 0.600(-0.600/0.600), Volt=11.2(10.6)
GlobalTracer.printPidInfo_Info: [4.537] gyroTurnPidCtrl: Target=  90.0, Input=  95.8, Error=  -5.8, PIDTerms=-0.104/ 0.000/ 0.049/ 0.000, Output=-0.055(-0.700/0.700), Volt=11.2(10.6)
GlobalTracer.printPidInfo_Info: [4.598] encoderXPidCtrl: Target=   1.5, Input=   2.2, Error=  -0.7, PIDTerms=-0.098/ 0.000/-0.114/ 0.000, Output=-0.212(-0.700/0.700), Volt=11.0(10.6)
GlobalTracer.printPidInfo_Info: [4.598] encoderYPidCtrl: Target= 114.0, Input= -43.5, Error= 157.5, PIDTerms= 3.149/ 0.000/-0.073/ 0.000, Output= 0.600(-0.600/0.600), Volt=11.0(10.6)
GlobalTracer.printPidInfo_Info: [4.598] gyroTurnPidCtrl: Target=  90.0, Input=  91.4, Error=  -1.4, PIDTerms=-0.026/ 0.000/ 0.097/ 0.000, Output= 0.071(-0.700/0.700), Volt=11.0(10.6)
GlobalTracer.PowerUse_Info: Battery - currVoltage: 10.85, lowestVoltage: 10.60
GlobalTracer.PowerUse_Info: Power: pdpTotalCurrent: 68.63 elev: 0.13 winch: 0.00, pickup: 0.00, total: 0.46
GlobalTracer.startCompetition_Warn: AUTO_MODE takes too long (0.101s)

GlobalTracer.printPidInfo_Info: [4.699] encoderXPidCtrl: Target=   1.5, Input=   2.1, Error=  -0.6, PIDTerms=-0.093/ 0.000/ 0.006/ 0.000, Output=-0.087(-0.700/0.700), Volt=11.3(10.6)
GlobalTracer.printPidInfo_Info: [4.699] encoderYPidCtrl: Target= 114.0, Input= -40.3, Error= 154.3, PIDTerms= 3.086/ 0.000/-0.035/ 0.000, Output= 0.600(-0.600/0.600), Volt=11.3(10.6)
GlobalTracer.printPidInfo_Info: [4.699] gyroTurnPidCtrl: Target=  90.0, Input=  89.0, Error=   1.0, PIDTerms= 0.018/ 0.000/ 0.044/ 0.000, Output= 0.063(-0.700/0.700), Volt=11.3(10.6)
GlobalTracer.PowerUse_Info: Battery - currVoltage: 11.30, lowestVoltage: 10.60
GlobalTracer.PowerUse_Info: Power: pdpTotalCurrent: 78.50 elev: 0.13 winch: 0.00, pickup: 0.00, total: 0.48
GlobalTracer.printPidInfo_Info: [4.785] encoderXPidCtrl: Target=   1.5, Input=   1.9, Error=  -0.4, PIDTerms=-0.055/ 0.000/ 0.040/ 0.000, Output=-0.014(-0.700/0.700), Volt=11.3(10.6)
GlobalTracer.printPidInfo_Info: [4.785] encoderYPidCtrl: Target= 114.0, Input= -34.3, Error= 148.3, PIDTerms= 2.966/ 0.000/-0.063/ 0.000, Output= 0.600(-0.600/0.600), Volt=11.3(10.6)
GlobalTracer.printPidInfo_Info: [4.785] gyroTurnPidCtrl: Target=  90.0, Input=  86.7, Error=   3.3, PIDTerms= 0.059/ 0.000/ 0.038/ 0.000, Output= 0.097(-0.700/0.700), Volt=11.3(10.6)
GlobalTracer.printPidInfo_Info: [4.845] encoderXPidCtrl: Target=   1.5, Input=   1.8, Error=  -0.3, PIDTerms=-0.051/ 0.000/ 0.006/ 0.000, Output=-0.045(-0.700/0.700), Volt=11.5(10.6)
GlobalTracer.printPidInfo_Info: [4.845] encoderYPidCtrl: Target= 114.0, Input= -28.9, Error= 142.9, PIDTerms= 2.857/ 0.000/-0.090/ 0.000, Output= 0.600(-0.600/0.600), Volt=11.5(10.6)
GlobalTracer.printPidInfo_Info: [4.845] gyroTurnPidCtrl: Target=  90.0, Input=  86.5, Error=   3.5, PIDTerms= 0.062/ 0.000/ 0.005/ 0.000, Output= 0.067(-0.700/0.700), Volt=11.5(10.6)
GlobalTracer.PowerUse_Info: Battery - currVoltage: 11.50, lowestVoltage: 10.60
GlobalTracer.PowerUse_Info: Power: pdpTotalCurrent: 55.63 elev: 0.13 winch: 0.00, pickup: 0.00, total: 0.51
GlobalTracer.startCompetition_Warn: AUTO_MODE takes too long (0.106s)

GlobalTracer.printPidInfo_Info: [4.953] encoderXPidCtrl: Target=   1.5, Input=   1.8, Error=  -0.3, PIDTerms=-0.044/ 0.000/ 0.007/ 0.000, Output=-0.036(-0.700/0.700), Volt=11.5(10.6)
GlobalTracer.printPidInfo_Info: [4.953] encoderYPidCtrl: Target= 114.0, Input= -23.9, Error= 137.9, PIDTerms= 2.757/ 0.000/-0.050/ 0.000, Output= 0.600(-0.600/0.600), Volt=11.5(10.6)
GlobalTracer.printPidInfo_Info: [4.953] gyroTurnPidCtrl: Target=  90.0, Input=  87.1, Error=   2.9, PIDTerms= 0.053/ 0.000/-0.008/ 0.000, Output= 0.045(-0.700/0.700), Volt=11.5(10.6)
GlobalTracer.printPidInfo_Info: [5.008] encoderXPidCtrl: Target=   1.5, Input=   1.8, Error=  -0.3, PIDTerms=-0.051/ 0.000/-0.010/ 0.000, Output=-0.061(-0.700/0.700), Volt=11.6(10.6)
GlobalTracer.printPidInfo_Info: [5.008] encoderYPidCtrl: Target= 114.0, Input= -15.3, Error= 129.3, PIDTerms= 2.585/ 0.000/-0.129/ 0.000, Output= 0.600(-0.600/0.600), Volt=11.6(10.6)
GlobalTracer.printPidInfo_Info: [5.008] gyroTurnPidCtrl: Target=  90.0, Input=  88.6, Error=   1.4, PIDTerms= 0.026/ 0.000/-0.036/ 0.000, Output=-0.010(-0.700/0.700), Volt=11.6(10.6)
GlobalTracer.PowerUse_Info: Battery - currVoltage: 11.60, lowestVoltage: 10.60
GlobalTracer.PowerUse_Info: Power: pdpTotalCurrent: 42.38 elev: 0.13 winch: 0.00, pickup: 0.00, total: 0.53
GlobalTracer.startCompetition_Warn: AUTO_MODE takes too long (0.108s)

GlobalTracer.printPidInfo_Info: [5.117] encoderXPidCtrl: Target=   1.5, Input=   1.8, Error=  -0.3, PIDTerms=-0.045/ 0.000/ 0.006/ 0.000, Output=-0.039(-0.700/0.700), Volt=11.7(10.6)
GlobalTracer.printPidInfo_Info: [5.117] encoderYPidCtrl: Target= 114.0, Input= -11.3, Error= 125.3, PIDTerms= 2.505/ 0.000/-0.042/ 0.000, Output= 0.600(-0.600/0.600), Volt=11.7(10.6)
GlobalTracer.printPidInfo_Info: [5.117] gyroTurnPidCtrl: Target=  90.0, Input=  89.5, Error=   0.5, PIDTerms= 0.009/ 0.000/-0.015/ 0.000, Output=-0.006(-0.700/0.700), Volt=11.7(10.6)
GlobalTracer.printPidInfo_Info: [5.171] encoderXPidCtrl: Target=   1.5, Input=   1.6, Error=  -0.1, PIDTerms=-0.012/ 0.000/ 0.052/ 0.000, Output= 0.040(-0.700/0.700), Volt=11.8(10.6)
GlobalTracer.printPidInfo_Info: [5.171] encoderYPidCtrl: Target= 114.0, Input=  -1.9, Error= 115.9, PIDTerms= 2.318/ 0.000/-0.147/ 0.000, Output= 0.600(-0.600/0.600), Volt=11.8(10.6)
GlobalTracer.printPidInfo_Info: [5.171] gyroTurnPidCtrl: Target=  90.0, Input=  90.5, Error=  -0.5, PIDTerms=-0.010/ 0.000/-0.026/ 0.000, Output=-0.036(-0.700/0.700), Volt=11.8(10.6)
GlobalTracer.PowerUse_Info: Battery - currVoltage: 11.80, lowestVoltage: 10.60
GlobalTracer.PowerUse_Info: Power: pdpTotalCurrent: 37.75 elev: 0.13 winch: 0.00, pickup: 0.00, total: 0.56
GlobalTracer.printPidInfo_Info: [5.262] encoderXPidCtrl: Target=   1.5, Input=   1.6, Error=  -0.1, PIDTerms=-0.010/ 0.000/ 0.002/ 0.000, Output=-0.007(-0.700/0.700), Volt=11.8(10.6)
GlobalTracer.printPidInfo_Info: [5.262] encoderYPidCtrl: Target= 114.0, Input=   3.4, Error= 110.6, PIDTerms= 2.212/ 0.000/-0.063/ 0.000, Output= 0.600(-0.600/0.600), Volt=11.8(10.6)
GlobalTracer.printPidInfo_Info: [5.262] gyroTurnPidCtrl: Target=  90.0, Input=  90.8, Error=  -0.8, PIDTerms=-0.014/ 0.000/-0.004/ 0.000, Output=-0.018(-0.700/0.700), Volt=11.8(10.6)
GlobalTracer.printPidInfo_Info: [5.338] encoderXPidCtrl: Target=   1.5, Input=   1.7, Error=  -0.2, PIDTerms=-0.035/ 0.000/-0.034/ 0.000, Output=-0.068(-0.700/0.700), Volt=11.8(10.6)
GlobalTracer.printPidInfo_Info: [5.338] encoderYPidCtrl: Target= 114.0, Input=  10.6, Error= 103.4, PIDTerms= 2.068/ 0.000/-0.098/ 0.000, Output= 0.600(-0.600/0.600), Volt=11.8(10.6)
GlobalTracer.printPidInfo_Info: [5.338] gyroTurnPidCtrl: Target=  90.0, Input=  90.6, Error=  -0.6, PIDTerms=-0.011/ 0.000/ 0.003/ 0.000, Output=-0.007(-0.700/0.700), Volt=11.8(10.6)
GlobalTracer.PowerUse_Info: Battery - currVoltage: 11.80, lowestVoltage: 10.60
GlobalTracer.PowerUse_Info: Power: pdpTotalCurrent: 32.88 elev: 0.13 winch: 0.00, pickup: 0.00, total: 0.57
GlobalTracer.printPidInfo_Info: [5.425] encoderXPidCtrl: Target=   1.5, Input=   1.8, Error=  -0.3, PIDTerms=-0.038/ 0.000/-0.005/ 0.000, Output=-0.043(-0.700/0.700), Volt=11.9(10.6)
GlobalTracer.printPidInfo_Info: [5.425] encoderYPidCtrl: Target= 114.0, Input=  18.0, Error=  96.0, PIDTerms= 1.920/ 0.000/-0.090/ 0.000, Output= 0.600(-0.600/0.600), Volt=11.9(10.6)
GlobalTracer.printPidInfo_Info: [5.425] gyroTurnPidCtrl: Target=  90.0, Input=  90.4, Error=  -0.4, PIDTerms=-0.007/ 0.000/ 0.004/ 0.000, Output=-0.003(-0.700/0.700), Volt=11.9(10.6)
GlobalTracer.printPidInfo_Info: [5.508] encoderXPidCtrl: Target=   1.5, Input=   2.0, Error=  -0.5, PIDTerms=-0.071/ 0.000/-0.037/ 0.000, Output=-0.108(-0.700/0.700), Volt=11.6(10.6)
GlobalTracer.printPidInfo_Info: [5.508] encoderYPidCtrl: Target= 114.0, Input=  25.9, Error=  88.1, PIDTerms= 1.762/ 0.000/-0.090/ 0.000, Output= 0.600(-0.600/0.600), Volt=11.6(10.6)
GlobalTracer.printPidInfo_Info: [5.508] gyroTurnPidCtrl: Target=  90.0, Input=  90.1, Error=  -0.1, PIDTerms=-0.001/ 0.000/ 0.006/ 0.000, Output= 0.005(-0.700/0.700), Volt=11.6(10.6)
GlobalTracer.PowerUse_Info: Battery - currVoltage: 11.40, lowestVoltage: 10.60
GlobalTracer.PowerUse_Info: Power: pdpTotalCurrent: 33.38 elev: 0.13 winch: 0.00, pickup: 0.00, total: 0.59
GlobalTracer.printPidInfo_Info: [5.590] encoderXPidCtrl: Target=   1.5, Input=   1.6, Error=  -0.0, PIDTerms=-0.007/ 0.000/ 0.069/ 0.000, Output= 0.062(-0.700/0.700), Volt=11.3(10.6)
GlobalTracer.printPidInfo_Info: [5.590] encoderYPidCtrl: Target= 114.0, Input=  34.0, Error=  80.0, PIDTerms= 1.600/ 0.000/-0.087/ 0.000, Output= 0.600(-0.600/0.600), Volt=11.3(10.6)
GlobalTracer.printPidInfo_Info: [5.590] gyroTurnPidCtrl: Target=  90.0, Input=  89.9, Error=   0.1, PIDTerms= 0.002/ 0.000/ 0.003/ 0.000, Output= 0.004(-0.700/0.700), Volt=11.3(10.6)
GlobalTracer.printPidInfo_Info: [5.682] encoderXPidCtrl: Target=   1.5, Input=   0.6, Error=   0.9, PIDTerms= 0.138/ 0.000/ 0.228/ 0.000, Output= 0.366(-0.700/0.700), Volt=11.3(10.6)
GlobalTracer.printPidInfo_Info: [5.682] encoderYPidCtrl: Target= 114.0, Input=  41.0, Error=  72.9, PIDTerms= 1.459/ 0.000/-0.111/ 0.000, Output= 0.600(-0.600/0.600), Volt=11.3(10.6)
GlobalTracer.printPidInfo_Info: [5.682] gyroTurnPidCtrl: Target=  90.0, Input=  83.6, Error=   6.4, PIDTerms= 0.115/ 0.000/ 0.157/ 0.000, Output= 0.271(-0.700/0.700), Volt=11.3(10.6)
GlobalTracer.PowerUse_Info: Battery - currVoltage: 11.50, lowestVoltage: 10.60
GlobalTracer.PowerUse_Info: Power: pdpTotalCurrent: 72.50 elev: 0.13 winch: 0.00, pickup: 0.00, total: 0.62
GlobalTracer.startCompetition_Warn: AUTO_MODE takes too long (0.157s)

GlobalTracer.printPidInfo_Info: [5.842] encoderXPidCtrl: Target=   1.5, Input=   0.7, Error=   0.8, PIDTerms= 0.126/ 0.000/-0.008/ 0.000, Output= 0.117(-0.700/0.700), Volt=11.3(10.6)
GlobalTracer.printPidInfo_Info: [5.842] encoderYPidCtrl: Target= 114.0, Input=  46.5, Error=  67.5, PIDTerms= 1.350/ 0.000/-0.036/ 0.000, Output= 0.600(-0.600/0.600), Volt=11.3(10.6)
GlobalTracer.printPidInfo_Info: [5.842] gyroTurnPidCtrl: Target=  90.0, Input=  69.5, Error=  20.5, PIDTerms= 0.370/ 0.000/ 0.151/ 0.000, Output= 0.520(-0.700/0.700), Volt=10.8(10.6)
GlobalTracer.PowerUse_Info: Battery - currVoltage: 10.65, lowestVoltage: 10.60
GlobalTracer.PowerUse_Info: Power: pdpTotalCurrent: 60.88 elev: 0.13 winch: 0.00, pickup: 0.00, total: 0.64
GlobalTracer.startCompetition_Warn: AUTO_MODE takes too long (0.151s)

GlobalTracer.printPidInfo_Info: [5.998] encoderXPidCtrl: Target=   1.5, Input=   6.1, Error=  -4.6, PIDTerms=-0.686/ 0.000/-0.506/ 0.000, Output=-0.700(-0.700/0.700), Volt=10.3(10.3)
GlobalTracer.printPidInfo_Info: [5.998] encoderYPidCtrl: Target= 114.0, Input=  58.6, Error=  55.4, PIDTerms= 1.108/ 0.000/-0.076/ 0.000, Output= 0.600(-0.600/0.600), Volt=10.4(10.3)
GlobalTracer.printPidInfo_Info: [5.998] gyroTurnPidCtrl: Target=  90.0, Input=  57.3, Error=  32.7, PIDTerms= 0.588/ 0.000/ 0.121/ 0.000, Output= 0.700(-0.700/0.700), Volt=10.4(10.3)
GlobalTracer.PowerUse_Info: Battery - currVoltage: 10.45, lowestVoltage: 10.25
GlobalTracer.PowerUse_Info: Power: pdpTotalCurrent: 121.63 elev: 0.13 winch: 0.00, pickup: 0.00, total: 0.68
GlobalTracer.startCompetition_Warn: AUTO_MODE takes too long (0.172s)

GlobalTracer.printPidInfo_Info: [6.173] encoderXPidCtrl: Target=   1.5, Input=   7.6, Error=  -6.1, PIDTerms=-0.922/ 0.000/-0.141/ 0.000, Output=-0.700(-0.700/0.700), Volt=10.4(10.3)
GlobalTracer.printPidInfo_Info: [6.173] encoderYPidCtrl: Target= 114.0, Input=  65.1, Error=  48.9, PIDTerms= 0.979/ 0.000/-0.038/ 0.000, Output= 0.600(-0.600/0.600), Volt=10.3(10.3)
GlobalTracer.printPidInfo_Info: [6.173] gyroTurnPidCtrl: Target=  90.0, Input=  55.0, Error=  35.0, PIDTerms= 0.630/ 0.000/ 0.022/ 0.000, Output= 0.652(-0.700/0.700), Volt=10.3(10.3)
GlobalTracer.PowerUse_Info: Battery - currVoltage: 10.50, lowestVoltage: 10.25
GlobalTracer.PowerUse_Info: Power: pdpTotalCurrent: 116.88 elev: 0.13 winch: 0.00, pickup: 0.00, total: 0.74
GlobalTracer.startCompetition_Warn: AUTO_MODE takes too long (0.184s)

GlobalTracer.printPidInfo_Info: [6.360] encoderXPidCtrl: Target=   1.5, Input=   6.4, Error=  -4.9, PIDTerms=-0.733/ 0.000/ 0.108/ 0.000, Output=-0.625(-0.700/0.700), Volt=10.5(10.3)
GlobalTracer.printPidInfo_Info: [6.360] encoderYPidCtrl: Target= 114.0, Input=  67.3, Error=  46.7, PIDTerms= 0.934/ 0.000/-0.013/ 0.000, Output= 0.600(-0.600/0.600), Volt=10.3(10.3)
GlobalTracer.printPidInfo_Info: [6.360] gyroTurnPidCtrl: Target=  90.0, Input=  54.9, Error=  35.1, PIDTerms= 0.633/ 0.000/ 0.001/ 0.000, Output= 0.634(-0.700/0.700), Volt=10.3(10.3)
GlobalTracer.PowerUse_Info: Battery - currVoltage: 10.10, lowestVoltage: 10.25
GlobalTracer.PowerUse_Info: Power: pdpTotalCurrent: 122.13 elev: 0.13 winch: 0.00, pickup: 0.00, total: 0.81
GlobalTracer.startCompetition_Warn: AUTO_MODE takes too long (0.232s)

GlobalTracer.printPidInfo_Info: [6.594] encoderXPidCtrl: Target=   1.5, Input=   5.3, Error=  -3.7, PIDTerms=-0.562/ 0.000/ 0.077/ 0.000, Output=-0.485(-0.700/0.700), Volt=9.9(10.1)
GlobalTracer.printPidInfo_Info: [6.594] encoderYPidCtrl: Target= 114.0, Input=  68.8, Error=  45.1, PIDTerms= 0.903/ 0.000/-0.007/ 0.000, Output= 0.600(-0.600/0.600), Volt=9.9(10.1)
GlobalTracer.printPidInfo_Info: [6.594] gyroTurnPidCtrl: Target=  90.0, Input=  57.0, Error=  33.0, PIDTerms= 0.595/ 0.000/-0.015/ 0.000, Output= 0.580(-0.700/0.700), Volt=9.9(10.1)
GlobalTracer.PowerUse_Info: Battery - currVoltage: 9.90, lowestVoltage: 10.05
GlobalTracer.PowerUse_Info: Power: pdpTotalCurrent: 129.50 elev: 0.13 winch: 0.00, pickup: 0.00, total: 0.89
GlobalTracer.startCompetition_Warn: AUTO_MODE takes too long (0.187s)

GlobalTracer.printPidInfo_Info: [6.783] encoderXPidCtrl: Target=   1.5, Input=   4.9, Error=  -3.4, PIDTerms=-0.516/ 0.000/ 0.022/ 0.000, Output=-0.494(-0.700/0.700), Volt=11.6(10.0)
GlobalTracer.printPidInfo_Info: [6.783] encoderYPidCtrl: Target= 114.0, Input=  69.8, Error=  44.2, PIDTerms= 0.885/ 0.000/-0.004/ 0.000, Output= 0.600(-0.600/0.600), Volt=11.6(10.0)
GlobalTracer.printPidInfo_Info: [6.783] gyroTurnPidCtrl: Target=  90.0, Input=  57.5, Error=  32.5, PIDTerms= 0.586/ 0.000/-0.004/ 0.000, Output= 0.582(-0.700/0.700), Volt=11.6(10.0)
GlobalTracer.PowerUse_Info: Battery - currVoltage: 11.55, lowestVoltage: 9.95
GlobalTracer.PowerUse_Info: Power: pdpTotalCurrent: 128.13 elev: 0.13 winch: 0.00, pickup: 0.00, total: 0.96
GlobalTracer.printPidInfo_Info: [6.865] encoderXPidCtrl: Target=   1.5, Input=   4.9, Error=  -3.4, PIDTerms=-0.512/ 0.000/ 0.003/ 0.000, Output=-0.508(-0.700/0.700), Volt=11.7(10.0)
GlobalTracer.printPidInfo_Info: [6.865] encoderYPidCtrl: Target= 114.0, Input=  69.7, Error=  44.3, PIDTerms= 0.885/ 0.000/ 0.000/ 0.000, Output= 0.600(-0.600/0.600), Volt=11.7(10.0)
GlobalTracer.printPidInfo_Info: [6.865] gyroTurnPidCtrl: Target=  90.0, Input=  57.5, Error=  32.5, PIDTerms= 0.585/ 0.000/-0.001/ 0.000, Output= 0.584(-0.700/0.700), Volt=11.7(10.0)
GlobalTracer.printPidInfo_Info: [6.964] encoderXPidCtrl: Target=   1.5, Input=   4.9, Error=  -3.4, PIDTerms=-0.510/ 0.000/ 0.003/ 0.000, Output=-0.507(-0.700/0.700), Volt=11.7(10.0)
GlobalTracer.printPidInfo_Info: [6.964] encoderYPidCtrl: Target= 114.0, Input=  69.7, Error=  44.3, PIDTerms= 0.886/ 0.000/ 0.000/ 0.000, Output= 0.600(-0.600/0.600), Volt=11.7(10.0)
GlobalTracer.printPidInfo_Info: [6.964] gyroTurnPidCtrl: Target=  90.0, Input=  57.3, Error=  32.7, PIDTerms= 0.589/ 0.000/ 0.004/ 0.000, Output= 0.593(-0.700/0.700), Volt=11.7(10.0)
GlobalTracer.PowerUse_Info: Battery - currVoltage: 11.65, lowestVoltage: 9.95
GlobalTracer.PowerUse_Info: Power: pdpTotalCurrent: 37.63 elev: 0.13 winch: 0.00, pickup: 0.00, total: 1.00
GlobalTracer.startCompetition_Warn: AUTO_MODE takes too long (0.128s)

GlobalTracer.printPidInfo_Info: [7.095] encoderXPidCtrl: Target=   1.5, Input=   4.9, Error=  -3.4, PIDTerms=-0.509/ 0.000/ 0.000/ 0.000, Output=-0.509(-0.700/0.700), Volt=11.7(10.0)
GlobalTracer.printPidInfo_Info: [7.095] encoderYPidCtrl: Target= 114.0, Input=  69.7, Error=  44.3, PIDTerms= 0.886/ 0.000/ 0.000/ 0.000, Output= 0.600(-0.600/0.600), Volt=11.7(10.0)
GlobalTracer.printPidInfo_Info: [7.095] gyroTurnPidCtrl: Target=  90.0, Input=  57.1, Error=  32.9, PIDTerms= 0.592/ 0.000/ 0.003/ 0.000, Output= 0.595(-0.700/0.700), Volt=11.7(10.0)
GlobalTracer.PowerUse_Info: Battery - currVoltage: 11.75, lowestVoltage: 9.95
GlobalTracer.PowerUse_Info: Power: pdpTotalCurrent: 33.63 elev: 0.13 winch: 0.00, pickup: 0.00, total: 1.02
GlobalTracer.startCompetition_Warn: AUTO_MODE takes too long (0.229s)

GlobalTracer.printPidInfo_Info: [7.328] encoderXPidCtrl: Target=   1.5, Input=   4.8, Error=  -3.3, PIDTerms=-0.500/ 0.000/ 0.004/ 0.000, Output=-0.496(-0.700/0.700), Volt=11.7(10.0)
GlobalTracer.printPidInfo_Info: [7.328] encoderYPidCtrl: Target= 114.0, Input=  69.4, Error=  44.6, PIDTerms= 0.892/ 0.000/ 0.001/ 0.000, Output= 0.600(-0.600/0.600), Volt=11.7(10.0)
GlobalTracer.printPidInfo_Info: [7.328] gyroTurnPidCtrl: Target=  90.0, Input=  57.6, Error=  32.4, PIDTerms= 0.583/ 0.000/-0.003/ 0.000, Output= 0.580(-0.700/0.700), Volt=11.8(10.0)
GlobalTracer.PowerUse_Info: Battery - currVoltage: 11.80, lowestVoltage: 9.95
GlobalTracer.PowerUse_Info: Power: pdpTotalCurrent: 31.38 elev: 0.13 winch: 0.00, pickup: 0.00, total: 1.04
GlobalTracer.startCompetition_Warn: AUTO_MODE takes too long (0.111s)

GlobalTracer.printPidInfo_Info: [7.437] encoderXPidCtrl: Target=   1.5, Input=   5.3, Error=  -3.8, PIDTerms=-0.575/ 0.000/-0.065/ 0.000, Output=-0.639(-0.700/0.700), Volt=11.7(10.0)
GlobalTracer.printPidInfo_Info: [7.437] encoderYPidCtrl: Target= 114.0, Input=  69.6, Error=  44.4, PIDTerms= 0.888/ 0.000/-0.002/ 0.000, Output= 0.600(-0.600/0.600), Volt=11.7(10.0)
GlobalTracer.printPidInfo_Info: [7.437] gyroTurnPidCtrl: Target=  90.0, Input=  58.1, Error=  31.9, PIDTerms= 0.574/ 0.000/-0.007/ 0.000, Output= 0.566(-0.700/0.700), Volt=11.7(10.0)
GlobalTracer.PowerUse_Info: Battery - currVoltage: 11.70, lowestVoltage: 9.95
GlobalTracer.PowerUse_Info: Power: pdpTotalCurrent: 37.00 elev: 0.13 winch: 0.00, pickup: 0.00, total: 1.05
GlobalTracer.startCompetition_Warn: AUTO_MODE takes too long (0.103s)

GlobalTracer.printPidInfo_Info: [7.543] encoderXPidCtrl: Target=   1.5, Input=   5.3, Error=  -3.8, PIDTerms=-0.577/ 0.000/-0.002/ 0.000, Output=-0.579(-0.700/0.700), Volt=11.9(10.0)
GlobalTracer.printPidInfo_Info: [7.543] encoderYPidCtrl: Target= 114.0, Input=  69.4, Error=  44.6, PIDTerms= 0.891/ 0.000/ 0.002/ 0.000, Output= 0.600(-0.600/0.600), Volt=11.9(10.0)
GlobalTracer.printPidInfo_Info: [7.543] gyroTurnPidCtrl: Target=  90.0, Input=  58.5, Error=  31.5, PIDTerms= 0.568/ 0.000/-0.005/ 0.000, Output= 0.562(-0.700/0.700), Volt=11.9(10.0)
GlobalTracer.PowerUse_Info: Battery - currVoltage: 11.85, lowestVoltage: 9.95
GlobalTracer.PowerUse_Info: Power: pdpTotalCurrent: 27.25 elev: 0.13 winch: 0.00, pickup: 0.00, total: 1.06
GlobalTracer.startCompetition_Warn: AUTO_MODE takes too long (0.117s)

GlobalTracer.printPidInfo_Info: [7.662] encoderXPidCtrl: Target=   1.5, Input=   5.4, Error=  -3.9, PIDTerms=-0.585/ 0.000/-0.007/ 0.000, Output=-0.591(-0.700/0.700), Volt=11.9(10.0)
GlobalTracer.printPidInfo_Info: [7.662] encoderYPidCtrl: Target= 114.0, Input=  68.7, Error=  45.3, PIDTerms= 0.906/ 0.000/ 0.006/ 0.000, Output= 0.600(-0.600/0.600), Volt=11.8(10.0)
GlobalTracer.printPidInfo_Info: [7.662] gyroTurnPidCtrl: Target=  90.0, Input=  62.2, Error=  27.8, PIDTerms= 0.500/ 0.000/-0.051/ 0.000, Output= 0.450(-0.700/0.700), Volt=11.8(10.0)
GlobalTracer.PowerUse_Info: Battery - currVoltage: 11.80, lowestVoltage: 9.95
GlobalTracer.PowerUse_Info: Power: pdpTotalCurrent: 31.13 elev: 0.13 winch: 0.00, pickup: 0.00, total: 1.07
GlobalTracer.startCompetition_Warn: AUTO_MODE takes too long (0.118s)

GlobalTracer.printPidInfo_Info: [7.781] encoderXPidCtrl: Target=   1.5, Input=   6.0, Error=  -4.5, PIDTerms=-0.682/ 0.000/-0.081/ 0.000, Output=-0.700(-0.700/0.700), Volt=11.6(10.0)
GlobalTracer.printPidInfo_Info: [7.781] encoderYPidCtrl: Target= 114.0, Input=  68.9, Error=  45.0, PIDTerms= 0.901/ 0.000/-0.002/ 0.000, Output= 0.600(-0.600/0.600), Volt=11.6(10.0)
GlobalTracer.printPidInfo_Info: [7.781] gyroTurnPidCtrl: Target=  90.0, Input=  67.8, Error=  22.2, PIDTerms= 0.399/ 0.000/-0.076/ 0.000, Output= 0.323(-0.700/0.700), Volt=11.6(10.0)
GlobalTracer.PowerUse_Info: Battery - currVoltage: 11.60, lowestVoltage: 9.95
GlobalTracer.PowerUse_Info: Power: pdpTotalCurrent: 37.63 elev: 0.13 winch: 0.00, pickup: 0.00, total: 1.09
GlobalTracer.startCompetition_Warn: AUTO_MODE takes too long (0.103s)

GlobalTracer.printPidInfo_Info: [7.896] encoderXPidCtrl: Target=   1.5, Input=   6.4, Error=  -4.9, PIDTerms=-0.732/ 0.000/-0.044/ 0.000, Output=-0.700(-0.700/0.700), Volt=11.5(10.0)
GlobalTracer.printPidInfo_Info: [7.896] encoderYPidCtrl: Target= 114.0, Input=  69.1, Error=  44.9, PIDTerms= 0.897/ 0.000/-0.002/ 0.000, Output= 0.600(-0.600/0.600), Volt=11.5(10.0)
GlobalTracer.printPidInfo_Info: [7.896] gyroTurnPidCtrl: Target=  90.0, Input=  70.9, Error=  19.1, PIDTerms= 0.343/ 0.000/-0.043/ 0.000, Output= 0.300(-0.700/0.700), Volt=11.5(10.0)
GlobalTracer.PowerUse_Info: Battery - currVoltage: 11.50, lowestVoltage: 9.95
GlobalTracer.PowerUse_Info: Power: pdpTotalCurrent: 55.00 elev: 0.13 winch: 0.00, pickup: 0.00, total: 1.10
GlobalTracer.startCompetition_Warn: AUTO_MODE takes too long (0.105s)

GlobalTracer.printPidInfo_Info: [8.002] encoderXPidCtrl: Target=   1.5, Input=   6.3, Error=  -4.8, PIDTerms=-0.714/ 0.000/ 0.016/ 0.000, Output=-0.698(-0.700/0.700), Volt=11.3(10.0)
GlobalTracer.printPidInfo_Info: [8.002] encoderYPidCtrl: Target= 114.0, Input=  69.0, Error=  45.0, PIDTerms= 0.900/ 0.000/ 0.002/ 0.000, Output= 0.600(-0.600/0.600), Volt=11.3(10.0)
GlobalTracer.printPidInfo_Info: [8.002] gyroTurnPidCtrl: Target=  90.0, Input=  73.5, Error=  16.5, PIDTerms= 0.297/ 0.000/-0.039/ 0.000, Output= 0.258(-0.700/0.700), Volt=11.3(10.0)
GlobalTracer.PowerUse_Info: Battery - currVoltage: 11.30, lowestVoltage: 9.95
GlobalTracer.PowerUse_Info: Power: pdpTotalCurrent: 60.38 elev: 0.13 winch: 0.00, pickup: 0.00, total: 1.12
GlobalTracer.startCompetition_Warn: AUTO_MODE takes too long (0.104s)

GlobalTracer.printPidInfo_Info: [8.116] encoderXPidCtrl: Target=   1.5, Input=   6.2, Error=  -4.7, PIDTerms=-0.703/ 0.000/ 0.010/ 0.000, Output=-0.693(-0.700/0.700), Volt=11.3(10.0)
GlobalTracer.printPidInfo_Info: [8.116] encoderYPidCtrl: Target= 114.0, Input=  68.8, Error=  45.2, PIDTerms= 0.905/ 0.000/ 0.002/ 0.000, Output= 0.600(-0.600/0.600), Volt=11.3(10.0)
GlobalTracer.printPidInfo_Info: [8.116] gyroTurnPidCtrl: Target=  90.0, Input=  75.2, Error=  14.8, PIDTerms= 0.267/ 0.000/-0.023/ 0.000, Output= 0.244(-0.700/0.700), Volt=11.3(10.0)
GlobalTracer.PowerUse_Info: Battery - currVoltage: 11.30, lowestVoltage: 9.95
GlobalTracer.PowerUse_Info: Power: pdpTotalCurrent: 66.13 elev: 0.13 winch: 0.00, pickup: 0.00, total: 1.15
GlobalTracer.startCompetition_Warn: AUTO_MODE takes too long (0.111s)

GlobalTracer.printPidInfo_Info: [8.220] encoderXPidCtrl: Target=   1.5, Input=   6.2, Error=  -4.7, PIDTerms=-0.711/ 0.000/-0.007/ 0.000, Output=-0.700(-0.700/0.700), Volt=11.2(10.0)
GlobalTracer.printPidInfo_Info: [8.220] encoderYPidCtrl: Target= 114.0, Input=  68.7, Error=  45.3, PIDTerms= 0.906/ 0.000/ 0.001/ 0.000, Output= 0.600(-0.600/0.600), Volt=11.2(10.0)
GlobalTracer.printPidInfo_Info: [8.220] gyroTurnPidCtrl: Target=  90.0, Input=  76.7, Error=  13.3, PIDTerms= 0.240/ 0.000/-0.024/ 0.000, Output= 0.216(-0.700/0.700), Volt=11.2(10.0)
GlobalTracer.PowerUse_Info: Battery - currVoltage: 11.20, lowestVoltage: 9.95
GlobalTracer.PowerUse_Info: Power: pdpTotalCurrent: 80.50 elev: 0.13 winch: 0.00, pickup: 0.00, total: 1.17
GlobalTracer.startCompetition_Warn: AUTO_MODE takes too long (0.102s)

GlobalTracer.printPidInfo_Info: [8.323] encoderXPidCtrl: Target=   1.5, Input=   6.2, Error=  -4.7, PIDTerms=-0.708/ 0.000/ 0.003/ 0.000, Output=-0.700(-0.700/0.700), Volt=11.3(10.0)
GlobalTracer.printPidInfo_Info: [8.323] encoderYPidCtrl: Target= 114.0, Input=  68.6, Error=  45.4, PIDTerms= 0.908/ 0.000/ 0.001/ 0.000, Output= 0.600(-0.600/0.600), Volt=11.3(10.0)
GlobalTracer.printPidInfo_Info: [8.323] gyroTurnPidCtrl: Target=  90.0, Input=  76.8, Error=  13.2, PIDTerms= 0.237/ 0.000/-0.002/ 0.000, Output= 0.235(-0.700/0.700), Volt=11.3(10.0)
GlobalTracer.PowerUse_Info: Battery - currVoltage: 11.25, lowestVoltage: 9.95
GlobalTracer.PowerUse_Info: Power: pdpTotalCurrent: 70.75 elev: 0.13 winch: 0.00, pickup: 0.00, total: 1.20
GlobalTracer.startCompetition_Warn: AUTO_MODE takes too long (0.132s)

GlobalTracer.printPidInfo_Info: [8.457] encoderXPidCtrl: Target=   1.5, Input=   6.2, Error=  -4.7, PIDTerms=-0.708/ 0.000/ 0.000/ 0.000, Output=-0.700(-0.700/0.700), Volt=11.3(10.0)
GlobalTracer.printPidInfo_Info: [8.457] encoderYPidCtrl: Target= 114.0, Input=  68.6, Error=  45.4, PIDTerms= 0.908/ 0.000/-0.000/ 0.000, Output= 0.600(-0.600/0.600), Volt=11.3(10.0)
GlobalTracer.printPidInfo_Info: [8.457] gyroTurnPidCtrl: Target=  90.0, Input=  76.8, Error=  13.2, PIDTerms= 0.238/ 0.000/ 0.001/ 0.000, Output= 0.239(-0.700/0.700), Volt=11.3(10.0)
GlobalTracer.PowerUse_Info: Battery - currVoltage: 11.30, lowestVoltage: 9.95
GlobalTracer.PowerUse_Info: Power: pdpTotalCurrent: 79.13 elev: 0.13 winch: 0.00, pickup: 0.00, total: 1.23
GlobalTracer.startCompetition_Warn: AUTO_MODE takes too long (0.105s)

GlobalTracer.printPidInfo_Info: [8.563] encoderXPidCtrl: Target=   1.5, Input=   6.2, Error=  -4.7, PIDTerms=-0.708/ 0.000/ 0.000/ 0.000, Output=-0.700(-0.700/0.700), Volt=11.5(10.0)
GlobalTracer.printPidInfo_Info: [8.563] encoderYPidCtrl: Target= 114.0, Input=  68.6, Error=  45.4, PIDTerms= 0.908/ 0.000/ 0.000/ 0.000, Output= 0.600(-0.600/0.600), Volt=11.5(10.0)
GlobalTracer.printPidInfo_Info: [8.563] gyroTurnPidCtrl: Target=  90.0, Input=  76.8, Error=  13.2, PIDTerms= 0.238/ 0.000/ 0.000/ 0.000, Output= 0.238(-0.700/0.700), Volt=11.5(10.0)
GlobalTracer.PowerUse_Info: Battery - currVoltage: 11.45, lowestVoltage: 9.95
GlobalTracer.PowerUse_Info: Power: pdpTotalCurrent: 64.38 elev: 0.13 winch: 0.00, pickup: 0.00, total: 1.25
GlobalTracer.startCompetition_Warn: AUTO_MODE takes too long (0.120s)

GlobalTracer.printPidInfo_Info: [8.685] encoderXPidCtrl: Target=   1.5, Input=   6.2, Error=  -4.7, PIDTerms=-0.706/ 0.000/ 0.002/ 0.000, Output=-0.700(-0.700/0.700), Volt=11.2(10.0)
GlobalTracer.printPidInfo_Info: [8.685] encoderYPidCtrl: Target= 114.0, Input=  68.6, Error=  45.4, PIDTerms= 0.907/ 0.000/-0.000/ 0.000, Output= 0.600(-0.600/0.600), Volt=11.3(10.0)
GlobalTracer.printPidInfo_Info: [8.685] gyroTurnPidCtrl: Target=  90.0, Input=  76.5, Error=  13.5, PIDTerms= 0.242/ 0.000/ 0.003/ 0.000, Output= 0.245(-0.700/0.700), Volt=11.3(10.0)
GlobalTracer.PowerUse_Info: Battery - currVoltage: 11.25, lowestVoltage: 9.95
GlobalTracer.PowerUse_Info: Power: pdpTotalCurrent: 75.25 elev: 0.13 winch: 0.00, pickup: 0.00, total: 1.28
GlobalTracer.startCompetition_Warn: AUTO_MODE takes too long (0.121s)

GlobalTracer.printPidInfo_Info: [8.809] encoderXPidCtrl: Target=   1.5, Input=   6.2, Error=  -4.7, PIDTerms=-0.705/ 0.000/ 0.001/ 0.000, Output=-0.700(-0.700/0.700), Volt=11.3(10.0)
GlobalTracer.printPidInfo_Info: [8.809] encoderYPidCtrl: Target= 114.0, Input=  68.7, Error=  45.3, PIDTerms= 0.906/ 0.000/-0.000/ 0.000, Output= 0.600(-0.600/0.600), Volt=11.4(10.0)
GlobalTracer.printPidInfo_Info: [8.809] gyroTurnPidCtrl: Target=  90.0, Input=  76.2, Error=  13.8, PIDTerms= 0.249/ 0.000/ 0.004/ 0.000, Output= 0.253(-0.700/0.700), Volt=11.4(10.0)
GlobalTracer.PowerUse_Info: Battery - currVoltage: 11.30, lowestVoltage: 9.95
GlobalTracer.PowerUse_Info: Power: pdpTotalCurrent: 72.63 elev: 0.13 winch: 0.00, pickup: 0.00, total: 1.31
GlobalTracer.startCompetition_Warn: AUTO_MODE takes too long (0.141s)

GlobalTracer.printPidInfo_Info: [8.952] encoderXPidCtrl: Target=   1.5, Input=   6.2, Error=  -4.7, PIDTerms=-0.704/ 0.000/ 0.000/ 0.000, Output=-0.700(-0.700/0.700), Volt=11.3(10.0)
GlobalTracer.printPidInfo_Info: [8.952] encoderYPidCtrl: Target= 114.0, Input=  68.7, Error=  45.3, PIDTerms= 0.906/ 0.000/ 0.000/ 0.000, Output= 0.600(-0.600/0.600), Volt=11.3(10.0)
GlobalTracer.printPidInfo_Info: [8.952] gyroTurnPidCtrl: Target=  90.0, Input=  76.2, Error=  13.8, PIDTerms= 0.248/ 0.000/-0.000/ 0.000, Output= 0.247(-0.700/0.700), Volt=11.3(10.0)
GlobalTracer.PowerUse_Info: Battery - currVoltage: 11.25, lowestVoltage: 9.95
GlobalTracer.PowerUse_Info: Power: pdpTotalCurrent: 73.88 elev: 0.13 winch: 0.00, pickup: 0.00, total: 1.34
GlobalTracer.startCompetition_Warn: AUTO_MODE takes too long (0.108s)

GlobalTracer.printPidInfo_Info: [9.062] encoderXPidCtrl: Target=   1.5, Input=   6.2, Error=  -4.7, PIDTerms=-0.704/ 0.000/ 0.000/ 0.000, Output=-0.700(-0.700/0.700), Volt=11.4(10.0)
GlobalTracer.printPidInfo_Info: [9.062] encoderYPidCtrl: Target= 114.0, Input=  68.7, Error=  45.3, PIDTerms= 0.906/ 0.000/ 0.000/ 0.000, Output= 0.600(-0.600/0.600), Volt=11.4(10.0)
GlobalTracer.printPidInfo_Info: [9.062] gyroTurnPidCtrl: Target=  90.0, Input=  76.2, Error=  13.8, PIDTerms= 0.248/ 0.000/ 0.000/ 0.000, Output= 0.249(-0.700/0.700), Volt=11.4(10.0)
GlobalTracer.PowerUse_Info: Battery - currVoltage: 11.40, lowestVoltage: 9.95
GlobalTracer.PowerUse_Info: Power: pdpTotalCurrent: 66.00 elev: 0.13 winch: 0.00, pickup: 0.00, total: 1.36
GlobalTracer.startCompetition_Warn: AUTO_MODE takes too long (0.116s)

GlobalTracer.printPidInfo_Info: [9.180] encoderXPidCtrl: Target=   1.5, Input=   6.2, Error=  -4.7, PIDTerms=-0.703/ 0.000/ 0.001/ 0.000, Output=-0.700(-0.700/0.700), Volt=11.6(10.0)
GlobalTracer.printPidInfo_Info: [9.180] encoderYPidCtrl: Target= 114.0, Input=  68.7, Error=  45.2, PIDTerms= 0.905/ 0.000/-0.001/ 0.000, Output= 0.600(-0.600/0.600), Volt=11.6(10.0)
GlobalTracer.printPidInfo_Info: [9.180] gyroTurnPidCtrl: Target=  90.0, Input=  76.0, Error=  14.0, PIDTerms= 0.252/ 0.000/ 0.003/ 0.000, Output= 0.254(-0.700/0.700), Volt=11.6(10.0)
GlobalTracer.PowerUse_Info: Battery - currVoltage: 11.60, lowestVoltage: 9.95
GlobalTracer.PowerUse_Info: Power: pdpTotalCurrent: 57.50 elev: 0.13 winch: 0.00, pickup: 0.00, total: 1.38
GlobalTracer.startCompetition_Warn: AUTO_MODE takes too long (0.116s)

GlobalTracer.printPidInfo_Info: [9.297] encoderXPidCtrl: Target=   1.5, Input=   6.1, Error=  -4.6, PIDTerms=-0.684/ 0.000/ 0.016/ 0.000, Output=-0.667(-0.700/0.700), Volt=11.5(10.0)
GlobalTracer.printPidInfo_Info: [9.297] encoderYPidCtrl: Target= 114.0, Input=  69.2, Error=  44.8, PIDTerms= 0.896/ 0.000/-0.004/ 0.000, Output= 0.600(-0.600/0.600), Volt=11.5(10.0)
GlobalTracer.printPidInfo_Info: [9.297] gyroTurnPidCtrl: Target=  90.0, Input=  74.9, Error=  15.1, PIDTerms= 0.271/ 0.000/ 0.015/ 0.000, Output= 0.286(-0.700/0.700), Volt=11.5(10.0)
GlobalTracer.PowerUse_Info: Battery - currVoltage: 11.45, lowestVoltage: 9.95
GlobalTracer.PowerUse_Info: Power: pdpTotalCurrent: 46.38 elev: 0.13 winch: 0.00, pickup: 0.00, total: 1.40
GlobalTracer.startCompetition_Warn: AUTO_MODE takes too long (0.103s)

GlobalTracer.printPidInfo_Info: [9.402] encoderXPidCtrl: Target=   1.5, Input=   5.7, Error=  -4.2, PIDTerms=-0.629/ 0.000/ 0.051/ 0.000, Output=-0.578(-0.700/0.700), Volt=11.7(10.0)
GlobalTracer.printPidInfo_Info: [9.402] encoderYPidCtrl: Target= 114.0, Input=  69.9, Error=  44.1, PIDTerms= 0.883/ 0.000/-0.006/ 0.000, Output= 0.600(-0.600/0.600), Volt=11.7(10.0)
GlobalTracer.printPidInfo_Info: [9.402] gyroTurnPidCtrl: Target=  90.0, Input=  73.1, Error=  16.9, PIDTerms= 0.305/ 0.000/ 0.029/ 0.000, Output= 0.334(-0.700/0.700), Volt=11.8(10.0)
GlobalTracer.PowerUse_Info: Battery - currVoltage: 11.75, lowestVoltage: 9.95
GlobalTracer.PowerUse_Info: Power: pdpTotalCurrent: 42.50 elev: 0.13 winch: 0.00, pickup: 0.00, total: 1.41
GlobalTracer.startCompetition_Warn: AUTO_MODE takes too long (0.102s)

GlobalTracer.printPidInfo_Info: [9.505] encoderXPidCtrl: Target=   1.5, Input=   5.5, Error=  -4.0, PIDTerms=-0.603/ 0.000/ 0.025/ 0.000, Output=-0.578(-0.700/0.700), Volt=11.8(10.0)
GlobalTracer.printPidInfo_Info: [9.505] encoderYPidCtrl: Target= 114.0, Input=  70.7, Error=  43.3, PIDTerms= 0.865/ 0.000/-0.008/ 0.000, Output= 0.600(-0.600/0.600), Volt=11.8(10.0)
GlobalTracer.printPidInfo_Info: [9.505] gyroTurnPidCtrl: Target=  90.0, Input=  71.8, Error=  18.2, PIDTerms= 0.328/ 0.000/ 0.019/ 0.000, Output= 0.347(-0.700/0.700), Volt=11.8(10.0)
GlobalTracer.PowerUse_Info: Battery - currVoltage: 11.75, lowestVoltage: 9.95
GlobalTracer.PowerUse_Info: Power: pdpTotalCurrent: 39.75 elev: 0.13 winch: 0.00, pickup: 0.00, total: 1.43
GlobalTracer.startCompetition_Warn: AUTO_MODE takes too long (0.119s)

GlobalTracer.printPidInfo_Info: [9.626] encoderXPidCtrl: Target=   1.5, Input=   5.4, Error=  -3.9, PIDTerms=-0.587/ 0.000/ 0.013/ 0.000, Output=-0.574(-0.700/0.700), Volt=11.8(10.0)
GlobalTracer.printPidInfo_Info: [9.626] encoderYPidCtrl: Target= 114.0, Input=  71.6, Error=  42.4, PIDTerms= 0.849/ 0.000/-0.007/ 0.000, Output= 0.600(-0.600/0.600), Volt=11.8(10.0)
GlobalTracer.printPidInfo_Info: [9.626] gyroTurnPidCtrl: Target=  90.0, Input=  70.6, Error=  19.4, PIDTerms= 0.349/ 0.000/ 0.014/ 0.000, Output= 0.363(-0.700/0.700), Volt=11.8(10.0)
GlobalTracer.PowerUse_Info: Battery - currVoltage: 11.80, lowestVoltage: 9.95
GlobalTracer.PowerUse_Info: Power: pdpTotalCurrent: 33.88 elev: 0.13 winch: 0.00, pickup: 0.00, total: 1.44
GlobalTracer.startCompetition_Warn: AUTO_MODE takes too long (0.112s)

GlobalTracer.printPidInfo_Info: [9.739] encoderXPidCtrl: Target=   1.5, Input=   5.2, Error=  -3.7, PIDTerms=-0.562/ 0.000/ 0.023/ 0.000, Output=-0.539(-0.700/0.700), Volt=11.9(10.0)
GlobalTracer.printPidInfo_Info: [9.739] encoderYPidCtrl: Target= 114.0, Input=  72.5, Error=  41.4, PIDTerms= 0.829/ 0.000/-0.009/ 0.000, Output= 0.600(-0.600/0.600), Volt=11.9(10.0)
GlobalTracer.printPidInfo_Info: [9.739] gyroTurnPidCtrl: Target=  90.0, Input=  69.2, Error=  20.8, PIDTerms= 0.375/ 0.000/ 0.022/ 0.000, Output= 0.397(-0.700/0.700), Volt=11.9(10.0)
GlobalTracer.PowerUse_Info: Battery - currVoltage: 11.80, lowestVoltage: 9.95
GlobalTracer.PowerUse_Info: Power: pdpTotalCurrent: 35.25 elev: 0.13 winch: 0.00, pickup: 0.00, total: 1.45
GlobalTracer.startCompetition_Warn: AUTO_MODE takes too long (0.103s)

GlobalTracer.printPidInfo_Info: [9.845] encoderXPidCtrl: Target=   1.5, Input=   5.2, Error=  -3.7, PIDTerms=-0.561/ 0.000/ 0.000/ 0.000, Output=-0.561(-0.700/0.700), Volt=11.9(10.0)
GlobalTracer.printPidInfo_Info: [9.845] encoderYPidCtrl: Target= 114.0, Input=  73.7, Error=  40.3, PIDTerms= 0.806/ 0.000/-0.011/ 0.000, Output= 0.600(-0.600/0.600), Volt=11.8(10.0)
GlobalTracer.printPidInfo_Info: [9.845] gyroTurnPidCtrl: Target=  90.0, Input=  68.4, Error=  21.6, PIDTerms= 0.389/ 0.000/ 0.012/ 0.000, Output= 0.402(-0.700/0.700), Volt=11.8(10.0)
GlobalTracer.PowerUse_Info: Battery - currVoltage: 11.80, lowestVoltage: 9.95
GlobalTracer.PowerUse_Info: Power: pdpTotalCurrent: 33.00 elev: 0.13 winch: 0.00, pickup: 0.00, total: 1.46
GlobalTracer.startCompetition_Warn: AUTO_MODE takes too long (0.146s)

GlobalTracer.printPidInfo_Info: [9.992] encoderXPidCtrl: Target=   1.5, Input=   5.4, Error=  -3.9, PIDTerms=-0.585/ 0.000/-0.017/ 0.000, Output=-0.602(-0.700/0.700), Volt=11.9(10.0)
GlobalTracer.printPidInfo_Info: [9.992] encoderYPidCtrl: Target= 114.0, Input=  74.8, Error=  39.2, PIDTerms= 0.784/ 0.000/-0.008/ 0.000, Output= 0.600(-0.600/0.600), Volt=11.9(10.0)
GlobalTracer.printPidInfo_Info: [9.992] gyroTurnPidCtrl: Target=  90.0, Input=  67.9, Error=  22.1, PIDTerms= 0.397/ 0.000/ 0.005/ 0.000, Output= 0.402(-0.700/0.700), Volt=11.9(10.0)
GlobalTracer.PowerUse_Info: Battery - currVoltage: 11.85, lowestVoltage: 9.95
GlobalTracer.PowerUse_Info: Power: pdpTotalCurrent: 31.25 elev: 0.13 winch: 0.00, pickup: 0.00, total: 1.48
GlobalTracer.startCompetition_Warn: AUTO_MODE takes too long (0.159s)

GlobalTracer.printPidInfo_Info: [10.154] encoderXPidCtrl: Target=   1.5, Input=   5.8, Error=  -4.3, PIDTerms=-0.646/ 0.000/-0.043/ 0.000, Output=-0.689(-0.700/0.700), Volt=11.7(10.0)
GlobalTracer.printPidInfo_Info: [10.154] encoderYPidCtrl: Target= 114.0, Input=  76.6, Error=  37.3, PIDTerms= 0.747/ 0.000/-0.013/ 0.000, Output= 0.600(-0.600/0.600), Volt=11.7(10.0)
GlobalTracer.printPidInfo_Info: [10.154] gyroTurnPidCtrl: Target=  90.0, Input=  67.9, Error=  22.1, PIDTerms= 0.398/ 0.000/ 0.000/ 0.000, Output= 0.398(-0.700/0.700), Volt=11.7(10.0)
GlobalTracer.PowerUse_Info: Battery - currVoltage: 11.80, lowestVoltage: 9.95
GlobalTracer.PowerUse_Info: Power: pdpTotalCurrent: 35.88 elev: 0.13 winch: 0.00, pickup: 0.00, total: 1.50
GlobalTracer.startCompetition_Warn: AUTO_MODE takes too long (0.137s)

GlobalTracer.printPidInfo_Info: [10.293] encoderXPidCtrl: Target=   1.5, Input=   5.8, Error=  -4.3, PIDTerms=-0.650/ 0.000/-0.002/ 0.000, Output=-0.652(-0.700/0.700), Volt=11.7(10.0)
GlobalTracer.printPidInfo_Info: [10.293] encoderYPidCtrl: Target= 114.0, Input=  78.3, Error=  35.7, PIDTerms= 0.715/ 0.000/-0.010/ 0.000, Output= 0.600(-0.600/0.600), Volt=11.7(10.0)
GlobalTracer.printPidInfo_Info: [10.293] gyroTurnPidCtrl: Target=  90.0, Input=  66.1, Error=  23.9, PIDTerms= 0.431/ 0.000/ 0.019/ 0.000, Output= 0.449(-0.700/0.700), Volt=11.7(10.0)
GlobalTracer.PowerUse_Info: Battery - currVoltage: 11.60, lowestVoltage: 9.95
GlobalTracer.PowerUse_Info: Power: pdpTotalCurrent: 38.25 elev: 0.13 winch: 0.00, pickup: 0.00, total: 1.52
GlobalTracer.startCompetition_Warn: AUTO_MODE takes too long (0.123s)

GlobalTracer.printPidInfo_Info: [10.420] encoderXPidCtrl: Target=   1.5, Input=   5.5, Error=  -4.0, PIDTerms=-0.605/ 0.000/ 0.033/ 0.000, Output=-0.571(-0.700/0.700), Volt=11.8(10.0)
GlobalTracer.printPidInfo_Info: [10.420] encoderYPidCtrl: Target= 114.0, Input=  78.9, Error=  35.1, PIDTerms= 0.701/ 0.000/-0.005/ 0.000, Output= 0.600(-0.600/0.600), Volt=11.7(10.0)
GlobalTracer.printPidInfo_Info: [10.420] gyroTurnPidCtrl: Target=  90.0, Input=  64.7, Error=  25.3, PIDTerms= 0.455/ 0.000/ 0.016/ 0.000, Output= 0.472(-0.700/0.700), Volt=11.7(10.0)
GlobalTracer.PowerUse_Info: Battery - currVoltage: 11.65, lowestVoltage: 9.95
GlobalTracer.PowerUse_Info: Power: pdpTotalCurrent: 37.75 elev: 0.13 winch: 0.00, pickup: 0.00, total: 1.53
GlobalTracer.startCompetition_Warn: AUTO_MODE takes too long (0.134s)

GlobalTracer.printPidInfo_Info: [10.556] encoderXPidCtrl: Target=   1.5, Input=   5.5, Error=  -4.0, PIDTerms=-0.602/ 0.000/ 0.002/ 0.000, Output=-0.600(-0.700/0.700), Volt=11.7(10.0)
GlobalTracer.printPidInfo_Info: [10.556] encoderYPidCtrl: Target= 114.0, Input=  78.9, Error=  35.1, PIDTerms= 0.702/ 0.000/ 0.000/ 0.000, Output= 0.600(-0.600/0.600), Volt=11.7(10.0)
GlobalTracer.printPidInfo_Info: [10.556] gyroTurnPidCtrl: Target=  90.0, Input=  64.7, Error=  25.3, PIDTerms= 0.455/ 0.000/-0.000/ 0.000, Output= 0.455(-0.700/0.700), Volt=11.7(10.0)
GlobalTracer.PowerUse_Info: Battery - currVoltage: 11.70, lowestVoltage: 9.95
GlobalTracer.PowerUse_Info: Power: pdpTotalCurrent: 39.13 elev: 0.13 winch: 0.00, pickup: 0.00, total: 1.55
GlobalTracer.startCompetition_Warn: AUTO_MODE takes too long (0.146s)

GlobalTracer.printPidInfo_Info: [10.705] encoderXPidCtrl: Target=   1.5, Input=   5.5, Error=  -4.0, PIDTerms=-0.601/ 0.000/ 0.000/ 0.000, Output=-0.601(-0.700/0.700), Volt=10.3(10.0)
GlobalTracer.printPidInfo_Info: [10.705] encoderYPidCtrl: Target= 114.0, Input=  78.9, Error=  35.1, PIDTerms= 0.702/ 0.000/ 0.000/ 0.000, Output= 0.600(-0.600/0.600), Volt=10.3(10.0)
GlobalTracer.printPidInfo_Info: [10.705] gyroTurnPidCtrl: Target=  90.0, Input=  64.8, Error=  25.3, PIDTerms= 0.454/ 0.000/-0.000/ 0.000, Output= 0.454(-0.700/0.700), Volt=10.3(10.0)
GlobalTracer.PowerUse_Info: Battery - currVoltage: 10.45, lowestVoltage: 9.95
GlobalTracer.PowerUse_Info: Power: pdpTotalCurrent: 67.88 elev: 0.13 winch: 0.00, pickup: 0.00, total: 1.58
GlobalTracer.printPidInfo_Info: [10.804] encoderXPidCtrl: Target=   1.5, Input=  23.5, Error= -22.0, PIDTerms=-3.306/ 0.000/-2.026/ 0.000, Output=-0.700(-0.700/0.700), Volt=10.3(10.0)
GlobalTracer.printPidInfo_Info: [10.804] encoderYPidCtrl: Target= 114.0, Input=  55.0, Error=  59.0, PIDTerms= 1.179/ 0.000/ 0.179/ 0.000, Output= 0.600(-0.600/0.600), Volt=10.3(10.0)
GlobalTracer.printPidInfo_Info: [10.804] gyroTurnPidCtrl: Target=  90.0, Input=  65.1, Error=  24.9, PIDTerms= 0.449/ 0.000/-0.004/ 0.000, Output= 0.446(-0.700/0.700), Volt=10.3(10.0)
GlobalTracer.PowerUse_Info: Battery - currVoltage: 10.20, lowestVoltage: 9.95
GlobalTracer.PowerUse_Info: Power: pdpTotalCurrent: 130.25 elev: 0.13 winch: 0.00, pickup: 0.00, total: 1.61
GlobalTracer.startCompetition_Warn: AUTO_MODE takes too long (0.128s)

GlobalTracer.printPidInfo_Info: [10.935] encoderXPidCtrl: Target=   1.5, Input=  23.5, Error= -21.9, PIDTerms=-3.292/ 0.000/ 0.012/ 0.000, Output=-0.700(-0.700/0.700), Volt=10.0(10.0)
GlobalTracer.printPidInfo_Info: [10.935] encoderYPidCtrl: Target= 114.0, Input=  55.9, Error=  58.1, PIDTerms= 1.163/ 0.000/-0.007/ 0.000, Output= 0.600(-0.600/0.600), Volt=10.0(10.0)
GlobalTracer.printPidInfo_Info: [10.935] gyroTurnPidCtrl: Target=  90.0, Input=  66.1, Error=  23.9, PIDTerms= 0.430/ 0.000/-0.015/ 0.000, Output= 0.415(-0.700/0.700), Volt=10.0(10.0)
GlobalTracer.PowerUse_Info: Battery - currVoltage: 9.95, lowestVoltage: 9.95
GlobalTracer.PowerUse_Info: Power: pdpTotalCurrent: 131.50 elev: 0.13 winch: 0.00, pickup: 0.00, total: 1.66
GlobalTracer.startCompetition_Warn: AUTO_MODE takes too long (0.107s)

GlobalTracer.printPidInfo_Info: [11.045] encoderXPidCtrl: Target=   1.5, Input=  23.2, Error= -21.7, PIDTerms=-3.252/ 0.000/ 0.035/ 0.000, Output=-0.700(-0.700/0.700), Volt=10.0(9.9)
GlobalTracer.printPidInfo_Info: [11.045] encoderYPidCtrl: Target= 114.0, Input=  56.5, Error=  57.5, PIDTerms= 1.150/ 0.000/-0.005/ 0.000, Output= 0.600(-0.600/0.600), Volt=10.0(9.9)
GlobalTracer.printPidInfo_Info: [11.045] gyroTurnPidCtrl: Target=  90.0, Input=  66.0, Error=  24.0, PIDTerms= 0.433/ 0.000/ 0.002/ 0.000, Output= 0.435(-0.700/0.700), Volt=10.0(9.9)
GlobalTracer.PowerUse_Info: Battery - currVoltage: 9.90, lowestVoltage: 9.85
GlobalTracer.PowerUse_Info: Power: pdpTotalCurrent: 137.75 elev: 0.13 winch: 0.00, pickup: 0.00, total: 1.70
GlobalTracer.startCompetition_Warn: AUTO_MODE takes too long (0.129s)

GlobalTracer.printPidInfo_Info: [11.175] encoderXPidCtrl: Target=   1.5, Input=  23.2, Error= -21.7, PIDTerms=-3.252/ 0.000/ 0.000/ 0.000, Output=-0.700(-0.700/0.700), Volt=9.9(9.9)
GlobalTracer.printPidInfo_Info: [11.175] encoderYPidCtrl: Target= 114.0, Input=  56.5, Error=  57.5, PIDTerms= 1.150/ 0.000/ 0.000/ 0.000, Output= 0.600(-0.600/0.600), Volt=9.9(9.9)
GlobalTracer.printPidInfo_Info: [11.175] gyroTurnPidCtrl: Target=  90.0, Input=  65.9, Error=  24.1, PIDTerms= 0.433/ 0.000/ 0.000/ 0.000, Output= 0.433(-0.700/0.700), Volt=9.9(9.9)
GlobalTracer.PowerUse_Info: Battery - currVoltage: 9.95, lowestVoltage: 9.85
GlobalTracer.PowerUse_Info: Power: pdpTotalCurrent: 135.75 elev: 0.13 winch: 0.00, pickup: 0.00, total: 1.75
GlobalTracer.printPidInfo_Info: [11.273] encoderXPidCtrl: Target=   1.5, Input=  23.2, Error= -21.7, PIDTerms=-3.250/ 0.000/ 0.001/ 0.000, Output=-0.700(-0.700/0.700), Volt=11.5(9.9)
GlobalTracer.printPidInfo_Info: [11.273] encoderYPidCtrl: Target= 114.0, Input=  56.5, Error=  57.5, PIDTerms= 1.150/ 0.000/ 0.000/ 0.000, Output= 0.600(-0.600/0.600), Volt=11.5(9.9)
GlobalTracer.printPidInfo_Info: [11.273] gyroTurnPidCtrl: Target=  90.0, Input=  66.0, Error=  24.0, PIDTerms= 0.432/ 0.000/-0.001/ 0.000, Output= 0.431(-0.700/0.700), Volt=11.5(9.9)
GlobalTracer.startCompetition_Warn: AUTO_MODE takes too long (0.103s)

GlobalTracer.printPidInfo_Info: [11.377] encoderXPidCtrl: Target=   1.5, Input=  23.2, Error= -21.7, PIDTerms=-3.249/ 0.000/ 0.001/ 0.000, Output=-0.700(-0.700/0.700), Volt=11.5(9.9)
GlobalTracer.printPidInfo_Info: [11.377] encoderYPidCtrl: Target= 114.0, Input=  56.5, Error=  57.5, PIDTerms= 1.151/ 0.000/ 0.000/ 0.000, Output= 0.600(-0.600/0.600), Volt=11.5(9.9)
GlobalTracer.printPidInfo_Info: [11.377] gyroTurnPidCtrl: Target=  90.0, Input=  65.8, Error=  24.2, PIDTerms= 0.435/ 0.000/ 0.003/ 0.000, Output= 0.438(-0.700/0.700), Volt=11.6(9.9)
GlobalTracer.PowerUse_Info: Battery - currVoltage: 11.60, lowestVoltage: 9.85
GlobalTracer.PowerUse_Info: Power: pdpTotalCurrent: 44.38 elev: 0.13 winch: 0.00, pickup: 0.00, total: 1.80
GlobalTracer.startCompetition_Warn: AUTO_MODE takes too long (0.105s)

GlobalTracer.printPidInfo_Info: [11.484] encoderXPidCtrl: Target=   1.5, Input=  23.1, Error= -21.6, PIDTerms=-3.238/ 0.000/ 0.010/ 0.000, Output=-0.700(-0.700/0.700), Volt=11.6(9.9)
GlobalTracer.printPidInfo_Info: [11.484] encoderYPidCtrl: Target= 114.0, Input=  56.4, Error=  57.6, PIDTerms= 1.153/ 0.000/ 0.001/ 0.000, Output= 0.600(-0.600/0.600), Volt=11.6(9.9)
GlobalTracer.printPidInfo_Info: [11.484] gyroTurnPidCtrl: Target=  90.0, Input=  65.5, Error=  24.5, PIDTerms= 0.441/ 0.000/ 0.005/ 0.000, Output= 0.446(-0.700/0.700), Volt=11.6(9.9)
GlobalTracer.PowerUse_Info: Battery - currVoltage: 11.55, lowestVoltage: 9.85
GlobalTracer.PowerUse_Info: Power: pdpTotalCurrent: 46.63 elev: 0.13 winch: 0.00, pickup: 0.00, total: 1.82
GlobalTracer.startCompetition_Warn: AUTO_MODE takes too long (0.121s)

GlobalTracer.printPidInfo_Info: [11.613] encoderXPidCtrl: Target=   1.5, Input=  23.1, Error= -21.6, PIDTerms=-3.235/ 0.000/ 0.002/ 0.000, Output=-0.700(-0.700/0.700), Volt=11.6(9.9)
GlobalTracer.printPidInfo_Info: [11.613] encoderYPidCtrl: Target= 114.0, Input=  56.3, Error=  57.7, PIDTerms= 1.153/ 0.000/ 0.000/ 0.000, Output= 0.600(-0.600/0.600), Volt=11.6(9.9)
GlobalTracer.printPidInfo_Info: [11.613] gyroTurnPidCtrl: Target=  90.0, Input=  65.6, Error=  24.4, PIDTerms= 0.440/ 0.000/-0.001/ 0.000, Output= 0.439(-0.700/0.700), Volt=11.6(9.9)
GlobalTracer.PowerUse_Info: Battery - currVoltage: 11.55, lowestVoltage: 9.85
GlobalTracer.PowerUse_Info: Power: pdpTotalCurrent: 46.00 elev: 0.13 winch: 0.00, pickup: 0.00, total: 1.84
GlobalTracer.startCompetition_Warn: AUTO_MODE takes too long (0.138s)

GlobalTracer.printPidInfo_Info: [11.755] encoderXPidCtrl: Target=   1.5, Input=  23.1, Error= -21.5, PIDTerms=-3.232/ 0.000/ 0.002/ 0.000, Output=-0.700(-0.700/0.700), Volt=11.6(9.9)
GlobalTracer.printPidInfo_Info: [11.755] encoderYPidCtrl: Target= 114.0, Input=  56.3, Error=  57.7, PIDTerms= 1.155/ 0.000/ 0.000/ 0.000, Output= 0.600(-0.600/0.600), Volt=11.6(9.9)
GlobalTracer.printPidInfo_Info: [11.755] gyroTurnPidCtrl: Target=  90.0, Input=  65.7, Error=  24.3, PIDTerms= 0.438/ 0.000/-0.001/ 0.000, Output= 0.436(-0.700/0.700), Volt=11.6(9.9)
GlobalTracer.PowerUse_Info: Battery - currVoltage: 11.60, lowestVoltage: 9.85
GlobalTracer.PowerUse_Info: Power: pdpTotalCurrent: 44.38 elev: 0.13 winch: 0.00, pickup: 0.00, total: 1.86
GlobalTracer.startCompetition_Warn: AUTO_MODE takes too long (0.123s)

GlobalTracer.printPidInfo_Info: [11.882] encoderXPidCtrl: Target=   1.5, Input=  23.0, Error= -21.5, PIDTerms=-3.228/ 0.000/ 0.004/ 0.000, Output=-0.700(-0.700/0.700), Volt=11.7(9.9)
GlobalTracer.printPidInfo_Info: [11.882] encoderYPidCtrl: Target= 114.0, Input=  56.2, Error=  57.8, PIDTerms= 1.156/ 0.000/ 0.000/ 0.000, Output= 0.600(-0.600/0.600), Volt=11.7(9.9)
GlobalTracer.printPidInfo_Info: [11.882] gyroTurnPidCtrl: Target=  90.0, Input=  65.7, Error=  24.3, PIDTerms= 0.437/ 0.000/-0.001/ 0.000, Output= 0.436(-0.700/0.700), Volt=11.7(9.9)
GlobalTracer.PowerUse_Info: Battery - currVoltage: 11.75, lowestVoltage: 9.85
GlobalTracer.PowerUse_Info: Power: pdpTotalCurrent: 43.25 elev: 0.13 winch: 0.00, pickup: 0.00, total: 1.88
GlobalTracer.startCompetition_Warn: AUTO_MODE takes too long (0.153s)

GlobalTracer.printPidInfo_Info: [12.037] encoderXPidCtrl: Target=   1.5, Input=  23.0, Error= -21.5, PIDTerms=-3.231/ 0.000/-0.002/ 0.000, Output=-0.700(-0.700/0.700), Volt=11.7(9.9)
GlobalTracer.printPidInfo_Info: [12.037] encoderYPidCtrl: Target= 114.0, Input=  56.3, Error=  57.7, PIDTerms= 1.154/ 0.000/-0.001/ 0.000, Output= 0.600(-0.600/0.600), Volt=11.7(9.9)
GlobalTracer.printPidInfo_Info: [12.037] gyroTurnPidCtrl: Target=  90.0, Input=  66.0, Error=  24.0, PIDTerms= 0.432/ 0.000/-0.003/ 0.000, Output= 0.430(-0.700/0.700), Volt=11.7(9.9)
GlobalTracer.PowerUse_Info: Battery - currVoltage: 11.70, lowestVoltage: 9.85
GlobalTracer.PowerUse_Info: Power: pdpTotalCurrent: 38.50 elev: 0.13 winch: 0.00, pickup: 0.00, total: 1.90
GlobalTracer.startCompetition_Warn: AUTO_MODE takes too long (0.106s)

GlobalTracer.printPidInfo_Info: [12.144] encoderXPidCtrl: Target=   1.5, Input=  23.2, Error= -21.7, PIDTerms=-3.249/ 0.000/-0.015/ 0.000, Output=-0.700(-0.700/0.700), Volt=11.6(9.9)
GlobalTracer.printPidInfo_Info: [12.144] encoderYPidCtrl: Target= 114.0, Input=  56.5, Error=  57.4, PIDTerms= 1.149/ 0.000/-0.002/ 0.000, Output= 0.600(-0.600/0.600), Volt=11.6(9.9)
GlobalTracer.printPidInfo_Info: [12.144] gyroTurnPidCtrl: Target=  90.0, Input=  66.7, Error=  23.3, PIDTerms= 0.419/ 0.000/-0.010/ 0.000, Output= 0.409(-0.700/0.700), Volt=11.6(9.9)
GlobalTracer.PowerUse_Info: Battery - currVoltage: 11.60, lowestVoltage: 9.85
GlobalTracer.PowerUse_Info: Power: pdpTotalCurrent: 46.88 elev: 0.13 winch: 0.00, pickup: 0.00, total: 1.91
GlobalTracer.startCompetition_Warn: AUTO_MODE takes too long (0.130s)

GlobalTracer.printPidInfo_Info: [12.276] encoderXPidCtrl: Target=   1.5, Input=  23.2, Error= -21.7, PIDTerms=-3.252/ 0.000/-0.002/ 0.000, Output=-0.700(-0.700/0.700), Volt=11.7(9.9)
GlobalTracer.printPidInfo_Info: [12.276] encoderYPidCtrl: Target= 114.0, Input=  56.6, Error=  57.4, PIDTerms= 1.148/ 0.000/-0.000/ 0.000, Output= 0.600(-0.600/0.600), Volt=11.7(9.9)
GlobalTracer.printPidInfo_Info: [12.276] gyroTurnPidCtrl: Target=  90.0, Input=  66.8, Error=  23.2, PIDTerms= 0.418/ 0.000/-0.001/ 0.000, Output= 0.417(-0.700/0.700), Volt=11.7(9.9)
GlobalTracer.PowerUse_Info: Battery - currVoltage: 11.65, lowestVoltage: 9.85
GlobalTracer.PowerUse_Info: Power: pdpTotalCurrent: 46.38 elev: 0.13 winch: 0.00, pickup: 0.00, total: 1.93
GlobalTracer.startCompetition_Warn: AUTO_MODE takes too long (0.120s)

GlobalTracer.printPidInfo_Info: [12.398] encoderXPidCtrl: Target=   1.5, Input=  23.2, Error= -21.7, PIDTerms=-3.251/ 0.000/ 0.001/ 0.000, Output=-0.700(-0.700/0.700), Volt=11.7(9.9)
GlobalTracer.printPidInfo_Info: [12.398] encoderYPidCtrl: Target= 114.0, Input=  56.6, Error=  57.4, PIDTerms= 1.148/ 0.000/ 0.000/ 0.000, Output= 0.600(-0.600/0.600), Volt=11.7(9.9)
GlobalTracer.printPidInfo_Info: [12.398] gyroTurnPidCtrl: Target=  90.0, Input=  66.6, Error=  23.4, PIDTerms= 0.421/ 0.000/ 0.002/ 0.000, Output= 0.423(-0.700/0.700), Volt=11.7(9.9)
GlobalTracer.PowerUse_Info: Battery - currVoltage: 11.75, lowestVoltage: 9.85
GlobalTracer.PowerUse_Info: Power: pdpTotalCurrent: 46.38 elev: 0.13 winch: 0.00, pickup: 0.00, total: 1.95
GlobalTracer.startCompetition_Warn: AUTO_MODE takes too long (0.127s)

GlobalTracer.printPidInfo_Info: [12.527] encoderXPidCtrl: Target=   1.5, Input=  23.2, Error= -21.7, PIDTerms=-3.251/ 0.000/ 0.000/ 0.000, Output=-0.700(-0.700/0.700), Volt=11.6(9.9)
GlobalTracer.printPidInfo_Info: [12.527] encoderYPidCtrl: Target= 114.0, Input=  56.6, Error=  57.4, PIDTerms= 1.148/ 0.000/ 0.000/ 0.000, Output= 0.600(-0.600/0.600), Volt=11.6(9.9)
GlobalTracer.printPidInfo_Info: [12.527] gyroTurnPidCtrl: Target=  90.0, Input=  66.6, Error=  23.4, PIDTerms= 0.421/ 0.000/-0.000/ 0.000, Output= 0.421(-0.700/0.700), Volt=11.6(9.9)
GlobalTracer.PowerUse_Info: Battery - currVoltage: 11.60, lowestVoltage: 9.85
GlobalTracer.PowerUse_Info: Power: pdpTotalCurrent: 39.50 elev: 0.13 winch: 0.00, pickup: 0.00, total: 1.96
GlobalTracer.startCompetition_Warn: AUTO_MODE takes too long (0.136s)

GlobalTracer.printPidInfo_Info: [12.666] encoderXPidCtrl: Target=   1.5, Input=  23.2, Error= -21.7, PIDTerms=-3.252/ 0.000/-0.000/ 0.000, Output=-0.700(-0.700/0.700), Volt=11.9(9.9)
GlobalTracer.printPidInfo_Info: [12.666] encoderYPidCtrl: Target= 114.0, Input=  56.7, Error=  57.3, PIDTerms= 1.147/ 0.000/-0.001/ 0.000, Output= 0.600(-0.600/0.600), Volt=11.9(9.9)
GlobalTracer.printPidInfo_Info: [12.666] gyroTurnPidCtrl: Target=  90.0, Input=  66.8, Error=  23.2, PIDTerms= 0.418/ 0.000/-0.002/ 0.000, Output= 0.417(-0.700/0.700), Volt=11.9(9.9)
GlobalTracer.PowerUse_Info: Battery - currVoltage: 11.90, lowestVoltage: 9.85
GlobalTracer.PowerUse_Info: Power: pdpTotalCurrent: 40.88 elev: 0.13 winch: 0.00, pickup: 0.00, total: 1.98
GlobalTracer.printPidInfo_Info: [12.764] encoderXPidCtrl: Target=   1.5, Input=  23.1, Error= -21.6, PIDTerms=-3.238/ 0.000/ 0.012/ 0.000, Output=-0.700(-0.700/0.700), Volt=11.4(9.9)
GlobalTracer.printPidInfo_Info: [12.764] encoderYPidCtrl: Target= 114.0, Input=  56.6, Error=  57.4, PIDTerms= 1.147/ 0.000/ 0.000/ 0.000, Output= 0.600(-0.600/0.600), Volt=11.4(9.9)
GlobalTracer.printPidInfo_Info: [12.764] gyroTurnPidCtrl: Target=  90.0, Input=  74.0, Error=  16.0, PIDTerms= 0.289/ 0.000/-0.101/ 0.000, Output= 0.188(-0.700/0.700), Volt=11.4(9.9)
GlobalTracer.PowerUse_Info: Battery - currVoltage: 11.70, lowestVoltage: 9.85
GlobalTracer.PowerUse_Info: Power: pdpTotalCurrent: 48.63 elev: 0.13 winch: 0.00, pickup: 0.00, total: 1.99
GlobalTracer.startCompetition_Warn: AUTO_MODE takes too long (0.120s)

GlobalTracer.printPidInfo_Info: [12.888] encoderXPidCtrl: Target=   1.5, Input=  23.1, Error= -21.6, PIDTerms=-3.245/ 0.000/-0.005/ 0.000, Output=-0.700(-0.700/0.700), Volt=11.0(9.9)
GlobalTracer.printPidInfo_Info: [12.888] encoderYPidCtrl: Target= 114.0, Input=  56.8, Error=  57.2, PIDTerms= 1.145/ 0.000/-0.001/ 0.000, Output= 0.600(-0.600/0.600), Volt=11.0(9.9)
GlobalTracer.printPidInfo_Info: [12.888] gyroTurnPidCtrl: Target=  90.0, Input=  81.5, Error=   8.5, PIDTerms= 0.154/ 0.000/-0.101/ 0.000, Output= 0.053(-0.700/0.700), Volt=11.0(9.9)
GlobalTracer.PowerUse_Info: Battery - currVoltage: 10.95, lowestVoltage: 9.85
GlobalTracer.PowerUse_Info: Power: pdpTotalCurrent: 35.75 elev: 0.13 winch: 0.00, pickup: 0.00, total: 2.01
GlobalTracer.startCompetition_Warn: AUTO_MODE takes too long (0.109s)

GlobalTracer.printPidInfo_Info: [12.999] encoderXPidCtrl: Target=   1.5, Input=  22.3, Error= -20.8, PIDTerms=-3.116/ 0.000/ 0.126/ 0.000, Output=-0.700(-0.700/0.700), Volt=10.8(9.9)
GlobalTracer.printPidInfo_Info: [12.999] encoderYPidCtrl: Target= 114.0, Input=  58.3, Error=  55.7, PIDTerms= 1.115/ 0.000/-0.015/ 0.000, Output= 0.600(-0.600/0.600), Volt=10.8(9.9)
GlobalTracer.printPidInfo_Info: [12.999] gyroTurnPidCtrl: Target=  90.0, Input=  94.7, Error=  -4.7, PIDTerms=-0.085/ 0.000/-0.207/ 0.000, Output=-0.293(-0.700/0.700), Volt=10.8(9.9)
GlobalTracer.PowerUse_Info: Battery - currVoltage: 11.00, lowestVoltage: 9.85
GlobalTracer.PowerUse_Info: Power: pdpTotalCurrent: 89.50 elev: 0.13 winch: 0.00, pickup: 0.00, total: 2.04
GlobalTracer.startCompetition_Warn: AUTO_MODE takes too long (0.101s)

GlobalTracer.printPidInfo_Info: [13.101] encoderXPidCtrl: Target=   1.5, Input=  21.9, Error= -20.4, PIDTerms=-3.062/ 0.000/ 0.052/ 0.000, Output=-0.700(-0.700/0.700), Volt=11.0(9.9)
GlobalTracer.printPidInfo_Info: [13.101] encoderYPidCtrl: Target= 114.0, Input=  58.8, Error=  55.2, PIDTerms= 1.104/ 0.000/-0.005/ 0.000, Output= 0.600(-0.600/0.600), Volt=10.8(9.9)
GlobalTracer.printPidInfo_Info: [13.101] gyroTurnPidCtrl: Target=  90.0, Input= 102.1, Error= -12.1, PIDTerms=-0.218/ 0.000/-0.112/ 0.000, Output=-0.330(-0.700/0.700), Volt=10.8(9.9)
GlobalTracer.PowerUse_Info: Battery - currVoltage: 10.80, lowestVoltage: 9.85
GlobalTracer.PowerUse_Info: Power: pdpTotalCurrent: 80.25 elev: 0.13 winch: 0.00, pickup: 0.00, total: 2.06
GlobalTracer.startCompetition_Warn: AUTO_MODE takes too long (0.116s)

GlobalTracer.printPidInfo_Info: [13.219] encoderXPidCtrl: Target=   1.5, Input=  20.1, Error= -18.6, PIDTerms=-2.793/ 0.000/ 0.231/ 0.000, Output=-0.700(-0.700/0.700), Volt=10.8(9.9)
GlobalTracer.printPidInfo_Info: [13.219] encoderYPidCtrl: Target= 114.0, Input=  60.0, Error=  54.0, PIDTerms= 1.080/ 0.000/-0.010/ 0.000, Output= 0.600(-0.600/0.600), Volt=10.8(9.9)
GlobalTracer.printPidInfo_Info: [13.219] gyroTurnPidCtrl: Target=  90.0, Input= 111.2, Error= -21.2, PIDTerms=-0.382/ 0.000/-0.126/ 0.000, Output=-0.508(-0.700/0.700), Volt=10.9(9.9)
GlobalTracer.PowerUse_Info: Battery - currVoltage: 10.85, lowestVoltage: 9.85
GlobalTracer.PowerUse_Info: Power: pdpTotalCurrent: 90.75 elev: 0.13 winch: 0.00, pickup: 0.00, total: 2.10
GlobalTracer.startCompetition_Warn: AUTO_MODE takes too long (0.107s)

GlobalTracer.printPidInfo_Info: [13.330] encoderXPidCtrl: Target=   1.5, Input=  18.8, Error= -17.3, PIDTerms=-2.599/ 0.000/ 0.162/ 0.000, Output=-0.700(-0.700/0.700), Volt=10.6(9.9)
GlobalTracer.printPidInfo_Info: [13.330] encoderYPidCtrl: Target= 114.0, Input=  61.2, Error=  52.7, PIDTerms= 1.055/ 0.000/-0.011/ 0.000, Output= 0.600(-0.600/0.600), Volt=10.6(9.9)
GlobalTracer.printPidInfo_Info: [13.330] gyroTurnPidCtrl: Target=  90.0, Input= 119.8, Error= -29.8, PIDTerms=-0.536/ 0.000/-0.114/ 0.000, Output=-0.650(-0.700/0.700), Volt=10.6(9.9)
GlobalTracer.PowerUse_Info: Battery - currVoltage: 10.60, lowestVoltage: 9.85
GlobalTracer.PowerUse_Info: Power: pdpTotalCurrent: 97.13 elev: 0.13 winch: 0.00, pickup: 0.00, total: 2.13
GlobalTracer.startCompetition_Warn: AUTO_MODE takes too long (0.125s)

GlobalTracer.printPidInfo_Info: [13.456] encoderXPidCtrl: Target=   1.5, Input=  17.7, Error= -16.2, PIDTerms=-2.433/ 0.000/ 0.138/ 0.000, Output=-0.700(-0.700/0.700), Volt=10.6(9.9)
GlobalTracer.printPidInfo_Info: [13.456] encoderYPidCtrl: Target= 114.0, Input=  62.6, Error=  51.4, PIDTerms= 1.028/ 0.000/-0.011/ 0.000, Output= 0.600(-0.600/0.600), Volt=10.8(9.9)
GlobalTracer.printPidInfo_Info: [13.456] gyroTurnPidCtrl: Target=  90.0, Input= 124.5, Error= -34.5, PIDTerms=-0.621/ 0.000/-0.063/ 0.000, Output=-0.684(-0.700/0.700), Volt=10.8(9.9)
GlobalTracer.PowerUse_Info: Battery - currVoltage: 10.75, lowestVoltage: 9.85
GlobalTracer.PowerUse_Info: Power: pdpTotalCurrent: 109.38 elev: 0.13 winch: 0.00, pickup: 0.00, total: 2.17
GlobalTracer.startCompetition_Warn: AUTO_MODE takes too long (0.119s)

GlobalTracer.printPidInfo_Info: [13.578] encoderXPidCtrl: Target=   1.5, Input=  17.3, Error= -15.8, PIDTerms=-2.376/ 0.000/ 0.047/ 0.000, Output=-0.700(-0.700/0.700), Volt=10.9(9.9)
GlobalTracer.printPidInfo_Info: [13.578] encoderYPidCtrl: Target= 114.0, Input=  63.5, Error=  50.5, PIDTerms= 1.011/ 0.000/-0.007/ 0.000, Output= 0.600(-0.600/0.600), Volt=10.9(9.9)
GlobalTracer.printPidInfo_Info: [13.578] gyroTurnPidCtrl: Target=  90.0, Input= 123.2, Error= -33.2, PIDTerms=-0.597/ 0.000/ 0.018/ 0.000, Output=-0.580(-0.700/0.700), Volt=10.9(9.9)
GlobalTracer.PowerUse_Info: Battery - currVoltage: 11.00, lowestVoltage: 9.85
GlobalTracer.PowerUse_Info: Power: pdpTotalCurrent: 83.38 elev: 0.13 winch: 0.00, pickup: 0.00, total: 2.20
GlobalTracer.startCompetition_Warn: AUTO_MODE takes too long (0.128s)

GlobalTracer.printPidInfo_Info: [13.708] encoderXPidCtrl: Target=   1.5, Input=  15.7, Error= -14.2, PIDTerms=-2.133/ 0.000/ 0.194/ 0.000, Output=-0.700(-0.700/0.700), Volt=10.9(9.9)
GlobalTracer.printPidInfo_Info: [13.708] encoderYPidCtrl: Target= 114.0, Input=  65.7, Error=  48.3, PIDTerms= 0.967/ 0.000/-0.018/ 0.000, Output= 0.600(-0.600/0.600), Volt=10.9(9.9)
GlobalTracer.printPidInfo_Info: [13.708] gyroTurnPidCtrl: Target=  90.0, Input= 122.2, Error= -32.2, PIDTerms=-0.580/ 0.000/ 0.012/ 0.000, Output=-0.568(-0.700/0.700), Volt=10.9(9.9)
GlobalTracer.PowerUse_Info: Battery - currVoltage: 10.85, lowestVoltage: 9.85
GlobalTracer.PowerUse_Info: Power: pdpTotalCurrent: 83.50 elev: 0.13 winch: 0.00, pickup: 0.00, total: 2.24
GlobalTracer.printPidInfo_Info: [13.802] encoderXPidCtrl: Target=   1.5, Input=  14.2, Error= -12.7, PIDTerms=-1.899/ 0.000/ 0.228/ 0.000, Output=-0.700(-0.700/0.700), Volt=11.0(9.9)
GlobalTracer.printPidInfo_Info: [13.802] encoderYPidCtrl: Target= 114.0, Input=  67.8, Error=  46.2, PIDTerms= 0.924/ 0.000/-0.021/ 0.000, Output= 0.600(-0.600/0.600), Volt=11.0(9.9)
GlobalTracer.printPidInfo_Info: [13.802] gyroTurnPidCtrl: Target=  90.0, Input= 121.5, Error= -31.5, PIDTerms=-0.568/ 0.000/ 0.011/ 0.000, Output=-0.557(-0.700/0.700), Volt=11.0(9.9)
GlobalTracer.printPidInfo_Info: [13.880] encoderXPidCtrl: Target=   1.5, Input=  13.1, Error= -11.6, PIDTerms=-1.734/ 0.000/ 0.216/ 0.000, Output=-0.700(-0.700/0.700), Volt=11.0(9.9)
GlobalTracer.printPidInfo_Info: [13.880] encoderYPidCtrl: Target= 114.0, Input=  68.8, Error=  45.2, PIDTerms= 0.904/ 0.000/-0.013/ 0.000, Output= 0.600(-0.600/0.600), Volt=11.0(9.9)
GlobalTracer.printPidInfo_Info: [13.880] gyroTurnPidCtrl: Target=  90.0, Input= 120.4, Error= -30.4, PIDTerms=-0.548/ 0.000/ 0.023/ 0.000, Output=-0.525(-0.700/0.700), Volt=11.0(9.9)
GlobalTracer.PowerUse_Info: Battery - currVoltage: 11.00, lowestVoltage: 9.85
GlobalTracer.PowerUse_Info: Power: pdpTotalCurrent: 83.88 elev: 0.13 winch: 0.00, pickup: 0.00, total: 2.28
GlobalTracer.startCompetition_Warn: AUTO_MODE takes too long (0.100s)

GlobalTracer.printPidInfo_Info: [13.982] encoderXPidCtrl: Target=   1.5, Input=  11.7, Error= -10.2, PIDTerms=-1.534/ 0.000/ 0.204/ 0.000, Output=-0.700(-0.700/0.700), Volt=11.1(9.9)
GlobalTracer.printPidInfo_Info: [13.982] encoderYPidCtrl: Target= 114.0, Input=  70.4, Error=  43.6, PIDTerms= 0.872/ 0.000/-0.016/ 0.000, Output= 0.600(-0.600/0.600), Volt=11.1(9.9)
GlobalTracer.printPidInfo_Info: [13.982] gyroTurnPidCtrl: Target=  90.0, Input= 119.1, Error= -29.1, PIDTerms=-0.524/ 0.000/ 0.021/ 0.000, Output=-0.503(-0.700/0.700), Volt=11.1(9.9)
GlobalTracer.PowerUse_Info: Battery - currVoltage: 11.10, lowestVoltage: 9.85
GlobalTracer.PowerUse_Info: Power: pdpTotalCurrent: 74.88 elev: 0.13 winch: 0.00, pickup: 0.00, total: 2.31
GlobalTracer.startCompetition_Warn: AUTO_MODE takes too long (0.101s)

GlobalTracer.printPidInfo_Info: [14.084] encoderXPidCtrl: Target=   1.5, Input=  10.1, Error=  -8.6, PIDTerms=-1.284/ 0.000/ 0.239/ 0.000, Output=-0.700(-0.700/0.700), Volt=11.2(9.9)
GlobalTracer.printPidInfo_Info: [14.084] encoderYPidCtrl: Target= 114.0, Input=  72.1, Error=  41.9, PIDTerms= 0.838/ 0.000/-0.016/ 0.000, Output= 0.600(-0.600/0.600), Volt=11.2(9.9)
GlobalTracer.printPidInfo_Info: [14.084] gyroTurnPidCtrl: Target=  90.0, Input= 117.0, Error= -27.0, PIDTerms=-0.485/ 0.000/ 0.033/ 0.000, Output=-0.452(-0.700/0.700), Volt=11.2(9.9)
GlobalTracer.PowerUse_Info: Battery - currVoltage: 11.20, lowestVoltage: 9.85
GlobalTracer.PowerUse_Info: Power: pdpTotalCurrent: 76.25 elev: 0.13 winch: 0.00, pickup: 0.00, total: 2.33
GlobalTracer.startCompetition_Warn: AUTO_MODE takes too long (0.100s)

GlobalTracer.printPidInfo_Info: [14.196] encoderXPidCtrl: Target=   1.5, Input=   8.2, Error=  -6.7, PIDTerms=-1.012/ 0.000/ 0.254/ 0.000, Output=-0.700(-0.700/0.700), Volt=11.2(9.9)
GlobalTracer.printPidInfo_Info: [14.196] encoderYPidCtrl: Target= 114.0, Input=  73.4, Error=  40.5, PIDTerms= 0.811/ 0.000/-0.013/ 0.000, Output= 0.600(-0.600/0.600), Volt=11.2(9.9)
GlobalTracer.printPidInfo_Info: [14.196] gyroTurnPidCtrl: Target=  90.0, Input= 114.4, Error= -24.4, PIDTerms=-0.439/ 0.000/ 0.039/ 0.000, Output=-0.400(-0.700/0.700), Volt=11.2(9.9)
GlobalTracer.PowerUse_Info: Battery - currVoltage: 11.20, lowestVoltage: 9.85
GlobalTracer.PowerUse_Info: Power: pdpTotalCurrent: 73.50 elev: 0.13 winch: 0.00, pickup: 0.00, total: 2.35
GlobalTracer.startCompetition_Warn: AUTO_MODE takes too long (0.101s)

GlobalTracer.printPidInfo_Info: [14.298] encoderXPidCtrl: Target=   1.5, Input=   6.6, Error=  -5.1, PIDTerms=-0.764/ 0.000/ 0.242/ 0.000, Output=-0.523(-0.700/0.700), Volt=11.3(9.9)
GlobalTracer.printPidInfo_Info: [14.298] encoderYPidCtrl: Target= 114.0, Input=  74.9, Error=  39.1, PIDTerms= 0.781/ 0.000/-0.015/ 0.000, Output= 0.600(-0.600/0.600), Volt=11.3(9.9)
GlobalTracer.printPidInfo_Info: [14.298] gyroTurnPidCtrl: Target=  90.0, Input= 111.8, Error= -21.8, PIDTerms=-0.391/ 0.000/ 0.041/ 0.000, Output=-0.350(-0.700/0.700), Volt=11.3(9.9)
GlobalTracer.PowerUse_Info: Battery - currVoltage: 11.25, lowestVoltage: 9.85
GlobalTracer.PowerUse_Info: Power: pdpTotalCurrent: 64.63 elev: 0.13 winch: 0.00, pickup: 0.00, total: 2.38
GlobalTracer.startCompetition_Warn: AUTO_MODE takes too long (0.101s)

GlobalTracer.printPidInfo_Info: [14.401] encoderXPidCtrl: Target=   1.5, Input=   4.8, Error=  -3.3, PIDTerms=-0.491/ 0.000/ 0.263/ 0.000, Output=-0.228(-0.700/0.700), Volt=11.9(9.9)
GlobalTracer.printPidInfo_Info: [14.401] encoderYPidCtrl: Target= 114.0, Input=  76.9, Error=  37.1, PIDTerms= 0.742/ 0.000/-0.019/ 0.000, Output= 0.600(-0.600/0.600), Volt=11.9(9.9)
GlobalTracer.printPidInfo_Info: [14.401] gyroTurnPidCtrl: Target=  90.0, Input= 108.6, Error= -18.6, PIDTerms=-0.334/ 0.000/ 0.049/ 0.000, Output=-0.286(-0.700/0.700), Volt=11.9(9.9)
GlobalTracer.PowerUse_Info: Battery - currVoltage: 11.95, lowestVoltage: 9.85
GlobalTracer.PowerUse_Info: Power: pdpTotalCurrent: 68.25 elev: 0.13 winch: 0.00, pickup: 0.00, total: 2.40
GlobalTracer.printPidInfo_Info: [14.501] encoderXPidCtrl: Target=   1.5, Input=   3.6, Error=  -2.1, PIDTerms=-0.317/ 0.000/ 0.171/ 0.000, Output=-0.146(-0.700/0.700), Volt=11.7(9.9)
GlobalTracer.printPidInfo_Info: [14.501] encoderYPidCtrl: Target= 114.0, Input=  78.6, Error=  35.4, PIDTerms= 0.707/ 0.000/-0.017/ 0.000, Output= 0.600(-0.600/0.600), Volt=11.7(9.9)
GlobalTracer.printPidInfo_Info: [14.501] gyroTurnPidCtrl: Target=  90.0, Input= 106.0, Error= -16.0, PIDTerms=-0.288/ 0.000/ 0.041/ 0.000, Output=-0.247(-0.700/0.700), Volt=11.6(9.9)
GlobalTracer.PowerUse_Info: Battery - currVoltage: 11.55, lowestVoltage: 9.85
GlobalTracer.PowerUse_Info: Power: pdpTotalCurrent: 42.38 elev: 0.13 winch: 0.00, pickup: 0.00, total: 2.41
GlobalTracer.startCompetition_Warn: AUTO_MODE takes too long (0.102s)

GlobalTracer.printPidInfo_Info: [14.612] encoderXPidCtrl: Target=   1.5, Input=   3.9, Error=  -2.4, PIDTerms=-0.360/ 0.000/-0.037/ 0.000, Output=-0.397(-0.700/0.700), Volt=12.1(9.9)
GlobalTracer.printPidInfo_Info: [14.612] encoderYPidCtrl: Target= 114.0, Input=  79.0, Error=  35.0, PIDTerms= 0.700/ 0.000/-0.003/ 0.000, Output= 0.600(-0.600/0.600), Volt=12.1(9.9)
GlobalTracer.printPidInfo_Info: [14.612] gyroTurnPidCtrl: Target=  90.0, Input= 104.6, Error= -14.6, PIDTerms=-0.262/ 0.000/ 0.020/ 0.000, Output=-0.243(-0.700/0.700), Volt=12.1(9.9)
GlobalTracer.PowerUse_Info: Battery - currVoltage: 12.10, lowestVoltage: 9.85
GlobalTracer.PowerUse_Info: Power: pdpTotalCurrent: 13.63 elev: 0.13 winch: 0.00, pickup: 0.00, total: 2.43
GlobalTracer.startCompetition_Warn: AUTO_MODE takes too long (0.105s)

GlobalTracer.printPidInfo_Info: [14.720] encoderXPidCtrl: Target=   1.5, Input=   4.4, Error=  -2.9, PIDTerms=-0.437/ 0.000/-0.076/ 0.000, Output=-0.512(-0.700/0.700), Volt=12.3(9.9)
GlobalTracer.printPidInfo_Info: [14.720] encoderYPidCtrl: Target= 114.0, Input=  79.7, Error=  34.3, PIDTerms= 0.686/ 0.000/-0.007/ 0.000, Output= 0.600(-0.600/0.600), Volt=12.3(9.9)
GlobalTracer.printPidInfo_Info: [14.720] gyroTurnPidCtrl: Target=  90.0, Input= 103.8, Error= -13.8, PIDTerms=-0.248/ 0.000/ 0.013/ 0.000, Output=-0.235(-0.700/0.700), Volt=12.3(9.9)
GlobalTracer.PowerUse_Info: Battery - currVoltage: 12.25, lowestVoltage: 9.85
GlobalTracer.PowerUse_Info: Power: pdpTotalCurrent: 4.38 elev: 0.13 winch: 0.00, pickup: 0.00, total: 2.43
GlobalTracer.startCompetition_Warn: AUTO_MODE takes too long (0.119s)

GlobalTracer.printPidInfo_Info: [14.841] encoderXPidCtrl: Target=   1.5, Input=   4.8, Error=  -3.3, PIDTerms=-0.502/ 0.000/-0.054/ 0.000, Output=-0.556(-0.700/0.700), Volt=12.3(9.9)
GlobalTracer.printPidInfo_Info: [14.841] encoderYPidCtrl: Target= 114.0, Input=  80.3, Error=  33.7, PIDTerms= 0.674/ 0.000/-0.005/ 0.000, Output= 0.600(-0.600/0.600), Volt=12.3(9.9)
GlobalTracer.printPidInfo_Info: [14.841] gyroTurnPidCtrl: Target=  90.0, Input= 103.3, Error= -13.3, PIDTerms=-0.240/ 0.000/ 0.006/ 0.000, Output=-0.235(-0.700/0.700), Volt=12.3(9.9)
GlobalTracer.PowerUse_Info: Battery - currVoltage: 12.30, lowestVoltage: 9.85
GlobalTracer.PowerUse_Info: Power: pdpTotalCurrent: 4.00 elev: 0.13 winch: 0.00, pickup: 0.00, total: 2.43
GlobalTracer.startCompetition_Warn: AUTO_MODE takes too long (0.114s)

GlobalTracer.printPidInfo_Info: [14.958] encoderXPidCtrl: Target=   1.5, Input=   5.1, Error=  -3.6, PIDTerms=-0.535/ 0.000/-0.028/ 0.000, Output=-0.562(-0.700/0.700), Volt=12.3(9.9)
GlobalTracer.printPidInfo_Info: [14.958] encoderYPidCtrl: Target= 114.0, Input=  80.6, Error=  33.4, PIDTerms= 0.669/ 0.000/-0.002/ 0.000, Output= 0.600(-0.600/0.600), Volt=12.3(9.9)
GlobalTracer.printPidInfo_Info: [14.958] gyroTurnPidCtrl: Target=  90.0, Input= 102.9, Error= -12.9, PIDTerms=-0.233/ 0.000/ 0.006/ 0.000, Output=-0.227(-0.700/0.700), Volt=12.3(9.9)
GlobalTracer.PowerUse_Info: Battery - currVoltage: 12.30, lowestVoltage: 9.85
GlobalTracer.PowerUse_Info: Power: pdpTotalCurrent: 4.63 elev: 0.13 winch: 0.00, pickup: 0.00, total: 2.43
GlobalTracer.startCompetition_Warn: AUTO_MODE takes too long (0.105s)

GlobalTracer.printPidInfo_Info: [15.064] encoderXPidCtrl: Target=   1.5, Input=   5.1, Error=  -3.6, PIDTerms=-0.535/ 0.000/ 0.000/ 0.000, Output=-0.535(-0.700/0.700), Volt=12.4(9.9)
GlobalTracer.printPidInfo_Info: [15.064] encoderYPidCtrl: Target= 114.0, Input=  80.6, Error=  33.4, PIDTerms= 0.669/ 0.000/ 0.000/ 0.000, Output= 0.600(-0.600/0.600), Volt=12.4(9.9)
GlobalTracer.printPidInfo_Info: [15.064] gyroTurnPidCtrl: Target=  90.0, Input= 102.7, Error= -12.7, PIDTerms=-0.229/ 0.000/ 0.003/ 0.000, Output=-0.226(-0.700/0.700), Volt=12.4(9.9)
GlobalTracer.PowerUse_Info: Battery - currVoltage: 12.30, lowestVoltage: 9.85
GlobalTracer.PowerUse_Info: Power: pdpTotalCurrent: 5.25 elev: 0.13 winch: 0.00, pickup: 0.00, total: 2.44
GlobalTracer.startCompetition_Warn: AUTO_MODE takes too long (0.116s)

GlobalTracer.printPidInfo_Info: [15.182] encoderXPidCtrl: Target=   1.5, Input=   5.0, Error=  -3.5, PIDTerms=-0.529/ 0.000/ 0.005/ 0.000, Output=-0.524(-0.700/0.700), Volt=12.3(9.9)
GlobalTracer.printPidInfo_Info: [15.182] encoderYPidCtrl: Target= 114.0, Input=  80.5, Error=  33.5, PIDTerms= 0.670/ 0.000/ 0.000/ 0.000, Output= 0.600(-0.600/0.600), Volt=12.3(9.9)
GlobalTracer.printPidInfo_Info: [15.182] gyroTurnPidCtrl: Target=  90.0, Input= 102.5, Error= -12.5, PIDTerms=-0.225/ 0.000/ 0.003/ 0.000, Output=-0.222(-0.700/0.700), Volt=12.3(9.9)
GlobalTracer.PowerUse_Info: Battery - currVoltage: 12.25, lowestVoltage: 9.85
GlobalTracer.PowerUse_Info: Power: pdpTotalCurrent: 7.38 elev: 0.13 winch: 0.00, pickup: 0.00, total: 2.44
GlobalTracer.startCompetition_Warn: AUTO_MODE takes too long (0.117s)

GlobalTracer.Vision_Info: Pixy is disabled!
GlobalTracer.Robot_Info: TotalEnergy=2.438
