GlobalTracer.FirstPowerUp_Info: Sat Mar 24 09:12:02 PDT 2018: ***** Starting autonomous *****
GlobalTracer.FirstPowerUp_Info: WASNO_Practice_  4 (Blue2) [FMSConnected=true]
GlobalTracer.CmdAutoSwitch_Info: alliance=Blue, gameSpecificMsg=LLL, delay=0.000, fwdDistance=60, startPosition=-102.0, flipInFlight=true
GlobalTracer.Vision_Info: Pixy is enabled!
GlobalTracer.Robot_Info: [0.561]   DO_DELAY: xPos=  0.00,yPos=  0.00,heading=   0.7/   0.0,volts=12.5(12.1)
GlobalTracer.startCompetition_Warn: AUTO_MODE takes too long (0.664s)

GlobalTracer.Robot_Info: [0.661] DRIVE_FORWARD_DISTANCE: xPos=  0.00,yPos=  0.00,heading=   0.0/   0.0,volts=12.5(12.1)
GlobalTracer.printPidInfo_Info: [0.661] encoderXPidCtrl: Target=   0.0, Input=   0.0, Error=   0.0, PIDTerms= 0.000/ 0.000/ 0.000/ 0.000, Output= 0.000(-0.700/0.700), Volt=12.5(12.1)
GlobalTracer.printPidInfo_Info: [0.661] encoderYPidCtrl: Target=-129.0, Input=   0.0, Error=-129.0, PIDTerms= 0.000/ 0.000/ 0.000/ 0.000, Output= 0.000(-0.600/0.600), Volt=12.4(12.1)
GlobalTracer.printPidInfo_Info: [0.661] gyroTurnPidCtrl: Target=   0.0, Input=   0.0, Error=   0.0, PIDTerms= 0.000/ 0.000/ 0.000/ 0.000, Output= 0.000(-0.700/0.700), Volt=12.4(12.1)
GlobalTracer.startCompetition_Warn: AUTO_MODE takes too long (0.114s)

GlobalTracer.SonarTrigger_Info: [0.794] prevZone=-1, currZone=1, distance=148.90
GlobalTracer.printPidInfo_Info: [0.794] encoderXPidCtrl: Target=   0.0, Input=   0.0, Error=   0.0, PIDTerms= 0.000/ 0.000/ 0.000/ 0.000, Output= 0.000(-0.700/0.700), Volt=10.1(10.5)
GlobalTracer.printPidInfo_Info: [0.794] encoderYPidCtrl: Target=-129.0, Input=   0.0, Error=-129.0, PIDTerms=-3.870/ 0.000/ 0.000/-0.000, Output=-0.600(-0.600/0.600), Volt=10.1(10.5)
GlobalTracer.printPidInfo_Info: [0.794] gyroTurnPidCtrl: Target=   0.0, Input=   0.0, Error=   0.0, PIDTerms= 0.000/ 0.000/ 0.000/ 0.000, Output= 0.000(-0.700/0.700), Volt=10.1(10.5)
GlobalTracer.printPidInfo_Info: [0.850] encoderXPidCtrl: Target=   0.0, Input=  -0.0, Error=   0.0, PIDTerms= 0.002/ 0.000/ 0.003/ 0.000, Output= 0.005(-0.700/0.700), Volt=10.1(10.1)
GlobalTracer.printPidInfo_Info: [0.850] encoderYPidCtrl: Target=-129.0, Input=  -0.2, Error=-128.8, PIDTerms=-3.863/ 0.000/ 0.003/-0.000, Output=-0.600(-0.600/0.600), Volt=10.1(10.1)
GlobalTracer.printPidInfo_Info: [0.850] gyroTurnPidCtrl: Target=   0.0, Input=   0.0, Error=   0.0, PIDTerms= 0.000/ 0.000/ 0.000/ 0.000, Output= 0.000(-0.700/0.700), Volt=10.0(10.1)
GlobalTracer.printPidInfo_Info: [0.926] encoderXPidCtrl: Target=   0.0, Input=  -0.4, Error=   0.4, PIDTerms= 0.055/ 0.000/ 0.063/ 0.000, Output= 0.118(-0.700/0.700), Volt=9.5(9.5)
GlobalTracer.printPidInfo_Info: [0.926] encoderYPidCtrl: Target=-129.0, Input=  -1.5, Error=-127.5, PIDTerms=-3.826/ 0.000/ 0.015/-0.000, Output=-0.600(-0.600/0.600), Volt=9.4(9.5)
GlobalTracer.printPidInfo_Info: [0.926] gyroTurnPidCtrl: Target=   0.0, Input=  -0.3, Error=   0.3, PIDTerms= 0.003/ 0.000/ 0.004/ 0.000, Output= 0.007(-0.700/0.700), Volt=9.3(9.5)
GlobalTracer.printPidInfo_Info: [1.024] encoderXPidCtrl: Target=   0.0, Input=  -0.7, Error=   0.7, PIDTerms= 0.099/ 0.000/ 0.055/ 0.000, Output= 0.154(-0.700/0.700), Volt=9.3(9.3)
GlobalTracer.printPidInfo_Info: [1.024] encoderYPidCtrl: Target=-129.0, Input=  -2.1, Error=-126.9, PIDTerms=-3.806/ 0.000/ 0.008/-0.000, Output=-0.600(-0.600/0.600), Volt=9.3(9.3)
GlobalTracer.printPidInfo_Info: [1.024] gyroTurnPidCtrl: Target=   0.0, Input=  -0.5, Error=   0.5, PIDTerms= 0.006/ 0.000/ 0.002/ 0.000, Output= 0.008(-0.700/0.700), Volt=9.2(9.3)
GlobalTracer.printPidInfo_Info: [1.122] encoderXPidCtrl: Target=   0.0, Input=  -0.8, Error=   0.8, PIDTerms= 0.114/ 0.000/ 0.014/ 0.000, Output= 0.128(-0.700/0.700), Volt=9.2(9.2)
GlobalTracer.printPidInfo_Info: [1.122] encoderYPidCtrl: Target=-129.0, Input=  -2.4, Error=-126.6, PIDTerms=-3.797/ 0.000/ 0.003/-0.000, Output=-0.600(-0.600/0.600), Volt=9.2(9.2)
GlobalTracer.printPidInfo_Info: [1.122] gyroTurnPidCtrl: Target=   0.0, Input=  -0.5, Error=   0.5, PIDTerms= 0.006/ 0.000/ 0.000/ 0.000, Output= 0.006(-0.700/0.700), Volt=9.2(9.2)
GlobalTracer.startCompetition_Warn: AUTO_MODE takes too long (0.104s)

GlobalTracer.printPidInfo_Info: [1.228] encoderXPidCtrl: Target=   0.0, Input=  -0.8, Error=   0.8, PIDTerms= 0.126/ 0.000/ 0.012/ 0.000, Output= 0.138(-0.700/0.700), Volt=9.0(9.0)
GlobalTracer.printPidInfo_Info: [1.228] encoderYPidCtrl: Target=-129.0, Input=  -2.6, Error=-126.4, PIDTerms=-3.792/ 0.000/ 0.002/-0.000, Output=-0.600(-0.600/0.600), Volt=9.0(9.0)
GlobalTracer.printPidInfo_Info: [1.228] gyroTurnPidCtrl: Target=   0.0, Input=  -0.4, Error=   0.4, PIDTerms= 0.005/ 0.000/-0.000/ 0.000, Output= 0.005(-0.700/0.700), Volt=9.0(9.0)
GlobalTracer.printPidInfo_Info: [1.319] encoderXPidCtrl: Target=   0.0, Input=  -0.9, Error=   0.9, PIDTerms= 0.130/ 0.000/ 0.005/ 0.000, Output= 0.134(-0.700/0.700), Volt=9.3(9.0)
GlobalTracer.printPidInfo_Info: [1.319] encoderYPidCtrl: Target=-129.0, Input=  -2.6, Error=-126.4, PIDTerms=-3.791/ 0.000/ 0.000/-0.000, Output=-0.600(-0.600/0.600), Volt=9.3(9.0)
GlobalTracer.printPidInfo_Info: [1.319] gyroTurnPidCtrl: Target=   0.0, Input=  -0.4, Error=   0.4, PIDTerms= 0.005/ 0.000/ 0.000/ 0.000, Output= 0.006(-0.700/0.700), Volt=9.3(9.0)
GlobalTracer.startCompetition_Warn: AUTO_MODE takes too long (0.123s)

GlobalTracer.printPidInfo_Info: [1.443] encoderXPidCtrl: Target=   0.0, Input=  -0.9, Error=   0.9, PIDTerms= 0.129/ 0.000/-0.000/ 0.000, Output= 0.129(-0.700/0.700), Volt=9.3(9.0)
GlobalTracer.printPidInfo_Info: [1.443] encoderYPidCtrl: Target=-129.0, Input=  -2.6, Error=-126.4, PIDTerms=-3.791/ 0.000/ 0.000/-0.000, Output=-0.600(-0.600/0.600), Volt=9.3(9.0)
GlobalTracer.printPidInfo_Info: [1.443] gyroTurnPidCtrl: Target=   0.0, Input=  -0.4, Error=   0.4, PIDTerms= 0.005/ 0.000/ 0.000/ 0.000, Output= 0.005(-0.700/0.700), Volt=9.3(9.0)
GlobalTracer.printPidInfo_Info: [1.536] encoderXPidCtrl: Target=   0.0, Input=  -0.9, Error=   0.9, PIDTerms= 0.129/ 0.000/ 0.000/ 0.000, Output= 0.129(-0.700/0.700), Volt=9.2(9.0)
GlobalTracer.printPidInfo_Info: [1.536] encoderYPidCtrl: Target=-129.0, Input=  -2.6, Error=-126.4, PIDTerms=-3.791/ 0.000/ 0.000/-0.000, Output=-0.600(-0.600/0.600), Volt=9.3(9.0)
GlobalTracer.printPidInfo_Info: [1.536] gyroTurnPidCtrl: Target=   0.0, Input=  -0.5, Error=   0.5, PIDTerms= 0.006/ 0.000/ 0.000/ 0.000, Output= 0.006(-0.700/0.700), Volt=9.3(9.0)
GlobalTracer.printPidInfo_Info: [1.614] encoderXPidCtrl: Target=   0.0, Input=  -0.9, Error=   0.9, PIDTerms= 0.129/ 0.000/ 0.000/ 0.000, Output= 0.129(-0.700/0.700), Volt=9.3(9.0)
GlobalTracer.printPidInfo_Info: [1.614] encoderYPidCtrl: Target=-129.0, Input=  -2.6, Error=-126.4, PIDTerms=-3.791/ 0.000/ 0.000/-0.000, Output=-0.600(-0.600/0.600), Volt=9.3(9.0)
GlobalTracer.printPidInfo_Info: [1.614] gyroTurnPidCtrl: Target=   0.0, Input=  -0.5, Error=   0.5, PIDTerms= 0.006/ 0.000/ 0.000/ 0.000, Output= 0.006(-0.700/0.700), Volt=9.3(9.0)
GlobalTracer.printPidInfo_Info: [1.700] encoderXPidCtrl: Target=   0.0, Input=  -0.9, Error=   0.9, PIDTerms= 0.129/ 0.000/ 0.000/ 0.000, Output= 0.129(-0.700/0.700), Volt=9.2(9.0)
GlobalTracer.printPidInfo_Info: [1.700] encoderYPidCtrl: Target=-129.0, Input=  -2.6, Error=-126.4, PIDTerms=-3.791/ 0.000/ 0.000/-0.000, Output=-0.600(-0.600/0.600), Volt=9.2(9.0)
GlobalTracer.printPidInfo_Info: [1.700] gyroTurnPidCtrl: Target=   0.0, Input=  -0.5, Error=   0.5, PIDTerms= 0.006/ 0.000/ 0.000/ 0.000, Output= 0.006(-0.700/0.700), Volt=9.3(9.0)
GlobalTracer.printPidInfo_Info: [1.773] encoderXPidCtrl: Target=   0.0, Input=  -0.9, Error=   0.9, PIDTerms= 0.129/ 0.000/ 0.000/ 0.000, Output= 0.129(-0.700/0.700), Volt=9.2(9.0)
GlobalTracer.printPidInfo_Info: [1.773] encoderYPidCtrl: Target=-129.0, Input=  -2.6, Error=-126.4, PIDTerms=-3.791/ 0.000/ 0.000/-0.000, Output=-0.600(-0.600/0.600), Volt=9.2(9.0)
GlobalTracer.printPidInfo_Info: [1.773] gyroTurnPidCtrl: Target=   0.0, Input=  -0.5, Error=   0.5, PIDTerms= 0.006/ 0.000/ 0.000/ 0.000, Output= 0.006(-0.700/0.700), Volt=9.2(9.0)
GlobalTracer.printPidInfo_Info: [1.864] encoderXPidCtrl: Target=   0.0, Input=  -0.9, Error=   0.9, PIDTerms= 0.129/ 0.000/-0.001/ 0.000, Output= 0.128(-0.700/0.700), Volt=9.3(9.0)
GlobalTracer.printPidInfo_Info: [1.864] encoderYPidCtrl: Target=-129.0, Input=  -2.6, Error=-126.4, PIDTerms=-3.791/ 0.000/ 0.000/-0.000, Output=-0.600(-0.600/0.600), Volt=9.3(9.0)
GlobalTracer.printPidInfo_Info: [1.864] gyroTurnPidCtrl: Target=   0.0, Input=  -0.5, Error=   0.5, PIDTerms= 0.006/ 0.000/ 0.000/ 0.000, Output= 0.006(-0.700/0.700), Volt=9.3(9.0)
GlobalTracer.printPidInfo_Info: [1.950] encoderXPidCtrl: Target=   0.0, Input=  -0.9, Error=   0.9, PIDTerms= 0.128/ 0.000/-0.001/ 0.000, Output= 0.127(-0.700/0.700), Volt=9.3(9.0)
GlobalTracer.printPidInfo_Info: [1.950] encoderYPidCtrl: Target=-129.0, Input=  -2.6, Error=-126.4, PIDTerms=-3.791/ 0.000/ 0.000/-0.000, Output=-0.600(-0.600/0.600), Volt=9.3(9.0)
GlobalTracer.printPidInfo_Info: [1.950] gyroTurnPidCtrl: Target=   0.0, Input=  -0.5, Error=   0.5, PIDTerms= 0.006/ 0.000/ 0.000/ 0.000, Output= 0.006(-0.700/0.700), Volt=9.4(9.0)
GlobalTracer.printPidInfo_Info: [2.043] encoderXPidCtrl: Target=   0.0, Input=  -0.9, Error=   0.9, PIDTerms= 0.128/ 0.000/ 0.000/ 0.000, Output= 0.128(-0.700/0.700), Volt=9.3(9.0)
GlobalTracer.printPidInfo_Info: [2.043] encoderYPidCtrl: Target=-129.0, Input=  -2.6, Error=-126.4, PIDTerms=-3.791/ 0.000/ 0.000/-0.000, Output=-0.600(-0.600/0.600), Volt=9.3(9.0)
GlobalTracer.printPidInfo_Info: [2.043] gyroTurnPidCtrl: Target=   0.0, Input=  -0.5, Error=   0.5, PIDTerms= 0.006/ 0.000/ 0.000/ 0.000, Output= 0.006(-0.700/0.700), Volt=9.3(9.0)
GlobalTracer.printPidInfo_Info: [2.130] encoderXPidCtrl: Target=   0.0, Input=  -0.9, Error=   0.9, PIDTerms= 0.129/ 0.000/ 0.001/ 0.000, Output= 0.129(-0.700/0.700), Volt=9.3(9.0)
GlobalTracer.printPidInfo_Info: [2.130] encoderYPidCtrl: Target=-129.0, Input=  -2.6, Error=-126.4, PIDTerms=-3.791/ 0.000/ 0.000/-0.000, Output=-0.600(-0.600/0.600), Volt=9.3(9.0)
GlobalTracer.printPidInfo_Info: [2.130] gyroTurnPidCtrl: Target=   0.0, Input=  -0.5, Error=   0.5, PIDTerms= 0.006/ 0.000/ 0.000/ 0.000, Output= 0.006(-0.700/0.700), Volt=9.3(9.0)
GlobalTracer.printPidInfo_Info: [2.221] encoderXPidCtrl: Target=   0.0, Input=  -0.9, Error=   0.9, PIDTerms= 0.129/ 0.000/ 0.000/ 0.000, Output= 0.129(-0.700/0.700), Volt=9.3(9.0)
GlobalTracer.printPidInfo_Info: [2.221] encoderYPidCtrl: Target=-129.0, Input=  -2.6, Error=-126.4, PIDTerms=-3.791/ 0.000/ 0.000/-0.000, Output=-0.600(-0.600/0.600), Volt=9.3(9.0)
GlobalTracer.printPidInfo_Info: [2.221] gyroTurnPidCtrl: Target=   0.0, Input=  -0.5, Error=   0.5, PIDTerms= 0.006/ 0.000/ 0.000/ 0.000, Output= 0.006(-0.700/0.700), Volt=9.3(9.0)
GlobalTracer.printPidInfo_Info: [2.292] encoderXPidCtrl: Target=   0.0, Input=  -0.9, Error=   0.9, PIDTerms= 0.130/ 0.000/ 0.002/ 0.000, Output= 0.132(-0.700/0.700), Volt=9.4(9.0)
GlobalTracer.printPidInfo_Info: [2.292] encoderYPidCtrl: Target=-129.0, Input=  -2.7, Error=-126.3, PIDTerms=-3.790/ 0.000/ 0.000/-0.000, Output=-0.600(-0.600/0.600), Volt=9.4(9.0)
GlobalTracer.printPidInfo_Info: [2.292] gyroTurnPidCtrl: Target=   0.0, Input=  -0.5, Error=   0.5, PIDTerms= 0.006/ 0.000/ 0.000/ 0.000, Output= 0.006(-0.700/0.700), Volt=9.4(9.0)
GlobalTracer.printPidInfo_Info: [2.377] encoderXPidCtrl: Target=   0.0, Input=  -0.9, Error=   0.9, PIDTerms= 0.130/ 0.000/-0.001/ 0.000, Output= 0.129(-0.700/0.700), Volt=9.4(9.0)
GlobalTracer.printPidInfo_Info: [2.377] encoderYPidCtrl: Target=-129.0, Input=  -2.7, Error=-126.3, PIDTerms=-3.790/ 0.000/ 0.000/-0.000, Output=-0.600(-0.600/0.600), Volt=9.4(9.0)
GlobalTracer.printPidInfo_Info: [2.377] gyroTurnPidCtrl: Target=   0.0, Input=  -0.5, Error=   0.5, PIDTerms= 0.006/ 0.000/ 0.000/ 0.000, Output= 0.006(-0.700/0.700), Volt=9.4(9.0)
GlobalTracer.printPidInfo_Info: [2.444] encoderXPidCtrl: Target=   0.0, Input=  -0.9, Error=   0.9, PIDTerms= 0.130/ 0.000/ 0.000/ 0.000, Output= 0.130(-0.700/0.700), Volt=9.4(9.0)
GlobalTracer.printPidInfo_Info: [2.444] encoderYPidCtrl: Target=-129.0, Input=  -2.7, Error=-126.3, PIDTerms=-3.790/ 0.000/ 0.000/-0.000, Output=-0.600(-0.600/0.600), Volt=9.4(9.0)
GlobalTracer.printPidInfo_Info: [2.444] gyroTurnPidCtrl: Target=   0.0, Input=  -0.5, Error=   0.5, PIDTerms= 0.006/ 0.000/ 0.000/ 0.000, Output= 0.006(-0.700/0.700), Volt=9.4(9.0)
GlobalTracer.printPidInfo_Info: [2.512] encoderXPidCtrl: Target=   0.0, Input=  -0.9, Error=   0.9, PIDTerms= 0.130/ 0.000/ 0.000/ 0.000, Output= 0.130(-0.700/0.700), Volt=9.3(9.0)
GlobalTracer.printPidInfo_Info: [2.512] encoderYPidCtrl: Target=-129.0, Input=  -2.7, Error=-126.3, PIDTerms=-3.790/ 0.000/ 0.000/-0.000, Output=-0.600(-0.600/0.600), Volt=9.4(9.0)
GlobalTracer.printPidInfo_Info: [2.512] gyroTurnPidCtrl: Target=   0.0, Input=  -0.5, Error=   0.5, PIDTerms= 0.006/ 0.000/ 0.000/ 0.000, Output= 0.006(-0.700/0.700), Volt=9.4(9.0)
GlobalTracer.printPidInfo_Info: [2.573] encoderXPidCtrl: Target=   0.0, Input=  -0.9, Error=   0.9, PIDTerms= 0.130/ 0.000/ 0.000/ 0.000, Output= 0.130(-0.700/0.700), Volt=9.4(9.0)
GlobalTracer.printPidInfo_Info: [2.573] encoderYPidCtrl: Target=-129.0, Input=  -2.7, Error=-126.3, PIDTerms=-3.790/ 0.000/ 0.000/-0.000, Output=-0.600(-0.600/0.600), Volt=9.4(9.0)
GlobalTracer.printPidInfo_Info: [2.573] gyroTurnPidCtrl: Target=   0.0, Input=  -0.5, Error=   0.5, PIDTerms= 0.006/ 0.000/ 0.000/ 0.000, Output= 0.006(-0.700/0.700), Volt=9.5(9.0)
GlobalTracer.printPidInfo_Info: [2.666] encoderXPidCtrl: Target=   0.0, Input=  -0.9, Error=   0.9, PIDTerms= 0.129/ 0.000/-0.001/ 0.000, Output= 0.128(-0.700/0.700), Volt=9.4(9.0)
GlobalTracer.printPidInfo_Info: [2.666] encoderYPidCtrl: Target=-129.0, Input=  -2.7, Error=-126.3, PIDTerms=-3.790/ 0.000/ 0.000/-0.000, Output=-0.600(-0.600/0.600), Volt=9.4(9.0)
GlobalTracer.printPidInfo_Info: [2.666] gyroTurnPidCtrl: Target=   0.0, Input=  -0.5, Error=   0.5, PIDTerms= 0.006/ 0.000/ 0.000/ 0.000, Output= 0.006(-0.700/0.700), Volt=9.4(9.0)
GlobalTracer.printPidInfo_Info: [2.727] encoderXPidCtrl: Target=   0.0, Input=  -0.9, Error=   0.9, PIDTerms= 0.129/ 0.000/ 0.000/ 0.000, Output= 0.129(-0.700/0.700), Volt=9.4(9.0)
GlobalTracer.printPidInfo_Info: [2.727] encoderYPidCtrl: Target=-129.0, Input=  -2.7, Error=-126.3, PIDTerms=-3.790/ 0.000/ 0.000/-0.000, Output=-0.600(-0.600/0.600), Volt=9.4(9.0)
GlobalTracer.printPidInfo_Info: [2.727] gyroTurnPidCtrl: Target=   0.0, Input=  -0.5, Error=   0.5, PIDTerms= 0.006/ 0.000/ 0.000/ 0.000, Output= 0.006(-0.700/0.700), Volt=9.4(9.0)
GlobalTracer.printPidInfo_Info: [2.794] encoderXPidCtrl: Target=   0.0, Input=  -0.9, Error=   0.9, PIDTerms= 0.129/ 0.000/ 0.000/ 0.000, Output= 0.129(-0.700/0.700), Volt=9.3(9.0)
GlobalTracer.printPidInfo_Info: [2.794] encoderYPidCtrl: Target=-129.0, Input=  -2.7, Error=-126.3, PIDTerms=-3.790/ 0.000/ 0.000/-0.000, Output=-0.600(-0.600/0.600), Volt=9.3(9.0)
GlobalTracer.printPidInfo_Info: [2.794] gyroTurnPidCtrl: Target=   0.0, Input=  -0.5, Error=   0.5, PIDTerms= 0.006/ 0.000/ 0.000/ 0.000, Output= 0.006(-0.700/0.700), Volt=9.3(9.0)
GlobalTracer.printPidInfo_Info: [2.860] encoderXPidCtrl: Target=   0.0, Input=  -0.9, Error=   0.9, PIDTerms= 0.129/ 0.000/ 0.000/ 0.000, Output= 0.129(-0.700/0.700), Volt=9.4(9.0)
GlobalTracer.printPidInfo_Info: [2.860] encoderYPidCtrl: Target=-129.0, Input=  -2.7, Error=-126.3, PIDTerms=-3.790/ 0.000/ 0.000/-0.000, Output=-0.600(-0.600/0.600), Volt=9.4(9.0)
GlobalTracer.printPidInfo_Info: [2.860] gyroTurnPidCtrl: Target=   0.0, Input=  -0.5, Error=   0.5, PIDTerms= 0.006/ 0.000/ 0.000/ 0.000, Output= 0.006(-0.700/0.700), Volt=9.4(9.0)
GlobalTracer.printPidInfo_Info: [2.950] encoderXPidCtrl: Target=   0.0, Input=  -0.9, Error=   0.9, PIDTerms= 0.130/ 0.000/ 0.001/ 0.000, Output= 0.130(-0.700/0.700), Volt=9.4(9.0)
GlobalTracer.printPidInfo_Info: [2.950] encoderYPidCtrl: Target=-129.0, Input=  -2.7, Error=-126.3, PIDTerms=-3.790/ 0.000/ 0.000/-0.000, Output=-0.600(-0.600/0.600), Volt=9.4(9.0)
GlobalTracer.printPidInfo_Info: [2.950] gyroTurnPidCtrl: Target=   0.0, Input=  -0.5, Error=   0.5, PIDTerms= 0.006/ 0.000/ 0.000/ 0.000, Output= 0.006(-0.700/0.700), Volt=9.4(9.0)
GlobalTracer.printPidInfo_Info: [3.033] encoderXPidCtrl: Target=   0.0, Input=  -0.9, Error=   0.9, PIDTerms= 0.130/ 0.000/ 0.000/ 0.000, Output= 0.130(-0.700/0.700), Volt=9.4(9.0)
GlobalTracer.printPidInfo_Info: [3.033] encoderYPidCtrl: Target=-129.0, Input=  -2.7, Error=-126.3, PIDTerms=-3.790/ 0.000/ 0.000/-0.000, Output=-0.600(-0.600/0.600), Volt=9.4(9.0)
GlobalTracer.printPidInfo_Info: [3.033] gyroTurnPidCtrl: Target=   0.0, Input=  -0.5, Error=   0.5, PIDTerms= 0.006/ 0.000/ 0.000/ 0.000, Output= 0.006(-0.700/0.700), Volt=9.4(9.0)
GlobalTracer.printPidInfo_Info: [3.120] encoderXPidCtrl: Target=   0.0, Input=  -0.9, Error=   0.9, PIDTerms= 0.130/ 0.000/ 0.000/ 0.000, Output= 0.130(-0.700/0.700), Volt=9.4(9.0)
GlobalTracer.printPidInfo_Info: [3.120] encoderYPidCtrl: Target=-129.0, Input=  -2.7, Error=-126.3, PIDTerms=-3.790/ 0.000/ 0.000/-0.000, Output=-0.600(-0.600/0.600), Volt=9.4(9.0)
GlobalTracer.printPidInfo_Info: [3.120] gyroTurnPidCtrl: Target=   0.0, Input=  -0.5, Error=   0.5, PIDTerms= 0.006/ 0.000/ 0.000/ 0.000, Output= 0.006(-0.700/0.700), Volt=9.4(9.0)
GlobalTracer.printPidInfo_Info: [3.199] encoderXPidCtrl: Target=   0.0, Input=  -0.9, Error=   0.9, PIDTerms= 0.129/ 0.000/-0.001/ 0.000, Output= 0.128(-0.700/0.700), Volt=9.5(9.0)
GlobalTracer.printPidInfo_Info: [3.199] encoderYPidCtrl: Target=-129.0, Input=  -2.7, Error=-126.3, PIDTerms=-3.790/ 0.000/ 0.000/-0.000, Output=-0.600(-0.600/0.600), Volt=9.3(9.0)
GlobalTracer.printPidInfo_Info: [3.199] gyroTurnPidCtrl: Target=   0.0, Input=  -0.5, Error=   0.5, PIDTerms= 0.006/ 0.000/ 0.000/ 0.000, Output= 0.006(-0.700/0.700), Volt=9.3(9.0)
GlobalTracer.printPidInfo_Info: [3.293] encoderXPidCtrl: Target=   0.0, Input=  -0.9, Error=   0.9, PIDTerms= 0.130/ 0.000/ 0.000/ 0.000, Output= 0.130(-0.700/0.700), Volt=9.4(9.0)
GlobalTracer.printPidInfo_Info: [3.293] encoderYPidCtrl: Target=-129.0, Input=  -2.7, Error=-126.3, PIDTerms=-3.790/ 0.000/ 0.000/-0.000, Output=-0.600(-0.600/0.600), Volt=9.4(9.0)
GlobalTracer.printPidInfo_Info: [3.293] gyroTurnPidCtrl: Target=   0.0, Input=  -0.5, Error=   0.5, PIDTerms= 0.006/ 0.000/-0.000/ 0.000, Output= 0.006(-0.700/0.700), Volt=9.2(9.0)
GlobalTracer.printPidInfo_Info: [3.375] encoderXPidCtrl: Target=   0.0, Input=  -0.9, Error=   0.9, PIDTerms= 0.129/ 0.000/-0.001/ 0.000, Output= 0.128(-0.700/0.700), Volt=9.5(9.0)
GlobalTracer.printPidInfo_Info: [3.375] encoderYPidCtrl: Target=-129.0, Input=  -2.7, Error=-126.3, PIDTerms=-3.790/ 0.000/ 0.000/-0.000, Output=-0.600(-0.600/0.600), Volt=9.5(9.0)
GlobalTracer.printPidInfo_Info: [3.375] gyroTurnPidCtrl: Target=   0.0, Input=  -0.5, Error=   0.5, PIDTerms= 0.006/ 0.000/ 0.000/ 0.000, Output= 0.006(-0.700/0.700), Volt=9.3(9.0)
GlobalTracer.printPidInfo_Info: [3.457] encoderXPidCtrl: Target=   0.0, Input=  -0.9, Error=   0.9, PIDTerms= 0.129/ 0.000/ 0.000/ 0.000, Output= 0.129(-0.700/0.700), Volt=9.5(9.0)
GlobalTracer.printPidInfo_Info: [3.457] encoderYPidCtrl: Target=-129.0, Input=  -2.7, Error=-126.3, PIDTerms=-3.790/ 0.000/ 0.000/-0.000, Output=-0.600(-0.600/0.600), Volt=9.5(9.0)
GlobalTracer.printPidInfo_Info: [3.457] gyroTurnPidCtrl: Target=   0.0, Input=  -0.5, Error=   0.5, PIDTerms= 0.006/ 0.000/ 0.000/ 0.000, Output= 0.006(-0.700/0.700), Volt=9.2(9.0)
GlobalTracer.printPidInfo_Info: [3.508] encoderXPidCtrl: Target=   0.0, Input=  -0.9, Error=   0.9, PIDTerms= 0.129/ 0.000/ 0.000/ 0.000, Output= 0.129(-0.700/0.700), Volt=9.4(9.0)
GlobalTracer.printPidInfo_Info: [3.508] encoderYPidCtrl: Target=-129.0, Input=  -2.7, Error=-126.3, PIDTerms=-3.790/ 0.000/ 0.000/-0.000, Output=-0.600(-0.600/0.600), Volt=9.4(9.0)
GlobalTracer.printPidInfo_Info: [3.508] gyroTurnPidCtrl: Target=   0.0, Input=  -0.5, Error=   0.5, PIDTerms= 0.006/ 0.000/ 0.000/ 0.000, Output= 0.006(-0.700/0.700), Volt=9.3(9.0)
GlobalTracer.startCompetition_Warn: AUTO_MODE takes too long (0.111s)

GlobalTracer.printPidInfo_Info: [3.622] encoderXPidCtrl: Target=   0.0, Input=  -0.9, Error=   0.9, PIDTerms= 0.129/ 0.000/ 0.000/ 0.000, Output= 0.129(-0.700/0.700), Volt=9.4(9.0)
GlobalTracer.printPidInfo_Info: [3.622] encoderYPidCtrl: Target=-129.0, Input=  -2.7, Error=-126.3, PIDTerms=-3.790/ 0.000/ 0.000/-0.000, Output=-0.600(-0.600/0.600), Volt=9.4(9.0)
GlobalTracer.printPidInfo_Info: [3.622] gyroTurnPidCtrl: Target=   0.0, Input=  -0.5, Error=   0.5, PIDTerms= 0.006/ 0.000/ 0.000/ 0.000, Output= 0.006(-0.700/0.700), Volt=9.4(9.0)
GlobalTracer.printPidInfo_Info: [3.715] encoderXPidCtrl: Target=   0.0, Input=  -0.9, Error=   0.9, PIDTerms= 0.129/ 0.000/ 0.000/ 0.000, Output= 0.129(-0.700/0.700), Volt=9.4(9.0)
GlobalTracer.printPidInfo_Info: [3.715] encoderYPidCtrl: Target=-129.0, Input=  -2.7, Error=-126.3, PIDTerms=-3.789/ 0.000/ 0.000/-0.000, Output=-0.600(-0.600/0.600), Volt=9.4(9.0)
GlobalTracer.printPidInfo_Info: [3.715] gyroTurnPidCtrl: Target=   0.0, Input=  -0.5, Error=   0.5, PIDTerms= 0.006/ 0.000/ 0.000/ 0.000, Output= 0.006(-0.700/0.700), Volt=9.4(9.0)
GlobalTracer.printPidInfo_Info: [3.800] encoderXPidCtrl: Target=   0.0, Input=  -0.9, Error=   0.9, PIDTerms= 0.130/ 0.000/ 0.001/ 0.000, Output= 0.130(-0.700/0.700), Volt=9.3(9.0)
GlobalTracer.printPidInfo_Info: [3.800] encoderYPidCtrl: Target=-129.0, Input=  -2.7, Error=-126.3, PIDTerms=-3.789/ 0.000/ 0.000/-0.000, Output=-0.600(-0.600/0.600), Volt=9.3(9.0)
GlobalTracer.printPidInfo_Info: [3.800] gyroTurnPidCtrl: Target=   0.0, Input=  -0.5, Error=   0.5, PIDTerms= 0.006/ 0.000/-0.000/ 0.000, Output= 0.006(-0.700/0.700), Volt=9.3(9.0)
GlobalTracer.printPidInfo_Info: [3.894] encoderXPidCtrl: Target=   0.0, Input=  -0.9, Error=   0.9, PIDTerms= 0.130/ 0.000/ 0.000/ 0.000, Output= 0.130(-0.700/0.700), Volt=9.4(9.0)
GlobalTracer.printPidInfo_Info: [3.894] encoderYPidCtrl: Target=-129.0, Input=  -2.7, Error=-126.3, PIDTerms=-3.789/ 0.000/ 0.000/-0.000, Output=-0.600(-0.600/0.600), Volt=9.4(9.0)
GlobalTracer.printPidInfo_Info: [3.894] gyroTurnPidCtrl: Target=   0.0, Input=  -0.5, Error=   0.5, PIDTerms= 0.006/ 0.000/ 0.000/ 0.000, Output= 0.006(-0.700/0.700), Volt=9.4(9.0)
GlobalTracer.printPidInfo_Info: [3.981] encoderXPidCtrl: Target=   0.0, Input=  -0.9, Error=   0.9, PIDTerms= 0.130/ 0.000/ 0.000/ 0.000, Output= 0.130(-0.700/0.700), Volt=9.4(9.0)
GlobalTracer.printPidInfo_Info: [3.981] encoderYPidCtrl: Target=-129.0, Input=  -2.7, Error=-126.3, PIDTerms=-3.789/ 0.000/ 0.000/-0.000, Output=-0.600(-0.600/0.600), Volt=9.4(9.0)
GlobalTracer.printPidInfo_Info: [3.981] gyroTurnPidCtrl: Target=   0.0, Input=  -0.5, Error=   0.5, PIDTerms= 0.006/ 0.000/ 0.000/ 0.000, Output= 0.006(-0.700/0.700), Volt=9.4(9.0)
GlobalTracer.printPidInfo_Info: [4.072] encoderXPidCtrl: Target=   0.0, Input=  -0.9, Error=   0.9, PIDTerms= 0.130/ 0.000/ 0.000/ 0.000, Output= 0.130(-0.700/0.700), Volt=9.4(9.0)
GlobalTracer.printPidInfo_Info: [4.072] encoderYPidCtrl: Target=-129.0, Input=  -2.7, Error=-126.3, PIDTerms=-3.789/ 0.000/ 0.000/-0.000, Output=-0.600(-0.600/0.600), Volt=9.4(9.0)
GlobalTracer.printPidInfo_Info: [4.072] gyroTurnPidCtrl: Target=   0.0, Input=  -0.5, Error=   0.5, PIDTerms= 0.006/ 0.000/ 0.000/ 0.000, Output= 0.006(-0.700/0.700), Volt=9.3(9.0)
GlobalTracer.printPidInfo_Info: [4.150] encoderXPidCtrl: Target=   0.0, Input=  -0.9, Error=   0.9, PIDTerms= 0.130/ 0.000/ 0.000/ 0.000, Output= 0.130(-0.700/0.700), Volt=9.3(9.0)
GlobalTracer.printPidInfo_Info: [4.150] encoderYPidCtrl: Target=-129.0, Input=  -2.7, Error=-126.3, PIDTerms=-3.789/ 0.000/ 0.000/-0.000, Output=-0.600(-0.600/0.600), Volt=9.4(9.0)
GlobalTracer.printPidInfo_Info: [4.150] gyroTurnPidCtrl: Target=   0.0, Input=  -0.5, Error=   0.5, PIDTerms= 0.006/ 0.000/ 0.000/ 0.000, Output= 0.006(-0.700/0.700), Volt=9.4(9.0)
GlobalTracer.printPidInfo_Info: [4.228] encoderXPidCtrl: Target=   0.0, Input=  -0.9, Error=   0.9, PIDTerms= 0.130/ 0.000/ 0.000/ 0.000, Output= 0.130(-0.700/0.700), Volt=9.4(9.0)
GlobalTracer.printPidInfo_Info: [4.228] encoderYPidCtrl: Target=-129.0, Input=  -2.7, Error=-126.3, PIDTerms=-3.789/ 0.000/ 0.000/-0.000, Output=-0.600(-0.600/0.600), Volt=9.4(9.0)
GlobalTracer.printPidInfo_Info: [4.228] gyroTurnPidCtrl: Target=   0.0, Input=  -0.5, Error=   0.5, PIDTerms= 0.006/ 0.000/ 0.000/ 0.000, Output= 0.006(-0.700/0.700), Volt=9.4(9.0)
GlobalTracer.printPidInfo_Info: [4.310] encoderXPidCtrl: Target=   0.0, Input=  -0.9, Error=   0.9, PIDTerms= 0.130/ 0.000/ 0.001/ 0.000, Output= 0.131(-0.700/0.700), Volt=9.3(9.0)
GlobalTracer.printPidInfo_Info: [4.310] encoderYPidCtrl: Target=-129.0, Input=  -2.7, Error=-126.3, PIDTerms=-3.789/ 0.000/ 0.000/-0.000, Output=-0.600(-0.600/0.600), Volt=9.3(9.0)
GlobalTracer.printPidInfo_Info: [4.310] gyroTurnPidCtrl: Target=   0.0, Input=  -0.5, Error=   0.5, PIDTerms= 0.006/ 0.000/ 0.000/ 0.000, Output= 0.006(-0.700/0.700), Volt=9.3(9.0)
GlobalTracer.printPidInfo_Info: [4.401] encoderXPidCtrl: Target=   0.0, Input=  -0.9, Error=   0.9, PIDTerms= 0.130/ 0.000/ 0.000/ 0.000, Output= 0.130(-0.700/0.700), Volt=9.3(9.0)
GlobalTracer.printPidInfo_Info: [4.401] encoderYPidCtrl: Target=-129.0, Input=  -2.7, Error=-126.3, PIDTerms=-3.789/ 0.000/ 0.000/-0.000, Output=-0.600(-0.600/0.600), Volt=9.3(9.0)
GlobalTracer.printPidInfo_Info: [4.401] gyroTurnPidCtrl: Target=   0.0, Input=  -0.5, Error=   0.5, PIDTerms= 0.006/ 0.000/ 0.000/ 0.000, Output= 0.006(-0.700/0.700), Volt=9.4(9.0)
GlobalTracer.printPidInfo_Info: [4.477] encoderXPidCtrl: Target=   0.0, Input=  -0.9, Error=   0.9, PIDTerms= 0.130/ 0.000/ 0.000/ 0.000, Output= 0.130(-0.700/0.700), Volt=9.4(9.0)
GlobalTracer.printPidInfo_Info: [4.477] encoderYPidCtrl: Target=-129.0, Input=  -2.7, Error=-126.3, PIDTerms=-3.789/ 0.000/ 0.000/-0.000, Output=-0.600(-0.600/0.600), Volt=9.4(9.0)
GlobalTracer.printPidInfo_Info: [4.477] gyroTurnPidCtrl: Target=   0.0, Input=  -0.5, Error=   0.5, PIDTerms= 0.006/ 0.000/ 0.000/ 0.000, Output= 0.006(-0.700/0.700), Volt=9.5(9.0)
GlobalTracer.printPidInfo_Info: [4.571] encoderXPidCtrl: Target=   0.0, Input=  -0.9, Error=   0.9, PIDTerms= 0.130/ 0.000/ 0.001/ 0.000, Output= 0.131(-0.700/0.700), Volt=9.3(9.0)
GlobalTracer.printPidInfo_Info: [4.571] encoderYPidCtrl: Target=-129.0, Input=  -2.7, Error=-126.3, PIDTerms=-3.789/ 0.000/ 0.000/-0.000, Output=-0.600(-0.600/0.600), Volt=9.3(9.0)
GlobalTracer.printPidInfo_Info: [4.571] gyroTurnPidCtrl: Target=   0.0, Input=  -0.5, Error=   0.5, PIDTerms= 0.006/ 0.000/ 0.000/ 0.000, Output= 0.006(-0.700/0.700), Volt=9.3(9.0)
GlobalTracer.printPidInfo_Info: [4.639] encoderXPidCtrl: Target=   0.0, Input=  -0.9, Error=   0.9, PIDTerms= 0.130/ 0.000/ 0.000/ 0.000, Output= 0.130(-0.700/0.700), Volt=9.3(9.0)
GlobalTracer.printPidInfo_Info: [4.639] encoderYPidCtrl: Target=-129.0, Input=  -2.7, Error=-126.3, PIDTerms=-3.789/ 0.000/ 0.000/-0.000, Output=-0.600(-0.600/0.600), Volt=9.3(9.0)
GlobalTracer.printPidInfo_Info: [4.639] gyroTurnPidCtrl: Target=   0.0, Input=  -0.5, Error=   0.5, PIDTerms= 0.006/ 0.000/ 0.000/ 0.000, Output= 0.006(-0.700/0.700), Volt=9.3(9.0)
GlobalTracer.printPidInfo_Info: [4.713] encoderXPidCtrl: Target=   0.0, Input=  -0.9, Error=   0.9, PIDTerms= 0.130/ 0.000/ 0.000/ 0.000, Output= 0.130(-0.700/0.700), Volt=9.4(9.0)
GlobalTracer.printPidInfo_Info: [4.713] encoderYPidCtrl: Target=-129.0, Input=  -2.7, Error=-126.3, PIDTerms=-3.789/ 0.000/ 0.000/-0.000, Output=-0.600(-0.600/0.600), Volt=9.4(9.0)
GlobalTracer.printPidInfo_Info: [4.713] gyroTurnPidCtrl: Target=   0.0, Input=  -0.5, Error=   0.5, PIDTerms= 0.006/ 0.000/ 0.000/ 0.000, Output= 0.006(-0.700/0.700), Volt=9.3(9.0)
GlobalTracer.printPidInfo_Info: [4.780] encoderXPidCtrl: Target=   0.0, Input=  -0.9, Error=   0.9, PIDTerms= 0.130/ 0.000/ 0.000/ 0.000, Output= 0.130(-0.700/0.700), Volt=9.4(9.0)
GlobalTracer.printPidInfo_Info: [4.780] encoderYPidCtrl: Target=-129.0, Input=  -2.7, Error=-126.3, PIDTerms=-3.789/ 0.000/ 0.000/-0.000, Output=-0.600(-0.600/0.600), Volt=9.4(9.0)
GlobalTracer.printPidInfo_Info: [4.780] gyroTurnPidCtrl: Target=   0.0, Input=  -0.5, Error=   0.5, PIDTerms= 0.006/ 0.000/ 0.000/ 0.000, Output= 0.007(-0.700/0.700), Volt=9.4(9.0)
GlobalTracer.printPidInfo_Info: [4.859] encoderXPidCtrl: Target=   0.0, Input=  -0.9, Error=   0.9, PIDTerms= 0.130/ 0.000/ 0.000/ 0.000, Output= 0.130(-0.700/0.700), Volt=9.3(9.0)
GlobalTracer.printPidInfo_Info: [4.859] encoderYPidCtrl: Target=-129.0, Input=  -2.7, Error=-126.3, PIDTerms=-3.789/ 0.000/ 0.000/-0.000, Output=-0.600(-0.600/0.600), Volt=9.3(9.0)
GlobalTracer.printPidInfo_Info: [4.859] gyroTurnPidCtrl: Target=   0.0, Input=  -0.5, Error=   0.5, PIDTerms= 0.006/ 0.000/ 0.000/ 0.000, Output= 0.006(-0.700/0.700), Volt=9.3(9.0)
GlobalTracer.printPidInfo_Info: [4.935] encoderXPidCtrl: Target=   0.0, Input=  -0.9, Error=   0.9, PIDTerms= 0.130/ 0.000/ 0.000/ 0.000, Output= 0.130(-0.700/0.700), Volt=9.3(9.0)
GlobalTracer.printPidInfo_Info: [4.935] encoderYPidCtrl: Target=-129.0, Input=  -2.7, Error=-126.3, PIDTerms=-3.789/ 0.000/ 0.000/-0.000, Output=-0.600(-0.600/0.600), Volt=9.4(9.0)
GlobalTracer.printPidInfo_Info: [4.935] gyroTurnPidCtrl: Target=   0.0, Input=  -0.5, Error=   0.5, PIDTerms= 0.006/ 0.000/ 0.000/ 0.000, Output= 0.007(-0.700/0.700), Volt=9.4(9.0)
GlobalTracer.printPidInfo_Info: [5.025] encoderXPidCtrl: Target=   0.0, Input=  -0.9, Error=   0.9, PIDTerms= 0.131/ 0.000/ 0.001/ 0.000, Output= 0.133(-0.700/0.700), Volt=9.3(9.0)
GlobalTracer.printPidInfo_Info: [5.025] encoderYPidCtrl: Target=-129.0, Input=  -2.7, Error=-126.3, PIDTerms=-3.789/ 0.000/ 0.000/-0.000, Output=-0.600(-0.600/0.600), Volt=9.3(9.0)
GlobalTracer.printPidInfo_Info: [5.025] gyroTurnPidCtrl: Target=   0.0, Input=  -0.5, Error=   0.5, PIDTerms= 0.006/ 0.000/-0.000/ 0.000, Output= 0.006(-0.700/0.700), Volt=9.4(9.0)
GlobalTracer.printPidInfo_Info: [5.113] encoderXPidCtrl: Target=   0.0, Input=  -0.9, Error=   0.9, PIDTerms= 0.132/ 0.000/ 0.001/ 0.000, Output= 0.133(-0.700/0.700), Volt=9.3(9.0)
GlobalTracer.printPidInfo_Info: [5.113] encoderYPidCtrl: Target=-129.0, Input=  -2.7, Error=-126.3, PIDTerms=-3.788/ 0.000/ 0.000/-0.000, Output=-0.600(-0.600/0.600), Volt=9.3(9.0)
GlobalTracer.printPidInfo_Info: [5.113] gyroTurnPidCtrl: Target=   0.0, Input=  -0.5, Error=   0.5, PIDTerms= 0.006/ 0.000/ 0.000/ 0.000, Output= 0.006(-0.700/0.700), Volt=9.3(9.0)
GlobalTracer.printPidInfo_Info: [5.210] encoderXPidCtrl: Target=   0.0, Input=  -0.9, Error=   0.9, PIDTerms= 0.132/ 0.000/ 0.000/ 0.000, Output= 0.132(-0.700/0.700), Volt=9.4(9.0)
GlobalTracer.printPidInfo_Info: [5.210] encoderYPidCtrl: Target=-129.0, Input=  -2.7, Error=-126.3, PIDTerms=-3.788/ 0.000/ 0.000/-0.000, Output=-0.600(-0.600/0.600), Volt=9.4(9.0)
GlobalTracer.printPidInfo_Info: [5.210] gyroTurnPidCtrl: Target=   0.0, Input=  -0.5, Error=   0.5, PIDTerms= 0.006/ 0.000/ 0.000/ 0.000, Output= 0.006(-0.700/0.700), Volt=9.4(9.0)
GlobalTracer.printPidInfo_Info: [5.297] encoderXPidCtrl: Target=   0.0, Input=  -0.9, Error=   0.9, PIDTerms= 0.132/ 0.000/ 0.000/ 0.000, Output= 0.132(-0.700/0.700), Volt=9.4(9.0)
GlobalTracer.printPidInfo_Info: [5.297] encoderYPidCtrl: Target=-129.0, Input=  -2.7, Error=-126.3, PIDTerms=-3.788/ 0.000/ 0.000/-0.000, Output=-0.600(-0.600/0.600), Volt=9.4(9.0)
GlobalTracer.printPidInfo_Info: [5.297] gyroTurnPidCtrl: Target=   0.0, Input=  -0.5, Error=   0.5, PIDTerms= 0.006/ 0.000/ 0.000/ 0.000, Output= 0.007(-0.700/0.700), Volt=9.4(9.0)
GlobalTracer.printPidInfo_Info: [5.358] encoderXPidCtrl: Target=   0.0, Input=  -0.9, Error=   0.9, PIDTerms= 0.132/ 0.000/ 0.000/ 0.000, Output= 0.132(-0.700/0.700), Volt=9.3(9.0)
GlobalTracer.printPidInfo_Info: [5.358] encoderYPidCtrl: Target=-129.0, Input=  -2.7, Error=-126.3, PIDTerms=-3.788/ 0.000/ 0.000/-0.000, Output=-0.600(-0.600/0.600), Volt=9.3(9.0)
GlobalTracer.printPidInfo_Info: [5.358] gyroTurnPidCtrl: Target=   0.0, Input=  -0.5, Error=   0.5, PIDTerms= 0.006/ 0.000/ 0.000/ 0.000, Output= 0.006(-0.700/0.700), Volt=9.4(9.0)
GlobalTracer.printPidInfo_Info: [5.457] encoderXPidCtrl: Target=   0.0, Input=  -0.9, Error=   0.9, PIDTerms= 0.132/ 0.000/ 0.001/ 0.000, Output= 0.133(-0.700/0.700), Volt=9.5(9.0)
GlobalTracer.printPidInfo_Info: [5.457] encoderYPidCtrl: Target=-129.0, Input=  -2.7, Error=-126.3, PIDTerms=-3.788/ 0.000/ 0.000/-0.000, Output=-0.600(-0.600/0.600), Volt=9.4(9.0)
GlobalTracer.printPidInfo_Info: [5.457] gyroTurnPidCtrl: Target=   0.0, Input=  -0.5, Error=   0.5, PIDTerms= 0.006/ 0.000/ 0.000/ 0.000, Output= 0.006(-0.700/0.700), Volt=9.4(9.0)
GlobalTracer.printPidInfo_Info: [5.546] encoderXPidCtrl: Target=   0.0, Input=  -0.9, Error=   0.9, PIDTerms= 0.132/ 0.000/ 0.000/ 0.000, Output= 0.132(-0.700/0.700), Volt=9.4(9.0)
GlobalTracer.printPidInfo_Info: [5.546] encoderYPidCtrl: Target=-129.0, Input=  -2.7, Error=-126.3, PIDTerms=-3.788/ 0.000/ 0.000/-0.000, Output=-0.600(-0.600/0.600), Volt=9.4(9.0)
GlobalTracer.printPidInfo_Info: [5.546] gyroTurnPidCtrl: Target=   0.0, Input=  -0.5, Error=   0.5, PIDTerms= 0.006/ 0.000/ 0.000/ 0.000, Output= 0.006(-0.700/0.700), Volt=9.4(9.0)
GlobalTracer.printPidInfo_Info: [5.618] encoderXPidCtrl: Target=   0.0, Input=  -0.9, Error=   0.9, PIDTerms= 0.133/ 0.000/ 0.001/ 0.000, Output= 0.134(-0.700/0.700), Volt=9.4(9.0)
GlobalTracer.printPidInfo_Info: [5.618] encoderYPidCtrl: Target=-129.0, Input=  -2.7, Error=-126.3, PIDTerms=-3.788/ 0.000/ 0.000/-0.000, Output=-0.600(-0.600/0.600), Volt=9.4(9.0)
GlobalTracer.printPidInfo_Info: [5.618] gyroTurnPidCtrl: Target=   0.0, Input=  -0.5, Error=   0.5, PIDTerms= 0.006/ 0.000/ 0.000/ 0.000, Output= 0.006(-0.700/0.700), Volt=9.4(9.0)
GlobalTracer.printPidInfo_Info: [5.703] encoderXPidCtrl: Target=   0.0, Input=  -0.9, Error=   0.9, PIDTerms= 0.133/ 0.000/ 0.000/ 0.000, Output= 0.133(-0.700/0.700), Volt=9.4(9.0)
GlobalTracer.printPidInfo_Info: [5.703] encoderYPidCtrl: Target=-129.0, Input=  -2.7, Error=-126.3, PIDTerms=-3.788/ 0.000/ 0.000/-0.000, Output=-0.600(-0.600/0.600), Volt=9.4(9.0)
GlobalTracer.printPidInfo_Info: [5.703] gyroTurnPidCtrl: Target=   0.0, Input=  -0.5, Error=   0.5, PIDTerms= 0.006/ 0.000/ 0.000/ 0.000, Output= 0.006(-0.700/0.700), Volt=9.4(9.0)
GlobalTracer.printPidInfo_Info: [5.777] encoderXPidCtrl: Target=   0.0, Input=  -0.9, Error=   0.9, PIDTerms= 0.133/ 0.000/ 0.000/ 0.000, Output= 0.133(-0.700/0.700), Volt=9.4(9.0)
GlobalTracer.printPidInfo_Info: [5.777] encoderYPidCtrl: Target=-129.0, Input=  -2.7, Error=-126.3, PIDTerms=-3.788/ 0.000/ 0.000/-0.000, Output=-0.600(-0.600/0.600), Volt=9.4(9.0)
GlobalTracer.printPidInfo_Info: [5.777] gyroTurnPidCtrl: Target=   0.0, Input=  -0.6, Error=   0.6, PIDTerms= 0.007/ 0.000/ 0.000/ 0.000, Output= 0.007(-0.700/0.700), Volt=9.4(9.0)
GlobalTracer.printPidInfo_Info: [5.850] encoderXPidCtrl: Target=   0.0, Input=  -0.9, Error=   0.9, PIDTerms= 0.133/ 0.000/ 0.000/ 0.000, Output= 0.133(-0.700/0.700), Volt=9.3(9.0)
GlobalTracer.printPidInfo_Info: [5.850] encoderYPidCtrl: Target=-129.0, Input=  -2.7, Error=-126.3, PIDTerms=-3.788/ 0.000/ 0.000/-0.000, Output=-0.600(-0.600/0.600), Volt=9.3(9.0)
GlobalTracer.printPidInfo_Info: [5.850] gyroTurnPidCtrl: Target=   0.0, Input=  -0.6, Error=   0.6, PIDTerms= 0.007/ 0.000/ 0.000/ 0.000, Output= 0.007(-0.700/0.700), Volt=9.3(9.0)
GlobalTracer.printPidInfo_Info: [5.918] encoderXPidCtrl: Target=   0.0, Input=  -0.9, Error=   0.9, PIDTerms= 0.133/ 0.000/ 0.000/ 0.000, Output= 0.133(-0.700/0.700), Volt=9.4(9.0)
GlobalTracer.printPidInfo_Info: [5.918] encoderYPidCtrl: Target=-129.0, Input=  -2.7, Error=-126.3, PIDTerms=-3.788/ 0.000/ 0.000/-0.000, Output=-0.600(-0.600/0.600), Volt=9.4(9.0)
GlobalTracer.printPidInfo_Info: [5.918] gyroTurnPidCtrl: Target=   0.0, Input=  -0.6, Error=   0.6, PIDTerms= 0.007/ 0.000/ 0.000/ 0.000, Output= 0.007(-0.700/0.700), Volt=9.4(9.0)
GlobalTracer.printPidInfo_Info: [6.018] encoderXPidCtrl: Target=   0.0, Input=  -0.9, Error=   0.9, PIDTerms= 0.133/ 0.000/ 0.000/ 0.000, Output= 0.133(-0.700/0.700), Volt=9.2(9.0)
GlobalTracer.printPidInfo_Info: [6.018] encoderYPidCtrl: Target=-129.0, Input=  -2.7, Error=-126.3, PIDTerms=-3.788/ 0.000/ 0.000/-0.000, Output=-0.600(-0.600/0.600), Volt=9.2(9.0)
GlobalTracer.printPidInfo_Info: [6.018] gyroTurnPidCtrl: Target=   0.0, Input=  -0.6, Error=   0.6, PIDTerms= 0.007/ 0.000/ 0.000/ 0.000, Output= 0.007(-0.700/0.700), Volt=9.2(9.0)
GlobalTracer.postContinuousTask_Info: Stalled=true, Expired=false
GlobalTracer.AutoSwitchPeriodic_Info: sonarDistance=142.4, yPos=2.7
GlobalTracer.Robot_Info: [6.102] CHECK_SONAR_DISTANCE: xPos= -0.89,yPos= -2.73,heading=  -0.6/   0.0,volts=12.0(9.0)
GlobalTracer.printPidInfo_Info: [6.102] encoderXPidCtrl: Target=  -0.9, Input=  -0.9, Error=   0.0, PIDTerms= 0.133/ 0.000/ 0.000/ 0.000, Output= 0.000(-0.700/0.700), Volt=12.0(9.0)
GlobalTracer.printPidInfo_Info: [6.102] encoderYPidCtrl: Target=-145.0, Input=  -2.7, Error=-142.3, PIDTerms=-3.788/ 0.000/ 0.000/-0.000, Output= 0.000(-0.600/0.600), Volt=12.2(9.0)
GlobalTracer.printPidInfo_Info: [6.102] gyroTurnPidCtrl: Target=   0.0, Input=  -0.6, Error=   0.6, PIDTerms= 0.007/ 0.000/ 0.000/ 0.000, Output= 0.000(-0.700/0.700), Volt=12.2(9.0)
GlobalTracer.printPidInfo_Info: [6.202] encoderXPidCtrl: Target=  -0.9, Input=  -0.9, Error=   0.0, PIDTerms= 0.000/ 0.000/ 0.000/-0.000, Output= 0.000(-0.700/0.700), Volt=9.9(9.0)
GlobalTracer.printPidInfo_Info: [6.202] encoderYPidCtrl: Target=-145.0, Input=  -2.7, Error=-142.3, PIDTerms=-4.268/ 0.000/ 0.000/-0.000, Output=-0.600(-0.600/0.600), Volt=9.9(9.0)
GlobalTracer.printPidInfo_Info: [6.202] gyroTurnPidCtrl: Target=   0.0, Input=  -0.6, Error=   0.6, PIDTerms= 0.007/ 0.000/ 0.000/ 0.000, Output= 0.007(-0.700/0.700), Volt=9.9(9.0)
GlobalTracer.printPidInfo_Info: [6.293] encoderXPidCtrl: Target=  -0.9, Input=  -1.0, Error=   0.1, PIDTerms= 0.016/ 0.000/ 0.014/-0.000, Output= 0.029(-0.700/0.700), Volt=9.7(9.0)
GlobalTracer.printPidInfo_Info: [6.293] encoderYPidCtrl: Target=-145.0, Input=  -2.7, Error=-142.3, PIDTerms=-4.268/ 0.000/-0.000/-0.000, Output=-0.600(-0.600/0.600), Volt=9.7(9.0)
GlobalTracer.printPidInfo_Info: [6.293] gyroTurnPidCtrl: Target=   0.0, Input=  -0.7, Error=   0.7, PIDTerms= 0.009/ 0.000/ 0.002/ 0.000, Output= 0.010(-0.700/0.700), Volt=9.7(9.0)
GlobalTracer.printPidInfo_Info: [6.360] encoderXPidCtrl: Target=  -0.9, Input=  -1.6, Error=   0.7, PIDTerms= 0.106/ 0.000/ 0.124/-0.000, Output= 0.229(-0.700/0.700), Volt=9.2(9.0)
GlobalTracer.printPidInfo_Info: [6.360] encoderYPidCtrl: Target=-145.0, Input=  -3.7, Error=-141.3, PIDTerms=-4.238/ 0.000/ 0.014/-0.000, Output=-0.600(-0.600/0.600), Volt=8.9(9.0)
GlobalTracer.printPidInfo_Info: [6.360] gyroTurnPidCtrl: Target=   0.0, Input=  -0.7, Error=   0.7, PIDTerms= 0.009/ 0.000/-0.000/ 0.000, Output= 0.009(-0.700/0.700), Volt=8.9(9.0)
GlobalTracer.printPidInfo_Info: [6.446] encoderXPidCtrl: Target=  -0.9, Input=  -1.7, Error=   0.8, PIDTerms= 0.124/ 0.000/ 0.023/-0.000, Output= 0.147(-0.700/0.700), Volt=9.2(9.0)
GlobalTracer.printPidInfo_Info: [6.446] encoderYPidCtrl: Target=-145.0, Input=  -3.9, Error=-141.1, PIDTerms=-4.232/ 0.000/ 0.002/-0.000, Output=-0.600(-0.600/0.600), Volt=9.2(9.0)
GlobalTracer.printPidInfo_Info: [6.446] gyroTurnPidCtrl: Target=   0.0, Input=  -0.6, Error=   0.6, PIDTerms= 0.008/ 0.000/-0.001/ 0.000, Output= 0.007(-0.700/0.700), Volt=9.2(9.0)
GlobalTracer.printPidInfo_Info: [6.503] encoderXPidCtrl: Target=  -0.9, Input=  -1.8, Error=   0.9, PIDTerms= 0.135/ 0.000/ 0.015/-0.000, Output= 0.151(-0.700/0.700), Volt=9.2(9.0)
GlobalTracer.printPidInfo_Info: [6.503] encoderYPidCtrl: Target=-145.0, Input=  -4.0, Error=-141.0, PIDTerms=-4.229/ 0.000/ 0.002/-0.000, Output=-0.600(-0.600/0.600), Volt=9.2(9.0)
GlobalTracer.printPidInfo_Info: [6.503] gyroTurnPidCtrl: Target=   0.0, Input=  -0.7, Error=   0.7, PIDTerms= 0.008/ 0.000/ 0.001/ 0.000, Output= 0.009(-0.700/0.700), Volt=9.2(9.0)
GlobalTracer.printPidInfo_Info: [6.587] encoderXPidCtrl: Target=  -0.9, Input=  -1.8, Error=   0.9, PIDTerms= 0.136/ 0.000/ 0.001/-0.000, Output= 0.138(-0.700/0.700), Volt=9.3(9.0)
GlobalTracer.printPidInfo_Info: [6.587] encoderYPidCtrl: Target=-145.0, Input=  -4.1, Error=-140.9, PIDTerms=-4.228/ 0.000/ 0.000/-0.000, Output=-0.600(-0.600/0.600), Volt=9.3(9.0)
GlobalTracer.printPidInfo_Info: [6.587] gyroTurnPidCtrl: Target=   0.0, Input=  -0.7, Error=   0.7, PIDTerms= 0.008/ 0.000/-0.000/ 0.000, Output= 0.008(-0.700/0.700), Volt=9.3(9.0)
GlobalTracer.printPidInfo_Info: [6.675] encoderXPidCtrl: Target=  -0.9, Input=  -1.8, Error=   0.9, PIDTerms= 0.138/ 0.000/ 0.002/-0.000, Output= 0.140(-0.700/0.700), Volt=9.1(9.0)
GlobalTracer.printPidInfo_Info: [6.675] encoderYPidCtrl: Target=-145.0, Input=  -4.1, Error=-140.9, PIDTerms=-4.228/ 0.000/ 0.000/-0.000, Output=-0.600(-0.600/0.600), Volt=9.1(9.0)
GlobalTracer.printPidInfo_Info: [6.675] gyroTurnPidCtrl: Target=   0.0, Input=  -0.7, Error=   0.7, PIDTerms= 0.008/ 0.000/ 0.000/ 0.000, Output= 0.008(-0.700/0.700), Volt=9.1(9.0)
GlobalTracer.printPidInfo_Info: [6.741] encoderXPidCtrl: Target=  -0.9, Input=  -1.8, Error=   0.9, PIDTerms= 0.138/ 0.000/ 0.000/-0.000, Output= 0.138(-0.700/0.700), Volt=9.2(9.0)
GlobalTracer.printPidInfo_Info: [6.741] encoderYPidCtrl: Target=-145.0, Input=  -4.1, Error=-140.9, PIDTerms=-4.228/ 0.000/ 0.000/-0.000, Output=-0.600(-0.600/0.600), Volt=9.2(9.0)
GlobalTracer.printPidInfo_Info: [6.741] gyroTurnPidCtrl: Target=   0.0, Input=  -0.7, Error=   0.7, PIDTerms= 0.008/ 0.000/ 0.000/ 0.000, Output= 0.008(-0.700/0.700), Volt=9.2(9.0)
GlobalTracer.printPidInfo_Info: [6.810] encoderXPidCtrl: Target=  -0.9, Input=  -1.8, Error=   0.9, PIDTerms= 0.138/ 0.000/ 0.000/-0.000, Output= 0.138(-0.700/0.700), Volt=9.1(9.0)
GlobalTracer.printPidInfo_Info: [6.810] encoderYPidCtrl: Target=-145.0, Input=  -4.1, Error=-140.9, PIDTerms=-4.228/ 0.000/ 0.000/-0.000, Output=-0.600(-0.600/0.600), Volt=9.1(9.0)
GlobalTracer.printPidInfo_Info: [6.810] gyroTurnPidCtrl: Target=   0.0, Input=  -0.7, Error=   0.7, PIDTerms= 0.008/ 0.000/ 0.000/ 0.000, Output= 0.008(-0.700/0.700), Volt=9.1(9.0)
GlobalTracer.printPidInfo_Info: [6.882] encoderXPidCtrl: Target=  -0.9, Input=  -1.8, Error=   0.9, PIDTerms= 0.138/ 0.000/ 0.001/-0.000, Output= 0.139(-0.700/0.700), Volt=9.2(9.0)
GlobalTracer.printPidInfo_Info: [6.882] encoderYPidCtrl: Target=-145.0, Input=  -4.1, Error=-140.9, PIDTerms=-4.228/ 0.000/ 0.000/-0.000, Output=-0.600(-0.600/0.600), Volt=9.2(9.0)
GlobalTracer.printPidInfo_Info: [6.882] gyroTurnPidCtrl: Target=   0.0, Input=  -0.7, Error=   0.7, PIDTerms= 0.008/ 0.000/ 0.000/ 0.000, Output= 0.008(-0.700/0.700), Volt=9.1(9.0)
GlobalTracer.printPidInfo_Info: [6.960] encoderXPidCtrl: Target=  -0.9, Input=  -1.8, Error=   0.9, PIDTerms= 0.139/ 0.000/ 0.001/-0.000, Output= 0.140(-0.700/0.700), Volt=9.1(9.0)
GlobalTracer.printPidInfo_Info: [6.960] encoderYPidCtrl: Target=-145.0, Input=  -4.1, Error=-140.9, PIDTerms=-4.228/ 0.000/ 0.000/-0.000, Output=-0.600(-0.600/0.600), Volt=9.1(9.0)
GlobalTracer.printPidInfo_Info: [6.960] gyroTurnPidCtrl: Target=   0.0, Input=  -0.7, Error=   0.7, PIDTerms= 0.008/ 0.000/ 0.000/ 0.000, Output= 0.008(-0.700/0.700), Volt=9.1(9.0)
GlobalTracer.printPidInfo_Info: [7.020] encoderXPidCtrl: Target=  -0.9, Input=  -1.8, Error=   0.9, PIDTerms= 0.140/ 0.000/ 0.001/-0.000, Output= 0.141(-0.700/0.700), Volt=9.2(9.0)
GlobalTracer.printPidInfo_Info: [7.020] encoderYPidCtrl: Target=-145.0, Input=  -4.1, Error=-140.9, PIDTerms=-4.227/ 0.000/ 0.000/-0.000, Output=-0.600(-0.600/0.600), Volt=9.2(9.0)
GlobalTracer.printPidInfo_Info: [7.020] gyroTurnPidCtrl: Target=   0.0, Input=  -0.7, Error=   0.7, PIDTerms= 0.008/ 0.000/ 0.000/ 0.000, Output= 0.008(-0.700/0.700), Volt=9.2(9.0)
GlobalTracer.printPidInfo_Info: [7.097] encoderXPidCtrl: Target=  -0.9, Input=  -1.8, Error=   0.9, PIDTerms= 0.139/ 0.000/-0.001/-0.000, Output= 0.138(-0.700/0.700), Volt=9.1(9.0)
GlobalTracer.printPidInfo_Info: [7.097] encoderYPidCtrl: Target=-145.0, Input=  -4.1, Error=-140.9, PIDTerms=-4.227/ 0.000/ 0.000/-0.000, Output=-0.600(-0.600/0.600), Volt=9.1(9.0)
GlobalTracer.printPidInfo_Info: [7.097] gyroTurnPidCtrl: Target=   0.0, Input=  -0.7, Error=   0.7, PIDTerms= 0.008/ 0.000/ 0.000/ 0.000, Output= 0.008(-0.700/0.700), Volt=9.1(9.0)
GlobalTracer.printPidInfo_Info: [7.181] encoderXPidCtrl: Target=  -0.9, Input=  -1.8, Error=   0.9, PIDTerms= 0.140/ 0.000/ 0.001/-0.000, Output= 0.140(-0.700/0.700), Volt=9.1(9.0)
GlobalTracer.printPidInfo_Info: [7.181] encoderYPidCtrl: Target=-145.0, Input=  -4.1, Error=-140.9, PIDTerms=-4.227/ 0.000/ 0.000/-0.000, Output=-0.600(-0.600/0.600), Volt=9.1(9.0)
GlobalTracer.printPidInfo_Info: [7.181] gyroTurnPidCtrl: Target=   0.0, Input=  -0.7, Error=   0.7, PIDTerms= 0.008/ 0.000/ 0.000/ 0.000, Output= 0.008(-0.700/0.700), Volt=9.1(9.0)
GlobalTracer.printPidInfo_Info: [7.244] encoderXPidCtrl: Target=  -0.9, Input=  -1.8, Error=   0.9, PIDTerms= 0.140/ 0.000/ 0.000/-0.000, Output= 0.140(-0.700/0.700), Volt=9.1(9.0)
GlobalTracer.printPidInfo_Info: [7.244] encoderYPidCtrl: Target=-145.0, Input=  -4.1, Error=-140.9, PIDTerms=-4.227/ 0.000/ 0.000/-0.000, Output=-0.600(-0.600/0.600), Volt=9.1(9.0)
GlobalTracer.printPidInfo_Info: [7.244] gyroTurnPidCtrl: Target=   0.0, Input=  -0.7, Error=   0.7, PIDTerms= 0.008/ 0.000/ 0.000/ 0.000, Output= 0.008(-0.700/0.700), Volt=9.1(9.0)
GlobalTracer.printPidInfo_Info: [7.342] encoderXPidCtrl: Target=  -0.9, Input=  -1.8, Error=   0.9, PIDTerms= 0.141/ 0.000/ 0.001/-0.000, Output= 0.142(-0.700/0.700), Volt=9.1(9.0)
GlobalTracer.printPidInfo_Info: [7.342] encoderYPidCtrl: Target=-145.0, Input=  -4.1, Error=-140.9, PIDTerms=-4.227/ 0.000/ 0.000/-0.000, Output=-0.600(-0.600/0.600), Volt=9.1(9.0)
GlobalTracer.printPidInfo_Info: [7.342] gyroTurnPidCtrl: Target=   0.0, Input=  -0.7, Error=   0.7, PIDTerms= 0.008/ 0.000/ 0.000/ 0.000, Output= 0.008(-0.700/0.700), Volt=9.1(9.0)
GlobalTracer.printPidInfo_Info: [7.421] encoderXPidCtrl: Target=  -0.9, Input=  -1.8, Error=   0.9, PIDTerms= 0.141/ 0.000/ 0.001/-0.000, Output= 0.142(-0.700/0.700), Volt=9.1(9.0)
GlobalTracer.printPidInfo_Info: [7.421] encoderYPidCtrl: Target=-145.0, Input=  -4.1, Error=-140.9, PIDTerms=-4.227/ 0.000/ 0.000/-0.000, Output=-0.600(-0.600/0.600), Volt=9.1(9.0)
GlobalTracer.printPidInfo_Info: [7.421] gyroTurnPidCtrl: Target=   0.0, Input=  -0.7, Error=   0.7, PIDTerms= 0.008/ 0.000/ 0.000/ 0.000, Output= 0.008(-0.700/0.700), Volt=9.1(9.0)
GlobalTracer.printPidInfo_Info: [7.495] encoderXPidCtrl: Target=  -0.9, Input=  -1.8, Error=   0.9, PIDTerms= 0.141/ 0.000/ 0.000/-0.000, Output= 0.141(-0.700/0.700), Volt=9.3(9.0)
GlobalTracer.printPidInfo_Info: [7.495] encoderYPidCtrl: Target=-145.0, Input=  -4.1, Error=-140.9, PIDTerms=-4.227/ 0.000/ 0.000/-0.000, Output=-0.600(-0.600/0.600), Volt=9.3(9.0)
GlobalTracer.printPidInfo_Info: [7.495] gyroTurnPidCtrl: Target=   0.0, Input=  -0.7, Error=   0.7, PIDTerms= 0.008/ 0.000/ 0.000/ 0.000, Output= 0.008(-0.700/0.700), Volt=9.3(9.0)
GlobalTracer.printPidInfo_Info: [7.556] encoderXPidCtrl: Target=  -0.9, Input=  -1.8, Error=   0.9, PIDTerms= 0.141/ 0.000/ 0.000/-0.000, Output= 0.141(-0.700/0.700), Volt=9.2(9.0)
GlobalTracer.printPidInfo_Info: [7.556] encoderYPidCtrl: Target=-145.0, Input=  -4.1, Error=-140.9, PIDTerms=-4.227/ 0.000/ 0.000/-0.000, Output=-0.600(-0.600/0.600), Volt=9.2(9.0)
GlobalTracer.printPidInfo_Info: [7.556] gyroTurnPidCtrl: Target=   0.0, Input=  -0.7, Error=   0.7, PIDTerms= 0.008/ 0.000/ 0.000/ 0.000, Output= 0.008(-0.700/0.700), Volt=9.2(9.0)
GlobalTracer.printPidInfo_Info: [7.635] encoderXPidCtrl: Target=  -0.9, Input=  -1.8, Error=   0.9, PIDTerms= 0.141/ 0.000/ 0.000/-0.000, Output= 0.141(-0.700/0.700), Volt=9.3(9.0)
GlobalTracer.printPidInfo_Info: [7.635] encoderYPidCtrl: Target=-145.0, Input=  -4.1, Error=-140.9, PIDTerms=-4.227/ 0.000/ 0.000/-0.000, Output=-0.600(-0.600/0.600), Volt=9.3(9.0)
GlobalTracer.printPidInfo_Info: [7.635] gyroTurnPidCtrl: Target=   0.0, Input=  -0.7, Error=   0.7, PIDTerms= 0.008/ 0.000/ 0.000/ 0.000, Output= 0.008(-0.700/0.700), Volt=9.3(9.0)
GlobalTracer.printPidInfo_Info: [7.681] encoderXPidCtrl: Target=  -0.9, Input=  -1.8, Error=   0.9, PIDTerms= 0.141/ 0.000/ 0.000/-0.000, Output= 0.141(-0.700/0.700), Volt=9.1(9.0)
GlobalTracer.printPidInfo_Info: [7.681] encoderYPidCtrl: Target=-145.0, Input=  -4.1, Error=-140.9, PIDTerms=-4.227/ 0.000/ 0.000/-0.000, Output=-0.600(-0.600/0.600), Volt=9.1(9.0)
GlobalTracer.printPidInfo_Info: [7.681] gyroTurnPidCtrl: Target=   0.0, Input=  -0.7, Error=   0.7, PIDTerms= 0.008/ 0.000/ 0.000/ 0.000, Output= 0.008(-0.700/0.700), Volt=9.1(9.0)
GlobalTracer.printPidInfo_Info: [7.745] encoderXPidCtrl: Target=  -0.9, Input=  -1.8, Error=   0.9, PIDTerms= 0.141/ 0.000/ 0.000/-0.000, Output= 0.141(-0.700/0.700), Volt=9.2(9.0)
GlobalTracer.printPidInfo_Info: [7.745] encoderYPidCtrl: Target=-145.0, Input=  -4.1, Error=-140.9, PIDTerms=-4.227/ 0.000/ 0.000/-0.000, Output=-0.600(-0.600/0.600), Volt=9.2(9.0)
GlobalTracer.printPidInfo_Info: [7.745] gyroTurnPidCtrl: Target=   0.0, Input=  -0.7, Error=   0.7, PIDTerms= 0.008/ 0.000/ 0.000/ 0.000, Output= 0.008(-0.700/0.700), Volt=9.2(9.0)
GlobalTracer.printPidInfo_Info: [7.805] encoderXPidCtrl: Target=  -0.9, Input=  -1.8, Error=   0.9, PIDTerms= 0.141/ 0.000/ 0.000/-0.000, Output= 0.141(-0.700/0.700), Volt=9.1(9.0)
GlobalTracer.printPidInfo_Info: [7.805] encoderYPidCtrl: Target=-145.0, Input=  -4.1, Error=-140.9, PIDTerms=-4.227/ 0.000/ 0.000/-0.000, Output=-0.600(-0.600/0.600), Volt=9.1(9.0)
GlobalTracer.printPidInfo_Info: [7.805] gyroTurnPidCtrl: Target=   0.0, Input=  -0.7, Error=   0.7, PIDTerms= 0.008/ 0.000/ 0.000/ 0.000, Output= 0.009(-0.700/0.700), Volt=9.1(9.0)
GlobalTracer.printPidInfo_Info: [7.880] encoderXPidCtrl: Target=  -0.9, Input=  -1.8, Error=   0.9, PIDTerms= 0.142/ 0.000/ 0.001/-0.000, Output= 0.142(-0.700/0.700), Volt=9.3(9.0)
GlobalTracer.printPidInfo_Info: [7.880] encoderYPidCtrl: Target=-145.0, Input=  -4.1, Error=-140.9, PIDTerms=-4.227/ 0.000/ 0.000/-0.000, Output=-0.600(-0.600/0.600), Volt=9.3(9.0)
GlobalTracer.printPidInfo_Info: [7.880] gyroTurnPidCtrl: Target=   0.0, Input=  -0.7, Error=   0.7, PIDTerms= 0.008/ 0.000/ 0.000/ 0.000, Output= 0.008(-0.700/0.700), Volt=9.3(9.0)
GlobalTracer.printPidInfo_Info: [7.928] encoderXPidCtrl: Target=  -0.9, Input=  -1.8, Error=   0.9, PIDTerms= 0.142/ 0.000/ 0.000/-0.000, Output= 0.142(-0.700/0.700), Volt=9.1(9.0)
GlobalTracer.printPidInfo_Info: [7.928] encoderYPidCtrl: Target=-145.0, Input=  -4.1, Error=-140.9, PIDTerms=-4.227/ 0.000/ 0.000/-0.000, Output=-0.600(-0.600/0.600), Volt=9.1(9.0)
GlobalTracer.printPidInfo_Info: [7.928] gyroTurnPidCtrl: Target=   0.0, Input=  -0.7, Error=   0.7, PIDTerms= 0.008/ 0.000/ 0.000/ 0.000, Output= 0.008(-0.700/0.700), Volt=9.1(9.0)
GlobalTracer.printPidInfo_Info: [8.003] encoderXPidCtrl: Target=  -0.9, Input=  -1.8, Error=   0.9, PIDTerms= 0.142/ 0.000/ 0.000/-0.000, Output= 0.142(-0.700/0.700), Volt=9.1(9.0)
GlobalTracer.printPidInfo_Info: [8.003] encoderYPidCtrl: Target=-145.0, Input=  -4.1, Error=-140.9, PIDTerms=-4.227/ 0.000/ 0.000/-0.000, Output=-0.600(-0.600/0.600), Volt=9.1(9.0)
GlobalTracer.printPidInfo_Info: [8.003] gyroTurnPidCtrl: Target=   0.0, Input=  -0.7, Error=   0.7, PIDTerms= 0.008/ 0.000/ 0.000/ 0.000, Output= 0.008(-0.700/0.700), Volt=9.1(9.0)
GlobalTracer.printPidInfo_Info: [8.069] encoderXPidCtrl: Target=  -0.9, Input=  -1.8, Error=   0.9, PIDTerms= 0.142/ 0.000/ 0.000/-0.000, Output= 0.142(-0.700/0.700), Volt=9.1(9.0)
GlobalTracer.printPidInfo_Info: [8.069] encoderYPidCtrl: Target=-145.0, Input=  -4.1, Error=-140.9, PIDTerms=-4.227/ 0.000/ 0.000/-0.000, Output=-0.600(-0.600/0.600), Volt=9.1(9.0)
GlobalTracer.printPidInfo_Info: [8.069] gyroTurnPidCtrl: Target=   0.0, Input=  -0.7, Error=   0.7, PIDTerms= 0.008/ 0.000/ 0.000/ 0.000, Output= 0.008(-0.700/0.700), Volt=9.1(9.0)
GlobalTracer.printPidInfo_Info: [8.166] encoderXPidCtrl: Target=  -0.9, Input=  -1.8, Error=   0.9, PIDTerms= 0.142/ 0.000/ 0.000/-0.000, Output= 0.142(-0.700/0.700), Volt=9.2(9.0)
GlobalTracer.printPidInfo_Info: [8.166] encoderYPidCtrl: Target=-145.0, Input=  -4.1, Error=-140.9, PIDTerms=-4.227/ 0.000/ 0.000/-0.000, Output=-0.600(-0.600/0.600), Volt=9.2(9.0)
GlobalTracer.printPidInfo_Info: [8.166] gyroTurnPidCtrl: Target=   0.0, Input=  -0.7, Error=   0.7, PIDTerms= 0.008/ 0.000/ 0.000/ 0.000, Output= 0.008(-0.700/0.700), Volt=9.2(9.0)
GlobalTracer.printPidInfo_Info: [8.244] encoderXPidCtrl: Target=  -0.9, Input=  -1.8, Error=   0.9, PIDTerms= 0.142/ 0.000/ 0.000/-0.000, Output= 0.142(-0.700/0.700), Volt=9.2(9.0)
GlobalTracer.printPidInfo_Info: [8.244] encoderYPidCtrl: Target=-145.0, Input=  -4.1, Error=-140.9, PIDTerms=-4.227/ 0.000/ 0.000/-0.000, Output=-0.600(-0.600/0.600), Volt=9.2(9.0)
GlobalTracer.printPidInfo_Info: [8.244] gyroTurnPidCtrl: Target=   0.0, Input=  -0.7, Error=   0.7, PIDTerms= 0.009/ 0.000/ 0.000/ 0.000, Output= 0.009(-0.700/0.700), Volt=9.2(9.0)
GlobalTracer.printPidInfo_Info: [8.316] encoderXPidCtrl: Target=  -0.9, Input=  -1.8, Error=   0.9, PIDTerms= 0.142/ 0.000/ 0.000/-0.000, Output= 0.142(-0.700/0.700), Volt=9.3(9.0)
GlobalTracer.printPidInfo_Info: [8.316] encoderYPidCtrl: Target=-145.0, Input=  -4.1, Error=-140.9, PIDTerms=-4.227/ 0.000/ 0.000/-0.000, Output=-0.600(-0.600/0.600), Volt=9.3(9.0)
GlobalTracer.printPidInfo_Info: [8.316] gyroTurnPidCtrl: Target=   0.0, Input=  -0.7, Error=   0.7, PIDTerms= 0.009/ 0.000/ 0.000/ 0.000, Output= 0.009(-0.700/0.700), Volt=9.3(9.0)
GlobalTracer.postContinuousTask_Info: Stalled=true, Expired=false
GlobalTracer.Robot_Info: [8.373] SONAR_STRAFE_TO_SWITCH: xPos= -1.84,yPos= -4.00,heading=  -0.7/   0.0,volts=12.2(9.0)
GlobalTracer.printPidInfo_Info: [8.373] encoderXPidCtrl: Target=-131.2, Input=  -1.8, Error=-129.4, PIDTerms= 0.142/ 0.000/ 0.000/-0.000, Output= 0.000(-0.500/0.500), Volt=12.2(9.0)
GlobalTracer.printPidInfo_Info: [8.373] encoderYPidCtrl: Target=  -4.0, Input=  -4.1, Error=   0.0, PIDTerms=-4.227/ 0.000/ 0.000/-0.000, Output= 0.000(-0.600/0.600), Volt=12.2(9.0)
GlobalTracer.printPidInfo_Info: [8.373] gyroTurnPidCtrl: Target=   0.0, Input=  -0.7, Error=   0.7, PIDTerms= 0.009/ 0.000/ 0.000/ 0.000, Output= 0.000(-0.700/0.700), Volt=12.2(9.0)
GlobalTracer.startCompetition_Warn: AUTO_MODE takes too long (0.152s)

GlobalTracer.printPidInfo_Info: [8.527] encoderXPidCtrl: Target=-131.2, Input=  -1.8, Error=-129.4, PIDTerms=-19.408/ 0.000/ 0.000/-0.000, Output=-0.500(-0.500/0.500), Volt=10.5(9.0)
GlobalTracer.printPidInfo_Info: [8.527] encoderYPidCtrl: Target=  -4.0, Input=  -4.0, Error=   0.0, PIDTerms= 0.000/ 0.000/ 0.000/-0.000, Output= 0.000(-0.600/0.600), Volt=10.5(9.0)
GlobalTracer.printPidInfo_Info: [8.527] gyroTurnPidCtrl: Target=   0.0, Input=  -0.7, Error=   0.7, PIDTerms= 0.008/ 0.000/ 0.000/ 0.000, Output= 0.008(-0.700/0.700), Volt=10.5(9.0)
GlobalTracer.startCompetition_Warn: AUTO_MODE takes too long (0.168s)

GlobalTracer.printPidInfo_Info: [8.697] encoderXPidCtrl: Target=-131.2, Input=  -2.3, Error=-128.9, PIDTerms=-19.341/ 0.000/ 0.038/-0.000, Output=-0.500(-0.500/0.500), Volt=10.4(9.0)
GlobalTracer.printPidInfo_Info: [8.697] encoderYPidCtrl: Target=  -4.0, Input=  -3.6, Error=  -0.4, PIDTerms=-0.012/ 0.000/-0.002/-0.000, Output=-0.015(-0.600/0.600), Volt=10.4(9.0)
GlobalTracer.printPidInfo_Info: [8.697] gyroTurnPidCtrl: Target=   0.0, Input=  -0.9, Error=   0.9, PIDTerms= 0.010/ 0.000/ 0.001/ 0.000, Output= 0.011(-0.700/0.700), Volt=10.6(9.0)
GlobalTracer.startCompetition_Warn: AUTO_MODE takes too long (0.155s)

GlobalTracer.printPidInfo_Info: [8.854] encoderXPidCtrl: Target=-131.2, Input=  -3.4, Error=-127.8, PIDTerms=-19.175/ 0.000/ 0.101/-0.000, Output=-0.500(-0.500/0.500), Volt=10.5(9.0)
GlobalTracer.printPidInfo_Info: [8.854] encoderYPidCtrl: Target=  -4.0, Input=  -3.7, Error=  -0.3, PIDTerms=-0.009/ 0.000/ 0.001/-0.000, Output=-0.008(-0.600/0.600), Volt=10.5(9.0)
GlobalTracer.printPidInfo_Info: [8.854] gyroTurnPidCtrl: Target=   0.0, Input=  -0.4, Error=   0.4, PIDTerms= 0.005/ 0.000/-0.003/ 0.000, Output= 0.002(-0.700/0.700), Volt=10.5(9.0)
GlobalTracer.startCompetition_Warn: AUTO_MODE takes too long (0.162s)

GlobalTracer.printPidInfo_Info: [9.021] encoderXPidCtrl: Target=-131.2, Input=  -4.9, Error=-126.3, PIDTerms=-18.952/ 0.000/ 0.130/-0.000, Output=-0.500(-0.500/0.500), Volt=10.7(9.0)
GlobalTracer.printPidInfo_Info: [9.021] encoderYPidCtrl: Target=  -4.0, Input=  -3.9, Error=  -0.1, PIDTerms=-0.003/ 0.000/ 0.001/-0.000, Output=-0.002(-0.600/0.600), Volt=10.7(9.0)
GlobalTracer.printPidInfo_Info: [9.021] gyroTurnPidCtrl: Target=   0.0, Input=  -0.1, Error=   0.1, PIDTerms= 0.002/ 0.000/-0.002/ 0.000, Output= 0.000(-0.700/0.700), Volt=10.7(9.0)
GlobalTracer.startCompetition_Warn: AUTO_MODE takes too long (0.170s)

GlobalTracer.printPidInfo_Info: [9.197] encoderXPidCtrl: Target=-131.2, Input=  -6.7, Error=-124.5, PIDTerms=-18.674/ 0.000/ 0.170/-0.000, Output=-0.500(-0.500/0.500), Volt=10.7(9.0)
GlobalTracer.printPidInfo_Info: [9.197] encoderYPidCtrl: Target=  -4.0, Input=  -4.0, Error=   0.0, PIDTerms= 0.001/ 0.000/ 0.001/-0.000, Output= 0.002(-0.600/0.600), Volt=10.6(9.0)
GlobalTracer.printPidInfo_Info: [9.197] gyroTurnPidCtrl: Target=   0.0, Input=  -0.4, Error=   0.4, PIDTerms= 0.004/ 0.000/ 0.001/ 0.000, Output= 0.006(-0.700/0.700), Volt=10.6(9.0)
GlobalTracer.startCompetition_Warn: AUTO_MODE takes too long (0.143s)

GlobalTracer.printPidInfo_Info: [9.338] encoderXPidCtrl: Target=-131.2, Input=  -8.8, Error=-122.4, PIDTerms=-18.365/ 0.000/ 0.192/-0.000, Output=-0.500(-0.500/0.500), Volt=10.8(9.0)
GlobalTracer.printPidInfo_Info: [9.338] encoderYPidCtrl: Target=  -4.0, Input=  -4.4, Error=   0.4, PIDTerms= 0.011/ 0.000/ 0.002/-0.000, Output= 0.014(-0.600/0.600), Volt=10.8(9.0)
GlobalTracer.printPidInfo_Info: [9.338] gyroTurnPidCtrl: Target=   0.0, Input=  -0.9, Error=   0.9, PIDTerms= 0.010/ 0.000/ 0.003/ 0.000, Output= 0.013(-0.700/0.700), Volt=10.6(9.0)
GlobalTracer.startCompetition_Warn: AUTO_MODE takes too long (0.143s)

GlobalTracer.printPidInfo_Info: [9.482] encoderXPidCtrl: Target=-131.2, Input= -10.8, Error=-120.4, PIDTerms=-18.067/ 0.000/ 0.207/-0.000, Output=-0.500(-0.500/0.500), Volt=10.4(9.0)
GlobalTracer.printPidInfo_Info: [9.482] encoderYPidCtrl: Target=  -4.0, Input=  -4.6, Error=   0.6, PIDTerms= 0.018/ 0.000/ 0.002/-0.000, Output= 0.020(-0.600/0.600), Volt=10.4(9.0)
GlobalTracer.printPidInfo_Info: [9.482] gyroTurnPidCtrl: Target=   0.0, Input=  -1.5, Error=   1.5, PIDTerms= 0.018/ 0.000/ 0.005/ 0.000, Output= 0.023(-0.700/0.700), Volt=10.4(9.0)
GlobalTracer.startCompetition_Warn: AUTO_MODE takes too long (0.173s)

GlobalTracer.printPidInfo_Info: [9.658] encoderXPidCtrl: Target=-131.2, Input= -12.7, Error=-118.5, PIDTerms=-17.777/ 0.000/ 0.195/-0.000, Output=-0.500(-0.500/0.500), Volt=10.6(9.0)
GlobalTracer.printPidInfo_Info: [9.658] encoderYPidCtrl: Target=  -4.0, Input=  -4.9, Error=   0.9, PIDTerms= 0.028/ 0.000/ 0.002/-0.000, Output= 0.030(-0.600/0.600), Volt=10.6(9.0)
GlobalTracer.printPidInfo_Info: [9.658] gyroTurnPidCtrl: Target=   0.0, Input=  -1.6, Error=   1.6, PIDTerms= 0.019/ 0.000/ 0.001/ 0.000, Output= 0.020(-0.700/0.700), Volt=10.6(9.0)
GlobalTracer.startCompetition_Warn: AUTO_MODE takes too long (0.118s)

GlobalTracer.printPidInfo_Info: [9.777] encoderXPidCtrl: Target=-131.2, Input= -14.9, Error=-116.3, PIDTerms=-17.442/ 0.000/ 0.221/-0.000, Output=-0.500(-0.500/0.500), Volt=10.7(9.0)
GlobalTracer.printPidInfo_Info: [9.777] encoderYPidCtrl: Target=  -4.0, Input=  -5.3, Error=   1.3, PIDTerms= 0.039/ 0.000/ 0.002/-0.000, Output= 0.041(-0.600/0.600), Volt=10.7(9.0)
GlobalTracer.printPidInfo_Info: [9.777] gyroTurnPidCtrl: Target=   0.0, Input=  -1.1, Error=   1.1, PIDTerms= 0.014/ 0.000/-0.003/ 0.000, Output= 0.011(-0.700/0.700), Volt=10.7(9.0)
GlobalTracer.printPidInfo_Info: [9.869] encoderXPidCtrl: Target=-131.2, Input= -16.9, Error=-114.3, PIDTerms=-17.144/ 0.000/ 0.303/-0.000, Output=-0.500(-0.500/0.500), Volt=10.7(9.0)
GlobalTracer.printPidInfo_Info: [9.869] encoderYPidCtrl: Target=  -4.0, Input=  -5.3, Error=   1.3, PIDTerms= 0.040/ 0.000/ 0.000/-0.000, Output= 0.040(-0.600/0.600), Volt=10.7(9.0)
GlobalTracer.printPidInfo_Info: [9.869] gyroTurnPidCtrl: Target=   0.0, Input=  -1.1, Error=   1.1, PIDTerms= 0.014/ 0.000/-0.000/ 0.000, Output= 0.013(-0.700/0.700), Volt=10.7(9.0)
GlobalTracer.printPidInfo_Info: [9.928] encoderXPidCtrl: Target=-131.2, Input= -18.3, Error=-112.9, PIDTerms=-16.938/ 0.000/ 0.254/-0.000, Output=-0.500(-0.500/0.500), Volt=10.4(9.0)
GlobalTracer.printPidInfo_Info: [9.928] encoderYPidCtrl: Target=  -4.0, Input=  -5.3, Error=   1.3, PIDTerms= 0.039/ 0.000/-0.000/-0.000, Output= 0.039(-0.600/0.600), Volt=10.4(9.0)
GlobalTracer.printPidInfo_Info: [9.928] gyroTurnPidCtrl: Target=   0.0, Input=  -1.3, Error=   1.3, PIDTerms= 0.016/ 0.000/ 0.002/ 0.000, Output= 0.018(-0.700/0.700), Volt=10.6(9.0)
GlobalTracer.startCompetition_Warn: AUTO_MODE takes too long (0.102s)

GlobalTracer.printPidInfo_Info: [10.032] encoderXPidCtrl: Target=-131.2, Input= -19.1, Error=-112.1, PIDTerms=-16.812/ 0.000/ 0.160/-0.000, Output=-0.500(-0.500/0.500), Volt=10.5(9.0)
GlobalTracer.printPidInfo_Info: [10.032] encoderYPidCtrl: Target=  -4.0, Input=  -5.3, Error=   1.3, PIDTerms= 0.039/ 0.000/ 0.000/-0.000, Output= 0.039(-0.600/0.600), Volt=10.5(9.0)
GlobalTracer.printPidInfo_Info: [10.032] gyroTurnPidCtrl: Target=   0.0, Input=  -1.4, Error=   1.4, PIDTerms= 0.017/ 0.000/ 0.001/ 0.000, Output= 0.018(-0.700/0.700), Volt=10.7(9.0)
GlobalTracer.printPidInfo_Info: [10.083] encoderXPidCtrl: Target=-131.2, Input= -20.5, Error=-110.7, PIDTerms=-16.608/ 0.000/ 0.249/-0.000, Output=-0.500(-0.500/0.500), Volt=10.7(9.0)
GlobalTracer.printPidInfo_Info: [10.083] encoderYPidCtrl: Target=  -4.0, Input=  -5.1, Error=   1.1, PIDTerms= 0.032/ 0.000/-0.003/-0.000, Output= 0.030(-0.600/0.600), Volt=10.7(9.0)
GlobalTracer.printPidInfo_Info: [10.083] gyroTurnPidCtrl: Target=   0.0, Input=  -1.8, Error=   1.8, PIDTerms= 0.022/ 0.000/ 0.005/ 0.000, Output= 0.026(-0.700/0.700), Volt=10.7(9.0)
GlobalTracer.printPidInfo_Info: [10.153] encoderXPidCtrl: Target=-131.2, Input= -21.4, Error=-109.8, PIDTerms=-16.474/ 0.000/ 0.234/-0.000, Output=-0.500(-0.500/0.500), Volt=10.7(9.0)
GlobalTracer.printPidInfo_Info: [10.153] encoderYPidCtrl: Target=  -4.0, Input=  -4.9, Error=   0.9, PIDTerms= 0.027/ 0.000/-0.003/-0.000, Output= 0.024(-0.600/0.600), Volt=10.7(9.0)
GlobalTracer.printPidInfo_Info: [10.153] gyroTurnPidCtrl: Target=   0.0, Input=  -1.9, Error=   1.9, PIDTerms= 0.022/ 0.000/ 0.001/ 0.000, Output= 0.023(-0.700/0.700), Volt=10.7(9.0)
GlobalTracer.printPidInfo_Info: [10.220] encoderXPidCtrl: Target=-131.2, Input= -22.1, Error=-109.1, PIDTerms=-16.369/ 0.000/ 0.158/-0.000, Output=-0.500(-0.500/0.500), Volt=10.6(9.0)
GlobalTracer.printPidInfo_Info: [10.220] encoderYPidCtrl: Target=  -4.0, Input=  -4.7, Error=   0.7, PIDTerms= 0.022/ 0.000/-0.002/-0.000, Output= 0.020(-0.600/0.600), Volt=10.6(9.0)
GlobalTracer.printPidInfo_Info: [10.220] gyroTurnPidCtrl: Target=   0.0, Input=  -1.6, Error=   1.6, PIDTerms= 0.019/ 0.000/-0.004/ 0.000, Output= 0.016(-0.700/0.700), Volt=10.6(9.0)
GlobalTracer.printPidInfo_Info: [10.300] encoderXPidCtrl: Target=-131.2, Input= -22.8, Error=-108.5, PIDTerms=-16.268/ 0.000/ 0.144/-0.000, Output=-0.500(-0.500/0.500), Volt=10.6(9.0)
GlobalTracer.printPidInfo_Info: [10.300] encoderYPidCtrl: Target=  -4.0, Input=  -4.6, Error=   0.6, PIDTerms= 0.018/ 0.000/-0.002/-0.000, Output= 0.015(-0.600/0.600), Volt=10.6(9.0)
GlobalTracer.printPidInfo_Info: [10.300] gyroTurnPidCtrl: Target=   0.0, Input=  -1.3, Error=   1.3, PIDTerms= 0.015/ 0.000/-0.005/ 0.000, Output= 0.011(-0.700/0.700), Volt=10.6(9.0)
GlobalTracer.printPidInfo_Info: [10.373] encoderXPidCtrl: Target=-131.2, Input= -23.8, Error=-107.4, PIDTerms=-16.113/ 0.000/ 0.209/-0.000, Output=-0.500(-0.500/0.500), Volt=10.6(9.0)
GlobalTracer.printPidInfo_Info: [10.373] encoderYPidCtrl: Target=  -4.0, Input=  -4.4, Error=   0.4, PIDTerms= 0.011/ 0.000/-0.003/-0.000, Output= 0.008(-0.600/0.600), Volt=10.6(9.0)
GlobalTracer.printPidInfo_Info: [10.373] gyroTurnPidCtrl: Target=   0.0, Input=  -0.6, Error=   0.6, PIDTerms= 0.008/ 0.000/-0.009/ 0.000, Output=-0.001(-0.700/0.700), Volt=10.6(9.0)
GlobalTracer.printPidInfo_Info: [10.445] encoderXPidCtrl: Target=-131.2, Input= -24.8, Error=-106.5, PIDTerms=-15.971/ 0.000/ 0.170/-0.000, Output=-0.500(-0.500/0.500), Volt=10.5(9.0)
GlobalTracer.printPidInfo_Info: [10.445] encoderYPidCtrl: Target=  -4.0, Input=  -4.2, Error=   0.2, PIDTerms= 0.007/ 0.000/-0.002/-0.000, Output= 0.005(-0.600/0.600), Volt=10.5(9.0)
GlobalTracer.printPidInfo_Info: [10.445] gyroTurnPidCtrl: Target=   0.0, Input=  -0.2, Error=   0.2, PIDTerms= 0.002/ 0.000/-0.006/ 0.000, Output=-0.004(-0.700/0.700), Volt=10.5(9.0)
GlobalTracer.printPidInfo_Info: [10.522] encoderXPidCtrl: Target=-131.2, Input= -25.9, Error=-105.4, PIDTerms=-15.804/ 0.000/ 0.219/-0.000, Output=-0.500(-0.500/0.500), Volt=10.5(9.0)
GlobalTracer.printPidInfo_Info: [10.522] encoderYPidCtrl: Target=  -4.0, Input=  -4.2, Error=   0.2, PIDTerms= 0.005/ 0.000/-0.001/-0.000, Output= 0.004(-0.600/0.600), Volt=10.5(9.0)
GlobalTracer.printPidInfo_Info: [10.522] gyroTurnPidCtrl: Target=   0.0, Input=  -0.1, Error=   0.1, PIDTerms= 0.001/ 0.000/-0.001/ 0.000, Output=-0.001(-0.700/0.700), Volt=10.5(9.0)
GlobalTracer.printPidInfo_Info: [10.603] encoderXPidCtrl: Target=-131.2, Input= -26.8, Error=-104.4, PIDTerms=-15.663/ 0.000/ 0.198/-0.000, Output=-0.500(-0.500/0.500), Volt=10.5(9.0)
GlobalTracer.printPidInfo_Info: [10.603] encoderYPidCtrl: Target=  -4.0, Input=  -4.2, Error=   0.2, PIDTerms= 0.005/ 0.000/-0.000/-0.000, Output= 0.004(-0.600/0.600), Volt=10.5(9.0)
GlobalTracer.printPidInfo_Info: [10.603] gyroTurnPidCtrl: Target=   0.0, Input=  -0.1, Error=   0.1, PIDTerms= 0.001/ 0.000/ 0.000/ 0.000, Output= 0.001(-0.700/0.700), Volt=10.5(9.0)
GlobalTracer.printPidInfo_Info: [10.683] encoderXPidCtrl: Target=-131.2, Input= -27.9, Error=-103.4, PIDTerms=-15.503/ 0.000/ 0.213/-0.000, Output=-0.500(-0.500/0.500), Volt=10.6(9.0)
GlobalTracer.printPidInfo_Info: [10.683] encoderYPidCtrl: Target=  -4.0, Input=  -3.8, Error=  -0.2, PIDTerms=-0.005/ 0.000/-0.004/-0.000, Output=-0.010(-0.600/0.600), Volt=10.6(9.0)
GlobalTracer.printPidInfo_Info: [10.683] gyroTurnPidCtrl: Target=   0.0, Input=  -0.4, Error=   0.4, PIDTerms= 0.004/ 0.000/ 0.004/ 0.000, Output= 0.008(-0.700/0.700), Volt=10.6(9.0)
GlobalTracer.printPidInfo_Info: [10.755] encoderXPidCtrl: Target=-131.2, Input= -28.7, Error=-102.5, PIDTerms=-15.378/ 0.000/ 0.137/-0.000, Output=-0.500(-0.500/0.500), Volt=10.4(9.0)
GlobalTracer.printPidInfo_Info: [10.755] encoderYPidCtrl: Target=  -4.0, Input=  -3.7, Error=  -0.3, PIDTerms=-0.009/ 0.000/-0.001/-0.000, Output=-0.010(-0.600/0.600), Volt=10.4(9.0)
GlobalTracer.printPidInfo_Info: [10.755] gyroTurnPidCtrl: Target=   0.0, Input=  -0.6, Error=   0.6, PIDTerms= 0.007/ 0.000/ 0.002/ 0.000, Output= 0.009(-0.700/0.700), Volt=10.4(9.0)
GlobalTracer.printPidInfo_Info: [10.833] encoderXPidCtrl: Target=-131.2, Input= -29.5, Error=-101.7, PIDTerms=-15.255/ 0.000/ 0.232/-0.000, Output=-0.500(-0.500/0.500), Volt=10.5(9.0)
GlobalTracer.printPidInfo_Info: [10.833] encoderYPidCtrl: Target=  -4.0, Input=  -3.8, Error=  -0.2, PIDTerms=-0.005/ 0.000/ 0.002/-0.000, Output=-0.003(-0.600/0.600), Volt=10.5(9.0)
GlobalTracer.printPidInfo_Info: [10.833] gyroTurnPidCtrl: Target=   0.0, Input=  -0.6, Error=   0.6, PIDTerms= 0.007/ 0.000/ 0.001/ 0.000, Output= 0.008(-0.700/0.700), Volt=10.5(9.0)
GlobalTracer.printPidInfo_Info: [10.906] encoderXPidCtrl: Target=-131.2, Input= -30.4, Error=-100.8, PIDTerms=-15.126/ 0.000/ 0.140/-0.000, Output=-0.500(-0.500/0.500), Volt=10.5(9.0)
GlobalTracer.printPidInfo_Info: [10.906] encoderYPidCtrl: Target=  -4.0, Input=  -3.9, Error=  -0.1, PIDTerms=-0.004/ 0.000/ 0.000/-0.000, Output=-0.004(-0.600/0.600), Volt=10.5(9.0)
GlobalTracer.printPidInfo_Info: [10.906] gyroTurnPidCtrl: Target=   0.0, Input=  -1.0, Error=   1.0, PIDTerms= 0.012/ 0.000/ 0.004/ 0.000, Output= 0.015(-0.700/0.700), Volt=10.4(9.0)
GlobalTracer.printPidInfo_Info: [10.993] encoderXPidCtrl: Target=-131.2, Input= -31.3, Error=-100.0, PIDTerms=-14.995/ 0.000/ 0.198/-0.000, Output=-0.500(-0.500/0.500), Volt=10.5(9.0)
GlobalTracer.printPidInfo_Info: [10.993] encoderYPidCtrl: Target=  -4.0, Input=  -4.0, Error=  -0.0, PIDTerms=-0.001/ 0.000/ 0.002/-0.000, Output= 0.000(-0.600/0.600), Volt=10.5(9.0)
GlobalTracer.printPidInfo_Info: [10.993] gyroTurnPidCtrl: Target=   0.0, Input=  -1.1, Error=   1.1, PIDTerms= 0.013/ 0.000/ 0.002/ 0.000, Output= 0.015(-0.700/0.700), Volt=10.5(9.0)
GlobalTracer.printPidInfo_Info: [11.076] encoderXPidCtrl: Target=-131.2, Input= -32.1, Error= -99.1, PIDTerms=-14.871/ 0.000/ 0.129/-0.000, Output=-0.500(-0.500/0.500), Volt=10.5(9.0)
GlobalTracer.printPidInfo_Info: [11.076] encoderYPidCtrl: Target=  -4.0, Input=  -4.0, Error=   0.0, PIDTerms= 0.000/ 0.000/ 0.000/-0.000, Output= 0.000(-0.600/0.600), Volt=10.5(9.0)
GlobalTracer.printPidInfo_Info: [11.076] gyroTurnPidCtrl: Target=   0.0, Input=  -1.3, Error=   1.3, PIDTerms= 0.015/ 0.000/ 0.002/ 0.000, Output= 0.017(-0.700/0.700), Volt=10.5(9.0)
GlobalTracer.printPidInfo_Info: [11.134] encoderXPidCtrl: Target=-131.2, Input= -32.9, Error= -98.3, PIDTerms=-14.749/ 0.000/ 0.170/-0.000, Output=-0.500(-0.500/0.500), Volt=10.5(9.0)
GlobalTracer.printPidInfo_Info: [11.134] encoderYPidCtrl: Target=  -4.0, Input=  -4.1, Error=   0.1, PIDTerms= 0.002/ 0.000/ 0.001/-0.000, Output= 0.003(-0.600/0.600), Volt=10.5(9.0)
GlobalTracer.printPidInfo_Info: [11.134] gyroTurnPidCtrl: Target=   0.0, Input=  -1.4, Error=   1.4, PIDTerms= 0.016/ 0.000/ 0.001/ 0.000, Output= 0.018(-0.700/0.700), Volt=10.5(9.0)
GlobalTracer.startCompetition_Warn: AUTO_MODE takes too long (0.110s)

GlobalTracer.printPidInfo_Info: [11.246] encoderXPidCtrl: Target=-131.2, Input= -33.7, Error= -97.5, PIDTerms=-14.623/ 0.000/ 0.163/-0.000, Output=-0.500(-0.500/0.500), Volt=10.6(9.0)
GlobalTracer.printPidInfo_Info: [11.246] encoderYPidCtrl: Target=  -4.0, Input=  -4.2, Error=   0.2, PIDTerms= 0.007/ 0.000/ 0.002/-0.000, Output= 0.009(-0.600/0.600), Volt=10.6(9.0)
GlobalTracer.printPidInfo_Info: [11.246] gyroTurnPidCtrl: Target=   0.0, Input=  -1.5, Error=   1.5, PIDTerms= 0.018/ 0.000/ 0.002/ 0.000, Output= 0.020(-0.700/0.700), Volt=10.6(9.0)
GlobalTracer.printPidInfo_Info: [11.333] encoderXPidCtrl: Target=-131.2, Input= -35.4, Error= -95.9, PIDTerms=-14.378/ 0.000/ 0.224/-0.000, Output=-0.500(-0.500/0.500), Volt=10.8(9.0)
GlobalTracer.printPidInfo_Info: [11.333] encoderYPidCtrl: Target=  -4.0, Input=  -4.5, Error=   0.5, PIDTerms= 0.016/ 0.000/ 0.003/-0.000, Output= 0.018(-0.600/0.600), Volt=10.8(9.0)
GlobalTracer.printPidInfo_Info: [11.333] gyroTurnPidCtrl: Target=   0.0, Input=  -1.5, Error=   1.5, PIDTerms= 0.017/ 0.000/-0.001/ 0.000, Output= 0.017(-0.700/0.700), Volt=10.8(9.0)
GlobalTracer.printPidInfo_Info: [11.407] encoderXPidCtrl: Target=-131.2, Input= -36.4, Error= -94.8, PIDTerms=-14.218/ 0.000/ 0.218/-0.000, Output=-0.500(-0.500/0.500), Volt=10.5(9.0)
GlobalTracer.printPidInfo_Info: [11.407] encoderYPidCtrl: Target=  -4.0, Input=  -4.7, Error=   0.7, PIDTerms= 0.021/ 0.000/ 0.003/-0.000, Output= 0.024(-0.600/0.600), Volt=10.5(9.0)
GlobalTracer.printPidInfo_Info: [11.407] gyroTurnPidCtrl: Target=   0.0, Input=  -1.6, Error=   1.6, PIDTerms= 0.020/ 0.000/ 0.003/ 0.000, Output= 0.023(-0.700/0.700), Volt=10.5(9.0)
GlobalTracer.printPidInfo_Info: [11.500] encoderXPidCtrl: Target=-131.2, Input= -37.6, Error= -93.6, PIDTerms=-14.043/ 0.000/ 0.198/-0.000, Output=-0.500(-0.500/0.500), Volt=10.7(9.0)
GlobalTracer.printPidInfo_Info: [11.500] encoderYPidCtrl: Target=  -4.0, Input=  -4.8, Error=   0.8, PIDTerms= 0.024/ 0.000/ 0.001/-0.000, Output= 0.026(-0.600/0.600), Volt=10.7(9.0)
GlobalTracer.printPidInfo_Info: [11.500] gyroTurnPidCtrl: Target=   0.0, Input=  -1.8, Error=   1.8, PIDTerms= 0.022/ 0.000/ 0.002/ 0.000, Output= 0.024(-0.700/0.700), Volt=10.7(9.0)
GlobalTracer.printPidInfo_Info: [11.597] encoderXPidCtrl: Target=-131.2, Input= -39.0, Error= -92.3, PIDTerms=-13.841/ 0.000/ 0.236/-0.000, Output=-0.500(-0.500/0.500), Volt=10.4(9.0)
GlobalTracer.printPidInfo_Info: [11.597] encoderYPidCtrl: Target=  -4.0, Input=  -5.0, Error=   1.0, PIDTerms= 0.030/ 0.000/ 0.002/-0.000, Output= 0.032(-0.600/0.600), Volt=10.6(9.0)
GlobalTracer.printPidInfo_Info: [11.597] gyroTurnPidCtrl: Target=   0.0, Input=  -2.0, Error=   2.0, PIDTerms= 0.025/ 0.000/ 0.002/ 0.000, Output= 0.027(-0.700/0.700), Volt=10.6(9.0)
GlobalTracer.startCompetition_Warn: AUTO_MODE takes too long (0.115s)

GlobalTracer.printPidInfo_Info: [11.713] encoderXPidCtrl: Target=-131.2, Input= -40.2, Error= -91.0, PIDTerms=-13.648/ 0.000/ 0.239/-0.000, Output=-0.500(-0.500/0.500), Volt=10.7(9.0)
GlobalTracer.printPidInfo_Info: [11.713] encoderYPidCtrl: Target=  -4.0, Input=  -4.9, Error=   0.9, PIDTerms= 0.028/ 0.000/-0.001/-0.000, Output= 0.027(-0.600/0.600), Volt=10.6(9.0)
GlobalTracer.printPidInfo_Info: [11.713] gyroTurnPidCtrl: Target=   0.0, Input=  -1.9, Error=   1.9, PIDTerms= 0.023/ 0.000/-0.002/ 0.000, Output= 0.021(-0.700/0.700), Volt=10.6(9.0)
GlobalTracer.startCompetition_Warn: AUTO_MODE takes too long (0.185s)

GlobalTracer.printPidInfo_Info: [11.900] encoderXPidCtrl: Target=-131.2, Input= -42.1, Error= -89.2, PIDTerms=-13.374/ 0.000/ 0.160/-0.000, Output=-0.500(-0.500/0.500), Volt=10.5(9.0)
GlobalTracer.printPidInfo_Info: [11.900] encoderYPidCtrl: Target=  -4.0, Input=  -4.7, Error=   0.7, PIDTerms= 0.022/ 0.000/-0.001/-0.000, Output= 0.021(-0.600/0.600), Volt=10.5(9.0)
GlobalTracer.printPidInfo_Info: [11.900] gyroTurnPidCtrl: Target=   0.0, Input=  -1.4, Error=   1.4, PIDTerms= 0.017/ 0.000/-0.003/ 0.000, Output= 0.014(-0.700/0.700), Volt=10.5(9.0)
GlobalTracer.startCompetition_Warn: AUTO_MODE takes too long (0.128s)

GlobalTracer.printPidInfo_Info: [12.033] encoderXPidCtrl: Target=-131.2, Input= -44.4, Error= -86.8, PIDTerms=-13.024/ 0.000/ 0.197/-0.000, Output=-0.500(-0.500/0.500), Volt=10.7(9.0)
GlobalTracer.printPidInfo_Info: [12.033] encoderYPidCtrl: Target=  -4.0, Input=  -4.6, Error=   0.6, PIDTerms= 0.019/ 0.000/-0.001/-0.000, Output= 0.018(-0.600/0.600), Volt=10.4(9.0)
GlobalTracer.printPidInfo_Info: [12.033] gyroTurnPidCtrl: Target=   0.0, Input=  -1.0, Error=   1.0, PIDTerms= 0.012/ 0.000/-0.002/ 0.000, Output= 0.010(-0.700/0.700), Volt=10.4(9.0)
GlobalTracer.startCompetition_Warn: AUTO_MODE takes too long (0.140s)

GlobalTracer.printPidInfo_Info: [12.177] encoderXPidCtrl: Target=-131.2, Input= -45.9, Error= -85.3, PIDTerms=-12.798/ 0.000/ 0.147/-0.000, Output=-0.500(-0.500/0.500), Volt=10.6(9.0)
GlobalTracer.printPidInfo_Info: [12.177] encoderYPidCtrl: Target=  -4.0, Input=  -4.3, Error=   0.3, PIDTerms= 0.010/ 0.000/-0.002/-0.000, Output= 0.008(-0.600/0.600), Volt=10.6(9.0)
GlobalTracer.printPidInfo_Info: [12.177] gyroTurnPidCtrl: Target=   0.0, Input=  -1.2, Error=   1.2, PIDTerms= 0.015/ 0.000/ 0.002/ 0.000, Output= 0.016(-0.700/0.700), Volt=10.6(9.0)
GlobalTracer.startCompetition_Warn: AUTO_MODE takes too long (0.118s)

GlobalTracer.printPidInfo_Info: [12.296] encoderXPidCtrl: Target=-131.2, Input= -47.7, Error= -83.5, PIDTerms=-12.527/ 0.000/ 0.223/-0.000, Output=-0.500(-0.500/0.500), Volt=10.6(9.0)
GlobalTracer.printPidInfo_Info: [12.296] encoderYPidCtrl: Target=  -4.0, Input=  -4.3, Error=   0.3, PIDTerms= 0.008/ 0.000/-0.001/-0.000, Output= 0.007(-0.600/0.600), Volt=10.6(9.0)
GlobalTracer.printPidInfo_Info: [12.296] gyroTurnPidCtrl: Target=   0.0, Input=  -1.3, Error=   1.3, PIDTerms= 0.016/ 0.000/ 0.001/ 0.000, Output= 0.017(-0.700/0.700), Volt=10.6(9.0)
GlobalTracer.startCompetition_Warn: AUTO_MODE takes too long (0.146s)

GlobalTracer.printPidInfo_Info: [12.443] encoderXPidCtrl: Target=-131.2, Input= -49.4, Error= -81.8, PIDTerms=-12.271/ 0.000/ 0.244/-0.000, Output=-0.500(-0.500/0.500), Volt=10.5(9.0)
GlobalTracer.printPidInfo_Info: [12.443] encoderYPidCtrl: Target=  -4.0, Input=  -4.2, Error=   0.2, PIDTerms= 0.006/ 0.000/-0.000/-0.000, Output= 0.006(-0.600/0.600), Volt=10.5(9.0)
GlobalTracer.printPidInfo_Info: [12.443] gyroTurnPidCtrl: Target=   0.0, Input=  -1.3, Error=   1.3, PIDTerms= 0.016/ 0.000/-0.000/ 0.000, Output= 0.016(-0.700/0.700), Volt=10.5(9.0)
GlobalTracer.printPidInfo_Info: [12.536] encoderXPidCtrl: Target=-131.2, Input= -51.7, Error= -79.5, PIDTerms=-11.929/ 0.000/ 0.261/-0.000, Output=-0.500(-0.500/0.500), Volt=10.4(9.0)
GlobalTracer.printPidInfo_Info: [12.536] encoderYPidCtrl: Target=  -4.0, Input=  -4.2, Error=   0.2, PIDTerms= 0.007/ 0.000/ 0.000/-0.000, Output= 0.007(-0.600/0.600), Volt=10.5(9.0)
GlobalTracer.printPidInfo_Info: [12.536] gyroTurnPidCtrl: Target=   0.0, Input=  -1.4, Error=   1.4, PIDTerms= 0.016/ 0.000/ 0.000/ 0.000, Output= 0.017(-0.700/0.700), Volt=10.5(9.0)
GlobalTracer.printPidInfo_Info: [12.635] encoderXPidCtrl: Target=-131.2, Input= -53.2, Error= -78.0, PIDTerms=-11.702/ 0.000/ 0.253/-0.000, Output=-0.500(-0.500/0.500), Volt=10.5(9.0)
GlobalTracer.printPidInfo_Info: [12.635] encoderYPidCtrl: Target=  -4.0, Input=  -4.7, Error=   0.7, PIDTerms= 0.020/ 0.000/ 0.005/-0.000, Output= 0.025(-0.600/0.600), Volt=10.5(9.0)
GlobalTracer.printPidInfo_Info: [12.635] gyroTurnPidCtrl: Target=   0.0, Input=  -1.2, Error=   1.2, PIDTerms= 0.015/ 0.000/-0.001/ 0.000, Output= 0.013(-0.700/0.700), Volt=10.6(9.0)
GlobalTracer.startCompetition_Warn: AUTO_MODE takes too long (0.103s)

GlobalTracer.printPidInfo_Info: [12.739] encoderXPidCtrl: Target=-131.2, Input= -54.8, Error= -76.5, PIDTerms=-11.468/ 0.000/ 0.201/-0.000, Output=-0.500(-0.500/0.500), Volt=10.7(9.0)
GlobalTracer.printPidInfo_Info: [12.739] encoderYPidCtrl: Target=  -4.0, Input=  -4.8, Error=   0.8, PIDTerms= 0.023/ 0.000/ 0.001/-0.000, Output= 0.024(-0.600/0.600), Volt=10.7(9.0)
GlobalTracer.printPidInfo_Info: [12.739] gyroTurnPidCtrl: Target=   0.0, Input=  -1.1, Error=   1.1, PIDTerms= 0.013/ 0.000/-0.001/ 0.000, Output= 0.012(-0.700/0.700), Volt=10.7(9.0)
GlobalTracer.startCompetition_Warn: AUTO_MODE takes too long (0.128s)

GlobalTracer.printPidInfo_Info: [12.872] encoderXPidCtrl: Target=-131.2, Input= -56.5, Error= -74.7, PIDTerms=-11.205/ 0.000/ 0.231/-0.000, Output=-0.500(-0.500/0.500), Volt=10.7(9.0)
GlobalTracer.printPidInfo_Info: [12.872] encoderYPidCtrl: Target=  -4.0, Input=  -5.1, Error=   1.1, PIDTerms= 0.032/ 0.000/ 0.003/-0.000, Output= 0.034(-0.600/0.600), Volt=10.7(9.0)
GlobalTracer.printPidInfo_Info: [12.872] gyroTurnPidCtrl: Target=   0.0, Input=  -1.1, Error=   1.1, PIDTerms= 0.013/ 0.000/ 0.000/ 0.000, Output= 0.013(-0.700/0.700), Volt=10.7(9.0)
GlobalTracer.startCompetition_Warn: AUTO_MODE takes too long (0.119s)

GlobalTracer.printPidInfo_Info: [12.993] encoderXPidCtrl: Target=-131.2, Input= -58.8, Error= -72.5, PIDTerms=-10.869/ 0.000/ 0.265/-0.000, Output=-0.500(-0.500/0.500), Volt=10.5(9.0)
GlobalTracer.printPidInfo_Info: [12.993] encoderYPidCtrl: Target=  -4.0, Input=  -4.9, Error=   0.9, PIDTerms= 0.027/ 0.000/-0.001/-0.000, Output= 0.026(-0.600/0.600), Volt=10.7(9.0)
GlobalTracer.printPidInfo_Info: [12.993] gyroTurnPidCtrl: Target=   0.0, Input=  -1.3, Error=   1.3, PIDTerms= 0.016/ 0.000/ 0.002/ 0.000, Output= 0.018(-0.700/0.700), Volt=10.7(9.0)
GlobalTracer.startCompetition_Warn: AUTO_MODE takes too long (0.122s)

GlobalTracer.printPidInfo_Info: [13.117] encoderXPidCtrl: Target=-131.2, Input= -60.4, Error= -70.8, PIDTerms=-10.622/ 0.000/ 0.192/-0.000, Output=-0.500(-0.500/0.500), Volt=10.8(9.0)
GlobalTracer.printPidInfo_Info: [13.117] encoderYPidCtrl: Target=  -4.0, Input=  -4.9, Error=   0.9, PIDTerms= 0.028/ 0.000/ 0.000/-0.000, Output= 0.029(-0.600/0.600), Volt=10.7(9.0)
GlobalTracer.printPidInfo_Info: [13.117] gyroTurnPidCtrl: Target=   0.0, Input=  -1.4, Error=   1.4, PIDTerms= 0.016/ 0.000/ 0.000/ 0.000, Output= 0.017(-0.700/0.700), Volt=10.7(9.0)
GlobalTracer.startCompetition_Warn: AUTO_MODE takes too long (0.119s)

GlobalTracer.printPidInfo_Info: [13.238] encoderXPidCtrl: Target=-131.2, Input= -62.2, Error= -69.0, PIDTerms=-10.354/ 0.000/ 0.226/-0.000, Output=-0.500(-0.500/0.500), Volt=10.6(9.0)
GlobalTracer.printPidInfo_Info: [13.238] encoderYPidCtrl: Target=  -4.0, Input=  -5.0, Error=   1.0, PIDTerms= 0.029/ 0.000/ 0.000/-0.000, Output= 0.029(-0.600/0.600), Volt=10.4(9.0)
GlobalTracer.printPidInfo_Info: [13.238] gyroTurnPidCtrl: Target=   0.0, Input=  -1.0, Error=   1.0, PIDTerms= 0.012/ 0.000/-0.003/ 0.000, Output= 0.009(-0.700/0.700), Volt=10.4(9.0)
GlobalTracer.startCompetition_Warn: AUTO_MODE takes too long (0.135s)

GlobalTracer.printPidInfo_Info: [13.375] encoderXPidCtrl: Target=-131.2, Input= -63.9, Error= -67.3, PIDTerms=-10.100/ 0.000/ 0.195/-0.000, Output=-0.500(-0.500/0.500), Volt=10.6(9.0)
GlobalTracer.printPidInfo_Info: [13.375] encoderYPidCtrl: Target=  -4.0, Input=  -4.8, Error=   0.8, PIDTerms= 0.025/ 0.000/-0.001/-0.000, Output= 0.024(-0.600/0.600), Volt=10.6(9.0)
GlobalTracer.printPidInfo_Info: [13.375] gyroTurnPidCtrl: Target=   0.0, Input=  -1.0, Error=   1.0, PIDTerms= 0.012/ 0.000/ 0.000/ 0.000, Output= 0.012(-0.700/0.700), Volt=10.6(9.0)
GlobalTracer.startCompetition_Warn: AUTO_MODE takes too long (0.147s)

GlobalTracer.printPidInfo_Info: [13.525] encoderXPidCtrl: Target=-131.2, Input= -65.7, Error= -65.6, PIDTerms=-9.836/ 0.000/ 0.174/-0.000, Output=-0.500(-0.500/0.500), Volt=10.6(9.0)
GlobalTracer.printPidInfo_Info: [13.525] encoderYPidCtrl: Target=  -4.0, Input=  -4.8, Error=   0.8, PIDTerms= 0.024/ 0.000/-0.000/-0.000, Output= 0.023(-0.600/0.600), Volt=10.6(9.0)
GlobalTracer.printPidInfo_Info: [13.525] gyroTurnPidCtrl: Target=   0.0, Input=  -1.3, Error=   1.3, PIDTerms= 0.016/ 0.000/ 0.002/ 0.000, Output= 0.018(-0.700/0.700), Volt=10.6(9.0)
GlobalTracer.startCompetition_Warn: AUTO_MODE takes too long (0.155s)

GlobalTracer.printPidInfo_Info: [13.681] encoderXPidCtrl: Target=-131.2, Input= -68.1, Error= -63.1, PIDTerms=-9.466/ 0.000/ 0.229/-0.000, Output=-0.500(-0.500/0.500), Volt=10.8(9.0)
GlobalTracer.printPidInfo_Info: [13.681] encoderYPidCtrl: Target=  -4.0, Input=  -4.9, Error=   0.9, PIDTerms= 0.026/ 0.000/ 0.000/-0.000, Output= 0.026(-0.600/0.600), Volt=10.6(9.0)
GlobalTracer.printPidInfo_Info: [13.681] gyroTurnPidCtrl: Target=   0.0, Input=  -1.4, Error=   1.4, PIDTerms= 0.016/ 0.000/ 0.000/ 0.000, Output= 0.016(-0.700/0.700), Volt=10.6(9.0)
GlobalTracer.startCompetition_Warn: AUTO_MODE takes too long (0.155s)

GlobalTracer.printPidInfo_Info: [13.839] encoderXPidCtrl: Target=-131.2, Input= -70.5, Error= -60.7, PIDTerms=-9.112/ 0.000/ 0.261/-0.000, Output=-0.500(-0.500/0.500), Volt=10.8(9.0)
GlobalTracer.printPidInfo_Info: [13.839] encoderYPidCtrl: Target=  -4.0, Input=  -4.7, Error=   0.7, PIDTerms= 0.021/ 0.000/-0.001/-0.000, Output= 0.019(-0.600/0.600), Volt=10.8(9.0)
GlobalTracer.printPidInfo_Info: [13.839] gyroTurnPidCtrl: Target=   0.0, Input=  -1.2, Error=   1.2, PIDTerms= 0.015/ 0.000/-0.001/ 0.000, Output= 0.014(-0.700/0.700), Volt=10.8(9.0)
GlobalTracer.startCompetition_Warn: AUTO_MODE takes too long (0.109s)

GlobalTracer.printPidInfo_Info: [13.949] encoderXPidCtrl: Target=-131.2, Input= -73.0, Error= -58.2, PIDTerms=-8.737/ 0.000/ 0.256/-0.000, Output=-0.500(-0.500/0.500), Volt=10.5(9.0)
GlobalTracer.printPidInfo_Info: [13.949] encoderYPidCtrl: Target=  -4.0, Input=  -4.6, Error=   0.6, PIDTerms= 0.018/ 0.000/-0.001/-0.000, Output= 0.017(-0.600/0.600), Volt=10.5(9.0)
GlobalTracer.printPidInfo_Info: [13.949] gyroTurnPidCtrl: Target=   0.0, Input=  -1.0, Error=   1.0, PIDTerms= 0.012/ 0.000/-0.001/ 0.000, Output= 0.011(-0.700/0.700), Volt=10.5(9.0)
GlobalTracer.startCompetition_Warn: AUTO_MODE takes too long (0.121s)

GlobalTracer.printPidInfo_Info: [14.071] encoderXPidCtrl: Target=-131.2, Input= -74.5, Error= -56.7, PIDTerms=-8.503/ 0.000/ 0.205/-0.000, Output=-0.500(-0.500/0.500), Volt=10.7(9.0)
GlobalTracer.printPidInfo_Info: [14.071] encoderYPidCtrl: Target=  -4.0, Input=  -4.5, Error=   0.5, PIDTerms= 0.015/ 0.000/-0.001/-0.000, Output= 0.014(-0.600/0.600), Volt=10.7(9.0)
GlobalTracer.printPidInfo_Info: [14.071] gyroTurnPidCtrl: Target=   0.0, Input=  -1.2, Error=   1.2, PIDTerms= 0.014/ 0.000/ 0.001/ 0.000, Output= 0.015(-0.700/0.700), Volt=10.7(9.0)
GlobalTracer.startCompetition_Warn: AUTO_MODE takes too long (0.123s)

GlobalTracer.printPidInfo_Info: [14.196] encoderXPidCtrl: Target=-131.2, Input= -76.3, Error= -54.9, PIDTerms=-8.242/ 0.000/ 0.196/-0.000, Output=-0.500(-0.500/0.500), Volt=10.5(9.0)
GlobalTracer.printPidInfo_Info: [14.196] encoderYPidCtrl: Target=  -4.0, Input=  -4.2, Error=   0.2, PIDTerms= 0.005/ 0.000/-0.003/-0.000, Output= 0.002(-0.600/0.600), Volt=10.5(9.0)
GlobalTracer.printPidInfo_Info: [14.196] gyroTurnPidCtrl: Target=   0.0, Input=  -1.1, Error=   1.1, PIDTerms= 0.013/ 0.000/-0.001/ 0.000, Output= 0.012(-0.700/0.700), Volt=10.5(9.0)
GlobalTracer.startCompetition_Warn: AUTO_MODE takes too long (0.125s)

GlobalTracer.printPidInfo_Info: [14.323] encoderXPidCtrl: Target=-131.2, Input= -78.1, Error= -53.1, PIDTerms=-7.971/ 0.000/ 0.254/-0.000, Output=-0.500(-0.500/0.500), Volt=10.5(9.0)
GlobalTracer.printPidInfo_Info: [14.323] encoderYPidCtrl: Target=  -4.0, Input=  -4.0, Error=   0.0, PIDTerms= 0.001/ 0.000/-0.001/-0.000, Output=-0.000(-0.600/0.600), Volt=10.5(9.0)
GlobalTracer.printPidInfo_Info: [14.323] gyroTurnPidCtrl: Target=   0.0, Input=  -1.2, Error=   1.2, PIDTerms= 0.014/ 0.000/ 0.001/ 0.000, Output= 0.016(-0.700/0.700), Volt=10.5(9.0)
GlobalTracer.startCompetition_Warn: AUTO_MODE takes too long (0.122s)

GlobalTracer.printPidInfo_Info: [14.448] encoderXPidCtrl: Target=-131.2, Input= -79.9, Error= -51.3, PIDTerms=-7.702/ 0.000/ 0.233/-0.000, Output=-0.500(-0.500/0.500), Volt=10.7(9.0)
GlobalTracer.printPidInfo_Info: [14.448] encoderYPidCtrl: Target=  -4.0, Input=  -4.0, Error=  -0.0, PIDTerms=-0.000/ 0.000/-0.000/-0.000, Output=-0.001(-0.600/0.600), Volt=10.7(9.0)
GlobalTracer.printPidInfo_Info: [14.448] gyroTurnPidCtrl: Target=   0.0, Input=  -1.0, Error=   1.0, PIDTerms= 0.012/ 0.000/-0.001/ 0.000, Output= 0.011(-0.700/0.700), Volt=10.5(9.0)
GlobalTracer.startCompetition_Warn: AUTO_MODE takes too long (0.147s)

GlobalTracer.printPidInfo_Info: [14.597] encoderXPidCtrl: Target=-131.2, Input= -81.4, Error= -49.8, PIDTerms=-7.469/ 0.000/ 0.156/-0.000, Output=-0.500(-0.500/0.500), Volt=10.3(9.0)
GlobalTracer.printPidInfo_Info: [14.597] encoderYPidCtrl: Target=  -4.0, Input=  -3.9, Error=  -0.1, PIDTerms=-0.004/ 0.000/-0.001/-0.000, Output=-0.004(-0.600/0.600), Volt=10.3(9.0)
GlobalTracer.printPidInfo_Info: [14.597] gyroTurnPidCtrl: Target=   0.0, Input=  -0.7, Error=   0.7, PIDTerms= 0.008/ 0.000/-0.002/ 0.000, Output= 0.006(-0.700/0.700), Volt=10.3(9.0)
GlobalTracer.startCompetition_Warn: AUTO_MODE takes too long (0.134s)

GlobalTracer.printPidInfo_Info: [14.732] encoderXPidCtrl: Target=-131.2, Input= -83.2, Error= -48.0, PIDTerms=-7.205/ 0.000/ 0.187/-0.000, Output=-0.500(-0.500/0.500), Volt=10.5(9.0)
GlobalTracer.printPidInfo_Info: [14.732] encoderYPidCtrl: Target=  -4.0, Input=  -3.7, Error=  -0.3, PIDTerms=-0.008/ 0.000/-0.001/-0.000, Output=-0.009(-0.600/0.600), Volt=10.5(9.0)
GlobalTracer.printPidInfo_Info: [14.732] gyroTurnPidCtrl: Target=   0.0, Input=  -0.3, Error=   0.3, PIDTerms= 0.004/ 0.000/-0.003/ 0.000, Output= 0.001(-0.700/0.700), Volt=10.5(9.0)
GlobalTracer.printPidInfo_Info: [14.821] encoderXPidCtrl: Target=-131.2, Input= -84.6, Error= -46.6, PIDTerms=-6.996/ 0.000/ 0.170/-0.000, Output=-0.500(-0.500/0.500), Volt=10.6(9.0)
GlobalTracer.printPidInfo_Info: [14.821] encoderYPidCtrl: Target=  -4.0, Input=  -3.6, Error=  -0.4, PIDTerms=-0.012/ 0.000/-0.001/-0.000, Output=-0.013(-0.600/0.600), Volt=10.4(9.0)
GlobalTracer.printPidInfo_Info: [14.821] gyroTurnPidCtrl: Target=   0.0, Input=   0.1, Error=  -0.1, PIDTerms=-0.001/ 0.000/-0.003/ 0.000, Output=-0.003(-0.700/0.700), Volt=10.4(9.0)
GlobalTracer.printPidInfo_Info: [14.902] encoderXPidCtrl: Target=-131.2, Input= -85.5, Error= -45.7, PIDTerms=-6.858/ 0.000/ 0.193/-0.000, Output=-0.500(-0.500/0.500), Volt=10.7(9.0)
GlobalTracer.printPidInfo_Info: [14.902] encoderYPidCtrl: Target=  -4.0, Input=  -3.5, Error=  -0.5, PIDTerms=-0.014/ 0.000/-0.001/-0.000, Output=-0.016(-0.600/0.600), Volt=10.7(9.0)
GlobalTracer.printPidInfo_Info: [14.902] gyroTurnPidCtrl: Target=   0.0, Input=   0.2, Error=  -0.2, PIDTerms=-0.002/ 0.000/-0.001/ 0.000, Output=-0.003(-0.700/0.700), Volt=10.7(9.0)
GlobalTracer.printPidInfo_Info: [14.998] encoderXPidCtrl: Target=-131.2, Input= -86.4, Error= -44.8, PIDTerms=-6.719/ 0.000/ 0.134/-0.000, Output=-0.500(-0.500/0.500), Volt=10.5(9.0)
GlobalTracer.printPidInfo_Info: [14.998] encoderYPidCtrl: Target=  -4.0, Input=  -3.7, Error=  -0.3, PIDTerms=-0.009/ 0.000/ 0.002/-0.000, Output=-0.007(-0.600/0.600), Volt=10.5(9.0)
GlobalTracer.printPidInfo_Info: [14.998] gyroTurnPidCtrl: Target=   0.0, Input=   0.0, Error=   0.0, PIDTerms= 0.000/ 0.000/ 0.001/ 0.000, Output= 0.001(-0.700/0.700), Volt=10.6(9.0)
GlobalTracer.printPidInfo_Info: [15.068] encoderXPidCtrl: Target=-131.2, Input= -87.6, Error= -43.7, PIDTerms=-6.550/ 0.000/ 0.228/-0.000, Output=-0.500(-0.500/0.500), Volt=10.5(9.0)
GlobalTracer.printPidInfo_Info: [15.068] encoderYPidCtrl: Target=  -4.0, Input=  -3.8, Error=  -0.2, PIDTerms=-0.006/ 0.000/ 0.001/-0.000, Output=-0.005(-0.600/0.600), Volt=10.6(9.0)
GlobalTracer.printPidInfo_Info: [15.068] gyroTurnPidCtrl: Target=   0.0, Input=  -0.2, Error=   0.2, PIDTerms= 0.002/ 0.000/ 0.002/ 0.000, Output= 0.004(-0.700/0.700), Volt=10.6(9.0)
GlobalTracer.printPidInfo_Info: [15.157] encoderXPidCtrl: Target=-131.2, Input= -88.7, Error= -42.6, PIDTerms=-6.384/ 0.000/ 0.179/-0.000, Output=-0.500(-0.500/0.500), Volt=10.5(9.0)
GlobalTracer.printPidInfo_Info: [15.157] encoderYPidCtrl: Target=  -4.0, Input=  -3.9, Error=  -0.1, PIDTerms=-0.002/ 0.000/ 0.001/-0.000, Output=-0.001(-0.600/0.600), Volt=10.5(9.0)
GlobalTracer.printPidInfo_Info: [15.157] gyroTurnPidCtrl: Target=   0.0, Input=  -0.3, Error=   0.3, PIDTerms= 0.003/ 0.000/ 0.001/ 0.000, Output= 0.005(-0.700/0.700), Volt=10.5(9.0)
GlobalTracer.printPidInfo_Info: [15.238] encoderXPidCtrl: Target=-131.2, Input= -89.7, Error= -41.5, PIDTerms=-6.224/ 0.000/ 0.211/-0.000, Output=-0.500(-0.500/0.500), Volt=10.6(9.0)
GlobalTracer.printPidInfo_Info: [15.238] encoderYPidCtrl: Target=  -4.0, Input=  -4.2, Error=   0.2, PIDTerms= 0.005/ 0.000/ 0.003/-0.000, Output= 0.008(-0.600/0.600), Volt=10.6(9.0)
GlobalTracer.printPidInfo_Info: [15.238] gyroTurnPidCtrl: Target=   0.0, Input=  -0.4, Error=   0.4, PIDTerms= 0.005/ 0.000/ 0.002/ 0.000, Output= 0.007(-0.700/0.700), Volt=10.6(9.0)
GlobalTracer.printPidInfo_Info: [15.320] encoderXPidCtrl: Target=-131.2, Input= -90.9, Error= -40.3, PIDTerms=-6.051/ 0.000/ 0.198/-0.000, Output=-0.500(-0.500/0.500), Volt=10.7(9.0)
GlobalTracer.printPidInfo_Info: [15.320] encoderYPidCtrl: Target=  -4.0, Input=  -4.4, Error=   0.4, PIDTerms= 0.011/ 0.000/ 0.002/-0.000, Output= 0.013(-0.600/0.600), Volt=10.5(9.0)
GlobalTracer.printPidInfo_Info: [15.320] gyroTurnPidCtrl: Target=   0.0, Input=  -0.4, Error=   0.4, PIDTerms= 0.005/ 0.000/-0.000/ 0.000, Output= 0.005(-0.700/0.700), Volt=10.5(9.0)
GlobalTracer.Vision_Info: Pixy is disabled!
GlobalTracer.Robot_Info: TotalEnergy=3.866
