GlobalTracer.FirstPowerUp_Info: Sat Mar 24 09:20:14 PDT 2018: ***** Starting autonomous *****
GlobalTracer.FirstPowerUp_Info: WASNO_Practice_  5 (Blue2) [FMSConnected=true]
GlobalTracer.CmdAutoSwitch_Info: alliance=Blue, gameSpecificMsg=RLR, delay=0.000, fwdDistance=60, startPosition=-102.0, flipInFlight=true
GlobalTracer.Vision_Info: Pixy is enabled!
GlobalTracer.Robot_Info: [0.787]   DO_DELAY: xPos=  0.00,yPos=  0.00,heading=   0.0/   0.0,volts=12.7(12.5)
GlobalTracer.startCompetition_Warn: AUTO_MODE takes too long (0.897s)

GlobalTracer.Robot_Info: [0.892] DRIVE_FORWARD_DISTANCE: xPos=  0.00,yPos=  0.00,heading=   0.0/   0.0,volts=12.8(12.5)
GlobalTracer.printPidInfo_Info: [0.892] encoderXPidCtrl: Target=   0.0, Input=   0.0, Error=   0.0, PIDTerms= 0.000/ 0.000/ 0.000/ 0.000, Output= 0.000(-0.700/0.700), Volt=12.8(12.5)
GlobalTracer.printPidInfo_Info: [0.892] encoderYPidCtrl: Target= -60.0, Input=   0.0, Error= -60.0, PIDTerms= 0.000/ 0.000/ 0.000/ 0.000, Output= 0.000(-0.600/0.600), Volt=12.8(12.5)
GlobalTracer.printPidInfo_Info: [0.892] gyroTurnPidCtrl: Target=   0.0, Input=   0.0, Error=   0.0, PIDTerms= 0.000/ 0.000/ 0.000/ 0.000, Output= 0.000(-0.700/0.700), Volt=12.8(12.5)
GlobalTracer.startCompetition_Warn: AUTO_MODE takes too long (0.123s)

GlobalTracer.printPidInfo_Info: [1.025] encoderXPidCtrl: Target=   0.0, Input=   0.0, Error=   0.0, PIDTerms= 0.000/ 0.000/ 0.000/ 0.000, Output= 0.000(-0.700/0.700), Volt=11.0(11.0)
GlobalTracer.printPidInfo_Info: [1.025] encoderYPidCtrl: Target= -60.0, Input=   0.0, Error= -60.0, PIDTerms=-1.800/ 0.000/ 0.000/-0.000, Output=-0.600(-0.600/0.600), Volt=10.8(11.0)
GlobalTracer.printPidInfo_Info: [1.025] gyroTurnPidCtrl: Target=   0.0, Input=   0.0, Error=   0.0, PIDTerms= 0.000/ 0.000/ 0.000/ 0.000, Output= 0.000(-0.700/0.700), Volt=10.8(11.0)
GlobalTracer.startCompetition_Warn: AUTO_MODE takes too long (0.120s)

GlobalTracer.printPidInfo_Info: [1.147] encoderXPidCtrl: Target=   0.0, Input=  -0.0, Error=   0.0, PIDTerms= 0.003/ 0.000/ 0.002/ 0.000, Output= 0.006(-0.700/0.700), Volt=10.7(10.7)
GlobalTracer.printPidInfo_Info: [1.147] encoderYPidCtrl: Target= -60.0, Input=  -0.7, Error= -59.3, PIDTerms=-1.780/ 0.000/ 0.005/-0.000, Output=-0.600(-0.600/0.600), Volt=10.6(10.7)
GlobalTracer.printPidInfo_Info: [1.147] gyroTurnPidCtrl: Target=   0.0, Input=   0.1, Error=  -0.1, PIDTerms=-0.001/ 0.000/-0.001/ 0.000, Output=-0.002(-0.700/0.700), Volt=10.6(10.7)
GlobalTracer.startCompetition_Warn: AUTO_MODE takes too long (0.147s)

GlobalTracer.printPidInfo_Info: [1.300] encoderXPidCtrl: Target=   0.0, Input=  -0.4, Error=   0.4, PIDTerms= 0.067/ 0.000/ 0.043/ 0.000, Output= 0.109(-0.700/0.700), Volt=10.6(10.6)
GlobalTracer.printPidInfo_Info: [1.300] encoderYPidCtrl: Target= -60.0, Input=  -2.4, Error= -57.6, PIDTerms=-1.729/ 0.000/ 0.012/-0.000, Output=-0.600(-0.600/0.600), Volt=10.6(10.6)
GlobalTracer.printPidInfo_Info: [1.300] gyroTurnPidCtrl: Target=   0.0, Input=   1.2, Error=  -1.2, PIDTerms=-0.014/ 0.000/-0.007/ 0.000, Output=-0.022(-0.700/0.700), Volt=10.5(10.6)
GlobalTracer.startCompetition_Warn: AUTO_MODE takes too long (0.134s)

GlobalTracer.printPidInfo_Info: [1.439] encoderXPidCtrl: Target=   0.0, Input=  -0.6, Error=   0.6, PIDTerms= 0.085/ 0.000/ 0.013/ 0.000, Output= 0.098(-0.700/0.700), Volt=10.1(10.2)
GlobalTracer.printPidInfo_Info: [1.439] encoderYPidCtrl: Target= -60.0, Input=  -4.5, Error= -55.5, PIDTerms=-1.664/ 0.000/ 0.016/-0.000, Output=-0.600(-0.600/0.600), Volt=10.1(10.2)
GlobalTracer.printPidInfo_Info: [1.439] gyroTurnPidCtrl: Target=   0.0, Input=   1.7, Error=  -1.7, PIDTerms=-0.020/ 0.000/-0.004/ 0.000, Output=-0.024(-0.700/0.700), Volt=10.2(10.2)
GlobalTracer.startCompetition_Warn: AUTO_MODE takes too long (0.139s)

GlobalTracer.printPidInfo_Info: [1.581] encoderXPidCtrl: Target=   0.0, Input=  -0.7, Error=   0.7, PIDTerms= 0.101/ 0.000/ 0.011/ 0.000, Output= 0.112(-0.700/0.700), Volt=10.1(10.1)
GlobalTracer.printPidInfo_Info: [1.581] encoderYPidCtrl: Target= -60.0, Input=  -5.1, Error= -54.9, PIDTerms=-1.647/ 0.000/ 0.004/-0.000, Output=-0.600(-0.600/0.600), Volt=10.2(10.1)
GlobalTracer.printPidInfo_Info: [1.581] gyroTurnPidCtrl: Target=   0.0, Input=   1.6, Error=  -1.6, PIDTerms=-0.019/ 0.000/ 0.001/ 0.000, Output=-0.019(-0.700/0.700), Volt=10.2(10.1)
GlobalTracer.startCompetition_Warn: AUTO_MODE takes too long (0.147s)

GlobalTracer.printPidInfo_Info: [1.732] encoderXPidCtrl: Target=   0.0, Input=  -0.7, Error=   0.7, PIDTerms= 0.103/ 0.000/ 0.001/ 0.000, Output= 0.104(-0.700/0.700), Volt=10.2(10.1)
GlobalTracer.printPidInfo_Info: [1.732] encoderYPidCtrl: Target= -60.0, Input=  -5.2, Error= -54.8, PIDTerms=-1.644/ 0.000/ 0.001/-0.000, Output=-0.600(-0.600/0.600), Volt=10.2(10.1)
GlobalTracer.printPidInfo_Info: [1.732] gyroTurnPidCtrl: Target=   0.0, Input=   1.6, Error=  -1.6, PIDTerms=-0.020/ 0.000/-0.000/ 0.000, Output=-0.020(-0.700/0.700), Volt=10.2(10.1)
GlobalTracer.startCompetition_Warn: AUTO_MODE takes too long (0.143s)

GlobalTracer.printPidInfo_Info: [1.881] encoderXPidCtrl: Target=   0.0, Input=  -0.7, Error=   0.7, PIDTerms= 0.103/ 0.000/ 0.000/ 0.000, Output= 0.103(-0.700/0.700), Volt=10.1(10.1)
GlobalTracer.printPidInfo_Info: [1.881] encoderYPidCtrl: Target= -60.0, Input=  -5.2, Error= -54.8, PIDTerms=-1.644/ 0.000/ 0.000/-0.000, Output=-0.600(-0.600/0.600), Volt=10.1(10.1)
GlobalTracer.printPidInfo_Info: [1.881] gyroTurnPidCtrl: Target=   0.0, Input=   1.6, Error=  -1.6, PIDTerms=-0.019/ 0.000/ 0.000/ 0.000, Output=-0.019(-0.700/0.700), Volt=10.1(10.1)
GlobalTracer.startCompetition_Warn: AUTO_MODE takes too long (0.127s)

GlobalTracer.printPidInfo_Info: [2.013] encoderXPidCtrl: Target=   0.0, Input=  -0.7, Error=   0.7, PIDTerms= 0.102/ 0.000/-0.000/ 0.000, Output= 0.102(-0.700/0.700), Volt=10.2(10.1)
GlobalTracer.printPidInfo_Info: [2.013] encoderYPidCtrl: Target= -60.0, Input=  -5.2, Error= -54.8, PIDTerms=-1.644/ 0.000/ 0.000/-0.000, Output=-0.600(-0.600/0.600), Volt=10.2(10.1)
GlobalTracer.printPidInfo_Info: [2.013] gyroTurnPidCtrl: Target=   0.0, Input=   1.6, Error=  -1.6, PIDTerms=-0.019/ 0.000/ 0.000/ 0.000, Output=-0.019(-0.700/0.700), Volt=10.2(10.1)
GlobalTracer.startCompetition_Warn: AUTO_MODE takes too long (0.134s)

GlobalTracer.printPidInfo_Info: [2.150] encoderXPidCtrl: Target=   0.0, Input=  -0.7, Error=   0.7, PIDTerms= 0.102/ 0.000/ 0.000/ 0.000, Output= 0.102(-0.700/0.700), Volt=10.1(10.1)
GlobalTracer.printPidInfo_Info: [2.150] encoderYPidCtrl: Target= -60.0, Input=  -5.2, Error= -54.8, PIDTerms=-1.644/ 0.000/ 0.000/-0.000, Output=-0.600(-0.600/0.600), Volt=10.1(10.1)
GlobalTracer.printPidInfo_Info: [2.150] gyroTurnPidCtrl: Target=   0.0, Input=   1.6, Error=  -1.6, PIDTerms=-0.019/ 0.000/ 0.000/ 0.000, Output=-0.019(-0.700/0.700), Volt=10.2(10.1)
GlobalTracer.startCompetition_Warn: AUTO_MODE takes too long (0.124s)

GlobalTracer.printPidInfo_Info: [2.280] encoderXPidCtrl: Target=   0.0, Input=  -0.7, Error=   0.7, PIDTerms= 0.102/ 0.000/ 0.000/ 0.000, Output= 0.102(-0.700/0.700), Volt=10.3(10.1)
GlobalTracer.printPidInfo_Info: [2.280] encoderYPidCtrl: Target= -60.0, Input=  -5.2, Error= -54.8, PIDTerms=-1.643/ 0.000/ 0.000/-0.000, Output=-0.600(-0.600/0.600), Volt=10.3(10.1)
GlobalTracer.printPidInfo_Info: [2.280] gyroTurnPidCtrl: Target=   0.0, Input=   1.6, Error=  -1.6, PIDTerms=-0.019/ 0.000/ 0.000/ 0.000, Output=-0.019(-0.700/0.700), Volt=10.1(10.1)
GlobalTracer.startCompetition_Warn: AUTO_MODE takes too long (0.126s)

GlobalTracer.printPidInfo_Info: [2.412] encoderXPidCtrl: Target=   0.0, Input=  -0.7, Error=   0.7, PIDTerms= 0.102/ 0.000/ 0.000/ 0.000, Output= 0.102(-0.700/0.700), Volt=10.2(10.1)
GlobalTracer.printPidInfo_Info: [2.412] encoderYPidCtrl: Target= -60.0, Input=  -5.2, Error= -54.8, PIDTerms=-1.643/ 0.000/ 0.000/-0.000, Output=-0.600(-0.600/0.600), Volt=10.2(10.1)
GlobalTracer.printPidInfo_Info: [2.412] gyroTurnPidCtrl: Target=   0.0, Input=   1.6, Error=  -1.6, PIDTerms=-0.019/ 0.000/ 0.000/ 0.000, Output=-0.019(-0.700/0.700), Volt=10.2(10.1)
GlobalTracer.startCompetition_Warn: AUTO_MODE takes too long (0.141s)

GlobalTracer.printPidInfo_Info: [2.558] encoderXPidCtrl: Target=   0.0, Input=  -0.7, Error=   0.7, PIDTerms= 0.103/ 0.000/ 0.001/ 0.000, Output= 0.104(-0.700/0.700), Volt=10.2(10.1)
GlobalTracer.printPidInfo_Info: [2.558] encoderYPidCtrl: Target= -60.0, Input=  -5.2, Error= -54.8, PIDTerms=-1.643/ 0.000/ 0.000/-0.000, Output=-0.600(-0.600/0.600), Volt=10.2(10.1)
GlobalTracer.printPidInfo_Info: [2.558] gyroTurnPidCtrl: Target=   0.0, Input=   1.6, Error=  -1.6, PIDTerms=-0.019/ 0.000/ 0.000/ 0.000, Output=-0.019(-0.700/0.700), Volt=10.2(10.1)
GlobalTracer.startCompetition_Warn: AUTO_MODE takes too long (0.132s)

GlobalTracer.printPidInfo_Info: [2.693] encoderXPidCtrl: Target=   0.0, Input=  -0.7, Error=   0.7, PIDTerms= 0.103/ 0.000/ 0.000/ 0.000, Output= 0.103(-0.700/0.700), Volt=10.1(10.1)
GlobalTracer.printPidInfo_Info: [2.693] encoderYPidCtrl: Target= -60.0, Input=  -5.2, Error= -54.8, PIDTerms=-1.643/ 0.000/ 0.000/-0.000, Output=-0.600(-0.600/0.600), Volt=10.1(10.1)
GlobalTracer.printPidInfo_Info: [2.693] gyroTurnPidCtrl: Target=   0.0, Input=   1.6, Error=  -1.6, PIDTerms=-0.019/ 0.000/ 0.000/ 0.000, Output=-0.019(-0.700/0.700), Volt=10.2(10.1)
GlobalTracer.startCompetition_Warn: AUTO_MODE takes too long (0.148s)

GlobalTracer.printPidInfo_Info: [2.846] encoderXPidCtrl: Target=   0.0, Input=  -0.7, Error=   0.7, PIDTerms= 0.103/ 0.000/-0.000/ 0.000, Output= 0.102(-0.700/0.700), Volt=10.2(10.1)
GlobalTracer.printPidInfo_Info: [2.846] encoderYPidCtrl: Target= -60.0, Input=  -5.3, Error= -54.7, PIDTerms=-1.642/ 0.000/ 0.000/-0.000, Output=-0.600(-0.600/0.600), Volt=10.2(10.1)
GlobalTracer.printPidInfo_Info: [2.846] gyroTurnPidCtrl: Target=   0.0, Input=   1.6, Error=  -1.6, PIDTerms=-0.019/ 0.000/ 0.000/ 0.000, Output=-0.019(-0.700/0.700), Volt=10.2(10.1)
GlobalTracer.startCompetition_Warn: AUTO_MODE takes too long (0.126s)

GlobalTracer.printPidInfo_Info: [2.973] encoderXPidCtrl: Target=   0.0, Input=  -0.7, Error=   0.7, PIDTerms= 0.102/ 0.000/-0.000/ 0.000, Output= 0.102(-0.700/0.700), Volt=10.1(10.1)
GlobalTracer.printPidInfo_Info: [2.973] encoderYPidCtrl: Target= -60.0, Input=  -5.3, Error= -54.7, PIDTerms=-1.642/ 0.000/ 0.000/-0.000, Output=-0.600(-0.600/0.600), Volt=9.9(10.1)
GlobalTracer.printPidInfo_Info: [2.973] gyroTurnPidCtrl: Target=   0.0, Input=   1.6, Error=  -1.6, PIDTerms=-0.019/ 0.000/ 0.000/ 0.000, Output=-0.019(-0.700/0.700), Volt=9.9(10.1)
GlobalTracer.startCompetition_Warn: AUTO_MODE takes too long (0.136s)

GlobalTracer.printPidInfo_Info: [3.110] encoderXPidCtrl: Target=   0.0, Input=  -0.7, Error=   0.7, PIDTerms= 0.102/ 0.000/ 0.000/ 0.000, Output= 0.102(-0.700/0.700), Volt=10.2(10.1)
GlobalTracer.printPidInfo_Info: [3.110] encoderYPidCtrl: Target= -60.0, Input=  -5.3, Error= -54.7, PIDTerms=-1.642/ 0.000/ 0.000/-0.000, Output=-0.600(-0.600/0.600), Volt=10.1(10.1)
GlobalTracer.printPidInfo_Info: [3.110] gyroTurnPidCtrl: Target=   0.0, Input=   1.6, Error=  -1.6, PIDTerms=-0.019/ 0.000/ 0.000/ 0.000, Output=-0.019(-0.700/0.700), Volt=10.1(10.1)
GlobalTracer.printPidInfo_Info: [3.193] encoderXPidCtrl: Target=   0.0, Input=  -0.7, Error=   0.7, PIDTerms= 0.102/ 0.000/ 0.000/ 0.000, Output= 0.102(-0.700/0.700), Volt=10.1(10.1)
GlobalTracer.printPidInfo_Info: [3.193] encoderYPidCtrl: Target= -60.0, Input=  -5.3, Error= -54.7, PIDTerms=-1.642/ 0.000/ 0.000/-0.000, Output=-0.600(-0.600/0.600), Volt=10.1(10.1)
GlobalTracer.printPidInfo_Info: [3.193] gyroTurnPidCtrl: Target=   0.0, Input=   1.6, Error=  -1.6, PIDTerms=-0.019/ 0.000/ 0.000/ 0.000, Output=-0.019(-0.700/0.700), Volt=10.1(10.1)
GlobalTracer.printPidInfo_Info: [3.256] encoderXPidCtrl: Target=   0.0, Input=  -0.7, Error=   0.7, PIDTerms= 0.102/ 0.000/ 0.000/ 0.000, Output= 0.102(-0.700/0.700), Volt=10.4(10.1)
GlobalTracer.printPidInfo_Info: [3.256] encoderYPidCtrl: Target= -60.0, Input=  -5.3, Error= -54.7, PIDTerms=-1.642/ 0.000/ 0.000/-0.000, Output=-0.600(-0.600/0.600), Volt=10.2(10.1)
GlobalTracer.printPidInfo_Info: [3.256] gyroTurnPidCtrl: Target=   0.0, Input=   1.6, Error=  -1.6, PIDTerms=-0.019/ 0.000/ 0.000/ 0.000, Output=-0.019(-0.700/0.700), Volt=10.2(10.1)
GlobalTracer.startCompetition_Warn: AUTO_MODE takes too long (0.129s)

GlobalTracer.printPidInfo_Info: [3.386] encoderXPidCtrl: Target=   0.0, Input=  -0.7, Error=   0.7, PIDTerms= 0.102/ 0.000/-0.000/ 0.000, Output= 0.101(-0.700/0.700), Volt=10.1(10.1)
GlobalTracer.printPidInfo_Info: [3.386] encoderYPidCtrl: Target= -60.0, Input=  -5.3, Error= -54.7, PIDTerms=-1.641/ 0.000/ 0.000/-0.000, Output=-0.600(-0.600/0.600), Volt=10.1(10.1)
GlobalTracer.printPidInfo_Info: [3.386] gyroTurnPidCtrl: Target=   0.0, Input=   1.6, Error=  -1.6, PIDTerms=-0.019/ 0.000/ 0.000/ 0.000, Output=-0.019(-0.700/0.700), Volt=10.3(10.1)
GlobalTracer.printPidInfo_Info: [3.480] encoderXPidCtrl: Target=   0.0, Input=  -0.7, Error=   0.7, PIDTerms= 0.101/ 0.000/-0.001/ 0.000, Output= 0.100(-0.700/0.700), Volt=10.2(10.1)
GlobalTracer.printPidInfo_Info: [3.480] encoderYPidCtrl: Target= -60.0, Input=  -5.3, Error= -54.7, PIDTerms=-1.641/ 0.000/ 0.000/-0.000, Output=-0.600(-0.600/0.600), Volt=10.2(10.1)
GlobalTracer.printPidInfo_Info: [3.480] gyroTurnPidCtrl: Target=   0.0, Input=   1.6, Error=  -1.6, PIDTerms=-0.019/ 0.000/ 0.000/ 0.000, Output=-0.019(-0.700/0.700), Volt=10.2(10.1)
GlobalTracer.startCompetition_Warn: AUTO_MODE takes too long (0.130s)

GlobalTracer.printPidInfo_Info: [3.611] encoderXPidCtrl: Target=   0.0, Input=  -0.7, Error=   0.7, PIDTerms= 0.101/ 0.000/ 0.000/ 0.000, Output= 0.102(-0.700/0.700), Volt=10.3(10.1)
GlobalTracer.printPidInfo_Info: [3.611] encoderYPidCtrl: Target= -60.0, Input=  -5.3, Error= -54.7, PIDTerms=-1.641/ 0.000/ 0.000/-0.000, Output=-0.600(-0.600/0.600), Volt=10.3(10.1)
GlobalTracer.printPidInfo_Info: [3.611] gyroTurnPidCtrl: Target=   0.0, Input=   1.6, Error=  -1.6, PIDTerms=-0.019/ 0.000/ 0.000/ 0.000, Output=-0.019(-0.700/0.700), Volt=10.3(10.1)
GlobalTracer.printPidInfo_Info: [3.670] encoderXPidCtrl: Target=   0.0, Input=  -0.7, Error=   0.7, PIDTerms= 0.101/ 0.000/-0.001/ 0.000, Output= 0.100(-0.700/0.700), Volt=10.3(10.1)
GlobalTracer.printPidInfo_Info: [3.670] encoderYPidCtrl: Target= -60.0, Input=  -5.3, Error= -54.7, PIDTerms=-1.641/ 0.000/ 0.000/-0.000, Output=-0.600(-0.600/0.600), Volt=10.2(10.1)
GlobalTracer.printPidInfo_Info: [3.670] gyroTurnPidCtrl: Target=   0.0, Input=   1.6, Error=  -1.6, PIDTerms=-0.019/ 0.000/ 0.000/ 0.000, Output=-0.019(-0.700/0.700), Volt=10.2(10.1)
GlobalTracer.printPidInfo_Info: [3.715] encoderXPidCtrl: Target=   0.0, Input=  -0.7, Error=   0.7, PIDTerms= 0.101/ 0.000/ 0.000/ 0.000, Output= 0.101(-0.700/0.700), Volt=10.2(10.1)
GlobalTracer.printPidInfo_Info: [3.715] encoderYPidCtrl: Target= -60.0, Input=  -5.3, Error= -54.7, PIDTerms=-1.641/ 0.000/ 0.000/-0.000, Output=-0.600(-0.600/0.600), Volt=10.2(10.1)
GlobalTracer.printPidInfo_Info: [3.715] gyroTurnPidCtrl: Target=   0.0, Input=   1.6, Error=  -1.6, PIDTerms=-0.019/ 0.000/ 0.000/ 0.000, Output=-0.018(-0.700/0.700), Volt=10.2(10.1)
GlobalTracer.printPidInfo_Info: [3.775] encoderXPidCtrl: Target=   0.0, Input=  -0.7, Error=   0.7, PIDTerms= 0.101/ 0.000/ 0.000/ 0.000, Output= 0.101(-0.700/0.700), Volt=10.3(10.1)
GlobalTracer.printPidInfo_Info: [3.775] encoderYPidCtrl: Target= -60.0, Input=  -5.3, Error= -54.7, PIDTerms=-1.641/ 0.000/ 0.000/-0.000, Output=-0.600(-0.600/0.600), Volt=10.3(10.1)
GlobalTracer.printPidInfo_Info: [3.775] gyroTurnPidCtrl: Target=   0.0, Input=   1.6, Error=  -1.6, PIDTerms=-0.019/ 0.000/ 0.000/ 0.000, Output=-0.019(-0.700/0.700), Volt=10.3(10.1)
GlobalTracer.printPidInfo_Info: [3.830] encoderXPidCtrl: Target=   0.0, Input=  -0.7, Error=   0.7, PIDTerms= 0.101/ 0.000/ 0.000/ 0.000, Output= 0.101(-0.700/0.700), Volt=10.2(10.1)
GlobalTracer.printPidInfo_Info: [3.830] encoderYPidCtrl: Target= -60.0, Input=  -5.3, Error= -54.7, PIDTerms=-1.641/ 0.000/ 0.000/-0.000, Output=-0.600(-0.600/0.600), Volt=10.2(10.1)
GlobalTracer.printPidInfo_Info: [3.830] gyroTurnPidCtrl: Target=   0.0, Input=   1.6, Error=  -1.6, PIDTerms=-0.019/ 0.000/ 0.000/ 0.000, Output=-0.019(-0.700/0.700), Volt=10.2(10.1)
GlobalTracer.printPidInfo_Info: [3.891] encoderXPidCtrl: Target=   0.0, Input=  -0.7, Error=   0.7, PIDTerms= 0.101/ 0.000/ 0.000/ 0.000, Output= 0.101(-0.700/0.700), Volt=10.3(10.1)
GlobalTracer.printPidInfo_Info: [3.891] encoderYPidCtrl: Target= -60.0, Input=  -5.3, Error= -54.7, PIDTerms=-1.641/ 0.000/ 0.000/-0.000, Output=-0.600(-0.600/0.600), Volt=10.3(10.1)
GlobalTracer.printPidInfo_Info: [3.891] gyroTurnPidCtrl: Target=   0.0, Input=   1.6, Error=  -1.6, PIDTerms=-0.019/ 0.000/ 0.000/ 0.000, Output=-0.019(-0.700/0.700), Volt=10.3(10.1)
GlobalTracer.printPidInfo_Info: [3.935] encoderXPidCtrl: Target=   0.0, Input=  -0.7, Error=   0.7, PIDTerms= 0.101/ 0.000/ 0.000/ 0.000, Output= 0.101(-0.700/0.700), Volt=10.1(10.1)
GlobalTracer.printPidInfo_Info: [3.935] encoderYPidCtrl: Target= -60.0, Input=  -5.3, Error= -54.7, PIDTerms=-1.641/ 0.000/ 0.000/-0.000, Output=-0.600(-0.600/0.600), Volt=10.1(10.1)
GlobalTracer.printPidInfo_Info: [3.935] gyroTurnPidCtrl: Target=   0.0, Input=   1.6, Error=  -1.6, PIDTerms=-0.019/ 0.000/ 0.000/ 0.000, Output=-0.019(-0.700/0.700), Volt=10.1(10.1)
GlobalTracer.printPidInfo_Info: [3.999] encoderXPidCtrl: Target=   0.0, Input=  -0.7, Error=   0.7, PIDTerms= 0.100/ 0.000/-0.001/ 0.000, Output= 0.099(-0.700/0.700), Volt=10.3(10.1)
GlobalTracer.printPidInfo_Info: [3.999] encoderYPidCtrl: Target= -60.0, Input=  -5.3, Error= -54.7, PIDTerms=-1.640/ 0.000/ 0.000/-0.000, Output=-0.600(-0.600/0.600), Volt=10.3(10.1)
GlobalTracer.printPidInfo_Info: [3.999] gyroTurnPidCtrl: Target=   0.0, Input=   1.6, Error=  -1.6, PIDTerms=-0.019/ 0.000/ 0.000/ 0.000, Output=-0.019(-0.700/0.700), Volt=10.3(10.1)
GlobalTracer.printPidInfo_Info: [4.053] encoderXPidCtrl: Target=   0.0, Input=  -0.7, Error=   0.7, PIDTerms= 0.100/ 0.000/-0.001/ 0.000, Output= 0.099(-0.700/0.700), Volt=10.2(10.1)
GlobalTracer.printPidInfo_Info: [4.053] encoderYPidCtrl: Target= -60.0, Input=  -5.3, Error= -54.7, PIDTerms=-1.640/ 0.000/ 0.000/-0.000, Output=-0.600(-0.600/0.600), Volt=10.2(10.1)
GlobalTracer.printPidInfo_Info: [4.053] gyroTurnPidCtrl: Target=   0.0, Input=   1.6, Error=  -1.6, PIDTerms=-0.019/ 0.000/ 0.000/ 0.000, Output=-0.019(-0.700/0.700), Volt=10.2(10.1)
GlobalTracer.printPidInfo_Info: [4.118] encoderXPidCtrl: Target=   0.0, Input=  -0.7, Error=   0.7, PIDTerms= 0.100/ 0.000/ 0.000/ 0.000, Output= 0.100(-0.700/0.700), Volt=10.2(10.1)
GlobalTracer.printPidInfo_Info: [4.118] encoderYPidCtrl: Target= -60.0, Input=  -5.3, Error= -54.7, PIDTerms=-1.640/ 0.000/ 0.000/-0.000, Output=-0.600(-0.600/0.600), Volt=10.2(10.1)
GlobalTracer.printPidInfo_Info: [4.118] gyroTurnPidCtrl: Target=   0.0, Input=   1.6, Error=  -1.6, PIDTerms=-0.019/ 0.000/ 0.000/ 0.000, Output=-0.019(-0.700/0.700), Volt=10.2(10.1)
GlobalTracer.printPidInfo_Info: [4.172] encoderXPidCtrl: Target=   0.0, Input=  -0.7, Error=   0.7, PIDTerms= 0.100/ 0.000/ 0.001/ 0.000, Output= 0.101(-0.700/0.700), Volt=10.1(10.1)
GlobalTracer.printPidInfo_Info: [4.172] encoderYPidCtrl: Target= -60.0, Input=  -5.3, Error= -54.7, PIDTerms=-1.640/ 0.000/ 0.000/-0.000, Output=-0.600(-0.600/0.600), Volt=10.1(10.1)
GlobalTracer.printPidInfo_Info: [4.172] gyroTurnPidCtrl: Target=   0.0, Input=   1.6, Error=  -1.6, PIDTerms=-0.019/ 0.000/ 0.000/ 0.000, Output=-0.019(-0.700/0.700), Volt=10.1(10.1)
GlobalTracer.startCompetition_Warn: AUTO_MODE takes too long (0.113s)

GlobalTracer.printPidInfo_Info: [4.285] encoderXPidCtrl: Target=   0.0, Input=  -0.7, Error=   0.7, PIDTerms= 0.100/ 0.000/ 0.000/ 0.000, Output= 0.100(-0.700/0.700), Volt=10.2(10.1)
GlobalTracer.printPidInfo_Info: [4.285] encoderYPidCtrl: Target= -60.0, Input=  -5.3, Error= -54.7, PIDTerms=-1.640/ 0.000/ 0.000/-0.000, Output=-0.600(-0.600/0.600), Volt=10.2(10.1)
GlobalTracer.printPidInfo_Info: [4.285] gyroTurnPidCtrl: Target=   0.0, Input=   1.6, Error=  -1.6, PIDTerms=-0.019/ 0.000/ 0.000/ 0.000, Output=-0.019(-0.700/0.700), Volt=10.2(10.1)
GlobalTracer.startCompetition_Warn: AUTO_MODE takes too long (0.106s)

GlobalTracer.printPidInfo_Info: [4.393] encoderXPidCtrl: Target=   0.0, Input=  -0.7, Error=   0.7, PIDTerms= 0.100/ 0.000/ 0.000/ 0.000, Output= 0.100(-0.700/0.700), Volt=10.4(10.1)
GlobalTracer.printPidInfo_Info: [4.393] encoderYPidCtrl: Target= -60.0, Input=  -5.3, Error= -54.7, PIDTerms=-1.640/ 0.000/ 0.000/-0.000, Output=-0.600(-0.600/0.600), Volt=10.4(10.1)
GlobalTracer.printPidInfo_Info: [4.393] gyroTurnPidCtrl: Target=   0.0, Input=   1.6, Error=  -1.6, PIDTerms=-0.019/ 0.000/ 0.000/ 0.000, Output=-0.019(-0.700/0.700), Volt=10.4(10.1)
GlobalTracer.startCompetition_Warn: AUTO_MODE takes too long (0.107s)

GlobalTracer.printPidInfo_Info: [4.501] encoderXPidCtrl: Target=   0.0, Input=  -0.7, Error=   0.7, PIDTerms= 0.100/ 0.000/-0.000/ 0.000, Output= 0.099(-0.700/0.700), Volt=10.2(10.1)
GlobalTracer.printPidInfo_Info: [4.501] encoderYPidCtrl: Target= -60.0, Input=  -5.3, Error= -54.7, PIDTerms=-1.640/ 0.000/ 0.000/-0.000, Output=-0.600(-0.600/0.600), Volt=10.2(10.1)
GlobalTracer.printPidInfo_Info: [4.501] gyroTurnPidCtrl: Target=   0.0, Input=   1.6, Error=  -1.6, PIDTerms=-0.019/ 0.000/ 0.000/ 0.000, Output=-0.019(-0.700/0.700), Volt=10.2(10.1)
GlobalTracer.startCompetition_Warn: AUTO_MODE takes too long (0.117s)

GlobalTracer.printPidInfo_Info: [4.622] encoderXPidCtrl: Target=   0.0, Input=  -0.7, Error=   0.7, PIDTerms= 0.100/ 0.000/ 0.000/ 0.000, Output= 0.100(-0.700/0.700), Volt=10.3(10.1)
GlobalTracer.printPidInfo_Info: [4.622] encoderYPidCtrl: Target= -60.0, Input=  -5.3, Error= -54.7, PIDTerms=-1.640/ 0.000/ 0.000/-0.000, Output=-0.600(-0.600/0.600), Volt=10.3(10.1)
GlobalTracer.printPidInfo_Info: [4.622] gyroTurnPidCtrl: Target=   0.0, Input=   1.6, Error=  -1.6, PIDTerms=-0.019/ 0.000/ 0.000/ 0.000, Output=-0.019(-0.700/0.700), Volt=10.3(10.1)
GlobalTracer.startCompetition_Warn: AUTO_MODE takes too long (0.124s)

GlobalTracer.printPidInfo_Info: [4.746] encoderXPidCtrl: Target=   0.0, Input=  -0.7, Error=   0.7, PIDTerms= 0.100/ 0.000/ 0.000/ 0.000, Output= 0.100(-0.700/0.700), Volt=10.2(10.1)
GlobalTracer.printPidInfo_Info: [4.746] encoderYPidCtrl: Target= -60.0, Input=  -5.3, Error= -54.7, PIDTerms=-1.640/ 0.000/ 0.000/-0.000, Output=-0.600(-0.600/0.600), Volt=10.2(10.1)
GlobalTracer.printPidInfo_Info: [4.746] gyroTurnPidCtrl: Target=   0.0, Input=   1.6, Error=  -1.6, PIDTerms=-0.019/ 0.000/ 0.000/ 0.000, Output=-0.019(-0.700/0.700), Volt=10.2(10.1)
GlobalTracer.startCompetition_Warn: AUTO_MODE takes too long (0.102s)

GlobalTracer.printPidInfo_Info: [4.851] encoderXPidCtrl: Target=   0.0, Input=  -0.7, Error=   0.7, PIDTerms= 0.100/ 0.000/ 0.000/ 0.000, Output= 0.100(-0.700/0.700), Volt=10.4(10.1)
GlobalTracer.printPidInfo_Info: [4.851] encoderYPidCtrl: Target= -60.0, Input=  -5.4, Error= -54.6, PIDTerms=-1.639/ 0.000/ 0.000/-0.000, Output=-0.600(-0.600/0.600), Volt=10.4(10.1)
GlobalTracer.printPidInfo_Info: [4.851] gyroTurnPidCtrl: Target=   0.0, Input=   1.6, Error=  -1.6, PIDTerms=-0.019/ 0.000/ 0.000/ 0.000, Output=-0.019(-0.700/0.700), Volt=10.4(10.1)
GlobalTracer.startCompetition_Warn: AUTO_MODE takes too long (0.135s)

GlobalTracer.printPidInfo_Info: [4.987] encoderXPidCtrl: Target=   0.0, Input=  -0.7, Error=   0.7, PIDTerms= 0.100/ 0.000/ 0.000/ 0.000, Output= 0.100(-0.700/0.700), Volt=10.2(10.1)
GlobalTracer.printPidInfo_Info: [4.987] encoderYPidCtrl: Target= -60.0, Input=  -5.4, Error= -54.6, PIDTerms=-1.639/ 0.000/ 0.000/-0.000, Output=-0.600(-0.600/0.600), Volt=10.2(10.1)
GlobalTracer.printPidInfo_Info: [4.987] gyroTurnPidCtrl: Target=   0.0, Input=   1.5, Error=  -1.5, PIDTerms=-0.019/ 0.000/ 0.000/ 0.000, Output=-0.018(-0.700/0.700), Volt=10.3(10.1)
GlobalTracer.startCompetition_Warn: AUTO_MODE takes too long (0.146s)

GlobalTracer.printPidInfo_Info: [5.134] encoderXPidCtrl: Target=   0.0, Input=  -0.7, Error=   0.7, PIDTerms= 0.099/ 0.000/-0.000/ 0.000, Output= 0.099(-0.700/0.700), Volt=10.3(10.1)
GlobalTracer.printPidInfo_Info: [5.134] encoderYPidCtrl: Target= -60.0, Input=  -5.4, Error= -54.6, PIDTerms=-1.639/ 0.000/ 0.000/-0.000, Output=-0.600(-0.600/0.600), Volt=10.3(10.1)
GlobalTracer.printPidInfo_Info: [5.134] gyroTurnPidCtrl: Target=   0.0, Input=   1.5, Error=  -1.5, PIDTerms=-0.018/ 0.000/ 0.000/ 0.000, Output=-0.018(-0.700/0.700), Volt=10.3(10.1)
GlobalTracer.startCompetition_Warn: AUTO_MODE takes too long (0.119s)

GlobalTracer.printPidInfo_Info: [5.253] encoderXPidCtrl: Target=   0.0, Input=  -0.7, Error=   0.7, PIDTerms= 0.098/ 0.000/-0.001/ 0.000, Output= 0.098(-0.700/0.700), Volt=10.1(10.1)
GlobalTracer.printPidInfo_Info: [5.253] encoderYPidCtrl: Target= -60.0, Input=  -5.4, Error= -54.6, PIDTerms=-1.639/ 0.000/ 0.000/-0.000, Output=-0.600(-0.600/0.600), Volt=10.1(10.1)
GlobalTracer.printPidInfo_Info: [5.253] gyroTurnPidCtrl: Target=   0.0, Input=   1.5, Error=  -1.5, PIDTerms=-0.018/ 0.000/ 0.000/ 0.000, Output=-0.018(-0.700/0.700), Volt=10.2(10.1)
GlobalTracer.printPidInfo_Info: [5.338] encoderXPidCtrl: Target=   0.0, Input=  -0.7, Error=   0.7, PIDTerms= 0.099/ 0.000/ 0.000/ 0.000, Output= 0.099(-0.700/0.700), Volt=10.3(10.1)
GlobalTracer.printPidInfo_Info: [5.338] encoderYPidCtrl: Target= -60.0, Input=  -5.4, Error= -54.6, PIDTerms=-1.638/ 0.000/ 0.000/-0.000, Output=-0.600(-0.600/0.600), Volt=10.3(10.1)
GlobalTracer.printPidInfo_Info: [5.338] gyroTurnPidCtrl: Target=   0.0, Input=   1.5, Error=  -1.5, PIDTerms=-0.018/ 0.000/-0.000/ 0.000, Output=-0.019(-0.700/0.700), Volt=10.3(10.1)
GlobalTracer.printPidInfo_Info: [5.413] encoderXPidCtrl: Target=   0.0, Input=  -0.7, Error=   0.7, PIDTerms= 0.099/ 0.000/ 0.001/ 0.000, Output= 0.100(-0.700/0.700), Volt=10.4(10.1)
GlobalTracer.printPidInfo_Info: [5.413] encoderYPidCtrl: Target= -60.0, Input=  -5.4, Error= -54.6, PIDTerms=-1.638/ 0.000/ 0.000/-0.000, Output=-0.600(-0.600/0.600), Volt=10.4(10.1)
GlobalTracer.printPidInfo_Info: [5.413] gyroTurnPidCtrl: Target=   0.0, Input=   1.5, Error=  -1.5, PIDTerms=-0.018/ 0.000/ 0.000/ 0.000, Output=-0.018(-0.700/0.700), Volt=10.4(10.1)
GlobalTracer.printPidInfo_Info: [5.491] encoderXPidCtrl: Target=   0.0, Input=  -0.7, Error=   0.7, PIDTerms= 0.099/ 0.000/ 0.000/ 0.000, Output= 0.099(-0.700/0.700), Volt=10.2(10.1)
GlobalTracer.printPidInfo_Info: [5.491] encoderYPidCtrl: Target= -60.0, Input=  -5.4, Error= -54.6, PIDTerms=-1.638/ 0.000/ 0.000/-0.000, Output=-0.600(-0.600/0.600), Volt=10.3(10.1)
GlobalTracer.printPidInfo_Info: [5.491] gyroTurnPidCtrl: Target=   0.0, Input=   1.5, Error=  -1.5, PIDTerms=-0.018/ 0.000/ 0.000/ 0.000, Output=-0.018(-0.700/0.700), Volt=10.3(10.1)
GlobalTracer.printPidInfo_Info: [5.551] encoderXPidCtrl: Target=   0.0, Input=  -0.7, Error=   0.7, PIDTerms= 0.099/ 0.000/ 0.000/ 0.000, Output= 0.099(-0.700/0.700), Volt=10.3(10.1)
GlobalTracer.printPidInfo_Info: [5.551] encoderYPidCtrl: Target= -60.0, Input=  -5.4, Error= -54.6, PIDTerms=-1.638/ 0.000/ 0.000/-0.000, Output=-0.600(-0.600/0.600), Volt=10.3(10.1)
GlobalTracer.printPidInfo_Info: [5.551] gyroTurnPidCtrl: Target=   0.0, Input=   1.5, Error=  -1.5, PIDTerms=-0.018/ 0.000/ 0.000/ 0.000, Output=-0.018(-0.700/0.700), Volt=10.3(10.1)
GlobalTracer.printPidInfo_Info: [5.611] encoderXPidCtrl: Target=   0.0, Input=  -0.7, Error=   0.7, PIDTerms= 0.099/ 0.000/ 0.000/ 0.000, Output= 0.099(-0.700/0.700), Volt=10.3(10.1)
GlobalTracer.printPidInfo_Info: [5.611] encoderYPidCtrl: Target= -60.0, Input=  -5.4, Error= -54.6, PIDTerms=-1.638/ 0.000/ 0.000/-0.000, Output=-0.600(-0.600/0.600), Volt=10.2(10.1)
GlobalTracer.printPidInfo_Info: [5.611] gyroTurnPidCtrl: Target=   0.0, Input=   1.5, Error=  -1.5, PIDTerms=-0.018/ 0.000/ 0.000/ 0.000, Output=-0.018(-0.700/0.700), Volt=10.2(10.1)
GlobalTracer.printPidInfo_Info: [5.667] encoderXPidCtrl: Target=   0.0, Input=  -0.7, Error=   0.7, PIDTerms= 0.099/ 0.000/ 0.000/ 0.000, Output= 0.099(-0.700/0.700), Volt=10.4(10.1)
GlobalTracer.printPidInfo_Info: [5.667] encoderYPidCtrl: Target= -60.0, Input=  -5.4, Error= -54.6, PIDTerms=-1.638/ 0.000/ 0.000/-0.000, Output=-0.600(-0.600/0.600), Volt=10.4(10.1)
GlobalTracer.printPidInfo_Info: [5.667] gyroTurnPidCtrl: Target=   0.0, Input=   1.5, Error=  -1.5, PIDTerms=-0.018/ 0.000/ 0.000/ 0.000, Output=-0.018(-0.700/0.700), Volt=10.2(10.1)
GlobalTracer.printPidInfo_Info: [5.725] encoderXPidCtrl: Target=   0.0, Input=  -0.7, Error=   0.7, PIDTerms= 0.099/ 0.000/-0.001/ 0.000, Output= 0.098(-0.700/0.700), Volt=10.2(10.1)
GlobalTracer.printPidInfo_Info: [5.725] encoderYPidCtrl: Target= -60.0, Input=  -5.4, Error= -54.6, PIDTerms=-1.638/ 0.000/ 0.000/-0.000, Output=-0.600(-0.600/0.600), Volt=10.2(10.1)
GlobalTracer.printPidInfo_Info: [5.725] gyroTurnPidCtrl: Target=   0.0, Input=   1.5, Error=  -1.5, PIDTerms=-0.018/ 0.000/ 0.000/ 0.000, Output=-0.018(-0.700/0.700), Volt=10.3(10.1)
GlobalTracer.printPidInfo_Info: [5.805] encoderXPidCtrl: Target=   0.0, Input=  -0.7, Error=   0.7, PIDTerms= 0.099/ 0.000/ 0.000/ 0.000, Output= 0.099(-0.700/0.700), Volt=10.3(10.1)
GlobalTracer.printPidInfo_Info: [5.805] encoderYPidCtrl: Target= -60.0, Input=  -5.4, Error= -54.6, PIDTerms=-1.638/ 0.000/ 0.000/-0.000, Output=-0.600(-0.600/0.600), Volt=10.2(10.1)
GlobalTracer.printPidInfo_Info: [5.805] gyroTurnPidCtrl: Target=   0.0, Input=   1.5, Error=  -1.5, PIDTerms=-0.018/ 0.000/ 0.000/ 0.000, Output=-0.018(-0.700/0.700), Volt=10.2(10.1)
GlobalTracer.printPidInfo_Info: [5.893] encoderXPidCtrl: Target=   0.0, Input=  -0.7, Error=   0.7, PIDTerms= 0.099/ 0.000/ 0.000/ 0.000, Output= 0.099(-0.700/0.700), Volt=10.2(10.1)
GlobalTracer.printPidInfo_Info: [5.893] encoderYPidCtrl: Target= -60.0, Input=  -5.4, Error= -54.6, PIDTerms=-1.638/ 0.000/ 0.000/-0.000, Output=-0.600(-0.600/0.600), Volt=10.2(10.1)
GlobalTracer.printPidInfo_Info: [5.893] gyroTurnPidCtrl: Target=   0.0, Input=   1.5, Error=  -1.5, PIDTerms=-0.018/ 0.000/ 0.000/ 0.000, Output=-0.018(-0.700/0.700), Volt=10.2(10.1)
GlobalTracer.printPidInfo_Info: [5.966] encoderXPidCtrl: Target=   0.0, Input=  -0.7, Error=   0.7, PIDTerms= 0.099/ 0.000/ 0.000/ 0.000, Output= 0.099(-0.700/0.700), Volt=10.4(10.1)
GlobalTracer.printPidInfo_Info: [5.966] encoderYPidCtrl: Target= -60.0, Input=  -5.4, Error= -54.6, PIDTerms=-1.638/ 0.000/ 0.000/-0.000, Output=-0.600(-0.600/0.600), Volt=10.3(10.1)
GlobalTracer.printPidInfo_Info: [5.966] gyroTurnPidCtrl: Target=   0.0, Input=   1.5, Error=  -1.5, PIDTerms=-0.018/ 0.000/ 0.000/ 0.000, Output=-0.018(-0.700/0.700), Volt=10.3(10.1)
GlobalTracer.printPidInfo_Info: [6.051] encoderXPidCtrl: Target=   0.0, Input=  -0.7, Error=   0.7, PIDTerms= 0.098/ 0.000/-0.001/ 0.000, Output= 0.098(-0.700/0.700), Volt=10.2(10.1)
GlobalTracer.printPidInfo_Info: [6.051] encoderYPidCtrl: Target= -60.0, Input=  -5.4, Error= -54.6, PIDTerms=-1.638/ 0.000/ 0.000/-0.000, Output=-0.600(-0.600/0.600), Volt=10.2(10.1)
GlobalTracer.printPidInfo_Info: [6.051] gyroTurnPidCtrl: Target=   0.0, Input=   1.5, Error=  -1.5, PIDTerms=-0.018/ 0.000/ 0.000/ 0.000, Output=-0.018(-0.700/0.700), Volt=10.3(10.1)
GlobalTracer.printPidInfo_Info: [6.140] encoderXPidCtrl: Target=   0.0, Input=  -0.7, Error=   0.7, PIDTerms= 0.099/ 0.000/ 0.001/ 0.000, Output= 0.099(-0.700/0.700), Volt=10.3(10.1)
GlobalTracer.printPidInfo_Info: [6.140] encoderYPidCtrl: Target= -60.0, Input=  -5.4, Error= -54.6, PIDTerms=-1.638/ 0.000/ 0.000/-0.000, Output=-0.600(-0.600/0.600), Volt=10.3(10.1)
GlobalTracer.printPidInfo_Info: [6.140] gyroTurnPidCtrl: Target=   0.0, Input=   1.5, Error=  -1.5, PIDTerms=-0.018/ 0.000/ 0.000/ 0.000, Output=-0.018(-0.700/0.700), Volt=10.3(10.1)
GlobalTracer.printPidInfo_Info: [6.216] encoderXPidCtrl: Target=   0.0, Input=  -0.7, Error=   0.7, PIDTerms= 0.098/ 0.000/-0.001/ 0.000, Output= 0.098(-0.700/0.700), Volt=10.3(10.1)
GlobalTracer.printPidInfo_Info: [6.216] encoderYPidCtrl: Target= -60.0, Input=  -5.4, Error= -54.6, PIDTerms=-1.638/ 0.000/ 0.000/-0.000, Output=-0.600(-0.600/0.600), Volt=10.3(10.1)
GlobalTracer.printPidInfo_Info: [6.216] gyroTurnPidCtrl: Target=   0.0, Input=   1.5, Error=  -1.5, PIDTerms=-0.018/ 0.000/ 0.000/ 0.000, Output=-0.018(-0.700/0.700), Volt=10.3(10.1)
GlobalTracer.printPidInfo_Info: [6.310] encoderXPidCtrl: Target=   0.0, Input=  -0.7, Error=   0.7, PIDTerms= 0.098/ 0.000/ 0.000/ 0.000, Output= 0.098(-0.700/0.700), Volt=10.2(10.1)
GlobalTracer.printPidInfo_Info: [6.310] encoderYPidCtrl: Target= -60.0, Input=  -5.4, Error= -54.6, PIDTerms=-1.637/ 0.000/ 0.000/-0.000, Output=-0.600(-0.600/0.600), Volt=10.2(10.1)
GlobalTracer.printPidInfo_Info: [6.310] gyroTurnPidCtrl: Target=   0.0, Input=   1.5, Error=  -1.5, PIDTerms=-0.018/ 0.000/-0.000/ 0.000, Output=-0.018(-0.700/0.700), Volt=10.2(10.1)
GlobalTracer.printPidInfo_Info: [6.392] encoderXPidCtrl: Target=   0.0, Input=  -0.7, Error=   0.7, PIDTerms= 0.098/ 0.000/-0.001/ 0.000, Output= 0.097(-0.700/0.700), Volt=10.2(10.1)
GlobalTracer.printPidInfo_Info: [6.392] encoderYPidCtrl: Target= -60.0, Input=  -5.4, Error= -54.6, PIDTerms=-1.637/ 0.000/ 0.000/-0.000, Output=-0.600(-0.600/0.600), Volt=10.2(10.1)
GlobalTracer.printPidInfo_Info: [6.392] gyroTurnPidCtrl: Target=   0.0, Input=   1.5, Error=  -1.5, PIDTerms=-0.018/ 0.000/ 0.000/ 0.000, Output=-0.018(-0.700/0.700), Volt=10.2(10.1)
GlobalTracer.startCompetition_Warn: AUTO_MODE takes too long (0.114s)

GlobalTracer.printPidInfo_Info: [6.506] encoderXPidCtrl: Target=   0.0, Input=  -0.7, Error=   0.7, PIDTerms= 0.098/ 0.000/ 0.000/ 0.000, Output= 0.099(-0.700/0.700), Volt=10.2(10.1)
GlobalTracer.printPidInfo_Info: [6.506] encoderYPidCtrl: Target= -60.0, Input=  -5.4, Error= -54.6, PIDTerms=-1.637/ 0.000/ 0.000/-0.000, Output=-0.600(-0.600/0.600), Volt=10.3(10.1)
GlobalTracer.printPidInfo_Info: [6.506] gyroTurnPidCtrl: Target=   0.0, Input=   1.5, Error=  -1.5, PIDTerms=-0.018/ 0.000/ 0.000/ 0.000, Output=-0.018(-0.700/0.700), Volt=10.3(10.1)
GlobalTracer.printPidInfo_Info: [6.594] encoderXPidCtrl: Target=   0.0, Input=  -0.7, Error=   0.7, PIDTerms= 0.098/ 0.000/-0.000/ 0.000, Output= 0.097(-0.700/0.700), Volt=10.2(10.1)
GlobalTracer.printPidInfo_Info: [6.594] encoderYPidCtrl: Target= -60.0, Input=  -5.4, Error= -54.6, PIDTerms=-1.637/ 0.000/ 0.000/-0.000, Output=-0.600(-0.600/0.600), Volt=10.2(10.1)
GlobalTracer.printPidInfo_Info: [6.594] gyroTurnPidCtrl: Target=   0.0, Input=   1.5, Error=  -1.5, PIDTerms=-0.018/ 0.000/ 0.000/ 0.000, Output=-0.018(-0.700/0.700), Volt=10.2(10.1)
GlobalTracer.printPidInfo_Info: [6.671] encoderXPidCtrl: Target=   0.0, Input=  -0.7, Error=   0.7, PIDTerms= 0.099/ 0.000/ 0.001/ 0.000, Output= 0.100(-0.700/0.700), Volt=10.2(10.1)
GlobalTracer.printPidInfo_Info: [6.671] encoderYPidCtrl: Target= -60.0, Input=  -5.4, Error= -54.6, PIDTerms=-1.637/ 0.000/ 0.000/-0.000, Output=-0.600(-0.600/0.600), Volt=10.2(10.1)
GlobalTracer.printPidInfo_Info: [6.671] gyroTurnPidCtrl: Target=   0.0, Input=   1.5, Error=  -1.5, PIDTerms=-0.018/ 0.000/ 0.000/ 0.000, Output=-0.018(-0.700/0.700), Volt=10.2(10.1)
GlobalTracer.printPidInfo_Info: [6.762] encoderXPidCtrl: Target=   0.0, Input=  -0.7, Error=   0.7, PIDTerms= 0.099/ 0.000/ 0.000/ 0.000, Output= 0.099(-0.700/0.700), Volt=10.3(10.1)
GlobalTracer.printPidInfo_Info: [6.762] encoderYPidCtrl: Target= -60.0, Input=  -5.5, Error= -54.5, PIDTerms=-1.636/ 0.000/ 0.000/-0.000, Output=-0.600(-0.600/0.600), Volt=10.2(10.1)
GlobalTracer.printPidInfo_Info: [6.762] gyroTurnPidCtrl: Target=   0.0, Input=   1.5, Error=  -1.5, PIDTerms=-0.018/ 0.000/ 0.000/ 0.000, Output=-0.018(-0.700/0.700), Volt=10.2(10.1)
GlobalTracer.printPidInfo_Info: [6.852] encoderXPidCtrl: Target=   0.0, Input=  -0.7, Error=   0.7, PIDTerms= 0.099/ 0.000/ 0.000/ 0.000, Output= 0.099(-0.700/0.700), Volt=10.0(10.0)
GlobalTracer.printPidInfo_Info: [6.852] encoderYPidCtrl: Target= -60.0, Input=  -5.5, Error= -54.5, PIDTerms=-1.636/ 0.000/ 0.000/-0.000, Output=-0.600(-0.600/0.600), Volt=10.0(10.0)
GlobalTracer.printPidInfo_Info: [6.852] gyroTurnPidCtrl: Target=   0.0, Input=   1.5, Error=  -1.5, PIDTerms=-0.018/ 0.000/ 0.000/ 0.000, Output=-0.018(-0.700/0.700), Volt=10.1(10.0)
GlobalTracer.printPidInfo_Info: [6.939] encoderXPidCtrl: Target=   0.0, Input=  -0.7, Error=   0.7, PIDTerms= 0.098/ 0.000/-0.001/ 0.000, Output= 0.097(-0.700/0.700), Volt=10.1(10.0)
GlobalTracer.printPidInfo_Info: [6.939] encoderYPidCtrl: Target= -60.0, Input=  -5.5, Error= -54.5, PIDTerms=-1.636/ 0.000/ 0.000/-0.000, Output=-0.600(-0.600/0.600), Volt=10.1(10.0)
GlobalTracer.printPidInfo_Info: [6.939] gyroTurnPidCtrl: Target=   0.0, Input=   1.5, Error=  -1.5, PIDTerms=-0.018/ 0.000/-0.000/ 0.000, Output=-0.018(-0.700/0.700), Volt=10.1(10.0)
GlobalTracer.printPidInfo_Info: [7.014] encoderXPidCtrl: Target=   0.0, Input=  -0.7, Error=   0.7, PIDTerms= 0.098/ 0.000/ 0.001/ 0.000, Output= 0.099(-0.700/0.700), Volt=10.2(10.0)
GlobalTracer.printPidInfo_Info: [7.014] encoderYPidCtrl: Target= -60.0, Input=  -5.5, Error= -54.5, PIDTerms=-1.636/ 0.000/ 0.000/-0.000, Output=-0.600(-0.600/0.600), Volt=10.2(10.0)
GlobalTracer.printPidInfo_Info: [7.014] gyroTurnPidCtrl: Target=   0.0, Input=   1.5, Error=  -1.5, PIDTerms=-0.018/ 0.000/ 0.000/ 0.000, Output=-0.018(-0.700/0.700), Volt=10.2(10.0)
GlobalTracer.printPidInfo_Info: [7.090] encoderXPidCtrl: Target=   0.0, Input=  -0.7, Error=   0.7, PIDTerms= 0.099/ 0.000/ 0.001/ 0.000, Output= 0.099(-0.700/0.700), Volt=10.1(10.0)
GlobalTracer.printPidInfo_Info: [7.090] encoderYPidCtrl: Target= -60.0, Input=  -5.5, Error= -54.5, PIDTerms=-1.635/ 0.000/ 0.000/-0.000, Output=-0.600(-0.600/0.600), Volt=10.1(10.0)
GlobalTracer.printPidInfo_Info: [7.090] gyroTurnPidCtrl: Target=   0.0, Input=   1.5, Error=  -1.5, PIDTerms=-0.018/ 0.000/ 0.000/ 0.000, Output=-0.018(-0.700/0.700), Volt=10.1(10.0)
GlobalTracer.printPidInfo_Info: [7.168] encoderXPidCtrl: Target=   0.0, Input=  -0.7, Error=   0.7, PIDTerms= 0.098/ 0.000/-0.001/ 0.000, Output= 0.098(-0.700/0.700), Volt=10.1(10.0)
GlobalTracer.printPidInfo_Info: [7.168] encoderYPidCtrl: Target= -60.0, Input=  -5.5, Error= -54.5, PIDTerms=-1.635/ 0.000/ 0.000/-0.000, Output=-0.600(-0.600/0.600), Volt=10.1(10.0)
GlobalTracer.printPidInfo_Info: [7.168] gyroTurnPidCtrl: Target=   0.0, Input=   1.5, Error=  -1.5, PIDTerms=-0.018/ 0.000/ 0.000/ 0.000, Output=-0.018(-0.700/0.700), Volt=10.1(10.0)
GlobalTracer.startCompetition_Warn: AUTO_MODE takes too long (0.103s)

GlobalTracer.printPidInfo_Info: [7.272] encoderXPidCtrl: Target=   0.0, Input=  -0.7, Error=   0.7, PIDTerms= 0.098/ 0.000/ 0.000/ 0.000, Output= 0.098(-0.700/0.700), Volt=10.2(10.0)
GlobalTracer.printPidInfo_Info: [7.272] encoderYPidCtrl: Target= -60.0, Input=  -5.5, Error= -54.5, PIDTerms=-1.635/ 0.000/ 0.000/-0.000, Output=-0.600(-0.600/0.600), Volt=10.2(10.0)
GlobalTracer.printPidInfo_Info: [7.272] gyroTurnPidCtrl: Target=   0.0, Input=   1.5, Error=  -1.5, PIDTerms=-0.018/ 0.000/ 0.000/ 0.000, Output=-0.018(-0.700/0.700), Volt=10.0(10.0)
GlobalTracer.printPidInfo_Info: [7.361] encoderXPidCtrl: Target=   0.0, Input=  -0.7, Error=   0.7, PIDTerms= 0.098/ 0.000/ 0.000/ 0.000, Output= 0.098(-0.700/0.700), Volt=10.1(10.0)
GlobalTracer.printPidInfo_Info: [7.361] encoderYPidCtrl: Target= -60.0, Input=  -5.5, Error= -54.5, PIDTerms=-1.635/ 0.000/ 0.000/-0.000, Output=-0.600(-0.600/0.600), Volt=10.0(10.0)
GlobalTracer.printPidInfo_Info: [7.361] gyroTurnPidCtrl: Target=   0.0, Input=   1.5, Error=  -1.5, PIDTerms=-0.018/ 0.000/ 0.000/ 0.000, Output=-0.018(-0.700/0.700), Volt=10.0(10.0)
GlobalTracer.printPidInfo_Info: [7.432] encoderXPidCtrl: Target=   0.0, Input=  -0.7, Error=   0.7, PIDTerms= 0.099/ 0.000/ 0.001/ 0.000, Output= 0.100(-0.700/0.700), Volt=10.2(10.0)
GlobalTracer.printPidInfo_Info: [7.432] encoderYPidCtrl: Target= -60.0, Input=  -5.5, Error= -54.5, PIDTerms=-1.635/ 0.000/ 0.000/-0.000, Output=-0.600(-0.600/0.600), Volt=10.0(10.0)
GlobalTracer.printPidInfo_Info: [7.432] gyroTurnPidCtrl: Target=   0.0, Input=   1.5, Error=  -1.5, PIDTerms=-0.018/ 0.000/ 0.000/ 0.000, Output=-0.018(-0.700/0.700), Volt=10.0(10.0)
GlobalTracer.printPidInfo_Info: [7.530] encoderXPidCtrl: Target=   0.0, Input=  -0.7, Error=   0.7, PIDTerms= 0.098/ 0.000/-0.001/ 0.000, Output= 0.098(-0.700/0.700), Volt=10.2(10.0)
GlobalTracer.printPidInfo_Info: [7.530] encoderYPidCtrl: Target= -60.0, Input=  -5.5, Error= -54.5, PIDTerms=-1.635/ 0.000/ 0.000/-0.000, Output=-0.600(-0.600/0.600), Volt=10.2(10.0)
GlobalTracer.printPidInfo_Info: [7.530] gyroTurnPidCtrl: Target=   0.0, Input=   1.5, Error=  -1.5, PIDTerms=-0.018/ 0.000/ 0.000/ 0.000, Output=-0.018(-0.700/0.700), Volt=10.2(10.0)
GlobalTracer.printPidInfo_Info: [7.612] encoderXPidCtrl: Target=   0.0, Input=  -0.7, Error=   0.7, PIDTerms= 0.098/ 0.000/ 0.000/ 0.000, Output= 0.098(-0.700/0.700), Volt=10.0(10.0)
GlobalTracer.printPidInfo_Info: [7.612] encoderYPidCtrl: Target= -60.0, Input=  -5.5, Error= -54.5, PIDTerms=-1.635/ 0.000/ 0.000/-0.000, Output=-0.600(-0.600/0.600), Volt=10.0(10.0)
GlobalTracer.printPidInfo_Info: [7.612] gyroTurnPidCtrl: Target=   0.0, Input=   1.5, Error=  -1.5, PIDTerms=-0.018/ 0.000/ 0.000/ 0.000, Output=-0.018(-0.700/0.700), Volt=10.0(10.0)
GlobalTracer.printPidInfo_Info: [7.676] encoderXPidCtrl: Target=   0.0, Input=  -0.7, Error=   0.7, PIDTerms= 0.098/ 0.000/ 0.000/ 0.000, Output= 0.098(-0.700/0.700), Volt=10.4(10.0)
GlobalTracer.printPidInfo_Info: [7.676] encoderYPidCtrl: Target= -60.0, Input=  -5.5, Error= -54.5, PIDTerms=-1.635/ 0.000/ 0.000/-0.000, Output=-0.600(-0.600/0.600), Volt=10.4(10.0)
GlobalTracer.printPidInfo_Info: [7.676] gyroTurnPidCtrl: Target=   0.0, Input=   1.5, Error=  -1.5, PIDTerms=-0.018/ 0.000/ 0.000/ 0.000, Output=-0.017(-0.700/0.700), Volt=10.2(10.0)
GlobalTracer.printPidInfo_Info: [7.763] encoderXPidCtrl: Target=   0.0, Input=  -0.7, Error=   0.7, PIDTerms= 0.098/ 0.000/ 0.000/ 0.000, Output= 0.098(-0.700/0.700), Volt=10.2(10.0)
GlobalTracer.printPidInfo_Info: [7.763] encoderYPidCtrl: Target= -60.0, Input=  -5.5, Error= -54.5, PIDTerms=-1.635/ 0.000/ 0.000/-0.000, Output=-0.600(-0.600/0.600), Volt=10.1(10.0)
GlobalTracer.printPidInfo_Info: [7.763] gyroTurnPidCtrl: Target=   0.0, Input=   1.5, Error=  -1.5, PIDTerms=-0.018/ 0.000/ 0.000/ 0.000, Output=-0.018(-0.700/0.700), Volt=10.1(10.0)
GlobalTracer.printPidInfo_Info: [7.846] encoderXPidCtrl: Target=   0.0, Input=  -0.7, Error=   0.7, PIDTerms= 0.098/ 0.000/ 0.000/ 0.000, Output= 0.098(-0.700/0.700), Volt=10.2(10.0)
GlobalTracer.printPidInfo_Info: [7.846] encoderYPidCtrl: Target= -60.0, Input=  -5.5, Error= -54.5, PIDTerms=-1.635/ 0.000/ 0.000/-0.000, Output=-0.600(-0.600/0.600), Volt=10.2(10.0)
GlobalTracer.printPidInfo_Info: [7.846] gyroTurnPidCtrl: Target=   0.0, Input=   1.5, Error=  -1.5, PIDTerms=-0.018/ 0.000/ 0.000/ 0.000, Output=-0.018(-0.700/0.700), Volt=10.2(10.0)
GlobalTracer.startCompetition_Warn: AUTO_MODE takes too long (0.100s)

GlobalTracer.printPidInfo_Info: [7.951] encoderXPidCtrl: Target=   0.0, Input=  -0.7, Error=   0.7, PIDTerms= 0.098/ 0.000/ 0.000/ 0.000, Output= 0.098(-0.700/0.700), Volt=10.1(10.0)
GlobalTracer.printPidInfo_Info: [7.951] encoderYPidCtrl: Target= -60.0, Input=  -5.5, Error= -54.5, PIDTerms=-1.635/ 0.000/ 0.000/-0.000, Output=-0.600(-0.600/0.600), Volt=10.1(10.0)
GlobalTracer.printPidInfo_Info: [7.951] gyroTurnPidCtrl: Target=   0.0, Input=   1.5, Error=  -1.5, PIDTerms=-0.018/ 0.000/ 0.000/ 0.000, Output=-0.017(-0.700/0.700), Volt=10.1(10.0)
GlobalTracer.postContinuousTask_Info: Stalled=true, Expired=false
GlobalTracer.Robot_Info: [8.045] TURN_TO_SWITCH: xPos= -0.67,yPos= -5.37,heading=   1.5/ -90.0,volts=12.3(10.0)
GlobalTracer.printPidInfo_Info: [8.045] encoderXPidCtrl: Target=  -0.7, Input=  -0.7, Error=   0.0, PIDTerms= 0.098/ 0.000/ 0.000/ 0.000, Output= 0.000(-0.700/0.700), Volt=12.3(10.0)
GlobalTracer.printPidInfo_Info: [8.045] encoderYPidCtrl: Target=  -5.4, Input=  -5.5, Error=   0.0, PIDTerms=-1.635/ 0.000/ 0.000/-0.000, Output= 0.000(-0.600/0.600), Volt=12.3(10.0)
GlobalTracer.printPidInfo_Info: [8.045] gyroTurnPidCtrl: Target= -90.0, Input=   1.5, Error= -91.5, PIDTerms=-0.017/ 0.000/ 0.000/ 0.000, Output= 0.000(-0.700/0.700), Volt=12.3(10.0)
GlobalTracer.printPidInfo_Info: [8.132] encoderXPidCtrl: Target=  -0.7, Input=  -0.7, Error=   0.0, PIDTerms= 0.098/ 0.000/ 0.000/ 0.000, Output= 0.000(-0.700/0.700), Volt=10.4(10.0)
GlobalTracer.printPidInfo_Info: [8.132] encoderYPidCtrl: Target=  -5.4, Input=  -5.5, Error=   0.0, PIDTerms=-1.635/ 0.000/ 0.000/-0.000, Output= 0.000(-0.600/0.600), Volt=10.4(10.0)
GlobalTracer.printPidInfo_Info: [8.132] gyroTurnPidCtrl: Target= -90.0, Input=   1.5, Error= -91.5, PIDTerms=-1.098/ 0.000/ 0.000/-0.000, Output=-0.700(-0.700/0.700), Volt=10.3(10.0)
GlobalTracer.printPidInfo_Info: [8.215] encoderXPidCtrl: Target=  -0.7, Input=  -0.7, Error=   0.0, PIDTerms= 0.098/ 0.000/ 0.000/ 0.000, Output= 0.000(-0.700/0.700), Volt=10.4(10.0)
GlobalTracer.printPidInfo_Info: [8.215] encoderYPidCtrl: Target=  -5.4, Input=  -5.5, Error=   0.0, PIDTerms=-1.635/ 0.000/ 0.000/-0.000, Output= 0.000(-0.600/0.600), Volt=10.4(10.0)
GlobalTracer.printPidInfo_Info: [8.215] gyroTurnPidCtrl: Target= -90.0, Input=   1.3, Error= -91.3, PIDTerms=-1.095/ 0.000/ 0.002/-0.000, Output=-0.700(-0.700/0.700), Volt=10.4(10.0)
GlobalTracer.printPidInfo_Info: [8.286] encoderXPidCtrl: Target=  -0.7, Input=  -0.7, Error=   0.0, PIDTerms= 0.098/ 0.000/ 0.000/ 0.000, Output= 0.000(-0.700/0.700), Volt=10.6(10.0)
GlobalTracer.printPidInfo_Info: [8.286] encoderYPidCtrl: Target=  -5.4, Input=  -5.5, Error=   0.0, PIDTerms=-1.635/ 0.000/ 0.000/-0.000, Output= 0.000(-0.600/0.600), Volt=10.4(10.0)
GlobalTracer.printPidInfo_Info: [8.286] gyroTurnPidCtrl: Target= -90.0, Input=  -2.3, Error= -87.7, PIDTerms=-1.053/ 0.000/ 0.049/-0.000, Output=-0.700(-0.700/0.700), Volt=10.4(10.0)
GlobalTracer.printPidInfo_Info: [8.372] encoderXPidCtrl: Target=  -0.7, Input=  -0.7, Error=   0.0, PIDTerms= 0.098/ 0.000/ 0.000/ 0.000, Output= 0.000(-0.700/0.700), Volt=10.6(10.0)
GlobalTracer.printPidInfo_Info: [8.372] encoderYPidCtrl: Target=  -5.4, Input=  -5.5, Error=   0.0, PIDTerms=-1.635/ 0.000/ 0.000/-0.000, Output= 0.000(-0.600/0.600), Volt=10.6(10.0)
GlobalTracer.printPidInfo_Info: [8.372] gyroTurnPidCtrl: Target= -90.0, Input=  -5.8, Error= -84.2, PIDTerms=-1.011/ 0.000/ 0.043/-0.000, Output=-0.700(-0.700/0.700), Volt=10.6(10.0)
GlobalTracer.printPidInfo_Info: [8.453] encoderXPidCtrl: Target=  -0.7, Input=  -0.7, Error=   0.0, PIDTerms= 0.098/ 0.000/ 0.000/ 0.000, Output= 0.000(-0.700/0.700), Volt=10.9(10.0)
GlobalTracer.printPidInfo_Info: [8.453] encoderYPidCtrl: Target=  -5.4, Input=  -5.5, Error=   0.0, PIDTerms=-1.635/ 0.000/ 0.000/-0.000, Output= 0.000(-0.600/0.600), Volt=10.9(10.0)
GlobalTracer.printPidInfo_Info: [8.453] gyroTurnPidCtrl: Target= -90.0, Input= -10.3, Error= -79.8, PIDTerms=-0.957/ 0.000/ 0.063/-0.000, Output=-0.700(-0.700/0.700), Volt=10.9(10.0)
GlobalTracer.printPidInfo_Info: [8.533] encoderXPidCtrl: Target=  -0.7, Input=  -0.7, Error=   0.0, PIDTerms= 0.098/ 0.000/ 0.000/ 0.000, Output= 0.000(-0.700/0.700), Volt=10.9(10.0)
GlobalTracer.printPidInfo_Info: [8.533] encoderYPidCtrl: Target=  -5.4, Input=  -5.5, Error=   0.0, PIDTerms=-1.635/ 0.000/ 0.000/-0.000, Output= 0.000(-0.600/0.600), Volt=10.9(10.0)
GlobalTracer.printPidInfo_Info: [8.533] gyroTurnPidCtrl: Target= -90.0, Input= -17.3, Error= -72.7, PIDTerms=-0.873/ 0.000/ 0.071/-0.000, Output=-0.700(-0.700/0.700), Volt=10.9(10.0)
GlobalTracer.printPidInfo_Info: [8.615] encoderXPidCtrl: Target=  -0.7, Input=  -0.7, Error=   0.0, PIDTerms= 0.098/ 0.000/ 0.000/ 0.000, Output= 0.000(-0.700/0.700), Volt=11.2(10.0)
GlobalTracer.printPidInfo_Info: [8.615] encoderYPidCtrl: Target=  -5.4, Input=  -5.5, Error=   0.0, PIDTerms=-1.635/ 0.000/ 0.000/-0.000, Output= 0.000(-0.600/0.600), Volt=11.1(10.0)
GlobalTracer.printPidInfo_Info: [8.615] gyroTurnPidCtrl: Target= -90.0, Input= -24.8, Error= -65.3, PIDTerms=-0.783/ 0.000/ 0.110/-0.000, Output=-0.673(-0.700/0.700), Volt=11.1(10.0)
GlobalTracer.printPidInfo_Info: [8.711] encoderXPidCtrl: Target=  -0.7, Input=  -0.7, Error=   0.0, PIDTerms= 0.098/ 0.000/ 0.000/ 0.000, Output= 0.000(-0.700/0.700), Volt=11.6(10.0)
GlobalTracer.printPidInfo_Info: [8.711] encoderYPidCtrl: Target=  -5.4, Input=  -5.5, Error=   0.0, PIDTerms=-1.635/ 0.000/ 0.000/-0.000, Output= 0.000(-0.600/0.600), Volt=11.6(10.0)
GlobalTracer.printPidInfo_Info: [8.711] gyroTurnPidCtrl: Target= -90.0, Input= -33.7, Error= -56.3, PIDTerms=-0.675/ 0.000/ 0.088/-0.000, Output=-0.587(-0.700/0.700), Volt=11.6(10.0)
GlobalTracer.printPidInfo_Info: [8.794] encoderXPidCtrl: Target=  -0.7, Input=  -0.7, Error=   0.0, PIDTerms= 0.098/ 0.000/ 0.000/ 0.000, Output= 0.000(-0.700/0.700), Volt=12.3(10.0)
GlobalTracer.printPidInfo_Info: [8.794] encoderYPidCtrl: Target=  -5.4, Input=  -5.5, Error=   0.0, PIDTerms=-1.635/ 0.000/ 0.000/-0.000, Output= 0.000(-0.600/0.600), Volt=12.3(10.0)
GlobalTracer.printPidInfo_Info: [8.794] gyroTurnPidCtrl: Target= -90.0, Input= -46.9, Error= -43.1, PIDTerms=-0.518/ 0.000/ 0.189/-0.000, Output=-0.329(-0.700/0.700), Volt=12.3(10.0)
GlobalTracer.printPidInfo_Info: [8.887] encoderXPidCtrl: Target=  -0.7, Input=  -0.7, Error=   0.0, PIDTerms= 0.098/ 0.000/ 0.000/ 0.000, Output= 0.000(-0.700/0.700), Volt=12.4(10.0)
GlobalTracer.printPidInfo_Info: [8.887] encoderYPidCtrl: Target=  -5.4, Input=  -5.5, Error=   0.0, PIDTerms=-1.635/ 0.000/ 0.000/-0.000, Output= 0.000(-0.600/0.600), Volt=12.4(10.0)
GlobalTracer.printPidInfo_Info: [8.887] gyroTurnPidCtrl: Target= -90.0, Input= -61.3, Error= -28.7, PIDTerms=-0.345/ 0.000/ 0.139/-0.000, Output=-0.206(-0.700/0.700), Volt=12.4(10.0)
GlobalTracer.printPidInfo_Info: [8.949] encoderXPidCtrl: Target=  -0.7, Input=  -0.7, Error=   0.0, PIDTerms= 0.098/ 0.000/ 0.000/ 0.000, Output= 0.000(-0.700/0.700), Volt=12.4(10.0)
GlobalTracer.printPidInfo_Info: [8.949] encoderYPidCtrl: Target=  -5.4, Input=  -5.5, Error=   0.0, PIDTerms=-1.635/ 0.000/ 0.000/-0.000, Output= 0.000(-0.600/0.600), Volt=12.4(10.0)
GlobalTracer.printPidInfo_Info: [8.949] gyroTurnPidCtrl: Target= -90.0, Input= -74.3, Error= -15.8, PIDTerms=-0.189/ 0.000/ 0.184/-0.000, Output=-0.005(-0.700/0.700), Volt=12.4(10.0)
GlobalTracer.printPidInfo_Info: [9.040] encoderXPidCtrl: Target=  -0.7, Input=  -0.7, Error=   0.0, PIDTerms= 0.098/ 0.000/ 0.000/ 0.000, Output= 0.000(-0.700/0.700), Volt=12.4(10.0)
GlobalTracer.printPidInfo_Info: [9.040] encoderYPidCtrl: Target=  -5.4, Input=  -5.5, Error=   0.0, PIDTerms=-1.635/ 0.000/ 0.000/-0.000, Output= 0.000(-0.600/0.600), Volt=12.4(10.0)
GlobalTracer.printPidInfo_Info: [9.040] gyroTurnPidCtrl: Target= -90.0, Input= -81.1, Error=  -8.9, PIDTerms=-0.107/ 0.000/ 0.074/-0.000, Output=-0.033(-0.700/0.700), Volt=12.4(10.0)
GlobalTracer.printPidInfo_Info: [9.098] encoderXPidCtrl: Target=  -0.7, Input=  -0.7, Error=   0.0, PIDTerms= 0.098/ 0.000/ 0.000/ 0.000, Output= 0.000(-0.700/0.700), Volt=12.4(10.0)
GlobalTracer.printPidInfo_Info: [9.098] encoderYPidCtrl: Target=  -5.4, Input=  -5.5, Error=   0.0, PIDTerms=-1.635/ 0.000/ 0.000/-0.000, Output= 0.000(-0.600/0.600), Volt=12.4(10.0)
GlobalTracer.printPidInfo_Info: [9.098] gyroTurnPidCtrl: Target= -90.0, Input= -87.3, Error=  -2.7, PIDTerms=-0.033/ 0.000/ 0.095/-0.000, Output= 0.062(-0.700/0.700), Volt=12.4(10.0)
GlobalTracer.Robot_Info: [9.184] MOVE_ACROSS: xPos= -2.76,yPos=  8.72,heading= -88.0/ -90.0,volts=12.5(10.0)
GlobalTracer.printPidInfo_Info: [9.184] encoderXPidCtrl: Target=  -2.8, Input=  -0.7, Error=   0.0, PIDTerms= 0.098/ 0.000/ 0.000/ 0.000, Output= 0.000(-0.700/0.700), Volt=12.5(10.0)
GlobalTracer.printPidInfo_Info: [9.184] encoderYPidCtrl: Target= 177.7, Input=  -5.5, Error= 169.0, PIDTerms=-1.635/ 0.000/ 0.000/-0.000, Output= 0.000(-0.600/0.600), Volt=12.5(10.0)
GlobalTracer.printPidInfo_Info: [9.184] gyroTurnPidCtrl: Target= -90.0, Input= -88.4, Error=  -2.0, PIDTerms=-0.019/ 0.000/ 0.015/-0.000, Output= 0.000(-0.700/0.700), Volt=12.5(10.0)
GlobalTracer.printPidInfo_Info: [9.267] encoderXPidCtrl: Target=  -2.8, Input=  -2.8, Error=   0.0, PIDTerms= 0.000/ 0.000/ 0.000/-0.000, Output= 0.000(-0.700/0.700), Volt=11.2(10.0)
GlobalTracer.printPidInfo_Info: [9.267] encoderYPidCtrl: Target= 177.7, Input=   8.7, Error= 169.0, PIDTerms= 5.070/ 0.000/ 0.000/ 0.000, Output= 0.600(-0.600/0.600), Volt=10.7(10.0)
GlobalTracer.printPidInfo_Info: [9.267] gyroTurnPidCtrl: Target= -90.0, Input= -88.0, Error=  -2.0, PIDTerms=-0.024/ 0.000/ 0.000/-0.000, Output=-0.024(-0.700/0.700), Volt=10.7(10.0)
GlobalTracer.startCompetition_Warn: AUTO_MODE takes too long (0.105s)

GlobalTracer.printPidInfo_Info: [9.372] encoderXPidCtrl: Target=  -2.8, Input=  -2.8, Error=  -0.0, PIDTerms=-0.000/ 0.000/-0.001/-0.000, Output=-0.001(-0.700/0.700), Volt=11.2(10.0)
GlobalTracer.printPidInfo_Info: [9.372] encoderYPidCtrl: Target= 177.7, Input=   9.1, Error= 168.6, PIDTerms= 5.059/ 0.000/-0.004/ 0.000, Output= 0.600(-0.600/0.600), Volt=11.2(10.0)
GlobalTracer.printPidInfo_Info: [9.372] gyroTurnPidCtrl: Target= -90.0, Input= -87.5, Error=  -2.5, PIDTerms=-0.030/ 0.000/-0.005/-0.000, Output=-0.035(-0.700/0.700), Volt=11.2(10.0)
GlobalTracer.printPidInfo_Info: [9.451] encoderXPidCtrl: Target=  -2.8, Input=  -2.4, Error=  -0.4, PIDTerms=-0.059/ 0.000/-0.073/-0.000, Output=-0.133(-0.700/0.700), Volt=11.0(10.0)
GlobalTracer.printPidInfo_Info: [9.451] encoderYPidCtrl: Target= 177.7, Input=  12.6, Error= 165.1, PIDTerms= 4.954/ 0.000/-0.044/ 0.000, Output= 0.600(-0.600/0.600), Volt=11.0(10.0)
GlobalTracer.printPidInfo_Info: [9.451] gyroTurnPidCtrl: Target= -90.0, Input= -88.4, Error=  -1.6, PIDTerms=-0.019/ 0.000/ 0.012/-0.000, Output=-0.007(-0.700/0.700), Volt=11.0(10.0)
GlobalTracer.printPidInfo_Info: [9.547] encoderXPidCtrl: Target=  -2.8, Input=  -1.8, Error=  -0.9, PIDTerms=-0.142/ 0.000/-0.079/-0.000, Output=-0.221(-0.700/0.700), Volt=11.1(10.0)
GlobalTracer.printPidInfo_Info: [9.547] encoderYPidCtrl: Target= 177.7, Input=  15.3, Error= 162.4, PIDTerms= 4.873/ 0.000/-0.026/ 0.000, Output= 0.600(-0.600/0.600), Volt=11.2(10.0)
GlobalTracer.printPidInfo_Info: [9.547] gyroTurnPidCtrl: Target= -90.0, Input= -89.8, Error=  -0.2, PIDTerms=-0.002/ 0.000/ 0.013/-0.000, Output= 0.011(-0.700/0.700), Volt=11.2(10.0)
GlobalTracer.printPidInfo_Info: [9.622] encoderXPidCtrl: Target=  -2.8, Input=  -2.1, Error=  -0.6, PIDTerms=-0.095/ 0.000/ 0.058/-0.000, Output=-0.037(-0.700/0.700), Volt=11.1(10.0)
GlobalTracer.printPidInfo_Info: [9.622] encoderYPidCtrl: Target= 177.7, Input=  19.7, Error= 158.0, PIDTerms= 4.740/ 0.000/-0.055/ 0.000, Output= 0.600(-0.600/0.600), Volt=11.4(10.0)
GlobalTracer.printPidInfo_Info: [9.622] gyroTurnPidCtrl: Target= -90.0, Input= -91.3, Error=   1.3, PIDTerms= 0.016/ 0.000/ 0.019/-0.000, Output= 0.035(-0.700/0.700), Volt=11.4(10.0)
GlobalTracer.printPidInfo_Info: [9.702] encoderXPidCtrl: Target=  -2.8, Input=  -2.4, Error=  -0.4, PIDTerms=-0.057/ 0.000/ 0.046/-0.000, Output=-0.011(-0.700/0.700), Volt=11.5(10.0)
GlobalTracer.printPidInfo_Info: [9.702] encoderYPidCtrl: Target= 177.7, Input=  23.9, Error= 153.9, PIDTerms= 4.616/ 0.000/-0.051/ 0.000, Output= 0.600(-0.600/0.600), Volt=11.5(10.0)
GlobalTracer.printPidInfo_Info: [9.702] gyroTurnPidCtrl: Target= -90.0, Input= -91.9, Error=   1.9, PIDTerms= 0.022/ 0.000/ 0.006/-0.000, Output= 0.029(-0.700/0.700), Volt=11.5(10.0)
GlobalTracer.printPidInfo_Info: [9.765] encoderXPidCtrl: Target=  -2.8, Input=  -2.4, Error=  -0.4, PIDTerms=-0.060/ 0.000/-0.004/-0.000, Output=-0.064(-0.700/0.700), Volt=11.5(10.0)
GlobalTracer.printPidInfo_Info: [9.765] encoderYPidCtrl: Target= 177.7, Input=  28.8, Error= 149.0, PIDTerms= 4.469/ 0.000/-0.075/ 0.000, Output= 0.600(-0.600/0.600), Volt=11.5(10.0)
GlobalTracer.printPidInfo_Info: [9.765] gyroTurnPidCtrl: Target= -90.0, Input= -92.3, Error=   2.3, PIDTerms= 0.027/ 0.000/ 0.007/-0.000, Output= 0.034(-0.700/0.700), Volt=11.5(10.0)
GlobalTracer.printPidInfo_Info: [9.849] encoderXPidCtrl: Target=  -2.8, Input=  -2.3, Error=  -0.5, PIDTerms=-0.074/ 0.000/-0.017/-0.000, Output=-0.090(-0.700/0.700), Volt=11.6(10.0)
GlobalTracer.printPidInfo_Info: [9.849] encoderYPidCtrl: Target= 177.7, Input=  32.8, Error= 144.9, PIDTerms= 4.348/ 0.000/-0.050/ 0.000, Output= 0.600(-0.600/0.600), Volt=11.5(10.0)
GlobalTracer.printPidInfo_Info: [9.849] gyroTurnPidCtrl: Target= -90.0, Input= -92.5, Error=   2.5, PIDTerms= 0.030/ 0.000/ 0.002/-0.000, Output= 0.032(-0.700/0.700), Volt=11.5(10.0)
GlobalTracer.printPidInfo_Info: [9.925] encoderXPidCtrl: Target=  -2.8, Input=  -2.3, Error=  -0.4, PIDTerms=-0.062/ 0.000/ 0.021/-0.000, Output=-0.041(-0.700/0.700), Volt=11.7(10.0)
GlobalTracer.printPidInfo_Info: [9.925] encoderYPidCtrl: Target= 177.7, Input=  38.4, Error= 139.3, PIDTerms= 4.179/ 0.000/-0.101/ 0.000, Output= 0.600(-0.600/0.600), Volt=11.7(10.0)
GlobalTracer.printPidInfo_Info: [9.925] gyroTurnPidCtrl: Target= -90.0, Input= -92.5, Error=   2.5, PIDTerms= 0.030/ 0.000/ 0.001/-0.000, Output= 0.031(-0.700/0.700), Volt=11.6(10.0)
GlobalTracer.printPidInfo_Info: [10.012] encoderXPidCtrl: Target=  -2.8, Input=  -2.4, Error=  -0.4, PIDTerms=-0.055/ 0.000/ 0.007/-0.000, Output=-0.048(-0.700/0.700), Volt=11.7(10.0)
GlobalTracer.printPidInfo_Info: [10.012] encoderYPidCtrl: Target= 177.7, Input=  44.5, Error= 133.3, PIDTerms= 3.998/ 0.000/-0.057/ 0.000, Output= 0.600(-0.600/0.600), Volt=11.7(10.0)
GlobalTracer.printPidInfo_Info: [10.012] gyroTurnPidCtrl: Target= -90.0, Input= -92.6, Error=   2.6, PIDTerms= 0.031/ 0.000/ 0.000/-0.000, Output= 0.031(-0.700/0.700), Volt=11.7(10.0)
GlobalTracer.printPidInfo_Info: [10.093] encoderXPidCtrl: Target=  -2.8, Input=  -2.4, Error=  -0.4, PIDTerms=-0.056/ 0.000/-0.003/-0.000, Output=-0.059(-0.700/0.700), Volt=11.8(10.0)
GlobalTracer.printPidInfo_Info: [10.093] encoderYPidCtrl: Target= 177.7, Input=  50.9, Error= 126.8, PIDTerms= 3.805/ 0.000/-0.088/ 0.000, Output= 0.600(-0.600/0.600), Volt=11.8(10.0)
GlobalTracer.printPidInfo_Info: [10.093] gyroTurnPidCtrl: Target= -90.0, Input= -92.6, Error=   2.6, PIDTerms= 0.031/ 0.000/ 0.000/-0.000, Output= 0.032(-0.700/0.700), Volt=11.8(10.0)
GlobalTracer.printPidInfo_Info: [10.187] encoderXPidCtrl: Target=  -2.8, Input=  -2.4, Error=  -0.4, PIDTerms=-0.055/ 0.000/ 0.002/-0.000, Output=-0.053(-0.700/0.700), Volt=11.8(10.0)
GlobalTracer.printPidInfo_Info: [10.187] encoderYPidCtrl: Target= 177.7, Input=  58.4, Error= 119.3, PIDTerms= 3.580/ 0.000/-0.077/ 0.000, Output= 0.600(-0.600/0.600), Volt=11.8(10.0)
GlobalTracer.printPidInfo_Info: [10.187] gyroTurnPidCtrl: Target= -90.0, Input= -92.5, Error=   2.5, PIDTerms= 0.030/ 0.000/-0.001/-0.000, Output= 0.030(-0.700/0.700), Volt=11.8(10.0)
GlobalTracer.printPidInfo_Info: [10.253] encoderXPidCtrl: Target=  -2.8, Input=  -2.5, Error=  -0.2, PIDTerms=-0.035/ 0.000/ 0.026/-0.000, Output=-0.009(-0.700/0.700), Volt=11.9(10.0)
GlobalTracer.printPidInfo_Info: [10.253] encoderYPidCtrl: Target= 177.7, Input=  66.3, Error= 111.4, PIDTerms= 3.342/ 0.000/-0.105/ 0.000, Output= 0.600(-0.600/0.600), Volt=11.9(10.0)
GlobalTracer.printPidInfo_Info: [10.253] gyroTurnPidCtrl: Target= -90.0, Input= -92.3, Error=   2.3, PIDTerms= 0.028/ 0.000/-0.003/-0.000, Output= 0.025(-0.700/0.700), Volt=11.9(10.0)
GlobalTracer.printPidInfo_Info: [10.350] encoderXPidCtrl: Target=  -2.8, Input=  -2.6, Error=  -0.2, PIDTerms=-0.029/ 0.000/ 0.007/-0.000, Output=-0.022(-0.700/0.700), Volt=12.0(10.0)
GlobalTracer.printPidInfo_Info: [10.350] encoderYPidCtrl: Target= 177.7, Input=  72.7, Error= 105.0, PIDTerms= 3.150/ 0.000/-0.069/ 0.000, Output= 0.600(-0.600/0.600), Volt=12.0(10.0)
GlobalTracer.printPidInfo_Info: [10.350] gyroTurnPidCtrl: Target= -90.0, Input= -92.3, Error=   2.3, PIDTerms= 0.027/ 0.000/-0.001/-0.000, Output= 0.026(-0.700/0.700), Volt=12.0(10.0)
GlobalTracer.printPidInfo_Info: [10.406] encoderXPidCtrl: Target=  -2.8, Input=  -2.5, Error=  -0.2, PIDTerms=-0.035/ 0.000/-0.009/-0.000, Output=-0.044(-0.700/0.700), Volt=12.0(10.0)
GlobalTracer.printPidInfo_Info: [10.406] encoderYPidCtrl: Target= 177.7, Input=  81.1, Error=  96.6, PIDTerms= 2.899/ 0.000/-0.129/ 0.000, Output= 0.600(-0.600/0.600), Volt=12.0(10.0)
GlobalTracer.printPidInfo_Info: [10.406] gyroTurnPidCtrl: Target= -90.0, Input= -92.0, Error=   2.0, PIDTerms= 0.024/ 0.000/-0.004/-0.000, Output= 0.020(-0.700/0.700), Volt=12.0(10.0)
GlobalTracer.printPidInfo_Info: [10.471] encoderXPidCtrl: Target=  -2.8, Input=  -2.5, Error=  -0.3, PIDTerms=-0.046/ 0.000/-0.017/-0.000, Output=-0.063(-0.700/0.700), Volt=11.9(10.0)
GlobalTracer.printPidInfo_Info: [10.471] encoderYPidCtrl: Target= 177.7, Input=  86.8, Error=  90.9, PIDTerms= 2.728/ 0.000/-0.087/ 0.000, Output= 0.600(-0.600/0.600), Volt=12.0(10.0)
GlobalTracer.printPidInfo_Info: [10.471] gyroTurnPidCtrl: Target= -90.0, Input= -91.8, Error=   1.8, PIDTerms= 0.022/ 0.000/-0.002/-0.000, Output= 0.020(-0.700/0.700), Volt=12.0(10.0)
GlobalTracer.printPidInfo_Info: [10.528] encoderXPidCtrl: Target=  -2.8, Input=  -2.5, Error=  -0.3, PIDTerms=-0.045/ 0.000/ 0.001/-0.000, Output=-0.044(-0.700/0.700), Volt=12.0(10.0)
GlobalTracer.printPidInfo_Info: [10.528] encoderYPidCtrl: Target= 177.7, Input=  92.7, Error=  85.0, PIDTerms= 2.550/ 0.000/-0.104/ 0.000, Output= 0.600(-0.600/0.600), Volt=12.0(10.0)
GlobalTracer.printPidInfo_Info: [10.528] gyroTurnPidCtrl: Target= -90.0, Input= -91.8, Error=   1.8, PIDTerms= 0.021/ 0.000/-0.001/-0.000, Output= 0.020(-0.700/0.700), Volt=12.0(10.0)
GlobalTracer.printPidInfo_Info: [10.601] encoderXPidCtrl: Target=  -2.8, Input=  -2.4, Error=  -0.3, PIDTerms=-0.052/ 0.000/-0.011/-0.000, Output=-0.063(-0.700/0.700), Volt=12.0(10.0)
GlobalTracer.printPidInfo_Info: [10.601] encoderYPidCtrl: Target= 177.7, Input=  98.5, Error=  79.2, PIDTerms= 2.376/ 0.000/-0.090/ 0.000, Output= 0.600(-0.600/0.600), Volt=12.0(10.0)
GlobalTracer.printPidInfo_Info: [10.601] gyroTurnPidCtrl: Target= -90.0, Input= -91.7, Error=   1.7, PIDTerms= 0.021/ 0.000/-0.000/-0.000, Output= 0.020(-0.700/0.700), Volt=12.0(10.0)
GlobalTracer.printPidInfo_Info: [10.668] encoderXPidCtrl: Target=  -2.8, Input=  -2.3, Error=  -0.4, PIDTerms=-0.062/ 0.000/-0.014/-0.000, Output=-0.076(-0.700/0.700), Volt=12.0(10.0)
GlobalTracer.printPidInfo_Info: [10.668] encoderYPidCtrl: Target= 177.7, Input= 106.4, Error=  71.4, PIDTerms= 2.141/ 0.000/-0.108/ 0.000, Output= 0.600(-0.600/0.600), Volt=12.0(10.0)
GlobalTracer.printPidInfo_Info: [10.668] gyroTurnPidCtrl: Target= -90.0, Input= -91.6, Error=   1.6, PIDTerms= 0.019/ 0.000/-0.002/-0.000, Output= 0.018(-0.700/0.700), Volt=12.0(10.0)
GlobalTracer.printPidInfo_Info: [10.754] encoderXPidCtrl: Target=  -2.8, Input=  -2.4, Error=  -0.4, PIDTerms=-0.055/ 0.000/ 0.011/-0.000, Output=-0.044(-0.700/0.700), Volt=12.0(10.0)
GlobalTracer.printPidInfo_Info: [10.754] encoderYPidCtrl: Target= 177.7, Input= 112.4, Error=  65.3, PIDTerms= 1.960/ 0.000/-0.081/ 0.000, Output= 0.600(-0.600/0.600), Volt=12.0(10.0)
GlobalTracer.printPidInfo_Info: [10.754] gyroTurnPidCtrl: Target= -90.0, Input= -91.6, Error=   1.6, PIDTerms= 0.019/ 0.000/-0.001/-0.000, Output= 0.018(-0.700/0.700), Volt=12.0(10.0)
GlobalTracer.printPidInfo_Info: [10.838] encoderXPidCtrl: Target=  -2.8, Input=  -2.1, Error=  -0.7, PIDTerms=-0.106/ 0.000/-0.068/-0.000, Output=-0.173(-0.700/0.700), Volt=11.9(10.0)
GlobalTracer.printPidInfo_Info: [10.838] encoderYPidCtrl: Target= 177.7, Input= 120.9, Error=  56.8, PIDTerms= 1.703/ 0.000/-0.113/ 0.000, Output= 0.600(-0.600/0.600), Volt=11.9(10.0)
GlobalTracer.printPidInfo_Info: [10.838] gyroTurnPidCtrl: Target= -90.0, Input= -91.6, Error=   1.6, PIDTerms= 0.019/ 0.000/ 0.000/-0.000, Output= 0.019(-0.700/0.700), Volt=11.9(10.0)
GlobalTracer.printPidInfo_Info: [10.934] encoderXPidCtrl: Target=  -2.8, Input=  -2.5, Error=  -0.2, PIDTerms=-0.035/ 0.000/ 0.061/-0.000, Output= 0.026(-0.700/0.700), Volt=12.1(10.0)
GlobalTracer.printPidInfo_Info: [10.934] encoderYPidCtrl: Target= 177.7, Input= 130.7, Error=  47.0, PIDTerms= 1.411/ 0.000/-0.085/ 0.000, Output= 0.600(-0.600/0.600), Volt=12.1(10.0)
GlobalTracer.printPidInfo_Info: [10.934] gyroTurnPidCtrl: Target= -90.0, Input= -91.6, Error=   1.6, PIDTerms= 0.019/ 0.000/ 0.000/-0.000, Output= 0.020(-0.700/0.700), Volt=12.2(10.0)
GlobalTracer.printPidInfo_Info: [11.013] encoderXPidCtrl: Target=  -2.8, Input=  -3.0, Error=   0.2, PIDTerms= 0.029/ 0.000/ 0.097/-0.000, Output= 0.126(-0.700/0.700), Volt=12.0(10.0)
GlobalTracer.printPidInfo_Info: [11.013] encoderYPidCtrl: Target= 177.7, Input= 141.1, Error=  36.6, PIDTerms= 1.099/ 0.000/-0.157/ 0.000, Output= 0.600(-0.600/0.600), Volt=12.0(10.0)
GlobalTracer.printPidInfo_Info: [11.013] gyroTurnPidCtrl: Target= -90.0, Input= -91.7, Error=   1.7, PIDTerms= 0.021/ 0.000/ 0.002/-0.000, Output= 0.023(-0.700/0.700), Volt=12.0(10.0)
GlobalTracer.printPidInfo_Info: [11.094] encoderXPidCtrl: Target=  -2.8, Input=  -2.7, Error=  -0.0, PIDTerms=-0.001/ 0.000/-0.036/-0.000, Output=-0.037(-0.700/0.700), Volt=11.4(10.0)
GlobalTracer.printPidInfo_Info: [11.094] encoderYPidCtrl: Target= 177.7, Input= 148.5, Error=  29.2, PIDTerms= 0.877/ 0.000/-0.089/ 0.000, Output= 0.600(-0.600/0.600), Volt=11.4(10.0)
GlobalTracer.printPidInfo_Info: [11.094] gyroTurnPidCtrl: Target= -90.0, Input= -91.9, Error=   1.9, PIDTerms= 0.022/ 0.000/ 0.001/-0.000, Output= 0.024(-0.700/0.700), Volt=11.4(10.0)
GlobalTracer.printPidInfo_Info: [11.153] encoderXPidCtrl: Target=  -2.8, Input=  -2.1, Error=  -0.7, PIDTerms=-0.100/ 0.000/-0.148/-0.000, Output=-0.248(-0.700/0.700), Volt=11.4(10.0)
GlobalTracer.printPidInfo_Info: [11.153] encoderYPidCtrl: Target= 177.7, Input= 155.9, Error=  21.8, PIDTerms= 0.655/ 0.000/-0.110/ 0.000, Output= 0.545(-0.600/0.600), Volt=11.4(10.0)
GlobalTracer.printPidInfo_Info: [11.153] gyroTurnPidCtrl: Target= -90.0, Input= -97.5, Error=   7.5, PIDTerms= 0.090/ 0.000/ 0.084/-0.000, Output= 0.174(-0.700/0.700), Volt=11.4(10.0)
GlobalTracer.startCompetition_Warn: AUTO_MODE takes too long (0.141s)

GlobalTracer.printPidInfo_Info: [11.295] encoderXPidCtrl: Target=  -2.8, Input=  -3.2, Error=   0.4, PIDTerms= 0.060/ 0.000/ 0.184/-0.000, Output= 0.244(-0.700/0.700), Volt=11.1(10.0)
GlobalTracer.printPidInfo_Info: [11.295] encoderYPidCtrl: Target= 177.7, Input= 159.4, Error=  18.4, PIDTerms= 0.551/ 0.000/-0.040/ 0.000, Output= 0.511(-0.600/0.600), Volt=11.1(10.0)
GlobalTracer.printPidInfo_Info: [11.295] gyroTurnPidCtrl: Target= -90.0, Input=-105.1, Error=  15.1, PIDTerms= 0.182/ 0.000/ 0.087/-0.000, Output= 0.269(-0.700/0.700), Volt=11.1(10.0)
GlobalTracer.printPidInfo_Info: [11.368] encoderXPidCtrl: Target=  -2.8, Input=  -5.7, Error=   2.9, PIDTerms= 0.439/ 0.000/ 0.300/-0.000, Output= 0.700(-0.700/0.700), Volt=11.1(10.0)
GlobalTracer.printPidInfo_Info: [11.368] encoderYPidCtrl: Target= 177.7, Input= 170.2, Error=   7.6, PIDTerms= 0.227/ 0.000/-0.085/ 0.000, Output= 0.141(-0.600/0.600), Volt=11.5(10.0)
GlobalTracer.printPidInfo_Info: [11.368] gyroTurnPidCtrl: Target= -90.0, Input=-129.6, Error=  39.6, PIDTerms= 0.475/ 0.000/ 0.193/-0.000, Output= 0.668(-0.700/0.700), Volt=11.5(10.0)
GlobalTracer.printPidInfo_Info: [11.451] encoderXPidCtrl: Target=  -2.8, Input=  -3.6, Error=   0.9, PIDTerms= 0.131/ 0.000/-0.510/-0.000, Output=-0.379(-0.700/0.700), Volt=10.3(10.0)
GlobalTracer.printPidInfo_Info: [11.451] encoderYPidCtrl: Target= 177.7, Input= 173.1, Error=   4.6, PIDTerms= 0.137/ 0.000/-0.049/ 0.000, Output= 0.088(-0.600/0.600), Volt=10.3(10.0)
GlobalTracer.printPidInfo_Info: [11.451] gyroTurnPidCtrl: Target= -90.0, Input=-136.6, Error=  46.6, PIDTerms= 0.559/ 0.000/ 0.117/-0.000, Output= 0.676(-0.700/0.700), Volt=10.3(10.0)
GlobalTracer.printPidInfo_Info: [11.540] encoderXPidCtrl: Target=  -2.8, Input=   0.6, Error=  -3.4, PIDTerms=-0.503/ 0.000/-0.662/-0.000, Output=-0.700(-0.700/0.700), Volt=10.8(10.0)
GlobalTracer.printPidInfo_Info: [11.540] encoderYPidCtrl: Target= 177.7, Input= 175.4, Error=   2.3, PIDTerms= 0.070/ 0.000/-0.023/ 0.000, Output= 0.047(-0.600/0.600), Volt=10.8(10.0)
GlobalTracer.printPidInfo_Info: [11.540] gyroTurnPidCtrl: Target= -90.0, Input=-140.4, Error=  50.4, PIDTerms= 0.604/ 0.000/ 0.039/-0.000, Output= 0.644(-0.700/0.700), Volt=10.8(10.0)
GlobalTracer.printPidInfo_Info: [11.615] encoderXPidCtrl: Target=  -2.8, Input=  -0.1, Error=  -2.6, PIDTerms=-0.393/ 0.000/ 0.155/-0.000, Output=-0.238(-0.700/0.700), Volt=10.8(10.0)
GlobalTracer.printPidInfo_Info: [11.615] encoderYPidCtrl: Target= 177.7, Input= 174.7, Error=   3.1, PIDTerms= 0.092/ 0.000/ 0.010/ 0.000, Output= 0.102(-0.600/0.600), Volt=10.8(10.0)
GlobalTracer.printPidInfo_Info: [11.615] gyroTurnPidCtrl: Target= -90.0, Input=-137.9, Error=  47.9, PIDTerms= 0.574/ 0.000/-0.035/-0.000, Output= 0.539(-0.700/0.700), Volt=10.8(10.0)
GlobalTracer.printPidInfo_Info: [11.697] encoderXPidCtrl: Target=  -2.8, Input=  -2.1, Error=  -0.6, PIDTerms=-0.094/ 0.000/ 0.329/-0.000, Output= 0.235(-0.700/0.700), Volt=11.2(10.0)
GlobalTracer.printPidInfo_Info: [11.697] encoderYPidCtrl: Target= 177.7, Input= 174.7, Error=   3.0, PIDTerms= 0.091/ 0.000/-0.000/ 0.000, Output= 0.090(-0.600/0.600), Volt=11.2(10.0)
GlobalTracer.printPidInfo_Info: [11.697] gyroTurnPidCtrl: Target= -90.0, Input=-134.3, Error=  44.3, PIDTerms= 0.531/ 0.000/-0.040/-0.000, Output= 0.491(-0.700/0.700), Volt=11.2(10.0)
GlobalTracer.startCompetition_Warn: AUTO_MODE takes too long (0.138s)

GlobalTracer.printPidInfo_Info: [11.837] encoderXPidCtrl: Target=  -2.8, Input=  -2.3, Error=  -0.4, PIDTerms=-0.066/ 0.000/ 0.034/-0.000, Output=-0.032(-0.700/0.700), Volt=12.0(10.0)
GlobalTracer.printPidInfo_Info: [11.837] encoderYPidCtrl: Target= 177.7, Input= 174.7, Error=   3.0, PIDTerms= 0.091/ 0.000/ 0.000/ 0.000, Output= 0.092(-0.600/0.600), Volt=12.0(10.0)
GlobalTracer.printPidInfo_Info: [11.837] gyroTurnPidCtrl: Target= -90.0, Input=-127.3, Error=  37.3, PIDTerms= 0.447/ 0.000/-0.086/-0.000, Output= 0.362(-0.700/0.700), Volt=12.0(10.0)
GlobalTracer.startCompetition_Warn: AUTO_MODE takes too long (0.142s)

GlobalTracer.printPidInfo_Info: [11.979] encoderXPidCtrl: Target=  -2.8, Input=  -1.9, Error=  -0.8, PIDTerms=-0.125/ 0.000/-0.034/-0.000, Output=-0.159(-0.700/0.700), Volt=12.2(10.0)
GlobalTracer.printPidInfo_Info: [11.979] encoderYPidCtrl: Target= 177.7, Input= 175.3, Error=   2.4, PIDTerms= 0.073/ 0.000/-0.003/ 0.000, Output= 0.070(-0.600/0.600), Volt=12.2(10.0)
GlobalTracer.printPidInfo_Info: [11.979] gyroTurnPidCtrl: Target= -90.0, Input=-115.3, Error=  25.3, PIDTerms= 0.304/ 0.000/-0.068/-0.000, Output= 0.236(-0.700/0.700), Volt=12.2(10.0)
GlobalTracer.printPidInfo_Info: [12.058] encoderXPidCtrl: Target=  -2.8, Input=  -1.9, Error=  -0.8, PIDTerms=-0.126/ 0.000/-0.001/-0.000, Output=-0.127(-0.700/0.700), Volt=12.3(10.0)
GlobalTracer.printPidInfo_Info: [12.058] encoderYPidCtrl: Target= 177.7, Input= 175.9, Error=   1.8, PIDTerms= 0.053/ 0.000/-0.007/ 0.000, Output= 0.047(-0.600/0.600), Volt=12.3(10.0)
GlobalTracer.printPidInfo_Info: [12.058] gyroTurnPidCtrl: Target= -90.0, Input=-101.2, Error=  11.2, PIDTerms= 0.135/ 0.000/-0.138/-0.000, Output=-0.003(-0.700/0.700), Volt=12.3(10.0)
GlobalTracer.printPidInfo_Info: [12.150] encoderXPidCtrl: Target=  -2.8, Input=  -2.2, Error=  -0.5, PIDTerms=-0.081/ 0.000/ 0.055/-0.000, Output=-0.026(-0.700/0.700), Volt=12.4(10.0)
GlobalTracer.printPidInfo_Info: [12.150] encoderYPidCtrl: Target= 177.7, Input= 176.3, Error=   1.4, PIDTerms= 0.043/ 0.000/-0.004/ 0.000, Output= 0.038(-0.600/0.600), Volt=12.4(10.0)
GlobalTracer.printPidInfo_Info: [12.150] gyroTurnPidCtrl: Target= -90.0, Input= -95.8, Error=   5.8, PIDTerms= 0.069/ 0.000/-0.066/-0.000, Output= 0.004(-0.700/0.700), Volt=12.4(10.0)
GlobalTracer.startCompetition_Warn: AUTO_MODE takes too long (0.125s)

GlobalTracer.CmdAutoSwitch_Info: Strafe to switch, forwardDistance=60.0,xDistance=-49.00
GlobalTracer.Robot_Info: [12.277] STRAFE_TO_SWITCH: xPos= -2.22,yPos=175.80,heading= -96.5/ -90.0,volts=12.5(10.0)
GlobalTracer.printPidInfo_Info: [12.277] encoderXPidCtrl: Target= -51.2, Input=  -2.3, Error= -49.0, PIDTerms=-0.074/ 0.000/ 0.005/-0.000, Output= 0.000(-0.700/0.700), Volt=12.5(10.0)
GlobalTracer.printPidInfo_Info: [12.277] encoderYPidCtrl: Target= 175.8, Input= 176.2, Error=   0.0, PIDTerms= 0.045/ 0.000/ 0.001/ 0.000, Output= 0.000(-0.600/0.600), Volt=12.5(10.0)
GlobalTracer.printPidInfo_Info: [12.277] gyroTurnPidCtrl: Target= -90.0, Input= -96.2, Error=   6.5, PIDTerms= 0.074/ 0.000/ 0.003/-0.000, Output= 0.000(-0.700/0.700), Volt=12.5(10.0)
GlobalTracer.startCompetition_Warn: AUTO_MODE takes too long (0.116s)

GlobalTracer.SonarTrigger_Info: [12.407] prevZone=-1, currZone=0, distance=16.94
GlobalTracer.printPidInfo_Info: [12.407] encoderXPidCtrl: Target= -51.2, Input=  -2.2, Error= -49.0, PIDTerms=-7.350/ 0.000/ 0.000/-0.000, Output=-0.700(-0.700/0.700), Volt=10.2(10.0)
GlobalTracer.printPidInfo_Info: [12.407] encoderYPidCtrl: Target= 175.8, Input= 175.8, Error=   0.0, PIDTerms= 0.000/ 0.000/ 0.000/ 0.000, Output= 0.000(-0.600/0.600), Volt=10.2(10.0)
GlobalTracer.printPidInfo_Info: [12.407] gyroTurnPidCtrl: Target= -90.0, Input= -96.5, Error=   6.5, PIDTerms= 0.078/ 0.000/ 0.000/-0.000, Output= 0.078(-0.700/0.700), Volt=10.2(10.0)
GlobalTracer.printPidInfo_Info: [12.477] encoderXPidCtrl: Target= -51.2, Input=  -2.7, Error= -48.5, PIDTerms=-7.271/ 0.000/ 0.072/-0.000, Output=-0.700(-0.700/0.700), Volt=10.1(9.9)
GlobalTracer.printPidInfo_Info: [12.477] encoderYPidCtrl: Target= 175.8, Input= 175.3, Error=   0.5, PIDTerms= 0.016/ 0.000/ 0.005/ 0.000, Output= 0.021(-0.600/0.600), Volt=10.1(9.9)
GlobalTracer.printPidInfo_Info: [12.477] gyroTurnPidCtrl: Target= -90.0, Input= -96.2, Error=   6.2, PIDTerms= 0.075/ 0.000/-0.002/-0.000, Output= 0.073(-0.700/0.700), Volt=10.1(9.9)
GlobalTracer.printPidInfo_Info: [12.538] encoderXPidCtrl: Target= -51.2, Input=  -3.8, Error= -47.4, PIDTerms=-7.116/ 0.000/ 0.241/-0.000, Output=-0.700(-0.700/0.700), Volt=10.2(9.9)
GlobalTracer.printPidInfo_Info: [12.538] encoderYPidCtrl: Target= 175.8, Input= 174.5, Error=   1.3, PIDTerms= 0.038/ 0.000/ 0.012/ 0.000, Output= 0.050(-0.600/0.600), Volt=10.2(9.9)
GlobalTracer.printPidInfo_Info: [12.538] gyroTurnPidCtrl: Target= -90.0, Input= -96.0, Error=   6.0, PIDTerms= 0.072/ 0.000/-0.003/-0.000, Output= 0.069(-0.700/0.700), Volt=10.1(9.9)
GlobalTracer.printPidInfo_Info: [12.624] encoderXPidCtrl: Target= -51.2, Input=  -4.9, Error= -46.4, PIDTerms=-6.954/ 0.000/ 0.206/-0.000, Output=-0.700(-0.700/0.700), Volt=10.2(9.9)
GlobalTracer.printPidInfo_Info: [12.624] encoderYPidCtrl: Target= 175.8, Input= 174.0, Error=   1.8, PIDTerms= 0.054/ 0.000/ 0.006/ 0.000, Output= 0.060(-0.600/0.600), Volt=10.2(9.9)
GlobalTracer.printPidInfo_Info: [12.624] gyroTurnPidCtrl: Target= -90.0, Input= -96.2, Error=   6.2, PIDTerms= 0.074/ 0.000/ 0.002/-0.000, Output= 0.076(-0.700/0.700), Volt=10.2(9.9)
GlobalTracer.printPidInfo_Info: [12.690] encoderXPidCtrl: Target= -51.2, Input=  -5.9, Error= -45.3, PIDTerms=-6.802/ 0.000/ 0.217/-0.000, Output=-0.700(-0.700/0.700), Volt=9.9(9.9)
GlobalTracer.printPidInfo_Info: [12.690] encoderYPidCtrl: Target= 175.8, Input= 173.5, Error=   2.3, PIDTerms= 0.070/ 0.000/ 0.008/ 0.000, Output= 0.077(-0.600/0.600), Volt=9.9(9.9)
GlobalTracer.printPidInfo_Info: [12.690] gyroTurnPidCtrl: Target= -90.0, Input= -95.8, Error=   5.8, PIDTerms= 0.070/ 0.000/-0.005/-0.000, Output= 0.065(-0.700/0.700), Volt=10.1(9.9)
GlobalTracer.printPidInfo_Info: [12.775] encoderXPidCtrl: Target= -51.2, Input=  -6.8, Error= -44.4, PIDTerms=-6.657/ 0.000/ 0.175/-0.000, Output=-0.700(-0.700/0.700), Volt=9.8(9.8)
GlobalTracer.printPidInfo_Info: [12.775] encoderYPidCtrl: Target= 175.8, Input= 173.0, Error=   2.8, PIDTerms= 0.083/ 0.000/ 0.005/ 0.000, Output= 0.089(-0.600/0.600), Volt=9.8(9.8)
GlobalTracer.printPidInfo_Info: [12.775] gyroTurnPidCtrl: Target= -90.0, Input= -95.4, Error=   5.4, PIDTerms= 0.065/ 0.000/-0.004/-0.000, Output= 0.061(-0.700/0.700), Volt=9.8(9.8)
GlobalTracer.printPidInfo_Info: [12.854] encoderXPidCtrl: Target= -51.2, Input=  -8.1, Error= -43.1, PIDTerms=-6.469/ 0.000/ 0.240/-0.000, Output=-0.700(-0.700/0.700), Volt=9.8(9.8)
GlobalTracer.printPidInfo_Info: [12.854] encoderYPidCtrl: Target= 175.8, Input= 172.3, Error=   3.5, PIDTerms= 0.105/ 0.000/ 0.009/ 0.000, Output= 0.114(-0.600/0.600), Volt=9.8(9.8)
GlobalTracer.printPidInfo_Info: [12.854] gyroTurnPidCtrl: Target= -90.0, Input= -95.1, Error=   5.1, PIDTerms= 0.061/ 0.000/-0.005/-0.000, Output= 0.056(-0.700/0.700), Volt=10.0(9.8)
GlobalTracer.printPidInfo_Info: [12.945] encoderXPidCtrl: Target= -51.2, Input=  -8.9, Error= -42.3, PIDTerms=-6.349/ 0.000/ 0.129/-0.000, Output=-0.700(-0.700/0.700), Volt=9.9(9.8)
GlobalTracer.printPidInfo_Info: [12.945] encoderYPidCtrl: Target= 175.8, Input= 171.7, Error=   4.1, PIDTerms= 0.123/ 0.000/ 0.006/ 0.000, Output= 0.129(-0.600/0.600), Volt=9.9(9.8)
GlobalTracer.printPidInfo_Info: [12.945] gyroTurnPidCtrl: Target= -90.0, Input= -94.4, Error=   4.4, PIDTerms= 0.053/ 0.000/-0.007/-0.000, Output= 0.046(-0.700/0.700), Volt=9.9(9.8)
GlobalTracer.printPidInfo_Info: [13.016] encoderXPidCtrl: Target= -51.2, Input=  -9.8, Error= -41.4, PIDTerms=-6.207/ 0.000/ 0.255/-0.000, Output=-0.700(-0.700/0.700), Volt=9.7(9.7)
GlobalTracer.printPidInfo_Info: [13.016] encoderYPidCtrl: Target= 175.8, Input= 171.3, Error=   4.5, PIDTerms= 0.135/ 0.000/ 0.007/ 0.000, Output= 0.142(-0.600/0.600), Volt=9.7(9.7)
GlobalTracer.printPidInfo_Info: [13.016] gyroTurnPidCtrl: Target= -90.0, Input= -94.3, Error=   4.3, PIDTerms= 0.051/ 0.000/-0.003/-0.000, Output= 0.048(-0.700/0.700), Volt=9.9(9.7)
GlobalTracer.printPidInfo_Info: [13.099] encoderXPidCtrl: Target= -51.2, Input= -10.8, Error= -40.5, PIDTerms=-6.070/ 0.000/ 0.145/-0.000, Output=-0.700(-0.700/0.700), Volt=10.1(9.7)
GlobalTracer.printPidInfo_Info: [13.099] encoderYPidCtrl: Target= 175.8, Input= 170.9, Error=   4.9, PIDTerms= 0.146/ 0.000/ 0.004/ 0.000, Output= 0.150(-0.600/0.600), Volt=10.1(9.7)
GlobalTracer.printPidInfo_Info: [13.099] gyroTurnPidCtrl: Target= -90.0, Input= -94.0, Error=   4.0, PIDTerms= 0.048/ 0.000/-0.002/-0.000, Output= 0.046(-0.700/0.700), Volt=10.1(9.7)
GlobalTracer.printPidInfo_Info: [13.182] encoderXPidCtrl: Target= -51.2, Input= -11.9, Error= -39.3, PIDTerms=-5.896/ 0.000/ 0.262/-0.000, Output=-0.700(-0.700/0.700), Volt=10.0(9.7)
GlobalTracer.printPidInfo_Info: [13.182] encoderYPidCtrl: Target= 175.8, Input= 170.7, Error=   5.1, PIDTerms= 0.154/ 0.000/ 0.004/ 0.000, Output= 0.159(-0.600/0.600), Volt=10.0(9.7)
GlobalTracer.printPidInfo_Info: [13.182] gyroTurnPidCtrl: Target= -90.0, Input= -93.8, Error=   3.8, PIDTerms= 0.045/ 0.000/-0.004/-0.000, Output= 0.042(-0.700/0.700), Volt=10.0(9.7)
GlobalTracer.printPidInfo_Info: [13.258] encoderXPidCtrl: Target= -51.2, Input= -13.0, Error= -38.2, PIDTerms=-5.732/ 0.000/ 0.183/-0.000, Output=-0.700(-0.700/0.700), Volt=9.8(9.7)
GlobalTracer.printPidInfo_Info: [13.258] encoderYPidCtrl: Target= 175.8, Input= 170.4, Error=   5.4, PIDTerms= 0.161/ 0.000/ 0.003/ 0.000, Output= 0.164(-0.600/0.600), Volt=9.8(9.7)
GlobalTracer.printPidInfo_Info: [13.258] gyroTurnPidCtrl: Target= -90.0, Input= -93.7, Error=   3.7, PIDTerms= 0.045/ 0.000/-0.001/-0.000, Output= 0.044(-0.700/0.700), Volt=9.7(9.7)
GlobalTracer.printPidInfo_Info: [13.344] encoderXPidCtrl: Target= -51.2, Input= -14.1, Error= -37.1, PIDTerms=-5.571/ 0.000/ 0.205/-0.000, Output=-0.700(-0.700/0.700), Volt=9.8(9.7)
GlobalTracer.printPidInfo_Info: [13.344] encoderYPidCtrl: Target= 175.8, Input= 170.2, Error=   5.6, PIDTerms= 0.168/ 0.000/ 0.003/ 0.000, Output= 0.170(-0.600/0.600), Volt=9.9(9.7)
GlobalTracer.printPidInfo_Info: [13.344] gyroTurnPidCtrl: Target= -90.0, Input= -93.7, Error=   3.7, PIDTerms= 0.044/ 0.000/-0.001/-0.000, Output= 0.043(-0.700/0.700), Volt=9.9(9.7)
GlobalTracer.printPidInfo_Info: [13.428] encoderXPidCtrl: Target= -51.2, Input= -14.7, Error= -36.6, PIDTerms=-5.485/ 0.000/ 0.092/-0.000, Output=-0.700(-0.700/0.700), Volt=9.6(9.6)
GlobalTracer.printPidInfo_Info: [13.428] encoderYPidCtrl: Target= 175.8, Input= 170.0, Error=   5.8, PIDTerms= 0.173/ 0.000/ 0.002/ 0.000, Output= 0.175(-0.600/0.600), Volt=9.6(9.6)
GlobalTracer.printPidInfo_Info: [13.428] gyroTurnPidCtrl: Target= -90.0, Input= -93.6, Error=   3.6, PIDTerms= 0.043/ 0.000/-0.001/-0.000, Output= 0.043(-0.700/0.700), Volt=9.6(9.6)
GlobalTracer.printPidInfo_Info: [13.510] encoderXPidCtrl: Target= -51.2, Input= -15.1, Error= -36.1, PIDTerms=-5.415/ 0.000/ 0.094/-0.000, Output=-0.700(-0.700/0.700), Volt=9.5(9.5)
GlobalTracer.printPidInfo_Info: [13.510] encoderYPidCtrl: Target= 175.8, Input= 170.0, Error=   5.8, PIDTerms= 0.173/ 0.000/ 0.000/ 0.000, Output= 0.173(-0.600/0.600), Volt=9.5(9.5)
GlobalTracer.printPidInfo_Info: [13.510] gyroTurnPidCtrl: Target= -90.0, Input= -93.6, Error=   3.6, PIDTerms= 0.043/ 0.000/-0.000/-0.000, Output= 0.043(-0.700/0.700), Volt=9.5(9.5)
GlobalTracer.printPidInfo_Info: [13.583] encoderXPidCtrl: Target= -51.2, Input= -15.4, Error= -35.8, PIDTerms=-5.374/ 0.000/ 0.050/-0.000, Output=-0.700(-0.700/0.700), Volt=9.5(9.5)
GlobalTracer.printPidInfo_Info: [13.583] encoderYPidCtrl: Target= 175.8, Input= 169.9, Error=   5.9, PIDTerms= 0.177/ 0.000/ 0.002/ 0.000, Output= 0.179(-0.600/0.600), Volt=9.5(9.5)
GlobalTracer.printPidInfo_Info: [13.583] gyroTurnPidCtrl: Target= -90.0, Input= -93.8, Error=   3.8, PIDTerms= 0.046/ 0.000/ 0.002/-0.000, Output= 0.048(-0.700/0.700), Volt=9.6(9.5)
GlobalTracer.printPidInfo_Info: [13.655] encoderXPidCtrl: Target= -51.2, Input= -15.7, Error= -35.6, PIDTerms=-5.336/ 0.000/ 0.048/-0.000, Output=-0.700(-0.700/0.700), Volt=9.6(9.5)
GlobalTracer.printPidInfo_Info: [13.655] encoderYPidCtrl: Target= 175.8, Input= 169.9, Error=   5.9, PIDTerms= 0.176/ 0.000/-0.000/ 0.000, Output= 0.175(-0.600/0.600), Volt=9.6(9.5)
GlobalTracer.printPidInfo_Info: [13.655] gyroTurnPidCtrl: Target= -90.0, Input= -94.0, Error=   4.0, PIDTerms= 0.048/ 0.000/ 0.003/-0.000, Output= 0.052(-0.700/0.700), Volt=9.4(9.5)
GlobalTracer.printPidInfo_Info: [13.748] encoderXPidCtrl: Target= -51.2, Input= -16.0, Error= -35.2, PIDTerms=-5.280/ 0.000/ 0.067/-0.000, Output=-0.700(-0.700/0.700), Volt=9.3(9.3)
GlobalTracer.printPidInfo_Info: [13.748] encoderYPidCtrl: Target= 175.8, Input= 169.9, Error=   5.9, PIDTerms= 0.176/ 0.000/ 0.000/ 0.000, Output= 0.176(-0.600/0.600), Volt=9.6(9.3)
GlobalTracer.printPidInfo_Info: [13.748] gyroTurnPidCtrl: Target= -90.0, Input= -94.4, Error=   4.4, PIDTerms= 0.052/ 0.000/ 0.004/-0.000, Output= 0.056(-0.700/0.700), Volt=9.6(9.3)
GlobalTracer.printPidInfo_Info: [13.825] encoderXPidCtrl: Target= -51.2, Input= -16.2, Error= -35.0, PIDTerms=-5.246/ 0.000/ 0.043/-0.000, Output=-0.700(-0.700/0.700), Volt=9.4(9.3)
GlobalTracer.printPidInfo_Info: [13.825] encoderYPidCtrl: Target= 175.8, Input= 169.9, Error=   5.9, PIDTerms= 0.178/ 0.000/ 0.001/ 0.000, Output= 0.179(-0.600/0.600), Volt=9.4(9.3)
GlobalTracer.printPidInfo_Info: [13.825] gyroTurnPidCtrl: Target= -90.0, Input= -94.7, Error=   4.7, PIDTerms= 0.056/ 0.000/ 0.004/-0.000, Output= 0.060(-0.700/0.700), Volt=9.4(9.3)
GlobalTracer.printPidInfo_Info: [13.910] encoderXPidCtrl: Target= -51.2, Input= -16.6, Error= -34.6, PIDTerms=-5.187/ 0.000/ 0.072/-0.000, Output=-0.700(-0.700/0.700), Volt=9.6(9.3)
GlobalTracer.printPidInfo_Info: [13.910] encoderYPidCtrl: Target= 175.8, Input= 169.8, Error=   6.0, PIDTerms= 0.179/ 0.000/ 0.000/ 0.000, Output= 0.179(-0.600/0.600), Volt=9.6(9.3)
GlobalTracer.printPidInfo_Info: [13.910] gyroTurnPidCtrl: Target= -90.0, Input= -94.8, Error=   4.8, PIDTerms= 0.058/ 0.000/ 0.002/-0.000, Output= 0.060(-0.700/0.700), Volt=9.5(9.3)
GlobalTracer.printPidInfo_Info: [13.992] encoderXPidCtrl: Target= -51.2, Input= -16.9, Error= -34.3, PIDTerms=-5.149/ 0.000/ 0.053/-0.000, Output=-0.700(-0.700/0.700), Volt=9.5(9.3)
GlobalTracer.printPidInfo_Info: [13.992] encoderYPidCtrl: Target= 175.8, Input= 169.7, Error=   6.1, PIDTerms= 0.184/ 0.000/ 0.002/ 0.000, Output= 0.186(-0.600/0.600), Volt=9.6(9.3)
GlobalTracer.printPidInfo_Info: [13.992] gyroTurnPidCtrl: Target= -90.0, Input= -95.2, Error=   5.2, PIDTerms= 0.063/ 0.000/ 0.005/-0.000, Output= 0.068(-0.700/0.700), Volt=9.6(9.3)
GlobalTracer.printPidInfo_Info: [14.073] encoderXPidCtrl: Target= -51.2, Input= -17.2, Error= -34.1, PIDTerms=-5.108/ 0.000/ 0.041/-0.000, Output=-0.700(-0.700/0.700), Volt=10.5(9.3)
GlobalTracer.printPidInfo_Info: [14.073] encoderYPidCtrl: Target= 175.8, Input= 169.5, Error=   6.3, PIDTerms= 0.188/ 0.000/ 0.001/ 0.000, Output= 0.189(-0.600/0.600), Volt=10.5(9.3)
GlobalTracer.printPidInfo_Info: [14.073] gyroTurnPidCtrl: Target= -90.0, Input= -95.4, Error=   5.4, PIDTerms= 0.065/ 0.000/ 0.002/-0.000, Output= 0.066(-0.700/0.700), Volt=10.5(9.3)
GlobalTracer.printPidInfo_Info: [14.131] encoderXPidCtrl: Target= -51.2, Input= -17.6, Error= -33.6, PIDTerms=-5.046/ 0.000/ 0.094/-0.000, Output=-0.700(-0.700/0.700), Volt=10.7(9.3)
GlobalTracer.printPidInfo_Info: [14.131] encoderYPidCtrl: Target= 175.8, Input= 169.6, Error=   6.2, PIDTerms= 0.187/ 0.000/-0.001/ 0.000, Output= 0.186(-0.600/0.600), Volt=10.7(9.3)
GlobalTracer.printPidInfo_Info: [14.131] gyroTurnPidCtrl: Target= -90.0, Input= -95.8, Error=   5.8, PIDTerms= 0.070/ 0.000/ 0.007/-0.000, Output= 0.076(-0.700/0.700), Volt=10.7(9.3)
GlobalTracer.printPidInfo_Info: [14.212] encoderXPidCtrl: Target= -51.2, Input= -17.8, Error= -33.4, PIDTerms=-5.017/ 0.000/ 0.045/-0.000, Output=-0.700(-0.700/0.700), Volt=10.8(9.3)
GlobalTracer.printPidInfo_Info: [14.212] encoderYPidCtrl: Target= 175.8, Input= 169.5, Error=   6.3, PIDTerms= 0.190/ 0.000/ 0.002/ 0.000, Output= 0.192(-0.600/0.600), Volt=10.8(9.3)
GlobalTracer.printPidInfo_Info: [14.212] gyroTurnPidCtrl: Target= -90.0, Input= -96.3, Error=   6.3, PIDTerms= 0.076/ 0.000/ 0.008/-0.000, Output= 0.083(-0.700/0.700), Volt=10.8(9.3)
GlobalTracer.printPidInfo_Info: [14.276] encoderXPidCtrl: Target= -51.2, Input= -18.6, Error= -32.6, PIDTerms=-4.888/ 0.000/ 0.167/-0.000, Output=-0.700(-0.700/0.700), Volt=10.9(9.3)
GlobalTracer.printPidInfo_Info: [14.276] encoderYPidCtrl: Target= 175.8, Input= 169.1, Error=   6.7, PIDTerms= 0.200/ 0.000/ 0.004/ 0.000, Output= 0.204(-0.600/0.600), Volt=10.9(9.3)
GlobalTracer.printPidInfo_Info: [14.276] gyroTurnPidCtrl: Target= -90.0, Input= -97.5, Error=   7.5, PIDTerms= 0.090/ 0.000/ 0.015/-0.000, Output= 0.105(-0.700/0.700), Volt=10.9(9.3)
GlobalTracer.printPidInfo_Info: [14.365] encoderXPidCtrl: Target= -51.2, Input= -19.7, Error= -31.6, PIDTerms=-4.734/ 0.000/ 0.193/-0.000, Output=-0.700(-0.700/0.700), Volt=11.2(9.3)
GlobalTracer.printPidInfo_Info: [14.365] encoderYPidCtrl: Target= 175.8, Input= 168.9, Error=   6.9, PIDTerms= 0.207/ 0.000/ 0.003/ 0.000, Output= 0.210(-0.600/0.600), Volt=11.2(9.3)
GlobalTracer.printPidInfo_Info: [14.365] gyroTurnPidCtrl: Target= -90.0, Input= -99.0, Error=   9.0, PIDTerms= 0.108/ 0.000/ 0.019/-0.000, Output= 0.127(-0.700/0.700), Volt=11.2(9.3)
GlobalTracer.printPidInfo_Info: [14.438] encoderXPidCtrl: Target= -51.2, Input= -21.0, Error= -30.2, PIDTerms=-4.526/ 0.000/ 0.324/-0.000, Output=-0.700(-0.700/0.700), Volt=11.3(9.3)
GlobalTracer.printPidInfo_Info: [14.438] encoderYPidCtrl: Target= 175.8, Input= 168.8, Error=   7.0, PIDTerms= 0.210/ 0.000/ 0.001/ 0.000, Output= 0.211(-0.600/0.600), Volt=11.3(9.3)
GlobalTracer.printPidInfo_Info: [14.438] gyroTurnPidCtrl: Target= -90.0, Input=-102.4, Error=  12.4, PIDTerms= 0.149/ 0.000/ 0.053/-0.000, Output= 0.202(-0.700/0.700), Volt=11.4(9.3)
GlobalTracer.printPidInfo_Info: [14.533] encoderXPidCtrl: Target= -51.2, Input= -22.1, Error= -29.1, PIDTerms=-4.363/ 0.000/ 0.158/-0.000, Output=-0.700(-0.700/0.700), Volt=11.4(9.3)
GlobalTracer.printPidInfo_Info: [14.533] encoderYPidCtrl: Target= 175.8, Input= 168.4, Error=   7.4, PIDTerms= 0.222/ 0.000/ 0.004/ 0.000, Output= 0.226(-0.600/0.600), Volt=11.4(9.3)
GlobalTracer.printPidInfo_Info: [14.533] gyroTurnPidCtrl: Target= -90.0, Input=-104.3, Error=  14.3, PIDTerms= 0.171/ 0.000/ 0.018/-0.000, Output= 0.189(-0.700/0.700), Volt=11.4(9.3)
GlobalTracer.printPidInfo_Info: [14.611] encoderXPidCtrl: Target= -51.2, Input= -23.7, Error= -27.5, PIDTerms=-4.130/ 0.000/ 0.355/-0.000, Output=-0.700(-0.700/0.700), Volt=11.6(9.3)
GlobalTracer.printPidInfo_Info: [14.611] encoderYPidCtrl: Target= 175.8, Input= 167.8, Error=   8.0, PIDTerms= 0.239/ 0.000/ 0.009/ 0.000, Output= 0.247(-0.600/0.600), Volt=11.6(9.3)
GlobalTracer.printPidInfo_Info: [14.611] gyroTurnPidCtrl: Target= -90.0, Input=-107.2, Error=  17.2, PIDTerms= 0.207/ 0.000/ 0.045/-0.000, Output= 0.251(-0.700/0.700), Volt=11.5(9.3)
GlobalTracer.printPidInfo_Info: [14.699] encoderXPidCtrl: Target= -51.2, Input= -24.9, Error= -26.4, PIDTerms=-3.955/ 0.000/ 0.168/-0.000, Output=-0.700(-0.700/0.700), Volt=11.4(9.3)
GlobalTracer.printPidInfo_Info: [14.699] encoderYPidCtrl: Target= 175.8, Input= 167.4, Error=   8.4, PIDTerms= 0.253/ 0.000/ 0.004/ 0.000, Output= 0.257(-0.600/0.600), Volt=11.4(9.3)
GlobalTracer.printPidInfo_Info: [14.699] gyroTurnPidCtrl: Target= -90.0, Input=-109.5, Error=  19.5, PIDTerms= 0.234/ 0.000/ 0.022/-0.000, Output= 0.256(-0.700/0.700), Volt=11.4(9.3)
GlobalTracer.startCompetition_Warn: AUTO_MODE takes too long (0.115s)

GlobalTracer.printPidInfo_Info: [14.814] encoderXPidCtrl: Target= -51.2, Input= -26.0, Error= -25.2, PIDTerms=-3.778/ 0.000/ 0.211/-0.000, Output=-0.700(-0.700/0.700), Volt=11.4(9.3)
GlobalTracer.printPidInfo_Info: [14.814] encoderYPidCtrl: Target= 175.8, Input= 166.8, Error=   9.0, PIDTerms= 0.269/ 0.000/ 0.007/ 0.000, Output= 0.276(-0.600/0.600), Volt=11.4(9.3)
GlobalTracer.printPidInfo_Info: [14.814] gyroTurnPidCtrl: Target= -90.0, Input=-111.8, Error=  21.8, PIDTerms= 0.261/ 0.000/ 0.028/-0.000, Output= 0.289(-0.700/0.700), Volt=11.4(9.3)
GlobalTracer.startCompetition_Warn: AUTO_MODE takes too long (0.114s)

GlobalTracer.printPidInfo_Info: [14.932] encoderXPidCtrl: Target= -51.2, Input= -26.9, Error= -24.3, PIDTerms=-3.641/ 0.000/ 0.098/-0.000, Output=-0.700(-0.700/0.700), Volt=11.5(9.3)
GlobalTracer.printPidInfo_Info: [14.932] encoderYPidCtrl: Target= 175.8, Input= 166.3, Error=   9.5, PIDTerms= 0.286/ 0.000/ 0.004/ 0.000, Output= 0.290(-0.600/0.600), Volt=11.5(9.3)
GlobalTracer.printPidInfo_Info: [14.932] gyroTurnPidCtrl: Target= -90.0, Input=-113.4, Error=  23.4, PIDTerms= 0.281/ 0.000/ 0.012/-0.000, Output= 0.292(-0.700/0.700), Volt=11.5(9.3)
GlobalTracer.startCompetition_Warn: AUTO_MODE takes too long (0.102s)

GlobalTracer.printPidInfo_Info: [15.034] encoderXPidCtrl: Target= -51.2, Input= -27.5, Error= -23.7, PIDTerms=-3.562/ 0.000/ 0.080/-0.000, Output=-0.700(-0.700/0.700), Volt=11.4(9.3)
GlobalTracer.printPidInfo_Info: [15.034] encoderYPidCtrl: Target= 175.8, Input= 166.0, Error=   9.8, PIDTerms= 0.294/ 0.000/ 0.003/ 0.000, Output= 0.296(-0.600/0.600), Volt=11.4(9.3)
GlobalTracer.printPidInfo_Info: [15.034] gyroTurnPidCtrl: Target= -90.0, Input=-113.9, Error=  23.9, PIDTerms= 0.287/ 0.000/ 0.005/-0.000, Output= 0.292(-0.700/0.700), Volt=11.4(9.3)
GlobalTracer.printPidInfo_Info: [15.112] encoderXPidCtrl: Target= -51.2, Input= -27.8, Error= -23.4, PIDTerms=-3.513/ 0.000/ 0.067/-0.000, Output=-0.700(-0.700/0.700), Volt=11.5(9.3)
GlobalTracer.printPidInfo_Info: [15.112] encoderYPidCtrl: Target= 175.8, Input= 165.7, Error=  10.1, PIDTerms= 0.302/ 0.000/ 0.004/ 0.000, Output= 0.306(-0.600/0.600), Volt=11.5(9.3)
GlobalTracer.printPidInfo_Info: [15.112] gyroTurnPidCtrl: Target= -90.0, Input=-114.4, Error=  24.4, PIDTerms= 0.293/ 0.000/ 0.007/-0.000, Output= 0.299(-0.700/0.700), Volt=11.5(9.3)
GlobalTracer.printPidInfo_Info: [15.206] encoderXPidCtrl: Target= -51.2, Input= -28.0, Error= -23.3, PIDTerms=-3.488/ 0.000/ 0.023/-0.000, Output=-0.700(-0.700/0.700), Volt=11.4(9.3)
GlobalTracer.printPidInfo_Info: [15.206] encoderYPidCtrl: Target= 175.8, Input= 165.5, Error=  10.3, PIDTerms= 0.309/ 0.000/ 0.002/ 0.000, Output= 0.311(-0.600/0.600), Volt=11.4(9.3)
GlobalTracer.printPidInfo_Info: [15.206] gyroTurnPidCtrl: Target= -90.0, Input=-114.2, Error=  24.2, PIDTerms= 0.291/ 0.000/-0.001/-0.000, Output= 0.289(-0.700/0.700), Volt=11.4(9.3)
GlobalTracer.printPidInfo_Info: [15.279] encoderXPidCtrl: Target= -51.2, Input= -28.0, Error= -23.2, PIDTerms=-3.481/ 0.000/ 0.010/-0.000, Output=-0.700(-0.700/0.700), Volt=11.3(9.3)
GlobalTracer.printPidInfo_Info: [15.279] encoderYPidCtrl: Target= 175.8, Input= 165.5, Error=  10.3, PIDTerms= 0.310/ 0.000/ 0.001/ 0.000, Output= 0.311(-0.600/0.600), Volt=11.3(9.3)
GlobalTracer.printPidInfo_Info: [15.279] gyroTurnPidCtrl: Target= -90.0, Input=-114.3, Error=  24.3, PIDTerms= 0.291/ 0.000/ 0.001/-0.000, Output= 0.292(-0.700/0.700), Volt=11.3(9.3)
GlobalTracer.Vision_Info: Pixy is disabled!
GlobalTracer.Robot_Info: TotalEnergy=4.531
