GlobalTracer.FirstPowerUp_Info: Sat Mar 24 12:16:50 PDT 2018: ***** Starting autonomous *****
GlobalTracer.FirstPowerUp_Info: WASNO_Qualification_ 10 (Red2) [FMSConnected=true]
GlobalTracer.CmdAutoScale_Info: alliance=Red, gameSpecificMsg=RRR, delay=0.000, startPosition=-102.0, fwdDistance=10
GlobalTracer.Vision_Info: Pixy is enabled!
GlobalTracer.Robot_Info: [0.529]      START: xPos=  0.00,yPos=  0.00,heading=   0.0/   0.0,volts=12.8(12.8)
GlobalTracer.startCompetition_Warn: AUTO_MODE takes too long (0.638s)

GlobalTracer.Robot_Info: [0.636] DRIVE_TO_LANE: xPos=  0.00,yPos=  0.00,heading=   0.0/   0.0,volts=12.7(12.8)
GlobalTracer.printPidInfo_Info: [0.636] encoderXPidCtrl: Target=   0.0, Input=   0.0, Error=   0.0, PIDTerms= 0.000/ 0.000/ 0.000/ 0.000, Output= 0.000(-0.700/0.700), Volt=12.7(12.8)
GlobalTracer.printPidInfo_Info: [0.636] encoderYPidCtrl: Target=  10.0, Input=   0.0, Error=  10.0, PIDTerms= 0.000/ 0.000/ 0.000/ 0.000, Output= 0.000(-0.600/0.600), Volt=12.7(12.8)
GlobalTracer.printPidInfo_Info: [0.636] gyroTurnPidCtrl: Target=   0.0, Input=   0.0, Error=   0.0, PIDTerms= 0.000/ 0.000/ 0.000/ 0.000, Output= 0.000(-0.700/0.700), Volt=12.7(12.8)
GlobalTracer.printPidInfo_Info: [0.728] encoderXPidCtrl: Target=   0.0, Input=   0.0, Error=   0.0, PIDTerms= 0.000/ 0.000/ 0.000/ 0.000, Output= 0.000(-0.700/0.700), Volt=12.2(12.2)
GlobalTracer.printPidInfo_Info: [0.728] encoderYPidCtrl: Target=  10.0, Input=   0.0, Error=  10.0, PIDTerms= 0.300/ 0.000/ 0.000/ 0.000, Output= 0.300(-0.600/0.600), Volt=12.1(12.2)
GlobalTracer.printPidInfo_Info: [0.728] gyroTurnPidCtrl: Target=   0.0, Input=   0.0, Error=   0.0, PIDTerms= 0.000/ 0.000/ 0.000/ 0.000, Output= 0.000(-0.700/0.700), Volt=12.1(12.2)
GlobalTracer.printPidInfo_Info: [0.827] encoderXPidCtrl: Target=   0.0, Input=  -0.0, Error=   0.0, PIDTerms= 0.004/ 0.000/ 0.004/ 0.000, Output= 0.008(-0.700/0.700), Volt=12.2(12.2)
GlobalTracer.printPidInfo_Info: [0.827] encoderYPidCtrl: Target=  10.0, Input=   0.1, Error=   9.9, PIDTerms= 0.297/ 0.000/-0.001/ 0.000, Output= 0.297(-0.600/0.600), Volt=12.2(12.2)
GlobalTracer.printPidInfo_Info: [0.827] gyroTurnPidCtrl: Target=   0.0, Input=   0.0, Error=   0.0, PIDTerms= 0.000/ 0.000/ 0.000/ 0.000, Output= 0.000(-0.700/0.700), Volt=12.2(12.2)
GlobalTracer.printPidInfo_Info: [0.873] encoderXPidCtrl: Target=   0.0, Input=   0.1, Error=  -0.1, PIDTerms=-0.009/ 0.000/-0.031/ 0.000, Output=-0.040(-0.700/0.700), Volt=12.2(12.1)
GlobalTracer.printPidInfo_Info: [0.873] encoderYPidCtrl: Target=  10.0, Input=   1.0, Error=   9.0, PIDTerms= 0.271/ 0.000/-0.020/ 0.000, Output= 0.251(-0.600/0.600), Volt=12.2(12.1)
GlobalTracer.printPidInfo_Info: [0.873] gyroTurnPidCtrl: Target=   0.0, Input=  -0.1, Error=   0.1, PIDTerms= 0.001/ 0.000/ 0.001/ 0.000, Output= 0.002(-0.700/0.700), Volt=12.2(12.1)
GlobalTracer.printPidInfo_Info: [0.943] encoderXPidCtrl: Target=   0.0, Input=   0.1, Error=  -0.1, PIDTerms=-0.008/ 0.000/ 0.001/ 0.000, Output=-0.007(-0.700/0.700), Volt=12.3(12.1)
GlobalTracer.printPidInfo_Info: [0.943] encoderYPidCtrl: Target=  10.0, Input=   1.7, Error=   8.3, PIDTerms= 0.250/ 0.000/-0.011/ 0.000, Output= 0.238(-0.600/0.600), Volt=12.4(12.1)
GlobalTracer.printPidInfo_Info: [0.943] gyroTurnPidCtrl: Target=   0.0, Input=   0.1, Error=  -0.1, PIDTerms=-0.001/ 0.000/-0.002/ 0.000, Output=-0.003(-0.700/0.700), Volt=12.4(12.1)
GlobalTracer.printPidInfo_Info: [1.016] encoderXPidCtrl: Target=   0.0, Input=   0.1, Error=  -0.1, PIDTerms=-0.012/ 0.000/-0.006/ 0.000, Output=-0.018(-0.700/0.700), Volt=12.5(12.1)
GlobalTracer.printPidInfo_Info: [1.016] encoderYPidCtrl: Target=  10.0, Input=   2.7, Error=   7.3, PIDTerms= 0.219/ 0.000/-0.019/ 0.000, Output= 0.200(-0.600/0.600), Volt=12.5(12.1)
GlobalTracer.printPidInfo_Info: [1.016] gyroTurnPidCtrl: Target=   0.0, Input=  -0.1, Error=   0.1, PIDTerms= 0.001/ 0.000/ 0.002/ 0.000, Output= 0.003(-0.700/0.700), Volt=12.5(12.1)
GlobalTracer.startCompetition_Warn: AUTO_MODE takes too long (0.217s)

GlobalTracer.printPidInfo_Info: [1.234] encoderXPidCtrl: Target=   0.0, Input=   0.1, Error=  -0.1, PIDTerms=-0.015/ 0.000/-0.002/ 0.000, Output=-0.016(-0.700/0.700), Volt=12.6(12.1)
GlobalTracer.printPidInfo_Info: [1.234] encoderYPidCtrl: Target=  10.0, Input=   4.2, Error=   5.8, PIDTerms= 0.173/ 0.000/-0.009/ 0.000, Output= 0.164(-0.600/0.600), Volt=12.6(12.1)
GlobalTracer.printPidInfo_Info: [1.234] gyroTurnPidCtrl: Target=   0.0, Input=  -0.3, Error=   0.3, PIDTerms= 0.004/ 0.000/ 0.002/ 0.000, Output= 0.006(-0.700/0.700), Volt=12.6(12.1)
GlobalTracer.startCompetition_Warn: AUTO_MODE takes too long (0.238s)

GlobalTracer.Robot_Info: [1.475] TURN_TO_DRIVE_ACROSS_FIELD: xPos=  0.11,yPos= 13.31,heading=  -1.3/  90.0,volts=12.7(12.1)
GlobalTracer.printPidInfo_Info: [1.475] encoderXPidCtrl: Target=   0.1, Input=   0.1, Error=   0.0, PIDTerms=-0.019/ 0.000/-0.002/ 0.000, Output= 0.000(-0.700/0.700), Volt=12.7(12.1)
GlobalTracer.printPidInfo_Info: [1.475] encoderYPidCtrl: Target=  13.3, Input=   8.8, Error=   0.0, PIDTerms= 0.035/ 0.000/-0.019/ 0.000, Output= 0.000(-0.600/0.600), Volt=12.7(12.1)
GlobalTracer.printPidInfo_Info: [1.475] gyroTurnPidCtrl: Target=  90.0, Input=  -0.9, Error=  91.3, PIDTerms= 0.011/ 0.000/ 0.003/ 0.000, Output= 0.000(-0.700/0.700), Volt=12.7(12.1)
GlobalTracer.startCompetition_Warn: AUTO_MODE takes too long (0.166s)

GlobalTracer.printPidInfo_Info: [1.641] encoderXPidCtrl: Target=   0.1, Input=   0.1, Error=   0.0, PIDTerms=-0.019/ 0.000/-0.002/ 0.000, Output= 0.000(-0.700/0.700), Volt=10.1(10.0)
GlobalTracer.printPidInfo_Info: [1.641] encoderYPidCtrl: Target=  13.3, Input=   8.8, Error=   0.0, PIDTerms= 0.035/ 0.000/-0.019/ 0.000, Output= 0.000(-0.600/0.600), Volt=10.1(10.0)
GlobalTracer.printPidInfo_Info: [1.641] gyroTurnPidCtrl: Target=  90.0, Input=  -1.3, Error=  91.3, PIDTerms= 1.096/ 0.000/ 0.000/ 0.000, Output= 0.700(-0.700/0.700), Volt=10.1(10.0)
GlobalTracer.startCompetition_Warn: AUTO_MODE takes too long (0.107s)

GlobalTracer.printPidInfo_Info: [1.749] encoderXPidCtrl: Target=   0.1, Input=   0.1, Error=   0.0, PIDTerms=-0.019/ 0.000/-0.002/ 0.000, Output= 0.000(-0.700/0.700), Volt=10.4(10.0)
GlobalTracer.printPidInfo_Info: [1.749] encoderYPidCtrl: Target=  13.3, Input=   8.8, Error=   0.0, PIDTerms= 0.035/ 0.000/-0.019/ 0.000, Output= 0.000(-0.600/0.600), Volt=10.4(10.0)
GlobalTracer.printPidInfo_Info: [1.749] gyroTurnPidCtrl: Target=  90.0, Input=  -1.2, Error=  91.2, PIDTerms= 1.094/ 0.000/-0.001/ 0.000, Output= 0.700(-0.700/0.700), Volt=10.4(10.0)
GlobalTracer.startCompetition_Warn: AUTO_MODE takes too long (0.107s)

GlobalTracer.printPidInfo_Info: [1.858] encoderXPidCtrl: Target=   0.1, Input=   0.1, Error=   0.0, PIDTerms=-0.019/ 0.000/-0.002/ 0.000, Output= 0.000(-0.700/0.700), Volt=10.8(10.0)
GlobalTracer.printPidInfo_Info: [1.858] encoderYPidCtrl: Target=  13.3, Input=   8.8, Error=   0.0, PIDTerms= 0.035/ 0.000/-0.019/ 0.000, Output= 0.000(-0.600/0.600), Volt=10.8(10.0)
GlobalTracer.printPidInfo_Info: [1.858] gyroTurnPidCtrl: Target=  90.0, Input=   5.6, Error=  84.4, PIDTerms= 1.013/ 0.000/-0.068/ 0.000, Output= 0.700(-0.700/0.700), Volt=10.8(10.0)
GlobalTracer.startCompetition_Warn: AUTO_MODE takes too long (0.112s)

GlobalTracer.printPidInfo_Info: [1.970] encoderXPidCtrl: Target=   0.1, Input=   0.1, Error=   0.0, PIDTerms=-0.019/ 0.000/-0.002/ 0.000, Output= 0.000(-0.700/0.700), Volt=11.1(10.0)
GlobalTracer.printPidInfo_Info: [1.970] encoderYPidCtrl: Target=  13.3, Input=   8.8, Error=   0.0, PIDTerms= 0.035/ 0.000/-0.019/ 0.000, Output= 0.000(-0.600/0.600), Volt=11.1(10.0)
GlobalTracer.printPidInfo_Info: [1.970] gyroTurnPidCtrl: Target=  90.0, Input=  18.2, Error=  71.8, PIDTerms= 0.861/ 0.000/-0.121/ 0.000, Output= 0.700(-0.700/0.700), Volt=11.1(10.0)
GlobalTracer.printPidInfo_Info: [2.054] encoderXPidCtrl: Target=   0.1, Input=   0.1, Error=   0.0, PIDTerms=-0.019/ 0.000/-0.002/ 0.000, Output= 0.000(-0.700/0.700), Volt=12.1(10.0)
GlobalTracer.printPidInfo_Info: [2.054] encoderYPidCtrl: Target=  13.3, Input=   8.8, Error=   0.0, PIDTerms= 0.035/ 0.000/-0.019/ 0.000, Output= 0.000(-0.600/0.600), Volt=12.0(10.0)
GlobalTracer.printPidInfo_Info: [2.054] gyroTurnPidCtrl: Target=  90.0, Input=  37.2, Error=  52.8, PIDTerms= 0.634/ 0.000/-0.180/ 0.000, Output= 0.453(-0.700/0.700), Volt=12.0(10.0)
GlobalTracer.startCompetition_Warn: AUTO_MODE takes too long (0.141s)

GlobalTracer.printPidInfo_Info: [2.200] encoderXPidCtrl: Target=   0.1, Input=   0.1, Error=   0.0, PIDTerms=-0.019/ 0.000/-0.002/ 0.000, Output= 0.000(-0.700/0.700), Volt=12.3(10.0)
GlobalTracer.printPidInfo_Info: [2.200] encoderYPidCtrl: Target=  13.3, Input=   8.8, Error=   0.0, PIDTerms= 0.035/ 0.000/-0.019/ 0.000, Output= 0.000(-0.600/0.600), Volt=12.3(10.0)
GlobalTracer.printPidInfo_Info: [2.200] gyroTurnPidCtrl: Target=  90.0, Input=  53.3, Error=  36.7, PIDTerms= 0.441/ 0.000/-0.121/ 0.000, Output= 0.320(-0.700/0.700), Volt=12.3(10.0)
GlobalTracer.startCompetition_Warn: AUTO_MODE takes too long (0.164s)

GlobalTracer.printPidInfo_Info: [2.365] encoderXPidCtrl: Target=   0.1, Input=   0.1, Error=   0.0, PIDTerms=-0.019/ 0.000/-0.002/ 0.000, Output= 0.000(-0.700/0.700), Volt=12.4(10.0)
GlobalTracer.printPidInfo_Info: [2.365] encoderYPidCtrl: Target=  13.3, Input=   8.8, Error=   0.0, PIDTerms= 0.035/ 0.000/-0.019/ 0.000, Output= 0.000(-0.600/0.600), Volt=12.4(10.0)
GlobalTracer.printPidInfo_Info: [2.365] gyroTurnPidCtrl: Target=  90.0, Input=  80.4, Error=   9.6, PIDTerms= 0.115/ 0.000/-0.191/ 0.000, Output=-0.076(-0.700/0.700), Volt=12.4(10.0)
GlobalTracer.startCompetition_Warn: AUTO_MODE takes too long (0.171s)

GlobalTracer.Robot_Info: [2.538] DRIVE_ACROSS_FIELD: xPos=  0.27,yPos= 15.15,heading=  97.2/  90.0,volts=12.5(10.0)
GlobalTracer.printPidInfo_Info: [2.538] encoderXPidCtrl: Target=   0.3, Input=   0.1, Error=   0.0, PIDTerms=-0.019/ 0.000/-0.002/ 0.000, Output= 0.000(-0.700/0.700), Volt=12.5(10.0)
GlobalTracer.printPidInfo_Info: [2.538] encoderYPidCtrl: Target= 235.2, Input=   8.8, Error= 220.0, PIDTerms= 0.035/ 0.000/-0.019/ 0.000, Output= 0.000(-0.600/0.600), Volt=12.5(10.0)
GlobalTracer.printPidInfo_Info: [2.538] gyroTurnPidCtrl: Target=  90.0, Input=  96.7, Error=  -7.2, PIDTerms=-0.081/ 0.000/-0.104/ 0.000, Output= 0.000(-0.700/0.700), Volt=12.5(10.0)
GlobalTracer.startCompetition_Warn: AUTO_MODE takes too long (0.214s)

GlobalTracer.printPidInfo_Info: [2.755] encoderXPidCtrl: Target=   0.3, Input=   0.3, Error=   0.0, PIDTerms= 0.000/ 0.000/ 0.000/ 0.000, Output= 0.000(-0.700/0.700), Volt=10.5(10.0)
GlobalTracer.printPidInfo_Info: [2.755] encoderYPidCtrl: Target= 235.2, Input=  15.2, Error= 220.0, PIDTerms= 6.600/ 0.000/ 0.000/ 0.000, Output= 0.600(-0.600/0.600), Volt=10.5(10.0)
GlobalTracer.printPidInfo_Info: [2.755] gyroTurnPidCtrl: Target=  90.0, Input=  97.2, Error=  -7.2, PIDTerms=-0.087/ 0.000/ 0.000/ 0.000, Output=-0.087(-0.700/0.700), Volt=10.5(10.0)
GlobalTracer.startCompetition_Warn: AUTO_MODE takes too long (0.151s)

GlobalTracer.printPidInfo_Info: [2.908] encoderXPidCtrl: Target=   0.3, Input=   0.5, Error=  -0.3, PIDTerms=-0.042/ 0.000/-0.023/ 0.000, Output=-0.065(-0.700/0.700), Volt=10.7(10.0)
GlobalTracer.printPidInfo_Info: [2.908] encoderYPidCtrl: Target= 235.2, Input=  17.3, Error= 217.8, PIDTerms= 6.535/ 0.000/-0.012/ 0.000, Output= 0.600(-0.600/0.600), Volt=10.9(10.0)
GlobalTracer.printPidInfo_Info: [2.908] gyroTurnPidCtrl: Target=  90.0, Input=  96.4, Error=  -6.4, PIDTerms=-0.076/ 0.000/ 0.005/ 0.000, Output=-0.072(-0.700/0.700), Volt=10.9(10.0)
GlobalTracer.startCompetition_Warn: AUTO_MODE takes too long (0.146s)

GlobalTracer.printPidInfo_Info: [3.057] encoderXPidCtrl: Target=   0.3, Input=   1.3, Error=  -1.1, PIDTerms=-0.158/ 0.000/-0.079/ 0.000, Output=-0.236(-0.700/0.700), Volt=10.6(10.0)
GlobalTracer.printPidInfo_Info: [3.057] encoderYPidCtrl: Target= 235.2, Input=  23.6, Error= 211.6, PIDTerms= 6.347/ 0.000/-0.043/ 0.000, Output= 0.600(-0.600/0.600), Volt=10.6(10.0)
GlobalTracer.printPidInfo_Info: [3.057] gyroTurnPidCtrl: Target=  90.0, Input=  92.2, Error=  -2.2, PIDTerms=-0.027/ 0.000/ 0.028/ 0.000, Output= 0.001(-0.700/0.700), Volt=10.6(10.0)
GlobalTracer.startCompetition_Warn: AUTO_MODE takes too long (0.150s)

GlobalTracer.printPidInfo_Info: [3.208] encoderXPidCtrl: Target=   0.3, Input=   1.1, Error=  -0.8, PIDTerms=-0.126/ 0.000/ 0.020/ 0.000, Output=-0.106(-0.700/0.700), Volt=11.0(10.0)
GlobalTracer.printPidInfo_Info: [3.208] encoderYPidCtrl: Target= 235.2, Input=  31.9, Error= 203.3, PIDTerms= 6.098/ 0.000/-0.050/ 0.000, Output= 0.600(-0.600/0.600), Volt=11.0(10.0)
GlobalTracer.printPidInfo_Info: [3.208] gyroTurnPidCtrl: Target=  90.0, Input=  86.5, Error=   3.5, PIDTerms= 0.042/ 0.000/ 0.035/ 0.000, Output= 0.077(-0.700/0.700), Volt=11.0(10.0)
GlobalTracer.printPidInfo_Info: [3.274] encoderXPidCtrl: Target=   0.3, Input=   0.5, Error=  -0.3, PIDTerms=-0.041/ 0.000/ 0.082/ 0.000, Output= 0.040(-0.700/0.700), Volt=11.3(10.0)
GlobalTracer.printPidInfo_Info: [3.274] encoderYPidCtrl: Target= 235.2, Input=  40.5, Error= 194.7, PIDTerms= 5.840/ 0.000/-0.083/ 0.000, Output= 0.600(-0.600/0.600), Volt=11.3(10.0)
GlobalTracer.printPidInfo_Info: [3.274] gyroTurnPidCtrl: Target=  90.0, Input=  84.4, Error=   5.6, PIDTerms= 0.067/ 0.000/ 0.020/ 0.000, Output= 0.087(-0.700/0.700), Volt=11.3(10.0)
GlobalTracer.printPidInfo_Info: [3.348] encoderXPidCtrl: Target=   0.3, Input=   0.6, Error=  -0.3, PIDTerms=-0.043/ 0.000/-0.003/ 0.000, Output=-0.047(-0.700/0.700), Volt=11.3(10.0)
GlobalTracer.printPidInfo_Info: [3.348] encoderYPidCtrl: Target= 235.2, Input=  46.2, Error= 189.0, PIDTerms= 5.669/ 0.000/-0.099/ 0.000, Output= 0.600(-0.600/0.600), Volt=11.3(10.0)
GlobalTracer.printPidInfo_Info: [3.348] gyroTurnPidCtrl: Target=  90.0, Input=  84.1, Error=   5.9, PIDTerms= 0.071/ 0.000/ 0.006/ 0.000, Output= 0.078(-0.700/0.700), Volt=11.3(10.0)
GlobalTracer.startCompetition_Warn: AUTO_MODE takes too long (0.145s)

GlobalTracer.printPidInfo_Info: [3.493] encoderXPidCtrl: Target=   0.3, Input=   0.4, Error=  -0.1, PIDTerms=-0.021/ 0.000/ 0.018/ 0.000, Output=-0.003(-0.700/0.700), Volt=11.4(10.0)
GlobalTracer.printPidInfo_Info: [3.493] encoderYPidCtrl: Target= 235.2, Input=  52.0, Error= 183.1, PIDTerms= 5.494/ 0.000/-0.047/ 0.000, Output= 0.600(-0.600/0.600), Volt=11.4(10.0)
GlobalTracer.printPidInfo_Info: [3.493] gyroTurnPidCtrl: Target=  90.0, Input=  84.4, Error=   5.6, PIDTerms= 0.067/ 0.000/-0.003/ 0.000, Output= 0.065(-0.700/0.700), Volt=11.4(10.0)
GlobalTracer.printPidInfo_Info: [3.580] encoderXPidCtrl: Target=   0.3, Input=   0.5, Error=  -0.3, PIDTerms=-0.038/ 0.000/-0.014/ 0.000, Output=-0.053(-0.700/0.700), Volt=11.5(10.0)
GlobalTracer.printPidInfo_Info: [3.580] encoderYPidCtrl: Target= 235.2, Input=  63.3, Error= 171.8, PIDTerms= 5.155/ 0.000/-0.096/ 0.000, Output= 0.600(-0.600/0.600), Volt=11.5(10.0)
GlobalTracer.printPidInfo_Info: [3.580] gyroTurnPidCtrl: Target=  90.0, Input=  85.9, Error=   4.1, PIDTerms= 0.049/ 0.000/-0.013/ 0.000, Output= 0.036(-0.700/0.700), Volt=11.5(10.0)
GlobalTracer.printPidInfo_Info: [3.672] encoderXPidCtrl: Target=   0.3, Input=   1.0, Error=  -0.7, PIDTerms=-0.109/ 0.000/-0.108/ 0.000, Output=-0.217(-0.700/0.700), Volt=11.2(10.0)
GlobalTracer.printPidInfo_Info: [3.672] encoderYPidCtrl: Target= 235.2, Input=  70.7, Error= 164.5, PIDTerms= 4.935/ 0.000/-0.113/ 0.000, Output= 0.600(-0.600/0.600), Volt=11.2(10.0)
GlobalTracer.printPidInfo_Info: [3.672] gyroTurnPidCtrl: Target=  90.0, Input=  87.1, Error=   2.9, PIDTerms= 0.035/ 0.000/-0.018/ 0.000, Output= 0.017(-0.700/0.700), Volt=11.2(10.0)
GlobalTracer.startCompetition_Warn: AUTO_MODE takes too long (0.104s)

GlobalTracer.printPidInfo_Info: [3.779] encoderXPidCtrl: Target=   0.3, Input=   1.1, Error=  -0.9, PIDTerms=-0.132/ 0.000/-0.019/ 0.000, Output=-0.151(-0.700/0.700), Volt=11.5(10.0)
GlobalTracer.printPidInfo_Info: [3.779] encoderYPidCtrl: Target= 235.2, Input=  78.1, Error= 157.0, PIDTerms= 4.711/ 0.000/-0.061/ 0.000, Output= 0.600(-0.600/0.600), Volt=11.5(10.0)
GlobalTracer.printPidInfo_Info: [3.779] gyroTurnPidCtrl: Target=  90.0, Input=  87.9, Error=   2.1, PIDTerms= 0.026/ 0.000/-0.006/ 0.000, Output= 0.020(-0.700/0.700), Volt=11.5(10.0)
GlobalTracer.printPidInfo_Info: [3.845] encoderXPidCtrl: Target=   0.3, Input=   0.1, Error=   0.1, PIDTerms= 0.018/ 0.000/ 0.204/ 0.000, Output= 0.222(-0.700/0.700), Volt=11.5(10.0)
GlobalTracer.printPidInfo_Info: [3.845] encoderYPidCtrl: Target= 235.2, Input=  88.4, Error= 146.7, PIDTerms= 4.402/ 0.000/-0.140/ 0.000, Output= 0.600(-0.600/0.600), Volt=11.6(10.0)
GlobalTracer.printPidInfo_Info: [3.845] gyroTurnPidCtrl: Target=  90.0, Input=  88.5, Error=   1.5, PIDTerms= 0.018/ 0.000/-0.009/ 0.000, Output= 0.009(-0.700/0.700), Volt=11.6(10.0)
GlobalTracer.printPidInfo_Info: [3.944] encoderXPidCtrl: Target=   0.3, Input=  -0.0, Error=   0.3, PIDTerms= 0.046/ 0.000/ 0.028/ 0.000, Output= 0.074(-0.700/0.700), Volt=11.8(10.0)
GlobalTracer.printPidInfo_Info: [3.944] encoderYPidCtrl: Target= 235.2, Input=  94.0, Error= 141.2, PIDTerms= 4.235/ 0.000/-0.057/ 0.000, Output= 0.600(-0.600/0.600), Volt=11.8(10.0)
GlobalTracer.printPidInfo_Info: [3.944] gyroTurnPidCtrl: Target=  90.0, Input=  88.8, Error=   1.2, PIDTerms= 0.015/ 0.000/-0.002/ 0.000, Output= 0.012(-0.700/0.700), Volt=11.8(10.0)
GlobalTracer.printPidInfo_Info: [4.029] encoderXPidCtrl: Target=   0.3, Input=   0.6, Error=  -0.4, PIDTerms=-0.054/ 0.000/-0.138/ 0.000, Output=-0.192(-0.700/0.700), Volt=11.5(10.0)
GlobalTracer.printPidInfo_Info: [4.029] encoderYPidCtrl: Target= 235.2, Input= 103.9, Error= 131.2, PIDTerms= 3.936/ 0.000/-0.137/ 0.000, Output= 0.600(-0.600/0.600), Volt=11.5(10.0)
GlobalTracer.printPidInfo_Info: [4.029] gyroTurnPidCtrl: Target=  90.0, Input=  88.8, Error=   1.3, PIDTerms= 0.015/ 0.000/ 0.000/ 0.000, Output= 0.015(-0.700/0.700), Volt=11.5(10.0)
GlobalTracer.printPidInfo_Info: [4.117] encoderXPidCtrl: Target=   0.3, Input=   0.7, Error=  -0.5, PIDTerms=-0.072/ 0.000/-0.016/ 0.000, Output=-0.088(-0.700/0.700), Volt=11.7(10.0)
GlobalTracer.printPidInfo_Info: [4.117] encoderYPidCtrl: Target= 235.2, Input= 111.9, Error= 123.3, PIDTerms= 3.698/ 0.000/-0.073/ 0.000, Output= 0.600(-0.600/0.600), Volt=11.7(10.0)
GlobalTracer.printPidInfo_Info: [4.117] gyroTurnPidCtrl: Target=  90.0, Input=  88.6, Error=   1.4, PIDTerms= 0.017/ 0.000/ 0.001/ 0.000, Output= 0.018(-0.700/0.700), Volt=11.7(10.0)
GlobalTracer.printPidInfo_Info: [4.203] encoderXPidCtrl: Target=   0.3, Input=   0.3, Error=  -0.0, PIDTerms=-0.007/ 0.000/ 0.103/ 0.000, Output= 0.096(-0.700/0.700), Volt=11.9(10.0)
GlobalTracer.printPidInfo_Info: [4.203] encoderYPidCtrl: Target= 235.2, Input= 121.7, Error= 113.5, PIDTerms= 3.404/ 0.000/-0.156/ 0.000, Output= 0.600(-0.600/0.600), Volt=11.9(10.0)
GlobalTracer.printPidInfo_Info: [4.203] gyroTurnPidCtrl: Target=  90.0, Input=  88.5, Error=   1.5, PIDTerms= 0.018/ 0.000/ 0.002/ 0.000, Output= 0.020(-0.700/0.700), Volt=11.9(10.0)
GlobalTracer.printPidInfo_Info: [4.295] encoderXPidCtrl: Target=   0.3, Input=   0.4, Error=  -0.1, PIDTerms=-0.016/ 0.000/-0.009/ 0.000, Output=-0.025(-0.700/0.700), Volt=11.9(10.0)
GlobalTracer.printPidInfo_Info: [4.295] encoderYPidCtrl: Target= 235.2, Input= 129.7, Error= 105.5, PIDTerms= 3.164/ 0.000/-0.082/ 0.000, Output= 0.600(-0.600/0.600), Volt=11.9(10.0)
GlobalTracer.printPidInfo_Info: [4.295] gyroTurnPidCtrl: Target=  90.0, Input=  88.6, Error=   1.4, PIDTerms= 0.017/ 0.000/-0.001/ 0.000, Output= 0.016(-0.700/0.700), Volt=11.9(10.0)
GlobalTracer.printPidInfo_Info: [4.369] encoderXPidCtrl: Target=   0.3, Input=   0.3, Error=   0.0, PIDTerms= 0.001/ 0.000/ 0.019/ 0.000, Output= 0.020(-0.700/0.700), Volt=11.9(10.0)
GlobalTracer.printPidInfo_Info: [4.369] encoderYPidCtrl: Target= 235.2, Input= 139.5, Error=  95.7, PIDTerms= 2.870/ 0.000/-0.112/ 0.000, Output= 0.600(-0.600/0.600), Volt=11.9(10.0)
GlobalTracer.printPidInfo_Info: [4.369] gyroTurnPidCtrl: Target=  90.0, Input=  88.6, Error=   1.4, PIDTerms= 0.017/ 0.000/ 0.000/ 0.000, Output= 0.017(-0.700/0.700), Volt=11.9(10.0)
GlobalTracer.printPidInfo_Info: [4.451] encoderXPidCtrl: Target=   0.3, Input=   0.7, Error=  -0.4, PIDTerms=-0.063/ 0.000/-0.088/ 0.000, Output=-0.151(-0.700/0.700), Volt=11.7(10.0)
GlobalTracer.printPidInfo_Info: [4.451] encoderYPidCtrl: Target= 235.2, Input= 146.2, Error=  89.0, PIDTerms= 2.670/ 0.000/-0.093/ 0.000, Output= 0.600(-0.600/0.600), Volt=11.7(10.0)
GlobalTracer.printPidInfo_Info: [4.451] gyroTurnPidCtrl: Target=  90.0, Input=  88.6, Error=   1.4, PIDTerms= 0.017/ 0.000/-0.000/ 0.000, Output= 0.017(-0.700/0.700), Volt=11.7(10.0)
GlobalTracer.printPidInfo_Info: [4.513] encoderXPidCtrl: Target=   0.3, Input=   0.8, Error=  -0.5, PIDTerms=-0.074/ 0.000/-0.016/ 0.000, Output=-0.091(-0.700/0.700), Volt=11.8(10.0)
GlobalTracer.printPidInfo_Info: [4.513] encoderYPidCtrl: Target= 235.2, Input= 154.5, Error=  80.6, PIDTerms= 2.418/ 0.000/-0.118/ 0.000, Output= 0.600(-0.600/0.600), Volt=11.8(10.0)
GlobalTracer.printPidInfo_Info: [4.513] gyroTurnPidCtrl: Target=  90.0, Input=  88.6, Error=   1.4, PIDTerms= 0.016/ 0.000/-0.000/ 0.000, Output= 0.016(-0.700/0.700), Volt=11.8(10.0)
GlobalTracer.startCompetition_Warn: AUTO_MODE takes too long (0.156s)

GlobalTracer.printPidInfo_Info: [4.669] encoderXPidCtrl: Target=   0.3, Input=   0.6, Error=  -0.3, PIDTerms=-0.049/ 0.000/ 0.023/ 0.000, Output=-0.026(-0.700/0.700), Volt=12.0(10.0)
GlobalTracer.printPidInfo_Info: [4.669] encoderYPidCtrl: Target= 235.2, Input= 161.8, Error=  73.4, PIDTerms= 2.202/ 0.000/-0.063/ 0.000, Output= 0.600(-0.600/0.600), Volt=12.0(10.0)
GlobalTracer.printPidInfo_Info: [4.669] gyroTurnPidCtrl: Target=  90.0, Input=  88.6, Error=   1.4, PIDTerms= 0.016/ 0.000/-0.000/ 0.000, Output= 0.016(-0.700/0.700), Volt=12.0(10.0)
GlobalTracer.printPidInfo_Info: [4.744] encoderXPidCtrl: Target=   0.3, Input=   0.3, Error=  -0.1, PIDTerms=-0.010/ 0.000/ 0.034/ 0.000, Output= 0.025(-0.700/0.700), Volt=11.9(10.0)
GlobalTracer.printPidInfo_Info: [4.744] encoderYPidCtrl: Target= 235.2, Input= 177.5, Error=  57.6, PIDTerms= 1.729/ 0.000/-0.138/ 0.000, Output= 0.600(-0.600/0.600), Volt=11.9(10.0)
GlobalTracer.printPidInfo_Info: [4.744] gyroTurnPidCtrl: Target=  90.0, Input=  88.8, Error=   1.2, PIDTerms= 0.014/ 0.000/-0.002/ 0.000, Output= 0.012(-0.700/0.700), Volt=11.9(10.0)
GlobalTracer.printPidInfo_Info: [4.809] encoderXPidCtrl: Target=   0.3, Input=   0.4, Error=  -0.1, PIDTerms=-0.019/ 0.000/-0.013/ 0.000, Output=-0.032(-0.700/0.700), Volt=11.9(10.0)
GlobalTracer.printPidInfo_Info: [4.809] encoderYPidCtrl: Target= 235.2, Input= 185.9, Error=  49.2, PIDTerms= 1.477/ 0.000/-0.117/ 0.000, Output= 0.600(-0.600/0.600), Volt=12.0(10.0)
GlobalTracer.printPidInfo_Info: [4.809] gyroTurnPidCtrl: Target=  90.0, Input=  88.9, Error=   1.1, PIDTerms= 0.014/ 0.000/-0.000/ 0.000, Output= 0.013(-0.700/0.700), Volt=12.0(10.0)
GlobalTracer.startCompetition_Warn: AUTO_MODE takes too long (0.156s)

GlobalTracer.printPidInfo_Info: [4.967] encoderXPidCtrl: Target=   0.3, Input=   0.5, Error=  -0.3, PIDTerms=-0.038/ 0.000/-0.016/ 0.000, Output=-0.054(-0.700/0.700), Volt=11.9(10.0)
GlobalTracer.printPidInfo_Info: [4.967] encoderYPidCtrl: Target= 235.2, Input= 192.4, Error=  42.8, PIDTerms= 1.284/ 0.000/-0.056/ 0.000, Output= 0.600(-0.600/0.600), Volt=11.9(10.0)
GlobalTracer.printPidInfo_Info: [4.967] gyroTurnPidCtrl: Target=  90.0, Input=  88.8, Error=   1.2, PIDTerms= 0.014/ 0.000/ 0.000/ 0.000, Output= 0.015(-0.700/0.700), Volt=11.9(10.0)
GlobalTracer.startCompetition_Warn: AUTO_MODE takes too long (0.108s)

GlobalTracer.printPidInfo_Info: [5.078] encoderXPidCtrl: Target=   0.3, Input=   0.9, Error=  -0.7, PIDTerms=-0.098/ 0.000/-0.044/ 0.000, Output=-0.142(-0.700/0.700), Volt=11.8(10.0)
GlobalTracer.printPidInfo_Info: [5.078] encoderYPidCtrl: Target= 235.2, Input= 209.9, Error=  25.3, PIDTerms= 0.758/ 0.000/-0.128/ 0.000, Output= 0.600(-0.600/0.600), Volt=11.8(10.0)
GlobalTracer.printPidInfo_Info: [5.078] gyroTurnPidCtrl: Target=  90.0, Input=  88.8, Error=   1.2, PIDTerms= 0.014/ 0.000/-0.000/ 0.000, Output= 0.014(-0.700/0.700), Volt=11.8(10.0)
GlobalTracer.printPidInfo_Info: [5.166] encoderXPidCtrl: Target=   0.3, Input=   0.4, Error=  -0.2, PIDTerms=-0.027/ 0.000/ 0.069/ 0.000, Output= 0.043(-0.700/0.700), Volt=12.6(10.0)
GlobalTracer.printPidInfo_Info: [5.166] encoderYPidCtrl: Target= 235.2, Input= 222.3, Error=  12.9, PIDTerms= 0.387/ 0.000/-0.120/ 0.000, Output= 0.267(-0.600/0.600), Volt=12.6(10.0)
GlobalTracer.printPidInfo_Info: [5.166] gyroTurnPidCtrl: Target=  90.0, Input=  88.8, Error=   1.2, PIDTerms= 0.014/ 0.000/-0.000/ 0.000, Output= 0.014(-0.700/0.700), Volt=12.6(10.0)
GlobalTracer.printPidInfo_Info: [5.240] encoderXPidCtrl: Target=   0.3, Input=   0.1, Error=   0.1, PIDTerms= 0.020/ 0.000/ 0.075/ 0.000, Output= 0.095(-0.700/0.700), Volt=12.4(10.0)
GlobalTracer.printPidInfo_Info: [5.240] encoderYPidCtrl: Target= 235.2, Input= 230.6, Error=   4.6, PIDTerms= 0.137/ 0.000/-0.133/ 0.000, Output= 0.004(-0.600/0.600), Volt=12.4(10.0)
GlobalTracer.printPidInfo_Info: [5.240] gyroTurnPidCtrl: Target=  90.0, Input=  88.9, Error=   1.1, PIDTerms= 0.013/ 0.000/-0.001/ 0.000, Output= 0.012(-0.700/0.700), Volt=12.4(10.0)
GlobalTracer.printPidInfo_Info: [5.332] encoderXPidCtrl: Target=   0.3, Input=   0.2, Error=   0.1, PIDTerms= 0.008/ 0.000/-0.012/ 0.000, Output=-0.003(-0.700/0.700), Volt=12.1(10.0)
GlobalTracer.printPidInfo_Info: [5.332] encoderYPidCtrl: Target= 235.2, Input= 237.3, Error=  -2.2, PIDTerms=-0.065/ 0.000/-0.067/ 0.000, Output=-0.132(-0.600/0.600), Volt=12.1(10.0)
GlobalTracer.printPidInfo_Info: [5.332] gyroTurnPidCtrl: Target=  90.0, Input=  89.0, Error=   1.0, PIDTerms= 0.012/ 0.000/-0.001/ 0.000, Output= 0.010(-0.700/0.700), Volt=12.1(10.0)
GlobalTracer.printPidInfo_Info: [5.414] encoderXPidCtrl: Target=   0.3, Input=   0.2, Error=   0.0, PIDTerms= 0.007/ 0.000/-0.002/ 0.000, Output= 0.004(-0.700/0.700), Volt=11.3(10.0)
GlobalTracer.printPidInfo_Info: [5.414] encoderYPidCtrl: Target= 235.2, Input= 242.1, Error=  -7.0, PIDTerms=-0.210/ 0.000/-0.077/ 0.000, Output=-0.286(-0.600/0.600), Volt=11.4(10.0)
GlobalTracer.printPidInfo_Info: [5.414] gyroTurnPidCtrl: Target=  90.0, Input=  89.1, Error=   0.9, PIDTerms= 0.011/ 0.000/-0.000/ 0.000, Output= 0.011(-0.700/0.700), Volt=11.4(10.0)
GlobalTracer.printPidInfo_Info: [5.493] encoderXPidCtrl: Target=   0.3, Input=  -0.6, Error=   0.9, PIDTerms= 0.133/ 0.000/ 0.120/ 0.000, Output= 0.254(-0.700/0.700), Volt=10.7(10.0)
GlobalTracer.printPidInfo_Info: [5.493] encoderYPidCtrl: Target= 235.2, Input= 245.5, Error= -10.3, PIDTerms=-0.310/ 0.000/-0.032/ 0.000, Output=-0.341(-0.600/0.600), Volt=10.8(10.0)
GlobalTracer.printPidInfo_Info: [5.493] gyroTurnPidCtrl: Target=  90.0, Input=  88.4, Error=   1.6, PIDTerms= 0.019/ 0.000/ 0.006/ 0.000, Output= 0.025(-0.700/0.700), Volt=10.8(10.0)
GlobalTracer.printPidInfo_Info: [5.561] encoderXPidCtrl: Target=   0.3, Input=  -1.0, Error=   1.2, PIDTerms= 0.186/ 0.000/ 0.094/ 0.000, Output= 0.281(-0.700/0.700), Volt=10.6(10.0)
GlobalTracer.printPidInfo_Info: [5.561] encoderYPidCtrl: Target= 235.2, Input= 246.8, Error= -11.7, PIDTerms=-0.350/ 0.000/-0.024/ 0.000, Output=-0.374(-0.600/0.600), Volt=10.5(10.0)
GlobalTracer.printPidInfo_Info: [5.561] gyroTurnPidCtrl: Target=  90.0, Input=  87.4, Error=   2.6, PIDTerms= 0.031/ 0.000/ 0.018/ 0.000, Output= 0.050(-0.700/0.700), Volt=10.5(10.0)
GlobalTracer.printPidInfo_Info: [5.653] encoderXPidCtrl: Target=   0.3, Input=  -1.0, Error=   1.3, PIDTerms= 0.196/ 0.000/ 0.010/ 0.000, Output= 0.205(-0.700/0.700), Volt=10.6(10.0)
GlobalTracer.printPidInfo_Info: [5.653] encoderYPidCtrl: Target= 235.2, Input= 247.2, Error= -12.1, PIDTerms=-0.363/ 0.000/-0.005/ 0.000, Output=-0.367(-0.600/0.600), Volt=10.6(10.0)
GlobalTracer.printPidInfo_Info: [5.653] gyroTurnPidCtrl: Target=  90.0, Input=  86.3, Error=   3.7, PIDTerms= 0.044/ 0.000/ 0.011/ 0.000, Output= 0.055(-0.700/0.700), Volt=10.6(10.0)
GlobalTracer.printPidInfo_Info: [5.727] encoderXPidCtrl: Target=   0.3, Input=  -0.9, Error=   1.1, PIDTerms= 0.171/ 0.000/-0.033/ 0.000, Output= 0.138(-0.700/0.700), Volt=11.0(10.0)
GlobalTracer.printPidInfo_Info: [5.727] encoderYPidCtrl: Target= 235.2, Input= 247.5, Error= -12.3, PIDTerms=-0.369/ 0.000/-0.003/ 0.000, Output=-0.372(-0.600/0.600), Volt=11.0(10.0)
GlobalTracer.printPidInfo_Info: [5.727] gyroTurnPidCtrl: Target=  90.0, Input=  85.7, Error=   4.3, PIDTerms= 0.051/ 0.000/ 0.008/ 0.000, Output= 0.059(-0.700/0.700), Volt=11.0(10.0)
GlobalTracer.printPidInfo_Info: [5.812] encoderXPidCtrl: Target=   0.3, Input=  -0.8, Error=   1.0, PIDTerms= 0.153/ 0.000/-0.019/ 0.000, Output= 0.134(-0.700/0.700), Volt=11.3(10.0)
GlobalTracer.printPidInfo_Info: [5.812] encoderYPidCtrl: Target= 235.2, Input= 247.1, Error= -11.9, PIDTerms=-0.358/ 0.000/ 0.004/ 0.000, Output=-0.354(-0.600/0.600), Volt=11.4(10.0)
GlobalTracer.printPidInfo_Info: [5.812] gyroTurnPidCtrl: Target=  90.0, Input=  85.9, Error=   4.1, PIDTerms= 0.049/ 0.000/-0.002/ 0.000, Output= 0.047(-0.700/0.700), Volt=11.4(10.0)
GlobalTracer.printPidInfo_Info: [5.904] encoderXPidCtrl: Target=   0.3, Input=  -0.7, Error=   0.9, PIDTerms= 0.139/ 0.000/-0.020/ 0.000, Output= 0.119(-0.700/0.700), Volt=11.6(10.0)
GlobalTracer.printPidInfo_Info: [5.904] encoderYPidCtrl: Target= 235.2, Input= 246.3, Error= -11.1, PIDTerms=-0.334/ 0.000/ 0.011/ 0.000, Output=-0.323(-0.600/0.600), Volt=11.6(10.0)
GlobalTracer.printPidInfo_Info: [5.904] gyroTurnPidCtrl: Target=  90.0, Input=  86.2, Error=   3.8, PIDTerms= 0.046/ 0.000/-0.004/ 0.000, Output= 0.042(-0.700/0.700), Volt=11.6(10.0)
GlobalTracer.printPidInfo_Info: [5.992] encoderXPidCtrl: Target=   0.3, Input=  -0.6, Error=   0.8, PIDTerms= 0.126/ 0.000/-0.013/ 0.000, Output= 0.113(-0.700/0.700), Volt=11.9(10.0)
GlobalTracer.printPidInfo_Info: [5.992] encoderYPidCtrl: Target= 235.2, Input= 244.1, Error=  -8.9, PIDTerms=-0.268/ 0.000/ 0.021/ 0.000, Output=-0.247(-0.600/0.600), Volt=11.9(10.0)
GlobalTracer.printPidInfo_Info: [5.992] gyroTurnPidCtrl: Target=  90.0, Input=  86.9, Error=   3.1, PIDTerms= 0.037/ 0.000/-0.007/ 0.000, Output= 0.031(-0.700/0.700), Volt=11.9(10.0)
GlobalTracer.printPidInfo_Info: [6.077] encoderXPidCtrl: Target=   0.3, Input=  -0.6, Error=   0.9, PIDTerms= 0.131/ 0.000/ 0.008/ 0.000, Output= 0.139(-0.700/0.700), Volt=12.2(10.0)
GlobalTracer.printPidInfo_Info: [6.077] encoderYPidCtrl: Target= 235.2, Input= 241.7, Error=  -6.6, PIDTerms=-0.197/ 0.000/ 0.037/ 0.000, Output=-0.160(-0.600/0.600), Volt=12.2(10.0)
GlobalTracer.printPidInfo_Info: [6.077] gyroTurnPidCtrl: Target=  90.0, Input=  87.6, Error=   2.4, PIDTerms= 0.029/ 0.000/-0.011/ 0.000, Output= 0.019(-0.700/0.700), Volt=12.2(10.0)
GlobalTracer.printPidInfo_Info: [6.168] encoderXPidCtrl: Target=   0.3, Input=  -0.3, Error=   0.5, PIDTerms= 0.079/ 0.000/-0.047/ 0.000, Output= 0.032(-0.700/0.700), Volt=12.4(10.0)
GlobalTracer.printPidInfo_Info: [6.168] encoderYPidCtrl: Target= 235.2, Input= 239.0, Error=  -3.8, PIDTerms=-0.115/ 0.000/ 0.024/ 0.000, Output=-0.091(-0.600/0.600), Volt=12.4(10.0)
GlobalTracer.printPidInfo_Info: [6.168] gyroTurnPidCtrl: Target=  90.0, Input=  88.3, Error=   1.7, PIDTerms= 0.020/ 0.000/-0.007/ 0.000, Output= 0.013(-0.700/0.700), Volt=12.4(10.0)
GlobalTracer.printPidInfo_Info: [6.250] encoderXPidCtrl: Target=   0.3, Input=  -0.1, Error=   0.4, PIDTerms= 0.053/ 0.000/-0.039/ 0.000, Output= 0.014(-0.700/0.700), Volt=12.4(10.0)
GlobalTracer.printPidInfo_Info: [6.250] encoderYPidCtrl: Target= 235.2, Input= 236.8, Error=  -1.7, PIDTerms=-0.050/ 0.000/ 0.032/ 0.000, Output=-0.018(-0.600/0.600), Volt=12.4(10.0)
GlobalTracer.printPidInfo_Info: [6.250] gyroTurnPidCtrl: Target=  90.0, Input=  89.0, Error=   1.0, PIDTerms= 0.012/ 0.000/-0.010/ 0.000, Output= 0.003(-0.700/0.700), Volt=12.4(10.0)
GlobalTracer.startCompetition_Warn: AUTO_MODE takes too long (0.102s)

GlobalTracer.printPidInfo_Info: [6.353] encoderXPidCtrl: Target=   0.3, Input=  -0.0, Error=   0.3, PIDTerms= 0.046/ 0.000/-0.006/ 0.000, Output= 0.040(-0.700/0.700), Volt=12.4(10.0)
GlobalTracer.printPidInfo_Info: [6.353] encoderYPidCtrl: Target= 235.2, Input= 235.0, Error=   0.2, PIDTerms= 0.006/ 0.000/ 0.017/ 0.000, Output= 0.023(-0.600/0.600), Volt=12.4(10.0)
GlobalTracer.printPidInfo_Info: [6.353] gyroTurnPidCtrl: Target=  90.0, Input=  89.3, Error=   0.7, PIDTerms= 0.008/ 0.000/-0.003/ 0.000, Output= 0.005(-0.700/0.700), Volt=12.4(10.0)
GlobalTracer.printPidInfo_Info: [6.433] encoderXPidCtrl: Target=   0.3, Input=  -0.0, Error=   0.3, PIDTerms= 0.042/ 0.000/-0.006/ 0.000, Output= 0.037(-0.700/0.700), Volt=12.3(10.0)
GlobalTracer.printPidInfo_Info: [6.433] encoderYPidCtrl: Target= 235.2, Input= 233.1, Error=   2.0, PIDTerms= 0.061/ 0.000/ 0.026/ 0.000, Output= 0.088(-0.600/0.600), Volt=12.3(10.0)
GlobalTracer.printPidInfo_Info: [6.433] gyroTurnPidCtrl: Target=  90.0, Input=  89.4, Error=   0.6, PIDTerms= 0.007/ 0.000/-0.001/ 0.000, Output= 0.006(-0.700/0.700), Volt=12.3(10.0)
GlobalTracer.printPidInfo_Info: [6.513] encoderXPidCtrl: Target=   0.3, Input=   0.1, Error=   0.2, PIDTerms= 0.027/ 0.000/-0.015/ 0.000, Output= 0.013(-0.700/0.700), Volt=12.3(10.0)
GlobalTracer.printPidInfo_Info: [6.513] encoderYPidCtrl: Target= 235.2, Input= 232.2, Error=   2.9, PIDTerms= 0.088/ 0.000/ 0.009/ 0.000, Output= 0.096(-0.600/0.600), Volt=12.3(10.0)
GlobalTracer.printPidInfo_Info: [6.513] gyroTurnPidCtrl: Target=  90.0, Input=  89.4, Error=   0.6, PIDTerms= 0.008/ 0.000/ 0.000/ 0.000, Output= 0.008(-0.700/0.700), Volt=12.3(10.0)
GlobalTracer.printPidInfo_Info: [6.572] encoderXPidCtrl: Target=   0.3, Input=   0.1, Error=   0.2, PIDTerms= 0.028/ 0.000/ 0.002/ 0.000, Output= 0.030(-0.700/0.700), Volt=12.3(10.0)
GlobalTracer.printPidInfo_Info: [6.572] encoderYPidCtrl: Target= 235.2, Input= 231.9, Error=   3.3, PIDTerms= 0.098/ 0.000/ 0.005/ 0.000, Output= 0.103(-0.600/0.600), Volt=12.3(10.0)
GlobalTracer.printPidInfo_Info: [6.572] gyroTurnPidCtrl: Target=  90.0, Input=  89.5, Error=   0.5, PIDTerms= 0.006/ 0.000/-0.003/ 0.000, Output= 0.003(-0.700/0.700), Volt=12.3(10.0)
GlobalTracer.printPidInfo_Info: [6.651] encoderXPidCtrl: Target=   0.3, Input=   0.1, Error=   0.2, PIDTerms= 0.025/ 0.000/-0.004/ 0.000, Output= 0.021(-0.700/0.700), Volt=12.3(10.0)
GlobalTracer.printPidInfo_Info: [6.651] encoderYPidCtrl: Target= 235.2, Input= 231.9, Error=   3.2, PIDTerms= 0.097/ 0.000/-0.000/ 0.000, Output= 0.096(-0.600/0.600), Volt=12.3(10.0)
GlobalTracer.printPidInfo_Info: [6.651] gyroTurnPidCtrl: Target=  90.0, Input=  89.7, Error=   0.3, PIDTerms= 0.004/ 0.000/-0.002/ 0.000, Output= 0.002(-0.700/0.700), Volt=12.3(10.0)
GlobalTracer.printPidInfo_Info: [6.714] encoderXPidCtrl: Target=   0.3, Input=   0.1, Error=   0.2, PIDTerms= 0.025/ 0.000/-0.001/ 0.000, Output= 0.024(-0.700/0.700), Volt=12.4(10.0)
GlobalTracer.printPidInfo_Info: [6.714] encoderYPidCtrl: Target= 235.2, Input= 232.2, Error=   3.0, PIDTerms= 0.090/ 0.000/-0.003/ 0.000, Output= 0.087(-0.600/0.600), Volt=12.3(10.0)
GlobalTracer.printPidInfo_Info: [6.714] gyroTurnPidCtrl: Target=  90.0, Input=  89.7, Error=   0.3, PIDTerms= 0.004/ 0.000/ 0.000/ 0.000, Output= 0.004(-0.700/0.700), Volt=12.3(10.0)
GlobalTracer.printPidInfo_Info: [6.801] encoderXPidCtrl: Target=   0.3, Input=   0.1, Error=   0.2, PIDTerms= 0.025/ 0.000/ 0.001/ 0.000, Output= 0.026(-0.700/0.700), Volt=12.4(10.0)
GlobalTracer.printPidInfo_Info: [6.801] encoderYPidCtrl: Target= 235.2, Input= 232.5, Error=   2.7, PIDTerms= 0.081/ 0.000/-0.004/ 0.000, Output= 0.077(-0.600/0.600), Volt=12.4(10.0)
GlobalTracer.printPidInfo_Info: [6.801] gyroTurnPidCtrl: Target=  90.0, Input=  89.6, Error=   0.4, PIDTerms= 0.004/ 0.000/ 0.000/ 0.000, Output= 0.004(-0.700/0.700), Volt=12.4(10.0)
GlobalTracer.printPidInfo_Info: [6.859] encoderXPidCtrl: Target=   0.3, Input=   0.1, Error=   0.2, PIDTerms= 0.024/ 0.000/-0.001/ 0.000, Output= 0.023(-0.700/0.700), Volt=12.4(10.0)
GlobalTracer.printPidInfo_Info: [6.859] encoderYPidCtrl: Target= 235.2, Input= 232.8, Error=   2.3, PIDTerms= 0.070/ 0.000/-0.005/ 0.000, Output= 0.065(-0.600/0.600), Volt=12.4(10.0)
GlobalTracer.printPidInfo_Info: [6.859] gyroTurnPidCtrl: Target=  90.0, Input=  89.5, Error=   0.5, PIDTerms= 0.006/ 0.000/ 0.002/ 0.000, Output= 0.008(-0.700/0.700), Volt=12.4(10.0)
GlobalTracer.printPidInfo_Info: [6.950] encoderXPidCtrl: Target=   0.3, Input=   0.1, Error=   0.2, PIDTerms= 0.023/ 0.000/-0.001/ 0.000, Output= 0.022(-0.700/0.700), Volt=12.5(10.0)
GlobalTracer.printPidInfo_Info: [6.950] encoderYPidCtrl: Target= 235.2, Input= 233.1, Error=   2.1, PIDTerms= 0.062/ 0.000/-0.003/ 0.000, Output= 0.058(-0.600/0.600), Volt=12.5(10.0)
GlobalTracer.printPidInfo_Info: [6.950] gyroTurnPidCtrl: Target=  90.0, Input=  89.4, Error=   0.6, PIDTerms= 0.007/ 0.000/ 0.001/ 0.000, Output= 0.008(-0.700/0.700), Volt=12.5(10.0)
GlobalTracer.printPidInfo_Info: [7.026] encoderXPidCtrl: Target=   0.3, Input=   0.1, Error=   0.1, PIDTerms= 0.022/ 0.000/-0.002/ 0.000, Output= 0.020(-0.700/0.700), Volt=12.4(10.0)
GlobalTracer.printPidInfo_Info: [7.026] encoderYPidCtrl: Target= 235.2, Input= 233.5, Error=   1.7, PIDTerms= 0.050/ 0.000/-0.006/ 0.000, Output= 0.044(-0.600/0.600), Volt=12.5(10.0)
GlobalTracer.printPidInfo_Info: [7.026] gyroTurnPidCtrl: Target=  90.0, Input=  89.4, Error=   0.6, PIDTerms= 0.007/ 0.000/ 0.001/ 0.000, Output= 0.008(-0.700/0.700), Volt=12.5(10.0)
GlobalTracer.printPidInfo_Info: [7.098] encoderXPidCtrl: Target=   0.3, Input=   0.2, Error=   0.1, PIDTerms= 0.014/ 0.000/-0.010/ 0.000, Output= 0.004(-0.700/0.700), Volt=12.4(10.0)
GlobalTracer.printPidInfo_Info: [7.098] encoderYPidCtrl: Target= 235.2, Input= 233.9, Error=   1.3, PIDTerms= 0.038/ 0.000/-0.005/ 0.000, Output= 0.034(-0.600/0.600), Volt=12.4(10.0)
GlobalTracer.printPidInfo_Info: [7.098] gyroTurnPidCtrl: Target=  90.0, Input=  89.6, Error=   0.4, PIDTerms= 0.005/ 0.000/-0.002/ 0.000, Output= 0.003(-0.700/0.700), Volt=12.4(10.0)
GlobalTracer.Robot_Info: [7.165] TURN_NORTH: xPos=  0.17,yPos=234.13,heading=  89.8/   0.0,volts=12.5(10.0)
GlobalTracer.printPidInfo_Info: [7.165] encoderXPidCtrl: Target=   0.2, Input=   0.2, Error=   0.0, PIDTerms= 0.012/ 0.000/-0.002/ 0.000, Output= 0.000(-0.700/0.700), Volt=12.5(10.0)
GlobalTracer.printPidInfo_Info: [7.165] encoderYPidCtrl: Target= 234.1, Input= 234.1, Error=   0.0, PIDTerms= 0.032/ 0.000/-0.003/ 0.000, Output= 0.000(-0.600/0.600), Volt=12.4(10.0)
GlobalTracer.printPidInfo_Info: [7.165] gyroTurnPidCtrl: Target=   0.0, Input=  89.9, Error= -89.8, PIDTerms= 0.001/ 0.000/-0.005/ 0.000, Output= 0.000(-0.700/0.700), Volt=12.4(10.0)
GlobalTracer.printPidInfo_Info: [7.242] encoderXPidCtrl: Target=   0.2, Input=   0.2, Error=   0.0, PIDTerms= 0.000/ 0.000/ 0.000/ 0.000, Output= 0.000(-0.700/0.700), Volt=11.9(10.0)
GlobalTracer.printPidInfo_Info: [7.242] encoderYPidCtrl: Target= 234.1, Input= 234.1, Error=   0.0, PIDTerms= 0.000/ 0.000/ 0.000/ 0.000, Output= 0.000(-0.600/0.600), Volt=9.8(10.0)
GlobalTracer.printPidInfo_Info: [7.242] gyroTurnPidCtrl: Target=   0.0, Input=  89.8, Error= -89.8, PIDTerms=-1.078/ 0.000/ 0.000/ 0.000, Output=-0.700(-0.700/0.700), Volt=9.8(10.0)
GlobalTracer.printPidInfo_Info: [7.299] encoderXPidCtrl: Target=   0.2, Input=   0.2, Error=  -0.0, PIDTerms=-0.001/ 0.000/-0.002/ 0.000, Output=-0.003(-0.700/0.700), Volt=9.5(9.5)
GlobalTracer.printPidInfo_Info: [7.299] encoderYPidCtrl: Target= 234.1, Input= 234.0, Error=   0.1, PIDTerms= 0.003/ 0.000/ 0.002/ 0.000, Output= 0.005(-0.600/0.600), Volt=9.9(9.5)
GlobalTracer.printPidInfo_Info: [7.299] gyroTurnPidCtrl: Target=   0.0, Input=  89.8, Error= -89.8, PIDTerms=-1.077/ 0.000/ 0.001/ 0.000, Output=-0.700(-0.700/0.700), Volt=9.9(9.5)
GlobalTracer.printPidInfo_Info: [7.388] encoderXPidCtrl: Target=   0.2, Input=  -0.0, Error=   0.2, PIDTerms= 0.027/ 0.000/ 0.038/ 0.000, Output= 0.065(-0.700/0.700), Volt=10.3(9.5)
GlobalTracer.printPidInfo_Info: [7.388] encoderYPidCtrl: Target= 234.1, Input= 234.0, Error=   0.2, PIDTerms= 0.005/ 0.000/ 0.001/ 0.000, Output= 0.005(-0.600/0.600), Volt=10.6(9.5)
GlobalTracer.printPidInfo_Info: [7.388] gyroTurnPidCtrl: Target=   0.0, Input=  89.0, Error= -89.0, PIDTerms=-1.068/ 0.000/ 0.010/ 0.000, Output=-0.700(-0.700/0.700), Volt=10.6(9.5)
GlobalTracer.printPidInfo_Info: [7.471] encoderXPidCtrl: Target=   0.2, Input=  -0.3, Error=   0.5, PIDTerms= 0.072/ 0.000/ 0.057/ 0.000, Output= 0.129(-0.700/0.700), Volt=10.5(9.5)
GlobalTracer.printPidInfo_Info: [7.471] encoderYPidCtrl: Target= 234.1, Input= 233.7, Error=   0.4, PIDTerms= 0.012/ 0.000/ 0.003/ 0.000, Output= 0.015(-0.600/0.600), Volt=10.6(9.5)
GlobalTracer.printPidInfo_Info: [7.471] gyroTurnPidCtrl: Target=   0.0, Input=  82.3, Error= -82.3, PIDTerms=-0.987/ 0.000/ 0.084/ 0.000, Output=-0.700(-0.700/0.700), Volt=10.6(9.5)
GlobalTracer.printPidInfo_Info: [7.569] encoderXPidCtrl: Target=   0.2, Input=  -0.2, Error=   0.4, PIDTerms= 0.056/ 0.000/-0.017/ 0.000, Output= 0.038(-0.700/0.700), Volt=10.8(9.5)
GlobalTracer.printPidInfo_Info: [7.569] encoderYPidCtrl: Target= 234.1, Input= 233.9, Error=   0.3, PIDTerms= 0.008/ 0.000/-0.001/ 0.000, Output= 0.007(-0.600/0.600), Volt=10.9(9.5)
GlobalTracer.printPidInfo_Info: [7.569] gyroTurnPidCtrl: Target=   0.0, Input=  71.1, Error= -71.1, PIDTerms=-0.853/ 0.000/ 0.116/ 0.000, Output=-0.700(-0.700/0.700), Volt=10.9(9.5)
GlobalTracer.printPidInfo_Info: [7.650] encoderXPidCtrl: Target=   0.2, Input=   0.3, Error=  -0.2, PIDTerms=-0.025/ 0.000/-0.099/ 0.000, Output=-0.124(-0.700/0.700), Volt=11.6(9.5)
GlobalTracer.printPidInfo_Info: [7.650] encoderYPidCtrl: Target= 234.1, Input= 234.3, Error=  -0.2, PIDTerms=-0.006/ 0.000/-0.006/ 0.000, Output=-0.012(-0.600/0.600), Volt=11.6(9.5)
GlobalTracer.printPidInfo_Info: [7.650] gyroTurnPidCtrl: Target=   0.0, Input=  57.1, Error= -57.1, PIDTerms=-0.685/ 0.000/ 0.172/ 0.000, Output=-0.513(-0.700/0.700), Volt=11.6(9.5)
GlobalTracer.printPidInfo_Info: [7.733] encoderXPidCtrl: Target=   0.2, Input=   0.4, Error=  -0.3, PIDTerms=-0.039/ 0.000/-0.013/ 0.000, Output=-0.052(-0.700/0.700), Volt=12.2(9.5)
GlobalTracer.printPidInfo_Info: [7.733] encoderYPidCtrl: Target= 234.1, Input= 234.5, Error=  -0.3, PIDTerms=-0.010/ 0.000/-0.001/ 0.000, Output=-0.012(-0.600/0.600), Volt=12.2(9.5)
GlobalTracer.printPidInfo_Info: [7.733] gyroTurnPidCtrl: Target=   0.0, Input=  41.3, Error= -41.3, PIDTerms=-0.495/ 0.000/ 0.154/ 0.000, Output=-0.341(-0.700/0.700), Volt=12.1(9.5)
GlobalTracer.printPidInfo_Info: [7.813] encoderXPidCtrl: Target=   0.2, Input=  -0.1, Error=   0.3, PIDTerms= 0.046/ 0.000/ 0.132/ 0.000, Output= 0.178(-0.700/0.700), Volt=12.3(9.5)
GlobalTracer.printPidInfo_Info: [7.813] encoderYPidCtrl: Target= 234.1, Input= 235.1, Error=  -1.0, PIDTerms=-0.030/ 0.000/-0.010/ 0.000, Output=-0.040(-0.600/0.600), Volt=12.3(9.5)
GlobalTracer.printPidInfo_Info: [7.813] gyroTurnPidCtrl: Target=   0.0, Input=  25.3, Error= -25.3, PIDTerms=-0.303/ 0.000/ 0.248/ 0.000, Output=-0.055(-0.700/0.700), Volt=12.2(9.5)
GlobalTracer.printPidInfo_Info: [7.888] encoderXPidCtrl: Target=   0.2, Input=  -0.3, Error=   0.5, PIDTerms= 0.071/ 0.000/ 0.029/ 0.000, Output= 0.100(-0.700/0.700), Volt=12.3(9.5)
GlobalTracer.printPidInfo_Info: [7.888] encoderYPidCtrl: Target= 234.1, Input= 234.6, Error=  -0.5, PIDTerms=-0.016/ 0.000/ 0.006/ 0.000, Output=-0.010(-0.600/0.600), Volt=12.4(9.5)
GlobalTracer.printPidInfo_Info: [7.888] gyroTurnPidCtrl: Target=   0.0, Input=  15.5, Error= -15.5, PIDTerms=-0.186/ 0.000/ 0.113/ 0.000, Output=-0.073(-0.700/0.700), Volt=12.4(9.5)
GlobalTracer.printPidInfo_Info: [7.972] encoderXPidCtrl: Target=   0.2, Input=  -0.1, Error=   0.3, PIDTerms= 0.038/ 0.000/-0.053/ 0.000, Output=-0.014(-0.700/0.700), Volt=12.4(9.5)
GlobalTracer.printPidInfo_Info: [7.972] encoderYPidCtrl: Target= 234.1, Input= 234.3, Error=  -0.1, PIDTerms=-0.004/ 0.000/ 0.006/ 0.000, Output= 0.003(-0.600/0.600), Volt=12.4(9.5)
GlobalTracer.printPidInfo_Info: [7.972] gyroTurnPidCtrl: Target=   0.0, Input=   6.9, Error=  -6.9, PIDTerms=-0.083/ 0.000/ 0.139/ 0.000, Output= 0.057(-0.700/0.700), Volt=12.4(9.5)
GlobalTracer.startCompetition_Warn: AUTO_MODE takes too long (0.104s)

GlobalTracer.printPidInfo_Info: [8.081] encoderXPidCtrl: Target=   0.2, Input=   0.0, Error=   0.1, PIDTerms= 0.022/ 0.000/-0.016/ 0.000, Output= 0.006(-0.700/0.700), Volt=12.4(9.5)
GlobalTracer.printPidInfo_Info: [8.081] encoderYPidCtrl: Target= 234.1, Input= 234.4, Error=  -0.2, PIDTerms=-0.007/ 0.000/-0.001/ 0.000, Output=-0.008(-0.600/0.600), Volt=12.4(9.5)
GlobalTracer.printPidInfo_Info: [8.081] gyroTurnPidCtrl: Target=   0.0, Input=   2.3, Error=  -2.3, PIDTerms=-0.028/ 0.000/ 0.043/ 0.000, Output= 0.015(-0.700/0.700), Volt=12.4(9.5)
GlobalTracer.printPidInfo_Info: [8.168] encoderXPidCtrl: Target=   0.2, Input=  -0.0, Error=   0.2, PIDTerms= 0.027/ 0.000/ 0.005/ 0.000, Output= 0.032(-0.700/0.700), Volt=12.4(9.5)
GlobalTracer.printPidInfo_Info: [8.168] encoderYPidCtrl: Target= 234.1, Input= 234.2, Error=  -0.1, PIDTerms=-0.003/ 0.000/ 0.001/ 0.000, Output=-0.001(-0.600/0.600), Volt=12.4(9.5)
GlobalTracer.printPidInfo_Info: [8.168] gyroTurnPidCtrl: Target=   0.0, Input=   2.2, Error=  -2.2, PIDTerms=-0.026/ 0.000/ 0.002/ 0.000, Output=-0.024(-0.700/0.700), Volt=12.4(9.5)
GlobalTracer.printPidInfo_Info: [8.261] encoderXPidCtrl: Target=   0.2, Input=  -0.0, Error=   0.2, PIDTerms= 0.027/ 0.000/-0.001/ 0.000, Output= 0.026(-0.700/0.700), Volt=12.5(9.5)
GlobalTracer.printPidInfo_Info: [8.261] encoderYPidCtrl: Target= 234.1, Input= 234.2, Error=  -0.1, PIDTerms=-0.002/ 0.000/ 0.001/ 0.000, Output=-0.001(-0.600/0.600), Volt=12.5(9.5)
GlobalTracer.printPidInfo_Info: [8.261] gyroTurnPidCtrl: Target=   0.0, Input=   2.6, Error=  -2.6, PIDTerms=-0.031/ 0.000/-0.008/ 0.000, Output=-0.040(-0.700/0.700), Volt=12.5(9.5)
GlobalTracer.printPidInfo_Info: [8.347] encoderXPidCtrl: Target=   0.2, Input=   0.0, Error=   0.1, PIDTerms= 0.022/ 0.000/-0.004/ 0.000, Output= 0.018(-0.700/0.700), Volt=12.4(9.5)
GlobalTracer.printPidInfo_Info: [8.347] encoderYPidCtrl: Target= 234.1, Input= 234.2, Error=  -0.1, PIDTerms=-0.002/ 0.000/-0.000/ 0.000, Output=-0.002(-0.600/0.600), Volt=12.4(9.5)
GlobalTracer.printPidInfo_Info: [8.347] gyroTurnPidCtrl: Target=   0.0, Input=   2.3, Error=  -2.3, PIDTerms=-0.028/ 0.000/ 0.002/ 0.000, Output=-0.025(-0.700/0.700), Volt=12.4(9.5)
GlobalTracer.printPidInfo_Info: [8.431] encoderXPidCtrl: Target=   0.2, Input=   0.0, Error=   0.1, PIDTerms= 0.021/ 0.000/-0.001/ 0.000, Output= 0.020(-0.700/0.700), Volt=12.4(9.5)
GlobalTracer.printPidInfo_Info: [8.431] encoderYPidCtrl: Target= 234.1, Input= 234.2, Error=  -0.1, PIDTerms=-0.002/ 0.000/-0.000/ 0.000, Output=-0.003(-0.600/0.600), Volt=12.4(9.5)
GlobalTracer.printPidInfo_Info: [8.431] gyroTurnPidCtrl: Target=   0.0, Input=   2.3, Error=  -2.3, PIDTerms=-0.028/ 0.000/-0.000/ 0.000, Output=-0.028(-0.700/0.700), Volt=12.4(9.5)
GlobalTracer.printPidInfo_Info: [8.531] encoderXPidCtrl: Target=   0.2, Input=   0.0, Error=   0.1, PIDTerms= 0.021/ 0.000/ 0.001/ 0.000, Output= 0.022(-0.700/0.700), Volt=12.4(9.5)
GlobalTracer.printPidInfo_Info: [8.531] encoderYPidCtrl: Target= 234.1, Input= 234.2, Error=  -0.1, PIDTerms=-0.003/ 0.000/-0.000/ 0.000, Output=-0.003(-0.600/0.600), Volt=12.4(9.5)
GlobalTracer.printPidInfo_Info: [8.531] gyroTurnPidCtrl: Target=   0.0, Input=   2.3, Error=  -2.3, PIDTerms=-0.028/ 0.000/ 0.000/ 0.000, Output=-0.028(-0.700/0.700), Volt=12.4(9.5)
GlobalTracer.printPidInfo_Info: [8.626] encoderXPidCtrl: Target=   0.2, Input=   0.0, Error=   0.1, PIDTerms= 0.021/ 0.000/ 0.000/ 0.000, Output= 0.021(-0.700/0.700), Volt=12.4(9.5)
GlobalTracer.printPidInfo_Info: [8.626] encoderYPidCtrl: Target= 234.1, Input= 234.2, Error=  -0.1, PIDTerms=-0.002/ 0.000/ 0.000/ 0.000, Output=-0.002(-0.600/0.600), Volt=12.4(9.5)
GlobalTracer.printPidInfo_Info: [8.626] gyroTurnPidCtrl: Target=   0.0, Input=   2.3, Error=  -2.3, PIDTerms=-0.028/ 0.000/ 0.000/ 0.000, Output=-0.028(-0.700/0.700), Volt=12.4(9.5)
GlobalTracer.printPidInfo_Info: [8.701] encoderXPidCtrl: Target=   0.2, Input=   0.0, Error=   0.1, PIDTerms= 0.021/ 0.000/ 0.000/ 0.000, Output= 0.021(-0.700/0.700), Volt=12.4(9.5)
GlobalTracer.printPidInfo_Info: [8.701] encoderYPidCtrl: Target= 234.1, Input= 234.2, Error=  -0.1, PIDTerms=-0.002/ 0.000/ 0.000/ 0.000, Output=-0.002(-0.600/0.600), Volt=12.4(9.5)
GlobalTracer.printPidInfo_Info: [8.701] gyroTurnPidCtrl: Target=   0.0, Input=   2.3, Error=  -2.3, PIDTerms=-0.028/ 0.000/ 0.000/ 0.000, Output=-0.028(-0.700/0.700), Volt=12.4(9.5)
GlobalTracer.printPidInfo_Info: [8.767] encoderXPidCtrl: Target=   0.2, Input=   0.0, Error=   0.1, PIDTerms= 0.021/ 0.000/ 0.000/ 0.000, Output= 0.021(-0.700/0.700), Volt=12.4(9.5)
GlobalTracer.printPidInfo_Info: [8.767] encoderYPidCtrl: Target= 234.1, Input= 234.2, Error=  -0.1, PIDTerms=-0.002/ 0.000/ 0.000/ 0.000, Output=-0.002(-0.600/0.600), Volt=12.4(9.5)
GlobalTracer.printPidInfo_Info: [8.767] gyroTurnPidCtrl: Target=   0.0, Input=   2.3, Error=  -2.3, PIDTerms=-0.028/ 0.000/ 0.000/ 0.000, Output=-0.028(-0.700/0.700), Volt=12.5(9.5)
GlobalTracer.printPidInfo_Info: [8.840] encoderXPidCtrl: Target=   0.2, Input=   0.0, Error=   0.1, PIDTerms= 0.021/ 0.000/ 0.000/ 0.000, Output= 0.021(-0.700/0.700), Volt=12.4(9.5)
GlobalTracer.printPidInfo_Info: [8.840] encoderYPidCtrl: Target= 234.1, Input= 234.2, Error=  -0.1, PIDTerms=-0.002/ 0.000/ 0.000/ 0.000, Output=-0.002(-0.600/0.600), Volt=12.4(9.5)
GlobalTracer.printPidInfo_Info: [8.840] gyroTurnPidCtrl: Target=   0.0, Input=   2.3, Error=  -2.3, PIDTerms=-0.028/ 0.000/ 0.000/ 0.000, Output=-0.028(-0.700/0.700), Volt=12.5(9.5)
GlobalTracer.printPidInfo_Info: [8.930] encoderXPidCtrl: Target=   0.2, Input=   0.0, Error=   0.1, PIDTerms= 0.021/ 0.000/ 0.000/ 0.000, Output= 0.021(-0.700/0.700), Volt=12.4(9.5)
GlobalTracer.printPidInfo_Info: [8.930] encoderYPidCtrl: Target= 234.1, Input= 234.2, Error=  -0.1, PIDTerms=-0.002/ 0.000/ 0.000/ 0.000, Output=-0.002(-0.600/0.600), Volt=12.4(9.5)
GlobalTracer.printPidInfo_Info: [8.930] gyroTurnPidCtrl: Target=   0.0, Input=   2.3, Error=  -2.3, PIDTerms=-0.028/ 0.000/ 0.000/ 0.000, Output=-0.028(-0.700/0.700), Volt=12.4(9.5)
GlobalTracer.printPidInfo_Info: [8.991] encoderXPidCtrl: Target=   0.2, Input=   0.0, Error=   0.1, PIDTerms= 0.021/ 0.000/ 0.000/ 0.000, Output= 0.021(-0.700/0.700), Volt=12.5(9.5)
GlobalTracer.printPidInfo_Info: [8.991] encoderYPidCtrl: Target= 234.1, Input= 234.2, Error=  -0.1, PIDTerms=-0.002/ 0.000/ 0.000/ 0.000, Output=-0.002(-0.600/0.600), Volt=12.5(9.5)
GlobalTracer.printPidInfo_Info: [8.991] gyroTurnPidCtrl: Target=   0.0, Input=   2.3, Error=  -2.3, PIDTerms=-0.028/ 0.000/ 0.000/ 0.000, Output=-0.028(-0.700/0.700), Volt=12.5(9.5)
GlobalTracer.printPidInfo_Info: [9.087] encoderXPidCtrl: Target=   0.2, Input=   0.0, Error=   0.1, PIDTerms= 0.021/ 0.000/ 0.000/ 0.000, Output= 0.021(-0.700/0.700), Volt=12.5(9.5)
GlobalTracer.printPidInfo_Info: [9.087] encoderYPidCtrl: Target= 234.1, Input= 234.2, Error=  -0.1, PIDTerms=-0.002/ 0.000/ 0.000/ 0.000, Output=-0.002(-0.600/0.600), Volt=12.5(9.5)
GlobalTracer.printPidInfo_Info: [9.087] gyroTurnPidCtrl: Target=   0.0, Input=   2.3, Error=  -2.3, PIDTerms=-0.028/ 0.000/ 0.000/ 0.000, Output=-0.028(-0.700/0.700), Volt=12.4(9.5)
GlobalTracer.printPidInfo_Info: [9.173] encoderXPidCtrl: Target=   0.2, Input=   0.0, Error=   0.1, PIDTerms= 0.021/ 0.000/ 0.000/ 0.000, Output= 0.021(-0.700/0.700), Volt=12.5(9.5)
GlobalTracer.printPidInfo_Info: [9.173] encoderYPidCtrl: Target= 234.1, Input= 234.2, Error=  -0.1, PIDTerms=-0.002/ 0.000/ 0.000/ 0.000, Output=-0.002(-0.600/0.600), Volt=12.5(9.5)
GlobalTracer.printPidInfo_Info: [9.173] gyroTurnPidCtrl: Target=   0.0, Input=   2.3, Error=  -2.3, PIDTerms=-0.028/ 0.000/ 0.000/ 0.000, Output=-0.028(-0.700/0.700), Volt=12.5(9.5)
GlobalTracer.printPidInfo_Info: [9.260] encoderXPidCtrl: Target=   0.2, Input=   0.0, Error=   0.1, PIDTerms= 0.021/ 0.000/ 0.000/ 0.000, Output= 0.021(-0.700/0.700), Volt=12.5(9.5)
GlobalTracer.printPidInfo_Info: [9.260] encoderYPidCtrl: Target= 234.1, Input= 234.2, Error=  -0.1, PIDTerms=-0.002/ 0.000/ 0.000/ 0.000, Output=-0.002(-0.600/0.600), Volt=12.5(9.5)
GlobalTracer.printPidInfo_Info: [9.260] gyroTurnPidCtrl: Target=   0.0, Input=   2.3, Error=  -2.3, PIDTerms=-0.028/ 0.000/ 0.000/ 0.000, Output=-0.028(-0.700/0.700), Volt=12.5(9.5)
GlobalTracer.printPidInfo_Info: [9.353] encoderXPidCtrl: Target=   0.2, Input=   0.0, Error=   0.1, PIDTerms= 0.021/ 0.000/ 0.000/ 0.000, Output= 0.021(-0.700/0.700), Volt=12.4(9.5)
GlobalTracer.printPidInfo_Info: [9.353] encoderYPidCtrl: Target= 234.1, Input= 234.2, Error=  -0.1, PIDTerms=-0.002/ 0.000/ 0.000/ 0.000, Output=-0.002(-0.600/0.600), Volt=12.4(9.5)
GlobalTracer.printPidInfo_Info: [9.353] gyroTurnPidCtrl: Target=   0.0, Input=   2.3, Error=  -2.3, PIDTerms=-0.028/ 0.000/ 0.000/ 0.000, Output=-0.028(-0.700/0.700), Volt=12.5(9.5)
GlobalTracer.printPidInfo_Info: [9.441] encoderXPidCtrl: Target=   0.2, Input=   0.0, Error=   0.1, PIDTerms= 0.021/ 0.000/ 0.000/ 0.000, Output= 0.021(-0.700/0.700), Volt=12.4(9.5)
GlobalTracer.printPidInfo_Info: [9.441] encoderYPidCtrl: Target= 234.1, Input= 234.2, Error=  -0.1, PIDTerms=-0.002/ 0.000/ 0.000/ 0.000, Output=-0.002(-0.600/0.600), Volt=12.4(9.5)
GlobalTracer.printPidInfo_Info: [9.441] gyroTurnPidCtrl: Target=   0.0, Input=   2.3, Error=  -2.3, PIDTerms=-0.028/ 0.000/ 0.000/ 0.000, Output=-0.028(-0.700/0.700), Volt=12.4(9.5)
GlobalTracer.printPidInfo_Info: [9.522] encoderXPidCtrl: Target=   0.2, Input=   0.0, Error=   0.1, PIDTerms= 0.021/ 0.000/ 0.000/ 0.000, Output= 0.021(-0.700/0.700), Volt=12.5(9.5)
GlobalTracer.printPidInfo_Info: [9.522] encoderYPidCtrl: Target= 234.1, Input= 234.2, Error=  -0.1, PIDTerms=-0.002/ 0.000/ 0.000/ 0.000, Output=-0.002(-0.600/0.600), Volt=12.4(9.5)
GlobalTracer.printPidInfo_Info: [9.522] gyroTurnPidCtrl: Target=   0.0, Input=   2.3, Error=  -2.3, PIDTerms=-0.028/ 0.000/ 0.000/ 0.000, Output=-0.028(-0.700/0.700), Volt=12.4(9.5)
GlobalTracer.printPidInfo_Info: [9.576] encoderXPidCtrl: Target=   0.2, Input=   0.0, Error=   0.1, PIDTerms= 0.021/ 0.000/ 0.000/ 0.000, Output= 0.021(-0.700/0.700), Volt=12.4(9.5)
GlobalTracer.printPidInfo_Info: [9.576] encoderYPidCtrl: Target= 234.1, Input= 234.2, Error=  -0.1, PIDTerms=-0.002/ 0.000/ 0.000/ 0.000, Output=-0.002(-0.600/0.600), Volt=12.5(9.5)
GlobalTracer.printPidInfo_Info: [9.576] gyroTurnPidCtrl: Target=   0.0, Input=   2.3, Error=  -2.3, PIDTerms=-0.028/ 0.000/-0.000/ 0.000, Output=-0.028(-0.700/0.700), Volt=12.5(9.5)
GlobalTracer.printPidInfo_Info: [9.661] encoderXPidCtrl: Target=   0.2, Input=   0.0, Error=   0.1, PIDTerms= 0.021/ 0.000/ 0.000/ 0.000, Output= 0.021(-0.700/0.700), Volt=12.4(9.5)
GlobalTracer.printPidInfo_Info: [9.661] encoderYPidCtrl: Target= 234.1, Input= 234.2, Error=  -0.1, PIDTerms=-0.002/ 0.000/ 0.000/ 0.000, Output=-0.002(-0.600/0.600), Volt=12.4(9.5)
GlobalTracer.printPidInfo_Info: [9.661] gyroTurnPidCtrl: Target=   0.0, Input=   2.3, Error=  -2.3, PIDTerms=-0.028/ 0.000/ 0.000/ 0.000, Output=-0.028(-0.700/0.700), Volt=12.4(9.5)
GlobalTracer.printPidInfo_Info: [9.730] encoderXPidCtrl: Target=   0.2, Input=   0.0, Error=   0.1, PIDTerms= 0.021/ 0.000/ 0.000/ 0.000, Output= 0.021(-0.700/0.700), Volt=12.4(9.5)
GlobalTracer.printPidInfo_Info: [9.730] encoderYPidCtrl: Target= 234.1, Input= 234.2, Error=  -0.1, PIDTerms=-0.002/ 0.000/ 0.000/ 0.000, Output=-0.002(-0.600/0.600), Volt=12.4(9.5)
GlobalTracer.printPidInfo_Info: [9.730] gyroTurnPidCtrl: Target=   0.0, Input=   2.3, Error=  -2.3, PIDTerms=-0.028/ 0.000/ 0.000/ 0.000, Output=-0.028(-0.700/0.700), Volt=12.4(9.5)
GlobalTracer.printPidInfo_Info: [9.814] encoderXPidCtrl: Target=   0.2, Input=   0.0, Error=   0.1, PIDTerms= 0.021/ 0.000/ 0.000/ 0.000, Output= 0.021(-0.700/0.700), Volt=12.5(9.5)
GlobalTracer.printPidInfo_Info: [9.814] encoderYPidCtrl: Target= 234.1, Input= 234.2, Error=  -0.1, PIDTerms=-0.002/ 0.000/ 0.000/ 0.000, Output=-0.002(-0.600/0.600), Volt=12.5(9.5)
GlobalTracer.printPidInfo_Info: [9.814] gyroTurnPidCtrl: Target=   0.0, Input=   2.3, Error=  -2.3, PIDTerms=-0.028/ 0.000/ 0.000/ 0.000, Output=-0.028(-0.700/0.700), Volt=12.5(9.5)
GlobalTracer.printPidInfo_Info: [9.894] encoderXPidCtrl: Target=   0.2, Input=   0.0, Error=   0.1, PIDTerms= 0.021/ 0.000/ 0.000/ 0.000, Output= 0.021(-0.700/0.700), Volt=12.5(9.5)
GlobalTracer.printPidInfo_Info: [9.894] encoderYPidCtrl: Target= 234.1, Input= 234.2, Error=  -0.1, PIDTerms=-0.002/ 0.000/ 0.000/ 0.000, Output=-0.002(-0.600/0.600), Volt=12.5(9.5)
GlobalTracer.printPidInfo_Info: [9.894] gyroTurnPidCtrl: Target=   0.0, Input=   2.3, Error=  -2.3, PIDTerms=-0.028/ 0.000/ 0.000/ 0.000, Output=-0.028(-0.700/0.700), Volt=12.5(9.5)
GlobalTracer.startCompetition_Warn: AUTO_MODE takes too long (0.103s)

GlobalTracer.printPidInfo_Info: [9.999] encoderXPidCtrl: Target=   0.2, Input=   0.0, Error=   0.1, PIDTerms= 0.021/ 0.000/ 0.000/ 0.000, Output= 0.021(-0.700/0.700), Volt=12.5(9.5)
GlobalTracer.printPidInfo_Info: [9.999] encoderYPidCtrl: Target= 234.1, Input= 234.2, Error=  -0.1, PIDTerms=-0.002/ 0.000/ 0.000/ 0.000, Output=-0.002(-0.600/0.600), Volt=12.5(9.5)
GlobalTracer.printPidInfo_Info: [9.999] gyroTurnPidCtrl: Target=   0.0, Input=   2.3, Error=  -2.3, PIDTerms=-0.028/ 0.000/ 0.000/ 0.000, Output=-0.028(-0.700/0.700), Volt=12.5(9.5)
GlobalTracer.printPidInfo_Info: [10.095] encoderXPidCtrl: Target=   0.2, Input=   0.0, Error=   0.1, PIDTerms= 0.021/ 0.000/ 0.000/ 0.000, Output= 0.021(-0.700/0.700), Volt=12.5(9.5)
GlobalTracer.printPidInfo_Info: [10.095] encoderYPidCtrl: Target= 234.1, Input= 234.2, Error=  -0.1, PIDTerms=-0.002/ 0.000/ 0.000/ 0.000, Output=-0.002(-0.600/0.600), Volt=12.5(9.5)
GlobalTracer.printPidInfo_Info: [10.095] gyroTurnPidCtrl: Target=   0.0, Input=   2.3, Error=  -2.3, PIDTerms=-0.028/ 0.000/ 0.000/ 0.000, Output=-0.028(-0.700/0.700), Volt=12.5(9.5)
GlobalTracer.printPidInfo_Info: [10.167] encoderXPidCtrl: Target=   0.2, Input=   0.0, Error=   0.1, PIDTerms= 0.021/ 0.000/ 0.000/ 0.000, Output= 0.021(-0.700/0.700), Volt=12.5(9.5)
GlobalTracer.printPidInfo_Info: [10.167] encoderYPidCtrl: Target= 234.1, Input= 234.2, Error=  -0.1, PIDTerms=-0.002/ 0.000/ 0.000/ 0.000, Output=-0.002(-0.600/0.600), Volt=12.5(9.5)
GlobalTracer.printPidInfo_Info: [10.167] gyroTurnPidCtrl: Target=   0.0, Input=   2.3, Error=  -2.3, PIDTerms=-0.028/ 0.000/ 0.000/ 0.000, Output=-0.028(-0.700/0.700), Volt=12.5(9.5)
GlobalTracer.printPidInfo_Info: [10.241] encoderXPidCtrl: Target=   0.2, Input=   0.0, Error=   0.1, PIDTerms= 0.021/ 0.000/ 0.000/ 0.000, Output= 0.021(-0.700/0.700), Volt=12.5(9.5)
GlobalTracer.printPidInfo_Info: [10.241] encoderYPidCtrl: Target= 234.1, Input= 234.2, Error=  -0.1, PIDTerms=-0.002/ 0.000/ 0.000/ 0.000, Output=-0.002(-0.600/0.600), Volt=12.5(9.5)
GlobalTracer.printPidInfo_Info: [10.241] gyroTurnPidCtrl: Target=   0.0, Input=   2.3, Error=  -2.3, PIDTerms=-0.028/ 0.000/ 0.000/ 0.000, Output=-0.028(-0.700/0.700), Volt=12.5(9.5)
GlobalTracer.printPidInfo_Info: [10.321] encoderXPidCtrl: Target=   0.2, Input=   0.0, Error=   0.1, PIDTerms= 0.021/ 0.000/ 0.000/ 0.000, Output= 0.021(-0.700/0.700), Volt=12.5(9.5)
GlobalTracer.printPidInfo_Info: [10.321] encoderYPidCtrl: Target= 234.1, Input= 234.2, Error=  -0.1, PIDTerms=-0.002/ 0.000/ 0.000/ 0.000, Output=-0.002(-0.600/0.600), Volt=12.5(9.5)
GlobalTracer.printPidInfo_Info: [10.321] gyroTurnPidCtrl: Target=   0.0, Input=   2.3, Error=  -2.3, PIDTerms=-0.028/ 0.000/ 0.000/ 0.000, Output=-0.028(-0.700/0.700), Volt=12.4(9.5)
GlobalTracer.printPidInfo_Info: [10.393] encoderXPidCtrl: Target=   0.2, Input=   0.0, Error=   0.1, PIDTerms= 0.021/ 0.000/ 0.000/ 0.000, Output= 0.021(-0.700/0.700), Volt=12.5(9.5)
GlobalTracer.printPidInfo_Info: [10.393] encoderYPidCtrl: Target= 234.1, Input= 234.2, Error=  -0.1, PIDTerms=-0.002/ 0.000/ 0.000/ 0.000, Output=-0.002(-0.600/0.600), Volt=12.5(9.5)
GlobalTracer.printPidInfo_Info: [10.393] gyroTurnPidCtrl: Target=   0.0, Input=   2.3, Error=  -2.3, PIDTerms=-0.028/ 0.000/ 0.000/ 0.000, Output=-0.028(-0.700/0.700), Volt=12.5(9.5)
GlobalTracer.printPidInfo_Info: [10.468] encoderXPidCtrl: Target=   0.2, Input=   0.0, Error=   0.1, PIDTerms= 0.021/ 0.000/ 0.000/ 0.000, Output= 0.021(-0.700/0.700), Volt=12.5(9.5)
GlobalTracer.printPidInfo_Info: [10.468] encoderYPidCtrl: Target= 234.1, Input= 234.2, Error=  -0.1, PIDTerms=-0.002/ 0.000/ 0.000/ 0.000, Output=-0.002(-0.600/0.600), Volt=12.5(9.5)
GlobalTracer.printPidInfo_Info: [10.468] gyroTurnPidCtrl: Target=   0.0, Input=   2.3, Error=  -2.3, PIDTerms=-0.028/ 0.000/ 0.000/ 0.000, Output=-0.028(-0.700/0.700), Volt=12.5(9.5)
GlobalTracer.printPidInfo_Info: [10.550] encoderXPidCtrl: Target=   0.2, Input=   0.0, Error=   0.1, PIDTerms= 0.021/ 0.000/ 0.000/ 0.000, Output= 0.021(-0.700/0.700), Volt=12.5(9.5)
GlobalTracer.printPidInfo_Info: [10.550] encoderYPidCtrl: Target= 234.1, Input= 234.2, Error=  -0.1, PIDTerms=-0.002/ 0.000/ 0.000/ 0.000, Output=-0.002(-0.600/0.600), Volt=12.5(9.5)
GlobalTracer.printPidInfo_Info: [10.550] gyroTurnPidCtrl: Target=   0.0, Input=   2.3, Error=  -2.3, PIDTerms=-0.028/ 0.000/ 0.000/ 0.000, Output=-0.028(-0.700/0.700), Volt=12.5(9.5)
GlobalTracer.printPidInfo_Info: [10.625] encoderXPidCtrl: Target=   0.2, Input=   0.0, Error=   0.1, PIDTerms= 0.021/ 0.000/ 0.000/ 0.000, Output= 0.021(-0.700/0.700), Volt=12.5(9.5)
GlobalTracer.printPidInfo_Info: [10.625] encoderYPidCtrl: Target= 234.1, Input= 234.2, Error=  -0.1, PIDTerms=-0.002/ 0.000/ 0.000/ 0.000, Output=-0.002(-0.600/0.600), Volt=12.5(9.5)
GlobalTracer.printPidInfo_Info: [10.625] gyroTurnPidCtrl: Target=   0.0, Input=   2.4, Error=  -2.4, PIDTerms=-0.028/ 0.000/-0.000/ 0.000, Output=-0.028(-0.700/0.700), Volt=12.5(9.5)
GlobalTracer.startCompetition_Warn: AUTO_MODE takes too long (0.101s)

GlobalTracer.printPidInfo_Info: [10.731] encoderXPidCtrl: Target=   0.2, Input=   0.0, Error=   0.1, PIDTerms= 0.021/ 0.000/ 0.000/ 0.000, Output= 0.021(-0.700/0.700), Volt=12.5(9.5)
GlobalTracer.printPidInfo_Info: [10.731] encoderYPidCtrl: Target= 234.1, Input= 234.2, Error=  -0.1, PIDTerms=-0.002/ 0.000/ 0.000/ 0.000, Output=-0.002(-0.600/0.600), Volt=12.5(9.5)
GlobalTracer.printPidInfo_Info: [10.731] gyroTurnPidCtrl: Target=   0.0, Input=   2.4, Error=  -2.4, PIDTerms=-0.028/ 0.000/ 0.000/ 0.000, Output=-0.028(-0.700/0.700), Volt=12.5(9.5)
GlobalTracer.printPidInfo_Info: [10.815] encoderXPidCtrl: Target=   0.2, Input=   0.0, Error=   0.1, PIDTerms= 0.021/ 0.000/ 0.000/ 0.000, Output= 0.021(-0.700/0.700), Volt=12.5(9.5)
GlobalTracer.printPidInfo_Info: [10.815] encoderYPidCtrl: Target= 234.1, Input= 234.2, Error=  -0.1, PIDTerms=-0.002/ 0.000/ 0.000/ 0.000, Output=-0.002(-0.600/0.600), Volt=12.5(9.5)
GlobalTracer.printPidInfo_Info: [10.815] gyroTurnPidCtrl: Target=   0.0, Input=   2.4, Error=  -2.4, PIDTerms=-0.028/ 0.000/ 0.000/ 0.000, Output=-0.028(-0.700/0.700), Volt=12.5(9.5)
GlobalTracer.printPidInfo_Info: [10.898] encoderXPidCtrl: Target=   0.2, Input=   0.0, Error=   0.1, PIDTerms= 0.021/ 0.000/ 0.000/ 0.000, Output= 0.021(-0.700/0.700), Volt=12.5(9.5)
GlobalTracer.printPidInfo_Info: [10.898] encoderYPidCtrl: Target= 234.1, Input= 234.2, Error=  -0.1, PIDTerms=-0.002/ 0.000/ 0.000/ 0.000, Output=-0.002(-0.600/0.600), Volt=12.5(9.5)
GlobalTracer.printPidInfo_Info: [10.898] gyroTurnPidCtrl: Target=   0.0, Input=   2.4, Error=  -2.4, PIDTerms=-0.028/ 0.000/ 0.000/ 0.000, Output=-0.028(-0.700/0.700), Volt=12.5(9.5)
GlobalTracer.printPidInfo_Info: [10.973] encoderXPidCtrl: Target=   0.2, Input=   0.0, Error=   0.1, PIDTerms= 0.021/ 0.000/ 0.000/ 0.000, Output= 0.021(-0.700/0.700), Volt=12.5(9.5)
GlobalTracer.printPidInfo_Info: [10.973] encoderYPidCtrl: Target= 234.1, Input= 234.2, Error=  -0.1, PIDTerms=-0.002/ 0.000/ 0.000/ 0.000, Output=-0.002(-0.600/0.600), Volt=12.5(9.5)
GlobalTracer.printPidInfo_Info: [10.973] gyroTurnPidCtrl: Target=   0.0, Input=   2.4, Error=  -2.4, PIDTerms=-0.028/ 0.000/ 0.000/ 0.000, Output=-0.028(-0.700/0.700), Volt=12.5(9.5)
GlobalTracer.printPidInfo_Info: [11.031] encoderXPidCtrl: Target=   0.2, Input=   0.0, Error=   0.1, PIDTerms= 0.021/ 0.000/ 0.000/ 0.000, Output= 0.021(-0.700/0.700), Volt=12.5(9.5)
GlobalTracer.printPidInfo_Info: [11.031] encoderYPidCtrl: Target= 234.1, Input= 234.2, Error=  -0.1, PIDTerms=-0.002/ 0.000/ 0.000/ 0.000, Output=-0.002(-0.600/0.600), Volt=12.5(9.5)
GlobalTracer.printPidInfo_Info: [11.031] gyroTurnPidCtrl: Target=   0.0, Input=   2.4, Error=  -2.4, PIDTerms=-0.028/ 0.000/ 0.000/ 0.000, Output=-0.028(-0.700/0.700), Volt=12.5(9.5)
GlobalTracer.startCompetition_Warn: AUTO_MODE takes too long (0.133s)

GlobalTracer.printPidInfo_Info: [11.165] encoderXPidCtrl: Target=   0.2, Input=   0.0, Error=   0.1, PIDTerms= 0.021/ 0.000/ 0.000/ 0.000, Output= 0.021(-0.700/0.700), Volt=12.5(9.5)
GlobalTracer.printPidInfo_Info: [11.165] encoderYPidCtrl: Target= 234.1, Input= 234.2, Error=  -0.1, PIDTerms=-0.002/ 0.000/ 0.000/ 0.000, Output=-0.002(-0.600/0.600), Volt=12.5(9.5)
GlobalTracer.printPidInfo_Info: [11.165] gyroTurnPidCtrl: Target=   0.0, Input=   2.4, Error=  -2.4, PIDTerms=-0.028/ 0.000/ 0.000/ 0.000, Output=-0.028(-0.700/0.700), Volt=12.5(9.5)
GlobalTracer.startCompetition_Warn: AUTO_MODE takes too long (0.132s)

GlobalTracer.printPidInfo_Info: [11.300] encoderXPidCtrl: Target=   0.2, Input=   0.0, Error=   0.1, PIDTerms= 0.021/ 0.000/ 0.000/ 0.000, Output= 0.021(-0.700/0.700), Volt=12.5(9.5)
GlobalTracer.printPidInfo_Info: [11.300] encoderYPidCtrl: Target= 234.1, Input= 234.2, Error=  -0.1, PIDTerms=-0.002/ 0.000/ 0.000/ 0.000, Output=-0.002(-0.600/0.600), Volt=12.5(9.5)
GlobalTracer.printPidInfo_Info: [11.300] gyroTurnPidCtrl: Target=   0.0, Input=   2.4, Error=  -2.4, PIDTerms=-0.028/ 0.000/ 0.000/ 0.000, Output=-0.028(-0.700/0.700), Volt=12.5(9.5)
GlobalTracer.startCompetition_Warn: AUTO_MODE takes too long (0.130s)

GlobalTracer.printPidInfo_Info: [11.431] encoderXPidCtrl: Target=   0.2, Input=   0.0, Error=   0.1, PIDTerms= 0.021/ 0.000/ 0.000/ 0.000, Output= 0.021(-0.700/0.700), Volt=12.5(9.5)
GlobalTracer.printPidInfo_Info: [11.431] encoderYPidCtrl: Target= 234.1, Input= 234.2, Error=  -0.1, PIDTerms=-0.002/ 0.000/ 0.000/ 0.000, Output=-0.002(-0.600/0.600), Volt=12.5(9.5)
GlobalTracer.printPidInfo_Info: [11.431] gyroTurnPidCtrl: Target=   0.0, Input=   2.4, Error=  -2.4, PIDTerms=-0.028/ 0.000/-0.000/ 0.000, Output=-0.029(-0.700/0.700), Volt=12.5(9.5)
GlobalTracer.startCompetition_Warn: AUTO_MODE takes too long (0.101s)

GlobalTracer.printPidInfo_Info: [11.533] encoderXPidCtrl: Target=   0.2, Input=   0.0, Error=   0.1, PIDTerms= 0.021/ 0.000/ 0.000/ 0.000, Output= 0.021(-0.700/0.700), Volt=12.5(9.5)
GlobalTracer.printPidInfo_Info: [11.533] encoderYPidCtrl: Target= 234.1, Input= 234.2, Error=  -0.1, PIDTerms=-0.002/ 0.000/ 0.000/ 0.000, Output=-0.002(-0.600/0.600), Volt=12.5(9.5)
GlobalTracer.printPidInfo_Info: [11.533] gyroTurnPidCtrl: Target=   0.0, Input=   2.4, Error=  -2.4, PIDTerms=-0.028/ 0.000/ 0.000/ 0.000, Output=-0.028(-0.700/0.700), Volt=12.5(9.5)
GlobalTracer.printPidInfo_Info: [11.607] encoderXPidCtrl: Target=   0.2, Input=   0.0, Error=   0.1, PIDTerms= 0.021/ 0.000/ 0.000/ 0.000, Output= 0.021(-0.700/0.700), Volt=12.5(9.5)
GlobalTracer.printPidInfo_Info: [11.607] encoderYPidCtrl: Target= 234.1, Input= 234.2, Error=  -0.1, PIDTerms=-0.002/ 0.000/ 0.000/ 0.000, Output=-0.002(-0.600/0.600), Volt=12.5(9.5)
GlobalTracer.printPidInfo_Info: [11.607] gyroTurnPidCtrl: Target=   0.0, Input=   2.4, Error=  -2.4, PIDTerms=-0.028/ 0.000/ 0.000/ 0.000, Output=-0.028(-0.700/0.700), Volt=12.5(9.5)
GlobalTracer.printPidInfo_Info: [11.701] encoderXPidCtrl: Target=   0.2, Input=   0.0, Error=   0.1, PIDTerms= 0.021/ 0.000/ 0.000/ 0.000, Output= 0.021(-0.700/0.700), Volt=12.5(9.5)
GlobalTracer.printPidInfo_Info: [11.701] encoderYPidCtrl: Target= 234.1, Input= 234.2, Error=  -0.1, PIDTerms=-0.002/ 0.000/ 0.000/ 0.000, Output=-0.002(-0.600/0.600), Volt=12.5(9.5)
GlobalTracer.printPidInfo_Info: [11.701] gyroTurnPidCtrl: Target=   0.0, Input=   2.4, Error=  -2.4, PIDTerms=-0.028/ 0.000/ 0.000/ 0.000, Output=-0.028(-0.700/0.700), Volt=12.5(9.5)
GlobalTracer.printPidInfo_Info: [11.775] encoderXPidCtrl: Target=   0.2, Input=   0.0, Error=   0.1, PIDTerms= 0.021/ 0.000/ 0.000/ 0.000, Output= 0.021(-0.700/0.700), Volt=12.5(9.5)
GlobalTracer.printPidInfo_Info: [11.775] encoderYPidCtrl: Target= 234.1, Input= 234.2, Error=  -0.1, PIDTerms=-0.002/ 0.000/ 0.000/ 0.000, Output=-0.002(-0.600/0.600), Volt=12.5(9.5)
GlobalTracer.printPidInfo_Info: [11.775] gyroTurnPidCtrl: Target=   0.0, Input=   2.4, Error=  -2.4, PIDTerms=-0.028/ 0.000/ 0.000/ 0.000, Output=-0.028(-0.700/0.700), Volt=12.5(9.5)
GlobalTracer.printPidInfo_Info: [11.859] encoderXPidCtrl: Target=   0.2, Input=   0.0, Error=   0.1, PIDTerms= 0.021/ 0.000/ 0.000/ 0.000, Output= 0.021(-0.700/0.700), Volt=12.5(9.5)
GlobalTracer.printPidInfo_Info: [11.859] encoderYPidCtrl: Target= 234.1, Input= 234.2, Error=  -0.1, PIDTerms=-0.002/ 0.000/ 0.000/ 0.000, Output=-0.002(-0.600/0.600), Volt=12.5(9.5)
GlobalTracer.printPidInfo_Info: [11.859] gyroTurnPidCtrl: Target=   0.0, Input=   2.4, Error=  -2.4, PIDTerms=-0.028/ 0.000/ 0.000/ 0.000, Output=-0.028(-0.700/0.700), Volt=12.5(9.5)
GlobalTracer.printPidInfo_Info: [11.934] encoderXPidCtrl: Target=   0.2, Input=   0.0, Error=   0.1, PIDTerms= 0.021/ 0.000/ 0.000/ 0.000, Output= 0.021(-0.700/0.700), Volt=12.5(9.5)
GlobalTracer.printPidInfo_Info: [11.934] encoderYPidCtrl: Target= 234.1, Input= 234.2, Error=  -0.1, PIDTerms=-0.002/ 0.000/ 0.000/ 0.000, Output=-0.002(-0.600/0.600), Volt=12.5(9.5)
GlobalTracer.printPidInfo_Info: [11.934] gyroTurnPidCtrl: Target=   0.0, Input=   2.4, Error=  -2.4, PIDTerms=-0.028/ 0.000/ 0.000/ 0.000, Output=-0.028(-0.700/0.700), Volt=12.5(9.5)
GlobalTracer.printPidInfo_Info: [12.032] encoderXPidCtrl: Target=   0.2, Input=   0.0, Error=   0.1, PIDTerms= 0.021/ 0.000/ 0.000/ 0.000, Output= 0.021(-0.700/0.700), Volt=12.5(9.5)
GlobalTracer.printPidInfo_Info: [12.032] encoderYPidCtrl: Target= 234.1, Input= 234.2, Error=  -0.1, PIDTerms=-0.002/ 0.000/ 0.000/ 0.000, Output=-0.002(-0.600/0.600), Volt=12.5(9.5)
GlobalTracer.printPidInfo_Info: [12.032] gyroTurnPidCtrl: Target=   0.0, Input=   2.4, Error=  -2.4, PIDTerms=-0.028/ 0.000/ 0.000/ 0.000, Output=-0.028(-0.700/0.700), Volt=12.5(9.5)
GlobalTracer.printPidInfo_Info: [12.108] encoderXPidCtrl: Target=   0.2, Input=   0.0, Error=   0.1, PIDTerms= 0.021/ 0.000/ 0.000/ 0.000, Output= 0.021(-0.700/0.700), Volt=12.5(9.5)
GlobalTracer.printPidInfo_Info: [12.108] encoderYPidCtrl: Target= 234.1, Input= 234.2, Error=  -0.1, PIDTerms=-0.002/ 0.000/ 0.000/ 0.000, Output=-0.002(-0.600/0.600), Volt=12.5(9.5)
GlobalTracer.printPidInfo_Info: [12.108] gyroTurnPidCtrl: Target=   0.0, Input=   2.4, Error=  -2.4, PIDTerms=-0.028/ 0.000/ 0.000/ 0.000, Output=-0.028(-0.700/0.700), Volt=12.5(9.5)
GlobalTracer.startCompetition_Warn: AUTO_MODE takes too long (0.109s)

GlobalTracer.printPidInfo_Info: [12.219] encoderXPidCtrl: Target=   0.2, Input=   0.0, Error=   0.1, PIDTerms= 0.021/ 0.000/ 0.000/ 0.000, Output= 0.021(-0.700/0.700), Volt=12.5(9.5)
GlobalTracer.printPidInfo_Info: [12.219] encoderYPidCtrl: Target= 234.1, Input= 234.2, Error=  -0.1, PIDTerms=-0.002/ 0.000/ 0.000/ 0.000, Output=-0.002(-0.600/0.600), Volt=12.5(9.5)
GlobalTracer.printPidInfo_Info: [12.219] gyroTurnPidCtrl: Target=   0.0, Input=   2.4, Error=  -2.4, PIDTerms=-0.029/ 0.000/-0.000/ 0.000, Output=-0.029(-0.700/0.700), Volt=12.5(9.5)
GlobalTracer.printPidInfo_Info: [12.298] encoderXPidCtrl: Target=   0.2, Input=   0.0, Error=   0.1, PIDTerms= 0.021/ 0.000/ 0.000/ 0.000, Output= 0.021(-0.700/0.700), Volt=12.5(9.5)
GlobalTracer.printPidInfo_Info: [12.298] encoderYPidCtrl: Target= 234.1, Input= 234.2, Error=  -0.1, PIDTerms=-0.002/ 0.000/ 0.000/ 0.000, Output=-0.002(-0.600/0.600), Volt=12.5(9.5)
GlobalTracer.printPidInfo_Info: [12.298] gyroTurnPidCtrl: Target=   0.0, Input=   2.4, Error=  -2.4, PIDTerms=-0.029/ 0.000/ 0.000/ 0.000, Output=-0.029(-0.700/0.700), Volt=12.5(9.5)
GlobalTracer.printPidInfo_Info: [12.383] encoderXPidCtrl: Target=   0.2, Input=   0.0, Error=   0.1, PIDTerms= 0.021/ 0.000/ 0.000/ 0.000, Output= 0.021(-0.700/0.700), Volt=12.5(9.5)
GlobalTracer.printPidInfo_Info: [12.383] encoderYPidCtrl: Target= 234.1, Input= 234.2, Error=  -0.1, PIDTerms=-0.002/ 0.000/ 0.000/ 0.000, Output=-0.002(-0.600/0.600), Volt=12.5(9.5)
GlobalTracer.printPidInfo_Info: [12.383] gyroTurnPidCtrl: Target=   0.0, Input=   2.4, Error=  -2.4, PIDTerms=-0.029/ 0.000/ 0.000/ 0.000, Output=-0.029(-0.700/0.700), Volt=12.5(9.5)
GlobalTracer.printPidInfo_Info: [12.471] encoderXPidCtrl: Target=   0.2, Input=   0.0, Error=   0.1, PIDTerms= 0.021/ 0.000/ 0.000/ 0.000, Output= 0.021(-0.700/0.700), Volt=12.4(9.5)
GlobalTracer.printPidInfo_Info: [12.471] encoderYPidCtrl: Target= 234.1, Input= 234.2, Error=  -0.1, PIDTerms=-0.002/ 0.000/ 0.000/ 0.000, Output=-0.002(-0.600/0.600), Volt=12.5(9.5)
GlobalTracer.printPidInfo_Info: [12.471] gyroTurnPidCtrl: Target=   0.0, Input=   2.4, Error=  -2.4, PIDTerms=-0.029/ 0.000/ 0.000/ 0.000, Output=-0.029(-0.700/0.700), Volt=12.5(9.5)
GlobalTracer.printPidInfo_Info: [12.544] encoderXPidCtrl: Target=   0.2, Input=   0.0, Error=   0.1, PIDTerms= 0.021/ 0.000/ 0.000/ 0.000, Output= 0.021(-0.700/0.700), Volt=12.5(9.5)
GlobalTracer.printPidInfo_Info: [12.544] encoderYPidCtrl: Target= 234.1, Input= 234.2, Error=  -0.1, PIDTerms=-0.002/ 0.000/ 0.000/ 0.000, Output=-0.002(-0.600/0.600), Volt=12.5(9.5)
GlobalTracer.printPidInfo_Info: [12.544] gyroTurnPidCtrl: Target=   0.0, Input=   2.4, Error=  -2.4, PIDTerms=-0.029/ 0.000/ 0.000/ 0.000, Output=-0.029(-0.700/0.700), Volt=12.5(9.5)
GlobalTracer.printPidInfo_Info: [12.619] encoderXPidCtrl: Target=   0.2, Input=   0.0, Error=   0.1, PIDTerms= 0.021/ 0.000/ 0.000/ 0.000, Output= 0.021(-0.700/0.700), Volt=12.5(9.5)
GlobalTracer.printPidInfo_Info: [12.619] encoderYPidCtrl: Target= 234.1, Input= 234.2, Error=  -0.1, PIDTerms=-0.002/ 0.000/ 0.000/ 0.000, Output=-0.002(-0.600/0.600), Volt=12.5(9.5)
GlobalTracer.printPidInfo_Info: [12.619] gyroTurnPidCtrl: Target=   0.0, Input=   2.4, Error=  -2.4, PIDTerms=-0.029/ 0.000/ 0.000/ 0.000, Output=-0.029(-0.700/0.700), Volt=12.5(9.5)
GlobalTracer.printPidInfo_Info: [12.681] encoderXPidCtrl: Target=   0.2, Input=   0.0, Error=   0.1, PIDTerms= 0.021/ 0.000/ 0.000/ 0.000, Output= 0.021(-0.700/0.700), Volt=12.5(9.5)
GlobalTracer.printPidInfo_Info: [12.681] encoderYPidCtrl: Target= 234.1, Input= 234.2, Error=  -0.1, PIDTerms=-0.002/ 0.000/ 0.000/ 0.000, Output=-0.002(-0.600/0.600), Volt=12.5(9.5)
GlobalTracer.printPidInfo_Info: [12.681] gyroTurnPidCtrl: Target=   0.0, Input=   2.4, Error=  -2.4, PIDTerms=-0.029/ 0.000/ 0.000/ 0.000, Output=-0.029(-0.700/0.700), Volt=12.5(9.5)
GlobalTracer.printPidInfo_Info: [12.752] encoderXPidCtrl: Target=   0.2, Input=   0.0, Error=   0.1, PIDTerms= 0.021/ 0.000/ 0.000/ 0.000, Output= 0.021(-0.700/0.700), Volt=12.5(9.5)
GlobalTracer.printPidInfo_Info: [12.752] encoderYPidCtrl: Target= 234.1, Input= 234.2, Error=  -0.1, PIDTerms=-0.002/ 0.000/ 0.000/ 0.000, Output=-0.002(-0.600/0.600), Volt=12.5(9.5)
GlobalTracer.printPidInfo_Info: [12.752] gyroTurnPidCtrl: Target=   0.0, Input=   2.4, Error=  -2.4, PIDTerms=-0.029/ 0.000/ 0.000/ 0.000, Output=-0.029(-0.700/0.700), Volt=12.5(9.5)
GlobalTracer.printPidInfo_Info: [12.819] encoderXPidCtrl: Target=   0.2, Input=   0.0, Error=   0.1, PIDTerms= 0.021/ 0.000/ 0.000/ 0.000, Output= 0.021(-0.700/0.700), Volt=12.5(9.5)
GlobalTracer.printPidInfo_Info: [12.819] encoderYPidCtrl: Target= 234.1, Input= 234.2, Error=  -0.1, PIDTerms=-0.002/ 0.000/ 0.000/ 0.000, Output=-0.002(-0.600/0.600), Volt=12.5(9.5)
GlobalTracer.printPidInfo_Info: [12.819] gyroTurnPidCtrl: Target=   0.0, Input=   2.4, Error=  -2.4, PIDTerms=-0.029/ 0.000/ 0.000/ 0.000, Output=-0.029(-0.700/0.700), Volt=12.5(9.5)
GlobalTracer.startCompetition_Warn: AUTO_MODE takes too long (0.101s)

GlobalTracer.printPidInfo_Info: [12.922] encoderXPidCtrl: Target=   0.2, Input=   0.0, Error=   0.1, PIDTerms= 0.021/ 0.000/ 0.000/ 0.000, Output= 0.021(-0.700/0.700), Volt=12.5(9.5)
GlobalTracer.printPidInfo_Info: [12.922] encoderYPidCtrl: Target= 234.1, Input= 234.2, Error=  -0.1, PIDTerms=-0.002/ 0.000/ 0.000/ 0.000, Output=-0.002(-0.600/0.600), Volt=12.5(9.5)
GlobalTracer.printPidInfo_Info: [12.922] gyroTurnPidCtrl: Target=   0.0, Input=   2.4, Error=  -2.4, PIDTerms=-0.029/ 0.000/-0.000/ 0.000, Output=-0.029(-0.700/0.700), Volt=12.5(9.5)
GlobalTracer.printPidInfo_Info: [12.982] encoderXPidCtrl: Target=   0.2, Input=   0.0, Error=   0.1, PIDTerms= 0.021/ 0.000/ 0.000/ 0.000, Output= 0.021(-0.700/0.700), Volt=12.5(9.5)
GlobalTracer.printPidInfo_Info: [12.982] encoderYPidCtrl: Target= 234.1, Input= 234.2, Error=  -0.1, PIDTerms=-0.002/ 0.000/ 0.000/ 0.000, Output=-0.002(-0.600/0.600), Volt=12.5(9.5)
GlobalTracer.printPidInfo_Info: [12.982] gyroTurnPidCtrl: Target=   0.0, Input=   2.4, Error=  -2.4, PIDTerms=-0.029/ 0.000/ 0.000/ 0.000, Output=-0.029(-0.700/0.700), Volt=12.5(9.5)
GlobalTracer.printPidInfo_Info: [13.050] encoderXPidCtrl: Target=   0.2, Input=   0.0, Error=   0.1, PIDTerms= 0.021/ 0.000/ 0.000/ 0.000, Output= 0.021(-0.700/0.700), Volt=12.5(9.5)
GlobalTracer.printPidInfo_Info: [13.050] encoderYPidCtrl: Target= 234.1, Input= 234.2, Error=  -0.1, PIDTerms=-0.002/ 0.000/ 0.000/ 0.000, Output=-0.002(-0.600/0.600), Volt=12.5(9.5)
GlobalTracer.printPidInfo_Info: [13.050] gyroTurnPidCtrl: Target=   0.0, Input=   2.4, Error=  -2.4, PIDTerms=-0.029/ 0.000/ 0.000/ 0.000, Output=-0.029(-0.700/0.700), Volt=12.5(9.5)
GlobalTracer.printPidInfo_Info: [13.108] encoderXPidCtrl: Target=   0.2, Input=   0.0, Error=   0.1, PIDTerms= 0.021/ 0.000/ 0.000/ 0.000, Output= 0.021(-0.700/0.700), Volt=12.5(9.5)
GlobalTracer.printPidInfo_Info: [13.108] encoderYPidCtrl: Target= 234.1, Input= 234.2, Error=  -0.1, PIDTerms=-0.002/ 0.000/ 0.000/ 0.000, Output=-0.002(-0.600/0.600), Volt=12.5(9.5)
GlobalTracer.printPidInfo_Info: [13.108] gyroTurnPidCtrl: Target=   0.0, Input=   2.4, Error=  -2.4, PIDTerms=-0.029/ 0.000/ 0.000/ 0.000, Output=-0.029(-0.700/0.700), Volt=12.5(9.5)
GlobalTracer.printPidInfo_Info: [13.170] encoderXPidCtrl: Target=   0.2, Input=   0.0, Error=   0.1, PIDTerms= 0.021/ 0.000/ 0.000/ 0.000, Output= 0.021(-0.700/0.700), Volt=12.5(9.5)
GlobalTracer.printPidInfo_Info: [13.170] encoderYPidCtrl: Target= 234.1, Input= 234.2, Error=  -0.1, PIDTerms=-0.002/ 0.000/ 0.000/ 0.000, Output=-0.002(-0.600/0.600), Volt=12.5(9.5)
GlobalTracer.printPidInfo_Info: [13.170] gyroTurnPidCtrl: Target=   0.0, Input=   2.4, Error=  -2.4, PIDTerms=-0.029/ 0.000/ 0.000/ 0.000, Output=-0.029(-0.700/0.700), Volt=12.5(9.5)
GlobalTracer.printPidInfo_Info: [13.232] encoderXPidCtrl: Target=   0.2, Input=   0.0, Error=   0.1, PIDTerms= 0.021/ 0.000/ 0.000/ 0.000, Output= 0.021(-0.700/0.700), Volt=12.5(9.5)
GlobalTracer.printPidInfo_Info: [13.232] encoderYPidCtrl: Target= 234.1, Input= 234.2, Error=  -0.1, PIDTerms=-0.002/ 0.000/ 0.000/ 0.000, Output=-0.002(-0.600/0.600), Volt=12.5(9.5)
GlobalTracer.printPidInfo_Info: [13.232] gyroTurnPidCtrl: Target=   0.0, Input=   2.4, Error=  -2.4, PIDTerms=-0.029/ 0.000/ 0.000/ 0.000, Output=-0.029(-0.700/0.700), Volt=12.5(9.5)
GlobalTracer.printPidInfo_Info: [13.292] encoderXPidCtrl: Target=   0.2, Input=   0.0, Error=   0.1, PIDTerms= 0.021/ 0.000/ 0.000/ 0.000, Output= 0.021(-0.700/0.700), Volt=12.5(9.5)
GlobalTracer.printPidInfo_Info: [13.292] encoderYPidCtrl: Target= 234.1, Input= 234.2, Error=  -0.1, PIDTerms=-0.002/ 0.000/ 0.000/ 0.000, Output=-0.002(-0.600/0.600), Volt=12.5(9.5)
GlobalTracer.printPidInfo_Info: [13.292] gyroTurnPidCtrl: Target=   0.0, Input=   2.4, Error=  -2.4, PIDTerms=-0.029/ 0.000/ 0.000/ 0.000, Output=-0.029(-0.700/0.700), Volt=12.5(9.5)
GlobalTracer.printPidInfo_Info: [13.351] encoderXPidCtrl: Target=   0.2, Input=   0.0, Error=   0.1, PIDTerms= 0.021/ 0.000/ 0.000/ 0.000, Output= 0.021(-0.700/0.700), Volt=12.4(9.5)
GlobalTracer.printPidInfo_Info: [13.351] encoderYPidCtrl: Target= 234.1, Input= 234.2, Error=  -0.1, PIDTerms=-0.002/ 0.000/ 0.000/ 0.000, Output=-0.002(-0.600/0.600), Volt=12.5(9.5)
GlobalTracer.printPidInfo_Info: [13.351] gyroTurnPidCtrl: Target=   0.0, Input=   2.4, Error=  -2.4, PIDTerms=-0.029/ 0.000/ 0.000/ 0.000, Output=-0.029(-0.700/0.700), Volt=12.5(9.5)
GlobalTracer.startCompetition_Warn: AUTO_MODE takes too long (0.113s)

GlobalTracer.printPidInfo_Info: [13.466] encoderXPidCtrl: Target=   0.2, Input=   0.0, Error=   0.1, PIDTerms= 0.021/ 0.000/ 0.000/ 0.000, Output= 0.021(-0.700/0.700), Volt=12.5(9.5)
GlobalTracer.printPidInfo_Info: [13.466] encoderYPidCtrl: Target= 234.1, Input= 234.2, Error=  -0.1, PIDTerms=-0.002/ 0.000/ 0.000/ 0.000, Output=-0.002(-0.600/0.600), Volt=12.5(9.5)
GlobalTracer.printPidInfo_Info: [13.466] gyroTurnPidCtrl: Target=   0.0, Input=   2.4, Error=  -2.4, PIDTerms=-0.029/ 0.000/ 0.000/ 0.000, Output=-0.029(-0.700/0.700), Volt=12.5(9.5)
GlobalTracer.startCompetition_Warn: AUTO_MODE takes too long (0.150s)

GlobalTracer.printPidInfo_Info: [13.618] encoderXPidCtrl: Target=   0.2, Input=   0.0, Error=   0.1, PIDTerms= 0.021/ 0.000/ 0.000/ 0.000, Output= 0.021(-0.700/0.700), Volt=12.5(9.5)
GlobalTracer.printPidInfo_Info: [13.618] encoderYPidCtrl: Target= 234.1, Input= 234.2, Error=  -0.1, PIDTerms=-0.002/ 0.000/ 0.000/ 0.000, Output=-0.002(-0.600/0.600), Volt=12.5(9.5)
GlobalTracer.printPidInfo_Info: [13.618] gyroTurnPidCtrl: Target=   0.0, Input=   2.4, Error=  -2.4, PIDTerms=-0.029/ 0.000/ 0.000/ 0.000, Output=-0.029(-0.700/0.700), Volt=12.5(9.5)
GlobalTracer.startCompetition_Warn: AUTO_MODE takes too long (0.158s)

GlobalTracer.printPidInfo_Info: [13.778] encoderXPidCtrl: Target=   0.2, Input=   0.0, Error=   0.1, PIDTerms= 0.021/ 0.000/ 0.000/ 0.000, Output= 0.021(-0.700/0.700), Volt=12.5(9.5)
GlobalTracer.printPidInfo_Info: [13.778] encoderYPidCtrl: Target= 234.1, Input= 234.2, Error=  -0.1, PIDTerms=-0.002/ 0.000/ 0.000/ 0.000, Output=-0.002(-0.600/0.600), Volt=12.5(9.5)
GlobalTracer.printPidInfo_Info: [13.778] gyroTurnPidCtrl: Target=   0.0, Input=   2.4, Error=  -2.4, PIDTerms=-0.029/ 0.000/ 0.000/ 0.000, Output=-0.029(-0.700/0.700), Volt=12.5(9.5)
GlobalTracer.startCompetition_Warn: AUTO_MODE takes too long (0.155s)

GlobalTracer.printPidInfo_Info: [13.936] encoderXPidCtrl: Target=   0.2, Input=   0.0, Error=   0.1, PIDTerms= 0.021/ 0.000/ 0.000/ 0.000, Output= 0.021(-0.700/0.700), Volt=12.5(9.5)
GlobalTracer.printPidInfo_Info: [13.936] encoderYPidCtrl: Target= 234.1, Input= 234.2, Error=  -0.1, PIDTerms=-0.002/ 0.000/ 0.000/ 0.000, Output=-0.002(-0.600/0.600), Volt=12.5(9.5)
GlobalTracer.printPidInfo_Info: [13.936] gyroTurnPidCtrl: Target=   0.0, Input=   2.4, Error=  -2.4, PIDTerms=-0.029/ 0.000/-0.000/ 0.000, Output=-0.029(-0.700/0.700), Volt=12.5(9.5)
GlobalTracer.startCompetition_Warn: AUTO_MODE takes too long (0.169s)

GlobalTracer.printPidInfo_Info: [14.107] encoderXPidCtrl: Target=   0.2, Input=   0.0, Error=   0.1, PIDTerms= 0.021/ 0.000/ 0.000/ 0.000, Output= 0.021(-0.700/0.700), Volt=12.5(9.5)
GlobalTracer.printPidInfo_Info: [14.107] encoderYPidCtrl: Target= 234.1, Input= 234.2, Error=  -0.1, PIDTerms=-0.002/ 0.000/ 0.000/ 0.000, Output=-0.002(-0.600/0.600), Volt=12.5(9.5)
GlobalTracer.printPidInfo_Info: [14.107] gyroTurnPidCtrl: Target=   0.0, Input=   2.4, Error=  -2.4, PIDTerms=-0.029/ 0.000/ 0.000/ 0.000, Output=-0.029(-0.700/0.700), Volt=12.5(9.5)
GlobalTracer.startCompetition_Warn: AUTO_MODE takes too long (0.145s)

GlobalTracer.printPidInfo_Info: [14.254] encoderXPidCtrl: Target=   0.2, Input=   0.0, Error=   0.1, PIDTerms= 0.021/ 0.000/ 0.000/ 0.000, Output= 0.021(-0.700/0.700), Volt=12.5(9.5)
GlobalTracer.printPidInfo_Info: [14.254] encoderYPidCtrl: Target= 234.1, Input= 234.2, Error=  -0.1, PIDTerms=-0.002/ 0.000/ 0.000/ 0.000, Output=-0.002(-0.600/0.600), Volt=12.5(9.5)
GlobalTracer.printPidInfo_Info: [14.254] gyroTurnPidCtrl: Target=   0.0, Input=   2.4, Error=  -2.4, PIDTerms=-0.029/ 0.000/ 0.000/ 0.000, Output=-0.029(-0.700/0.700), Volt=12.5(9.5)
GlobalTracer.startCompetition_Warn: AUTO_MODE takes too long (0.133s)

GlobalTracer.printPidInfo_Info: [14.388] encoderXPidCtrl: Target=   0.2, Input=   0.0, Error=   0.1, PIDTerms= 0.021/ 0.000/ 0.000/ 0.000, Output= 0.021(-0.700/0.700), Volt=12.5(9.5)
GlobalTracer.printPidInfo_Info: [14.388] encoderYPidCtrl: Target= 234.1, Input= 234.2, Error=  -0.1, PIDTerms=-0.002/ 0.000/ 0.000/ 0.000, Output=-0.002(-0.600/0.600), Volt=12.5(9.5)
GlobalTracer.printPidInfo_Info: [14.388] gyroTurnPidCtrl: Target=   0.0, Input=   2.4, Error=  -2.4, PIDTerms=-0.029/ 0.000/ 0.000/ 0.000, Output=-0.029(-0.700/0.700), Volt=12.5(9.5)
GlobalTracer.startCompetition_Warn: AUTO_MODE takes too long (0.159s)

GlobalTracer.printPidInfo_Info: [14.549] encoderXPidCtrl: Target=   0.2, Input=   0.0, Error=   0.1, PIDTerms= 0.021/ 0.000/ 0.000/ 0.000, Output= 0.021(-0.700/0.700), Volt=12.4(9.5)
GlobalTracer.printPidInfo_Info: [14.549] encoderYPidCtrl: Target= 234.1, Input= 234.2, Error=  -0.1, PIDTerms=-0.002/ 0.000/ 0.000/ 0.000, Output=-0.002(-0.600/0.600), Volt=12.4(9.5)
GlobalTracer.printPidInfo_Info: [14.549] gyroTurnPidCtrl: Target=   0.0, Input=   2.4, Error=  -2.4, PIDTerms=-0.029/ 0.000/ 0.000/ 0.000, Output=-0.029(-0.700/0.700), Volt=12.4(9.5)
GlobalTracer.startCompetition_Warn: AUTO_MODE takes too long (0.124s)

GlobalTracer.printPidInfo_Info: [14.675] encoderXPidCtrl: Target=   0.2, Input=   0.0, Error=   0.1, PIDTerms= 0.021/ 0.000/ 0.000/ 0.000, Output= 0.021(-0.700/0.700), Volt=12.5(9.5)
GlobalTracer.printPidInfo_Info: [14.675] encoderYPidCtrl: Target= 234.1, Input= 234.2, Error=  -0.1, PIDTerms=-0.002/ 0.000/ 0.000/ 0.000, Output=-0.002(-0.600/0.600), Volt=12.5(9.5)
GlobalTracer.printPidInfo_Info: [14.675] gyroTurnPidCtrl: Target=   0.0, Input=   2.4, Error=  -2.4, PIDTerms=-0.029/ 0.000/ 0.000/ 0.000, Output=-0.029(-0.700/0.700), Volt=12.5(9.5)
GlobalTracer.printPidInfo_Info: [14.768] encoderXPidCtrl: Target=   0.2, Input=   0.0, Error=   0.1, PIDTerms= 0.021/ 0.000/ 0.000/ 0.000, Output= 0.021(-0.700/0.700), Volt=12.5(9.5)
GlobalTracer.printPidInfo_Info: [14.768] encoderYPidCtrl: Target= 234.1, Input= 234.2, Error=  -0.1, PIDTerms=-0.002/ 0.000/ 0.000/ 0.000, Output=-0.002(-0.600/0.600), Volt=12.5(9.5)
GlobalTracer.printPidInfo_Info: [14.768] gyroTurnPidCtrl: Target=   0.0, Input=   2.4, Error=  -2.4, PIDTerms=-0.029/ 0.000/ 0.000/ 0.000, Output=-0.029(-0.700/0.700), Volt=12.5(9.5)
GlobalTracer.printPidInfo_Info: [14.811] encoderXPidCtrl: Target=   0.2, Input=   0.0, Error=   0.1, PIDTerms= 0.021/ 0.000/ 0.000/ 0.000, Output= 0.021(-0.700/0.700), Volt=12.5(9.5)
GlobalTracer.printPidInfo_Info: [14.811] encoderYPidCtrl: Target= 234.1, Input= 234.2, Error=  -0.1, PIDTerms=-0.002/ 0.000/ 0.000/ 0.000, Output=-0.002(-0.600/0.600), Volt=12.5(9.5)
GlobalTracer.printPidInfo_Info: [14.811] gyroTurnPidCtrl: Target=   0.0, Input=   2.4, Error=  -2.4, PIDTerms=-0.029/ 0.000/ 0.000/ 0.000, Output=-0.029(-0.700/0.700), Volt=12.5(9.5)
GlobalTracer.printPidInfo_Info: [14.880] encoderXPidCtrl: Target=   0.2, Input=   0.0, Error=   0.1, PIDTerms= 0.021/ 0.000/ 0.000/ 0.000, Output= 0.021(-0.700/0.700), Volt=12.5(9.5)
GlobalTracer.printPidInfo_Info: [14.880] encoderYPidCtrl: Target= 234.1, Input= 234.2, Error=  -0.1, PIDTerms=-0.002/ 0.000/ 0.000/ 0.000, Output=-0.002(-0.600/0.600), Volt=12.5(9.5)
GlobalTracer.printPidInfo_Info: [14.880] gyroTurnPidCtrl: Target=   0.0, Input=   2.4, Error=  -2.4, PIDTerms=-0.029/ 0.000/ 0.000/ 0.000, Output=-0.029(-0.700/0.700), Volt=12.5(9.5)
GlobalTracer.printPidInfo_Info: [14.937] encoderXPidCtrl: Target=   0.2, Input=   0.0, Error=   0.1, PIDTerms= 0.021/ 0.000/ 0.000/ 0.000, Output= 0.021(-0.700/0.700), Volt=12.5(9.5)
GlobalTracer.printPidInfo_Info: [14.937] encoderYPidCtrl: Target= 234.1, Input= 234.2, Error=  -0.1, PIDTerms=-0.002/ 0.000/ 0.000/ 0.000, Output=-0.002(-0.600/0.600), Volt=12.5(9.5)
GlobalTracer.printPidInfo_Info: [14.937] gyroTurnPidCtrl: Target=   0.0, Input=   2.4, Error=  -2.4, PIDTerms=-0.029/ 0.000/ 0.000/ 0.000, Output=-0.029(-0.700/0.700), Volt=12.5(9.5)
GlobalTracer.printPidInfo_Info: [14.991] encoderXPidCtrl: Target=   0.2, Input=   0.0, Error=   0.1, PIDTerms= 0.021/ 0.000/ 0.000/ 0.000, Output= 0.021(-0.700/0.700), Volt=12.5(9.5)
GlobalTracer.printPidInfo_Info: [14.991] encoderYPidCtrl: Target= 234.1, Input= 234.2, Error=  -0.1, PIDTerms=-0.002/ 0.000/ 0.000/ 0.000, Output=-0.002(-0.600/0.600), Volt=12.5(9.5)
GlobalTracer.printPidInfo_Info: [14.991] gyroTurnPidCtrl: Target=   0.0, Input=   2.4, Error=  -2.4, PIDTerms=-0.029/ 0.000/ 0.000/ 0.000, Output=-0.029(-0.700/0.700), Volt=12.5(9.5)
GlobalTracer.printPidInfo_Info: [15.044] encoderXPidCtrl: Target=   0.2, Input=   0.0, Error=   0.1, PIDTerms= 0.021/ 0.000/ 0.000/ 0.000, Output= 0.021(-0.700/0.700), Volt=12.5(9.5)
GlobalTracer.printPidInfo_Info: [15.044] encoderYPidCtrl: Target= 234.1, Input= 234.2, Error=  -0.1, PIDTerms=-0.002/ 0.000/ 0.000/ 0.000, Output=-0.002(-0.600/0.600), Volt=12.5(9.5)
GlobalTracer.printPidInfo_Info: [15.044] gyroTurnPidCtrl: Target=   0.0, Input=   2.4, Error=  -2.4, PIDTerms=-0.029/ 0.000/ 0.000/ 0.000, Output=-0.029(-0.700/0.700), Volt=12.5(9.5)
GlobalTracer.printPidInfo_Info: [15.104] encoderXPidCtrl: Target=   0.2, Input=   0.0, Error=   0.1, PIDTerms= 0.021/ 0.000/ 0.000/ 0.000, Output= 0.021(-0.700/0.700), Volt=12.6(9.5)
GlobalTracer.printPidInfo_Info: [15.104] encoderYPidCtrl: Target= 234.1, Input= 234.2, Error=  -0.1, PIDTerms=-0.002/ 0.000/ 0.000/ 0.000, Output=-0.002(-0.600/0.600), Volt=12.6(9.5)
GlobalTracer.printPidInfo_Info: [15.104] gyroTurnPidCtrl: Target=   0.0, Input=   2.4, Error=  -2.4, PIDTerms=-0.029/ 0.000/ 0.000/ 0.000, Output=-0.029(-0.700/0.700), Volt=12.6(9.5)
GlobalTracer.printPidInfo_Info: [15.154] encoderXPidCtrl: Target=   0.2, Input=   0.0, Error=   0.1, PIDTerms= 0.021/ 0.000/ 0.000/ 0.000, Output= 0.021(-0.700/0.700), Volt=12.5(9.5)
GlobalTracer.printPidInfo_Info: [15.154] encoderYPidCtrl: Target= 234.1, Input= 234.2, Error=  -0.1, PIDTerms=-0.002/ 0.000/ 0.000/ 0.000, Output=-0.002(-0.600/0.600), Volt=12.5(9.5)
GlobalTracer.printPidInfo_Info: [15.154] gyroTurnPidCtrl: Target=   0.0, Input=   2.4, Error=  -2.4, PIDTerms=-0.029/ 0.000/ 0.000/ 0.000, Output=-0.029(-0.700/0.700), Volt=12.5(9.5)
GlobalTracer.printPidInfo_Info: [15.233] encoderXPidCtrl: Target=   0.2, Input=   0.0, Error=   0.1, PIDTerms= 0.021/ 0.000/ 0.000/ 0.000, Output= 0.021(-0.700/0.700), Volt=12.5(9.5)
GlobalTracer.printPidInfo_Info: [15.233] encoderYPidCtrl: Target= 234.1, Input= 234.2, Error=  -0.1, PIDTerms=-0.002/ 0.000/ 0.000/ 0.000, Output=-0.002(-0.600/0.600), Volt=12.5(9.5)
GlobalTracer.printPidInfo_Info: [15.233] gyroTurnPidCtrl: Target=   0.0, Input=   2.4, Error=  -2.4, PIDTerms=-0.029/ 0.000/ 0.000/ 0.000, Output=-0.029(-0.700/0.700), Volt=12.5(9.5)
GlobalTracer.printPidInfo_Info: [15.305] encoderXPidCtrl: Target=   0.2, Input=   0.0, Error=   0.1, PIDTerms= 0.021/ 0.000/ 0.000/ 0.000, Output= 0.021(-0.700/0.700), Volt=12.5(9.5)
GlobalTracer.printPidInfo_Info: [15.305] encoderYPidCtrl: Target= 234.1, Input= 234.2, Error=  -0.1, PIDTerms=-0.002/ 0.000/ 0.000/ 0.000, Output=-0.002(-0.600/0.600), Volt=12.5(9.5)
GlobalTracer.printPidInfo_Info: [15.305] gyroTurnPidCtrl: Target=   0.0, Input=   2.4, Error=  -2.4, PIDTerms=-0.029/ 0.000/ 0.000/ 0.000, Output=-0.029(-0.700/0.700), Volt=12.5(9.5)
GlobalTracer.Diagnostics_Info: ### Diagnostics: left sonar did not change enough and might be unplugged
GlobalTracer.Diagnostics_Info: ### Diagnostics: right sonar did not change enough and might be unplugged
GlobalTracer.Diagnostics_Info: ### Diagnostics: elevator lower limit switch never changed states / might be unplugged
GlobalTracer.Diagnostics_Info: ### Diagnostics: grabber cube proximity sensor never changed states / might be unplugged
GlobalTracer.Diagnostics_Info: ### Diagnostics: elevator did not move enough - encoder might be unplugged
GlobalTracer.Vision_Info: Pixy is disabled!
GlobalTracer.Robot_Info: TotalEnergy=0.772
